[2025-06-17T05:01:29.118+0000] {processor.py:186} INFO - Started process (PID=97) to work on /home/airflow/.local/lib/python3.12/site-packages/airflow/example_dags/example_dag_decorator.py
[2025-06-17T05:01:29.118+0000] {processor.py:914} INFO - Processing file /home/airflow/.local/lib/python3.12/site-packages/airflow/example_dags/example_dag_decorator.py for tasks to queue
[2025-06-17T05:01:29.120+0000] {logging_mixin.py:190} INFO - [2025-06-17T05:01:29.119+0000] {dagbag.py:588} INFO - Filling up the DagBag from /home/airflow/.local/lib/python3.12/site-packages/airflow/example_dags/example_dag_decorator.py
[2025-06-17T05:01:29.451+0000] {processor.py:925} INFO - DAG(s) 'example_dag_decorator' retrieved from /home/airflow/.local/lib/python3.12/site-packages/airflow/example_dags/example_dag_decorator.py
[2025-06-17T05:01:29.533+0000] {logging_mixin.py:190} INFO - [2025-06-17T05:01:29.532+0000] {override.py:1912} INFO - Created Permission View: can read on DAG:example_dag_decorator
[2025-06-17T05:01:29.541+0000] {logging_mixin.py:190} INFO - [2025-06-17T05:01:29.541+0000] {override.py:1912} INFO - Created Permission View: can edit on DAG:example_dag_decorator
[2025-06-17T05:01:29.547+0000] {logging_mixin.py:190} INFO - [2025-06-17T05:01:29.547+0000] {override.py:1912} INFO - Created Permission View: can delete on DAG:example_dag_decorator
[2025-06-17T05:01:29.556+0000] {logging_mixin.py:190} INFO - [2025-06-17T05:01:29.556+0000] {override.py:1912} INFO - Created Permission View: menu access on DAG Run:example_dag_decorator
[2025-06-17T05:01:29.563+0000] {logging_mixin.py:190} INFO - [2025-06-17T05:01:29.562+0000] {override.py:1912} INFO - Created Permission View: can create on DAG Run:example_dag_decorator
[2025-06-17T05:01:29.568+0000] {logging_mixin.py:190} INFO - [2025-06-17T05:01:29.568+0000] {override.py:1912} INFO - Created Permission View: can read on DAG Run:example_dag_decorator
[2025-06-17T05:01:29.575+0000] {logging_mixin.py:190} INFO - [2025-06-17T05:01:29.575+0000] {override.py:1912} INFO - Created Permission View: can delete on DAG Run:example_dag_decorator
[2025-06-17T05:01:29.576+0000] {logging_mixin.py:190} INFO - [2025-06-17T05:01:29.576+0000] {dag.py:3239} INFO - Sync 1 DAGs
[2025-06-17T05:01:29.586+0000] {logging_mixin.py:190} INFO - [2025-06-17T05:01:29.586+0000] {dag.py:3262} INFO - Creating ORM DAG for example_dag_decorator
[2025-06-17T05:01:29.587+0000] {logging_mixin.py:190} INFO - [2025-06-17T05:01:29.586+0000] {dag.py:4180} INFO - Setting next_dagrun for example_dag_decorator to None, run_after=None
[2025-06-17T05:01:29.605+0000] {processor.py:208} INFO - Processing /home/airflow/.local/lib/python3.12/site-packages/airflow/example_dags/example_dag_decorator.py took 0.492 seconds
[2025-06-17T05:01:59.721+0000] {processor.py:186} INFO - Started process (PID=159) to work on /home/airflow/.local/lib/python3.12/site-packages/airflow/example_dags/example_dag_decorator.py
[2025-06-17T05:01:59.721+0000] {processor.py:914} INFO - Processing file /home/airflow/.local/lib/python3.12/site-packages/airflow/example_dags/example_dag_decorator.py for tasks to queue
[2025-06-17T05:01:59.722+0000] {logging_mixin.py:190} INFO - [2025-06-17T05:01:59.722+0000] {dagbag.py:588} INFO - Filling up the DagBag from /home/airflow/.local/lib/python3.12/site-packages/airflow/example_dags/example_dag_decorator.py
[2025-06-17T05:01:59.795+0000] {processor.py:925} INFO - DAG(s) 'example_dag_decorator' retrieved from /home/airflow/.local/lib/python3.12/site-packages/airflow/example_dags/example_dag_decorator.py
[2025-06-17T05:01:59.814+0000] {logging_mixin.py:190} INFO - [2025-06-17T05:01:59.814+0000] {dag.py:3239} INFO - Sync 1 DAGs
[2025-06-17T05:01:59.826+0000] {logging_mixin.py:190} INFO - [2025-06-17T05:01:59.825+0000] {dag.py:4180} INFO - Setting next_dagrun for example_dag_decorator to None, run_after=None
[2025-06-17T05:01:59.841+0000] {processor.py:208} INFO - Processing /home/airflow/.local/lib/python3.12/site-packages/airflow/example_dags/example_dag_decorator.py took 0.124 seconds
[2025-06-17T05:02:30.578+0000] {processor.py:186} INFO - Started process (PID=222) to work on /home/airflow/.local/lib/python3.12/site-packages/airflow/example_dags/example_dag_decorator.py
[2025-06-17T05:02:30.578+0000] {processor.py:914} INFO - Processing file /home/airflow/.local/lib/python3.12/site-packages/airflow/example_dags/example_dag_decorator.py for tasks to queue
[2025-06-17T05:02:30.580+0000] {logging_mixin.py:190} INFO - [2025-06-17T05:02:30.579+0000] {dagbag.py:588} INFO - Filling up the DagBag from /home/airflow/.local/lib/python3.12/site-packages/airflow/example_dags/example_dag_decorator.py
[2025-06-17T05:02:30.661+0000] {processor.py:925} INFO - DAG(s) 'example_dag_decorator' retrieved from /home/airflow/.local/lib/python3.12/site-packages/airflow/example_dags/example_dag_decorator.py
[2025-06-17T05:02:30.686+0000] {logging_mixin.py:190} INFO - [2025-06-17T05:02:30.686+0000] {dag.py:3239} INFO - Sync 1 DAGs
[2025-06-17T05:02:30.698+0000] {logging_mixin.py:190} INFO - [2025-06-17T05:02:30.698+0000] {dag.py:4180} INFO - Setting next_dagrun for example_dag_decorator to None, run_after=None
[2025-06-17T05:02:30.712+0000] {processor.py:208} INFO - Processing /home/airflow/.local/lib/python3.12/site-packages/airflow/example_dags/example_dag_decorator.py took 0.138 seconds
[2025-06-17T05:06:07.342+0000] {processor.py:186} INFO - Started process (PID=99) to work on /home/airflow/.local/lib/python3.12/site-packages/airflow/example_dags/example_dag_decorator.py
[2025-06-17T05:06:07.342+0000] {processor.py:914} INFO - Processing file /home/airflow/.local/lib/python3.12/site-packages/airflow/example_dags/example_dag_decorator.py for tasks to queue
[2025-06-17T05:06:07.343+0000] {logging_mixin.py:190} INFO - [2025-06-17T05:06:07.343+0000] {dagbag.py:588} INFO - Filling up the DagBag from /home/airflow/.local/lib/python3.12/site-packages/airflow/example_dags/example_dag_decorator.py
[2025-06-17T05:06:07.650+0000] {processor.py:925} INFO - DAG(s) 'example_dag_decorator' retrieved from /home/airflow/.local/lib/python3.12/site-packages/airflow/example_dags/example_dag_decorator.py
[2025-06-17T05:06:07.744+0000] {logging_mixin.py:190} INFO - [2025-06-17T05:06:07.744+0000] {dag.py:3239} INFO - Sync 1 DAGs
[2025-06-17T05:06:07.758+0000] {logging_mixin.py:190} INFO - [2025-06-17T05:06:07.758+0000] {dag.py:4180} INFO - Setting next_dagrun for example_dag_decorator to None, run_after=None
[2025-06-17T05:06:07.775+0000] {processor.py:208} INFO - Processing /home/airflow/.local/lib/python3.12/site-packages/airflow/example_dags/example_dag_decorator.py took 0.438 seconds
[2025-06-17T05:06:38.477+0000] {processor.py:186} INFO - Started process (PID=162) to work on /home/airflow/.local/lib/python3.12/site-packages/airflow/example_dags/example_dag_decorator.py
[2025-06-17T05:06:38.477+0000] {processor.py:914} INFO - Processing file /home/airflow/.local/lib/python3.12/site-packages/airflow/example_dags/example_dag_decorator.py for tasks to queue
[2025-06-17T05:06:38.478+0000] {logging_mixin.py:190} INFO - [2025-06-17T05:06:38.478+0000] {dagbag.py:588} INFO - Filling up the DagBag from /home/airflow/.local/lib/python3.12/site-packages/airflow/example_dags/example_dag_decorator.py
[2025-06-17T05:06:38.552+0000] {processor.py:925} INFO - DAG(s) 'example_dag_decorator' retrieved from /home/airflow/.local/lib/python3.12/site-packages/airflow/example_dags/example_dag_decorator.py
[2025-06-17T05:06:38.634+0000] {logging_mixin.py:190} INFO - [2025-06-17T05:06:38.634+0000] {dag.py:3239} INFO - Sync 1 DAGs
[2025-06-17T05:06:38.644+0000] {logging_mixin.py:190} INFO - [2025-06-17T05:06:38.644+0000] {dag.py:4180} INFO - Setting next_dagrun for example_dag_decorator to None, run_after=None
[2025-06-17T05:06:38.666+0000] {processor.py:208} INFO - Processing /home/airflow/.local/lib/python3.12/site-packages/airflow/example_dags/example_dag_decorator.py took 0.193 seconds
[2025-06-17T05:09:02.070+0000] {processor.py:186} INFO - Started process (PID=97) to work on /home/airflow/.local/lib/python3.12/site-packages/airflow/example_dags/example_dag_decorator.py
[2025-06-17T05:09:02.070+0000] {processor.py:914} INFO - Processing file /home/airflow/.local/lib/python3.12/site-packages/airflow/example_dags/example_dag_decorator.py for tasks to queue
[2025-06-17T05:09:02.071+0000] {logging_mixin.py:190} INFO - [2025-06-17T05:09:02.071+0000] {dagbag.py:588} INFO - Filling up the DagBag from /home/airflow/.local/lib/python3.12/site-packages/airflow/example_dags/example_dag_decorator.py
[2025-06-17T05:09:02.363+0000] {processor.py:925} INFO - DAG(s) 'example_dag_decorator' retrieved from /home/airflow/.local/lib/python3.12/site-packages/airflow/example_dags/example_dag_decorator.py
[2025-06-17T05:09:02.449+0000] {logging_mixin.py:190} INFO - [2025-06-17T05:09:02.449+0000] {dag.py:3239} INFO - Sync 1 DAGs
[2025-06-17T05:09:02.461+0000] {logging_mixin.py:190} INFO - [2025-06-17T05:09:02.460+0000] {dag.py:4180} INFO - Setting next_dagrun for example_dag_decorator to None, run_after=None
[2025-06-17T05:09:02.481+0000] {processor.py:208} INFO - Processing /home/airflow/.local/lib/python3.12/site-packages/airflow/example_dags/example_dag_decorator.py took 0.416 seconds
[2025-06-17T05:09:32.710+0000] {processor.py:186} INFO - Started process (PID=160) to work on /home/airflow/.local/lib/python3.12/site-packages/airflow/example_dags/example_dag_decorator.py
[2025-06-17T05:09:32.711+0000] {processor.py:914} INFO - Processing file /home/airflow/.local/lib/python3.12/site-packages/airflow/example_dags/example_dag_decorator.py for tasks to queue
[2025-06-17T05:09:32.712+0000] {logging_mixin.py:190} INFO - [2025-06-17T05:09:32.712+0000] {dagbag.py:588} INFO - Filling up the DagBag from /home/airflow/.local/lib/python3.12/site-packages/airflow/example_dags/example_dag_decorator.py
[2025-06-17T05:09:32.782+0000] {processor.py:925} INFO - DAG(s) 'example_dag_decorator' retrieved from /home/airflow/.local/lib/python3.12/site-packages/airflow/example_dags/example_dag_decorator.py
[2025-06-17T05:09:32.865+0000] {logging_mixin.py:190} INFO - [2025-06-17T05:09:32.865+0000] {dag.py:3239} INFO - Sync 1 DAGs
[2025-06-17T05:09:32.874+0000] {logging_mixin.py:190} INFO - [2025-06-17T05:09:32.874+0000] {dag.py:4180} INFO - Setting next_dagrun for example_dag_decorator to None, run_after=None
[2025-06-17T05:09:32.898+0000] {processor.py:208} INFO - Processing /home/airflow/.local/lib/python3.12/site-packages/airflow/example_dags/example_dag_decorator.py took 0.192 seconds
[2025-06-17T05:10:02.925+0000] {processor.py:186} INFO - Started process (PID=222) to work on /home/airflow/.local/lib/python3.12/site-packages/airflow/example_dags/example_dag_decorator.py
[2025-06-17T05:10:02.926+0000] {processor.py:914} INFO - Processing file /home/airflow/.local/lib/python3.12/site-packages/airflow/example_dags/example_dag_decorator.py for tasks to queue
[2025-06-17T05:10:02.927+0000] {logging_mixin.py:190} INFO - [2025-06-17T05:10:02.926+0000] {dagbag.py:588} INFO - Filling up the DagBag from /home/airflow/.local/lib/python3.12/site-packages/airflow/example_dags/example_dag_decorator.py
[2025-06-17T05:10:03.004+0000] {processor.py:925} INFO - DAG(s) 'example_dag_decorator' retrieved from /home/airflow/.local/lib/python3.12/site-packages/airflow/example_dags/example_dag_decorator.py
[2025-06-17T05:10:03.095+0000] {logging_mixin.py:190} INFO - [2025-06-17T05:10:03.095+0000] {dag.py:3239} INFO - Sync 1 DAGs
[2025-06-17T05:10:03.104+0000] {logging_mixin.py:190} INFO - [2025-06-17T05:10:03.104+0000] {dag.py:4180} INFO - Setting next_dagrun for example_dag_decorator to None, run_after=None
[2025-06-17T05:10:03.118+0000] {processor.py:208} INFO - Processing /home/airflow/.local/lib/python3.12/site-packages/airflow/example_dags/example_dag_decorator.py took 0.198 seconds
[2025-06-17T05:10:34.320+0000] {processor.py:186} INFO - Started process (PID=285) to work on /home/airflow/.local/lib/python3.12/site-packages/airflow/example_dags/example_dag_decorator.py
[2025-06-17T05:10:34.321+0000] {processor.py:914} INFO - Processing file /home/airflow/.local/lib/python3.12/site-packages/airflow/example_dags/example_dag_decorator.py for tasks to queue
[2025-06-17T05:10:34.322+0000] {logging_mixin.py:190} INFO - [2025-06-17T05:10:34.321+0000] {dagbag.py:588} INFO - Filling up the DagBag from /home/airflow/.local/lib/python3.12/site-packages/airflow/example_dags/example_dag_decorator.py
[2025-06-17T05:10:34.394+0000] {processor.py:925} INFO - DAG(s) 'example_dag_decorator' retrieved from /home/airflow/.local/lib/python3.12/site-packages/airflow/example_dags/example_dag_decorator.py
[2025-06-17T05:10:34.482+0000] {logging_mixin.py:190} INFO - [2025-06-17T05:10:34.481+0000] {dag.py:3239} INFO - Sync 1 DAGs
[2025-06-17T05:10:34.494+0000] {logging_mixin.py:190} INFO - [2025-06-17T05:10:34.494+0000] {dag.py:4180} INFO - Setting next_dagrun for example_dag_decorator to None, run_after=None
[2025-06-17T05:10:34.509+0000] {processor.py:208} INFO - Processing /home/airflow/.local/lib/python3.12/site-packages/airflow/example_dags/example_dag_decorator.py took 0.193 seconds
[2025-06-17T05:11:04.835+0000] {processor.py:186} INFO - Started process (PID=348) to work on /home/airflow/.local/lib/python3.12/site-packages/airflow/example_dags/example_dag_decorator.py
[2025-06-17T05:11:04.835+0000] {processor.py:914} INFO - Processing file /home/airflow/.local/lib/python3.12/site-packages/airflow/example_dags/example_dag_decorator.py for tasks to queue
[2025-06-17T05:11:04.836+0000] {logging_mixin.py:190} INFO - [2025-06-17T05:11:04.836+0000] {dagbag.py:588} INFO - Filling up the DagBag from /home/airflow/.local/lib/python3.12/site-packages/airflow/example_dags/example_dag_decorator.py
[2025-06-17T05:11:04.905+0000] {processor.py:925} INFO - DAG(s) 'example_dag_decorator' retrieved from /home/airflow/.local/lib/python3.12/site-packages/airflow/example_dags/example_dag_decorator.py
[2025-06-17T05:11:04.988+0000] {logging_mixin.py:190} INFO - [2025-06-17T05:11:04.988+0000] {dag.py:3239} INFO - Sync 1 DAGs
[2025-06-17T05:11:04.998+0000] {logging_mixin.py:190} INFO - [2025-06-17T05:11:04.998+0000] {dag.py:4180} INFO - Setting next_dagrun for example_dag_decorator to None, run_after=None
[2025-06-17T05:11:05.016+0000] {processor.py:208} INFO - Processing /home/airflow/.local/lib/python3.12/site-packages/airflow/example_dags/example_dag_decorator.py took 0.185 seconds
[2025-06-17T05:11:35.644+0000] {processor.py:186} INFO - Started process (PID=411) to work on /home/airflow/.local/lib/python3.12/site-packages/airflow/example_dags/example_dag_decorator.py
[2025-06-17T05:11:35.644+0000] {processor.py:914} INFO - Processing file /home/airflow/.local/lib/python3.12/site-packages/airflow/example_dags/example_dag_decorator.py for tasks to queue
[2025-06-17T05:11:35.645+0000] {logging_mixin.py:190} INFO - [2025-06-17T05:11:35.645+0000] {dagbag.py:588} INFO - Filling up the DagBag from /home/airflow/.local/lib/python3.12/site-packages/airflow/example_dags/example_dag_decorator.py
[2025-06-17T05:11:35.713+0000] {processor.py:925} INFO - DAG(s) 'example_dag_decorator' retrieved from /home/airflow/.local/lib/python3.12/site-packages/airflow/example_dags/example_dag_decorator.py
[2025-06-17T05:11:35.792+0000] {logging_mixin.py:190} INFO - [2025-06-17T05:11:35.792+0000] {dag.py:3239} INFO - Sync 1 DAGs
[2025-06-17T05:11:35.802+0000] {logging_mixin.py:190} INFO - [2025-06-17T05:11:35.802+0000] {dag.py:4180} INFO - Setting next_dagrun for example_dag_decorator to None, run_after=None
[2025-06-17T05:11:35.819+0000] {processor.py:208} INFO - Processing /home/airflow/.local/lib/python3.12/site-packages/airflow/example_dags/example_dag_decorator.py took 0.179 seconds
[2025-06-17T05:12:06.603+0000] {processor.py:186} INFO - Started process (PID=474) to work on /home/airflow/.local/lib/python3.12/site-packages/airflow/example_dags/example_dag_decorator.py
[2025-06-17T05:12:06.604+0000] {processor.py:914} INFO - Processing file /home/airflow/.local/lib/python3.12/site-packages/airflow/example_dags/example_dag_decorator.py for tasks to queue
[2025-06-17T05:12:06.604+0000] {logging_mixin.py:190} INFO - [2025-06-17T05:12:06.604+0000] {dagbag.py:588} INFO - Filling up the DagBag from /home/airflow/.local/lib/python3.12/site-packages/airflow/example_dags/example_dag_decorator.py
[2025-06-17T05:12:06.674+0000] {processor.py:925} INFO - DAG(s) 'example_dag_decorator' retrieved from /home/airflow/.local/lib/python3.12/site-packages/airflow/example_dags/example_dag_decorator.py
[2025-06-17T05:12:06.761+0000] {logging_mixin.py:190} INFO - [2025-06-17T05:12:06.761+0000] {dag.py:3239} INFO - Sync 1 DAGs
[2025-06-17T05:12:06.771+0000] {logging_mixin.py:190} INFO - [2025-06-17T05:12:06.771+0000] {dag.py:4180} INFO - Setting next_dagrun for example_dag_decorator to None, run_after=None
[2025-06-17T05:12:06.785+0000] {processor.py:208} INFO - Processing /home/airflow/.local/lib/python3.12/site-packages/airflow/example_dags/example_dag_decorator.py took 0.186 seconds
[2025-06-17T05:12:37.039+0000] {processor.py:186} INFO - Started process (PID=536) to work on /home/airflow/.local/lib/python3.12/site-packages/airflow/example_dags/example_dag_decorator.py
[2025-06-17T05:12:37.039+0000] {processor.py:914} INFO - Processing file /home/airflow/.local/lib/python3.12/site-packages/airflow/example_dags/example_dag_decorator.py for tasks to queue
[2025-06-17T05:12:37.040+0000] {logging_mixin.py:190} INFO - [2025-06-17T05:12:37.040+0000] {dagbag.py:588} INFO - Filling up the DagBag from /home/airflow/.local/lib/python3.12/site-packages/airflow/example_dags/example_dag_decorator.py
[2025-06-17T05:12:37.117+0000] {processor.py:925} INFO - DAG(s) 'example_dag_decorator' retrieved from /home/airflow/.local/lib/python3.12/site-packages/airflow/example_dags/example_dag_decorator.py
[2025-06-17T05:12:37.193+0000] {logging_mixin.py:190} INFO - [2025-06-17T05:12:37.193+0000] {dag.py:3239} INFO - Sync 1 DAGs
[2025-06-17T05:12:37.203+0000] {logging_mixin.py:190} INFO - [2025-06-17T05:12:37.203+0000] {dag.py:4180} INFO - Setting next_dagrun for example_dag_decorator to None, run_after=None
[2025-06-17T05:12:37.217+0000] {processor.py:208} INFO - Processing /home/airflow/.local/lib/python3.12/site-packages/airflow/example_dags/example_dag_decorator.py took 0.183 seconds
[2025-06-17T05:13:07.897+0000] {processor.py:186} INFO - Started process (PID=600) to work on /home/airflow/.local/lib/python3.12/site-packages/airflow/example_dags/example_dag_decorator.py
[2025-06-17T05:13:07.897+0000] {processor.py:914} INFO - Processing file /home/airflow/.local/lib/python3.12/site-packages/airflow/example_dags/example_dag_decorator.py for tasks to queue
[2025-06-17T05:13:07.898+0000] {logging_mixin.py:190} INFO - [2025-06-17T05:13:07.898+0000] {dagbag.py:588} INFO - Filling up the DagBag from /home/airflow/.local/lib/python3.12/site-packages/airflow/example_dags/example_dag_decorator.py
[2025-06-17T05:13:07.967+0000] {processor.py:925} INFO - DAG(s) 'example_dag_decorator' retrieved from /home/airflow/.local/lib/python3.12/site-packages/airflow/example_dags/example_dag_decorator.py
[2025-06-17T05:13:08.045+0000] {logging_mixin.py:190} INFO - [2025-06-17T05:13:08.045+0000] {dag.py:3239} INFO - Sync 1 DAGs
[2025-06-17T05:13:08.054+0000] {logging_mixin.py:190} INFO - [2025-06-17T05:13:08.054+0000] {dag.py:4180} INFO - Setting next_dagrun for example_dag_decorator to None, run_after=None
[2025-06-17T05:13:08.068+0000] {processor.py:208} INFO - Processing /home/airflow/.local/lib/python3.12/site-packages/airflow/example_dags/example_dag_decorator.py took 0.176 seconds
[2025-06-17T05:13:38.386+0000] {processor.py:186} INFO - Started process (PID=663) to work on /home/airflow/.local/lib/python3.12/site-packages/airflow/example_dags/example_dag_decorator.py
[2025-06-17T05:13:38.386+0000] {processor.py:914} INFO - Processing file /home/airflow/.local/lib/python3.12/site-packages/airflow/example_dags/example_dag_decorator.py for tasks to queue
[2025-06-17T05:13:38.388+0000] {logging_mixin.py:190} INFO - [2025-06-17T05:13:38.387+0000] {dagbag.py:588} INFO - Filling up the DagBag from /home/airflow/.local/lib/python3.12/site-packages/airflow/example_dags/example_dag_decorator.py
[2025-06-17T05:13:38.462+0000] {processor.py:925} INFO - DAG(s) 'example_dag_decorator' retrieved from /home/airflow/.local/lib/python3.12/site-packages/airflow/example_dags/example_dag_decorator.py
[2025-06-17T05:13:38.543+0000] {logging_mixin.py:190} INFO - [2025-06-17T05:13:38.543+0000] {dag.py:3239} INFO - Sync 1 DAGs
[2025-06-17T05:13:38.555+0000] {logging_mixin.py:190} INFO - [2025-06-17T05:13:38.555+0000] {dag.py:4180} INFO - Setting next_dagrun for example_dag_decorator to None, run_after=None
[2025-06-17T05:13:38.570+0000] {processor.py:208} INFO - Processing /home/airflow/.local/lib/python3.12/site-packages/airflow/example_dags/example_dag_decorator.py took 0.189 seconds
[2025-06-17T05:14:09.189+0000] {processor.py:186} INFO - Started process (PID=726) to work on /home/airflow/.local/lib/python3.12/site-packages/airflow/example_dags/example_dag_decorator.py
[2025-06-17T05:14:09.189+0000] {processor.py:914} INFO - Processing file /home/airflow/.local/lib/python3.12/site-packages/airflow/example_dags/example_dag_decorator.py for tasks to queue
[2025-06-17T05:14:09.190+0000] {logging_mixin.py:190} INFO - [2025-06-17T05:14:09.190+0000] {dagbag.py:588} INFO - Filling up the DagBag from /home/airflow/.local/lib/python3.12/site-packages/airflow/example_dags/example_dag_decorator.py
[2025-06-17T05:14:09.281+0000] {processor.py:925} INFO - DAG(s) 'example_dag_decorator' retrieved from /home/airflow/.local/lib/python3.12/site-packages/airflow/example_dags/example_dag_decorator.py
[2025-06-17T05:14:09.369+0000] {logging_mixin.py:190} INFO - [2025-06-17T05:14:09.369+0000] {dag.py:3239} INFO - Sync 1 DAGs
[2025-06-17T05:14:09.379+0000] {logging_mixin.py:190} INFO - [2025-06-17T05:14:09.379+0000] {dag.py:4180} INFO - Setting next_dagrun for example_dag_decorator to None, run_after=None
[2025-06-17T05:14:09.396+0000] {processor.py:208} INFO - Processing /home/airflow/.local/lib/python3.12/site-packages/airflow/example_dags/example_dag_decorator.py took 0.212 seconds
[2025-06-17T05:17:48.878+0000] {processor.py:186} INFO - Started process (PID=98) to work on /home/airflow/.local/lib/python3.12/site-packages/airflow/example_dags/example_dag_decorator.py
[2025-06-17T05:17:48.879+0000] {processor.py:914} INFO - Processing file /home/airflow/.local/lib/python3.12/site-packages/airflow/example_dags/example_dag_decorator.py for tasks to queue
[2025-06-17T05:17:48.880+0000] {logging_mixin.py:190} INFO - [2025-06-17T05:17:48.879+0000] {dagbag.py:588} INFO - Filling up the DagBag from /home/airflow/.local/lib/python3.12/site-packages/airflow/example_dags/example_dag_decorator.py
[2025-06-17T05:17:49.162+0000] {processor.py:925} INFO - DAG(s) 'example_dag_decorator' retrieved from /home/airflow/.local/lib/python3.12/site-packages/airflow/example_dags/example_dag_decorator.py
[2025-06-17T05:17:49.233+0000] {logging_mixin.py:190} INFO - [2025-06-17T05:17:49.232+0000] {override.py:1912} INFO - Created Permission View: can read on DAG:example_dag_decorator
[2025-06-17T05:17:49.241+0000] {logging_mixin.py:190} INFO - [2025-06-17T05:17:49.241+0000] {override.py:1912} INFO - Created Permission View: can delete on DAG:example_dag_decorator
[2025-06-17T05:17:49.247+0000] {logging_mixin.py:190} INFO - [2025-06-17T05:17:49.247+0000] {override.py:1912} INFO - Created Permission View: can edit on DAG:example_dag_decorator
[2025-06-17T05:17:49.256+0000] {logging_mixin.py:190} INFO - [2025-06-17T05:17:49.256+0000] {override.py:1912} INFO - Created Permission View: can read on DAG Run:example_dag_decorator
[2025-06-17T05:17:49.261+0000] {logging_mixin.py:190} INFO - [2025-06-17T05:17:49.261+0000] {override.py:1912} INFO - Created Permission View: can delete on DAG Run:example_dag_decorator
[2025-06-17T05:17:49.267+0000] {logging_mixin.py:190} INFO - [2025-06-17T05:17:49.267+0000] {override.py:1912} INFO - Created Permission View: menu access on DAG Run:example_dag_decorator
[2025-06-17T05:17:49.273+0000] {logging_mixin.py:190} INFO - [2025-06-17T05:17:49.273+0000] {override.py:1912} INFO - Created Permission View: can create on DAG Run:example_dag_decorator
[2025-06-17T05:17:49.273+0000] {logging_mixin.py:190} INFO - [2025-06-17T05:17:49.273+0000] {dag.py:3239} INFO - Sync 1 DAGs
[2025-06-17T05:17:49.282+0000] {logging_mixin.py:190} INFO - [2025-06-17T05:17:49.282+0000] {dag.py:3262} INFO - Creating ORM DAG for example_dag_decorator
[2025-06-17T05:17:49.283+0000] {logging_mixin.py:190} INFO - [2025-06-17T05:17:49.283+0000] {dag.py:4180} INFO - Setting next_dagrun for example_dag_decorator to None, run_after=None
[2025-06-17T05:17:49.295+0000] {processor.py:208} INFO - Processing /home/airflow/.local/lib/python3.12/site-packages/airflow/example_dags/example_dag_decorator.py took 0.422 seconds
[2025-06-17T05:19:16.456+0000] {processor.py:186} INFO - Started process (PID=98) to work on /home/airflow/.local/lib/python3.12/site-packages/airflow/example_dags/example_dag_decorator.py
[2025-06-17T05:19:16.457+0000] {processor.py:914} INFO - Processing file /home/airflow/.local/lib/python3.12/site-packages/airflow/example_dags/example_dag_decorator.py for tasks to queue
[2025-06-17T05:19:16.458+0000] {logging_mixin.py:190} INFO - [2025-06-17T05:19:16.458+0000] {dagbag.py:588} INFO - Filling up the DagBag from /home/airflow/.local/lib/python3.12/site-packages/airflow/example_dags/example_dag_decorator.py
[2025-06-17T05:19:16.730+0000] {processor.py:925} INFO - DAG(s) 'example_dag_decorator' retrieved from /home/airflow/.local/lib/python3.12/site-packages/airflow/example_dags/example_dag_decorator.py
[2025-06-17T05:19:16.807+0000] {logging_mixin.py:190} INFO - [2025-06-17T05:19:16.807+0000] {dag.py:3239} INFO - Sync 1 DAGs
[2025-06-17T05:19:16.818+0000] {logging_mixin.py:190} INFO - [2025-06-17T05:19:16.818+0000] {dag.py:4180} INFO - Setting next_dagrun for example_dag_decorator to None, run_after=None
[2025-06-17T05:19:16.833+0000] {processor.py:208} INFO - Processing /home/airflow/.local/lib/python3.12/site-packages/airflow/example_dags/example_dag_decorator.py took 0.382 seconds
[2025-06-17T05:19:47.364+0000] {processor.py:186} INFO - Started process (PID=162) to work on /home/airflow/.local/lib/python3.12/site-packages/airflow/example_dags/example_dag_decorator.py
[2025-06-17T05:19:47.364+0000] {processor.py:914} INFO - Processing file /home/airflow/.local/lib/python3.12/site-packages/airflow/example_dags/example_dag_decorator.py for tasks to queue
[2025-06-17T05:19:47.365+0000] {logging_mixin.py:190} INFO - [2025-06-17T05:19:47.365+0000] {dagbag.py:588} INFO - Filling up the DagBag from /home/airflow/.local/lib/python3.12/site-packages/airflow/example_dags/example_dag_decorator.py
[2025-06-17T05:19:47.449+0000] {processor.py:925} INFO - DAG(s) 'example_dag_decorator' retrieved from /home/airflow/.local/lib/python3.12/site-packages/airflow/example_dags/example_dag_decorator.py
[2025-06-17T05:19:47.539+0000] {logging_mixin.py:190} INFO - [2025-06-17T05:19:47.539+0000] {dag.py:3239} INFO - Sync 1 DAGs
[2025-06-17T05:19:47.550+0000] {logging_mixin.py:190} INFO - [2025-06-17T05:19:47.550+0000] {dag.py:4180} INFO - Setting next_dagrun for example_dag_decorator to None, run_after=None
[2025-06-17T05:19:47.565+0000] {processor.py:208} INFO - Processing /home/airflow/.local/lib/python3.12/site-packages/airflow/example_dags/example_dag_decorator.py took 0.207 seconds
[2025-06-17T05:21:35.017+0000] {processor.py:186} INFO - Started process (PID=98) to work on /home/airflow/.local/lib/python3.12/site-packages/airflow/example_dags/example_dag_decorator.py
[2025-06-17T05:21:35.018+0000] {processor.py:914} INFO - Processing file /home/airflow/.local/lib/python3.12/site-packages/airflow/example_dags/example_dag_decorator.py for tasks to queue
[2025-06-17T05:21:35.019+0000] {logging_mixin.py:190} INFO - [2025-06-17T05:21:35.019+0000] {dagbag.py:588} INFO - Filling up the DagBag from /home/airflow/.local/lib/python3.12/site-packages/airflow/example_dags/example_dag_decorator.py
[2025-06-17T05:21:35.289+0000] {processor.py:925} INFO - DAG(s) 'example_dag_decorator' retrieved from /home/airflow/.local/lib/python3.12/site-packages/airflow/example_dags/example_dag_decorator.py
[2025-06-17T05:21:35.376+0000] {logging_mixin.py:190} INFO - [2025-06-17T05:21:35.376+0000] {dag.py:3239} INFO - Sync 1 DAGs
[2025-06-17T05:21:35.386+0000] {logging_mixin.py:190} INFO - [2025-06-17T05:21:35.386+0000] {dag.py:4180} INFO - Setting next_dagrun for example_dag_decorator to None, run_after=None
[2025-06-17T05:21:35.409+0000] {processor.py:208} INFO - Processing /home/airflow/.local/lib/python3.12/site-packages/airflow/example_dags/example_dag_decorator.py took 0.397 seconds
[2025-06-17T05:22:06.203+0000] {processor.py:186} INFO - Started process (PID=161) to work on /home/airflow/.local/lib/python3.12/site-packages/airflow/example_dags/example_dag_decorator.py
[2025-06-17T05:22:06.204+0000] {processor.py:914} INFO - Processing file /home/airflow/.local/lib/python3.12/site-packages/airflow/example_dags/example_dag_decorator.py for tasks to queue
[2025-06-17T05:22:06.205+0000] {logging_mixin.py:190} INFO - [2025-06-17T05:22:06.204+0000] {dagbag.py:588} INFO - Filling up the DagBag from /home/airflow/.local/lib/python3.12/site-packages/airflow/example_dags/example_dag_decorator.py
[2025-06-17T05:22:06.281+0000] {processor.py:925} INFO - DAG(s) 'example_dag_decorator' retrieved from /home/airflow/.local/lib/python3.12/site-packages/airflow/example_dags/example_dag_decorator.py
[2025-06-17T05:22:06.368+0000] {logging_mixin.py:190} INFO - [2025-06-17T05:22:06.367+0000] {dag.py:3239} INFO - Sync 1 DAGs
[2025-06-17T05:22:06.378+0000] {logging_mixin.py:190} INFO - [2025-06-17T05:22:06.378+0000] {dag.py:4180} INFO - Setting next_dagrun for example_dag_decorator to None, run_after=None
[2025-06-17T05:22:06.395+0000] {processor.py:208} INFO - Processing /home/airflow/.local/lib/python3.12/site-packages/airflow/example_dags/example_dag_decorator.py took 0.197 seconds
[2025-06-17T05:22:37.143+0000] {processor.py:186} INFO - Started process (PID=224) to work on /home/airflow/.local/lib/python3.12/site-packages/airflow/example_dags/example_dag_decorator.py
[2025-06-17T05:22:37.144+0000] {processor.py:914} INFO - Processing file /home/airflow/.local/lib/python3.12/site-packages/airflow/example_dags/example_dag_decorator.py for tasks to queue
[2025-06-17T05:22:37.145+0000] {logging_mixin.py:190} INFO - [2025-06-17T05:22:37.144+0000] {dagbag.py:588} INFO - Filling up the DagBag from /home/airflow/.local/lib/python3.12/site-packages/airflow/example_dags/example_dag_decorator.py
[2025-06-17T05:22:37.224+0000] {processor.py:925} INFO - DAG(s) 'example_dag_decorator' retrieved from /home/airflow/.local/lib/python3.12/site-packages/airflow/example_dags/example_dag_decorator.py
[2025-06-17T05:22:37.338+0000] {logging_mixin.py:190} INFO - [2025-06-17T05:22:37.338+0000] {dag.py:3239} INFO - Sync 1 DAGs
[2025-06-17T05:22:37.350+0000] {logging_mixin.py:190} INFO - [2025-06-17T05:22:37.349+0000] {dag.py:4180} INFO - Setting next_dagrun for example_dag_decorator to None, run_after=None
[2025-06-17T05:22:37.368+0000] {processor.py:208} INFO - Processing /home/airflow/.local/lib/python3.12/site-packages/airflow/example_dags/example_dag_decorator.py took 0.229 seconds
[2025-06-17T05:23:07.993+0000] {processor.py:186} INFO - Started process (PID=288) to work on /home/airflow/.local/lib/python3.12/site-packages/airflow/example_dags/example_dag_decorator.py
[2025-06-17T05:23:07.994+0000] {processor.py:914} INFO - Processing file /home/airflow/.local/lib/python3.12/site-packages/airflow/example_dags/example_dag_decorator.py for tasks to queue
[2025-06-17T05:23:07.995+0000] {logging_mixin.py:190} INFO - [2025-06-17T05:23:07.995+0000] {dagbag.py:588} INFO - Filling up the DagBag from /home/airflow/.local/lib/python3.12/site-packages/airflow/example_dags/example_dag_decorator.py
[2025-06-17T05:23:08.073+0000] {processor.py:925} INFO - DAG(s) 'example_dag_decorator' retrieved from /home/airflow/.local/lib/python3.12/site-packages/airflow/example_dags/example_dag_decorator.py
[2025-06-17T05:23:08.160+0000] {logging_mixin.py:190} INFO - [2025-06-17T05:23:08.160+0000] {dag.py:3239} INFO - Sync 1 DAGs
[2025-06-17T05:23:08.170+0000] {logging_mixin.py:190} INFO - [2025-06-17T05:23:08.170+0000] {dag.py:4180} INFO - Setting next_dagrun for example_dag_decorator to None, run_after=None
[2025-06-17T05:23:08.186+0000] {processor.py:208} INFO - Processing /home/airflow/.local/lib/python3.12/site-packages/airflow/example_dags/example_dag_decorator.py took 0.197 seconds
[2025-06-17T05:23:39.103+0000] {processor.py:186} INFO - Started process (PID=350) to work on /home/airflow/.local/lib/python3.12/site-packages/airflow/example_dags/example_dag_decorator.py
[2025-06-17T05:23:39.104+0000] {processor.py:914} INFO - Processing file /home/airflow/.local/lib/python3.12/site-packages/airflow/example_dags/example_dag_decorator.py for tasks to queue
[2025-06-17T05:23:39.105+0000] {logging_mixin.py:190} INFO - [2025-06-17T05:23:39.105+0000] {dagbag.py:588} INFO - Filling up the DagBag from /home/airflow/.local/lib/python3.12/site-packages/airflow/example_dags/example_dag_decorator.py
[2025-06-17T05:23:39.187+0000] {processor.py:925} INFO - DAG(s) 'example_dag_decorator' retrieved from /home/airflow/.local/lib/python3.12/site-packages/airflow/example_dags/example_dag_decorator.py
[2025-06-17T05:23:39.268+0000] {logging_mixin.py:190} INFO - [2025-06-17T05:23:39.267+0000] {dag.py:3239} INFO - Sync 1 DAGs
[2025-06-17T05:23:39.277+0000] {logging_mixin.py:190} INFO - [2025-06-17T05:23:39.277+0000] {dag.py:4180} INFO - Setting next_dagrun for example_dag_decorator to None, run_after=None
[2025-06-17T05:23:39.291+0000] {processor.py:208} INFO - Processing /home/airflow/.local/lib/python3.12/site-packages/airflow/example_dags/example_dag_decorator.py took 0.192 seconds
