[2025-06-17T05:01:25.791+0000] {processor.py:186} INFO - Started process (PID=66) to work on /home/airflow/.local/lib/python3.12/site-packages/airflow/example_dags/example_branch_python_dop_operator_3.py
[2025-06-17T05:01:25.792+0000] {processor.py:914} INFO - Processing file /home/airflow/.local/lib/python3.12/site-packages/airflow/example_dags/example_branch_python_dop_operator_3.py for tasks to queue
[2025-06-17T05:01:25.793+0000] {logging_mixin.py:190} INFO - [2025-06-17T05:01:25.792+0000] {dagbag.py:588} INFO - Filling up the DagBag from /home/airflow/.local/lib/python3.12/site-packages/airflow/example_dags/example_branch_python_dop_operator_3.py
[2025-06-17T05:01:25.803+0000] {processor.py:925} INFO - DAG(s) 'example_branch_dop_operator_v3' retrieved from /home/airflow/.local/lib/python3.12/site-packages/airflow/example_dags/example_branch_python_dop_operator_3.py
[2025-06-17T05:01:25.889+0000] {logging_mixin.py:190} INFO - [2025-06-17T05:01:25.888+0000] {override.py:1912} INFO - Created Permission View: can read on DAG:example_branch_dop_operator_v3
[2025-06-17T05:01:25.897+0000] {logging_mixin.py:190} INFO - [2025-06-17T05:01:25.897+0000] {override.py:1912} INFO - Created Permission View: can edit on DAG:example_branch_dop_operator_v3
[2025-06-17T05:01:25.904+0000] {logging_mixin.py:190} INFO - [2025-06-17T05:01:25.904+0000] {override.py:1912} INFO - Created Permission View: can delete on DAG:example_branch_dop_operator_v3
[2025-06-17T05:01:25.911+0000] {logging_mixin.py:190} INFO - [2025-06-17T05:01:25.911+0000] {override.py:1912} INFO - Created Permission View: menu access on DAG Run:example_branch_dop_operator_v3
[2025-06-17T05:01:25.917+0000] {logging_mixin.py:190} INFO - [2025-06-17T05:01:25.916+0000] {override.py:1912} INFO - Created Permission View: can create on DAG Run:example_branch_dop_operator_v3
[2025-06-17T05:01:25.923+0000] {logging_mixin.py:190} INFO - [2025-06-17T05:01:25.923+0000] {override.py:1912} INFO - Created Permission View: can read on DAG Run:example_branch_dop_operator_v3
[2025-06-17T05:01:25.929+0000] {logging_mixin.py:190} INFO - [2025-06-17T05:01:25.929+0000] {override.py:1912} INFO - Created Permission View: can delete on DAG Run:example_branch_dop_operator_v3
[2025-06-17T05:01:25.930+0000] {logging_mixin.py:190} INFO - [2025-06-17T05:01:25.930+0000] {dag.py:3239} INFO - Sync 1 DAGs
[2025-06-17T05:01:25.939+0000] {logging_mixin.py:190} INFO - [2025-06-17T05:01:25.939+0000] {dag.py:3262} INFO - Creating ORM DAG for example_branch_dop_operator_v3
[2025-06-17T05:01:25.949+0000] {logging_mixin.py:190} INFO - [2025-06-17T05:01:25.949+0000] {dag.py:4180} INFO - Setting next_dagrun for example_branch_dop_operator_v3 to 2025-06-17 05:00:00+00:00, run_after=2025-06-17 05:01:00+00:00
[2025-06-17T05:01:25.962+0000] {processor.py:208} INFO - Processing /home/airflow/.local/lib/python3.12/site-packages/airflow/example_dags/example_branch_python_dop_operator_3.py took 0.176 seconds
[2025-06-17T05:01:56.412+0000] {processor.py:186} INFO - Started process (PID=129) to work on /home/airflow/.local/lib/python3.12/site-packages/airflow/example_dags/example_branch_python_dop_operator_3.py
[2025-06-17T05:01:56.412+0000] {processor.py:914} INFO - Processing file /home/airflow/.local/lib/python3.12/site-packages/airflow/example_dags/example_branch_python_dop_operator_3.py for tasks to queue
[2025-06-17T05:01:56.413+0000] {logging_mixin.py:190} INFO - [2025-06-17T05:01:56.413+0000] {dagbag.py:588} INFO - Filling up the DagBag from /home/airflow/.local/lib/python3.12/site-packages/airflow/example_dags/example_branch_python_dop_operator_3.py
[2025-06-17T05:01:56.421+0000] {processor.py:925} INFO - DAG(s) 'example_branch_dop_operator_v3' retrieved from /home/airflow/.local/lib/python3.12/site-packages/airflow/example_dags/example_branch_python_dop_operator_3.py
[2025-06-17T05:01:56.434+0000] {logging_mixin.py:190} INFO - [2025-06-17T05:01:56.434+0000] {dag.py:3239} INFO - Sync 1 DAGs
[2025-06-17T05:01:56.456+0000] {logging_mixin.py:190} INFO - [2025-06-17T05:01:56.456+0000] {dag.py:4180} INFO - Setting next_dagrun for example_branch_dop_operator_v3 to 2025-06-17 05:00:00+00:00, run_after=2025-06-17 05:01:00+00:00
[2025-06-17T05:01:56.470+0000] {processor.py:208} INFO - Processing /home/airflow/.local/lib/python3.12/site-packages/airflow/example_dags/example_branch_python_dop_operator_3.py took 0.062 seconds
[2025-06-17T05:02:27.357+0000] {processor.py:186} INFO - Started process (PID=198) to work on /home/airflow/.local/lib/python3.12/site-packages/airflow/example_dags/example_branch_python_dop_operator_3.py
[2025-06-17T05:02:27.357+0000] {processor.py:914} INFO - Processing file /home/airflow/.local/lib/python3.12/site-packages/airflow/example_dags/example_branch_python_dop_operator_3.py for tasks to queue
[2025-06-17T05:02:27.358+0000] {logging_mixin.py:190} INFO - [2025-06-17T05:02:27.358+0000] {dagbag.py:588} INFO - Filling up the DagBag from /home/airflow/.local/lib/python3.12/site-packages/airflow/example_dags/example_branch_python_dop_operator_3.py
[2025-06-17T05:02:27.366+0000] {processor.py:925} INFO - DAG(s) 'example_branch_dop_operator_v3' retrieved from /home/airflow/.local/lib/python3.12/site-packages/airflow/example_dags/example_branch_python_dop_operator_3.py
[2025-06-17T05:02:27.380+0000] {logging_mixin.py:190} INFO - [2025-06-17T05:02:27.379+0000] {dag.py:3239} INFO - Sync 1 DAGs
[2025-06-17T05:02:27.399+0000] {logging_mixin.py:190} INFO - [2025-06-17T05:02:27.399+0000] {dag.py:4180} INFO - Setting next_dagrun for example_branch_dop_operator_v3 to 2025-06-17 05:01:00+00:00, run_after=2025-06-17 05:02:00+00:00
[2025-06-17T05:02:27.413+0000] {processor.py:208} INFO - Processing /home/airflow/.local/lib/python3.12/site-packages/airflow/example_dags/example_branch_python_dop_operator_3.py took 0.060 seconds
[2025-06-17T05:06:05.301+0000] {processor.py:186} INFO - Started process (PID=68) to work on /home/airflow/.local/lib/python3.12/site-packages/airflow/example_dags/example_branch_python_dop_operator_3.py
[2025-06-17T05:06:05.302+0000] {processor.py:914} INFO - Processing file /home/airflow/.local/lib/python3.12/site-packages/airflow/example_dags/example_branch_python_dop_operator_3.py for tasks to queue
[2025-06-17T05:06:05.303+0000] {logging_mixin.py:190} INFO - [2025-06-17T05:06:05.303+0000] {dagbag.py:588} INFO - Filling up the DagBag from /home/airflow/.local/lib/python3.12/site-packages/airflow/example_dags/example_branch_python_dop_operator_3.py
[2025-06-17T05:06:05.318+0000] {processor.py:925} INFO - DAG(s) 'example_branch_dop_operator_v3' retrieved from /home/airflow/.local/lib/python3.12/site-packages/airflow/example_dags/example_branch_python_dop_operator_3.py
[2025-06-17T05:06:05.342+0000] {logging_mixin.py:190} INFO - [2025-06-17T05:06:05.342+0000] {dag.py:3239} INFO - Sync 1 DAGs
[2025-06-17T05:06:05.369+0000] {logging_mixin.py:190} INFO - [2025-06-17T05:06:05.368+0000] {dag.py:4180} INFO - Setting next_dagrun for example_branch_dop_operator_v3 to 2025-06-17 05:05:00+00:00, run_after=2025-06-17 05:06:00+00:00
[2025-06-17T05:06:05.387+0000] {processor.py:208} INFO - Processing /home/airflow/.local/lib/python3.12/site-packages/airflow/example_dags/example_branch_python_dop_operator_3.py took 0.090 seconds
[2025-06-17T05:06:36.708+0000] {processor.py:186} INFO - Started process (PID=131) to work on /home/airflow/.local/lib/python3.12/site-packages/airflow/example_dags/example_branch_python_dop_operator_3.py
[2025-06-17T05:06:36.709+0000] {processor.py:914} INFO - Processing file /home/airflow/.local/lib/python3.12/site-packages/airflow/example_dags/example_branch_python_dop_operator_3.py for tasks to queue
[2025-06-17T05:06:36.710+0000] {logging_mixin.py:190} INFO - [2025-06-17T05:06:36.710+0000] {dagbag.py:588} INFO - Filling up the DagBag from /home/airflow/.local/lib/python3.12/site-packages/airflow/example_dags/example_branch_python_dop_operator_3.py
[2025-06-17T05:06:36.719+0000] {processor.py:925} INFO - DAG(s) 'example_branch_dop_operator_v3' retrieved from /home/airflow/.local/lib/python3.12/site-packages/airflow/example_dags/example_branch_python_dop_operator_3.py
[2025-06-17T05:06:36.736+0000] {logging_mixin.py:190} INFO - [2025-06-17T05:06:36.735+0000] {dag.py:3239} INFO - Sync 1 DAGs
[2025-06-17T05:06:36.757+0000] {logging_mixin.py:190} INFO - [2025-06-17T05:06:36.757+0000] {dag.py:4180} INFO - Setting next_dagrun for example_branch_dop_operator_v3 to 2025-06-17 05:05:00+00:00, run_after=2025-06-17 05:06:00+00:00
[2025-06-17T05:06:36.784+0000] {processor.py:208} INFO - Processing /home/airflow/.local/lib/python3.12/site-packages/airflow/example_dags/example_branch_python_dop_operator_3.py took 0.080 seconds
[2025-06-17T05:08:59.339+0000] {processor.py:186} INFO - Started process (PID=72) to work on /home/airflow/.local/lib/python3.12/site-packages/airflow/example_dags/example_branch_python_dop_operator_3.py
[2025-06-17T05:08:59.340+0000] {processor.py:914} INFO - Processing file /home/airflow/.local/lib/python3.12/site-packages/airflow/example_dags/example_branch_python_dop_operator_3.py for tasks to queue
[2025-06-17T05:08:59.341+0000] {logging_mixin.py:190} INFO - [2025-06-17T05:08:59.341+0000] {dagbag.py:588} INFO - Filling up the DagBag from /home/airflow/.local/lib/python3.12/site-packages/airflow/example_dags/example_branch_python_dop_operator_3.py
[2025-06-17T05:08:59.353+0000] {processor.py:925} INFO - DAG(s) 'example_branch_dop_operator_v3' retrieved from /home/airflow/.local/lib/python3.12/site-packages/airflow/example_dags/example_branch_python_dop_operator_3.py
[2025-06-17T05:08:59.374+0000] {logging_mixin.py:190} INFO - [2025-06-17T05:08:59.374+0000] {dag.py:3239} INFO - Sync 1 DAGs
[2025-06-17T05:08:59.398+0000] {logging_mixin.py:190} INFO - [2025-06-17T05:08:59.398+0000] {dag.py:4180} INFO - Setting next_dagrun for example_branch_dop_operator_v3 to 2025-06-17 05:07:00+00:00, run_after=2025-06-17 05:08:00+00:00
[2025-06-17T05:08:59.417+0000] {processor.py:208} INFO - Processing /home/airflow/.local/lib/python3.12/site-packages/airflow/example_dags/example_branch_python_dop_operator_3.py took 0.083 seconds
[2025-06-17T05:09:30.414+0000] {processor.py:186} INFO - Started process (PID=135) to work on /home/airflow/.local/lib/python3.12/site-packages/airflow/example_dags/example_branch_python_dop_operator_3.py
[2025-06-17T05:09:30.414+0000] {processor.py:914} INFO - Processing file /home/airflow/.local/lib/python3.12/site-packages/airflow/example_dags/example_branch_python_dop_operator_3.py for tasks to queue
[2025-06-17T05:09:30.415+0000] {logging_mixin.py:190} INFO - [2025-06-17T05:09:30.415+0000] {dagbag.py:588} INFO - Filling up the DagBag from /home/airflow/.local/lib/python3.12/site-packages/airflow/example_dags/example_branch_python_dop_operator_3.py
[2025-06-17T05:09:30.423+0000] {processor.py:925} INFO - DAG(s) 'example_branch_dop_operator_v3' retrieved from /home/airflow/.local/lib/python3.12/site-packages/airflow/example_dags/example_branch_python_dop_operator_3.py
[2025-06-17T05:09:30.436+0000] {logging_mixin.py:190} INFO - [2025-06-17T05:09:30.436+0000] {dag.py:3239} INFO - Sync 1 DAGs
[2025-06-17T05:09:30.458+0000] {logging_mixin.py:190} INFO - [2025-06-17T05:09:30.458+0000] {dag.py:4180} INFO - Setting next_dagrun for example_branch_dop_operator_v3 to 2025-06-17 05:08:00+00:00, run_after=2025-06-17 05:09:00+00:00
[2025-06-17T05:09:30.472+0000] {processor.py:208} INFO - Processing /home/airflow/.local/lib/python3.12/site-packages/airflow/example_dags/example_branch_python_dop_operator_3.py took 0.063 seconds
[2025-06-17T05:10:00.941+0000] {processor.py:186} INFO - Started process (PID=198) to work on /home/airflow/.local/lib/python3.12/site-packages/airflow/example_dags/example_branch_python_dop_operator_3.py
[2025-06-17T05:10:00.942+0000] {processor.py:914} INFO - Processing file /home/airflow/.local/lib/python3.12/site-packages/airflow/example_dags/example_branch_python_dop_operator_3.py for tasks to queue
[2025-06-17T05:10:00.942+0000] {logging_mixin.py:190} INFO - [2025-06-17T05:10:00.942+0000] {dagbag.py:588} INFO - Filling up the DagBag from /home/airflow/.local/lib/python3.12/site-packages/airflow/example_dags/example_branch_python_dop_operator_3.py
[2025-06-17T05:10:00.951+0000] {processor.py:925} INFO - DAG(s) 'example_branch_dop_operator_v3' retrieved from /home/airflow/.local/lib/python3.12/site-packages/airflow/example_dags/example_branch_python_dop_operator_3.py
[2025-06-17T05:10:00.965+0000] {logging_mixin.py:190} INFO - [2025-06-17T05:10:00.965+0000] {dag.py:3239} INFO - Sync 1 DAGs
[2025-06-17T05:10:00.984+0000] {logging_mixin.py:190} INFO - [2025-06-17T05:10:00.984+0000] {dag.py:4180} INFO - Setting next_dagrun for example_branch_dop_operator_v3 to 2025-06-17 05:09:00+00:00, run_after=2025-06-17 05:10:00+00:00
[2025-06-17T05:10:01.000+0000] {processor.py:208} INFO - Processing /home/airflow/.local/lib/python3.12/site-packages/airflow/example_dags/example_branch_python_dop_operator_3.py took 0.063 seconds
[2025-06-17T05:10:32.209+0000] {processor.py:186} INFO - Started process (PID=261) to work on /home/airflow/.local/lib/python3.12/site-packages/airflow/example_dags/example_branch_python_dop_operator_3.py
[2025-06-17T05:10:32.210+0000] {processor.py:914} INFO - Processing file /home/airflow/.local/lib/python3.12/site-packages/airflow/example_dags/example_branch_python_dop_operator_3.py for tasks to queue
[2025-06-17T05:10:32.210+0000] {logging_mixin.py:190} INFO - [2025-06-17T05:10:32.210+0000] {dagbag.py:588} INFO - Filling up the DagBag from /home/airflow/.local/lib/python3.12/site-packages/airflow/example_dags/example_branch_python_dop_operator_3.py
[2025-06-17T05:10:32.218+0000] {processor.py:925} INFO - DAG(s) 'example_branch_dop_operator_v3' retrieved from /home/airflow/.local/lib/python3.12/site-packages/airflow/example_dags/example_branch_python_dop_operator_3.py
[2025-06-17T05:10:32.232+0000] {logging_mixin.py:190} INFO - [2025-06-17T05:10:32.232+0000] {dag.py:3239} INFO - Sync 1 DAGs
[2025-06-17T05:10:32.251+0000] {logging_mixin.py:190} INFO - [2025-06-17T05:10:32.251+0000] {dag.py:4180} INFO - Setting next_dagrun for example_branch_dop_operator_v3 to 2025-06-17 05:09:00+00:00, run_after=2025-06-17 05:10:00+00:00
[2025-06-17T05:10:32.266+0000] {processor.py:208} INFO - Processing /home/airflow/.local/lib/python3.12/site-packages/airflow/example_dags/example_branch_python_dop_operator_3.py took 0.061 seconds
[2025-06-17T05:11:03.555+0000] {processor.py:186} INFO - Started process (PID=324) to work on /home/airflow/.local/lib/python3.12/site-packages/airflow/example_dags/example_branch_python_dop_operator_3.py
[2025-06-17T05:11:03.556+0000] {processor.py:914} INFO - Processing file /home/airflow/.local/lib/python3.12/site-packages/airflow/example_dags/example_branch_python_dop_operator_3.py for tasks to queue
[2025-06-17T05:11:03.557+0000] {logging_mixin.py:190} INFO - [2025-06-17T05:11:03.557+0000] {dagbag.py:588} INFO - Filling up the DagBag from /home/airflow/.local/lib/python3.12/site-packages/airflow/example_dags/example_branch_python_dop_operator_3.py
[2025-06-17T05:11:03.565+0000] {processor.py:925} INFO - DAG(s) 'example_branch_dop_operator_v3' retrieved from /home/airflow/.local/lib/python3.12/site-packages/airflow/example_dags/example_branch_python_dop_operator_3.py
[2025-06-17T05:11:03.580+0000] {logging_mixin.py:190} INFO - [2025-06-17T05:11:03.580+0000] {dag.py:3239} INFO - Sync 1 DAGs
[2025-06-17T05:11:03.601+0000] {logging_mixin.py:190} INFO - [2025-06-17T05:11:03.601+0000] {dag.py:4180} INFO - Setting next_dagrun for example_branch_dop_operator_v3 to 2025-06-17 05:10:00+00:00, run_after=2025-06-17 05:11:00+00:00
[2025-06-17T05:11:03.616+0000] {processor.py:208} INFO - Processing /home/airflow/.local/lib/python3.12/site-packages/airflow/example_dags/example_branch_python_dop_operator_3.py took 0.065 seconds
[2025-06-17T05:11:34.279+0000] {processor.py:186} INFO - Started process (PID=387) to work on /home/airflow/.local/lib/python3.12/site-packages/airflow/example_dags/example_branch_python_dop_operator_3.py
[2025-06-17T05:11:34.280+0000] {processor.py:914} INFO - Processing file /home/airflow/.local/lib/python3.12/site-packages/airflow/example_dags/example_branch_python_dop_operator_3.py for tasks to queue
[2025-06-17T05:11:34.281+0000] {logging_mixin.py:190} INFO - [2025-06-17T05:11:34.281+0000] {dagbag.py:588} INFO - Filling up the DagBag from /home/airflow/.local/lib/python3.12/site-packages/airflow/example_dags/example_branch_python_dop_operator_3.py
[2025-06-17T05:11:34.289+0000] {processor.py:925} INFO - DAG(s) 'example_branch_dop_operator_v3' retrieved from /home/airflow/.local/lib/python3.12/site-packages/airflow/example_dags/example_branch_python_dop_operator_3.py
[2025-06-17T05:11:34.304+0000] {logging_mixin.py:190} INFO - [2025-06-17T05:11:34.304+0000] {dag.py:3239} INFO - Sync 1 DAGs
[2025-06-17T05:11:34.324+0000] {logging_mixin.py:190} INFO - [2025-06-17T05:11:34.324+0000] {dag.py:4180} INFO - Setting next_dagrun for example_branch_dop_operator_v3 to 2025-06-17 05:10:00+00:00, run_after=2025-06-17 05:11:00+00:00
[2025-06-17T05:11:34.339+0000] {processor.py:208} INFO - Processing /home/airflow/.local/lib/python3.12/site-packages/airflow/example_dags/example_branch_python_dop_operator_3.py took 0.064 seconds
[2025-06-17T05:12:05.254+0000] {processor.py:186} INFO - Started process (PID=450) to work on /home/airflow/.local/lib/python3.12/site-packages/airflow/example_dags/example_branch_python_dop_operator_3.py
[2025-06-17T05:12:05.255+0000] {processor.py:914} INFO - Processing file /home/airflow/.local/lib/python3.12/site-packages/airflow/example_dags/example_branch_python_dop_operator_3.py for tasks to queue
[2025-06-17T05:12:05.256+0000] {logging_mixin.py:190} INFO - [2025-06-17T05:12:05.256+0000] {dagbag.py:588} INFO - Filling up the DagBag from /home/airflow/.local/lib/python3.12/site-packages/airflow/example_dags/example_branch_python_dop_operator_3.py
[2025-06-17T05:12:05.264+0000] {processor.py:925} INFO - DAG(s) 'example_branch_dop_operator_v3' retrieved from /home/airflow/.local/lib/python3.12/site-packages/airflow/example_dags/example_branch_python_dop_operator_3.py
[2025-06-17T05:12:05.277+0000] {logging_mixin.py:190} INFO - [2025-06-17T05:12:05.277+0000] {dag.py:3239} INFO - Sync 1 DAGs
[2025-06-17T05:12:05.297+0000] {logging_mixin.py:190} INFO - [2025-06-17T05:12:05.297+0000] {dag.py:4180} INFO - Setting next_dagrun for example_branch_dop_operator_v3 to 2025-06-17 05:11:00+00:00, run_after=2025-06-17 05:12:00+00:00
[2025-06-17T05:12:05.311+0000] {processor.py:208} INFO - Processing /home/airflow/.local/lib/python3.12/site-packages/airflow/example_dags/example_branch_python_dop_operator_3.py took 0.061 seconds
[2025-06-17T05:12:35.898+0000] {processor.py:186} INFO - Started process (PID=513) to work on /home/airflow/.local/lib/python3.12/site-packages/airflow/example_dags/example_branch_python_dop_operator_3.py
[2025-06-17T05:12:35.899+0000] {processor.py:914} INFO - Processing file /home/airflow/.local/lib/python3.12/site-packages/airflow/example_dags/example_branch_python_dop_operator_3.py for tasks to queue
[2025-06-17T05:12:35.900+0000] {logging_mixin.py:190} INFO - [2025-06-17T05:12:35.900+0000] {dagbag.py:588} INFO - Filling up the DagBag from /home/airflow/.local/lib/python3.12/site-packages/airflow/example_dags/example_branch_python_dop_operator_3.py
[2025-06-17T05:12:35.908+0000] {processor.py:925} INFO - DAG(s) 'example_branch_dop_operator_v3' retrieved from /home/airflow/.local/lib/python3.12/site-packages/airflow/example_dags/example_branch_python_dop_operator_3.py
[2025-06-17T05:12:35.923+0000] {logging_mixin.py:190} INFO - [2025-06-17T05:12:35.922+0000] {dag.py:3239} INFO - Sync 1 DAGs
[2025-06-17T05:12:35.944+0000] {logging_mixin.py:190} INFO - [2025-06-17T05:12:35.944+0000] {dag.py:4180} INFO - Setting next_dagrun for example_branch_dop_operator_v3 to 2025-06-17 05:11:00+00:00, run_after=2025-06-17 05:12:00+00:00
[2025-06-17T05:12:35.958+0000] {processor.py:208} INFO - Processing /home/airflow/.local/lib/python3.12/site-packages/airflow/example_dags/example_branch_python_dop_operator_3.py took 0.064 seconds
[2025-06-17T05:13:06.488+0000] {processor.py:186} INFO - Started process (PID=576) to work on /home/airflow/.local/lib/python3.12/site-packages/airflow/example_dags/example_branch_python_dop_operator_3.py
[2025-06-17T05:13:06.488+0000] {processor.py:914} INFO - Processing file /home/airflow/.local/lib/python3.12/site-packages/airflow/example_dags/example_branch_python_dop_operator_3.py for tasks to queue
[2025-06-17T05:13:06.490+0000] {logging_mixin.py:190} INFO - [2025-06-17T05:13:06.489+0000] {dagbag.py:588} INFO - Filling up the DagBag from /home/airflow/.local/lib/python3.12/site-packages/airflow/example_dags/example_branch_python_dop_operator_3.py
[2025-06-17T05:13:06.497+0000] {processor.py:925} INFO - DAG(s) 'example_branch_dop_operator_v3' retrieved from /home/airflow/.local/lib/python3.12/site-packages/airflow/example_dags/example_branch_python_dop_operator_3.py
[2025-06-17T05:13:06.511+0000] {logging_mixin.py:190} INFO - [2025-06-17T05:13:06.511+0000] {dag.py:3239} INFO - Sync 1 DAGs
[2025-06-17T05:13:06.534+0000] {logging_mixin.py:190} INFO - [2025-06-17T05:13:06.533+0000] {dag.py:4180} INFO - Setting next_dagrun for example_branch_dop_operator_v3 to 2025-06-17 05:12:00+00:00, run_after=2025-06-17 05:13:00+00:00
[2025-06-17T05:13:06.549+0000] {processor.py:208} INFO - Processing /home/airflow/.local/lib/python3.12/site-packages/airflow/example_dags/example_branch_python_dop_operator_3.py took 0.066 seconds
[2025-06-17T05:13:37.195+0000] {processor.py:186} INFO - Started process (PID=640) to work on /home/airflow/.local/lib/python3.12/site-packages/airflow/example_dags/example_branch_python_dop_operator_3.py
[2025-06-17T05:13:37.196+0000] {processor.py:914} INFO - Processing file /home/airflow/.local/lib/python3.12/site-packages/airflow/example_dags/example_branch_python_dop_operator_3.py for tasks to queue
[2025-06-17T05:13:37.198+0000] {logging_mixin.py:190} INFO - [2025-06-17T05:13:37.197+0000] {dagbag.py:588} INFO - Filling up the DagBag from /home/airflow/.local/lib/python3.12/site-packages/airflow/example_dags/example_branch_python_dop_operator_3.py
[2025-06-17T05:13:37.205+0000] {processor.py:925} INFO - DAG(s) 'example_branch_dop_operator_v3' retrieved from /home/airflow/.local/lib/python3.12/site-packages/airflow/example_dags/example_branch_python_dop_operator_3.py
[2025-06-17T05:13:37.220+0000] {logging_mixin.py:190} INFO - [2025-06-17T05:13:37.219+0000] {dag.py:3239} INFO - Sync 1 DAGs
[2025-06-17T05:13:37.241+0000] {logging_mixin.py:190} INFO - [2025-06-17T05:13:37.241+0000] {dag.py:4180} INFO - Setting next_dagrun for example_branch_dop_operator_v3 to 2025-06-17 05:12:00+00:00, run_after=2025-06-17 05:13:00+00:00
[2025-06-17T05:13:37.256+0000] {processor.py:208} INFO - Processing /home/airflow/.local/lib/python3.12/site-packages/airflow/example_dags/example_branch_python_dop_operator_3.py took 0.065 seconds
[2025-06-17T05:14:07.932+0000] {processor.py:186} INFO - Started process (PID=703) to work on /home/airflow/.local/lib/python3.12/site-packages/airflow/example_dags/example_branch_python_dop_operator_3.py
[2025-06-17T05:14:07.932+0000] {processor.py:914} INFO - Processing file /home/airflow/.local/lib/python3.12/site-packages/airflow/example_dags/example_branch_python_dop_operator_3.py for tasks to queue
[2025-06-17T05:14:07.934+0000] {logging_mixin.py:190} INFO - [2025-06-17T05:14:07.934+0000] {dagbag.py:588} INFO - Filling up the DagBag from /home/airflow/.local/lib/python3.12/site-packages/airflow/example_dags/example_branch_python_dop_operator_3.py
[2025-06-17T05:14:07.942+0000] {processor.py:925} INFO - DAG(s) 'example_branch_dop_operator_v3' retrieved from /home/airflow/.local/lib/python3.12/site-packages/airflow/example_dags/example_branch_python_dop_operator_3.py
[2025-06-17T05:14:07.957+0000] {logging_mixin.py:190} INFO - [2025-06-17T05:14:07.957+0000] {dag.py:3239} INFO - Sync 1 DAGs
[2025-06-17T05:14:07.977+0000] {logging_mixin.py:190} INFO - [2025-06-17T05:14:07.977+0000] {dag.py:4180} INFO - Setting next_dagrun for example_branch_dop_operator_v3 to 2025-06-17 05:13:00+00:00, run_after=2025-06-17 05:14:00+00:00
[2025-06-17T05:14:07.992+0000] {processor.py:208} INFO - Processing /home/airflow/.local/lib/python3.12/site-packages/airflow/example_dags/example_branch_python_dop_operator_3.py took 0.065 seconds
[2025-06-17T05:17:45.536+0000] {processor.py:186} INFO - Started process (PID=67) to work on /home/airflow/.local/lib/python3.12/site-packages/airflow/example_dags/example_branch_python_dop_operator_3.py
[2025-06-17T05:17:45.537+0000] {processor.py:914} INFO - Processing file /home/airflow/.local/lib/python3.12/site-packages/airflow/example_dags/example_branch_python_dop_operator_3.py for tasks to queue
[2025-06-17T05:17:45.538+0000] {logging_mixin.py:190} INFO - [2025-06-17T05:17:45.537+0000] {dagbag.py:588} INFO - Filling up the DagBag from /home/airflow/.local/lib/python3.12/site-packages/airflow/example_dags/example_branch_python_dop_operator_3.py
[2025-06-17T05:17:45.547+0000] {processor.py:925} INFO - DAG(s) 'example_branch_dop_operator_v3' retrieved from /home/airflow/.local/lib/python3.12/site-packages/airflow/example_dags/example_branch_python_dop_operator_3.py
[2025-06-17T05:17:45.643+0000] {logging_mixin.py:190} INFO - [2025-06-17T05:17:45.642+0000] {override.py:1912} INFO - Created Permission View: can read on DAG:example_branch_dop_operator_v3
[2025-06-17T05:17:45.652+0000] {logging_mixin.py:190} INFO - [2025-06-17T05:17:45.651+0000] {override.py:1912} INFO - Created Permission View: can delete on DAG:example_branch_dop_operator_v3
[2025-06-17T05:17:45.658+0000] {logging_mixin.py:190} INFO - [2025-06-17T05:17:45.658+0000] {override.py:1912} INFO - Created Permission View: can edit on DAG:example_branch_dop_operator_v3
[2025-06-17T05:17:45.667+0000] {logging_mixin.py:190} INFO - [2025-06-17T05:17:45.667+0000] {override.py:1912} INFO - Created Permission View: can read on DAG Run:example_branch_dop_operator_v3
[2025-06-17T05:17:45.675+0000] {logging_mixin.py:190} INFO - [2025-06-17T05:17:45.675+0000] {override.py:1912} INFO - Created Permission View: can delete on DAG Run:example_branch_dop_operator_v3
[2025-06-17T05:17:45.681+0000] {logging_mixin.py:190} INFO - [2025-06-17T05:17:45.681+0000] {override.py:1912} INFO - Created Permission View: menu access on DAG Run:example_branch_dop_operator_v3
[2025-06-17T05:17:45.687+0000] {logging_mixin.py:190} INFO - [2025-06-17T05:17:45.687+0000] {override.py:1912} INFO - Created Permission View: can create on DAG Run:example_branch_dop_operator_v3
[2025-06-17T05:17:45.688+0000] {logging_mixin.py:190} INFO - [2025-06-17T05:17:45.687+0000] {dag.py:3239} INFO - Sync 1 DAGs
[2025-06-17T05:17:45.697+0000] {logging_mixin.py:190} INFO - [2025-06-17T05:17:45.697+0000] {dag.py:3262} INFO - Creating ORM DAG for example_branch_dop_operator_v3
[2025-06-17T05:17:45.707+0000] {logging_mixin.py:190} INFO - [2025-06-17T05:17:45.707+0000] {dag.py:4180} INFO - Setting next_dagrun for example_branch_dop_operator_v3 to 2025-06-17 05:16:00+00:00, run_after=2025-06-17 05:17:00+00:00
[2025-06-17T05:17:45.721+0000] {processor.py:208} INFO - Processing /home/airflow/.local/lib/python3.12/site-packages/airflow/example_dags/example_branch_python_dop_operator_3.py took 0.190 seconds
[2025-06-17T05:19:13.788+0000] {processor.py:186} INFO - Started process (PID=73) to work on /home/airflow/.local/lib/python3.12/site-packages/airflow/example_dags/example_branch_python_dop_operator_3.py
[2025-06-17T05:19:13.789+0000] {processor.py:914} INFO - Processing file /home/airflow/.local/lib/python3.12/site-packages/airflow/example_dags/example_branch_python_dop_operator_3.py for tasks to queue
[2025-06-17T05:19:13.791+0000] {logging_mixin.py:190} INFO - [2025-06-17T05:19:13.790+0000] {dagbag.py:588} INFO - Filling up the DagBag from /home/airflow/.local/lib/python3.12/site-packages/airflow/example_dags/example_branch_python_dop_operator_3.py
[2025-06-17T05:19:13.806+0000] {processor.py:925} INFO - DAG(s) 'example_branch_dop_operator_v3' retrieved from /home/airflow/.local/lib/python3.12/site-packages/airflow/example_dags/example_branch_python_dop_operator_3.py
[2025-06-17T05:19:13.832+0000] {logging_mixin.py:190} INFO - [2025-06-17T05:19:13.831+0000] {dag.py:3239} INFO - Sync 1 DAGs
[2025-06-17T05:19:13.855+0000] {logging_mixin.py:190} INFO - [2025-06-17T05:19:13.855+0000] {dag.py:4180} INFO - Setting next_dagrun for example_branch_dop_operator_v3 to 2025-06-17 05:18:00+00:00, run_after=2025-06-17 05:19:00+00:00
[2025-06-17T05:19:13.871+0000] {processor.py:208} INFO - Processing /home/airflow/.local/lib/python3.12/site-packages/airflow/example_dags/example_branch_python_dop_operator_3.py took 0.088 seconds
[2025-06-17T05:19:44.531+0000] {processor.py:186} INFO - Started process (PID=136) to work on /home/airflow/.local/lib/python3.12/site-packages/airflow/example_dags/example_branch_python_dop_operator_3.py
[2025-06-17T05:19:44.531+0000] {processor.py:914} INFO - Processing file /home/airflow/.local/lib/python3.12/site-packages/airflow/example_dags/example_branch_python_dop_operator_3.py for tasks to queue
[2025-06-17T05:19:44.532+0000] {logging_mixin.py:190} INFO - [2025-06-17T05:19:44.532+0000] {dagbag.py:588} INFO - Filling up the DagBag from /home/airflow/.local/lib/python3.12/site-packages/airflow/example_dags/example_branch_python_dop_operator_3.py
[2025-06-17T05:19:44.541+0000] {processor.py:925} INFO - DAG(s) 'example_branch_dop_operator_v3' retrieved from /home/airflow/.local/lib/python3.12/site-packages/airflow/example_dags/example_branch_python_dop_operator_3.py
[2025-06-17T05:19:44.555+0000] {logging_mixin.py:190} INFO - [2025-06-17T05:19:44.555+0000] {dag.py:3239} INFO - Sync 1 DAGs
[2025-06-17T05:19:44.577+0000] {logging_mixin.py:190} INFO - [2025-06-17T05:19:44.576+0000] {dag.py:4180} INFO - Setting next_dagrun for example_branch_dop_operator_v3 to 2025-06-17 05:18:00+00:00, run_after=2025-06-17 05:19:00+00:00
[2025-06-17T05:19:44.592+0000] {processor.py:208} INFO - Processing /home/airflow/.local/lib/python3.12/site-packages/airflow/example_dags/example_branch_python_dop_operator_3.py took 0.066 seconds
[2025-06-17T05:21:32.935+0000] {processor.py:186} INFO - Started process (PID=73) to work on /home/airflow/.local/lib/python3.12/site-packages/airflow/example_dags/example_branch_python_dop_operator_3.py
[2025-06-17T05:21:32.935+0000] {processor.py:914} INFO - Processing file /home/airflow/.local/lib/python3.12/site-packages/airflow/example_dags/example_branch_python_dop_operator_3.py for tasks to queue
[2025-06-17T05:21:32.936+0000] {logging_mixin.py:190} INFO - [2025-06-17T05:21:32.936+0000] {dagbag.py:588} INFO - Filling up the DagBag from /home/airflow/.local/lib/python3.12/site-packages/airflow/example_dags/example_branch_python_dop_operator_3.py
[2025-06-17T05:21:32.946+0000] {processor.py:925} INFO - DAG(s) 'example_branch_dop_operator_v3' retrieved from /home/airflow/.local/lib/python3.12/site-packages/airflow/example_dags/example_branch_python_dop_operator_3.py
[2025-06-17T05:21:32.966+0000] {logging_mixin.py:190} INFO - [2025-06-17T05:21:32.966+0000] {dag.py:3239} INFO - Sync 1 DAGs
[2025-06-17T05:21:32.988+0000] {logging_mixin.py:190} INFO - [2025-06-17T05:21:32.988+0000] {dag.py:4180} INFO - Setting next_dagrun for example_branch_dop_operator_v3 to 2025-06-17 05:20:00+00:00, run_after=2025-06-17 05:21:00+00:00
[2025-06-17T05:21:33.005+0000] {processor.py:208} INFO - Processing /home/airflow/.local/lib/python3.12/site-packages/airflow/example_dags/example_branch_python_dop_operator_3.py took 0.076 seconds
[2025-06-17T05:22:04.496+0000] {processor.py:186} INFO - Started process (PID=136) to work on /home/airflow/.local/lib/python3.12/site-packages/airflow/example_dags/example_branch_python_dop_operator_3.py
[2025-06-17T05:22:04.496+0000] {processor.py:914} INFO - Processing file /home/airflow/.local/lib/python3.12/site-packages/airflow/example_dags/example_branch_python_dop_operator_3.py for tasks to queue
[2025-06-17T05:22:04.498+0000] {logging_mixin.py:190} INFO - [2025-06-17T05:22:04.497+0000] {dagbag.py:588} INFO - Filling up the DagBag from /home/airflow/.local/lib/python3.12/site-packages/airflow/example_dags/example_branch_python_dop_operator_3.py
[2025-06-17T05:22:04.507+0000] {processor.py:925} INFO - DAG(s) 'example_branch_dop_operator_v3' retrieved from /home/airflow/.local/lib/python3.12/site-packages/airflow/example_dags/example_branch_python_dop_operator_3.py
[2025-06-17T05:22:04.524+0000] {logging_mixin.py:190} INFO - [2025-06-17T05:22:04.524+0000] {dag.py:3239} INFO - Sync 1 DAGs
[2025-06-17T05:22:04.544+0000] {logging_mixin.py:190} INFO - [2025-06-17T05:22:04.543+0000] {dag.py:4180} INFO - Setting next_dagrun for example_branch_dop_operator_v3 to 2025-06-17 05:21:00+00:00, run_after=2025-06-17 05:22:00+00:00
[2025-06-17T05:22:04.559+0000] {processor.py:208} INFO - Processing /home/airflow/.local/lib/python3.12/site-packages/airflow/example_dags/example_branch_python_dop_operator_3.py took 0.068 seconds
[2025-06-17T05:22:35.262+0000] {processor.py:186} INFO - Started process (PID=199) to work on /home/airflow/.local/lib/python3.12/site-packages/airflow/example_dags/example_branch_python_dop_operator_3.py
[2025-06-17T05:22:35.263+0000] {processor.py:914} INFO - Processing file /home/airflow/.local/lib/python3.12/site-packages/airflow/example_dags/example_branch_python_dop_operator_3.py for tasks to queue
[2025-06-17T05:22:35.264+0000] {logging_mixin.py:190} INFO - [2025-06-17T05:22:35.264+0000] {dagbag.py:588} INFO - Filling up the DagBag from /home/airflow/.local/lib/python3.12/site-packages/airflow/example_dags/example_branch_python_dop_operator_3.py
[2025-06-17T05:22:35.273+0000] {processor.py:925} INFO - DAG(s) 'example_branch_dop_operator_v3' retrieved from /home/airflow/.local/lib/python3.12/site-packages/airflow/example_dags/example_branch_python_dop_operator_3.py
[2025-06-17T05:22:35.288+0000] {logging_mixin.py:190} INFO - [2025-06-17T05:22:35.288+0000] {dag.py:3239} INFO - Sync 1 DAGs
[2025-06-17T05:22:35.308+0000] {logging_mixin.py:190} INFO - [2025-06-17T05:22:35.308+0000] {dag.py:4180} INFO - Setting next_dagrun for example_branch_dop_operator_v3 to 2025-06-17 05:21:00+00:00, run_after=2025-06-17 05:22:00+00:00
[2025-06-17T05:22:35.324+0000] {processor.py:208} INFO - Processing /home/airflow/.local/lib/python3.12/site-packages/airflow/example_dags/example_branch_python_dop_operator_3.py took 0.066 seconds
[2025-06-17T05:23:06.256+0000] {processor.py:186} INFO - Started process (PID=262) to work on /home/airflow/.local/lib/python3.12/site-packages/airflow/example_dags/example_branch_python_dop_operator_3.py
[2025-06-17T05:23:06.257+0000] {processor.py:914} INFO - Processing file /home/airflow/.local/lib/python3.12/site-packages/airflow/example_dags/example_branch_python_dop_operator_3.py for tasks to queue
[2025-06-17T05:23:06.258+0000] {logging_mixin.py:190} INFO - [2025-06-17T05:23:06.257+0000] {dagbag.py:588} INFO - Filling up the DagBag from /home/airflow/.local/lib/python3.12/site-packages/airflow/example_dags/example_branch_python_dop_operator_3.py
[2025-06-17T05:23:06.266+0000] {processor.py:925} INFO - DAG(s) 'example_branch_dop_operator_v3' retrieved from /home/airflow/.local/lib/python3.12/site-packages/airflow/example_dags/example_branch_python_dop_operator_3.py
[2025-06-17T05:23:06.280+0000] {logging_mixin.py:190} INFO - [2025-06-17T05:23:06.280+0000] {dag.py:3239} INFO - Sync 1 DAGs
[2025-06-17T05:23:06.300+0000] {logging_mixin.py:190} INFO - [2025-06-17T05:23:06.300+0000] {dag.py:4180} INFO - Setting next_dagrun for example_branch_dop_operator_v3 to 2025-06-17 05:22:00+00:00, run_after=2025-06-17 05:23:00+00:00
[2025-06-17T05:23:06.315+0000] {processor.py:208} INFO - Processing /home/airflow/.local/lib/python3.12/site-packages/airflow/example_dags/example_branch_python_dop_operator_3.py took 0.063 seconds
[2025-06-17T05:23:37.156+0000] {processor.py:186} INFO - Started process (PID=325) to work on /home/airflow/.local/lib/python3.12/site-packages/airflow/example_dags/example_branch_python_dop_operator_3.py
[2025-06-17T05:23:37.157+0000] {processor.py:914} INFO - Processing file /home/airflow/.local/lib/python3.12/site-packages/airflow/example_dags/example_branch_python_dop_operator_3.py for tasks to queue
[2025-06-17T05:23:37.157+0000] {logging_mixin.py:190} INFO - [2025-06-17T05:23:37.157+0000] {dagbag.py:588} INFO - Filling up the DagBag from /home/airflow/.local/lib/python3.12/site-packages/airflow/example_dags/example_branch_python_dop_operator_3.py
[2025-06-17T05:23:37.166+0000] {processor.py:925} INFO - DAG(s) 'example_branch_dop_operator_v3' retrieved from /home/airflow/.local/lib/python3.12/site-packages/airflow/example_dags/example_branch_python_dop_operator_3.py
[2025-06-17T05:23:37.181+0000] {logging_mixin.py:190} INFO - [2025-06-17T05:23:37.181+0000] {dag.py:3239} INFO - Sync 1 DAGs
[2025-06-17T05:23:37.201+0000] {logging_mixin.py:190} INFO - [2025-06-17T05:23:37.201+0000] {dag.py:4180} INFO - Setting next_dagrun for example_branch_dop_operator_v3 to 2025-06-17 05:22:00+00:00, run_after=2025-06-17 05:23:00+00:00
[2025-06-17T05:23:37.218+0000] {processor.py:208} INFO - Processing /home/airflow/.local/lib/python3.12/site-packages/airflow/example_dags/example_branch_python_dop_operator_3.py took 0.066 seconds
