[2025-06-17T05:01:26.365+0000] {processor.py:186} INFO - Started process (PID=71) to work on /home/airflow/.local/lib/python3.12/site-packages/airflow/example_dags/example_bash_decorator.py
[2025-06-17T05:01:26.366+0000] {processor.py:914} INFO - Processing file /home/airflow/.local/lib/python3.12/site-packages/airflow/example_dags/example_bash_decorator.py for tasks to queue
[2025-06-17T05:01:26.367+0000] {logging_mixin.py:190} INFO - [2025-06-17T05:01:26.367+0000] {dagbag.py:588} INFO - Filling up the DagBag from /home/airflow/.local/lib/python3.12/site-packages/airflow/example_dags/example_bash_decorator.py
[2025-06-17T05:01:26.379+0000] {processor.py:925} INFO - DAG(s) 'example_bash_decorator' retrieved from /home/airflow/.local/lib/python3.12/site-packages/airflow/example_dags/example_bash_decorator.py
[2025-06-17T05:01:26.472+0000] {logging_mixin.py:190} INFO - [2025-06-17T05:01:26.471+0000] {override.py:1912} INFO - Created Permission View: can read on DAG:example_bash_decorator
[2025-06-17T05:01:26.482+0000] {logging_mixin.py:190} INFO - [2025-06-17T05:01:26.482+0000] {override.py:1912} INFO - Created Permission View: can edit on DAG:example_bash_decorator
[2025-06-17T05:01:26.490+0000] {logging_mixin.py:190} INFO - [2025-06-17T05:01:26.490+0000] {override.py:1912} INFO - Created Permission View: can delete on DAG:example_bash_decorator
[2025-06-17T05:01:26.501+0000] {logging_mixin.py:190} INFO - [2025-06-17T05:01:26.501+0000] {override.py:1912} INFO - Created Permission View: menu access on DAG Run:example_bash_decorator
[2025-06-17T05:01:26.509+0000] {logging_mixin.py:190} INFO - [2025-06-17T05:01:26.509+0000] {override.py:1912} INFO - Created Permission View: can create on DAG Run:example_bash_decorator
[2025-06-17T05:01:26.517+0000] {logging_mixin.py:190} INFO - [2025-06-17T05:01:26.516+0000] {override.py:1912} INFO - Created Permission View: can read on DAG Run:example_bash_decorator
[2025-06-17T05:01:26.526+0000] {logging_mixin.py:190} INFO - [2025-06-17T05:01:26.525+0000] {override.py:1912} INFO - Created Permission View: can delete on DAG Run:example_bash_decorator
[2025-06-17T05:01:26.526+0000] {logging_mixin.py:190} INFO - [2025-06-17T05:01:26.526+0000] {dag.py:3239} INFO - Sync 1 DAGs
[2025-06-17T05:01:26.544+0000] {logging_mixin.py:190} INFO - [2025-06-17T05:01:26.544+0000] {dag.py:3262} INFO - Creating ORM DAG for example_bash_decorator
[2025-06-17T05:01:26.545+0000] {logging_mixin.py:190} INFO - [2025-06-17T05:01:26.545+0000] {dag.py:4180} INFO - Setting next_dagrun for example_bash_decorator to None, run_after=None
[2025-06-17T05:01:26.559+0000] {processor.py:208} INFO - Processing /home/airflow/.local/lib/python3.12/site-packages/airflow/example_dags/example_bash_decorator.py took 0.198 seconds
[2025-06-17T05:01:56.587+0000] {processor.py:186} INFO - Started process (PID=139) to work on /home/airflow/.local/lib/python3.12/site-packages/airflow/example_dags/example_bash_decorator.py
[2025-06-17T05:01:56.588+0000] {processor.py:914} INFO - Processing file /home/airflow/.local/lib/python3.12/site-packages/airflow/example_dags/example_bash_decorator.py for tasks to queue
[2025-06-17T05:01:56.589+0000] {logging_mixin.py:190} INFO - [2025-06-17T05:01:56.588+0000] {dagbag.py:588} INFO - Filling up the DagBag from /home/airflow/.local/lib/python3.12/site-packages/airflow/example_dags/example_bash_decorator.py
[2025-06-17T05:01:56.600+0000] {processor.py:925} INFO - DAG(s) 'example_bash_decorator' retrieved from /home/airflow/.local/lib/python3.12/site-packages/airflow/example_dags/example_bash_decorator.py
[2025-06-17T05:01:56.617+0000] {logging_mixin.py:190} INFO - [2025-06-17T05:01:56.617+0000] {dag.py:3239} INFO - Sync 1 DAGs
[2025-06-17T05:01:56.628+0000] {logging_mixin.py:190} INFO - [2025-06-17T05:01:56.628+0000] {dag.py:4180} INFO - Setting next_dagrun for example_bash_decorator to None, run_after=None
[2025-06-17T05:01:56.641+0000] {processor.py:208} INFO - Processing /home/airflow/.local/lib/python3.12/site-packages/airflow/example_dags/example_bash_decorator.py took 0.058 seconds
[2025-06-17T05:02:27.513+0000] {processor.py:186} INFO - Started process (PID=202) to work on /home/airflow/.local/lib/python3.12/site-packages/airflow/example_dags/example_bash_decorator.py
[2025-06-17T05:02:27.514+0000] {processor.py:914} INFO - Processing file /home/airflow/.local/lib/python3.12/site-packages/airflow/example_dags/example_bash_decorator.py for tasks to queue
[2025-06-17T05:02:27.515+0000] {logging_mixin.py:190} INFO - [2025-06-17T05:02:27.514+0000] {dagbag.py:588} INFO - Filling up the DagBag from /home/airflow/.local/lib/python3.12/site-packages/airflow/example_dags/example_bash_decorator.py
[2025-06-17T05:02:27.526+0000] {processor.py:925} INFO - DAG(s) 'example_bash_decorator' retrieved from /home/airflow/.local/lib/python3.12/site-packages/airflow/example_dags/example_bash_decorator.py
[2025-06-17T05:02:27.544+0000] {logging_mixin.py:190} INFO - [2025-06-17T05:02:27.544+0000] {dag.py:3239} INFO - Sync 1 DAGs
[2025-06-17T05:02:27.555+0000] {logging_mixin.py:190} INFO - [2025-06-17T05:02:27.555+0000] {dag.py:4180} INFO - Setting next_dagrun for example_bash_decorator to None, run_after=None
[2025-06-17T05:02:27.569+0000] {processor.py:208} INFO - Processing /home/airflow/.local/lib/python3.12/site-packages/airflow/example_dags/example_bash_decorator.py took 0.062 seconds
[2025-06-17T05:06:05.656+0000] {processor.py:186} INFO - Started process (PID=73) to work on /home/airflow/.local/lib/python3.12/site-packages/airflow/example_dags/example_bash_decorator.py
[2025-06-17T05:06:05.657+0000] {processor.py:914} INFO - Processing file /home/airflow/.local/lib/python3.12/site-packages/airflow/example_dags/example_bash_decorator.py for tasks to queue
[2025-06-17T05:06:05.658+0000] {logging_mixin.py:190} INFO - [2025-06-17T05:06:05.658+0000] {dagbag.py:588} INFO - Filling up the DagBag from /home/airflow/.local/lib/python3.12/site-packages/airflow/example_dags/example_bash_decorator.py
[2025-06-17T05:06:05.671+0000] {processor.py:925} INFO - DAG(s) 'example_bash_decorator' retrieved from /home/airflow/.local/lib/python3.12/site-packages/airflow/example_dags/example_bash_decorator.py
[2025-06-17T05:06:05.772+0000] {logging_mixin.py:190} INFO - [2025-06-17T05:06:05.772+0000] {dag.py:3239} INFO - Sync 1 DAGs
[2025-06-17T05:06:05.783+0000] {logging_mixin.py:190} INFO - [2025-06-17T05:06:05.783+0000] {dag.py:4180} INFO - Setting next_dagrun for example_bash_decorator to None, run_after=None
[2025-06-17T05:06:05.804+0000] {processor.py:208} INFO - Processing /home/airflow/.local/lib/python3.12/site-packages/airflow/example_dags/example_bash_decorator.py took 0.152 seconds
[2025-06-17T05:06:36.946+0000] {processor.py:186} INFO - Started process (PID=142) to work on /home/airflow/.local/lib/python3.12/site-packages/airflow/example_dags/example_bash_decorator.py
[2025-06-17T05:06:36.947+0000] {processor.py:914} INFO - Processing file /home/airflow/.local/lib/python3.12/site-packages/airflow/example_dags/example_bash_decorator.py for tasks to queue
[2025-06-17T05:06:36.948+0000] {logging_mixin.py:190} INFO - [2025-06-17T05:06:36.947+0000] {dagbag.py:588} INFO - Filling up the DagBag from /home/airflow/.local/lib/python3.12/site-packages/airflow/example_dags/example_bash_decorator.py
[2025-06-17T05:06:36.960+0000] {processor.py:925} INFO - DAG(s) 'example_bash_decorator' retrieved from /home/airflow/.local/lib/python3.12/site-packages/airflow/example_dags/example_bash_decorator.py
[2025-06-17T05:06:36.976+0000] {logging_mixin.py:190} INFO - [2025-06-17T05:06:36.976+0000] {dag.py:3239} INFO - Sync 1 DAGs
[2025-06-17T05:06:36.988+0000] {logging_mixin.py:190} INFO - [2025-06-17T05:06:36.988+0000] {dag.py:4180} INFO - Setting next_dagrun for example_bash_decorator to None, run_after=None
[2025-06-17T05:06:37.000+0000] {processor.py:208} INFO - Processing /home/airflow/.local/lib/python3.12/site-packages/airflow/example_dags/example_bash_decorator.py took 0.059 seconds
[2025-06-17T05:08:59.682+0000] {processor.py:186} INFO - Started process (PID=77) to work on /home/airflow/.local/lib/python3.12/site-packages/airflow/example_dags/example_bash_decorator.py
[2025-06-17T05:08:59.683+0000] {processor.py:914} INFO - Processing file /home/airflow/.local/lib/python3.12/site-packages/airflow/example_dags/example_bash_decorator.py for tasks to queue
[2025-06-17T05:08:59.684+0000] {logging_mixin.py:190} INFO - [2025-06-17T05:08:59.684+0000] {dagbag.py:588} INFO - Filling up the DagBag from /home/airflow/.local/lib/python3.12/site-packages/airflow/example_dags/example_bash_decorator.py
[2025-06-17T05:08:59.696+0000] {processor.py:925} INFO - DAG(s) 'example_bash_decorator' retrieved from /home/airflow/.local/lib/python3.12/site-packages/airflow/example_dags/example_bash_decorator.py
[2025-06-17T05:08:59.788+0000] {logging_mixin.py:190} INFO - [2025-06-17T05:08:59.788+0000] {dag.py:3239} INFO - Sync 1 DAGs
[2025-06-17T05:08:59.799+0000] {logging_mixin.py:190} INFO - [2025-06-17T05:08:59.799+0000] {dag.py:4180} INFO - Setting next_dagrun for example_bash_decorator to None, run_after=None
[2025-06-17T05:08:59.816+0000] {processor.py:208} INFO - Processing /home/airflow/.local/lib/python3.12/site-packages/airflow/example_dags/example_bash_decorator.py took 0.138 seconds
[2025-06-17T05:09:30.618+0000] {processor.py:186} INFO - Started process (PID=140) to work on /home/airflow/.local/lib/python3.12/site-packages/airflow/example_dags/example_bash_decorator.py
[2025-06-17T05:09:30.619+0000] {processor.py:914} INFO - Processing file /home/airflow/.local/lib/python3.12/site-packages/airflow/example_dags/example_bash_decorator.py for tasks to queue
[2025-06-17T05:09:30.619+0000] {logging_mixin.py:190} INFO - [2025-06-17T05:09:30.619+0000] {dagbag.py:588} INFO - Filling up the DagBag from /home/airflow/.local/lib/python3.12/site-packages/airflow/example_dags/example_bash_decorator.py
[2025-06-17T05:09:30.631+0000] {processor.py:925} INFO - DAG(s) 'example_bash_decorator' retrieved from /home/airflow/.local/lib/python3.12/site-packages/airflow/example_dags/example_bash_decorator.py
[2025-06-17T05:09:30.648+0000] {logging_mixin.py:190} INFO - [2025-06-17T05:09:30.648+0000] {dag.py:3239} INFO - Sync 1 DAGs
[2025-06-17T05:09:30.658+0000] {logging_mixin.py:190} INFO - [2025-06-17T05:09:30.658+0000] {dag.py:4180} INFO - Setting next_dagrun for example_bash_decorator to None, run_after=None
[2025-06-17T05:09:30.673+0000] {processor.py:208} INFO - Processing /home/airflow/.local/lib/python3.12/site-packages/airflow/example_dags/example_bash_decorator.py took 0.059 seconds
[2025-06-17T05:10:01.261+0000] {processor.py:186} INFO - Started process (PID=202) to work on /home/airflow/.local/lib/python3.12/site-packages/airflow/example_dags/example_bash_decorator.py
[2025-06-17T05:10:01.261+0000] {processor.py:914} INFO - Processing file /home/airflow/.local/lib/python3.12/site-packages/airflow/example_dags/example_bash_decorator.py for tasks to queue
[2025-06-17T05:10:01.263+0000] {logging_mixin.py:190} INFO - [2025-06-17T05:10:01.262+0000] {dagbag.py:588} INFO - Filling up the DagBag from /home/airflow/.local/lib/python3.12/site-packages/airflow/example_dags/example_bash_decorator.py
[2025-06-17T05:10:01.276+0000] {processor.py:925} INFO - DAG(s) 'example_bash_decorator' retrieved from /home/airflow/.local/lib/python3.12/site-packages/airflow/example_dags/example_bash_decorator.py
[2025-06-17T05:10:01.297+0000] {logging_mixin.py:190} INFO - [2025-06-17T05:10:01.297+0000] {dag.py:3239} INFO - Sync 1 DAGs
[2025-06-17T05:10:01.311+0000] {logging_mixin.py:190} INFO - [2025-06-17T05:10:01.311+0000] {dag.py:4180} INFO - Setting next_dagrun for example_bash_decorator to None, run_after=None
[2025-06-17T05:10:01.326+0000] {processor.py:208} INFO - Processing /home/airflow/.local/lib/python3.12/site-packages/airflow/example_dags/example_bash_decorator.py took 0.071 seconds
[2025-06-17T05:10:32.362+0000] {processor.py:186} INFO - Started process (PID=265) to work on /home/airflow/.local/lib/python3.12/site-packages/airflow/example_dags/example_bash_decorator.py
[2025-06-17T05:10:32.363+0000] {processor.py:914} INFO - Processing file /home/airflow/.local/lib/python3.12/site-packages/airflow/example_dags/example_bash_decorator.py for tasks to queue
[2025-06-17T05:10:32.364+0000] {logging_mixin.py:190} INFO - [2025-06-17T05:10:32.364+0000] {dagbag.py:588} INFO - Filling up the DagBag from /home/airflow/.local/lib/python3.12/site-packages/airflow/example_dags/example_bash_decorator.py
[2025-06-17T05:10:32.375+0000] {processor.py:925} INFO - DAG(s) 'example_bash_decorator' retrieved from /home/airflow/.local/lib/python3.12/site-packages/airflow/example_dags/example_bash_decorator.py
[2025-06-17T05:10:32.392+0000] {logging_mixin.py:190} INFO - [2025-06-17T05:10:32.392+0000] {dag.py:3239} INFO - Sync 1 DAGs
[2025-06-17T05:10:32.403+0000] {logging_mixin.py:190} INFO - [2025-06-17T05:10:32.403+0000] {dag.py:4180} INFO - Setting next_dagrun for example_bash_decorator to None, run_after=None
[2025-06-17T05:10:32.417+0000] {processor.py:208} INFO - Processing /home/airflow/.local/lib/python3.12/site-packages/airflow/example_dags/example_bash_decorator.py took 0.059 seconds
[2025-06-17T05:11:03.711+0000] {processor.py:186} INFO - Started process (PID=328) to work on /home/airflow/.local/lib/python3.12/site-packages/airflow/example_dags/example_bash_decorator.py
[2025-06-17T05:11:03.712+0000] {processor.py:914} INFO - Processing file /home/airflow/.local/lib/python3.12/site-packages/airflow/example_dags/example_bash_decorator.py for tasks to queue
[2025-06-17T05:11:03.713+0000] {logging_mixin.py:190} INFO - [2025-06-17T05:11:03.712+0000] {dagbag.py:588} INFO - Filling up the DagBag from /home/airflow/.local/lib/python3.12/site-packages/airflow/example_dags/example_bash_decorator.py
[2025-06-17T05:11:03.724+0000] {processor.py:925} INFO - DAG(s) 'example_bash_decorator' retrieved from /home/airflow/.local/lib/python3.12/site-packages/airflow/example_dags/example_bash_decorator.py
[2025-06-17T05:11:03.740+0000] {logging_mixin.py:190} INFO - [2025-06-17T05:11:03.740+0000] {dag.py:3239} INFO - Sync 1 DAGs
[2025-06-17T05:11:03.751+0000] {logging_mixin.py:190} INFO - [2025-06-17T05:11:03.751+0000] {dag.py:4180} INFO - Setting next_dagrun for example_bash_decorator to None, run_after=None
[2025-06-17T05:11:03.767+0000] {processor.py:208} INFO - Processing /home/airflow/.local/lib/python3.12/site-packages/airflow/example_dags/example_bash_decorator.py took 0.060 seconds
[2025-06-17T05:11:34.437+0000] {processor.py:186} INFO - Started process (PID=391) to work on /home/airflow/.local/lib/python3.12/site-packages/airflow/example_dags/example_bash_decorator.py
[2025-06-17T05:11:34.438+0000] {processor.py:914} INFO - Processing file /home/airflow/.local/lib/python3.12/site-packages/airflow/example_dags/example_bash_decorator.py for tasks to queue
[2025-06-17T05:11:34.439+0000] {logging_mixin.py:190} INFO - [2025-06-17T05:11:34.439+0000] {dagbag.py:588} INFO - Filling up the DagBag from /home/airflow/.local/lib/python3.12/site-packages/airflow/example_dags/example_bash_decorator.py
[2025-06-17T05:11:34.452+0000] {processor.py:925} INFO - DAG(s) 'example_bash_decorator' retrieved from /home/airflow/.local/lib/python3.12/site-packages/airflow/example_dags/example_bash_decorator.py
[2025-06-17T05:11:34.469+0000] {logging_mixin.py:190} INFO - [2025-06-17T05:11:34.469+0000] {dag.py:3239} INFO - Sync 1 DAGs
[2025-06-17T05:11:34.481+0000] {logging_mixin.py:190} INFO - [2025-06-17T05:11:34.481+0000] {dag.py:4180} INFO - Setting next_dagrun for example_bash_decorator to None, run_after=None
[2025-06-17T05:11:34.497+0000] {processor.py:208} INFO - Processing /home/airflow/.local/lib/python3.12/site-packages/airflow/example_dags/example_bash_decorator.py took 0.064 seconds
[2025-06-17T05:12:05.412+0000] {processor.py:186} INFO - Started process (PID=454) to work on /home/airflow/.local/lib/python3.12/site-packages/airflow/example_dags/example_bash_decorator.py
[2025-06-17T05:12:05.412+0000] {processor.py:914} INFO - Processing file /home/airflow/.local/lib/python3.12/site-packages/airflow/example_dags/example_bash_decorator.py for tasks to queue
[2025-06-17T05:12:05.413+0000] {logging_mixin.py:190} INFO - [2025-06-17T05:12:05.413+0000] {dagbag.py:588} INFO - Filling up the DagBag from /home/airflow/.local/lib/python3.12/site-packages/airflow/example_dags/example_bash_decorator.py
[2025-06-17T05:12:05.424+0000] {processor.py:925} INFO - DAG(s) 'example_bash_decorator' retrieved from /home/airflow/.local/lib/python3.12/site-packages/airflow/example_dags/example_bash_decorator.py
[2025-06-17T05:12:05.441+0000] {logging_mixin.py:190} INFO - [2025-06-17T05:12:05.441+0000] {dag.py:3239} INFO - Sync 1 DAGs
[2025-06-17T05:12:05.452+0000] {logging_mixin.py:190} INFO - [2025-06-17T05:12:05.452+0000] {dag.py:4180} INFO - Setting next_dagrun for example_bash_decorator to None, run_after=None
[2025-06-17T05:12:05.466+0000] {processor.py:208} INFO - Processing /home/airflow/.local/lib/python3.12/site-packages/airflow/example_dags/example_bash_decorator.py took 0.058 seconds
[2025-06-17T05:12:36.061+0000] {processor.py:186} INFO - Started process (PID=517) to work on /home/airflow/.local/lib/python3.12/site-packages/airflow/example_dags/example_bash_decorator.py
[2025-06-17T05:12:36.061+0000] {processor.py:914} INFO - Processing file /home/airflow/.local/lib/python3.12/site-packages/airflow/example_dags/example_bash_decorator.py for tasks to queue
[2025-06-17T05:12:36.062+0000] {logging_mixin.py:190} INFO - [2025-06-17T05:12:36.062+0000] {dagbag.py:588} INFO - Filling up the DagBag from /home/airflow/.local/lib/python3.12/site-packages/airflow/example_dags/example_bash_decorator.py
[2025-06-17T05:12:36.073+0000] {processor.py:925} INFO - DAG(s) 'example_bash_decorator' retrieved from /home/airflow/.local/lib/python3.12/site-packages/airflow/example_dags/example_bash_decorator.py
[2025-06-17T05:12:36.091+0000] {logging_mixin.py:190} INFO - [2025-06-17T05:12:36.091+0000] {dag.py:3239} INFO - Sync 1 DAGs
[2025-06-17T05:12:36.102+0000] {logging_mixin.py:190} INFO - [2025-06-17T05:12:36.102+0000] {dag.py:4180} INFO - Setting next_dagrun for example_bash_decorator to None, run_after=None
[2025-06-17T05:12:36.115+0000] {processor.py:208} INFO - Processing /home/airflow/.local/lib/python3.12/site-packages/airflow/example_dags/example_bash_decorator.py took 0.059 seconds
[2025-06-17T05:13:06.649+0000] {processor.py:186} INFO - Started process (PID=580) to work on /home/airflow/.local/lib/python3.12/site-packages/airflow/example_dags/example_bash_decorator.py
[2025-06-17T05:13:06.650+0000] {processor.py:914} INFO - Processing file /home/airflow/.local/lib/python3.12/site-packages/airflow/example_dags/example_bash_decorator.py for tasks to queue
[2025-06-17T05:13:06.651+0000] {logging_mixin.py:190} INFO - [2025-06-17T05:13:06.650+0000] {dagbag.py:588} INFO - Filling up the DagBag from /home/airflow/.local/lib/python3.12/site-packages/airflow/example_dags/example_bash_decorator.py
[2025-06-17T05:13:06.662+0000] {processor.py:925} INFO - DAG(s) 'example_bash_decorator' retrieved from /home/airflow/.local/lib/python3.12/site-packages/airflow/example_dags/example_bash_decorator.py
[2025-06-17T05:13:06.679+0000] {logging_mixin.py:190} INFO - [2025-06-17T05:13:06.678+0000] {dag.py:3239} INFO - Sync 1 DAGs
[2025-06-17T05:13:06.690+0000] {logging_mixin.py:190} INFO - [2025-06-17T05:13:06.690+0000] {dag.py:4180} INFO - Setting next_dagrun for example_bash_decorator to None, run_after=None
[2025-06-17T05:13:06.706+0000] {processor.py:208} INFO - Processing /home/airflow/.local/lib/python3.12/site-packages/airflow/example_dags/example_bash_decorator.py took 0.062 seconds
[2025-06-17T05:13:37.354+0000] {processor.py:186} INFO - Started process (PID=644) to work on /home/airflow/.local/lib/python3.12/site-packages/airflow/example_dags/example_bash_decorator.py
[2025-06-17T05:13:37.354+0000] {processor.py:914} INFO - Processing file /home/airflow/.local/lib/python3.12/site-packages/airflow/example_dags/example_bash_decorator.py for tasks to queue
[2025-06-17T05:13:37.355+0000] {logging_mixin.py:190} INFO - [2025-06-17T05:13:37.355+0000] {dagbag.py:588} INFO - Filling up the DagBag from /home/airflow/.local/lib/python3.12/site-packages/airflow/example_dags/example_bash_decorator.py
[2025-06-17T05:13:37.367+0000] {processor.py:925} INFO - DAG(s) 'example_bash_decorator' retrieved from /home/airflow/.local/lib/python3.12/site-packages/airflow/example_dags/example_bash_decorator.py
[2025-06-17T05:13:37.386+0000] {logging_mixin.py:190} INFO - [2025-06-17T05:13:37.386+0000] {dag.py:3239} INFO - Sync 1 DAGs
[2025-06-17T05:13:37.398+0000] {logging_mixin.py:190} INFO - [2025-06-17T05:13:37.398+0000] {dag.py:4180} INFO - Setting next_dagrun for example_bash_decorator to None, run_after=None
[2025-06-17T05:13:37.414+0000] {processor.py:208} INFO - Processing /home/airflow/.local/lib/python3.12/site-packages/airflow/example_dags/example_bash_decorator.py took 0.065 seconds
[2025-06-17T05:14:08.104+0000] {processor.py:186} INFO - Started process (PID=707) to work on /home/airflow/.local/lib/python3.12/site-packages/airflow/example_dags/example_bash_decorator.py
[2025-06-17T05:14:08.105+0000] {processor.py:914} INFO - Processing file /home/airflow/.local/lib/python3.12/site-packages/airflow/example_dags/example_bash_decorator.py for tasks to queue
[2025-06-17T05:14:08.106+0000] {logging_mixin.py:190} INFO - [2025-06-17T05:14:08.106+0000] {dagbag.py:588} INFO - Filling up the DagBag from /home/airflow/.local/lib/python3.12/site-packages/airflow/example_dags/example_bash_decorator.py
[2025-06-17T05:14:08.118+0000] {processor.py:925} INFO - DAG(s) 'example_bash_decorator' retrieved from /home/airflow/.local/lib/python3.12/site-packages/airflow/example_dags/example_bash_decorator.py
[2025-06-17T05:14:08.136+0000] {logging_mixin.py:190} INFO - [2025-06-17T05:14:08.135+0000] {dag.py:3239} INFO - Sync 1 DAGs
[2025-06-17T05:14:08.149+0000] {logging_mixin.py:190} INFO - [2025-06-17T05:14:08.149+0000] {dag.py:4180} INFO - Setting next_dagrun for example_bash_decorator to None, run_after=None
[2025-06-17T05:14:08.166+0000] {processor.py:208} INFO - Processing /home/airflow/.local/lib/python3.12/site-packages/airflow/example_dags/example_bash_decorator.py took 0.067 seconds
[2025-06-17T05:17:46.189+0000] {processor.py:186} INFO - Started process (PID=78) to work on /home/airflow/.local/lib/python3.12/site-packages/airflow/example_dags/example_bash_decorator.py
[2025-06-17T05:17:46.190+0000] {processor.py:914} INFO - Processing file /home/airflow/.local/lib/python3.12/site-packages/airflow/example_dags/example_bash_decorator.py for tasks to queue
[2025-06-17T05:17:46.191+0000] {logging_mixin.py:190} INFO - [2025-06-17T05:17:46.191+0000] {dagbag.py:588} INFO - Filling up the DagBag from /home/airflow/.local/lib/python3.12/site-packages/airflow/example_dags/example_bash_decorator.py
[2025-06-17T05:17:46.205+0000] {processor.py:925} INFO - DAG(s) 'example_bash_decorator' retrieved from /home/airflow/.local/lib/python3.12/site-packages/airflow/example_dags/example_bash_decorator.py
[2025-06-17T05:17:46.311+0000] {logging_mixin.py:190} INFO - [2025-06-17T05:17:46.310+0000] {override.py:1912} INFO - Created Permission View: can read on DAG:example_bash_decorator
[2025-06-17T05:17:46.320+0000] {logging_mixin.py:190} INFO - [2025-06-17T05:17:46.319+0000] {override.py:1912} INFO - Created Permission View: can delete on DAG:example_bash_decorator
[2025-06-17T05:17:46.326+0000] {logging_mixin.py:190} INFO - [2025-06-17T05:17:46.326+0000] {override.py:1912} INFO - Created Permission View: can edit on DAG:example_bash_decorator
[2025-06-17T05:17:46.334+0000] {logging_mixin.py:190} INFO - [2025-06-17T05:17:46.334+0000] {override.py:1912} INFO - Created Permission View: can read on DAG Run:example_bash_decorator
[2025-06-17T05:17:46.340+0000] {logging_mixin.py:190} INFO - [2025-06-17T05:17:46.340+0000] {override.py:1912} INFO - Created Permission View: can delete on DAG Run:example_bash_decorator
[2025-06-17T05:17:46.346+0000] {logging_mixin.py:190} INFO - [2025-06-17T05:17:46.346+0000] {override.py:1912} INFO - Created Permission View: menu access on DAG Run:example_bash_decorator
[2025-06-17T05:17:46.352+0000] {logging_mixin.py:190} INFO - [2025-06-17T05:17:46.352+0000] {override.py:1912} INFO - Created Permission View: can create on DAG Run:example_bash_decorator
[2025-06-17T05:17:46.353+0000] {logging_mixin.py:190} INFO - [2025-06-17T05:17:46.353+0000] {dag.py:3239} INFO - Sync 1 DAGs
[2025-06-17T05:17:46.363+0000] {logging_mixin.py:190} INFO - [2025-06-17T05:17:46.363+0000] {dag.py:3262} INFO - Creating ORM DAG for example_bash_decorator
[2025-06-17T05:17:46.364+0000] {logging_mixin.py:190} INFO - [2025-06-17T05:17:46.364+0000] {dag.py:4180} INFO - Setting next_dagrun for example_bash_decorator to None, run_after=None
[2025-06-17T05:17:46.377+0000] {processor.py:208} INFO - Processing /home/airflow/.local/lib/python3.12/site-packages/airflow/example_dags/example_bash_decorator.py took 0.192 seconds
[2025-06-17T05:19:14.154+0000] {processor.py:186} INFO - Started process (PID=78) to work on /home/airflow/.local/lib/python3.12/site-packages/airflow/example_dags/example_bash_decorator.py
[2025-06-17T05:19:14.155+0000] {processor.py:914} INFO - Processing file /home/airflow/.local/lib/python3.12/site-packages/airflow/example_dags/example_bash_decorator.py for tasks to queue
[2025-06-17T05:19:14.155+0000] {logging_mixin.py:190} INFO - [2025-06-17T05:19:14.155+0000] {dagbag.py:588} INFO - Filling up the DagBag from /home/airflow/.local/lib/python3.12/site-packages/airflow/example_dags/example_bash_decorator.py
[2025-06-17T05:19:14.168+0000] {processor.py:925} INFO - DAG(s) 'example_bash_decorator' retrieved from /home/airflow/.local/lib/python3.12/site-packages/airflow/example_dags/example_bash_decorator.py
[2025-06-17T05:19:14.263+0000] {logging_mixin.py:190} INFO - [2025-06-17T05:19:14.263+0000] {dag.py:3239} INFO - Sync 1 DAGs
[2025-06-17T05:19:14.273+0000] {logging_mixin.py:190} INFO - [2025-06-17T05:19:14.273+0000] {dag.py:4180} INFO - Setting next_dagrun for example_bash_decorator to None, run_after=None
[2025-06-17T05:19:14.294+0000] {processor.py:208} INFO - Processing /home/airflow/.local/lib/python3.12/site-packages/airflow/example_dags/example_bash_decorator.py took 0.145 seconds
[2025-06-17T05:19:44.767+0000] {processor.py:186} INFO - Started process (PID=141) to work on /home/airflow/.local/lib/python3.12/site-packages/airflow/example_dags/example_bash_decorator.py
[2025-06-17T05:19:44.768+0000] {processor.py:914} INFO - Processing file /home/airflow/.local/lib/python3.12/site-packages/airflow/example_dags/example_bash_decorator.py for tasks to queue
[2025-06-17T05:19:44.769+0000] {logging_mixin.py:190} INFO - [2025-06-17T05:19:44.769+0000] {dagbag.py:588} INFO - Filling up the DagBag from /home/airflow/.local/lib/python3.12/site-packages/airflow/example_dags/example_bash_decorator.py
[2025-06-17T05:19:44.782+0000] {processor.py:925} INFO - DAG(s) 'example_bash_decorator' retrieved from /home/airflow/.local/lib/python3.12/site-packages/airflow/example_dags/example_bash_decorator.py
[2025-06-17T05:19:44.798+0000] {logging_mixin.py:190} INFO - [2025-06-17T05:19:44.798+0000] {dag.py:3239} INFO - Sync 1 DAGs
[2025-06-17T05:19:44.809+0000] {logging_mixin.py:190} INFO - [2025-06-17T05:19:44.809+0000] {dag.py:4180} INFO - Setting next_dagrun for example_bash_decorator to None, run_after=None
[2025-06-17T05:19:44.825+0000] {processor.py:208} INFO - Processing /home/airflow/.local/lib/python3.12/site-packages/airflow/example_dags/example_bash_decorator.py took 0.064 seconds
[2025-06-17T05:21:33.279+0000] {processor.py:186} INFO - Started process (PID=78) to work on /home/airflow/.local/lib/python3.12/site-packages/airflow/example_dags/example_bash_decorator.py
[2025-06-17T05:21:33.280+0000] {processor.py:914} INFO - Processing file /home/airflow/.local/lib/python3.12/site-packages/airflow/example_dags/example_bash_decorator.py for tasks to queue
[2025-06-17T05:21:33.281+0000] {logging_mixin.py:190} INFO - [2025-06-17T05:21:33.281+0000] {dagbag.py:588} INFO - Filling up the DagBag from /home/airflow/.local/lib/python3.12/site-packages/airflow/example_dags/example_bash_decorator.py
[2025-06-17T05:21:33.293+0000] {processor.py:925} INFO - DAG(s) 'example_bash_decorator' retrieved from /home/airflow/.local/lib/python3.12/site-packages/airflow/example_dags/example_bash_decorator.py
[2025-06-17T05:21:33.394+0000] {logging_mixin.py:190} INFO - [2025-06-17T05:21:33.393+0000] {dag.py:3239} INFO - Sync 1 DAGs
[2025-06-17T05:21:33.404+0000] {logging_mixin.py:190} INFO - [2025-06-17T05:21:33.404+0000] {dag.py:4180} INFO - Setting next_dagrun for example_bash_decorator to None, run_after=None
[2025-06-17T05:21:33.420+0000] {processor.py:208} INFO - Processing /home/airflow/.local/lib/python3.12/site-packages/airflow/example_dags/example_bash_decorator.py took 0.146 seconds
[2025-06-17T05:22:04.751+0000] {processor.py:186} INFO - Started process (PID=141) to work on /home/airflow/.local/lib/python3.12/site-packages/airflow/example_dags/example_bash_decorator.py
[2025-06-17T05:22:04.751+0000] {processor.py:914} INFO - Processing file /home/airflow/.local/lib/python3.12/site-packages/airflow/example_dags/example_bash_decorator.py for tasks to queue
[2025-06-17T05:22:04.753+0000] {logging_mixin.py:190} INFO - [2025-06-17T05:22:04.752+0000] {dagbag.py:588} INFO - Filling up the DagBag from /home/airflow/.local/lib/python3.12/site-packages/airflow/example_dags/example_bash_decorator.py
[2025-06-17T05:22:04.764+0000] {processor.py:925} INFO - DAG(s) 'example_bash_decorator' retrieved from /home/airflow/.local/lib/python3.12/site-packages/airflow/example_dags/example_bash_decorator.py
[2025-06-17T05:22:04.781+0000] {logging_mixin.py:190} INFO - [2025-06-17T05:22:04.781+0000] {dag.py:3239} INFO - Sync 1 DAGs
[2025-06-17T05:22:04.792+0000] {logging_mixin.py:190} INFO - [2025-06-17T05:22:04.792+0000] {dag.py:4180} INFO - Setting next_dagrun for example_bash_decorator to None, run_after=None
[2025-06-17T05:22:04.806+0000] {processor.py:208} INFO - Processing /home/airflow/.local/lib/python3.12/site-packages/airflow/example_dags/example_bash_decorator.py took 0.060 seconds
[2025-06-17T05:22:35.507+0000] {processor.py:186} INFO - Started process (PID=204) to work on /home/airflow/.local/lib/python3.12/site-packages/airflow/example_dags/example_bash_decorator.py
[2025-06-17T05:22:35.508+0000] {processor.py:914} INFO - Processing file /home/airflow/.local/lib/python3.12/site-packages/airflow/example_dags/example_bash_decorator.py for tasks to queue
[2025-06-17T05:22:35.509+0000] {logging_mixin.py:190} INFO - [2025-06-17T05:22:35.509+0000] {dagbag.py:588} INFO - Filling up the DagBag from /home/airflow/.local/lib/python3.12/site-packages/airflow/example_dags/example_bash_decorator.py
[2025-06-17T05:22:35.522+0000] {processor.py:925} INFO - DAG(s) 'example_bash_decorator' retrieved from /home/airflow/.local/lib/python3.12/site-packages/airflow/example_dags/example_bash_decorator.py
[2025-06-17T05:22:35.541+0000] {logging_mixin.py:190} INFO - [2025-06-17T05:22:35.541+0000] {dag.py:3239} INFO - Sync 1 DAGs
[2025-06-17T05:22:35.553+0000] {logging_mixin.py:190} INFO - [2025-06-17T05:22:35.553+0000] {dag.py:4180} INFO - Setting next_dagrun for example_bash_decorator to None, run_after=None
[2025-06-17T05:22:35.567+0000] {processor.py:208} INFO - Processing /home/airflow/.local/lib/python3.12/site-packages/airflow/example_dags/example_bash_decorator.py took 0.064 seconds
[2025-06-17T05:23:06.412+0000] {processor.py:186} INFO - Started process (PID=266) to work on /home/airflow/.local/lib/python3.12/site-packages/airflow/example_dags/example_bash_decorator.py
[2025-06-17T05:23:06.413+0000] {processor.py:914} INFO - Processing file /home/airflow/.local/lib/python3.12/site-packages/airflow/example_dags/example_bash_decorator.py for tasks to queue
[2025-06-17T05:23:06.413+0000] {logging_mixin.py:190} INFO - [2025-06-17T05:23:06.413+0000] {dagbag.py:588} INFO - Filling up the DagBag from /home/airflow/.local/lib/python3.12/site-packages/airflow/example_dags/example_bash_decorator.py
[2025-06-17T05:23:06.425+0000] {processor.py:925} INFO - DAG(s) 'example_bash_decorator' retrieved from /home/airflow/.local/lib/python3.12/site-packages/airflow/example_dags/example_bash_decorator.py
[2025-06-17T05:23:06.441+0000] {logging_mixin.py:190} INFO - [2025-06-17T05:23:06.441+0000] {dag.py:3239} INFO - Sync 1 DAGs
[2025-06-17T05:23:06.454+0000] {logging_mixin.py:190} INFO - [2025-06-17T05:23:06.453+0000] {dag.py:4180} INFO - Setting next_dagrun for example_bash_decorator to None, run_after=None
[2025-06-17T05:23:06.467+0000] {processor.py:208} INFO - Processing /home/airflow/.local/lib/python3.12/site-packages/airflow/example_dags/example_bash_decorator.py took 0.059 seconds
[2025-06-17T05:23:37.321+0000] {processor.py:186} INFO - Started process (PID=329) to work on /home/airflow/.local/lib/python3.12/site-packages/airflow/example_dags/example_bash_decorator.py
[2025-06-17T05:23:37.322+0000] {processor.py:914} INFO - Processing file /home/airflow/.local/lib/python3.12/site-packages/airflow/example_dags/example_bash_decorator.py for tasks to queue
[2025-06-17T05:23:37.322+0000] {logging_mixin.py:190} INFO - [2025-06-17T05:23:37.322+0000] {dagbag.py:588} INFO - Filling up the DagBag from /home/airflow/.local/lib/python3.12/site-packages/airflow/example_dags/example_bash_decorator.py
[2025-06-17T05:23:37.334+0000] {processor.py:925} INFO - DAG(s) 'example_bash_decorator' retrieved from /home/airflow/.local/lib/python3.12/site-packages/airflow/example_dags/example_bash_decorator.py
[2025-06-17T05:23:37.350+0000] {logging_mixin.py:190} INFO - [2025-06-17T05:23:37.350+0000] {dag.py:3239} INFO - Sync 1 DAGs
[2025-06-17T05:23:37.361+0000] {logging_mixin.py:190} INFO - [2025-06-17T05:23:37.361+0000] {dag.py:4180} INFO - Setting next_dagrun for example_bash_decorator to None, run_after=None
[2025-06-17T05:23:37.377+0000] {processor.py:208} INFO - Processing /home/airflow/.local/lib/python3.12/site-packages/airflow/example_dags/example_bash_decorator.py took 0.060 seconds
