[2025-06-17T05:01:26.585+0000] {processor.py:186} INFO - Started process (PID=78) to work on /home/airflow/.local/lib/python3.12/site-packages/airflow/example_dags/example_xcom.py
[2025-06-17T05:01:26.585+0000] {processor.py:914} INFO - Processing file /home/airflow/.local/lib/python3.12/site-packages/airflow/example_dags/example_xcom.py for tasks to queue
[2025-06-17T05:01:26.586+0000] {logging_mixin.py:190} INFO - [2025-06-17T05:01:26.586+0000] {dagbag.py:588} INFO - Filling up the DagBag from /home/airflow/.local/lib/python3.12/site-packages/airflow/example_dags/example_xcom.py
[2025-06-17T05:01:26.595+0000] {processor.py:925} INFO - DAG(s) 'example_xcom' retrieved from /home/airflow/.local/lib/python3.12/site-packages/airflow/example_dags/example_xcom.py
[2025-06-17T05:01:26.692+0000] {logging_mixin.py:190} INFO - [2025-06-17T05:01:26.691+0000] {override.py:1912} INFO - Created Permission View: can read on DAG:example_xcom
[2025-06-17T05:01:26.701+0000] {logging_mixin.py:190} INFO - [2025-06-17T05:01:26.701+0000] {override.py:1912} INFO - Created Permission View: can edit on DAG:example_xcom
[2025-06-17T05:01:26.706+0000] {logging_mixin.py:190} INFO - [2025-06-17T05:01:26.706+0000] {override.py:1912} INFO - Created Permission View: can delete on DAG:example_xcom
[2025-06-17T05:01:26.714+0000] {logging_mixin.py:190} INFO - [2025-06-17T05:01:26.714+0000] {override.py:1912} INFO - Created Permission View: menu access on DAG Run:example_xcom
[2025-06-17T05:01:26.720+0000] {logging_mixin.py:190} INFO - [2025-06-17T05:01:26.720+0000] {override.py:1912} INFO - Created Permission View: can create on DAG Run:example_xcom
[2025-06-17T05:01:26.726+0000] {logging_mixin.py:190} INFO - [2025-06-17T05:01:26.726+0000] {override.py:1912} INFO - Created Permission View: can read on DAG Run:example_xcom
[2025-06-17T05:01:26.732+0000] {logging_mixin.py:190} INFO - [2025-06-17T05:01:26.732+0000] {override.py:1912} INFO - Created Permission View: can delete on DAG Run:example_xcom
[2025-06-17T05:01:26.733+0000] {logging_mixin.py:190} INFO - [2025-06-17T05:01:26.733+0000] {dag.py:3239} INFO - Sync 1 DAGs
[2025-06-17T05:01:26.742+0000] {logging_mixin.py:190} INFO - [2025-06-17T05:01:26.742+0000] {dag.py:3262} INFO - Creating ORM DAG for example_xcom
[2025-06-17T05:01:26.750+0000] {logging_mixin.py:190} INFO - [2025-06-17T05:01:26.750+0000] {dag.py:4180} INFO - Setting next_dagrun for example_xcom to 2021-01-01 00:00:00+00:00, run_after=2021-01-01 00:00:00+00:00
[2025-06-17T05:01:26.766+0000] {processor.py:208} INFO - Processing /home/airflow/.local/lib/python3.12/site-packages/airflow/example_dags/example_xcom.py took 0.186 seconds
[2025-06-17T05:01:57.647+0000] {processor.py:186} INFO - Started process (PID=141) to work on /home/airflow/.local/lib/python3.12/site-packages/airflow/example_dags/example_xcom.py
[2025-06-17T05:01:57.648+0000] {processor.py:914} INFO - Processing file /home/airflow/.local/lib/python3.12/site-packages/airflow/example_dags/example_xcom.py for tasks to queue
[2025-06-17T05:01:57.649+0000] {logging_mixin.py:190} INFO - [2025-06-17T05:01:57.649+0000] {dagbag.py:588} INFO - Filling up the DagBag from /home/airflow/.local/lib/python3.12/site-packages/airflow/example_dags/example_xcom.py
[2025-06-17T05:01:57.657+0000] {processor.py:925} INFO - DAG(s) 'example_xcom' retrieved from /home/airflow/.local/lib/python3.12/site-packages/airflow/example_dags/example_xcom.py
[2025-06-17T05:01:57.673+0000] {logging_mixin.py:190} INFO - [2025-06-17T05:01:57.673+0000] {dag.py:3239} INFO - Sync 1 DAGs
[2025-06-17T05:01:57.691+0000] {logging_mixin.py:190} INFO - [2025-06-17T05:01:57.691+0000] {dag.py:4180} INFO - Setting next_dagrun for example_xcom to 2021-01-01 00:00:00+00:00, run_after=2021-01-01 00:00:00+00:00
[2025-06-17T05:01:57.706+0000] {processor.py:208} INFO - Processing /home/airflow/.local/lib/python3.12/site-packages/airflow/example_dags/example_xcom.py took 0.062 seconds
[2025-06-17T05:02:28.573+0000] {processor.py:186} INFO - Started process (PID=204) to work on /home/airflow/.local/lib/python3.12/site-packages/airflow/example_dags/example_xcom.py
[2025-06-17T05:02:28.574+0000] {processor.py:914} INFO - Processing file /home/airflow/.local/lib/python3.12/site-packages/airflow/example_dags/example_xcom.py for tasks to queue
[2025-06-17T05:02:28.575+0000] {logging_mixin.py:190} INFO - [2025-06-17T05:02:28.574+0000] {dagbag.py:588} INFO - Filling up the DagBag from /home/airflow/.local/lib/python3.12/site-packages/airflow/example_dags/example_xcom.py
[2025-06-17T05:02:28.583+0000] {processor.py:925} INFO - DAG(s) 'example_xcom' retrieved from /home/airflow/.local/lib/python3.12/site-packages/airflow/example_dags/example_xcom.py
[2025-06-17T05:02:28.599+0000] {logging_mixin.py:190} INFO - [2025-06-17T05:02:28.599+0000] {dag.py:3239} INFO - Sync 1 DAGs
[2025-06-17T05:02:28.617+0000] {logging_mixin.py:190} INFO - [2025-06-17T05:02:28.616+0000] {dag.py:4180} INFO - Setting next_dagrun for example_xcom to 2021-01-01 00:00:00+00:00, run_after=2021-01-01 00:00:00+00:00
[2025-06-17T05:02:28.639+0000] {processor.py:208} INFO - Processing /home/airflow/.local/lib/python3.12/site-packages/airflow/example_dags/example_xcom.py took 0.071 seconds
[2025-06-17T05:06:05.829+0000] {processor.py:186} INFO - Started process (PID=74) to work on /home/airflow/.local/lib/python3.12/site-packages/airflow/example_dags/example_xcom.py
[2025-06-17T05:06:05.829+0000] {processor.py:914} INFO - Processing file /home/airflow/.local/lib/python3.12/site-packages/airflow/example_dags/example_xcom.py for tasks to queue
[2025-06-17T05:06:05.830+0000] {logging_mixin.py:190} INFO - [2025-06-17T05:06:05.830+0000] {dagbag.py:588} INFO - Filling up the DagBag from /home/airflow/.local/lib/python3.12/site-packages/airflow/example_dags/example_xcom.py
[2025-06-17T05:06:05.839+0000] {processor.py:925} INFO - DAG(s) 'example_xcom' retrieved from /home/airflow/.local/lib/python3.12/site-packages/airflow/example_dags/example_xcom.py
[2025-06-17T05:06:05.860+0000] {logging_mixin.py:190} INFO - [2025-06-17T05:06:05.860+0000] {dag.py:3239} INFO - Sync 1 DAGs
[2025-06-17T05:06:05.877+0000] {logging_mixin.py:190} INFO - [2025-06-17T05:06:05.877+0000] {dag.py:4180} INFO - Setting next_dagrun for example_xcom to 2021-01-01 00:00:00+00:00, run_after=2021-01-01 00:00:00+00:00
[2025-06-17T05:06:05.891+0000] {processor.py:208} INFO - Processing /home/airflow/.local/lib/python3.12/site-packages/airflow/example_dags/example_xcom.py took 0.067 seconds
[2025-06-17T05:06:37.022+0000] {processor.py:186} INFO - Started process (PID=143) to work on /home/airflow/.local/lib/python3.12/site-packages/airflow/example_dags/example_xcom.py
[2025-06-17T05:06:37.023+0000] {processor.py:914} INFO - Processing file /home/airflow/.local/lib/python3.12/site-packages/airflow/example_dags/example_xcom.py for tasks to queue
[2025-06-17T05:06:37.024+0000] {logging_mixin.py:190} INFO - [2025-06-17T05:06:37.023+0000] {dagbag.py:588} INFO - Filling up the DagBag from /home/airflow/.local/lib/python3.12/site-packages/airflow/example_dags/example_xcom.py
[2025-06-17T05:06:37.031+0000] {processor.py:925} INFO - DAG(s) 'example_xcom' retrieved from /home/airflow/.local/lib/python3.12/site-packages/airflow/example_dags/example_xcom.py
[2025-06-17T05:06:37.045+0000] {logging_mixin.py:190} INFO - [2025-06-17T05:06:37.045+0000] {dag.py:3239} INFO - Sync 1 DAGs
[2025-06-17T05:06:37.062+0000] {logging_mixin.py:190} INFO - [2025-06-17T05:06:37.061+0000] {dag.py:4180} INFO - Setting next_dagrun for example_xcom to 2021-01-01 00:00:00+00:00, run_after=2021-01-01 00:00:00+00:00
[2025-06-17T05:06:37.076+0000] {processor.py:208} INFO - Processing /home/airflow/.local/lib/python3.12/site-packages/airflow/example_dags/example_xcom.py took 0.058 seconds
[2025-06-17T05:08:59.842+0000] {processor.py:186} INFO - Started process (PID=78) to work on /home/airflow/.local/lib/python3.12/site-packages/airflow/example_dags/example_xcom.py
[2025-06-17T05:08:59.843+0000] {processor.py:914} INFO - Processing file /home/airflow/.local/lib/python3.12/site-packages/airflow/example_dags/example_xcom.py for tasks to queue
[2025-06-17T05:08:59.844+0000] {logging_mixin.py:190} INFO - [2025-06-17T05:08:59.844+0000] {dagbag.py:588} INFO - Filling up the DagBag from /home/airflow/.local/lib/python3.12/site-packages/airflow/example_dags/example_xcom.py
[2025-06-17T05:08:59.854+0000] {processor.py:925} INFO - DAG(s) 'example_xcom' retrieved from /home/airflow/.local/lib/python3.12/site-packages/airflow/example_dags/example_xcom.py
[2025-06-17T05:08:59.881+0000] {logging_mixin.py:190} INFO - [2025-06-17T05:08:59.880+0000] {dag.py:3239} INFO - Sync 1 DAGs
[2025-06-17T05:08:59.901+0000] {logging_mixin.py:190} INFO - [2025-06-17T05:08:59.901+0000] {dag.py:4180} INFO - Setting next_dagrun for example_xcom to 2021-01-01 00:00:00+00:00, run_after=2021-01-01 00:00:00+00:00
[2025-06-17T05:08:59.918+0000] {processor.py:208} INFO - Processing /home/airflow/.local/lib/python3.12/site-packages/airflow/example_dags/example_xcom.py took 0.080 seconds
[2025-06-17T05:09:30.696+0000] {processor.py:186} INFO - Started process (PID=141) to work on /home/airflow/.local/lib/python3.12/site-packages/airflow/example_dags/example_xcom.py
[2025-06-17T05:09:30.696+0000] {processor.py:914} INFO - Processing file /home/airflow/.local/lib/python3.12/site-packages/airflow/example_dags/example_xcom.py for tasks to queue
[2025-06-17T05:09:30.697+0000] {logging_mixin.py:190} INFO - [2025-06-17T05:09:30.697+0000] {dagbag.py:588} INFO - Filling up the DagBag from /home/airflow/.local/lib/python3.12/site-packages/airflow/example_dags/example_xcom.py
[2025-06-17T05:09:30.706+0000] {processor.py:925} INFO - DAG(s) 'example_xcom' retrieved from /home/airflow/.local/lib/python3.12/site-packages/airflow/example_dags/example_xcom.py
[2025-06-17T05:09:30.721+0000] {logging_mixin.py:190} INFO - [2025-06-17T05:09:30.721+0000] {dag.py:3239} INFO - Sync 1 DAGs
[2025-06-17T05:09:30.740+0000] {logging_mixin.py:190} INFO - [2025-06-17T05:09:30.739+0000] {dag.py:4180} INFO - Setting next_dagrun for example_xcom to 2021-01-01 00:00:00+00:00, run_after=2021-01-01 00:00:00+00:00
[2025-06-17T05:09:30.755+0000] {processor.py:208} INFO - Processing /home/airflow/.local/lib/python3.12/site-packages/airflow/example_dags/example_xcom.py took 0.064 seconds
[2025-06-17T05:10:01.354+0000] {processor.py:186} INFO - Started process (PID=203) to work on /home/airflow/.local/lib/python3.12/site-packages/airflow/example_dags/example_xcom.py
[2025-06-17T05:10:01.355+0000] {processor.py:914} INFO - Processing file /home/airflow/.local/lib/python3.12/site-packages/airflow/example_dags/example_xcom.py for tasks to queue
[2025-06-17T05:10:01.357+0000] {logging_mixin.py:190} INFO - [2025-06-17T05:10:01.356+0000] {dagbag.py:588} INFO - Filling up the DagBag from /home/airflow/.local/lib/python3.12/site-packages/airflow/example_dags/example_xcom.py
[2025-06-17T05:10:01.365+0000] {processor.py:925} INFO - DAG(s) 'example_xcom' retrieved from /home/airflow/.local/lib/python3.12/site-packages/airflow/example_dags/example_xcom.py
[2025-06-17T05:10:01.383+0000] {logging_mixin.py:190} INFO - [2025-06-17T05:10:01.382+0000] {dag.py:3239} INFO - Sync 1 DAGs
[2025-06-17T05:10:01.402+0000] {logging_mixin.py:190} INFO - [2025-06-17T05:10:01.402+0000] {dag.py:4180} INFO - Setting next_dagrun for example_xcom to 2021-01-01 00:00:00+00:00, run_after=2021-01-01 00:00:00+00:00
[2025-06-17T05:10:01.417+0000] {processor.py:208} INFO - Processing /home/airflow/.local/lib/python3.12/site-packages/airflow/example_dags/example_xcom.py took 0.068 seconds
[2025-06-17T05:10:32.439+0000] {processor.py:186} INFO - Started process (PID=266) to work on /home/airflow/.local/lib/python3.12/site-packages/airflow/example_dags/example_xcom.py
[2025-06-17T05:10:32.440+0000] {processor.py:914} INFO - Processing file /home/airflow/.local/lib/python3.12/site-packages/airflow/example_dags/example_xcom.py for tasks to queue
[2025-06-17T05:10:32.440+0000] {logging_mixin.py:190} INFO - [2025-06-17T05:10:32.440+0000] {dagbag.py:588} INFO - Filling up the DagBag from /home/airflow/.local/lib/python3.12/site-packages/airflow/example_dags/example_xcom.py
[2025-06-17T05:10:32.448+0000] {processor.py:925} INFO - DAG(s) 'example_xcom' retrieved from /home/airflow/.local/lib/python3.12/site-packages/airflow/example_dags/example_xcom.py
[2025-06-17T05:10:32.462+0000] {logging_mixin.py:190} INFO - [2025-06-17T05:10:32.462+0000] {dag.py:3239} INFO - Sync 1 DAGs
[2025-06-17T05:10:32.479+0000] {logging_mixin.py:190} INFO - [2025-06-17T05:10:32.478+0000] {dag.py:4180} INFO - Setting next_dagrun for example_xcom to 2021-01-01 00:00:00+00:00, run_after=2021-01-01 00:00:00+00:00
[2025-06-17T05:10:32.491+0000] {processor.py:208} INFO - Processing /home/airflow/.local/lib/python3.12/site-packages/airflow/example_dags/example_xcom.py took 0.057 seconds
[2025-06-17T05:11:03.794+0000] {processor.py:186} INFO - Started process (PID=329) to work on /home/airflow/.local/lib/python3.12/site-packages/airflow/example_dags/example_xcom.py
[2025-06-17T05:11:03.794+0000] {processor.py:914} INFO - Processing file /home/airflow/.local/lib/python3.12/site-packages/airflow/example_dags/example_xcom.py for tasks to queue
[2025-06-17T05:11:03.795+0000] {logging_mixin.py:190} INFO - [2025-06-17T05:11:03.795+0000] {dagbag.py:588} INFO - Filling up the DagBag from /home/airflow/.local/lib/python3.12/site-packages/airflow/example_dags/example_xcom.py
[2025-06-17T05:11:03.803+0000] {processor.py:925} INFO - DAG(s) 'example_xcom' retrieved from /home/airflow/.local/lib/python3.12/site-packages/airflow/example_dags/example_xcom.py
[2025-06-17T05:11:03.819+0000] {logging_mixin.py:190} INFO - [2025-06-17T05:11:03.819+0000] {dag.py:3239} INFO - Sync 1 DAGs
[2025-06-17T05:11:03.836+0000] {logging_mixin.py:190} INFO - [2025-06-17T05:11:03.836+0000] {dag.py:4180} INFO - Setting next_dagrun for example_xcom to 2021-01-01 00:00:00+00:00, run_after=2021-01-01 00:00:00+00:00
[2025-06-17T05:11:03.850+0000] {processor.py:208} INFO - Processing /home/airflow/.local/lib/python3.12/site-packages/airflow/example_dags/example_xcom.py took 0.061 seconds
[2025-06-17T05:11:34.519+0000] {processor.py:186} INFO - Started process (PID=392) to work on /home/airflow/.local/lib/python3.12/site-packages/airflow/example_dags/example_xcom.py
[2025-06-17T05:11:34.520+0000] {processor.py:914} INFO - Processing file /home/airflow/.local/lib/python3.12/site-packages/airflow/example_dags/example_xcom.py for tasks to queue
[2025-06-17T05:11:34.521+0000] {logging_mixin.py:190} INFO - [2025-06-17T05:11:34.521+0000] {dagbag.py:588} INFO - Filling up the DagBag from /home/airflow/.local/lib/python3.12/site-packages/airflow/example_dags/example_xcom.py
[2025-06-17T05:11:34.529+0000] {processor.py:925} INFO - DAG(s) 'example_xcom' retrieved from /home/airflow/.local/lib/python3.12/site-packages/airflow/example_dags/example_xcom.py
[2025-06-17T05:11:34.544+0000] {logging_mixin.py:190} INFO - [2025-06-17T05:11:34.543+0000] {dag.py:3239} INFO - Sync 1 DAGs
[2025-06-17T05:11:34.560+0000] {logging_mixin.py:190} INFO - [2025-06-17T05:11:34.560+0000] {dag.py:4180} INFO - Setting next_dagrun for example_xcom to 2021-01-01 00:00:00+00:00, run_after=2021-01-01 00:00:00+00:00
[2025-06-17T05:11:34.576+0000] {processor.py:208} INFO - Processing /home/airflow/.local/lib/python3.12/site-packages/airflow/example_dags/example_xcom.py took 0.062 seconds
[2025-06-17T05:12:05.455+0000] {processor.py:186} INFO - Started process (PID=455) to work on /home/airflow/.local/lib/python3.12/site-packages/airflow/example_dags/example_xcom.py
[2025-06-17T05:12:05.456+0000] {processor.py:914} INFO - Processing file /home/airflow/.local/lib/python3.12/site-packages/airflow/example_dags/example_xcom.py for tasks to queue
[2025-06-17T05:12:05.457+0000] {logging_mixin.py:190} INFO - [2025-06-17T05:12:05.457+0000] {dagbag.py:588} INFO - Filling up the DagBag from /home/airflow/.local/lib/python3.12/site-packages/airflow/example_dags/example_xcom.py
[2025-06-17T05:12:05.464+0000] {processor.py:925} INFO - DAG(s) 'example_xcom' retrieved from /home/airflow/.local/lib/python3.12/site-packages/airflow/example_dags/example_xcom.py
[2025-06-17T05:12:05.482+0000] {logging_mixin.py:190} INFO - [2025-06-17T05:12:05.481+0000] {dag.py:3239} INFO - Sync 1 DAGs
[2025-06-17T05:12:05.499+0000] {logging_mixin.py:190} INFO - [2025-06-17T05:12:05.499+0000] {dag.py:4180} INFO - Setting next_dagrun for example_xcom to 2021-01-01 00:00:00+00:00, run_after=2021-01-01 00:00:00+00:00
[2025-06-17T05:12:05.516+0000] {processor.py:208} INFO - Processing /home/airflow/.local/lib/python3.12/site-packages/airflow/example_dags/example_xcom.py took 0.066 seconds
[2025-06-17T05:12:36.094+0000] {processor.py:186} INFO - Started process (PID=518) to work on /home/airflow/.local/lib/python3.12/site-packages/airflow/example_dags/example_xcom.py
[2025-06-17T05:12:36.095+0000] {processor.py:914} INFO - Processing file /home/airflow/.local/lib/python3.12/site-packages/airflow/example_dags/example_xcom.py for tasks to queue
[2025-06-17T05:12:36.096+0000] {logging_mixin.py:190} INFO - [2025-06-17T05:12:36.096+0000] {dagbag.py:588} INFO - Filling up the DagBag from /home/airflow/.local/lib/python3.12/site-packages/airflow/example_dags/example_xcom.py
[2025-06-17T05:12:36.103+0000] {processor.py:925} INFO - DAG(s) 'example_xcom' retrieved from /home/airflow/.local/lib/python3.12/site-packages/airflow/example_dags/example_xcom.py
[2025-06-17T05:12:36.118+0000] {logging_mixin.py:190} INFO - [2025-06-17T05:12:36.117+0000] {dag.py:3239} INFO - Sync 1 DAGs
[2025-06-17T05:12:36.135+0000] {logging_mixin.py:190} INFO - [2025-06-17T05:12:36.135+0000] {dag.py:4180} INFO - Setting next_dagrun for example_xcom to 2021-01-01 00:00:00+00:00, run_after=2021-01-01 00:00:00+00:00
[2025-06-17T05:12:36.150+0000] {processor.py:208} INFO - Processing /home/airflow/.local/lib/python3.12/site-packages/airflow/example_dags/example_xcom.py took 0.060 seconds
[2025-06-17T05:13:06.726+0000] {processor.py:186} INFO - Started process (PID=581) to work on /home/airflow/.local/lib/python3.12/site-packages/airflow/example_dags/example_xcom.py
[2025-06-17T05:13:06.726+0000] {processor.py:914} INFO - Processing file /home/airflow/.local/lib/python3.12/site-packages/airflow/example_dags/example_xcom.py for tasks to queue
[2025-06-17T05:13:06.727+0000] {logging_mixin.py:190} INFO - [2025-06-17T05:13:06.727+0000] {dagbag.py:588} INFO - Filling up the DagBag from /home/airflow/.local/lib/python3.12/site-packages/airflow/example_dags/example_xcom.py
[2025-06-17T05:13:06.734+0000] {processor.py:925} INFO - DAG(s) 'example_xcom' retrieved from /home/airflow/.local/lib/python3.12/site-packages/airflow/example_dags/example_xcom.py
[2025-06-17T05:13:06.750+0000] {logging_mixin.py:190} INFO - [2025-06-17T05:13:06.749+0000] {dag.py:3239} INFO - Sync 1 DAGs
[2025-06-17T05:13:06.767+0000] {logging_mixin.py:190} INFO - [2025-06-17T05:13:06.766+0000] {dag.py:4180} INFO - Setting next_dagrun for example_xcom to 2021-01-01 00:00:00+00:00, run_after=2021-01-01 00:00:00+00:00
[2025-06-17T05:13:06.780+0000] {processor.py:208} INFO - Processing /home/airflow/.local/lib/python3.12/site-packages/airflow/example_dags/example_xcom.py took 0.059 seconds
[2025-06-17T05:13:37.397+0000] {processor.py:186} INFO - Started process (PID=645) to work on /home/airflow/.local/lib/python3.12/site-packages/airflow/example_dags/example_xcom.py
[2025-06-17T05:13:37.398+0000] {processor.py:914} INFO - Processing file /home/airflow/.local/lib/python3.12/site-packages/airflow/example_dags/example_xcom.py for tasks to queue
[2025-06-17T05:13:37.399+0000] {logging_mixin.py:190} INFO - [2025-06-17T05:13:37.399+0000] {dagbag.py:588} INFO - Filling up the DagBag from /home/airflow/.local/lib/python3.12/site-packages/airflow/example_dags/example_xcom.py
[2025-06-17T05:13:37.407+0000] {processor.py:925} INFO - DAG(s) 'example_xcom' retrieved from /home/airflow/.local/lib/python3.12/site-packages/airflow/example_dags/example_xcom.py
[2025-06-17T05:13:37.426+0000] {logging_mixin.py:190} INFO - [2025-06-17T05:13:37.425+0000] {dag.py:3239} INFO - Sync 1 DAGs
[2025-06-17T05:13:37.445+0000] {logging_mixin.py:190} INFO - [2025-06-17T05:13:37.445+0000] {dag.py:4180} INFO - Setting next_dagrun for example_xcom to 2021-01-01 00:00:00+00:00, run_after=2021-01-01 00:00:00+00:00
[2025-06-17T05:13:37.460+0000] {processor.py:208} INFO - Processing /home/airflow/.local/lib/python3.12/site-packages/airflow/example_dags/example_xcom.py took 0.067 seconds
[2025-06-17T05:14:08.127+0000] {processor.py:186} INFO - Started process (PID=708) to work on /home/airflow/.local/lib/python3.12/site-packages/airflow/example_dags/example_xcom.py
[2025-06-17T05:14:08.127+0000] {processor.py:914} INFO - Processing file /home/airflow/.local/lib/python3.12/site-packages/airflow/example_dags/example_xcom.py for tasks to queue
[2025-06-17T05:14:08.128+0000] {logging_mixin.py:190} INFO - [2025-06-17T05:14:08.128+0000] {dagbag.py:588} INFO - Filling up the DagBag from /home/airflow/.local/lib/python3.12/site-packages/airflow/example_dags/example_xcom.py
[2025-06-17T05:14:08.136+0000] {processor.py:925} INFO - DAG(s) 'example_xcom' retrieved from /home/airflow/.local/lib/python3.12/site-packages/airflow/example_dags/example_xcom.py
[2025-06-17T05:14:08.155+0000] {logging_mixin.py:190} INFO - [2025-06-17T05:14:08.155+0000] {dag.py:3239} INFO - Sync 1 DAGs
[2025-06-17T05:14:08.175+0000] {logging_mixin.py:190} INFO - [2025-06-17T05:14:08.175+0000] {dag.py:4180} INFO - Setting next_dagrun for example_xcom to 2021-01-01 00:00:00+00:00, run_after=2021-01-01 00:00:00+00:00
[2025-06-17T05:14:08.194+0000] {processor.py:208} INFO - Processing /home/airflow/.local/lib/python3.12/site-packages/airflow/example_dags/example_xcom.py took 0.072 seconds
[2025-06-17T05:17:46.405+0000] {processor.py:186} INFO - Started process (PID=79) to work on /home/airflow/.local/lib/python3.12/site-packages/airflow/example_dags/example_xcom.py
[2025-06-17T05:17:46.405+0000] {processor.py:914} INFO - Processing file /home/airflow/.local/lib/python3.12/site-packages/airflow/example_dags/example_xcom.py for tasks to queue
[2025-06-17T05:17:46.406+0000] {logging_mixin.py:190} INFO - [2025-06-17T05:17:46.406+0000] {dagbag.py:588} INFO - Filling up the DagBag from /home/airflow/.local/lib/python3.12/site-packages/airflow/example_dags/example_xcom.py
[2025-06-17T05:17:46.415+0000] {processor.py:925} INFO - DAG(s) 'example_xcom' retrieved from /home/airflow/.local/lib/python3.12/site-packages/airflow/example_dags/example_xcom.py
[2025-06-17T05:17:46.504+0000] {logging_mixin.py:190} INFO - [2025-06-17T05:17:46.503+0000] {override.py:1912} INFO - Created Permission View: can read on DAG:example_xcom
[2025-06-17T05:17:46.514+0000] {logging_mixin.py:190} INFO - [2025-06-17T05:17:46.514+0000] {override.py:1912} INFO - Created Permission View: can delete on DAG:example_xcom
[2025-06-17T05:17:46.521+0000] {logging_mixin.py:190} INFO - [2025-06-17T05:17:46.521+0000] {override.py:1912} INFO - Created Permission View: can edit on DAG:example_xcom
[2025-06-17T05:17:46.531+0000] {logging_mixin.py:190} INFO - [2025-06-17T05:17:46.531+0000] {override.py:1912} INFO - Created Permission View: can read on DAG Run:example_xcom
[2025-06-17T05:17:46.538+0000] {logging_mixin.py:190} INFO - [2025-06-17T05:17:46.538+0000] {override.py:1912} INFO - Created Permission View: can delete on DAG Run:example_xcom
[2025-06-17T05:17:46.544+0000] {logging_mixin.py:190} INFO - [2025-06-17T05:17:46.544+0000] {override.py:1912} INFO - Created Permission View: menu access on DAG Run:example_xcom
[2025-06-17T05:17:46.550+0000] {logging_mixin.py:190} INFO - [2025-06-17T05:17:46.550+0000] {override.py:1912} INFO - Created Permission View: can create on DAG Run:example_xcom
[2025-06-17T05:17:46.551+0000] {logging_mixin.py:190} INFO - [2025-06-17T05:17:46.551+0000] {dag.py:3239} INFO - Sync 1 DAGs
[2025-06-17T05:17:46.562+0000] {logging_mixin.py:190} INFO - [2025-06-17T05:17:46.562+0000] {dag.py:3262} INFO - Creating ORM DAG for example_xcom
[2025-06-17T05:17:46.570+0000] {logging_mixin.py:190} INFO - [2025-06-17T05:17:46.570+0000] {dag.py:4180} INFO - Setting next_dagrun for example_xcom to 2021-01-01 00:00:00+00:00, run_after=2021-01-01 00:00:00+00:00
[2025-06-17T05:17:46.586+0000] {processor.py:208} INFO - Processing /home/airflow/.local/lib/python3.12/site-packages/airflow/example_dags/example_xcom.py took 0.187 seconds
[2025-06-17T05:19:14.320+0000] {processor.py:186} INFO - Started process (PID=79) to work on /home/airflow/.local/lib/python3.12/site-packages/airflow/example_dags/example_xcom.py
[2025-06-17T05:19:14.321+0000] {processor.py:914} INFO - Processing file /home/airflow/.local/lib/python3.12/site-packages/airflow/example_dags/example_xcom.py for tasks to queue
[2025-06-17T05:19:14.322+0000] {logging_mixin.py:190} INFO - [2025-06-17T05:19:14.321+0000] {dagbag.py:588} INFO - Filling up the DagBag from /home/airflow/.local/lib/python3.12/site-packages/airflow/example_dags/example_xcom.py
[2025-06-17T05:19:14.330+0000] {processor.py:925} INFO - DAG(s) 'example_xcom' retrieved from /home/airflow/.local/lib/python3.12/site-packages/airflow/example_dags/example_xcom.py
[2025-06-17T05:19:14.353+0000] {logging_mixin.py:190} INFO - [2025-06-17T05:19:14.353+0000] {dag.py:3239} INFO - Sync 1 DAGs
[2025-06-17T05:19:14.374+0000] {logging_mixin.py:190} INFO - [2025-06-17T05:19:14.374+0000] {dag.py:4180} INFO - Setting next_dagrun for example_xcom to 2021-01-01 00:00:00+00:00, run_after=2021-01-01 00:00:00+00:00
[2025-06-17T05:19:14.391+0000] {processor.py:208} INFO - Processing /home/airflow/.local/lib/python3.12/site-packages/airflow/example_dags/example_xcom.py took 0.076 seconds
[2025-06-17T05:19:44.848+0000] {processor.py:186} INFO - Started process (PID=142) to work on /home/airflow/.local/lib/python3.12/site-packages/airflow/example_dags/example_xcom.py
[2025-06-17T05:19:44.849+0000] {processor.py:914} INFO - Processing file /home/airflow/.local/lib/python3.12/site-packages/airflow/example_dags/example_xcom.py for tasks to queue
[2025-06-17T05:19:44.850+0000] {logging_mixin.py:190} INFO - [2025-06-17T05:19:44.849+0000] {dagbag.py:588} INFO - Filling up the DagBag from /home/airflow/.local/lib/python3.12/site-packages/airflow/example_dags/example_xcom.py
[2025-06-17T05:19:44.857+0000] {processor.py:925} INFO - DAG(s) 'example_xcom' retrieved from /home/airflow/.local/lib/python3.12/site-packages/airflow/example_dags/example_xcom.py
[2025-06-17T05:19:44.871+0000] {logging_mixin.py:190} INFO - [2025-06-17T05:19:44.871+0000] {dag.py:3239} INFO - Sync 1 DAGs
[2025-06-17T05:19:44.888+0000] {logging_mixin.py:190} INFO - [2025-06-17T05:19:44.887+0000] {dag.py:4180} INFO - Setting next_dagrun for example_xcom to 2021-01-01 00:00:00+00:00, run_after=2021-01-01 00:00:00+00:00
[2025-06-17T05:19:44.902+0000] {processor.py:208} INFO - Processing /home/airflow/.local/lib/python3.12/site-packages/airflow/example_dags/example_xcom.py took 0.058 seconds
[2025-06-17T05:21:33.445+0000] {processor.py:186} INFO - Started process (PID=79) to work on /home/airflow/.local/lib/python3.12/site-packages/airflow/example_dags/example_xcom.py
[2025-06-17T05:21:33.446+0000] {processor.py:914} INFO - Processing file /home/airflow/.local/lib/python3.12/site-packages/airflow/example_dags/example_xcom.py for tasks to queue
[2025-06-17T05:21:33.447+0000] {logging_mixin.py:190} INFO - [2025-06-17T05:21:33.447+0000] {dagbag.py:588} INFO - Filling up the DagBag from /home/airflow/.local/lib/python3.12/site-packages/airflow/example_dags/example_xcom.py
[2025-06-17T05:21:33.456+0000] {processor.py:925} INFO - DAG(s) 'example_xcom' retrieved from /home/airflow/.local/lib/python3.12/site-packages/airflow/example_dags/example_xcom.py
[2025-06-17T05:21:33.478+0000] {logging_mixin.py:190} INFO - [2025-06-17T05:21:33.478+0000] {dag.py:3239} INFO - Sync 1 DAGs
[2025-06-17T05:21:33.500+0000] {logging_mixin.py:190} INFO - [2025-06-17T05:21:33.500+0000] {dag.py:4180} INFO - Setting next_dagrun for example_xcom to 2021-01-01 00:00:00+00:00, run_after=2021-01-01 00:00:00+00:00
[2025-06-17T05:21:33.518+0000] {processor.py:208} INFO - Processing /home/airflow/.local/lib/python3.12/site-packages/airflow/example_dags/example_xcom.py took 0.077 seconds
[2025-06-17T05:22:04.830+0000] {processor.py:186} INFO - Started process (PID=142) to work on /home/airflow/.local/lib/python3.12/site-packages/airflow/example_dags/example_xcom.py
[2025-06-17T05:22:04.830+0000] {processor.py:914} INFO - Processing file /home/airflow/.local/lib/python3.12/site-packages/airflow/example_dags/example_xcom.py for tasks to queue
[2025-06-17T05:22:04.831+0000] {logging_mixin.py:190} INFO - [2025-06-17T05:22:04.831+0000] {dagbag.py:588} INFO - Filling up the DagBag from /home/airflow/.local/lib/python3.12/site-packages/airflow/example_dags/example_xcom.py
[2025-06-17T05:22:04.838+0000] {processor.py:925} INFO - DAG(s) 'example_xcom' retrieved from /home/airflow/.local/lib/python3.12/site-packages/airflow/example_dags/example_xcom.py
[2025-06-17T05:22:04.855+0000] {logging_mixin.py:190} INFO - [2025-06-17T05:22:04.854+0000] {dag.py:3239} INFO - Sync 1 DAGs
[2025-06-17T05:22:04.872+0000] {logging_mixin.py:190} INFO - [2025-06-17T05:22:04.872+0000] {dag.py:4180} INFO - Setting next_dagrun for example_xcom to 2021-01-01 00:00:00+00:00, run_after=2021-01-01 00:00:00+00:00
[2025-06-17T05:22:04.885+0000] {processor.py:208} INFO - Processing /home/airflow/.local/lib/python3.12/site-packages/airflow/example_dags/example_xcom.py took 0.060 seconds
[2025-06-17T05:22:35.592+0000] {processor.py:186} INFO - Started process (PID=205) to work on /home/airflow/.local/lib/python3.12/site-packages/airflow/example_dags/example_xcom.py
[2025-06-17T05:22:35.592+0000] {processor.py:914} INFO - Processing file /home/airflow/.local/lib/python3.12/site-packages/airflow/example_dags/example_xcom.py for tasks to queue
[2025-06-17T05:22:35.593+0000] {logging_mixin.py:190} INFO - [2025-06-17T05:22:35.593+0000] {dagbag.py:588} INFO - Filling up the DagBag from /home/airflow/.local/lib/python3.12/site-packages/airflow/example_dags/example_xcom.py
[2025-06-17T05:22:35.601+0000] {processor.py:925} INFO - DAG(s) 'example_xcom' retrieved from /home/airflow/.local/lib/python3.12/site-packages/airflow/example_dags/example_xcom.py
[2025-06-17T05:22:35.618+0000] {logging_mixin.py:190} INFO - [2025-06-17T05:22:35.618+0000] {dag.py:3239} INFO - Sync 1 DAGs
[2025-06-17T05:22:35.637+0000] {logging_mixin.py:190} INFO - [2025-06-17T05:22:35.637+0000] {dag.py:4180} INFO - Setting next_dagrun for example_xcom to 2021-01-01 00:00:00+00:00, run_after=2021-01-01 00:00:00+00:00
[2025-06-17T05:22:35.654+0000] {processor.py:208} INFO - Processing /home/airflow/.local/lib/python3.12/site-packages/airflow/example_dags/example_xcom.py took 0.067 seconds
[2025-06-17T05:23:06.459+0000] {processor.py:186} INFO - Started process (PID=267) to work on /home/airflow/.local/lib/python3.12/site-packages/airflow/example_dags/example_xcom.py
[2025-06-17T05:23:06.460+0000] {processor.py:914} INFO - Processing file /home/airflow/.local/lib/python3.12/site-packages/airflow/example_dags/example_xcom.py for tasks to queue
[2025-06-17T05:23:06.461+0000] {logging_mixin.py:190} INFO - [2025-06-17T05:23:06.460+0000] {dagbag.py:588} INFO - Filling up the DagBag from /home/airflow/.local/lib/python3.12/site-packages/airflow/example_dags/example_xcom.py
[2025-06-17T05:23:06.468+0000] {processor.py:925} INFO - DAG(s) 'example_xcom' retrieved from /home/airflow/.local/lib/python3.12/site-packages/airflow/example_dags/example_xcom.py
[2025-06-17T05:23:06.485+0000] {logging_mixin.py:190} INFO - [2025-06-17T05:23:06.485+0000] {dag.py:3239} INFO - Sync 1 DAGs
[2025-06-17T05:23:06.502+0000] {logging_mixin.py:190} INFO - [2025-06-17T05:23:06.502+0000] {dag.py:4180} INFO - Setting next_dagrun for example_xcom to 2021-01-01 00:00:00+00:00, run_after=2021-01-01 00:00:00+00:00
[2025-06-17T05:23:06.516+0000] {processor.py:208} INFO - Processing /home/airflow/.local/lib/python3.12/site-packages/airflow/example_dags/example_xcom.py took 0.061 seconds
[2025-06-17T05:23:37.953+0000] {processor.py:186} INFO - Started process (PID=331) to work on /home/airflow/.local/lib/python3.12/site-packages/airflow/example_dags/example_xcom.py
[2025-06-17T05:23:37.953+0000] {processor.py:914} INFO - Processing file /home/airflow/.local/lib/python3.12/site-packages/airflow/example_dags/example_xcom.py for tasks to queue
[2025-06-17T05:23:37.955+0000] {logging_mixin.py:190} INFO - [2025-06-17T05:23:37.954+0000] {dagbag.py:588} INFO - Filling up the DagBag from /home/airflow/.local/lib/python3.12/site-packages/airflow/example_dags/example_xcom.py
[2025-06-17T05:23:37.962+0000] {processor.py:925} INFO - DAG(s) 'example_xcom' retrieved from /home/airflow/.local/lib/python3.12/site-packages/airflow/example_dags/example_xcom.py
[2025-06-17T05:23:37.977+0000] {logging_mixin.py:190} INFO - [2025-06-17T05:23:37.977+0000] {dag.py:3239} INFO - Sync 1 DAGs
[2025-06-17T05:23:37.994+0000] {logging_mixin.py:190} INFO - [2025-06-17T05:23:37.994+0000] {dag.py:4180} INFO - Setting next_dagrun for example_xcom to 2021-01-01 00:00:00+00:00, run_after=2021-01-01 00:00:00+00:00
[2025-06-17T05:23:38.013+0000] {processor.py:208} INFO - Processing /home/airflow/.local/lib/python3.12/site-packages/airflow/example_dags/example_xcom.py took 0.066 seconds
