[2025-06-17T05:01:29.847+0000] {processor.py:186} INFO - Started process (PID=99) to work on /home/airflow/.local/lib/python3.12/site-packages/airflow/example_dags/example_sla_dag.py
[2025-06-17T05:01:29.848+0000] {processor.py:914} INFO - Processing file /home/airflow/.local/lib/python3.12/site-packages/airflow/example_dags/example_sla_dag.py for tasks to queue
[2025-06-17T05:01:29.849+0000] {logging_mixin.py:190} INFO - [2025-06-17T05:01:29.849+0000] {dagbag.py:588} INFO - Filling up the DagBag from /home/airflow/.local/lib/python3.12/site-packages/airflow/example_dags/example_sla_dag.py
[2025-06-17T05:01:29.858+0000] {processor.py:925} INFO - DAG(s) 'example_sla_dag' retrieved from /home/airflow/.local/lib/python3.12/site-packages/airflow/example_dags/example_sla_dag.py
[2025-06-17T05:01:29.942+0000] {logging_mixin.py:190} INFO - [2025-06-17T05:01:29.941+0000] {override.py:1912} INFO - Created Permission View: can read on DAG:example_sla_dag
[2025-06-17T05:01:29.953+0000] {logging_mixin.py:190} INFO - [2025-06-17T05:01:29.953+0000] {override.py:1912} INFO - Created Permission View: can edit on DAG:example_sla_dag
[2025-06-17T05:01:29.959+0000] {logging_mixin.py:190} INFO - [2025-06-17T05:01:29.959+0000] {override.py:1912} INFO - Created Permission View: can delete on DAG:example_sla_dag
[2025-06-17T05:01:29.967+0000] {logging_mixin.py:190} INFO - [2025-06-17T05:01:29.967+0000] {override.py:1912} INFO - Created Permission View: menu access on DAG Run:example_sla_dag
[2025-06-17T05:01:29.973+0000] {logging_mixin.py:190} INFO - [2025-06-17T05:01:29.973+0000] {override.py:1912} INFO - Created Permission View: can create on DAG Run:example_sla_dag
[2025-06-17T05:01:29.979+0000] {logging_mixin.py:190} INFO - [2025-06-17T05:01:29.979+0000] {override.py:1912} INFO - Created Permission View: can read on DAG Run:example_sla_dag
[2025-06-17T05:01:29.985+0000] {logging_mixin.py:190} INFO - [2025-06-17T05:01:29.985+0000] {override.py:1912} INFO - Created Permission View: can delete on DAG Run:example_sla_dag
[2025-06-17T05:01:29.985+0000] {logging_mixin.py:190} INFO - [2025-06-17T05:01:29.985+0000] {dag.py:3239} INFO - Sync 1 DAGs
[2025-06-17T05:01:29.996+0000] {logging_mixin.py:190} INFO - [2025-06-17T05:01:29.995+0000] {dag.py:3262} INFO - Creating ORM DAG for example_sla_dag
[2025-06-17T05:01:30.007+0000] {logging_mixin.py:190} INFO - [2025-06-17T05:01:30.007+0000] {dag.py:4180} INFO - Setting next_dagrun for example_sla_dag to 2025-06-17 04:58:00+00:00, run_after=2025-06-17 05:00:00+00:00
[2025-06-17T05:01:30.021+0000] {processor.py:208} INFO - Processing /home/airflow/.local/lib/python3.12/site-packages/airflow/example_dags/example_sla_dag.py took 0.180 seconds
[2025-06-17T05:02:00.170+0000] {processor.py:186} INFO - Started process (PID=162) to work on /home/airflow/.local/lib/python3.12/site-packages/airflow/example_dags/example_sla_dag.py
[2025-06-17T05:02:00.171+0000] {processor.py:914} INFO - Processing file /home/airflow/.local/lib/python3.12/site-packages/airflow/example_dags/example_sla_dag.py for tasks to queue
[2025-06-17T05:02:00.172+0000] {logging_mixin.py:190} INFO - [2025-06-17T05:02:00.171+0000] {dagbag.py:588} INFO - Filling up the DagBag from /home/airflow/.local/lib/python3.12/site-packages/airflow/example_dags/example_sla_dag.py
[2025-06-17T05:02:00.179+0000] {processor.py:925} INFO - DAG(s) 'example_sla_dag' retrieved from /home/airflow/.local/lib/python3.12/site-packages/airflow/example_dags/example_sla_dag.py
[2025-06-17T05:02:00.192+0000] {logging_mixin.py:190} INFO - [2025-06-17T05:02:00.192+0000] {dag.py:3239} INFO - Sync 1 DAGs
[2025-06-17T05:02:00.211+0000] {logging_mixin.py:190} INFO - [2025-06-17T05:02:00.211+0000] {dag.py:4180} INFO - Setting next_dagrun for example_sla_dag to 2025-06-17 05:00:00+00:00, run_after=2025-06-17 05:02:00+00:00
[2025-06-17T05:02:00.227+0000] {processor.py:208} INFO - Processing /home/airflow/.local/lib/python3.12/site-packages/airflow/example_dags/example_sla_dag.py took 0.061 seconds
[2025-06-17T05:02:30.837+0000] {processor.py:186} INFO - Started process (PID=224) to work on /home/airflow/.local/lib/python3.12/site-packages/airflow/example_dags/example_sla_dag.py
[2025-06-17T05:02:30.838+0000] {processor.py:914} INFO - Processing file /home/airflow/.local/lib/python3.12/site-packages/airflow/example_dags/example_sla_dag.py for tasks to queue
[2025-06-17T05:02:30.839+0000] {logging_mixin.py:190} INFO - [2025-06-17T05:02:30.839+0000] {dagbag.py:588} INFO - Filling up the DagBag from /home/airflow/.local/lib/python3.12/site-packages/airflow/example_dags/example_sla_dag.py
[2025-06-17T05:02:30.849+0000] {processor.py:925} INFO - DAG(s) 'example_sla_dag' retrieved from /home/airflow/.local/lib/python3.12/site-packages/airflow/example_dags/example_sla_dag.py
[2025-06-17T05:02:30.865+0000] {logging_mixin.py:190} INFO - [2025-06-17T05:02:30.865+0000] {dag.py:3239} INFO - Sync 1 DAGs
[2025-06-17T05:02:30.888+0000] {logging_mixin.py:190} INFO - [2025-06-17T05:02:30.888+0000] {dag.py:4180} INFO - Setting next_dagrun for example_sla_dag to 2025-06-17 05:00:00+00:00, run_after=2025-06-17 05:02:00+00:00
[2025-06-17T05:02:30.902+0000] {processor.py:208} INFO - Processing /home/airflow/.local/lib/python3.12/site-packages/airflow/example_dags/example_sla_dag.py took 0.071 seconds
[2025-06-17T05:06:07.719+0000] {processor.py:186} INFO - Started process (PID=101) to work on /home/airflow/.local/lib/python3.12/site-packages/airflow/example_dags/example_sla_dag.py
[2025-06-17T05:06:07.719+0000] {processor.py:914} INFO - Processing file /home/airflow/.local/lib/python3.12/site-packages/airflow/example_dags/example_sla_dag.py for tasks to queue
[2025-06-17T05:06:07.720+0000] {logging_mixin.py:190} INFO - [2025-06-17T05:06:07.720+0000] {dagbag.py:588} INFO - Filling up the DagBag from /home/airflow/.local/lib/python3.12/site-packages/airflow/example_dags/example_sla_dag.py
[2025-06-17T05:06:07.731+0000] {processor.py:925} INFO - DAG(s) 'example_sla_dag' retrieved from /home/airflow/.local/lib/python3.12/site-packages/airflow/example_dags/example_sla_dag.py
[2025-06-17T05:06:07.750+0000] {logging_mixin.py:190} INFO - [2025-06-17T05:06:07.750+0000] {dag.py:3239} INFO - Sync 1 DAGs
[2025-06-17T05:06:07.772+0000] {logging_mixin.py:190} INFO - [2025-06-17T05:06:07.772+0000] {dag.py:4180} INFO - Setting next_dagrun for example_sla_dag to 2025-06-17 05:04:00+00:00, run_after=2025-06-17 05:06:00+00:00
[2025-06-17T05:06:07.788+0000] {processor.py:208} INFO - Processing /home/airflow/.local/lib/python3.12/site-packages/airflow/example_dags/example_sla_dag.py took 0.075 seconds
[2025-06-17T05:06:38.790+0000] {processor.py:186} INFO - Started process (PID=164) to work on /home/airflow/.local/lib/python3.12/site-packages/airflow/example_dags/example_sla_dag.py
[2025-06-17T05:06:38.790+0000] {processor.py:914} INFO - Processing file /home/airflow/.local/lib/python3.12/site-packages/airflow/example_dags/example_sla_dag.py for tasks to queue
[2025-06-17T05:06:38.791+0000] {logging_mixin.py:190} INFO - [2025-06-17T05:06:38.791+0000] {dagbag.py:588} INFO - Filling up the DagBag from /home/airflow/.local/lib/python3.12/site-packages/airflow/example_dags/example_sla_dag.py
[2025-06-17T05:06:38.800+0000] {processor.py:925} INFO - DAG(s) 'example_sla_dag' retrieved from /home/airflow/.local/lib/python3.12/site-packages/airflow/example_dags/example_sla_dag.py
[2025-06-17T05:06:38.820+0000] {logging_mixin.py:190} INFO - [2025-06-17T05:06:38.820+0000] {dag.py:3239} INFO - Sync 1 DAGs
[2025-06-17T05:06:38.842+0000] {logging_mixin.py:190} INFO - [2025-06-17T05:06:38.842+0000] {dag.py:4180} INFO - Setting next_dagrun for example_sla_dag to 2025-06-17 05:04:00+00:00, run_after=2025-06-17 05:06:00+00:00
[2025-06-17T05:06:38.859+0000] {processor.py:208} INFO - Processing /home/airflow/.local/lib/python3.12/site-packages/airflow/example_dags/example_sla_dag.py took 0.074 seconds
[2025-06-17T05:09:02.260+0000] {processor.py:186} INFO - Started process (PID=99) to work on /home/airflow/.local/lib/python3.12/site-packages/airflow/example_dags/example_sla_dag.py
[2025-06-17T05:09:02.261+0000] {processor.py:914} INFO - Processing file /home/airflow/.local/lib/python3.12/site-packages/airflow/example_dags/example_sla_dag.py for tasks to queue
[2025-06-17T05:09:02.262+0000] {logging_mixin.py:190} INFO - [2025-06-17T05:09:02.262+0000] {dagbag.py:588} INFO - Filling up the DagBag from /home/airflow/.local/lib/python3.12/site-packages/airflow/example_dags/example_sla_dag.py
[2025-06-17T05:09:02.271+0000] {processor.py:925} INFO - DAG(s) 'example_sla_dag' retrieved from /home/airflow/.local/lib/python3.12/site-packages/airflow/example_dags/example_sla_dag.py
[2025-06-17T05:09:02.287+0000] {logging_mixin.py:190} INFO - [2025-06-17T05:09:02.286+0000] {dag.py:3239} INFO - Sync 1 DAGs
[2025-06-17T05:09:02.314+0000] {logging_mixin.py:190} INFO - [2025-06-17T05:09:02.314+0000] {dag.py:4180} INFO - Setting next_dagrun for example_sla_dag to 2025-06-17 05:06:00+00:00, run_after=2025-06-17 05:08:00+00:00
[2025-06-17T05:09:02.339+0000] {processor.py:208} INFO - Processing /home/airflow/.local/lib/python3.12/site-packages/airflow/example_dags/example_sla_dag.py took 0.084 seconds
[2025-06-17T05:09:33.024+0000] {processor.py:186} INFO - Started process (PID=162) to work on /home/airflow/.local/lib/python3.12/site-packages/airflow/example_dags/example_sla_dag.py
[2025-06-17T05:09:33.025+0000] {processor.py:914} INFO - Processing file /home/airflow/.local/lib/python3.12/site-packages/airflow/example_dags/example_sla_dag.py for tasks to queue
[2025-06-17T05:09:33.026+0000] {logging_mixin.py:190} INFO - [2025-06-17T05:09:33.025+0000] {dagbag.py:588} INFO - Filling up the DagBag from /home/airflow/.local/lib/python3.12/site-packages/airflow/example_dags/example_sla_dag.py
[2025-06-17T05:09:33.034+0000] {processor.py:925} INFO - DAG(s) 'example_sla_dag' retrieved from /home/airflow/.local/lib/python3.12/site-packages/airflow/example_dags/example_sla_dag.py
[2025-06-17T05:09:33.049+0000] {logging_mixin.py:190} INFO - [2025-06-17T05:09:33.049+0000] {dag.py:3239} INFO - Sync 1 DAGs
[2025-06-17T05:09:33.069+0000] {logging_mixin.py:190} INFO - [2025-06-17T05:09:33.069+0000] {dag.py:4180} INFO - Setting next_dagrun for example_sla_dag to 2025-06-17 05:06:00+00:00, run_after=2025-06-17 05:08:00+00:00
[2025-06-17T05:09:33.084+0000] {processor.py:208} INFO - Processing /home/airflow/.local/lib/python3.12/site-packages/airflow/example_dags/example_sla_dag.py took 0.065 seconds
[2025-06-17T05:10:03.149+0000] {processor.py:186} INFO - Started process (PID=224) to work on /home/airflow/.local/lib/python3.12/site-packages/airflow/example_dags/example_sla_dag.py
[2025-06-17T05:10:03.150+0000] {processor.py:914} INFO - Processing file /home/airflow/.local/lib/python3.12/site-packages/airflow/example_dags/example_sla_dag.py for tasks to queue
[2025-06-17T05:10:03.151+0000] {logging_mixin.py:190} INFO - [2025-06-17T05:10:03.150+0000] {dagbag.py:588} INFO - Filling up the DagBag from /home/airflow/.local/lib/python3.12/site-packages/airflow/example_dags/example_sla_dag.py
[2025-06-17T05:10:03.161+0000] {processor.py:925} INFO - DAG(s) 'example_sla_dag' retrieved from /home/airflow/.local/lib/python3.12/site-packages/airflow/example_dags/example_sla_dag.py
[2025-06-17T05:10:03.178+0000] {logging_mixin.py:190} INFO - [2025-06-17T05:10:03.178+0000] {dag.py:3239} INFO - Sync 1 DAGs
[2025-06-17T05:10:03.199+0000] {logging_mixin.py:190} INFO - [2025-06-17T05:10:03.199+0000] {dag.py:4180} INFO - Setting next_dagrun for example_sla_dag to 2025-06-17 05:08:00+00:00, run_after=2025-06-17 05:10:00+00:00
[2025-06-17T05:10:03.215+0000] {processor.py:208} INFO - Processing /home/airflow/.local/lib/python3.12/site-packages/airflow/example_dags/example_sla_dag.py took 0.070 seconds
[2025-06-17T05:10:34.416+0000] {processor.py:186} INFO - Started process (PID=287) to work on /home/airflow/.local/lib/python3.12/site-packages/airflow/example_dags/example_sla_dag.py
[2025-06-17T05:10:34.416+0000] {processor.py:914} INFO - Processing file /home/airflow/.local/lib/python3.12/site-packages/airflow/example_dags/example_sla_dag.py for tasks to queue
[2025-06-17T05:10:34.417+0000] {logging_mixin.py:190} INFO - [2025-06-17T05:10:34.417+0000] {dagbag.py:588} INFO - Filling up the DagBag from /home/airflow/.local/lib/python3.12/site-packages/airflow/example_dags/example_sla_dag.py
[2025-06-17T05:10:34.425+0000] {processor.py:925} INFO - DAG(s) 'example_sla_dag' retrieved from /home/airflow/.local/lib/python3.12/site-packages/airflow/example_dags/example_sla_dag.py
[2025-06-17T05:10:34.440+0000] {logging_mixin.py:190} INFO - [2025-06-17T05:10:34.440+0000] {dag.py:3239} INFO - Sync 1 DAGs
[2025-06-17T05:10:34.462+0000] {logging_mixin.py:190} INFO - [2025-06-17T05:10:34.462+0000] {dag.py:4180} INFO - Setting next_dagrun for example_sla_dag to 2025-06-17 05:08:00+00:00, run_after=2025-06-17 05:10:00+00:00
[2025-06-17T05:10:34.478+0000] {processor.py:208} INFO - Processing /home/airflow/.local/lib/python3.12/site-packages/airflow/example_dags/example_sla_dag.py took 0.066 seconds
[2025-06-17T05:11:05.130+0000] {processor.py:186} INFO - Started process (PID=350) to work on /home/airflow/.local/lib/python3.12/site-packages/airflow/example_dags/example_sla_dag.py
[2025-06-17T05:11:05.131+0000] {processor.py:914} INFO - Processing file /home/airflow/.local/lib/python3.12/site-packages/airflow/example_dags/example_sla_dag.py for tasks to queue
[2025-06-17T05:11:05.132+0000] {logging_mixin.py:190} INFO - [2025-06-17T05:11:05.132+0000] {dagbag.py:588} INFO - Filling up the DagBag from /home/airflow/.local/lib/python3.12/site-packages/airflow/example_dags/example_sla_dag.py
[2025-06-17T05:11:05.143+0000] {processor.py:925} INFO - DAG(s) 'example_sla_dag' retrieved from /home/airflow/.local/lib/python3.12/site-packages/airflow/example_dags/example_sla_dag.py
[2025-06-17T05:11:05.162+0000] {logging_mixin.py:190} INFO - [2025-06-17T05:11:05.162+0000] {dag.py:3239} INFO - Sync 1 DAGs
[2025-06-17T05:11:05.185+0000] {logging_mixin.py:190} INFO - [2025-06-17T05:11:05.184+0000] {dag.py:4180} INFO - Setting next_dagrun for example_sla_dag to 2025-06-17 05:08:00+00:00, run_after=2025-06-17 05:10:00+00:00
[2025-06-17T05:11:05.202+0000] {processor.py:208} INFO - Processing /home/airflow/.local/lib/python3.12/site-packages/airflow/example_dags/example_sla_dag.py took 0.076 seconds
[2025-06-17T05:11:35.939+0000] {processor.py:186} INFO - Started process (PID=413) to work on /home/airflow/.local/lib/python3.12/site-packages/airflow/example_dags/example_sla_dag.py
[2025-06-17T05:11:35.939+0000] {processor.py:914} INFO - Processing file /home/airflow/.local/lib/python3.12/site-packages/airflow/example_dags/example_sla_dag.py for tasks to queue
[2025-06-17T05:11:35.940+0000] {logging_mixin.py:190} INFO - [2025-06-17T05:11:35.940+0000] {dagbag.py:588} INFO - Filling up the DagBag from /home/airflow/.local/lib/python3.12/site-packages/airflow/example_dags/example_sla_dag.py
[2025-06-17T05:11:35.955+0000] {processor.py:925} INFO - DAG(s) 'example_sla_dag' retrieved from /home/airflow/.local/lib/python3.12/site-packages/airflow/example_dags/example_sla_dag.py
[2025-06-17T05:11:35.976+0000] {logging_mixin.py:190} INFO - [2025-06-17T05:11:35.976+0000] {dag.py:3239} INFO - Sync 1 DAGs
[2025-06-17T05:11:35.999+0000] {logging_mixin.py:190} INFO - [2025-06-17T05:11:35.999+0000] {dag.py:4180} INFO - Setting next_dagrun for example_sla_dag to 2025-06-17 05:08:00+00:00, run_after=2025-06-17 05:10:00+00:00
[2025-06-17T05:11:36.015+0000] {processor.py:208} INFO - Processing /home/airflow/.local/lib/python3.12/site-packages/airflow/example_dags/example_sla_dag.py took 0.081 seconds
[2025-06-17T05:12:06.900+0000] {processor.py:186} INFO - Started process (PID=476) to work on /home/airflow/.local/lib/python3.12/site-packages/airflow/example_dags/example_sla_dag.py
[2025-06-17T05:12:06.900+0000] {processor.py:914} INFO - Processing file /home/airflow/.local/lib/python3.12/site-packages/airflow/example_dags/example_sla_dag.py for tasks to queue
[2025-06-17T05:12:06.901+0000] {logging_mixin.py:190} INFO - [2025-06-17T05:12:06.901+0000] {dagbag.py:588} INFO - Filling up the DagBag from /home/airflow/.local/lib/python3.12/site-packages/airflow/example_dags/example_sla_dag.py
[2025-06-17T05:12:06.909+0000] {processor.py:925} INFO - DAG(s) 'example_sla_dag' retrieved from /home/airflow/.local/lib/python3.12/site-packages/airflow/example_dags/example_sla_dag.py
[2025-06-17T05:12:06.925+0000] {logging_mixin.py:190} INFO - [2025-06-17T05:12:06.925+0000] {dag.py:3239} INFO - Sync 1 DAGs
[2025-06-17T05:12:06.947+0000] {logging_mixin.py:190} INFO - [2025-06-17T05:12:06.946+0000] {dag.py:4180} INFO - Setting next_dagrun for example_sla_dag to 2025-06-17 05:10:00+00:00, run_after=2025-06-17 05:12:00+00:00
[2025-06-17T05:12:06.968+0000] {processor.py:208} INFO - Processing /home/airflow/.local/lib/python3.12/site-packages/airflow/example_dags/example_sla_dag.py took 0.073 seconds
[2025-06-17T05:12:37.332+0000] {processor.py:186} INFO - Started process (PID=539) to work on /home/airflow/.local/lib/python3.12/site-packages/airflow/example_dags/example_sla_dag.py
[2025-06-17T05:12:37.332+0000] {processor.py:914} INFO - Processing file /home/airflow/.local/lib/python3.12/site-packages/airflow/example_dags/example_sla_dag.py for tasks to queue
[2025-06-17T05:12:37.333+0000] {logging_mixin.py:190} INFO - [2025-06-17T05:12:37.333+0000] {dagbag.py:588} INFO - Filling up the DagBag from /home/airflow/.local/lib/python3.12/site-packages/airflow/example_dags/example_sla_dag.py
[2025-06-17T05:12:37.342+0000] {processor.py:925} INFO - DAG(s) 'example_sla_dag' retrieved from /home/airflow/.local/lib/python3.12/site-packages/airflow/example_dags/example_sla_dag.py
[2025-06-17T05:12:37.359+0000] {logging_mixin.py:190} INFO - [2025-06-17T05:12:37.359+0000] {dag.py:3239} INFO - Sync 1 DAGs
[2025-06-17T05:12:37.380+0000] {logging_mixin.py:190} INFO - [2025-06-17T05:12:37.380+0000] {dag.py:4180} INFO - Setting next_dagrun for example_sla_dag to 2025-06-17 05:10:00+00:00, run_after=2025-06-17 05:12:00+00:00
[2025-06-17T05:12:37.396+0000] {processor.py:208} INFO - Processing /home/airflow/.local/lib/python3.12/site-packages/airflow/example_dags/example_sla_dag.py took 0.069 seconds
[2025-06-17T05:13:08.188+0000] {processor.py:186} INFO - Started process (PID=602) to work on /home/airflow/.local/lib/python3.12/site-packages/airflow/example_dags/example_sla_dag.py
[2025-06-17T05:13:08.188+0000] {processor.py:914} INFO - Processing file /home/airflow/.local/lib/python3.12/site-packages/airflow/example_dags/example_sla_dag.py for tasks to queue
[2025-06-17T05:13:08.189+0000] {logging_mixin.py:190} INFO - [2025-06-17T05:13:08.189+0000] {dagbag.py:588} INFO - Filling up the DagBag from /home/airflow/.local/lib/python3.12/site-packages/airflow/example_dags/example_sla_dag.py
[2025-06-17T05:13:08.196+0000] {processor.py:925} INFO - DAG(s) 'example_sla_dag' retrieved from /home/airflow/.local/lib/python3.12/site-packages/airflow/example_dags/example_sla_dag.py
[2025-06-17T05:13:08.211+0000] {logging_mixin.py:190} INFO - [2025-06-17T05:13:08.211+0000] {dag.py:3239} INFO - Sync 1 DAGs
[2025-06-17T05:13:08.230+0000] {logging_mixin.py:190} INFO - [2025-06-17T05:13:08.229+0000] {dag.py:4180} INFO - Setting next_dagrun for example_sla_dag to 2025-06-17 05:10:00+00:00, run_after=2025-06-17 05:12:00+00:00
[2025-06-17T05:13:08.242+0000] {processor.py:208} INFO - Processing /home/airflow/.local/lib/python3.12/site-packages/airflow/example_dags/example_sla_dag.py took 0.059 seconds
[2025-06-17T05:13:38.560+0000] {processor.py:186} INFO - Started process (PID=665) to work on /home/airflow/.local/lib/python3.12/site-packages/airflow/example_dags/example_sla_dag.py
[2025-06-17T05:13:38.561+0000] {processor.py:914} INFO - Processing file /home/airflow/.local/lib/python3.12/site-packages/airflow/example_dags/example_sla_dag.py for tasks to queue
[2025-06-17T05:13:38.562+0000] {logging_mixin.py:190} INFO - [2025-06-17T05:13:38.561+0000] {dagbag.py:588} INFO - Filling up the DagBag from /home/airflow/.local/lib/python3.12/site-packages/airflow/example_dags/example_sla_dag.py
[2025-06-17T05:13:38.570+0000] {processor.py:925} INFO - DAG(s) 'example_sla_dag' retrieved from /home/airflow/.local/lib/python3.12/site-packages/airflow/example_dags/example_sla_dag.py
[2025-06-17T05:13:38.585+0000] {logging_mixin.py:190} INFO - [2025-06-17T05:13:38.585+0000] {dag.py:3239} INFO - Sync 1 DAGs
[2025-06-17T05:13:38.606+0000] {logging_mixin.py:190} INFO - [2025-06-17T05:13:38.606+0000] {dag.py:4180} INFO - Setting next_dagrun for example_sla_dag to 2025-06-17 05:10:00+00:00, run_after=2025-06-17 05:12:00+00:00
[2025-06-17T05:13:38.621+0000] {processor.py:208} INFO - Processing /home/airflow/.local/lib/python3.12/site-packages/airflow/example_dags/example_sla_dag.py took 0.065 seconds
[2025-06-17T05:14:09.402+0000] {processor.py:186} INFO - Started process (PID=728) to work on /home/airflow/.local/lib/python3.12/site-packages/airflow/example_dags/example_sla_dag.py
[2025-06-17T05:14:09.403+0000] {processor.py:914} INFO - Processing file /home/airflow/.local/lib/python3.12/site-packages/airflow/example_dags/example_sla_dag.py for tasks to queue
[2025-06-17T05:14:09.404+0000] {logging_mixin.py:190} INFO - [2025-06-17T05:14:09.404+0000] {dagbag.py:588} INFO - Filling up the DagBag from /home/airflow/.local/lib/python3.12/site-packages/airflow/example_dags/example_sla_dag.py
[2025-06-17T05:14:09.418+0000] {processor.py:925} INFO - DAG(s) 'example_sla_dag' retrieved from /home/airflow/.local/lib/python3.12/site-packages/airflow/example_dags/example_sla_dag.py
[2025-06-17T05:14:09.433+0000] {logging_mixin.py:190} INFO - [2025-06-17T05:14:09.433+0000] {dag.py:3239} INFO - Sync 1 DAGs
[2025-06-17T05:14:09.457+0000] {logging_mixin.py:190} INFO - [2025-06-17T05:14:09.457+0000] {dag.py:4180} INFO - Setting next_dagrun for example_sla_dag to 2025-06-17 05:12:00+00:00, run_after=2025-06-17 05:14:00+00:00
[2025-06-17T05:14:09.472+0000] {processor.py:208} INFO - Processing /home/airflow/.local/lib/python3.12/site-packages/airflow/example_dags/example_sla_dag.py took 0.077 seconds
[2025-06-17T05:17:49.524+0000] {processor.py:186} INFO - Started process (PID=100) to work on /home/airflow/.local/lib/python3.12/site-packages/airflow/example_dags/example_sla_dag.py
[2025-06-17T05:17:49.524+0000] {processor.py:914} INFO - Processing file /home/airflow/.local/lib/python3.12/site-packages/airflow/example_dags/example_sla_dag.py for tasks to queue
[2025-06-17T05:17:49.525+0000] {logging_mixin.py:190} INFO - [2025-06-17T05:17:49.525+0000] {dagbag.py:588} INFO - Filling up the DagBag from /home/airflow/.local/lib/python3.12/site-packages/airflow/example_dags/example_sla_dag.py
[2025-06-17T05:17:49.535+0000] {processor.py:925} INFO - DAG(s) 'example_sla_dag' retrieved from /home/airflow/.local/lib/python3.12/site-packages/airflow/example_dags/example_sla_dag.py
[2025-06-17T05:17:49.610+0000] {logging_mixin.py:190} INFO - [2025-06-17T05:17:49.609+0000] {override.py:1912} INFO - Created Permission View: can read on DAG:example_sla_dag
[2025-06-17T05:17:49.617+0000] {logging_mixin.py:190} INFO - [2025-06-17T05:17:49.616+0000] {override.py:1912} INFO - Created Permission View: can delete on DAG:example_sla_dag
[2025-06-17T05:17:49.622+0000] {logging_mixin.py:190} INFO - [2025-06-17T05:17:49.622+0000] {override.py:1912} INFO - Created Permission View: can edit on DAG:example_sla_dag
[2025-06-17T05:17:49.628+0000] {logging_mixin.py:190} INFO - [2025-06-17T05:17:49.628+0000] {override.py:1912} INFO - Created Permission View: can read on DAG Run:example_sla_dag
[2025-06-17T05:17:49.633+0000] {logging_mixin.py:190} INFO - [2025-06-17T05:17:49.633+0000] {override.py:1912} INFO - Created Permission View: can delete on DAG Run:example_sla_dag
[2025-06-17T05:17:49.639+0000] {logging_mixin.py:190} INFO - [2025-06-17T05:17:49.639+0000] {override.py:1912} INFO - Created Permission View: menu access on DAG Run:example_sla_dag
[2025-06-17T05:17:49.644+0000] {logging_mixin.py:190} INFO - [2025-06-17T05:17:49.644+0000] {override.py:1912} INFO - Created Permission View: can create on DAG Run:example_sla_dag
[2025-06-17T05:17:49.644+0000] {logging_mixin.py:190} INFO - [2025-06-17T05:17:49.644+0000] {dag.py:3239} INFO - Sync 1 DAGs
[2025-06-17T05:17:49.654+0000] {logging_mixin.py:190} INFO - [2025-06-17T05:17:49.654+0000] {dag.py:3262} INFO - Creating ORM DAG for example_sla_dag
[2025-06-17T05:17:49.663+0000] {logging_mixin.py:190} INFO - [2025-06-17T05:17:49.663+0000] {dag.py:4180} INFO - Setting next_dagrun for example_sla_dag to 2025-06-17 05:14:00+00:00, run_after=2025-06-17 05:16:00+00:00
[2025-06-17T05:17:49.675+0000] {processor.py:208} INFO - Processing /home/airflow/.local/lib/python3.12/site-packages/airflow/example_dags/example_sla_dag.py took 0.156 seconds
[2025-06-17T05:19:16.628+0000] {processor.py:186} INFO - Started process (PID=100) to work on /home/airflow/.local/lib/python3.12/site-packages/airflow/example_dags/example_sla_dag.py
[2025-06-17T05:19:16.628+0000] {processor.py:914} INFO - Processing file /home/airflow/.local/lib/python3.12/site-packages/airflow/example_dags/example_sla_dag.py for tasks to queue
[2025-06-17T05:19:16.630+0000] {logging_mixin.py:190} INFO - [2025-06-17T05:19:16.629+0000] {dagbag.py:588} INFO - Filling up the DagBag from /home/airflow/.local/lib/python3.12/site-packages/airflow/example_dags/example_sla_dag.py
[2025-06-17T05:19:16.638+0000] {processor.py:925} INFO - DAG(s) 'example_sla_dag' retrieved from /home/airflow/.local/lib/python3.12/site-packages/airflow/example_dags/example_sla_dag.py
[2025-06-17T05:19:16.654+0000] {logging_mixin.py:190} INFO - [2025-06-17T05:19:16.653+0000] {dag.py:3239} INFO - Sync 1 DAGs
[2025-06-17T05:19:16.675+0000] {logging_mixin.py:190} INFO - [2025-06-17T05:19:16.675+0000] {dag.py:4180} INFO - Setting next_dagrun for example_sla_dag to 2025-06-17 05:16:00+00:00, run_after=2025-06-17 05:18:00+00:00
[2025-06-17T05:19:16.690+0000] {processor.py:208} INFO - Processing /home/airflow/.local/lib/python3.12/site-packages/airflow/example_dags/example_sla_dag.py took 0.067 seconds
[2025-06-17T05:19:47.474+0000] {processor.py:186} INFO - Started process (PID=163) to work on /home/airflow/.local/lib/python3.12/site-packages/airflow/example_dags/example_sla_dag.py
[2025-06-17T05:19:47.474+0000] {processor.py:914} INFO - Processing file /home/airflow/.local/lib/python3.12/site-packages/airflow/example_dags/example_sla_dag.py for tasks to queue
[2025-06-17T05:19:47.475+0000] {logging_mixin.py:190} INFO - [2025-06-17T05:19:47.475+0000] {dagbag.py:588} INFO - Filling up the DagBag from /home/airflow/.local/lib/python3.12/site-packages/airflow/example_dags/example_sla_dag.py
[2025-06-17T05:19:47.484+0000] {processor.py:925} INFO - DAG(s) 'example_sla_dag' retrieved from /home/airflow/.local/lib/python3.12/site-packages/airflow/example_dags/example_sla_dag.py
[2025-06-17T05:19:47.500+0000] {logging_mixin.py:190} INFO - [2025-06-17T05:19:47.500+0000] {dag.py:3239} INFO - Sync 1 DAGs
[2025-06-17T05:19:47.522+0000] {logging_mixin.py:190} INFO - [2025-06-17T05:19:47.522+0000] {dag.py:4180} INFO - Setting next_dagrun for example_sla_dag to 2025-06-17 05:16:00+00:00, run_after=2025-06-17 05:18:00+00:00
[2025-06-17T05:19:47.538+0000] {processor.py:208} INFO - Processing /home/airflow/.local/lib/python3.12/site-packages/airflow/example_dags/example_sla_dag.py took 0.069 seconds
[2025-06-17T05:21:35.563+0000] {processor.py:186} INFO - Started process (PID=100) to work on /home/airflow/.local/lib/python3.12/site-packages/airflow/example_dags/example_sla_dag.py
[2025-06-17T05:21:35.564+0000] {processor.py:914} INFO - Processing file /home/airflow/.local/lib/python3.12/site-packages/airflow/example_dags/example_sla_dag.py for tasks to queue
[2025-06-17T05:21:35.565+0000] {logging_mixin.py:190} INFO - [2025-06-17T05:21:35.565+0000] {dagbag.py:588} INFO - Filling up the DagBag from /home/airflow/.local/lib/python3.12/site-packages/airflow/example_dags/example_sla_dag.py
[2025-06-17T05:21:35.573+0000] {processor.py:925} INFO - DAG(s) 'example_sla_dag' retrieved from /home/airflow/.local/lib/python3.12/site-packages/airflow/example_dags/example_sla_dag.py
[2025-06-17T05:21:35.588+0000] {logging_mixin.py:190} INFO - [2025-06-17T05:21:35.588+0000] {dag.py:3239} INFO - Sync 1 DAGs
[2025-06-17T05:21:35.609+0000] {logging_mixin.py:190} INFO - [2025-06-17T05:21:35.609+0000] {dag.py:4180} INFO - Setting next_dagrun for example_sla_dag to 2025-06-17 05:18:00+00:00, run_after=2025-06-17 05:20:00+00:00
[2025-06-17T05:21:35.623+0000] {processor.py:208} INFO - Processing /home/airflow/.local/lib/python3.12/site-packages/airflow/example_dags/example_sla_dag.py took 0.064 seconds
[2025-06-17T05:22:06.456+0000] {processor.py:186} INFO - Started process (PID=163) to work on /home/airflow/.local/lib/python3.12/site-packages/airflow/example_dags/example_sla_dag.py
[2025-06-17T05:22:06.457+0000] {processor.py:914} INFO - Processing file /home/airflow/.local/lib/python3.12/site-packages/airflow/example_dags/example_sla_dag.py for tasks to queue
[2025-06-17T05:22:06.458+0000] {logging_mixin.py:190} INFO - [2025-06-17T05:22:06.458+0000] {dagbag.py:588} INFO - Filling up the DagBag from /home/airflow/.local/lib/python3.12/site-packages/airflow/example_dags/example_sla_dag.py
[2025-06-17T05:22:06.466+0000] {processor.py:925} INFO - DAG(s) 'example_sla_dag' retrieved from /home/airflow/.local/lib/python3.12/site-packages/airflow/example_dags/example_sla_dag.py
[2025-06-17T05:22:06.480+0000] {logging_mixin.py:190} INFO - [2025-06-17T05:22:06.479+0000] {dag.py:3239} INFO - Sync 1 DAGs
[2025-06-17T05:22:06.499+0000] {logging_mixin.py:190} INFO - [2025-06-17T05:22:06.499+0000] {dag.py:4180} INFO - Setting next_dagrun for example_sla_dag to 2025-06-17 05:20:00+00:00, run_after=2025-06-17 05:22:00+00:00
[2025-06-17T05:22:06.515+0000] {processor.py:208} INFO - Processing /home/airflow/.local/lib/python3.12/site-packages/airflow/example_dags/example_sla_dag.py took 0.063 seconds
[2025-06-17T05:22:37.294+0000] {processor.py:186} INFO - Started process (PID=226) to work on /home/airflow/.local/lib/python3.12/site-packages/airflow/example_dags/example_sla_dag.py
[2025-06-17T05:22:37.295+0000] {processor.py:914} INFO - Processing file /home/airflow/.local/lib/python3.12/site-packages/airflow/example_dags/example_sla_dag.py for tasks to queue
[2025-06-17T05:22:37.296+0000] {logging_mixin.py:190} INFO - [2025-06-17T05:22:37.295+0000] {dagbag.py:588} INFO - Filling up the DagBag from /home/airflow/.local/lib/python3.12/site-packages/airflow/example_dags/example_sla_dag.py
[2025-06-17T05:22:37.304+0000] {processor.py:925} INFO - DAG(s) 'example_sla_dag' retrieved from /home/airflow/.local/lib/python3.12/site-packages/airflow/example_dags/example_sla_dag.py
[2025-06-17T05:22:37.320+0000] {logging_mixin.py:190} INFO - [2025-06-17T05:22:37.320+0000] {dag.py:3239} INFO - Sync 1 DAGs
[2025-06-17T05:22:37.342+0000] {logging_mixin.py:190} INFO - [2025-06-17T05:22:37.342+0000] {dag.py:4180} INFO - Setting next_dagrun for example_sla_dag to 2025-06-17 05:20:00+00:00, run_after=2025-06-17 05:22:00+00:00
[2025-06-17T05:22:37.359+0000] {processor.py:208} INFO - Processing /home/airflow/.local/lib/python3.12/site-packages/airflow/example_dags/example_sla_dag.py took 0.070 seconds
[2025-06-17T05:23:08.134+0000] {processor.py:186} INFO - Started process (PID=289) to work on /home/airflow/.local/lib/python3.12/site-packages/airflow/example_dags/example_sla_dag.py
[2025-06-17T05:23:08.134+0000] {processor.py:914} INFO - Processing file /home/airflow/.local/lib/python3.12/site-packages/airflow/example_dags/example_sla_dag.py for tasks to queue
[2025-06-17T05:23:08.135+0000] {logging_mixin.py:190} INFO - [2025-06-17T05:23:08.135+0000] {dagbag.py:588} INFO - Filling up the DagBag from /home/airflow/.local/lib/python3.12/site-packages/airflow/example_dags/example_sla_dag.py
[2025-06-17T05:23:08.143+0000] {processor.py:925} INFO - DAG(s) 'example_sla_dag' retrieved from /home/airflow/.local/lib/python3.12/site-packages/airflow/example_dags/example_sla_dag.py
[2025-06-17T05:23:08.159+0000] {logging_mixin.py:190} INFO - [2025-06-17T05:23:08.159+0000] {dag.py:3239} INFO - Sync 1 DAGs
[2025-06-17T05:23:08.179+0000] {logging_mixin.py:190} INFO - [2025-06-17T05:23:08.179+0000] {dag.py:4180} INFO - Setting next_dagrun for example_sla_dag to 2025-06-17 05:20:00+00:00, run_after=2025-06-17 05:22:00+00:00
[2025-06-17T05:23:08.196+0000] {processor.py:208} INFO - Processing /home/airflow/.local/lib/python3.12/site-packages/airflow/example_dags/example_sla_dag.py took 0.067 seconds
[2025-06-17T05:23:39.382+0000] {processor.py:186} INFO - Started process (PID=352) to work on /home/airflow/.local/lib/python3.12/site-packages/airflow/example_dags/example_sla_dag.py
[2025-06-17T05:23:39.383+0000] {processor.py:914} INFO - Processing file /home/airflow/.local/lib/python3.12/site-packages/airflow/example_dags/example_sla_dag.py for tasks to queue
[2025-06-17T05:23:39.384+0000] {logging_mixin.py:190} INFO - [2025-06-17T05:23:39.384+0000] {dagbag.py:588} INFO - Filling up the DagBag from /home/airflow/.local/lib/python3.12/site-packages/airflow/example_dags/example_sla_dag.py
[2025-06-17T05:23:39.394+0000] {processor.py:925} INFO - DAG(s) 'example_sla_dag' retrieved from /home/airflow/.local/lib/python3.12/site-packages/airflow/example_dags/example_sla_dag.py
[2025-06-17T05:23:39.410+0000] {logging_mixin.py:190} INFO - [2025-06-17T05:23:39.410+0000] {dag.py:3239} INFO - Sync 1 DAGs
[2025-06-17T05:23:39.430+0000] {logging_mixin.py:190} INFO - [2025-06-17T05:23:39.430+0000] {dag.py:4180} INFO - Setting next_dagrun for example_sla_dag to 2025-06-17 05:20:00+00:00, run_after=2025-06-17 05:22:00+00:00
[2025-06-17T05:23:39.443+0000] {processor.py:208} INFO - Processing /home/airflow/.local/lib/python3.12/site-packages/airflow/example_dags/example_sla_dag.py took 0.066 seconds
[2025-06-17T07:58:44.945+0000] {processor.py:186} INFO - Started process (PID=81) to work on /home/airflow/.local/lib/python3.12/site-packages/airflow/example_dags/example_sla_dag.py
[2025-06-17T07:58:44.958+0000] {processor.py:914} INFO - Processing file /home/airflow/.local/lib/python3.12/site-packages/airflow/example_dags/example_sla_dag.py for tasks to queue
[2025-06-17T07:58:44.988+0000] {logging_mixin.py:190} INFO - [2025-06-17T07:58:44.970+0000] {dagbag.py:588} INFO - Filling up the DagBag from /home/airflow/.local/lib/python3.12/site-packages/airflow/example_dags/example_sla_dag.py
[2025-06-17T07:58:45.060+0000] {processor.py:925} INFO - DAG(s) 'example_sla_dag' retrieved from /home/airflow/.local/lib/python3.12/site-packages/airflow/example_dags/example_sla_dag.py
[2025-06-17T07:58:45.229+0000] {logging_mixin.py:190} INFO - [2025-06-17T07:58:45.228+0000] {dag.py:3239} INFO - Sync 1 DAGs
[2025-06-17T07:58:45.399+0000] {logging_mixin.py:190} INFO - [2025-06-17T07:58:45.397+0000] {dag.py:4180} INFO - Setting next_dagrun for example_sla_dag to 2025-06-17 07:56:00+00:00, run_after=2025-06-17 07:58:00+00:00
[2025-06-17T07:58:45.623+0000] {processor.py:208} INFO - Processing /home/airflow/.local/lib/python3.12/site-packages/airflow/example_dags/example_sla_dag.py took 0.709 seconds
