[2025-06-17T05:01:24.086+0000] {processor.py:186} INFO - Started process (PID=61) to work on /home/airflow/.local/lib/python3.12/site-packages/airflow/example_dags/example_xcomargs.py
[2025-06-17T05:01:24.086+0000] {processor.py:914} INFO - Processing file /home/airflow/.local/lib/python3.12/site-packages/airflow/example_dags/example_xcomargs.py for tasks to queue
[2025-06-17T05:01:24.087+0000] {logging_mixin.py:190} INFO - [2025-06-17T05:01:24.087+0000] {dagbag.py:588} INFO - Filling up the DagBag from /home/airflow/.local/lib/python3.12/site-packages/airflow/example_dags/example_xcomargs.py
[2025-06-17T05:01:24.096+0000] {processor.py:925} INFO - DAG(s) 'example_xcom_args_with_operators', 'example_xcom_args' retrieved from /home/airflow/.local/lib/python3.12/site-packages/airflow/example_dags/example_xcomargs.py
[2025-06-17T05:01:24.188+0000] {logging_mixin.py:190} INFO - [2025-06-17T05:01:24.186+0000] {override.py:1912} INFO - Created Permission View: can read on DAG:example_xcom_args_with_operators
[2025-06-17T05:01:24.197+0000] {logging_mixin.py:190} INFO - [2025-06-17T05:01:24.197+0000] {override.py:1912} INFO - Created Permission View: can edit on DAG:example_xcom_args_with_operators
[2025-06-17T05:01:24.205+0000] {logging_mixin.py:190} INFO - [2025-06-17T05:01:24.205+0000] {override.py:1912} INFO - Created Permission View: can delete on DAG:example_xcom_args_with_operators
[2025-06-17T05:01:24.214+0000] {logging_mixin.py:190} INFO - [2025-06-17T05:01:24.214+0000] {override.py:1912} INFO - Created Permission View: menu access on DAG Run:example_xcom_args_with_operators
[2025-06-17T05:01:24.221+0000] {logging_mixin.py:190} INFO - [2025-06-17T05:01:24.220+0000] {override.py:1912} INFO - Created Permission View: can create on DAG Run:example_xcom_args_with_operators
[2025-06-17T05:01:24.227+0000] {logging_mixin.py:190} INFO - [2025-06-17T05:01:24.226+0000] {override.py:1912} INFO - Created Permission View: can read on DAG Run:example_xcom_args_with_operators
[2025-06-17T05:01:24.232+0000] {logging_mixin.py:190} INFO - [2025-06-17T05:01:24.232+0000] {override.py:1912} INFO - Created Permission View: can delete on DAG Run:example_xcom_args_with_operators
[2025-06-17T05:01:24.243+0000] {logging_mixin.py:190} INFO - [2025-06-17T05:01:24.243+0000] {override.py:1912} INFO - Created Permission View: can read on DAG:example_xcom_args
[2025-06-17T05:01:24.248+0000] {logging_mixin.py:190} INFO - [2025-06-17T05:01:24.248+0000] {override.py:1912} INFO - Created Permission View: can edit on DAG:example_xcom_args
[2025-06-17T05:01:24.255+0000] {logging_mixin.py:190} INFO - [2025-06-17T05:01:24.254+0000] {override.py:1912} INFO - Created Permission View: can delete on DAG:example_xcom_args
[2025-06-17T05:01:24.263+0000] {logging_mixin.py:190} INFO - [2025-06-17T05:01:24.262+0000] {override.py:1912} INFO - Created Permission View: menu access on DAG Run:example_xcom_args
[2025-06-17T05:01:24.269+0000] {logging_mixin.py:190} INFO - [2025-06-17T05:01:24.268+0000] {override.py:1912} INFO - Created Permission View: can create on DAG Run:example_xcom_args
[2025-06-17T05:01:24.274+0000] {logging_mixin.py:190} INFO - [2025-06-17T05:01:24.274+0000] {override.py:1912} INFO - Created Permission View: can read on DAG Run:example_xcom_args
[2025-06-17T05:01:24.279+0000] {logging_mixin.py:190} INFO - [2025-06-17T05:01:24.279+0000] {override.py:1912} INFO - Created Permission View: can delete on DAG Run:example_xcom_args
[2025-06-17T05:01:24.280+0000] {logging_mixin.py:190} INFO - [2025-06-17T05:01:24.280+0000] {dag.py:3239} INFO - Sync 2 DAGs
[2025-06-17T05:01:24.289+0000] {logging_mixin.py:190} INFO - [2025-06-17T05:01:24.289+0000] {dag.py:3262} INFO - Creating ORM DAG for example_xcom_args
[2025-06-17T05:01:24.290+0000] {logging_mixin.py:190} INFO - [2025-06-17T05:01:24.290+0000] {dag.py:3262} INFO - Creating ORM DAG for example_xcom_args_with_operators
[2025-06-17T05:01:24.291+0000] {logging_mixin.py:190} INFO - [2025-06-17T05:01:24.290+0000] {dag.py:4180} INFO - Setting next_dagrun for example_xcom_args to None, run_after=None
[2025-06-17T05:01:24.291+0000] {logging_mixin.py:190} INFO - [2025-06-17T05:01:24.291+0000] {dag.py:4180} INFO - Setting next_dagrun for example_xcom_args_with_operators to None, run_after=None
[2025-06-17T05:01:24.305+0000] {processor.py:208} INFO - Processing /home/airflow/.local/lib/python3.12/site-packages/airflow/example_dags/example_xcomargs.py took 0.223 seconds
[2025-06-17T05:01:54.808+0000] {processor.py:186} INFO - Started process (PID=124) to work on /home/airflow/.local/lib/python3.12/site-packages/airflow/example_dags/example_xcomargs.py
[2025-06-17T05:01:54.809+0000] {processor.py:914} INFO - Processing file /home/airflow/.local/lib/python3.12/site-packages/airflow/example_dags/example_xcomargs.py for tasks to queue
[2025-06-17T05:01:54.810+0000] {logging_mixin.py:190} INFO - [2025-06-17T05:01:54.810+0000] {dagbag.py:588} INFO - Filling up the DagBag from /home/airflow/.local/lib/python3.12/site-packages/airflow/example_dags/example_xcomargs.py
[2025-06-17T05:01:54.817+0000] {processor.py:925} INFO - DAG(s) 'example_xcom_args_with_operators', 'example_xcom_args' retrieved from /home/airflow/.local/lib/python3.12/site-packages/airflow/example_dags/example_xcomargs.py
[2025-06-17T05:01:54.835+0000] {logging_mixin.py:190} INFO - [2025-06-17T05:01:54.835+0000] {dag.py:3239} INFO - Sync 2 DAGs
[2025-06-17T05:01:54.848+0000] {logging_mixin.py:190} INFO - [2025-06-17T05:01:54.847+0000] {dag.py:4180} INFO - Setting next_dagrun for example_xcom_args to None, run_after=None
[2025-06-17T05:01:54.850+0000] {logging_mixin.py:190} INFO - [2025-06-17T05:01:54.850+0000] {dag.py:4180} INFO - Setting next_dagrun for example_xcom_args_with_operators to None, run_after=None
[2025-06-17T05:01:54.862+0000] {processor.py:208} INFO - Processing /home/airflow/.local/lib/python3.12/site-packages/airflow/example_dags/example_xcomargs.py took 0.058 seconds
[2025-06-17T05:02:25.726+0000] {processor.py:186} INFO - Started process (PID=187) to work on /home/airflow/.local/lib/python3.12/site-packages/airflow/example_dags/example_xcomargs.py
[2025-06-17T05:02:25.726+0000] {processor.py:914} INFO - Processing file /home/airflow/.local/lib/python3.12/site-packages/airflow/example_dags/example_xcomargs.py for tasks to queue
[2025-06-17T05:02:25.727+0000] {logging_mixin.py:190} INFO - [2025-06-17T05:02:25.727+0000] {dagbag.py:588} INFO - Filling up the DagBag from /home/airflow/.local/lib/python3.12/site-packages/airflow/example_dags/example_xcomargs.py
[2025-06-17T05:02:25.739+0000] {processor.py:925} INFO - DAG(s) 'example_xcom_args_with_operators', 'example_xcom_args' retrieved from /home/airflow/.local/lib/python3.12/site-packages/airflow/example_dags/example_xcomargs.py
[2025-06-17T05:02:25.761+0000] {logging_mixin.py:190} INFO - [2025-06-17T05:02:25.761+0000] {dag.py:3239} INFO - Sync 2 DAGs
[2025-06-17T05:02:25.773+0000] {logging_mixin.py:190} INFO - [2025-06-17T05:02:25.773+0000] {dag.py:4180} INFO - Setting next_dagrun for example_xcom_args to None, run_after=None
[2025-06-17T05:02:25.776+0000] {logging_mixin.py:190} INFO - [2025-06-17T05:02:25.776+0000] {dag.py:4180} INFO - Setting next_dagrun for example_xcom_args_with_operators to None, run_after=None
[2025-06-17T05:02:25.790+0000] {processor.py:208} INFO - Processing /home/airflow/.local/lib/python3.12/site-packages/airflow/example_dags/example_xcomargs.py took 0.069 seconds
[2025-06-17T05:06:04.003+0000] {processor.py:186} INFO - Started process (PID=63) to work on /home/airflow/.local/lib/python3.12/site-packages/airflow/example_dags/example_xcomargs.py
[2025-06-17T05:06:04.003+0000] {processor.py:914} INFO - Processing file /home/airflow/.local/lib/python3.12/site-packages/airflow/example_dags/example_xcomargs.py for tasks to queue
[2025-06-17T05:06:04.004+0000] {logging_mixin.py:190} INFO - [2025-06-17T05:06:04.004+0000] {dagbag.py:588} INFO - Filling up the DagBag from /home/airflow/.local/lib/python3.12/site-packages/airflow/example_dags/example_xcomargs.py
[2025-06-17T05:06:04.015+0000] {processor.py:925} INFO - DAG(s) 'example_xcom_args', 'example_xcom_args_with_operators' retrieved from /home/airflow/.local/lib/python3.12/site-packages/airflow/example_dags/example_xcomargs.py
[2025-06-17T05:06:04.039+0000] {logging_mixin.py:190} INFO - [2025-06-17T05:06:04.039+0000] {dag.py:3239} INFO - Sync 2 DAGs
[2025-06-17T05:06:04.052+0000] {logging_mixin.py:190} INFO - [2025-06-17T05:06:04.052+0000] {dag.py:4180} INFO - Setting next_dagrun for example_xcom_args to None, run_after=None
[2025-06-17T05:06:04.055+0000] {logging_mixin.py:190} INFO - [2025-06-17T05:06:04.055+0000] {dag.py:4180} INFO - Setting next_dagrun for example_xcom_args_with_operators to None, run_after=None
[2025-06-17T05:06:04.067+0000] {processor.py:208} INFO - Processing /home/airflow/.local/lib/python3.12/site-packages/airflow/example_dags/example_xcomargs.py took 0.070 seconds
[2025-06-17T05:06:35.000+0000] {processor.py:186} INFO - Started process (PID=126) to work on /home/airflow/.local/lib/python3.12/site-packages/airflow/example_dags/example_xcomargs.py
[2025-06-17T05:06:35.001+0000] {processor.py:914} INFO - Processing file /home/airflow/.local/lib/python3.12/site-packages/airflow/example_dags/example_xcomargs.py for tasks to queue
[2025-06-17T05:06:35.002+0000] {logging_mixin.py:190} INFO - [2025-06-17T05:06:35.001+0000] {dagbag.py:588} INFO - Filling up the DagBag from /home/airflow/.local/lib/python3.12/site-packages/airflow/example_dags/example_xcomargs.py
[2025-06-17T05:06:35.010+0000] {processor.py:925} INFO - DAG(s) 'example_xcom_args', 'example_xcom_args_with_operators' retrieved from /home/airflow/.local/lib/python3.12/site-packages/airflow/example_dags/example_xcomargs.py
[2025-06-17T05:06:35.028+0000] {logging_mixin.py:190} INFO - [2025-06-17T05:06:35.028+0000] {dag.py:3239} INFO - Sync 2 DAGs
[2025-06-17T05:06:35.040+0000] {logging_mixin.py:190} INFO - [2025-06-17T05:06:35.039+0000] {dag.py:4180} INFO - Setting next_dagrun for example_xcom_args to None, run_after=None
[2025-06-17T05:06:35.042+0000] {logging_mixin.py:190} INFO - [2025-06-17T05:06:35.042+0000] {dag.py:4180} INFO - Setting next_dagrun for example_xcom_args_with_operators to None, run_after=None
[2025-06-17T05:06:35.056+0000] {processor.py:208} INFO - Processing /home/airflow/.local/lib/python3.12/site-packages/airflow/example_dags/example_xcomargs.py took 0.061 seconds
[2025-06-17T05:08:57.488+0000] {processor.py:186} INFO - Started process (PID=61) to work on /home/airflow/.local/lib/python3.12/site-packages/airflow/example_dags/example_xcomargs.py
[2025-06-17T05:08:57.489+0000] {processor.py:914} INFO - Processing file /home/airflow/.local/lib/python3.12/site-packages/airflow/example_dags/example_xcomargs.py for tasks to queue
[2025-06-17T05:08:57.490+0000] {logging_mixin.py:190} INFO - [2025-06-17T05:08:57.490+0000] {dagbag.py:588} INFO - Filling up the DagBag from /home/airflow/.local/lib/python3.12/site-packages/airflow/example_dags/example_xcomargs.py
[2025-06-17T05:08:57.508+0000] {processor.py:925} INFO - DAG(s) 'example_xcom_args_with_operators', 'example_xcom_args' retrieved from /home/airflow/.local/lib/python3.12/site-packages/airflow/example_dags/example_xcomargs.py
[2025-06-17T05:08:57.549+0000] {logging_mixin.py:190} INFO - [2025-06-17T05:08:57.549+0000] {dag.py:3239} INFO - Sync 2 DAGs
[2025-06-17T05:08:57.566+0000] {logging_mixin.py:190} INFO - [2025-06-17T05:08:57.566+0000] {dag.py:4180} INFO - Setting next_dagrun for example_xcom_args to None, run_after=None
[2025-06-17T05:08:57.571+0000] {logging_mixin.py:190} INFO - [2025-06-17T05:08:57.570+0000] {dag.py:4180} INFO - Setting next_dagrun for example_xcom_args_with_operators to None, run_after=None
[2025-06-17T05:08:57.593+0000] {processor.py:208} INFO - Processing /home/airflow/.local/lib/python3.12/site-packages/airflow/example_dags/example_xcomargs.py took 0.110 seconds
[2025-06-17T05:09:27.720+0000] {processor.py:186} INFO - Started process (PID=130) to work on /home/airflow/.local/lib/python3.12/site-packages/airflow/example_dags/example_xcomargs.py
[2025-06-17T05:09:27.721+0000] {processor.py:914} INFO - Processing file /home/airflow/.local/lib/python3.12/site-packages/airflow/example_dags/example_xcomargs.py for tasks to queue
[2025-06-17T05:09:27.722+0000] {logging_mixin.py:190} INFO - [2025-06-17T05:09:27.721+0000] {dagbag.py:588} INFO - Filling up the DagBag from /home/airflow/.local/lib/python3.12/site-packages/airflow/example_dags/example_xcomargs.py
[2025-06-17T05:09:27.732+0000] {processor.py:925} INFO - DAG(s) 'example_xcom_args_with_operators', 'example_xcom_args' retrieved from /home/airflow/.local/lib/python3.12/site-packages/airflow/example_dags/example_xcomargs.py
[2025-06-17T05:09:27.753+0000] {logging_mixin.py:190} INFO - [2025-06-17T05:09:27.753+0000] {dag.py:3239} INFO - Sync 2 DAGs
[2025-06-17T05:09:27.768+0000] {logging_mixin.py:190} INFO - [2025-06-17T05:09:27.768+0000] {dag.py:4180} INFO - Setting next_dagrun for example_xcom_args to None, run_after=None
[2025-06-17T05:09:27.772+0000] {logging_mixin.py:190} INFO - [2025-06-17T05:09:27.772+0000] {dag.py:4180} INFO - Setting next_dagrun for example_xcom_args_with_operators to None, run_after=None
[2025-06-17T05:09:27.789+0000] {processor.py:208} INFO - Processing /home/airflow/.local/lib/python3.12/site-packages/airflow/example_dags/example_xcomargs.py took 0.075 seconds
[2025-06-17T05:09:58.280+0000] {processor.py:186} INFO - Started process (PID=193) to work on /home/airflow/.local/lib/python3.12/site-packages/airflow/example_dags/example_xcomargs.py
[2025-06-17T05:09:58.280+0000] {processor.py:914} INFO - Processing file /home/airflow/.local/lib/python3.12/site-packages/airflow/example_dags/example_xcomargs.py for tasks to queue
[2025-06-17T05:09:58.281+0000] {logging_mixin.py:190} INFO - [2025-06-17T05:09:58.281+0000] {dagbag.py:588} INFO - Filling up the DagBag from /home/airflow/.local/lib/python3.12/site-packages/airflow/example_dags/example_xcomargs.py
[2025-06-17T05:09:58.289+0000] {processor.py:925} INFO - DAG(s) 'example_xcom_args', 'example_xcom_args_with_operators' retrieved from /home/airflow/.local/lib/python3.12/site-packages/airflow/example_dags/example_xcomargs.py
[2025-06-17T05:09:58.308+0000] {logging_mixin.py:190} INFO - [2025-06-17T05:09:58.308+0000] {dag.py:3239} INFO - Sync 2 DAGs
[2025-06-17T05:09:58.320+0000] {logging_mixin.py:190} INFO - [2025-06-17T05:09:58.320+0000] {dag.py:4180} INFO - Setting next_dagrun for example_xcom_args to None, run_after=None
[2025-06-17T05:09:58.323+0000] {logging_mixin.py:190} INFO - [2025-06-17T05:09:58.323+0000] {dag.py:4180} INFO - Setting next_dagrun for example_xcom_args_with_operators to None, run_after=None
[2025-06-17T05:09:58.337+0000] {processor.py:208} INFO - Processing /home/airflow/.local/lib/python3.12/site-packages/airflow/example_dags/example_xcomargs.py took 0.062 seconds
[2025-06-17T05:10:28.551+0000] {processor.py:186} INFO - Started process (PID=256) to work on /home/airflow/.local/lib/python3.12/site-packages/airflow/example_dags/example_xcomargs.py
[2025-06-17T05:10:28.552+0000] {processor.py:914} INFO - Processing file /home/airflow/.local/lib/python3.12/site-packages/airflow/example_dags/example_xcomargs.py for tasks to queue
[2025-06-17T05:10:28.553+0000] {logging_mixin.py:190} INFO - [2025-06-17T05:10:28.553+0000] {dagbag.py:588} INFO - Filling up the DagBag from /home/airflow/.local/lib/python3.12/site-packages/airflow/example_dags/example_xcomargs.py
[2025-06-17T05:10:28.562+0000] {processor.py:925} INFO - DAG(s) 'example_xcom_args_with_operators', 'example_xcom_args' retrieved from /home/airflow/.local/lib/python3.12/site-packages/airflow/example_dags/example_xcomargs.py
[2025-06-17T05:10:28.579+0000] {logging_mixin.py:190} INFO - [2025-06-17T05:10:28.578+0000] {dag.py:3239} INFO - Sync 2 DAGs
[2025-06-17T05:10:28.591+0000] {logging_mixin.py:190} INFO - [2025-06-17T05:10:28.591+0000] {dag.py:4180} INFO - Setting next_dagrun for example_xcom_args to None, run_after=None
[2025-06-17T05:10:28.594+0000] {logging_mixin.py:190} INFO - [2025-06-17T05:10:28.594+0000] {dag.py:4180} INFO - Setting next_dagrun for example_xcom_args_with_operators to None, run_after=None
[2025-06-17T05:10:28.606+0000] {processor.py:208} INFO - Processing /home/airflow/.local/lib/python3.12/site-packages/airflow/example_dags/example_xcomargs.py took 0.059 seconds
[2025-06-17T05:10:58.839+0000] {processor.py:186} INFO - Started process (PID=319) to work on /home/airflow/.local/lib/python3.12/site-packages/airflow/example_dags/example_xcomargs.py
[2025-06-17T05:10:58.840+0000] {processor.py:914} INFO - Processing file /home/airflow/.local/lib/python3.12/site-packages/airflow/example_dags/example_xcomargs.py for tasks to queue
[2025-06-17T05:10:58.841+0000] {logging_mixin.py:190} INFO - [2025-06-17T05:10:58.840+0000] {dagbag.py:588} INFO - Filling up the DagBag from /home/airflow/.local/lib/python3.12/site-packages/airflow/example_dags/example_xcomargs.py
[2025-06-17T05:10:58.848+0000] {processor.py:925} INFO - DAG(s) 'example_xcom_args', 'example_xcom_args_with_operators' retrieved from /home/airflow/.local/lib/python3.12/site-packages/airflow/example_dags/example_xcomargs.py
[2025-06-17T05:10:58.865+0000] {logging_mixin.py:190} INFO - [2025-06-17T05:10:58.865+0000] {dag.py:3239} INFO - Sync 2 DAGs
[2025-06-17T05:10:58.878+0000] {logging_mixin.py:190} INFO - [2025-06-17T05:10:58.877+0000] {dag.py:4180} INFO - Setting next_dagrun for example_xcom_args to None, run_after=None
[2025-06-17T05:10:58.880+0000] {logging_mixin.py:190} INFO - [2025-06-17T05:10:58.880+0000] {dag.py:4180} INFO - Setting next_dagrun for example_xcom_args_with_operators to None, run_after=None
[2025-06-17T05:10:58.893+0000] {processor.py:208} INFO - Processing /home/airflow/.local/lib/python3.12/site-packages/airflow/example_dags/example_xcomargs.py took 0.058 seconds
[2025-06-17T05:11:29.579+0000] {processor.py:186} INFO - Started process (PID=382) to work on /home/airflow/.local/lib/python3.12/site-packages/airflow/example_dags/example_xcomargs.py
[2025-06-17T05:11:29.579+0000] {processor.py:914} INFO - Processing file /home/airflow/.local/lib/python3.12/site-packages/airflow/example_dags/example_xcomargs.py for tasks to queue
[2025-06-17T05:11:29.580+0000] {logging_mixin.py:190} INFO - [2025-06-17T05:11:29.580+0000] {dagbag.py:588} INFO - Filling up the DagBag from /home/airflow/.local/lib/python3.12/site-packages/airflow/example_dags/example_xcomargs.py
[2025-06-17T05:11:29.588+0000] {processor.py:925} INFO - DAG(s) 'example_xcom_args', 'example_xcom_args_with_operators' retrieved from /home/airflow/.local/lib/python3.12/site-packages/airflow/example_dags/example_xcomargs.py
[2025-06-17T05:11:29.605+0000] {logging_mixin.py:190} INFO - [2025-06-17T05:11:29.605+0000] {dag.py:3239} INFO - Sync 2 DAGs
[2025-06-17T05:11:29.616+0000] {logging_mixin.py:190} INFO - [2025-06-17T05:11:29.616+0000] {dag.py:4180} INFO - Setting next_dagrun for example_xcom_args to None, run_after=None
[2025-06-17T05:11:29.619+0000] {logging_mixin.py:190} INFO - [2025-06-17T05:11:29.619+0000] {dag.py:4180} INFO - Setting next_dagrun for example_xcom_args_with_operators to None, run_after=None
[2025-06-17T05:11:29.631+0000] {processor.py:208} INFO - Processing /home/airflow/.local/lib/python3.12/site-packages/airflow/example_dags/example_xcomargs.py took 0.057 seconds
[2025-06-17T05:12:00.649+0000] {processor.py:186} INFO - Started process (PID=445) to work on /home/airflow/.local/lib/python3.12/site-packages/airflow/example_dags/example_xcomargs.py
[2025-06-17T05:12:00.649+0000] {processor.py:914} INFO - Processing file /home/airflow/.local/lib/python3.12/site-packages/airflow/example_dags/example_xcomargs.py for tasks to queue
[2025-06-17T05:12:00.650+0000] {logging_mixin.py:190} INFO - [2025-06-17T05:12:00.650+0000] {dagbag.py:588} INFO - Filling up the DagBag from /home/airflow/.local/lib/python3.12/site-packages/airflow/example_dags/example_xcomargs.py
[2025-06-17T05:12:00.658+0000] {processor.py:925} INFO - DAG(s) 'example_xcom_args', 'example_xcom_args_with_operators' retrieved from /home/airflow/.local/lib/python3.12/site-packages/airflow/example_dags/example_xcomargs.py
[2025-06-17T05:12:00.676+0000] {logging_mixin.py:190} INFO - [2025-06-17T05:12:00.676+0000] {dag.py:3239} INFO - Sync 2 DAGs
[2025-06-17T05:12:00.688+0000] {logging_mixin.py:190} INFO - [2025-06-17T05:12:00.687+0000] {dag.py:4180} INFO - Setting next_dagrun for example_xcom_args to None, run_after=None
[2025-06-17T05:12:00.691+0000] {logging_mixin.py:190} INFO - [2025-06-17T05:12:00.691+0000] {dag.py:4180} INFO - Setting next_dagrun for example_xcom_args_with_operators to None, run_after=None
[2025-06-17T05:12:00.704+0000] {processor.py:208} INFO - Processing /home/airflow/.local/lib/python3.12/site-packages/airflow/example_dags/example_xcomargs.py took 0.060 seconds
[2025-06-17T05:12:31.286+0000] {processor.py:186} INFO - Started process (PID=508) to work on /home/airflow/.local/lib/python3.12/site-packages/airflow/example_dags/example_xcomargs.py
[2025-06-17T05:12:31.286+0000] {processor.py:914} INFO - Processing file /home/airflow/.local/lib/python3.12/site-packages/airflow/example_dags/example_xcomargs.py for tasks to queue
[2025-06-17T05:12:31.288+0000] {logging_mixin.py:190} INFO - [2025-06-17T05:12:31.287+0000] {dagbag.py:588} INFO - Filling up the DagBag from /home/airflow/.local/lib/python3.12/site-packages/airflow/example_dags/example_xcomargs.py
[2025-06-17T05:12:31.297+0000] {processor.py:925} INFO - DAG(s) 'example_xcom_args_with_operators', 'example_xcom_args' retrieved from /home/airflow/.local/lib/python3.12/site-packages/airflow/example_dags/example_xcomargs.py
[2025-06-17T05:12:31.314+0000] {logging_mixin.py:190} INFO - [2025-06-17T05:12:31.313+0000] {dag.py:3239} INFO - Sync 2 DAGs
[2025-06-17T05:12:31.325+0000] {logging_mixin.py:190} INFO - [2025-06-17T05:12:31.325+0000] {dag.py:4180} INFO - Setting next_dagrun for example_xcom_args to None, run_after=None
[2025-06-17T05:12:31.328+0000] {logging_mixin.py:190} INFO - [2025-06-17T05:12:31.327+0000] {dag.py:4180} INFO - Setting next_dagrun for example_xcom_args_with_operators to None, run_after=None
[2025-06-17T05:12:31.339+0000] {processor.py:208} INFO - Processing /home/airflow/.local/lib/python3.12/site-packages/airflow/example_dags/example_xcomargs.py took 0.058 seconds
[2025-06-17T05:13:01.801+0000] {processor.py:186} INFO - Started process (PID=571) to work on /home/airflow/.local/lib/python3.12/site-packages/airflow/example_dags/example_xcomargs.py
[2025-06-17T05:13:01.801+0000] {processor.py:914} INFO - Processing file /home/airflow/.local/lib/python3.12/site-packages/airflow/example_dags/example_xcomargs.py for tasks to queue
[2025-06-17T05:13:01.802+0000] {logging_mixin.py:190} INFO - [2025-06-17T05:13:01.802+0000] {dagbag.py:588} INFO - Filling up the DagBag from /home/airflow/.local/lib/python3.12/site-packages/airflow/example_dags/example_xcomargs.py
[2025-06-17T05:13:01.810+0000] {processor.py:925} INFO - DAG(s) 'example_xcom_args_with_operators', 'example_xcom_args' retrieved from /home/airflow/.local/lib/python3.12/site-packages/airflow/example_dags/example_xcomargs.py
[2025-06-17T05:13:01.829+0000] {logging_mixin.py:190} INFO - [2025-06-17T05:13:01.829+0000] {dag.py:3239} INFO - Sync 2 DAGs
[2025-06-17T05:13:01.840+0000] {logging_mixin.py:190} INFO - [2025-06-17T05:13:01.840+0000] {dag.py:4180} INFO - Setting next_dagrun for example_xcom_args to None, run_after=None
[2025-06-17T05:13:01.843+0000] {logging_mixin.py:190} INFO - [2025-06-17T05:13:01.842+0000] {dag.py:4180} INFO - Setting next_dagrun for example_xcom_args_with_operators to None, run_after=None
[2025-06-17T05:13:01.854+0000] {processor.py:208} INFO - Processing /home/airflow/.local/lib/python3.12/site-packages/airflow/example_dags/example_xcomargs.py took 0.058 seconds
[2025-06-17T05:13:32.552+0000] {processor.py:186} INFO - Started process (PID=635) to work on /home/airflow/.local/lib/python3.12/site-packages/airflow/example_dags/example_xcomargs.py
[2025-06-17T05:13:32.553+0000] {processor.py:914} INFO - Processing file /home/airflow/.local/lib/python3.12/site-packages/airflow/example_dags/example_xcomargs.py for tasks to queue
[2025-06-17T05:13:32.554+0000] {logging_mixin.py:190} INFO - [2025-06-17T05:13:32.553+0000] {dagbag.py:588} INFO - Filling up the DagBag from /home/airflow/.local/lib/python3.12/site-packages/airflow/example_dags/example_xcomargs.py
[2025-06-17T05:13:32.561+0000] {processor.py:925} INFO - DAG(s) 'example_xcom_args_with_operators', 'example_xcom_args' retrieved from /home/airflow/.local/lib/python3.12/site-packages/airflow/example_dags/example_xcomargs.py
[2025-06-17T05:13:32.580+0000] {logging_mixin.py:190} INFO - [2025-06-17T05:13:32.580+0000] {dag.py:3239} INFO - Sync 2 DAGs
[2025-06-17T05:13:32.592+0000] {logging_mixin.py:190} INFO - [2025-06-17T05:13:32.592+0000] {dag.py:4180} INFO - Setting next_dagrun for example_xcom_args to None, run_after=None
[2025-06-17T05:13:32.596+0000] {logging_mixin.py:190} INFO - [2025-06-17T05:13:32.596+0000] {dag.py:4180} INFO - Setting next_dagrun for example_xcom_args_with_operators to None, run_after=None
[2025-06-17T05:13:32.610+0000] {processor.py:208} INFO - Processing /home/airflow/.local/lib/python3.12/site-packages/airflow/example_dags/example_xcomargs.py took 0.063 seconds
[2025-06-17T05:14:03.140+0000] {processor.py:186} INFO - Started process (PID=698) to work on /home/airflow/.local/lib/python3.12/site-packages/airflow/example_dags/example_xcomargs.py
[2025-06-17T05:14:03.140+0000] {processor.py:914} INFO - Processing file /home/airflow/.local/lib/python3.12/site-packages/airflow/example_dags/example_xcomargs.py for tasks to queue
[2025-06-17T05:14:03.141+0000] {logging_mixin.py:190} INFO - [2025-06-17T05:14:03.141+0000] {dagbag.py:588} INFO - Filling up the DagBag from /home/airflow/.local/lib/python3.12/site-packages/airflow/example_dags/example_xcomargs.py
[2025-06-17T05:14:03.149+0000] {processor.py:925} INFO - DAG(s) 'example_xcom_args', 'example_xcom_args_with_operators' retrieved from /home/airflow/.local/lib/python3.12/site-packages/airflow/example_dags/example_xcomargs.py
[2025-06-17T05:14:03.166+0000] {logging_mixin.py:190} INFO - [2025-06-17T05:14:03.166+0000] {dag.py:3239} INFO - Sync 2 DAGs
[2025-06-17T05:14:03.177+0000] {logging_mixin.py:190} INFO - [2025-06-17T05:14:03.177+0000] {dag.py:4180} INFO - Setting next_dagrun for example_xcom_args to None, run_after=None
[2025-06-17T05:14:03.180+0000] {logging_mixin.py:190} INFO - [2025-06-17T05:14:03.180+0000] {dag.py:4180} INFO - Setting next_dagrun for example_xcom_args_with_operators to None, run_after=None
[2025-06-17T05:14:03.192+0000] {processor.py:208} INFO - Processing /home/airflow/.local/lib/python3.12/site-packages/airflow/example_dags/example_xcomargs.py took 0.057 seconds
[2025-06-17T05:17:43.660+0000] {processor.py:186} INFO - Started process (PID=62) to work on /home/airflow/.local/lib/python3.12/site-packages/airflow/example_dags/example_xcomargs.py
[2025-06-17T05:17:43.661+0000] {processor.py:914} INFO - Processing file /home/airflow/.local/lib/python3.12/site-packages/airflow/example_dags/example_xcomargs.py for tasks to queue
[2025-06-17T05:17:43.662+0000] {logging_mixin.py:190} INFO - [2025-06-17T05:17:43.662+0000] {dagbag.py:588} INFO - Filling up the DagBag from /home/airflow/.local/lib/python3.12/site-packages/airflow/example_dags/example_xcomargs.py
[2025-06-17T05:17:43.685+0000] {processor.py:925} INFO - DAG(s) 'example_xcom_args', 'example_xcom_args_with_operators' retrieved from /home/airflow/.local/lib/python3.12/site-packages/airflow/example_dags/example_xcomargs.py
[2025-06-17T05:17:43.813+0000] {logging_mixin.py:190} INFO - [2025-06-17T05:17:43.812+0000] {override.py:1912} INFO - Created Permission View: can read on DAG:example_xcom_args
[2025-06-17T05:17:43.826+0000] {logging_mixin.py:190} INFO - [2025-06-17T05:17:43.825+0000] {override.py:1912} INFO - Created Permission View: can delete on DAG:example_xcom_args
[2025-06-17T05:17:43.833+0000] {logging_mixin.py:190} INFO - [2025-06-17T05:17:43.833+0000] {override.py:1912} INFO - Created Permission View: can edit on DAG:example_xcom_args
[2025-06-17T05:17:43.842+0000] {logging_mixin.py:190} INFO - [2025-06-17T05:17:43.842+0000] {override.py:1912} INFO - Created Permission View: can read on DAG Run:example_xcom_args
[2025-06-17T05:17:43.850+0000] {logging_mixin.py:190} INFO - [2025-06-17T05:17:43.849+0000] {override.py:1912} INFO - Created Permission View: can delete on DAG Run:example_xcom_args
[2025-06-17T05:17:43.857+0000] {logging_mixin.py:190} INFO - [2025-06-17T05:17:43.857+0000] {override.py:1912} INFO - Created Permission View: menu access on DAG Run:example_xcom_args
[2025-06-17T05:17:43.863+0000] {logging_mixin.py:190} INFO - [2025-06-17T05:17:43.863+0000] {override.py:1912} INFO - Created Permission View: can create on DAG Run:example_xcom_args
[2025-06-17T05:17:43.879+0000] {logging_mixin.py:190} INFO - [2025-06-17T05:17:43.878+0000] {override.py:1912} INFO - Created Permission View: can read on DAG:example_xcom_args_with_operators
[2025-06-17T05:17:43.887+0000] {logging_mixin.py:190} INFO - [2025-06-17T05:17:43.887+0000] {override.py:1912} INFO - Created Permission View: can delete on DAG:example_xcom_args_with_operators
[2025-06-17T05:17:43.895+0000] {logging_mixin.py:190} INFO - [2025-06-17T05:17:43.895+0000] {override.py:1912} INFO - Created Permission View: can edit on DAG:example_xcom_args_with_operators
[2025-06-17T05:17:43.906+0000] {logging_mixin.py:190} INFO - [2025-06-17T05:17:43.906+0000] {override.py:1912} INFO - Created Permission View: can read on DAG Run:example_xcom_args_with_operators
[2025-06-17T05:17:43.914+0000] {logging_mixin.py:190} INFO - [2025-06-17T05:17:43.913+0000] {override.py:1912} INFO - Created Permission View: can delete on DAG Run:example_xcom_args_with_operators
[2025-06-17T05:17:43.922+0000] {logging_mixin.py:190} INFO - [2025-06-17T05:17:43.921+0000] {override.py:1912} INFO - Created Permission View: menu access on DAG Run:example_xcom_args_with_operators
[2025-06-17T05:17:43.928+0000] {logging_mixin.py:190} INFO - [2025-06-17T05:17:43.928+0000] {override.py:1912} INFO - Created Permission View: can create on DAG Run:example_xcom_args_with_operators
[2025-06-17T05:17:43.928+0000] {logging_mixin.py:190} INFO - [2025-06-17T05:17:43.928+0000] {dag.py:3239} INFO - Sync 2 DAGs
[2025-06-17T05:17:43.943+0000] {logging_mixin.py:190} INFO - [2025-06-17T05:17:43.943+0000] {dag.py:3262} INFO - Creating ORM DAG for example_xcom_args_with_operators
[2025-06-17T05:17:43.944+0000] {logging_mixin.py:190} INFO - [2025-06-17T05:17:43.944+0000] {dag.py:3262} INFO - Creating ORM DAG for example_xcom_args
[2025-06-17T05:17:43.945+0000] {logging_mixin.py:190} INFO - [2025-06-17T05:17:43.944+0000] {dag.py:4180} INFO - Setting next_dagrun for example_xcom_args to None, run_after=None
[2025-06-17T05:17:43.946+0000] {logging_mixin.py:190} INFO - [2025-06-17T05:17:43.945+0000] {dag.py:4180} INFO - Setting next_dagrun for example_xcom_args_with_operators to None, run_after=None
[2025-06-17T05:17:43.964+0000] {processor.py:208} INFO - Processing /home/airflow/.local/lib/python3.12/site-packages/airflow/example_dags/example_xcomargs.py took 0.311 seconds
[2025-06-17T05:19:12.133+0000] {processor.py:186} INFO - Started process (PID=62) to work on /home/airflow/.local/lib/python3.12/site-packages/airflow/example_dags/example_xcomargs.py
[2025-06-17T05:19:12.134+0000] {processor.py:914} INFO - Processing file /home/airflow/.local/lib/python3.12/site-packages/airflow/example_dags/example_xcomargs.py for tasks to queue
[2025-06-17T05:19:12.135+0000] {logging_mixin.py:190} INFO - [2025-06-17T05:19:12.135+0000] {dagbag.py:588} INFO - Filling up the DagBag from /home/airflow/.local/lib/python3.12/site-packages/airflow/example_dags/example_xcomargs.py
[2025-06-17T05:19:12.150+0000] {processor.py:925} INFO - DAG(s) 'example_xcom_args_with_operators', 'example_xcom_args' retrieved from /home/airflow/.local/lib/python3.12/site-packages/airflow/example_dags/example_xcomargs.py
[2025-06-17T05:19:12.179+0000] {logging_mixin.py:190} INFO - [2025-06-17T05:19:12.178+0000] {dag.py:3239} INFO - Sync 2 DAGs
[2025-06-17T05:19:12.193+0000] {logging_mixin.py:190} INFO - [2025-06-17T05:19:12.193+0000] {dag.py:4180} INFO - Setting next_dagrun for example_xcom_args to None, run_after=None
[2025-06-17T05:19:12.197+0000] {logging_mixin.py:190} INFO - [2025-06-17T05:19:12.197+0000] {dag.py:4180} INFO - Setting next_dagrun for example_xcom_args_with_operators to None, run_after=None
[2025-06-17T05:19:12.213+0000] {processor.py:208} INFO - Processing /home/airflow/.local/lib/python3.12/site-packages/airflow/example_dags/example_xcomargs.py took 0.085 seconds
[2025-06-17T05:19:42.939+0000] {processor.py:186} INFO - Started process (PID=125) to work on /home/airflow/.local/lib/python3.12/site-packages/airflow/example_dags/example_xcomargs.py
[2025-06-17T05:19:42.939+0000] {processor.py:914} INFO - Processing file /home/airflow/.local/lib/python3.12/site-packages/airflow/example_dags/example_xcomargs.py for tasks to queue
[2025-06-17T05:19:42.940+0000] {logging_mixin.py:190} INFO - [2025-06-17T05:19:42.940+0000] {dagbag.py:588} INFO - Filling up the DagBag from /home/airflow/.local/lib/python3.12/site-packages/airflow/example_dags/example_xcomargs.py
[2025-06-17T05:19:42.949+0000] {processor.py:925} INFO - DAG(s) 'example_xcom_args_with_operators', 'example_xcom_args' retrieved from /home/airflow/.local/lib/python3.12/site-packages/airflow/example_dags/example_xcomargs.py
[2025-06-17T05:19:42.969+0000] {logging_mixin.py:190} INFO - [2025-06-17T05:19:42.969+0000] {dag.py:3239} INFO - Sync 2 DAGs
[2025-06-17T05:19:42.981+0000] {logging_mixin.py:190} INFO - [2025-06-17T05:19:42.981+0000] {dag.py:4180} INFO - Setting next_dagrun for example_xcom_args to None, run_after=None
[2025-06-17T05:19:42.983+0000] {logging_mixin.py:190} INFO - [2025-06-17T05:19:42.983+0000] {dag.py:4180} INFO - Setting next_dagrun for example_xcom_args_with_operators to None, run_after=None
[2025-06-17T05:19:42.996+0000] {processor.py:208} INFO - Processing /home/airflow/.local/lib/python3.12/site-packages/airflow/example_dags/example_xcomargs.py took 0.062 seconds
[2025-06-17T05:21:31.197+0000] {processor.py:186} INFO - Started process (PID=62) to work on /home/airflow/.local/lib/python3.12/site-packages/airflow/example_dags/example_xcomargs.py
[2025-06-17T05:21:31.197+0000] {processor.py:914} INFO - Processing file /home/airflow/.local/lib/python3.12/site-packages/airflow/example_dags/example_xcomargs.py for tasks to queue
[2025-06-17T05:21:31.198+0000] {logging_mixin.py:190} INFO - [2025-06-17T05:21:31.198+0000] {dagbag.py:588} INFO - Filling up the DagBag from /home/airflow/.local/lib/python3.12/site-packages/airflow/example_dags/example_xcomargs.py
[2025-06-17T05:21:31.209+0000] {processor.py:925} INFO - DAG(s) 'example_xcom_args_with_operators', 'example_xcom_args' retrieved from /home/airflow/.local/lib/python3.12/site-packages/airflow/example_dags/example_xcomargs.py
[2025-06-17T05:21:31.233+0000] {logging_mixin.py:190} INFO - [2025-06-17T05:21:31.233+0000] {dag.py:3239} INFO - Sync 2 DAGs
[2025-06-17T05:21:31.250+0000] {logging_mixin.py:190} INFO - [2025-06-17T05:21:31.250+0000] {dag.py:4180} INFO - Setting next_dagrun for example_xcom_args to None, run_after=None
[2025-06-17T05:21:31.255+0000] {logging_mixin.py:190} INFO - [2025-06-17T05:21:31.255+0000] {dag.py:4180} INFO - Setting next_dagrun for example_xcom_args_with_operators to None, run_after=None
[2025-06-17T05:21:31.273+0000] {processor.py:208} INFO - Processing /home/airflow/.local/lib/python3.12/site-packages/airflow/example_dags/example_xcomargs.py took 0.081 seconds
[2025-06-17T05:22:01.761+0000] {processor.py:186} INFO - Started process (PID=125) to work on /home/airflow/.local/lib/python3.12/site-packages/airflow/example_dags/example_xcomargs.py
[2025-06-17T05:22:01.762+0000] {processor.py:914} INFO - Processing file /home/airflow/.local/lib/python3.12/site-packages/airflow/example_dags/example_xcomargs.py for tasks to queue
[2025-06-17T05:22:01.763+0000] {logging_mixin.py:190} INFO - [2025-06-17T05:22:01.762+0000] {dagbag.py:588} INFO - Filling up the DagBag from /home/airflow/.local/lib/python3.12/site-packages/airflow/example_dags/example_xcomargs.py
[2025-06-17T05:22:01.771+0000] {processor.py:925} INFO - DAG(s) 'example_xcom_args_with_operators', 'example_xcom_args' retrieved from /home/airflow/.local/lib/python3.12/site-packages/airflow/example_dags/example_xcomargs.py
[2025-06-17T05:22:01.790+0000] {logging_mixin.py:190} INFO - [2025-06-17T05:22:01.790+0000] {dag.py:3239} INFO - Sync 2 DAGs
[2025-06-17T05:22:01.802+0000] {logging_mixin.py:190} INFO - [2025-06-17T05:22:01.802+0000] {dag.py:4180} INFO - Setting next_dagrun for example_xcom_args to None, run_after=None
[2025-06-17T05:22:01.805+0000] {logging_mixin.py:190} INFO - [2025-06-17T05:22:01.805+0000] {dag.py:4180} INFO - Setting next_dagrun for example_xcom_args_with_operators to None, run_after=None
[2025-06-17T05:22:01.822+0000] {processor.py:208} INFO - Processing /home/airflow/.local/lib/python3.12/site-packages/airflow/example_dags/example_xcomargs.py took 0.065 seconds
[2025-06-17T05:22:32.623+0000] {processor.py:186} INFO - Started process (PID=194) to work on /home/airflow/.local/lib/python3.12/site-packages/airflow/example_dags/example_xcomargs.py
[2025-06-17T05:22:32.623+0000] {processor.py:914} INFO - Processing file /home/airflow/.local/lib/python3.12/site-packages/airflow/example_dags/example_xcomargs.py for tasks to queue
[2025-06-17T05:22:32.624+0000] {logging_mixin.py:190} INFO - [2025-06-17T05:22:32.624+0000] {dagbag.py:588} INFO - Filling up the DagBag from /home/airflow/.local/lib/python3.12/site-packages/airflow/example_dags/example_xcomargs.py
[2025-06-17T05:22:32.633+0000] {processor.py:925} INFO - DAG(s) 'example_xcom_args_with_operators', 'example_xcom_args' retrieved from /home/airflow/.local/lib/python3.12/site-packages/airflow/example_dags/example_xcomargs.py
[2025-06-17T05:22:32.651+0000] {logging_mixin.py:190} INFO - [2025-06-17T05:22:32.651+0000] {dag.py:3239} INFO - Sync 2 DAGs
[2025-06-17T05:22:32.663+0000] {logging_mixin.py:190} INFO - [2025-06-17T05:22:32.663+0000] {dag.py:4180} INFO - Setting next_dagrun for example_xcom_args to None, run_after=None
[2025-06-17T05:22:32.666+0000] {logging_mixin.py:190} INFO - [2025-06-17T05:22:32.666+0000] {dag.py:4180} INFO - Setting next_dagrun for example_xcom_args_with_operators to None, run_after=None
[2025-06-17T05:22:32.678+0000] {processor.py:208} INFO - Processing /home/airflow/.local/lib/python3.12/site-packages/airflow/example_dags/example_xcomargs.py took 0.060 seconds
[2025-06-17T05:23:03.675+0000] {processor.py:186} INFO - Started process (PID=257) to work on /home/airflow/.local/lib/python3.12/site-packages/airflow/example_dags/example_xcomargs.py
[2025-06-17T05:23:03.675+0000] {processor.py:914} INFO - Processing file /home/airflow/.local/lib/python3.12/site-packages/airflow/example_dags/example_xcomargs.py for tasks to queue
[2025-06-17T05:23:03.676+0000] {logging_mixin.py:190} INFO - [2025-06-17T05:23:03.676+0000] {dagbag.py:588} INFO - Filling up the DagBag from /home/airflow/.local/lib/python3.12/site-packages/airflow/example_dags/example_xcomargs.py
[2025-06-17T05:23:03.685+0000] {processor.py:925} INFO - DAG(s) 'example_xcom_args_with_operators', 'example_xcom_args' retrieved from /home/airflow/.local/lib/python3.12/site-packages/airflow/example_dags/example_xcomargs.py
[2025-06-17T05:23:03.703+0000] {logging_mixin.py:190} INFO - [2025-06-17T05:23:03.703+0000] {dag.py:3239} INFO - Sync 2 DAGs
[2025-06-17T05:23:03.714+0000] {logging_mixin.py:190} INFO - [2025-06-17T05:23:03.713+0000] {dag.py:4180} INFO - Setting next_dagrun for example_xcom_args to None, run_after=None
[2025-06-17T05:23:03.717+0000] {logging_mixin.py:190} INFO - [2025-06-17T05:23:03.717+0000] {dag.py:4180} INFO - Setting next_dagrun for example_xcom_args_with_operators to None, run_after=None
[2025-06-17T05:23:03.729+0000] {processor.py:208} INFO - Processing /home/airflow/.local/lib/python3.12/site-packages/airflow/example_dags/example_xcomargs.py took 0.059 seconds
[2025-06-17T05:23:34.411+0000] {processor.py:186} INFO - Started process (PID=320) to work on /home/airflow/.local/lib/python3.12/site-packages/airflow/example_dags/example_xcomargs.py
[2025-06-17T05:23:34.411+0000] {processor.py:914} INFO - Processing file /home/airflow/.local/lib/python3.12/site-packages/airflow/example_dags/example_xcomargs.py for tasks to queue
[2025-06-17T05:23:34.412+0000] {logging_mixin.py:190} INFO - [2025-06-17T05:23:34.412+0000] {dagbag.py:588} INFO - Filling up the DagBag from /home/airflow/.local/lib/python3.12/site-packages/airflow/example_dags/example_xcomargs.py
[2025-06-17T05:23:34.420+0000] {processor.py:925} INFO - DAG(s) 'example_xcom_args_with_operators', 'example_xcom_args' retrieved from /home/airflow/.local/lib/python3.12/site-packages/airflow/example_dags/example_xcomargs.py
[2025-06-17T05:23:34.439+0000] {logging_mixin.py:190} INFO - [2025-06-17T05:23:34.438+0000] {dag.py:3239} INFO - Sync 2 DAGs
[2025-06-17T05:23:34.449+0000] {logging_mixin.py:190} INFO - [2025-06-17T05:23:34.449+0000] {dag.py:4180} INFO - Setting next_dagrun for example_xcom_args to None, run_after=None
[2025-06-17T05:23:34.452+0000] {logging_mixin.py:190} INFO - [2025-06-17T05:23:34.452+0000] {dag.py:4180} INFO - Setting next_dagrun for example_xcom_args_with_operators to None, run_after=None
[2025-06-17T05:23:34.466+0000] {processor.py:208} INFO - Processing /home/airflow/.local/lib/python3.12/site-packages/airflow/example_dags/example_xcomargs.py took 0.059 seconds
[2025-06-17T07:58:42.844+0000] {processor.py:186} INFO - Started process (PID=76) to work on /home/airflow/.local/lib/python3.12/site-packages/airflow/example_dags/example_xcomargs.py
[2025-06-17T07:58:42.853+0000] {processor.py:914} INFO - Processing file /home/airflow/.local/lib/python3.12/site-packages/airflow/example_dags/example_xcomargs.py for tasks to queue
[2025-06-17T07:58:42.867+0000] {logging_mixin.py:190} INFO - [2025-06-17T07:58:42.866+0000] {dagbag.py:588} INFO - Filling up the DagBag from /home/airflow/.local/lib/python3.12/site-packages/airflow/example_dags/example_xcomargs.py
[2025-06-17T07:58:42.936+0000] {processor.py:925} INFO - DAG(s) 'example_xcom_args_with_operators', 'example_xcom_args' retrieved from /home/airflow/.local/lib/python3.12/site-packages/airflow/example_dags/example_xcomargs.py
[2025-06-17T07:58:43.101+0000] {logging_mixin.py:190} INFO - [2025-06-17T07:58:43.101+0000] {dag.py:3239} INFO - Sync 2 DAGs
[2025-06-17T07:58:43.226+0000] {logging_mixin.py:190} INFO - [2025-06-17T07:58:43.224+0000] {dag.py:4180} INFO - Setting next_dagrun for example_xcom_args to None, run_after=None
[2025-06-17T07:58:43.252+0000] {logging_mixin.py:190} INFO - [2025-06-17T07:58:43.249+0000] {dag.py:4180} INFO - Setting next_dagrun for example_xcom_args_with_operators to None, run_after=None
[2025-06-17T07:58:43.353+0000] {processor.py:208} INFO - Processing /home/airflow/.local/lib/python3.12/site-packages/airflow/example_dags/example_xcomargs.py took 0.524 seconds
