[2025-06-17T05:01:25.684+0000] {processor.py:186} INFO - Started process (PID=65) to work on /home/airflow/.local/lib/python3.12/site-packages/airflow/example_dags/example_time_delta_sensor_async.py
[2025-06-17T05:01:25.685+0000] {processor.py:914} INFO - Processing file /home/airflow/.local/lib/python3.12/site-packages/airflow/example_dags/example_time_delta_sensor_async.py for tasks to queue
[2025-06-17T05:01:25.686+0000] {logging_mixin.py:190} INFO - [2025-06-17T05:01:25.686+0000] {dagbag.py:588} INFO - Filling up the DagBag from /home/airflow/.local/lib/python3.12/site-packages/airflow/example_dags/example_time_delta_sensor_async.py
[2025-06-17T05:01:25.692+0000] {processor.py:925} INFO - DAG(s) 'example_time_delta_sensor_async' retrieved from /home/airflow/.local/lib/python3.12/site-packages/airflow/example_dags/example_time_delta_sensor_async.py
[2025-06-17T05:01:25.789+0000] {logging_mixin.py:190} INFO - [2025-06-17T05:01:25.788+0000] {override.py:1912} INFO - Created Permission View: can read on DAG:example_time_delta_sensor_async
[2025-06-17T05:01:25.798+0000] {logging_mixin.py:190} INFO - [2025-06-17T05:01:25.798+0000] {override.py:1912} INFO - Created Permission View: can edit on DAG:example_time_delta_sensor_async
[2025-06-17T05:01:25.804+0000] {logging_mixin.py:190} INFO - [2025-06-17T05:01:25.803+0000] {override.py:1912} INFO - Created Permission View: can delete on DAG:example_time_delta_sensor_async
[2025-06-17T05:01:25.811+0000] {logging_mixin.py:190} INFO - [2025-06-17T05:01:25.811+0000] {override.py:1912} INFO - Created Permission View: menu access on DAG Run:example_time_delta_sensor_async
[2025-06-17T05:01:25.817+0000] {logging_mixin.py:190} INFO - [2025-06-17T05:01:25.817+0000] {override.py:1912} INFO - Created Permission View: can create on DAG Run:example_time_delta_sensor_async
[2025-06-17T05:01:25.823+0000] {logging_mixin.py:190} INFO - [2025-06-17T05:01:25.822+0000] {override.py:1912} INFO - Created Permission View: can read on DAG Run:example_time_delta_sensor_async
[2025-06-17T05:01:25.829+0000] {logging_mixin.py:190} INFO - [2025-06-17T05:01:25.828+0000] {override.py:1912} INFO - Created Permission View: can delete on DAG Run:example_time_delta_sensor_async
[2025-06-17T05:01:25.829+0000] {logging_mixin.py:190} INFO - [2025-06-17T05:01:25.829+0000] {dag.py:3239} INFO - Sync 1 DAGs
[2025-06-17T05:01:25.838+0000] {logging_mixin.py:190} INFO - [2025-06-17T05:01:25.838+0000] {dag.py:3262} INFO - Creating ORM DAG for example_time_delta_sensor_async
[2025-06-17T05:01:25.839+0000] {logging_mixin.py:190} INFO - [2025-06-17T05:01:25.839+0000] {dag.py:4180} INFO - Setting next_dagrun for example_time_delta_sensor_async to None, run_after=None
[2025-06-17T05:01:25.851+0000] {processor.py:208} INFO - Processing /home/airflow/.local/lib/python3.12/site-packages/airflow/example_dags/example_time_delta_sensor_async.py took 0.171 seconds
[2025-06-17T05:01:56.395+0000] {processor.py:186} INFO - Started process (PID=128) to work on /home/airflow/.local/lib/python3.12/site-packages/airflow/example_dags/example_time_delta_sensor_async.py
[2025-06-17T05:01:56.396+0000] {processor.py:914} INFO - Processing file /home/airflow/.local/lib/python3.12/site-packages/airflow/example_dags/example_time_delta_sensor_async.py for tasks to queue
[2025-06-17T05:01:56.397+0000] {logging_mixin.py:190} INFO - [2025-06-17T05:01:56.397+0000] {dagbag.py:588} INFO - Filling up the DagBag from /home/airflow/.local/lib/python3.12/site-packages/airflow/example_dags/example_time_delta_sensor_async.py
[2025-06-17T05:01:56.403+0000] {processor.py:925} INFO - DAG(s) 'example_time_delta_sensor_async' retrieved from /home/airflow/.local/lib/python3.12/site-packages/airflow/example_dags/example_time_delta_sensor_async.py
[2025-06-17T05:01:56.416+0000] {logging_mixin.py:190} INFO - [2025-06-17T05:01:56.416+0000] {dag.py:3239} INFO - Sync 1 DAGs
[2025-06-17T05:01:56.427+0000] {logging_mixin.py:190} INFO - [2025-06-17T05:01:56.427+0000] {dag.py:4180} INFO - Setting next_dagrun for example_time_delta_sensor_async to None, run_after=None
[2025-06-17T05:01:56.441+0000] {processor.py:208} INFO - Processing /home/airflow/.local/lib/python3.12/site-packages/airflow/example_dags/example_time_delta_sensor_async.py took 0.052 seconds
[2025-06-17T05:02:27.340+0000] {processor.py:186} INFO - Started process (PID=197) to work on /home/airflow/.local/lib/python3.12/site-packages/airflow/example_dags/example_time_delta_sensor_async.py
[2025-06-17T05:02:27.340+0000] {processor.py:914} INFO - Processing file /home/airflow/.local/lib/python3.12/site-packages/airflow/example_dags/example_time_delta_sensor_async.py for tasks to queue
[2025-06-17T05:02:27.341+0000] {logging_mixin.py:190} INFO - [2025-06-17T05:02:27.341+0000] {dagbag.py:588} INFO - Filling up the DagBag from /home/airflow/.local/lib/python3.12/site-packages/airflow/example_dags/example_time_delta_sensor_async.py
[2025-06-17T05:02:27.347+0000] {processor.py:925} INFO - DAG(s) 'example_time_delta_sensor_async' retrieved from /home/airflow/.local/lib/python3.12/site-packages/airflow/example_dags/example_time_delta_sensor_async.py
[2025-06-17T05:02:27.360+0000] {logging_mixin.py:190} INFO - [2025-06-17T05:02:27.360+0000] {dag.py:3239} INFO - Sync 1 DAGs
[2025-06-17T05:02:27.371+0000] {logging_mixin.py:190} INFO - [2025-06-17T05:02:27.371+0000] {dag.py:4180} INFO - Setting next_dagrun for example_time_delta_sensor_async to None, run_after=None
[2025-06-17T05:02:27.385+0000] {processor.py:208} INFO - Processing /home/airflow/.local/lib/python3.12/site-packages/airflow/example_dags/example_time_delta_sensor_async.py took 0.049 seconds
[2025-06-17T05:06:05.284+0000] {processor.py:186} INFO - Started process (PID=67) to work on /home/airflow/.local/lib/python3.12/site-packages/airflow/example_dags/example_time_delta_sensor_async.py
[2025-06-17T05:06:05.285+0000] {processor.py:914} INFO - Processing file /home/airflow/.local/lib/python3.12/site-packages/airflow/example_dags/example_time_delta_sensor_async.py for tasks to queue
[2025-06-17T05:06:05.286+0000] {logging_mixin.py:190} INFO - [2025-06-17T05:06:05.286+0000] {dagbag.py:588} INFO - Filling up the DagBag from /home/airflow/.local/lib/python3.12/site-packages/airflow/example_dags/example_time_delta_sensor_async.py
[2025-06-17T05:06:05.294+0000] {processor.py:925} INFO - DAG(s) 'example_time_delta_sensor_async' retrieved from /home/airflow/.local/lib/python3.12/site-packages/airflow/example_dags/example_time_delta_sensor_async.py
[2025-06-17T05:06:05.316+0000] {logging_mixin.py:190} INFO - [2025-06-17T05:06:05.316+0000] {dag.py:3239} INFO - Sync 1 DAGs
[2025-06-17T05:06:05.334+0000] {logging_mixin.py:190} INFO - [2025-06-17T05:06:05.334+0000] {dag.py:4180} INFO - Setting next_dagrun for example_time_delta_sensor_async to None, run_after=None
[2025-06-17T05:06:05.353+0000] {processor.py:208} INFO - Processing /home/airflow/.local/lib/python3.12/site-packages/airflow/example_dags/example_time_delta_sensor_async.py took 0.074 seconds
[2025-06-17T05:06:36.632+0000] {processor.py:186} INFO - Started process (PID=130) to work on /home/airflow/.local/lib/python3.12/site-packages/airflow/example_dags/example_time_delta_sensor_async.py
[2025-06-17T05:06:36.632+0000] {processor.py:914} INFO - Processing file /home/airflow/.local/lib/python3.12/site-packages/airflow/example_dags/example_time_delta_sensor_async.py for tasks to queue
[2025-06-17T05:06:36.633+0000] {logging_mixin.py:190} INFO - [2025-06-17T05:06:36.633+0000] {dagbag.py:588} INFO - Filling up the DagBag from /home/airflow/.local/lib/python3.12/site-packages/airflow/example_dags/example_time_delta_sensor_async.py
[2025-06-17T05:06:36.639+0000] {processor.py:925} INFO - DAG(s) 'example_time_delta_sensor_async' retrieved from /home/airflow/.local/lib/python3.12/site-packages/airflow/example_dags/example_time_delta_sensor_async.py
[2025-06-17T05:06:36.652+0000] {logging_mixin.py:190} INFO - [2025-06-17T05:06:36.652+0000] {dag.py:3239} INFO - Sync 1 DAGs
[2025-06-17T05:06:36.664+0000] {logging_mixin.py:190} INFO - [2025-06-17T05:06:36.664+0000] {dag.py:4180} INFO - Setting next_dagrun for example_time_delta_sensor_async to None, run_after=None
[2025-06-17T05:06:36.678+0000] {processor.py:208} INFO - Processing /home/airflow/.local/lib/python3.12/site-packages/airflow/example_dags/example_time_delta_sensor_async.py took 0.051 seconds
[2025-06-17T05:08:59.318+0000] {processor.py:186} INFO - Started process (PID=71) to work on /home/airflow/.local/lib/python3.12/site-packages/airflow/example_dags/example_time_delta_sensor_async.py
[2025-06-17T05:08:59.318+0000] {processor.py:914} INFO - Processing file /home/airflow/.local/lib/python3.12/site-packages/airflow/example_dags/example_time_delta_sensor_async.py for tasks to queue
[2025-06-17T05:08:59.319+0000] {logging_mixin.py:190} INFO - [2025-06-17T05:08:59.319+0000] {dagbag.py:588} INFO - Filling up the DagBag from /home/airflow/.local/lib/python3.12/site-packages/airflow/example_dags/example_time_delta_sensor_async.py
[2025-06-17T05:08:59.329+0000] {processor.py:925} INFO - DAG(s) 'example_time_delta_sensor_async' retrieved from /home/airflow/.local/lib/python3.12/site-packages/airflow/example_dags/example_time_delta_sensor_async.py
[2025-06-17T05:08:59.351+0000] {logging_mixin.py:190} INFO - [2025-06-17T05:08:59.350+0000] {dag.py:3239} INFO - Sync 1 DAGs
[2025-06-17T05:08:59.364+0000] {logging_mixin.py:190} INFO - [2025-06-17T05:08:59.363+0000] {dag.py:4180} INFO - Setting next_dagrun for example_time_delta_sensor_async to None, run_after=None
[2025-06-17T05:08:59.380+0000] {processor.py:208} INFO - Processing /home/airflow/.local/lib/python3.12/site-packages/airflow/example_dags/example_time_delta_sensor_async.py took 0.068 seconds
[2025-06-17T05:09:30.391+0000] {processor.py:186} INFO - Started process (PID=134) to work on /home/airflow/.local/lib/python3.12/site-packages/airflow/example_dags/example_time_delta_sensor_async.py
[2025-06-17T05:09:30.392+0000] {processor.py:914} INFO - Processing file /home/airflow/.local/lib/python3.12/site-packages/airflow/example_dags/example_time_delta_sensor_async.py for tasks to queue
[2025-06-17T05:09:30.393+0000] {logging_mixin.py:190} INFO - [2025-06-17T05:09:30.393+0000] {dagbag.py:588} INFO - Filling up the DagBag from /home/airflow/.local/lib/python3.12/site-packages/airflow/example_dags/example_time_delta_sensor_async.py
[2025-06-17T05:09:30.400+0000] {processor.py:925} INFO - DAG(s) 'example_time_delta_sensor_async' retrieved from /home/airflow/.local/lib/python3.12/site-packages/airflow/example_dags/example_time_delta_sensor_async.py
[2025-06-17T05:09:30.416+0000] {logging_mixin.py:190} INFO - [2025-06-17T05:09:30.416+0000] {dag.py:3239} INFO - Sync 1 DAGs
[2025-06-17T05:09:30.427+0000] {logging_mixin.py:190} INFO - [2025-06-17T05:09:30.427+0000] {dag.py:4180} INFO - Setting next_dagrun for example_time_delta_sensor_async to None, run_after=None
[2025-06-17T05:09:30.440+0000] {processor.py:208} INFO - Processing /home/airflow/.local/lib/python3.12/site-packages/airflow/example_dags/example_time_delta_sensor_async.py took 0.053 seconds
[2025-06-17T05:10:00.872+0000] {processor.py:186} INFO - Started process (PID=197) to work on /home/airflow/.local/lib/python3.12/site-packages/airflow/example_dags/example_time_delta_sensor_async.py
[2025-06-17T05:10:00.872+0000] {processor.py:914} INFO - Processing file /home/airflow/.local/lib/python3.12/site-packages/airflow/example_dags/example_time_delta_sensor_async.py for tasks to queue
[2025-06-17T05:10:00.873+0000] {logging_mixin.py:190} INFO - [2025-06-17T05:10:00.873+0000] {dagbag.py:588} INFO - Filling up the DagBag from /home/airflow/.local/lib/python3.12/site-packages/airflow/example_dags/example_time_delta_sensor_async.py
[2025-06-17T05:10:00.879+0000] {processor.py:925} INFO - DAG(s) 'example_time_delta_sensor_async' retrieved from /home/airflow/.local/lib/python3.12/site-packages/airflow/example_dags/example_time_delta_sensor_async.py
[2025-06-17T05:10:00.893+0000] {logging_mixin.py:190} INFO - [2025-06-17T05:10:00.893+0000] {dag.py:3239} INFO - Sync 1 DAGs
[2025-06-17T05:10:00.904+0000] {logging_mixin.py:190} INFO - [2025-06-17T05:10:00.904+0000] {dag.py:4180} INFO - Setting next_dagrun for example_time_delta_sensor_async to None, run_after=None
[2025-06-17T05:10:00.919+0000] {processor.py:208} INFO - Processing /home/airflow/.local/lib/python3.12/site-packages/airflow/example_dags/example_time_delta_sensor_async.py took 0.051 seconds
[2025-06-17T05:10:32.137+0000] {processor.py:186} INFO - Started process (PID=260) to work on /home/airflow/.local/lib/python3.12/site-packages/airflow/example_dags/example_time_delta_sensor_async.py
[2025-06-17T05:10:32.138+0000] {processor.py:914} INFO - Processing file /home/airflow/.local/lib/python3.12/site-packages/airflow/example_dags/example_time_delta_sensor_async.py for tasks to queue
[2025-06-17T05:10:32.139+0000] {logging_mixin.py:190} INFO - [2025-06-17T05:10:32.138+0000] {dagbag.py:588} INFO - Filling up the DagBag from /home/airflow/.local/lib/python3.12/site-packages/airflow/example_dags/example_time_delta_sensor_async.py
[2025-06-17T05:10:32.144+0000] {processor.py:925} INFO - DAG(s) 'example_time_delta_sensor_async' retrieved from /home/airflow/.local/lib/python3.12/site-packages/airflow/example_dags/example_time_delta_sensor_async.py
[2025-06-17T05:10:32.157+0000] {logging_mixin.py:190} INFO - [2025-06-17T05:10:32.157+0000] {dag.py:3239} INFO - Sync 1 DAGs
[2025-06-17T05:10:32.169+0000] {logging_mixin.py:190} INFO - [2025-06-17T05:10:32.169+0000] {dag.py:4180} INFO - Setting next_dagrun for example_time_delta_sensor_async to None, run_after=None
[2025-06-17T05:10:32.184+0000] {processor.py:208} INFO - Processing /home/airflow/.local/lib/python3.12/site-packages/airflow/example_dags/example_time_delta_sensor_async.py took 0.051 seconds
[2025-06-17T05:11:03.482+0000] {processor.py:186} INFO - Started process (PID=323) to work on /home/airflow/.local/lib/python3.12/site-packages/airflow/example_dags/example_time_delta_sensor_async.py
[2025-06-17T05:11:03.482+0000] {processor.py:914} INFO - Processing file /home/airflow/.local/lib/python3.12/site-packages/airflow/example_dags/example_time_delta_sensor_async.py for tasks to queue
[2025-06-17T05:11:03.483+0000] {logging_mixin.py:190} INFO - [2025-06-17T05:11:03.483+0000] {dagbag.py:588} INFO - Filling up the DagBag from /home/airflow/.local/lib/python3.12/site-packages/airflow/example_dags/example_time_delta_sensor_async.py
[2025-06-17T05:11:03.489+0000] {processor.py:925} INFO - DAG(s) 'example_time_delta_sensor_async' retrieved from /home/airflow/.local/lib/python3.12/site-packages/airflow/example_dags/example_time_delta_sensor_async.py
[2025-06-17T05:11:03.503+0000] {logging_mixin.py:190} INFO - [2025-06-17T05:11:03.502+0000] {dag.py:3239} INFO - Sync 1 DAGs
[2025-06-17T05:11:03.513+0000] {logging_mixin.py:190} INFO - [2025-06-17T05:11:03.513+0000] {dag.py:4180} INFO - Setting next_dagrun for example_time_delta_sensor_async to None, run_after=None
[2025-06-17T05:11:03.528+0000] {processor.py:208} INFO - Processing /home/airflow/.local/lib/python3.12/site-packages/airflow/example_dags/example_time_delta_sensor_async.py took 0.051 seconds
[2025-06-17T05:11:34.208+0000] {processor.py:186} INFO - Started process (PID=386) to work on /home/airflow/.local/lib/python3.12/site-packages/airflow/example_dags/example_time_delta_sensor_async.py
[2025-06-17T05:11:34.209+0000] {processor.py:914} INFO - Processing file /home/airflow/.local/lib/python3.12/site-packages/airflow/example_dags/example_time_delta_sensor_async.py for tasks to queue
[2025-06-17T05:11:34.210+0000] {logging_mixin.py:190} INFO - [2025-06-17T05:11:34.210+0000] {dagbag.py:588} INFO - Filling up the DagBag from /home/airflow/.local/lib/python3.12/site-packages/airflow/example_dags/example_time_delta_sensor_async.py
[2025-06-17T05:11:34.215+0000] {processor.py:925} INFO - DAG(s) 'example_time_delta_sensor_async' retrieved from /home/airflow/.local/lib/python3.12/site-packages/airflow/example_dags/example_time_delta_sensor_async.py
[2025-06-17T05:11:34.229+0000] {logging_mixin.py:190} INFO - [2025-06-17T05:11:34.229+0000] {dag.py:3239} INFO - Sync 1 DAGs
[2025-06-17T05:11:34.240+0000] {logging_mixin.py:190} INFO - [2025-06-17T05:11:34.240+0000] {dag.py:4180} INFO - Setting next_dagrun for example_time_delta_sensor_async to None, run_after=None
[2025-06-17T05:11:34.253+0000] {processor.py:208} INFO - Processing /home/airflow/.local/lib/python3.12/site-packages/airflow/example_dags/example_time_delta_sensor_async.py took 0.049 seconds
[2025-06-17T05:12:05.237+0000] {processor.py:186} INFO - Started process (PID=449) to work on /home/airflow/.local/lib/python3.12/site-packages/airflow/example_dags/example_time_delta_sensor_async.py
[2025-06-17T05:12:05.237+0000] {processor.py:914} INFO - Processing file /home/airflow/.local/lib/python3.12/site-packages/airflow/example_dags/example_time_delta_sensor_async.py for tasks to queue
[2025-06-17T05:12:05.238+0000] {logging_mixin.py:190} INFO - [2025-06-17T05:12:05.238+0000] {dagbag.py:588} INFO - Filling up the DagBag from /home/airflow/.local/lib/python3.12/site-packages/airflow/example_dags/example_time_delta_sensor_async.py
[2025-06-17T05:12:05.244+0000] {processor.py:925} INFO - DAG(s) 'example_time_delta_sensor_async' retrieved from /home/airflow/.local/lib/python3.12/site-packages/airflow/example_dags/example_time_delta_sensor_async.py
[2025-06-17T05:12:05.258+0000] {logging_mixin.py:190} INFO - [2025-06-17T05:12:05.257+0000] {dag.py:3239} INFO - Sync 1 DAGs
[2025-06-17T05:12:05.268+0000] {logging_mixin.py:190} INFO - [2025-06-17T05:12:05.268+0000] {dag.py:4180} INFO - Setting next_dagrun for example_time_delta_sensor_async to None, run_after=None
[2025-06-17T05:12:05.282+0000] {processor.py:208} INFO - Processing /home/airflow/.local/lib/python3.12/site-packages/airflow/example_dags/example_time_delta_sensor_async.py took 0.049 seconds
[2025-06-17T05:12:35.867+0000] {processor.py:186} INFO - Started process (PID=512) to work on /home/airflow/.local/lib/python3.12/site-packages/airflow/example_dags/example_time_delta_sensor_async.py
[2025-06-17T05:12:35.868+0000] {processor.py:914} INFO - Processing file /home/airflow/.local/lib/python3.12/site-packages/airflow/example_dags/example_time_delta_sensor_async.py for tasks to queue
[2025-06-17T05:12:35.869+0000] {logging_mixin.py:190} INFO - [2025-06-17T05:12:35.869+0000] {dagbag.py:588} INFO - Filling up the DagBag from /home/airflow/.local/lib/python3.12/site-packages/airflow/example_dags/example_time_delta_sensor_async.py
[2025-06-17T05:12:35.875+0000] {processor.py:925} INFO - DAG(s) 'example_time_delta_sensor_async' retrieved from /home/airflow/.local/lib/python3.12/site-packages/airflow/example_dags/example_time_delta_sensor_async.py
[2025-06-17T05:12:35.891+0000] {logging_mixin.py:190} INFO - [2025-06-17T05:12:35.891+0000] {dag.py:3239} INFO - Sync 1 DAGs
[2025-06-17T05:12:35.903+0000] {logging_mixin.py:190} INFO - [2025-06-17T05:12:35.903+0000] {dag.py:4180} INFO - Setting next_dagrun for example_time_delta_sensor_async to None, run_after=None
[2025-06-17T05:12:35.917+0000] {processor.py:208} INFO - Processing /home/airflow/.local/lib/python3.12/site-packages/airflow/example_dags/example_time_delta_sensor_async.py took 0.054 seconds
[2025-06-17T05:13:06.417+0000] {processor.py:186} INFO - Started process (PID=575) to work on /home/airflow/.local/lib/python3.12/site-packages/airflow/example_dags/example_time_delta_sensor_async.py
[2025-06-17T05:13:06.418+0000] {processor.py:914} INFO - Processing file /home/airflow/.local/lib/python3.12/site-packages/airflow/example_dags/example_time_delta_sensor_async.py for tasks to queue
[2025-06-17T05:13:06.419+0000] {logging_mixin.py:190} INFO - [2025-06-17T05:13:06.418+0000] {dagbag.py:588} INFO - Filling up the DagBag from /home/airflow/.local/lib/python3.12/site-packages/airflow/example_dags/example_time_delta_sensor_async.py
[2025-06-17T05:13:06.424+0000] {processor.py:925} INFO - DAG(s) 'example_time_delta_sensor_async' retrieved from /home/airflow/.local/lib/python3.12/site-packages/airflow/example_dags/example_time_delta_sensor_async.py
[2025-06-17T05:13:06.437+0000] {logging_mixin.py:190} INFO - [2025-06-17T05:13:06.437+0000] {dag.py:3239} INFO - Sync 1 DAGs
[2025-06-17T05:13:06.448+0000] {logging_mixin.py:190} INFO - [2025-06-17T05:13:06.448+0000] {dag.py:4180} INFO - Setting next_dagrun for example_time_delta_sensor_async to None, run_after=None
[2025-06-17T05:13:06.462+0000] {processor.py:208} INFO - Processing /home/airflow/.local/lib/python3.12/site-packages/airflow/example_dags/example_time_delta_sensor_async.py took 0.049 seconds
[2025-06-17T05:13:37.181+0000] {processor.py:186} INFO - Started process (PID=639) to work on /home/airflow/.local/lib/python3.12/site-packages/airflow/example_dags/example_time_delta_sensor_async.py
[2025-06-17T05:13:37.181+0000] {processor.py:914} INFO - Processing file /home/airflow/.local/lib/python3.12/site-packages/airflow/example_dags/example_time_delta_sensor_async.py for tasks to queue
[2025-06-17T05:13:37.182+0000] {logging_mixin.py:190} INFO - [2025-06-17T05:13:37.182+0000] {dagbag.py:588} INFO - Filling up the DagBag from /home/airflow/.local/lib/python3.12/site-packages/airflow/example_dags/example_time_delta_sensor_async.py
[2025-06-17T05:13:37.188+0000] {processor.py:925} INFO - DAG(s) 'example_time_delta_sensor_async' retrieved from /home/airflow/.local/lib/python3.12/site-packages/airflow/example_dags/example_time_delta_sensor_async.py
[2025-06-17T05:13:37.201+0000] {logging_mixin.py:190} INFO - [2025-06-17T05:13:37.201+0000] {dag.py:3239} INFO - Sync 1 DAGs
[2025-06-17T05:13:37.213+0000] {logging_mixin.py:190} INFO - [2025-06-17T05:13:37.212+0000] {dag.py:4180} INFO - Setting next_dagrun for example_time_delta_sensor_async to None, run_after=None
[2025-06-17T05:13:37.226+0000] {processor.py:208} INFO - Processing /home/airflow/.local/lib/python3.12/site-packages/airflow/example_dags/example_time_delta_sensor_async.py took 0.049 seconds
[2025-06-17T05:14:07.858+0000] {processor.py:186} INFO - Started process (PID=702) to work on /home/airflow/.local/lib/python3.12/site-packages/airflow/example_dags/example_time_delta_sensor_async.py
[2025-06-17T05:14:07.859+0000] {processor.py:914} INFO - Processing file /home/airflow/.local/lib/python3.12/site-packages/airflow/example_dags/example_time_delta_sensor_async.py for tasks to queue
[2025-06-17T05:14:07.860+0000] {logging_mixin.py:190} INFO - [2025-06-17T05:14:07.859+0000] {dagbag.py:588} INFO - Filling up the DagBag from /home/airflow/.local/lib/python3.12/site-packages/airflow/example_dags/example_time_delta_sensor_async.py
[2025-06-17T05:14:07.866+0000] {processor.py:925} INFO - DAG(s) 'example_time_delta_sensor_async' retrieved from /home/airflow/.local/lib/python3.12/site-packages/airflow/example_dags/example_time_delta_sensor_async.py
[2025-06-17T05:14:07.882+0000] {logging_mixin.py:190} INFO - [2025-06-17T05:14:07.882+0000] {dag.py:3239} INFO - Sync 1 DAGs
[2025-06-17T05:14:07.896+0000] {logging_mixin.py:190} INFO - [2025-06-17T05:14:07.895+0000] {dag.py:4180} INFO - Setting next_dagrun for example_time_delta_sensor_async to None, run_after=None
[2025-06-17T05:14:07.910+0000] {processor.py:208} INFO - Processing /home/airflow/.local/lib/python3.12/site-packages/airflow/example_dags/example_time_delta_sensor_async.py took 0.056 seconds
[2025-06-17T05:17:45.404+0000] {processor.py:186} INFO - Started process (PID=66) to work on /home/airflow/.local/lib/python3.12/site-packages/airflow/example_dags/example_time_delta_sensor_async.py
[2025-06-17T05:17:45.405+0000] {processor.py:914} INFO - Processing file /home/airflow/.local/lib/python3.12/site-packages/airflow/example_dags/example_time_delta_sensor_async.py for tasks to queue
[2025-06-17T05:17:45.406+0000] {logging_mixin.py:190} INFO - [2025-06-17T05:17:45.406+0000] {dagbag.py:588} INFO - Filling up the DagBag from /home/airflow/.local/lib/python3.12/site-packages/airflow/example_dags/example_time_delta_sensor_async.py
[2025-06-17T05:17:45.414+0000] {processor.py:925} INFO - DAG(s) 'example_time_delta_sensor_async' retrieved from /home/airflow/.local/lib/python3.12/site-packages/airflow/example_dags/example_time_delta_sensor_async.py
[2025-06-17T05:17:45.517+0000] {logging_mixin.py:190} INFO - [2025-06-17T05:17:45.516+0000] {override.py:1912} INFO - Created Permission View: can read on DAG:example_time_delta_sensor_async
[2025-06-17T05:17:45.528+0000] {logging_mixin.py:190} INFO - [2025-06-17T05:17:45.528+0000] {override.py:1912} INFO - Created Permission View: can delete on DAG:example_time_delta_sensor_async
[2025-06-17T05:17:45.534+0000] {logging_mixin.py:190} INFO - [2025-06-17T05:17:45.534+0000] {override.py:1912} INFO - Created Permission View: can edit on DAG:example_time_delta_sensor_async
[2025-06-17T05:17:45.542+0000] {logging_mixin.py:190} INFO - [2025-06-17T05:17:45.541+0000] {override.py:1912} INFO - Created Permission View: can read on DAG Run:example_time_delta_sensor_async
[2025-06-17T05:17:45.547+0000] {logging_mixin.py:190} INFO - [2025-06-17T05:17:45.547+0000] {override.py:1912} INFO - Created Permission View: can delete on DAG Run:example_time_delta_sensor_async
[2025-06-17T05:17:45.554+0000] {logging_mixin.py:190} INFO - [2025-06-17T05:17:45.554+0000] {override.py:1912} INFO - Created Permission View: menu access on DAG Run:example_time_delta_sensor_async
[2025-06-17T05:17:45.559+0000] {logging_mixin.py:190} INFO - [2025-06-17T05:17:45.559+0000] {override.py:1912} INFO - Created Permission View: can create on DAG Run:example_time_delta_sensor_async
[2025-06-17T05:17:45.560+0000] {logging_mixin.py:190} INFO - [2025-06-17T05:17:45.560+0000] {dag.py:3239} INFO - Sync 1 DAGs
[2025-06-17T05:17:45.571+0000] {logging_mixin.py:190} INFO - [2025-06-17T05:17:45.570+0000] {dag.py:3262} INFO - Creating ORM DAG for example_time_delta_sensor_async
[2025-06-17T05:17:45.571+0000] {logging_mixin.py:190} INFO - [2025-06-17T05:17:45.571+0000] {dag.py:4180} INFO - Setting next_dagrun for example_time_delta_sensor_async to None, run_after=None
[2025-06-17T05:17:45.587+0000] {processor.py:208} INFO - Processing /home/airflow/.local/lib/python3.12/site-packages/airflow/example_dags/example_time_delta_sensor_async.py took 0.189 seconds
[2025-06-17T05:19:13.772+0000] {processor.py:186} INFO - Started process (PID=72) to work on /home/airflow/.local/lib/python3.12/site-packages/airflow/example_dags/example_time_delta_sensor_async.py
[2025-06-17T05:19:13.772+0000] {processor.py:914} INFO - Processing file /home/airflow/.local/lib/python3.12/site-packages/airflow/example_dags/example_time_delta_sensor_async.py for tasks to queue
[2025-06-17T05:19:13.774+0000] {logging_mixin.py:190} INFO - [2025-06-17T05:19:13.774+0000] {dagbag.py:588} INFO - Filling up the DagBag from /home/airflow/.local/lib/python3.12/site-packages/airflow/example_dags/example_time_delta_sensor_async.py
[2025-06-17T05:19:13.786+0000] {processor.py:925} INFO - DAG(s) 'example_time_delta_sensor_async' retrieved from /home/airflow/.local/lib/python3.12/site-packages/airflow/example_dags/example_time_delta_sensor_async.py
[2025-06-17T05:19:13.810+0000] {logging_mixin.py:190} INFO - [2025-06-17T05:19:13.809+0000] {dag.py:3239} INFO - Sync 1 DAGs
[2025-06-17T05:19:13.823+0000] {logging_mixin.py:190} INFO - [2025-06-17T05:19:13.823+0000] {dag.py:4180} INFO - Setting next_dagrun for example_time_delta_sensor_async to None, run_after=None
[2025-06-17T05:19:13.840+0000] {processor.py:208} INFO - Processing /home/airflow/.local/lib/python3.12/site-packages/airflow/example_dags/example_time_delta_sensor_async.py took 0.076 seconds
[2025-06-17T05:19:44.518+0000] {processor.py:186} INFO - Started process (PID=135) to work on /home/airflow/.local/lib/python3.12/site-packages/airflow/example_dags/example_time_delta_sensor_async.py
[2025-06-17T05:19:44.519+0000] {processor.py:914} INFO - Processing file /home/airflow/.local/lib/python3.12/site-packages/airflow/example_dags/example_time_delta_sensor_async.py for tasks to queue
[2025-06-17T05:19:44.520+0000] {logging_mixin.py:190} INFO - [2025-06-17T05:19:44.520+0000] {dagbag.py:588} INFO - Filling up the DagBag from /home/airflow/.local/lib/python3.12/site-packages/airflow/example_dags/example_time_delta_sensor_async.py
[2025-06-17T05:19:44.526+0000] {processor.py:925} INFO - DAG(s) 'example_time_delta_sensor_async' retrieved from /home/airflow/.local/lib/python3.12/site-packages/airflow/example_dags/example_time_delta_sensor_async.py
[2025-06-17T05:19:44.541+0000] {logging_mixin.py:190} INFO - [2025-06-17T05:19:44.541+0000] {dag.py:3239} INFO - Sync 1 DAGs
[2025-06-17T05:19:44.552+0000] {logging_mixin.py:190} INFO - [2025-06-17T05:19:44.552+0000] {dag.py:4180} INFO - Setting next_dagrun for example_time_delta_sensor_async to None, run_after=None
[2025-06-17T05:19:44.568+0000] {processor.py:208} INFO - Processing /home/airflow/.local/lib/python3.12/site-packages/airflow/example_dags/example_time_delta_sensor_async.py took 0.055 seconds
[2025-06-17T05:21:32.924+0000] {processor.py:186} INFO - Started process (PID=72) to work on /home/airflow/.local/lib/python3.12/site-packages/airflow/example_dags/example_time_delta_sensor_async.py
[2025-06-17T05:21:32.925+0000] {processor.py:914} INFO - Processing file /home/airflow/.local/lib/python3.12/site-packages/airflow/example_dags/example_time_delta_sensor_async.py for tasks to queue
[2025-06-17T05:21:32.926+0000] {logging_mixin.py:190} INFO - [2025-06-17T05:21:32.925+0000] {dagbag.py:588} INFO - Filling up the DagBag from /home/airflow/.local/lib/python3.12/site-packages/airflow/example_dags/example_time_delta_sensor_async.py
[2025-06-17T05:21:32.934+0000] {processor.py:925} INFO - DAG(s) 'example_time_delta_sensor_async' retrieved from /home/airflow/.local/lib/python3.12/site-packages/airflow/example_dags/example_time_delta_sensor_async.py
[2025-06-17T05:21:32.953+0000] {logging_mixin.py:190} INFO - [2025-06-17T05:21:32.953+0000] {dag.py:3239} INFO - Sync 1 DAGs
[2025-06-17T05:21:32.964+0000] {logging_mixin.py:190} INFO - [2025-06-17T05:21:32.964+0000] {dag.py:4180} INFO - Setting next_dagrun for example_time_delta_sensor_async to None, run_after=None
[2025-06-17T05:21:32.979+0000] {processor.py:208} INFO - Processing /home/airflow/.local/lib/python3.12/site-packages/airflow/example_dags/example_time_delta_sensor_async.py took 0.060 seconds
[2025-06-17T05:22:04.416+0000] {processor.py:186} INFO - Started process (PID=135) to work on /home/airflow/.local/lib/python3.12/site-packages/airflow/example_dags/example_time_delta_sensor_async.py
[2025-06-17T05:22:04.416+0000] {processor.py:914} INFO - Processing file /home/airflow/.local/lib/python3.12/site-packages/airflow/example_dags/example_time_delta_sensor_async.py for tasks to queue
[2025-06-17T05:22:04.417+0000] {logging_mixin.py:190} INFO - [2025-06-17T05:22:04.417+0000] {dagbag.py:588} INFO - Filling up the DagBag from /home/airflow/.local/lib/python3.12/site-packages/airflow/example_dags/example_time_delta_sensor_async.py
[2025-06-17T05:22:04.423+0000] {processor.py:925} INFO - DAG(s) 'example_time_delta_sensor_async' retrieved from /home/airflow/.local/lib/python3.12/site-packages/airflow/example_dags/example_time_delta_sensor_async.py
[2025-06-17T05:22:04.439+0000] {logging_mixin.py:190} INFO - [2025-06-17T05:22:04.438+0000] {dag.py:3239} INFO - Sync 1 DAGs
[2025-06-17T05:22:04.452+0000] {logging_mixin.py:190} INFO - [2025-06-17T05:22:04.452+0000] {dag.py:4180} INFO - Setting next_dagrun for example_time_delta_sensor_async to None, run_after=None
[2025-06-17T05:22:04.469+0000] {processor.py:208} INFO - Processing /home/airflow/.local/lib/python3.12/site-packages/airflow/example_dags/example_time_delta_sensor_async.py took 0.059 seconds
[2025-06-17T05:22:35.256+0000] {processor.py:186} INFO - Started process (PID=198) to work on /home/airflow/.local/lib/python3.12/site-packages/airflow/example_dags/example_time_delta_sensor_async.py
[2025-06-17T05:22:35.256+0000] {processor.py:914} INFO - Processing file /home/airflow/.local/lib/python3.12/site-packages/airflow/example_dags/example_time_delta_sensor_async.py for tasks to queue
[2025-06-17T05:22:35.257+0000] {logging_mixin.py:190} INFO - [2025-06-17T05:22:35.257+0000] {dagbag.py:588} INFO - Filling up the DagBag from /home/airflow/.local/lib/python3.12/site-packages/airflow/example_dags/example_time_delta_sensor_async.py
[2025-06-17T05:22:35.263+0000] {processor.py:925} INFO - DAG(s) 'example_time_delta_sensor_async' retrieved from /home/airflow/.local/lib/python3.12/site-packages/airflow/example_dags/example_time_delta_sensor_async.py
[2025-06-17T05:22:35.279+0000] {logging_mixin.py:190} INFO - [2025-06-17T05:22:35.279+0000] {dag.py:3239} INFO - Sync 1 DAGs
[2025-06-17T05:22:35.290+0000] {logging_mixin.py:190} INFO - [2025-06-17T05:22:35.290+0000] {dag.py:4180} INFO - Setting next_dagrun for example_time_delta_sensor_async to None, run_after=None
[2025-06-17T05:22:35.305+0000] {processor.py:208} INFO - Processing /home/airflow/.local/lib/python3.12/site-packages/airflow/example_dags/example_time_delta_sensor_async.py took 0.054 seconds
[2025-06-17T05:23:06.242+0000] {processor.py:186} INFO - Started process (PID=261) to work on /home/airflow/.local/lib/python3.12/site-packages/airflow/example_dags/example_time_delta_sensor_async.py
[2025-06-17T05:23:06.242+0000] {processor.py:914} INFO - Processing file /home/airflow/.local/lib/python3.12/site-packages/airflow/example_dags/example_time_delta_sensor_async.py for tasks to queue
[2025-06-17T05:23:06.243+0000] {logging_mixin.py:190} INFO - [2025-06-17T05:23:06.243+0000] {dagbag.py:588} INFO - Filling up the DagBag from /home/airflow/.local/lib/python3.12/site-packages/airflow/example_dags/example_time_delta_sensor_async.py
[2025-06-17T05:23:06.249+0000] {processor.py:925} INFO - DAG(s) 'example_time_delta_sensor_async' retrieved from /home/airflow/.local/lib/python3.12/site-packages/airflow/example_dags/example_time_delta_sensor_async.py
[2025-06-17T05:23:06.262+0000] {logging_mixin.py:190} INFO - [2025-06-17T05:23:06.262+0000] {dag.py:3239} INFO - Sync 1 DAGs
[2025-06-17T05:23:06.274+0000] {logging_mixin.py:190} INFO - [2025-06-17T05:23:06.273+0000] {dag.py:4180} INFO - Setting next_dagrun for example_time_delta_sensor_async to None, run_after=None
[2025-06-17T05:23:06.287+0000] {processor.py:208} INFO - Processing /home/airflow/.local/lib/python3.12/site-packages/airflow/example_dags/example_time_delta_sensor_async.py took 0.049 seconds
[2025-06-17T05:23:37.078+0000] {processor.py:186} INFO - Started process (PID=324) to work on /home/airflow/.local/lib/python3.12/site-packages/airflow/example_dags/example_time_delta_sensor_async.py
[2025-06-17T05:23:37.078+0000] {processor.py:914} INFO - Processing file /home/airflow/.local/lib/python3.12/site-packages/airflow/example_dags/example_time_delta_sensor_async.py for tasks to queue
[2025-06-17T05:23:37.079+0000] {logging_mixin.py:190} INFO - [2025-06-17T05:23:37.079+0000] {dagbag.py:588} INFO - Filling up the DagBag from /home/airflow/.local/lib/python3.12/site-packages/airflow/example_dags/example_time_delta_sensor_async.py
[2025-06-17T05:23:37.087+0000] {processor.py:925} INFO - DAG(s) 'example_time_delta_sensor_async' retrieved from /home/airflow/.local/lib/python3.12/site-packages/airflow/example_dags/example_time_delta_sensor_async.py
[2025-06-17T05:23:37.102+0000] {logging_mixin.py:190} INFO - [2025-06-17T05:23:37.102+0000] {dag.py:3239} INFO - Sync 1 DAGs
[2025-06-17T05:23:37.114+0000] {logging_mixin.py:190} INFO - [2025-06-17T05:23:37.114+0000] {dag.py:4180} INFO - Setting next_dagrun for example_time_delta_sensor_async to None, run_after=None
[2025-06-17T05:23:37.128+0000] {processor.py:208} INFO - Processing /home/airflow/.local/lib/python3.12/site-packages/airflow/example_dags/example_time_delta_sensor_async.py took 0.056 seconds
