[2025-06-17T05:01:30.440+0000] {processor.py:186} INFO - Started process (PID=105) to work on /home/airflow/.local/lib/python3.12/site-packages/airflow/example_dags/example_setup_teardown.py
[2025-06-17T05:01:30.441+0000] {processor.py:914} INFO - Processing file /home/airflow/.local/lib/python3.12/site-packages/airflow/example_dags/example_setup_teardown.py for tasks to queue
[2025-06-17T05:01:30.442+0000] {logging_mixin.py:190} INFO - [2025-06-17T05:01:30.442+0000] {dagbag.py:588} INFO - Filling up the DagBag from /home/airflow/.local/lib/python3.12/site-packages/airflow/example_dags/example_setup_teardown.py
[2025-06-17T05:01:30.449+0000] {processor.py:925} INFO - DAG(s) 'example_setup_teardown' retrieved from /home/airflow/.local/lib/python3.12/site-packages/airflow/example_dags/example_setup_teardown.py
[2025-06-17T05:01:30.532+0000] {logging_mixin.py:190} INFO - [2025-06-17T05:01:30.531+0000] {override.py:1912} INFO - Created Permission View: can read on DAG:example_setup_teardown
[2025-06-17T05:01:30.541+0000] {logging_mixin.py:190} INFO - [2025-06-17T05:01:30.541+0000] {override.py:1912} INFO - Created Permission View: can edit on DAG:example_setup_teardown
[2025-06-17T05:01:30.548+0000] {logging_mixin.py:190} INFO - [2025-06-17T05:01:30.547+0000] {override.py:1912} INFO - Created Permission View: can delete on DAG:example_setup_teardown
[2025-06-17T05:01:30.556+0000] {logging_mixin.py:190} INFO - [2025-06-17T05:01:30.556+0000] {override.py:1912} INFO - Created Permission View: menu access on DAG Run:example_setup_teardown
[2025-06-17T05:01:30.563+0000] {logging_mixin.py:190} INFO - [2025-06-17T05:01:30.563+0000] {override.py:1912} INFO - Created Permission View: can create on DAG Run:example_setup_teardown
[2025-06-17T05:01:30.571+0000] {logging_mixin.py:190} INFO - [2025-06-17T05:01:30.571+0000] {override.py:1912} INFO - Created Permission View: can read on DAG Run:example_setup_teardown
[2025-06-17T05:01:30.579+0000] {logging_mixin.py:190} INFO - [2025-06-17T05:01:30.578+0000] {override.py:1912} INFO - Created Permission View: can delete on DAG Run:example_setup_teardown
[2025-06-17T05:01:30.579+0000] {logging_mixin.py:190} INFO - [2025-06-17T05:01:30.579+0000] {dag.py:3239} INFO - Sync 1 DAGs
[2025-06-17T05:01:30.591+0000] {logging_mixin.py:190} INFO - [2025-06-17T05:01:30.590+0000] {dag.py:3262} INFO - Creating ORM DAG for example_setup_teardown
[2025-06-17T05:01:30.591+0000] {logging_mixin.py:190} INFO - [2025-06-17T05:01:30.591+0000] {dag.py:4180} INFO - Setting next_dagrun for example_setup_teardown to None, run_after=None
[2025-06-17T05:01:30.603+0000] {processor.py:208} INFO - Processing /home/airflow/.local/lib/python3.12/site-packages/airflow/example_dags/example_setup_teardown.py took 0.168 seconds
[2025-06-17T05:02:00.727+0000] {processor.py:186} INFO - Started process (PID=168) to work on /home/airflow/.local/lib/python3.12/site-packages/airflow/example_dags/example_setup_teardown.py
[2025-06-17T05:02:00.728+0000] {processor.py:914} INFO - Processing file /home/airflow/.local/lib/python3.12/site-packages/airflow/example_dags/example_setup_teardown.py for tasks to queue
[2025-06-17T05:02:00.729+0000] {logging_mixin.py:190} INFO - [2025-06-17T05:02:00.728+0000] {dagbag.py:588} INFO - Filling up the DagBag from /home/airflow/.local/lib/python3.12/site-packages/airflow/example_dags/example_setup_teardown.py
[2025-06-17T05:02:00.735+0000] {processor.py:925} INFO - DAG(s) 'example_setup_teardown' retrieved from /home/airflow/.local/lib/python3.12/site-packages/airflow/example_dags/example_setup_teardown.py
[2025-06-17T05:02:00.750+0000] {logging_mixin.py:190} INFO - [2025-06-17T05:02:00.750+0000] {dag.py:3239} INFO - Sync 1 DAGs
[2025-06-17T05:02:00.761+0000] {logging_mixin.py:190} INFO - [2025-06-17T05:02:00.761+0000] {dag.py:4180} INFO - Setting next_dagrun for example_setup_teardown to None, run_after=None
[2025-06-17T05:02:00.775+0000] {processor.py:208} INFO - Processing /home/airflow/.local/lib/python3.12/site-packages/airflow/example_dags/example_setup_teardown.py took 0.053 seconds
[2025-06-17T05:02:31.362+0000] {processor.py:186} INFO - Started process (PID=231) to work on /home/airflow/.local/lib/python3.12/site-packages/airflow/example_dags/example_setup_teardown.py
[2025-06-17T05:02:31.362+0000] {processor.py:914} INFO - Processing file /home/airflow/.local/lib/python3.12/site-packages/airflow/example_dags/example_setup_teardown.py for tasks to queue
[2025-06-17T05:02:31.363+0000] {logging_mixin.py:190} INFO - [2025-06-17T05:02:31.363+0000] {dagbag.py:588} INFO - Filling up the DagBag from /home/airflow/.local/lib/python3.12/site-packages/airflow/example_dags/example_setup_teardown.py
[2025-06-17T05:02:31.370+0000] {processor.py:925} INFO - DAG(s) 'example_setup_teardown' retrieved from /home/airflow/.local/lib/python3.12/site-packages/airflow/example_dags/example_setup_teardown.py
[2025-06-17T05:02:31.384+0000] {logging_mixin.py:190} INFO - [2025-06-17T05:02:31.384+0000] {dag.py:3239} INFO - Sync 1 DAGs
[2025-06-17T05:02:31.395+0000] {logging_mixin.py:190} INFO - [2025-06-17T05:02:31.395+0000] {dag.py:4180} INFO - Setting next_dagrun for example_setup_teardown to None, run_after=None
[2025-06-17T05:02:31.409+0000] {processor.py:208} INFO - Processing /home/airflow/.local/lib/python3.12/site-packages/airflow/example_dags/example_setup_teardown.py took 0.052 seconds
[2025-06-17T05:06:08.096+0000] {processor.py:186} INFO - Started process (PID=107) to work on /home/airflow/.local/lib/python3.12/site-packages/airflow/example_dags/example_setup_teardown.py
[2025-06-17T05:06:08.096+0000] {processor.py:914} INFO - Processing file /home/airflow/.local/lib/python3.12/site-packages/airflow/example_dags/example_setup_teardown.py for tasks to queue
[2025-06-17T05:06:08.097+0000] {logging_mixin.py:190} INFO - [2025-06-17T05:06:08.097+0000] {dagbag.py:588} INFO - Filling up the DagBag from /home/airflow/.local/lib/python3.12/site-packages/airflow/example_dags/example_setup_teardown.py
[2025-06-17T05:06:08.105+0000] {processor.py:925} INFO - DAG(s) 'example_setup_teardown' retrieved from /home/airflow/.local/lib/python3.12/site-packages/airflow/example_dags/example_setup_teardown.py
[2025-06-17T05:06:08.120+0000] {logging_mixin.py:190} INFO - [2025-06-17T05:06:08.120+0000] {dag.py:3239} INFO - Sync 1 DAGs
[2025-06-17T05:06:08.132+0000] {logging_mixin.py:190} INFO - [2025-06-17T05:06:08.132+0000] {dag.py:4180} INFO - Setting next_dagrun for example_setup_teardown to None, run_after=None
[2025-06-17T05:06:08.148+0000] {processor.py:208} INFO - Processing /home/airflow/.local/lib/python3.12/site-packages/airflow/example_dags/example_setup_teardown.py took 0.057 seconds
[2025-06-17T05:06:39.230+0000] {processor.py:186} INFO - Started process (PID=170) to work on /home/airflow/.local/lib/python3.12/site-packages/airflow/example_dags/example_setup_teardown.py
[2025-06-17T05:06:39.231+0000] {processor.py:914} INFO - Processing file /home/airflow/.local/lib/python3.12/site-packages/airflow/example_dags/example_setup_teardown.py for tasks to queue
[2025-06-17T05:06:39.232+0000] {logging_mixin.py:190} INFO - [2025-06-17T05:06:39.231+0000] {dagbag.py:588} INFO - Filling up the DagBag from /home/airflow/.local/lib/python3.12/site-packages/airflow/example_dags/example_setup_teardown.py
[2025-06-17T05:06:39.238+0000] {processor.py:925} INFO - DAG(s) 'example_setup_teardown' retrieved from /home/airflow/.local/lib/python3.12/site-packages/airflow/example_dags/example_setup_teardown.py
[2025-06-17T05:06:39.253+0000] {logging_mixin.py:190} INFO - [2025-06-17T05:06:39.253+0000] {dag.py:3239} INFO - Sync 1 DAGs
[2025-06-17T05:06:39.266+0000] {logging_mixin.py:190} INFO - [2025-06-17T05:06:39.265+0000] {dag.py:4180} INFO - Setting next_dagrun for example_setup_teardown to None, run_after=None
[2025-06-17T05:06:39.283+0000] {processor.py:208} INFO - Processing /home/airflow/.local/lib/python3.12/site-packages/airflow/example_dags/example_setup_teardown.py took 0.059 seconds
[2025-06-17T05:09:02.625+0000] {processor.py:186} INFO - Started process (PID=105) to work on /home/airflow/.local/lib/python3.12/site-packages/airflow/example_dags/example_setup_teardown.py
[2025-06-17T05:09:02.626+0000] {processor.py:914} INFO - Processing file /home/airflow/.local/lib/python3.12/site-packages/airflow/example_dags/example_setup_teardown.py for tasks to queue
[2025-06-17T05:09:02.627+0000] {logging_mixin.py:190} INFO - [2025-06-17T05:09:02.627+0000] {dagbag.py:588} INFO - Filling up the DagBag from /home/airflow/.local/lib/python3.12/site-packages/airflow/example_dags/example_setup_teardown.py
[2025-06-17T05:09:02.635+0000] {processor.py:925} INFO - DAG(s) 'example_setup_teardown' retrieved from /home/airflow/.local/lib/python3.12/site-packages/airflow/example_dags/example_setup_teardown.py
[2025-06-17T05:09:02.651+0000] {logging_mixin.py:190} INFO - [2025-06-17T05:09:02.651+0000] {dag.py:3239} INFO - Sync 1 DAGs
[2025-06-17T05:09:02.664+0000] {logging_mixin.py:190} INFO - [2025-06-17T05:09:02.664+0000] {dag.py:4180} INFO - Setting next_dagrun for example_setup_teardown to None, run_after=None
[2025-06-17T05:09:02.683+0000] {processor.py:208} INFO - Processing /home/airflow/.local/lib/python3.12/site-packages/airflow/example_dags/example_setup_teardown.py took 0.062 seconds
[2025-06-17T05:09:33.466+0000] {processor.py:186} INFO - Started process (PID=168) to work on /home/airflow/.local/lib/python3.12/site-packages/airflow/example_dags/example_setup_teardown.py
[2025-06-17T05:09:33.467+0000] {processor.py:914} INFO - Processing file /home/airflow/.local/lib/python3.12/site-packages/airflow/example_dags/example_setup_teardown.py for tasks to queue
[2025-06-17T05:09:33.468+0000] {logging_mixin.py:190} INFO - [2025-06-17T05:09:33.468+0000] {dagbag.py:588} INFO - Filling up the DagBag from /home/airflow/.local/lib/python3.12/site-packages/airflow/example_dags/example_setup_teardown.py
[2025-06-17T05:09:33.474+0000] {processor.py:925} INFO - DAG(s) 'example_setup_teardown' retrieved from /home/airflow/.local/lib/python3.12/site-packages/airflow/example_dags/example_setup_teardown.py
[2025-06-17T05:09:33.491+0000] {logging_mixin.py:190} INFO - [2025-06-17T05:09:33.490+0000] {dag.py:3239} INFO - Sync 1 DAGs
[2025-06-17T05:09:33.503+0000] {logging_mixin.py:190} INFO - [2025-06-17T05:09:33.503+0000] {dag.py:4180} INFO - Setting next_dagrun for example_setup_teardown to None, run_after=None
[2025-06-17T05:09:33.521+0000] {processor.py:208} INFO - Processing /home/airflow/.local/lib/python3.12/site-packages/airflow/example_dags/example_setup_teardown.py took 0.059 seconds
[2025-06-17T05:10:03.683+0000] {processor.py:186} INFO - Started process (PID=231) to work on /home/airflow/.local/lib/python3.12/site-packages/airflow/example_dags/example_setup_teardown.py
[2025-06-17T05:10:03.684+0000] {processor.py:914} INFO - Processing file /home/airflow/.local/lib/python3.12/site-packages/airflow/example_dags/example_setup_teardown.py for tasks to queue
[2025-06-17T05:10:03.685+0000] {logging_mixin.py:190} INFO - [2025-06-17T05:10:03.685+0000] {dagbag.py:588} INFO - Filling up the DagBag from /home/airflow/.local/lib/python3.12/site-packages/airflow/example_dags/example_setup_teardown.py
[2025-06-17T05:10:03.692+0000] {processor.py:925} INFO - DAG(s) 'example_setup_teardown' retrieved from /home/airflow/.local/lib/python3.12/site-packages/airflow/example_dags/example_setup_teardown.py
[2025-06-17T05:10:03.708+0000] {logging_mixin.py:190} INFO - [2025-06-17T05:10:03.707+0000] {dag.py:3239} INFO - Sync 1 DAGs
[2025-06-17T05:10:03.719+0000] {logging_mixin.py:190} INFO - [2025-06-17T05:10:03.719+0000] {dag.py:4180} INFO - Setting next_dagrun for example_setup_teardown to None, run_after=None
[2025-06-17T05:10:03.733+0000] {processor.py:208} INFO - Processing /home/airflow/.local/lib/python3.12/site-packages/airflow/example_dags/example_setup_teardown.py took 0.054 seconds
[2025-06-17T05:10:34.781+0000] {processor.py:186} INFO - Started process (PID=293) to work on /home/airflow/.local/lib/python3.12/site-packages/airflow/example_dags/example_setup_teardown.py
[2025-06-17T05:10:34.781+0000] {processor.py:914} INFO - Processing file /home/airflow/.local/lib/python3.12/site-packages/airflow/example_dags/example_setup_teardown.py for tasks to queue
[2025-06-17T05:10:34.782+0000] {logging_mixin.py:190} INFO - [2025-06-17T05:10:34.782+0000] {dagbag.py:588} INFO - Filling up the DagBag from /home/airflow/.local/lib/python3.12/site-packages/airflow/example_dags/example_setup_teardown.py
[2025-06-17T05:10:34.791+0000] {processor.py:925} INFO - DAG(s) 'example_setup_teardown' retrieved from /home/airflow/.local/lib/python3.12/site-packages/airflow/example_dags/example_setup_teardown.py
[2025-06-17T05:10:34.806+0000] {logging_mixin.py:190} INFO - [2025-06-17T05:10:34.806+0000] {dag.py:3239} INFO - Sync 1 DAGs
[2025-06-17T05:10:34.817+0000] {logging_mixin.py:190} INFO - [2025-06-17T05:10:34.817+0000] {dag.py:4180} INFO - Setting next_dagrun for example_setup_teardown to None, run_after=None
[2025-06-17T05:10:34.832+0000] {processor.py:208} INFO - Processing /home/airflow/.local/lib/python3.12/site-packages/airflow/example_dags/example_setup_teardown.py took 0.056 seconds
[2025-06-17T05:11:05.543+0000] {processor.py:186} INFO - Started process (PID=357) to work on /home/airflow/.local/lib/python3.12/site-packages/airflow/example_dags/example_setup_teardown.py
[2025-06-17T05:11:05.544+0000] {processor.py:914} INFO - Processing file /home/airflow/.local/lib/python3.12/site-packages/airflow/example_dags/example_setup_teardown.py for tasks to queue
[2025-06-17T05:11:05.546+0000] {logging_mixin.py:190} INFO - [2025-06-17T05:11:05.546+0000] {dagbag.py:588} INFO - Filling up the DagBag from /home/airflow/.local/lib/python3.12/site-packages/airflow/example_dags/example_setup_teardown.py
[2025-06-17T05:11:05.552+0000] {processor.py:925} INFO - DAG(s) 'example_setup_teardown' retrieved from /home/airflow/.local/lib/python3.12/site-packages/airflow/example_dags/example_setup_teardown.py
[2025-06-17T05:11:05.568+0000] {logging_mixin.py:190} INFO - [2025-06-17T05:11:05.568+0000] {dag.py:3239} INFO - Sync 1 DAGs
[2025-06-17T05:11:05.584+0000] {logging_mixin.py:190} INFO - [2025-06-17T05:11:05.583+0000] {dag.py:4180} INFO - Setting next_dagrun for example_setup_teardown to None, run_after=None
[2025-06-17T05:11:05.601+0000] {processor.py:208} INFO - Processing /home/airflow/.local/lib/python3.12/site-packages/airflow/example_dags/example_setup_teardown.py took 0.062 seconds
[2025-06-17T05:11:36.311+0000] {processor.py:186} INFO - Started process (PID=419) to work on /home/airflow/.local/lib/python3.12/site-packages/airflow/example_dags/example_setup_teardown.py
[2025-06-17T05:11:36.312+0000] {processor.py:914} INFO - Processing file /home/airflow/.local/lib/python3.12/site-packages/airflow/example_dags/example_setup_teardown.py for tasks to queue
[2025-06-17T05:11:36.313+0000] {logging_mixin.py:190} INFO - [2025-06-17T05:11:36.313+0000] {dagbag.py:588} INFO - Filling up the DagBag from /home/airflow/.local/lib/python3.12/site-packages/airflow/example_dags/example_setup_teardown.py
[2025-06-17T05:11:36.320+0000] {processor.py:925} INFO - DAG(s) 'example_setup_teardown' retrieved from /home/airflow/.local/lib/python3.12/site-packages/airflow/example_dags/example_setup_teardown.py
[2025-06-17T05:11:36.335+0000] {logging_mixin.py:190} INFO - [2025-06-17T05:11:36.335+0000] {dag.py:3239} INFO - Sync 1 DAGs
[2025-06-17T05:11:36.346+0000] {logging_mixin.py:190} INFO - [2025-06-17T05:11:36.346+0000] {dag.py:4180} INFO - Setting next_dagrun for example_setup_teardown to None, run_after=None
[2025-06-17T05:11:36.360+0000] {processor.py:208} INFO - Processing /home/airflow/.local/lib/python3.12/site-packages/airflow/example_dags/example_setup_teardown.py took 0.054 seconds
[2025-06-17T05:12:07.287+0000] {processor.py:186} INFO - Started process (PID=483) to work on /home/airflow/.local/lib/python3.12/site-packages/airflow/example_dags/example_setup_teardown.py
[2025-06-17T05:12:07.287+0000] {processor.py:914} INFO - Processing file /home/airflow/.local/lib/python3.12/site-packages/airflow/example_dags/example_setup_teardown.py for tasks to queue
[2025-06-17T05:12:07.288+0000] {logging_mixin.py:190} INFO - [2025-06-17T05:12:07.288+0000] {dagbag.py:588} INFO - Filling up the DagBag from /home/airflow/.local/lib/python3.12/site-packages/airflow/example_dags/example_setup_teardown.py
[2025-06-17T05:12:07.296+0000] {processor.py:925} INFO - DAG(s) 'example_setup_teardown' retrieved from /home/airflow/.local/lib/python3.12/site-packages/airflow/example_dags/example_setup_teardown.py
[2025-06-17T05:12:07.312+0000] {logging_mixin.py:190} INFO - [2025-06-17T05:12:07.312+0000] {dag.py:3239} INFO - Sync 1 DAGs
[2025-06-17T05:12:07.326+0000] {logging_mixin.py:190} INFO - [2025-06-17T05:12:07.325+0000] {dag.py:4180} INFO - Setting next_dagrun for example_setup_teardown to None, run_after=None
[2025-06-17T05:12:07.342+0000] {processor.py:208} INFO - Processing /home/airflow/.local/lib/python3.12/site-packages/airflow/example_dags/example_setup_teardown.py took 0.060 seconds
[2025-06-17T05:12:37.750+0000] {processor.py:186} INFO - Started process (PID=545) to work on /home/airflow/.local/lib/python3.12/site-packages/airflow/example_dags/example_setup_teardown.py
[2025-06-17T05:12:37.750+0000] {processor.py:914} INFO - Processing file /home/airflow/.local/lib/python3.12/site-packages/airflow/example_dags/example_setup_teardown.py for tasks to queue
[2025-06-17T05:12:37.751+0000] {logging_mixin.py:190} INFO - [2025-06-17T05:12:37.751+0000] {dagbag.py:588} INFO - Filling up the DagBag from /home/airflow/.local/lib/python3.12/site-packages/airflow/example_dags/example_setup_teardown.py
[2025-06-17T05:12:37.759+0000] {processor.py:925} INFO - DAG(s) 'example_setup_teardown' retrieved from /home/airflow/.local/lib/python3.12/site-packages/airflow/example_dags/example_setup_teardown.py
[2025-06-17T05:12:37.774+0000] {logging_mixin.py:190} INFO - [2025-06-17T05:12:37.774+0000] {dag.py:3239} INFO - Sync 1 DAGs
[2025-06-17T05:12:37.785+0000] {logging_mixin.py:190} INFO - [2025-06-17T05:12:37.784+0000] {dag.py:4180} INFO - Setting next_dagrun for example_setup_teardown to None, run_after=None
[2025-06-17T05:12:37.799+0000] {processor.py:208} INFO - Processing /home/airflow/.local/lib/python3.12/site-packages/airflow/example_dags/example_setup_teardown.py took 0.054 seconds
[2025-06-17T05:13:08.564+0000] {processor.py:186} INFO - Started process (PID=609) to work on /home/airflow/.local/lib/python3.12/site-packages/airflow/example_dags/example_setup_teardown.py
[2025-06-17T05:13:08.565+0000] {processor.py:914} INFO - Processing file /home/airflow/.local/lib/python3.12/site-packages/airflow/example_dags/example_setup_teardown.py for tasks to queue
[2025-06-17T05:13:08.566+0000] {logging_mixin.py:190} INFO - [2025-06-17T05:13:08.565+0000] {dagbag.py:588} INFO - Filling up the DagBag from /home/airflow/.local/lib/python3.12/site-packages/airflow/example_dags/example_setup_teardown.py
[2025-06-17T05:13:08.572+0000] {processor.py:925} INFO - DAG(s) 'example_setup_teardown' retrieved from /home/airflow/.local/lib/python3.12/site-packages/airflow/example_dags/example_setup_teardown.py
[2025-06-17T05:13:08.586+0000] {logging_mixin.py:190} INFO - [2025-06-17T05:13:08.586+0000] {dag.py:3239} INFO - Sync 1 DAGs
[2025-06-17T05:13:08.598+0000] {logging_mixin.py:190} INFO - [2025-06-17T05:13:08.598+0000] {dag.py:4180} INFO - Setting next_dagrun for example_setup_teardown to None, run_after=None
[2025-06-17T05:13:08.614+0000] {processor.py:208} INFO - Processing /home/airflow/.local/lib/python3.12/site-packages/airflow/example_dags/example_setup_teardown.py took 0.054 seconds
[2025-06-17T05:13:39.111+0000] {processor.py:186} INFO - Started process (PID=673) to work on /home/airflow/.local/lib/python3.12/site-packages/airflow/example_dags/example_setup_teardown.py
[2025-06-17T05:13:39.111+0000] {processor.py:914} INFO - Processing file /home/airflow/.local/lib/python3.12/site-packages/airflow/example_dags/example_setup_teardown.py for tasks to queue
[2025-06-17T05:13:39.112+0000] {logging_mixin.py:190} INFO - [2025-06-17T05:13:39.112+0000] {dagbag.py:588} INFO - Filling up the DagBag from /home/airflow/.local/lib/python3.12/site-packages/airflow/example_dags/example_setup_teardown.py
[2025-06-17T05:13:39.118+0000] {processor.py:925} INFO - DAG(s) 'example_setup_teardown' retrieved from /home/airflow/.local/lib/python3.12/site-packages/airflow/example_dags/example_setup_teardown.py
[2025-06-17T05:13:39.136+0000] {logging_mixin.py:190} INFO - [2025-06-17T05:13:39.136+0000] {dag.py:3239} INFO - Sync 1 DAGs
[2025-06-17T05:13:39.147+0000] {logging_mixin.py:190} INFO - [2025-06-17T05:13:39.147+0000] {dag.py:4180} INFO - Setting next_dagrun for example_setup_teardown to None, run_after=None
[2025-06-17T05:13:39.163+0000] {processor.py:208} INFO - Processing /home/airflow/.local/lib/python3.12/site-packages/airflow/example_dags/example_setup_teardown.py took 0.057 seconds
[2025-06-17T05:14:09.946+0000] {processor.py:186} INFO - Started process (PID=735) to work on /home/airflow/.local/lib/python3.12/site-packages/airflow/example_dags/example_setup_teardown.py
[2025-06-17T05:14:09.947+0000] {processor.py:914} INFO - Processing file /home/airflow/.local/lib/python3.12/site-packages/airflow/example_dags/example_setup_teardown.py for tasks to queue
[2025-06-17T05:14:09.948+0000] {logging_mixin.py:190} INFO - [2025-06-17T05:14:09.948+0000] {dagbag.py:588} INFO - Filling up the DagBag from /home/airflow/.local/lib/python3.12/site-packages/airflow/example_dags/example_setup_teardown.py
[2025-06-17T05:14:09.955+0000] {processor.py:925} INFO - DAG(s) 'example_setup_teardown' retrieved from /home/airflow/.local/lib/python3.12/site-packages/airflow/example_dags/example_setup_teardown.py
[2025-06-17T05:14:09.971+0000] {logging_mixin.py:190} INFO - [2025-06-17T05:14:09.970+0000] {dag.py:3239} INFO - Sync 1 DAGs
[2025-06-17T05:14:09.982+0000] {logging_mixin.py:190} INFO - [2025-06-17T05:14:09.982+0000] {dag.py:4180} INFO - Setting next_dagrun for example_setup_teardown to None, run_after=None
[2025-06-17T05:14:09.997+0000] {processor.py:208} INFO - Processing /home/airflow/.local/lib/python3.12/site-packages/airflow/example_dags/example_setup_teardown.py took 0.055 seconds
[2025-06-17T05:17:50.112+0000] {processor.py:186} INFO - Started process (PID=106) to work on /home/airflow/.local/lib/python3.12/site-packages/airflow/example_dags/example_setup_teardown.py
[2025-06-17T05:17:50.113+0000] {processor.py:914} INFO - Processing file /home/airflow/.local/lib/python3.12/site-packages/airflow/example_dags/example_setup_teardown.py for tasks to queue
[2025-06-17T05:17:50.114+0000] {logging_mixin.py:190} INFO - [2025-06-17T05:17:50.114+0000] {dagbag.py:588} INFO - Filling up the DagBag from /home/airflow/.local/lib/python3.12/site-packages/airflow/example_dags/example_setup_teardown.py
[2025-06-17T05:17:50.125+0000] {processor.py:925} INFO - DAG(s) 'example_setup_teardown' retrieved from /home/airflow/.local/lib/python3.12/site-packages/airflow/example_dags/example_setup_teardown.py
[2025-06-17T05:17:50.208+0000] {logging_mixin.py:190} INFO - [2025-06-17T05:17:50.207+0000] {override.py:1912} INFO - Created Permission View: can read on DAG:example_setup_teardown
[2025-06-17T05:17:50.216+0000] {logging_mixin.py:190} INFO - [2025-06-17T05:17:50.215+0000] {override.py:1912} INFO - Created Permission View: can delete on DAG:example_setup_teardown
[2025-06-17T05:17:50.222+0000] {logging_mixin.py:190} INFO - [2025-06-17T05:17:50.222+0000] {override.py:1912} INFO - Created Permission View: can edit on DAG:example_setup_teardown
[2025-06-17T05:17:50.231+0000] {logging_mixin.py:190} INFO - [2025-06-17T05:17:50.231+0000] {override.py:1912} INFO - Created Permission View: can read on DAG Run:example_setup_teardown
[2025-06-17T05:17:50.237+0000] {logging_mixin.py:190} INFO - [2025-06-17T05:17:50.237+0000] {override.py:1912} INFO - Created Permission View: can delete on DAG Run:example_setup_teardown
[2025-06-17T05:17:50.244+0000] {logging_mixin.py:190} INFO - [2025-06-17T05:17:50.244+0000] {override.py:1912} INFO - Created Permission View: menu access on DAG Run:example_setup_teardown
[2025-06-17T05:17:50.251+0000] {logging_mixin.py:190} INFO - [2025-06-17T05:17:50.251+0000] {override.py:1912} INFO - Created Permission View: can create on DAG Run:example_setup_teardown
[2025-06-17T05:17:50.252+0000] {logging_mixin.py:190} INFO - [2025-06-17T05:17:50.252+0000] {dag.py:3239} INFO - Sync 1 DAGs
[2025-06-17T05:17:50.263+0000] {logging_mixin.py:190} INFO - [2025-06-17T05:17:50.262+0000] {dag.py:3262} INFO - Creating ORM DAG for example_setup_teardown
[2025-06-17T05:17:50.263+0000] {logging_mixin.py:190} INFO - [2025-06-17T05:17:50.263+0000] {dag.py:4180} INFO - Setting next_dagrun for example_setup_teardown to None, run_after=None
[2025-06-17T05:17:50.277+0000] {processor.py:208} INFO - Processing /home/airflow/.local/lib/python3.12/site-packages/airflow/example_dags/example_setup_teardown.py took 0.169 seconds
[2025-06-17T05:19:16.973+0000] {processor.py:186} INFO - Started process (PID=106) to work on /home/airflow/.local/lib/python3.12/site-packages/airflow/example_dags/example_setup_teardown.py
[2025-06-17T05:19:16.974+0000] {processor.py:914} INFO - Processing file /home/airflow/.local/lib/python3.12/site-packages/airflow/example_dags/example_setup_teardown.py for tasks to queue
[2025-06-17T05:19:16.975+0000] {logging_mixin.py:190} INFO - [2025-06-17T05:19:16.974+0000] {dagbag.py:588} INFO - Filling up the DagBag from /home/airflow/.local/lib/python3.12/site-packages/airflow/example_dags/example_setup_teardown.py
[2025-06-17T05:19:16.982+0000] {processor.py:925} INFO - DAG(s) 'example_setup_teardown' retrieved from /home/airflow/.local/lib/python3.12/site-packages/airflow/example_dags/example_setup_teardown.py
[2025-06-17T05:19:16.997+0000] {logging_mixin.py:190} INFO - [2025-06-17T05:19:16.996+0000] {dag.py:3239} INFO - Sync 1 DAGs
[2025-06-17T05:19:17.013+0000] {logging_mixin.py:190} INFO - [2025-06-17T05:19:17.013+0000] {dag.py:4180} INFO - Setting next_dagrun for example_setup_teardown to None, run_after=None
[2025-06-17T05:19:17.031+0000] {processor.py:208} INFO - Processing /home/airflow/.local/lib/python3.12/site-packages/airflow/example_dags/example_setup_teardown.py took 0.062 seconds
[2025-06-17T05:19:47.875+0000] {processor.py:186} INFO - Started process (PID=169) to work on /home/airflow/.local/lib/python3.12/site-packages/airflow/example_dags/example_setup_teardown.py
[2025-06-17T05:19:47.876+0000] {processor.py:914} INFO - Processing file /home/airflow/.local/lib/python3.12/site-packages/airflow/example_dags/example_setup_teardown.py for tasks to queue
[2025-06-17T05:19:47.877+0000] {logging_mixin.py:190} INFO - [2025-06-17T05:19:47.876+0000] {dagbag.py:588} INFO - Filling up the DagBag from /home/airflow/.local/lib/python3.12/site-packages/airflow/example_dags/example_setup_teardown.py
[2025-06-17T05:19:47.884+0000] {processor.py:925} INFO - DAG(s) 'example_setup_teardown' retrieved from /home/airflow/.local/lib/python3.12/site-packages/airflow/example_dags/example_setup_teardown.py
[2025-06-17T05:19:47.898+0000] {logging_mixin.py:190} INFO - [2025-06-17T05:19:47.897+0000] {dag.py:3239} INFO - Sync 1 DAGs
[2025-06-17T05:19:47.908+0000] {logging_mixin.py:190} INFO - [2025-06-17T05:19:47.908+0000] {dag.py:4180} INFO - Setting next_dagrun for example_setup_teardown to None, run_after=None
[2025-06-17T05:19:47.921+0000] {processor.py:208} INFO - Processing /home/airflow/.local/lib/python3.12/site-packages/airflow/example_dags/example_setup_teardown.py took 0.051 seconds
[2025-06-17T05:21:35.809+0000] {processor.py:186} INFO - Started process (PID=106) to work on /home/airflow/.local/lib/python3.12/site-packages/airflow/example_dags/example_setup_teardown.py
[2025-06-17T05:21:35.810+0000] {processor.py:914} INFO - Processing file /home/airflow/.local/lib/python3.12/site-packages/airflow/example_dags/example_setup_teardown.py for tasks to queue
[2025-06-17T05:21:35.811+0000] {logging_mixin.py:190} INFO - [2025-06-17T05:21:35.810+0000] {dagbag.py:588} INFO - Filling up the DagBag from /home/airflow/.local/lib/python3.12/site-packages/airflow/example_dags/example_setup_teardown.py
[2025-06-17T05:21:35.820+0000] {processor.py:925} INFO - DAG(s) 'example_setup_teardown' retrieved from /home/airflow/.local/lib/python3.12/site-packages/airflow/example_dags/example_setup_teardown.py
[2025-06-17T05:21:35.837+0000] {logging_mixin.py:190} INFO - [2025-06-17T05:21:35.837+0000] {dag.py:3239} INFO - Sync 1 DAGs
[2025-06-17T05:21:35.850+0000] {logging_mixin.py:190} INFO - [2025-06-17T05:21:35.850+0000] {dag.py:4180} INFO - Setting next_dagrun for example_setup_teardown to None, run_after=None
[2025-06-17T05:21:35.868+0000] {processor.py:208} INFO - Processing /home/airflow/.local/lib/python3.12/site-packages/airflow/example_dags/example_setup_teardown.py took 0.063 seconds
[2025-06-17T05:22:06.707+0000] {processor.py:186} INFO - Started process (PID=168) to work on /home/airflow/.local/lib/python3.12/site-packages/airflow/example_dags/example_setup_teardown.py
[2025-06-17T05:22:06.708+0000] {processor.py:914} INFO - Processing file /home/airflow/.local/lib/python3.12/site-packages/airflow/example_dags/example_setup_teardown.py for tasks to queue
[2025-06-17T05:22:06.709+0000] {logging_mixin.py:190} INFO - [2025-06-17T05:22:06.708+0000] {dagbag.py:588} INFO - Filling up the DagBag from /home/airflow/.local/lib/python3.12/site-packages/airflow/example_dags/example_setup_teardown.py
[2025-06-17T05:22:06.716+0000] {processor.py:925} INFO - DAG(s) 'example_setup_teardown' retrieved from /home/airflow/.local/lib/python3.12/site-packages/airflow/example_dags/example_setup_teardown.py
[2025-06-17T05:22:06.729+0000] {logging_mixin.py:190} INFO - [2025-06-17T05:22:06.729+0000] {dag.py:3239} INFO - Sync 1 DAGs
[2025-06-17T05:22:06.740+0000] {logging_mixin.py:190} INFO - [2025-06-17T05:22:06.740+0000] {dag.py:4180} INFO - Setting next_dagrun for example_setup_teardown to None, run_after=None
[2025-06-17T05:22:06.755+0000] {processor.py:208} INFO - Processing /home/airflow/.local/lib/python3.12/site-packages/airflow/example_dags/example_setup_teardown.py took 0.052 seconds
[2025-06-17T05:22:37.678+0000] {processor.py:186} INFO - Started process (PID=232) to work on /home/airflow/.local/lib/python3.12/site-packages/airflow/example_dags/example_setup_teardown.py
[2025-06-17T05:22:37.678+0000] {processor.py:914} INFO - Processing file /home/airflow/.local/lib/python3.12/site-packages/airflow/example_dags/example_setup_teardown.py for tasks to queue
[2025-06-17T05:22:37.680+0000] {logging_mixin.py:190} INFO - [2025-06-17T05:22:37.679+0000] {dagbag.py:588} INFO - Filling up the DagBag from /home/airflow/.local/lib/python3.12/site-packages/airflow/example_dags/example_setup_teardown.py
[2025-06-17T05:22:37.688+0000] {processor.py:925} INFO - DAG(s) 'example_setup_teardown' retrieved from /home/airflow/.local/lib/python3.12/site-packages/airflow/example_dags/example_setup_teardown.py
[2025-06-17T05:22:37.704+0000] {logging_mixin.py:190} INFO - [2025-06-17T05:22:37.704+0000] {dag.py:3239} INFO - Sync 1 DAGs
[2025-06-17T05:22:37.717+0000] {logging_mixin.py:190} INFO - [2025-06-17T05:22:37.717+0000] {dag.py:4180} INFO - Setting next_dagrun for example_setup_teardown to None, run_after=None
[2025-06-17T05:22:37.733+0000] {processor.py:208} INFO - Processing /home/airflow/.local/lib/python3.12/site-packages/airflow/example_dags/example_setup_teardown.py took 0.060 seconds
[2025-06-17T05:23:08.491+0000] {processor.py:186} INFO - Started process (PID=295) to work on /home/airflow/.local/lib/python3.12/site-packages/airflow/example_dags/example_setup_teardown.py
[2025-06-17T05:23:08.491+0000] {processor.py:914} INFO - Processing file /home/airflow/.local/lib/python3.12/site-packages/airflow/example_dags/example_setup_teardown.py for tasks to queue
[2025-06-17T05:23:08.492+0000] {logging_mixin.py:190} INFO - [2025-06-17T05:23:08.492+0000] {dagbag.py:588} INFO - Filling up the DagBag from /home/airflow/.local/lib/python3.12/site-packages/airflow/example_dags/example_setup_teardown.py
[2025-06-17T05:23:08.499+0000] {processor.py:925} INFO - DAG(s) 'example_setup_teardown' retrieved from /home/airflow/.local/lib/python3.12/site-packages/airflow/example_dags/example_setup_teardown.py
[2025-06-17T05:23:08.513+0000] {logging_mixin.py:190} INFO - [2025-06-17T05:23:08.513+0000] {dag.py:3239} INFO - Sync 1 DAGs
[2025-06-17T05:23:08.524+0000] {logging_mixin.py:190} INFO - [2025-06-17T05:23:08.524+0000] {dag.py:4180} INFO - Setting next_dagrun for example_setup_teardown to None, run_after=None
[2025-06-17T05:23:08.541+0000] {processor.py:208} INFO - Processing /home/airflow/.local/lib/python3.12/site-packages/airflow/example_dags/example_setup_teardown.py took 0.055 seconds
[2025-06-17T05:23:39.625+0000] {processor.py:186} INFO - Started process (PID=358) to work on /home/airflow/.local/lib/python3.12/site-packages/airflow/example_dags/example_setup_teardown.py
[2025-06-17T05:23:39.626+0000] {processor.py:914} INFO - Processing file /home/airflow/.local/lib/python3.12/site-packages/airflow/example_dags/example_setup_teardown.py for tasks to queue
[2025-06-17T05:23:39.627+0000] {logging_mixin.py:190} INFO - [2025-06-17T05:23:39.626+0000] {dagbag.py:588} INFO - Filling up the DagBag from /home/airflow/.local/lib/python3.12/site-packages/airflow/example_dags/example_setup_teardown.py
[2025-06-17T05:23:39.633+0000] {processor.py:925} INFO - DAG(s) 'example_setup_teardown' retrieved from /home/airflow/.local/lib/python3.12/site-packages/airflow/example_dags/example_setup_teardown.py
[2025-06-17T05:23:39.648+0000] {logging_mixin.py:190} INFO - [2025-06-17T05:23:39.648+0000] {dag.py:3239} INFO - Sync 1 DAGs
[2025-06-17T05:23:39.660+0000] {logging_mixin.py:190} INFO - [2025-06-17T05:23:39.660+0000] {dag.py:4180} INFO - Setting next_dagrun for example_setup_teardown to None, run_after=None
[2025-06-17T05:23:39.676+0000] {processor.py:208} INFO - Processing /home/airflow/.local/lib/python3.12/site-packages/airflow/example_dags/example_setup_teardown.py took 0.056 seconds
