[2025-06-17T05:01:26.066+0000] {processor.py:186} INFO - Started process (PID=69) to work on /home/airflow/.local/lib/python3.12/site-packages/airflow/example_dags/example_outlet_event_extra.py
[2025-06-17T05:01:26.066+0000] {processor.py:914} INFO - Processing file /home/airflow/.local/lib/python3.12/site-packages/airflow/example_dags/example_outlet_event_extra.py for tasks to queue
[2025-06-17T05:01:26.067+0000] {logging_mixin.py:190} INFO - [2025-06-17T05:01:26.067+0000] {dagbag.py:588} INFO - Filling up the DagBag from /home/airflow/.local/lib/python3.12/site-packages/airflow/example_dags/example_outlet_event_extra.py
[2025-06-17T05:01:26.547+0000] {processor.py:925} INFO - DAG(s) 'dataset_with_extra_from_classic_operator', 'dataset_with_extra_by_yield', 'dataset_with_extra_by_context' retrieved from /home/airflow/.local/lib/python3.12/site-packages/airflow/example_dags/example_outlet_event_extra.py
[2025-06-17T05:01:26.632+0000] {logging_mixin.py:190} INFO - [2025-06-17T05:01:26.631+0000] {override.py:1912} INFO - Created Permission View: can read on DAG:dataset_with_extra_from_classic_operator
[2025-06-17T05:01:26.642+0000] {logging_mixin.py:190} INFO - [2025-06-17T05:01:26.642+0000] {override.py:1912} INFO - Created Permission View: can edit on DAG:dataset_with_extra_from_classic_operator
[2025-06-17T05:01:26.649+0000] {logging_mixin.py:190} INFO - [2025-06-17T05:01:26.649+0000] {override.py:1912} INFO - Created Permission View: can delete on DAG:dataset_with_extra_from_classic_operator
[2025-06-17T05:01:26.656+0000] {logging_mixin.py:190} INFO - [2025-06-17T05:01:26.656+0000] {override.py:1912} INFO - Created Permission View: menu access on DAG Run:dataset_with_extra_from_classic_operator
[2025-06-17T05:01:26.674+0000] {logging_mixin.py:190} INFO - [2025-06-17T05:01:26.674+0000] {override.py:1912} INFO - Created Permission View: can create on DAG Run:dataset_with_extra_from_classic_operator
[2025-06-17T05:01:26.682+0000] {logging_mixin.py:190} INFO - [2025-06-17T05:01:26.682+0000] {override.py:1912} INFO - Created Permission View: can read on DAG Run:dataset_with_extra_from_classic_operator
[2025-06-17T05:01:26.689+0000] {logging_mixin.py:190} INFO - [2025-06-17T05:01:26.689+0000] {override.py:1912} INFO - Created Permission View: can delete on DAG Run:dataset_with_extra_from_classic_operator
[2025-06-17T05:01:26.702+0000] {logging_mixin.py:190} INFO - [2025-06-17T05:01:26.702+0000] {override.py:1912} INFO - Created Permission View: can read on DAG:dataset_with_extra_by_yield
[2025-06-17T05:01:26.708+0000] {logging_mixin.py:190} INFO - [2025-06-17T05:01:26.708+0000] {override.py:1912} INFO - Created Permission View: can edit on DAG:dataset_with_extra_by_yield
[2025-06-17T05:01:26.716+0000] {logging_mixin.py:190} INFO - [2025-06-17T05:01:26.715+0000] {override.py:1912} INFO - Created Permission View: can delete on DAG:dataset_with_extra_by_yield
[2025-06-17T05:01:26.725+0000] {logging_mixin.py:190} INFO - [2025-06-17T05:01:26.725+0000] {override.py:1912} INFO - Created Permission View: menu access on DAG Run:dataset_with_extra_by_yield
[2025-06-17T05:01:26.731+0000] {logging_mixin.py:190} INFO - [2025-06-17T05:01:26.730+0000] {override.py:1912} INFO - Created Permission View: can create on DAG Run:dataset_with_extra_by_yield
[2025-06-17T05:01:26.737+0000] {logging_mixin.py:190} INFO - [2025-06-17T05:01:26.736+0000] {override.py:1912} INFO - Created Permission View: can read on DAG Run:dataset_with_extra_by_yield
[2025-06-17T05:01:26.743+0000] {logging_mixin.py:190} INFO - [2025-06-17T05:01:26.742+0000] {override.py:1912} INFO - Created Permission View: can delete on DAG Run:dataset_with_extra_by_yield
[2025-06-17T05:01:26.754+0000] {logging_mixin.py:190} INFO - [2025-06-17T05:01:26.753+0000] {override.py:1912} INFO - Created Permission View: can read on DAG:dataset_with_extra_by_context
[2025-06-17T05:01:26.760+0000] {logging_mixin.py:190} INFO - [2025-06-17T05:01:26.760+0000] {override.py:1912} INFO - Created Permission View: can edit on DAG:dataset_with_extra_by_context
[2025-06-17T05:01:26.767+0000] {logging_mixin.py:190} INFO - [2025-06-17T05:01:26.766+0000] {override.py:1912} INFO - Created Permission View: can delete on DAG:dataset_with_extra_by_context
[2025-06-17T05:01:26.776+0000] {logging_mixin.py:190} INFO - [2025-06-17T05:01:26.775+0000] {override.py:1912} INFO - Created Permission View: menu access on DAG Run:dataset_with_extra_by_context
[2025-06-17T05:01:26.783+0000] {logging_mixin.py:190} INFO - [2025-06-17T05:01:26.783+0000] {override.py:1912} INFO - Created Permission View: can create on DAG Run:dataset_with_extra_by_context
[2025-06-17T05:01:26.791+0000] {logging_mixin.py:190} INFO - [2025-06-17T05:01:26.791+0000] {override.py:1912} INFO - Created Permission View: can read on DAG Run:dataset_with_extra_by_context
[2025-06-17T05:01:26.799+0000] {logging_mixin.py:190} INFO - [2025-06-17T05:01:26.799+0000] {override.py:1912} INFO - Created Permission View: can delete on DAG Run:dataset_with_extra_by_context
[2025-06-17T05:01:26.800+0000] {logging_mixin.py:190} INFO - [2025-06-17T05:01:26.800+0000] {dag.py:3239} INFO - Sync 3 DAGs
[2025-06-17T05:01:26.812+0000] {logging_mixin.py:190} INFO - [2025-06-17T05:01:26.811+0000] {dag.py:3262} INFO - Creating ORM DAG for dataset_with_extra_from_classic_operator
[2025-06-17T05:01:26.814+0000] {logging_mixin.py:190} INFO - [2025-06-17T05:01:26.814+0000] {dag.py:3262} INFO - Creating ORM DAG for dataset_with_extra_by_yield
[2025-06-17T05:01:26.815+0000] {logging_mixin.py:190} INFO - [2025-06-17T05:01:26.815+0000] {dag.py:3262} INFO - Creating ORM DAG for dataset_with_extra_by_context
[2025-06-17T05:01:26.825+0000] {logging_mixin.py:190} INFO - [2025-06-17T05:01:26.825+0000] {dag.py:4180} INFO - Setting next_dagrun for dataset_with_extra_by_context to 2025-06-16 00:00:00+00:00, run_after=2025-06-17 00:00:00+00:00
[2025-06-17T05:01:26.827+0000] {logging_mixin.py:190} INFO - [2025-06-17T05:01:26.827+0000] {dag.py:4180} INFO - Setting next_dagrun for dataset_with_extra_by_yield to 2025-06-16 00:00:00+00:00, run_after=2025-06-17 00:00:00+00:00
[2025-06-17T05:01:26.829+0000] {logging_mixin.py:190} INFO - [2025-06-17T05:01:26.829+0000] {dag.py:4180} INFO - Setting next_dagrun for dataset_with_extra_from_classic_operator to 2025-06-16 00:00:00+00:00, run_after=2025-06-17 00:00:00+00:00
[2025-06-17T05:01:26.849+0000] {processor.py:208} INFO - Processing /home/airflow/.local/lib/python3.12/site-packages/airflow/example_dags/example_outlet_event_extra.py took 0.789 seconds
[2025-06-17T05:01:57.646+0000] {processor.py:186} INFO - Started process (PID=140) to work on /home/airflow/.local/lib/python3.12/site-packages/airflow/example_dags/example_outlet_event_extra.py
[2025-06-17T05:01:57.646+0000] {processor.py:914} INFO - Processing file /home/airflow/.local/lib/python3.12/site-packages/airflow/example_dags/example_outlet_event_extra.py for tasks to queue
[2025-06-17T05:01:57.647+0000] {logging_mixin.py:190} INFO - [2025-06-17T05:01:57.647+0000] {dagbag.py:588} INFO - Filling up the DagBag from /home/airflow/.local/lib/python3.12/site-packages/airflow/example_dags/example_outlet_event_extra.py
[2025-06-17T05:01:58.062+0000] {processor.py:925} INFO - DAG(s) 'dataset_with_extra_from_classic_operator', 'dataset_with_extra_by_context', 'dataset_with_extra_by_yield' retrieved from /home/airflow/.local/lib/python3.12/site-packages/airflow/example_dags/example_outlet_event_extra.py
[2025-06-17T05:01:58.078+0000] {logging_mixin.py:190} INFO - [2025-06-17T05:01:58.078+0000] {dag.py:3239} INFO - Sync 3 DAGs
[2025-06-17T05:01:58.095+0000] {logging_mixin.py:190} INFO - [2025-06-17T05:01:58.095+0000] {dag.py:4180} INFO - Setting next_dagrun for dataset_with_extra_by_context to 2025-06-16 00:00:00+00:00, run_after=2025-06-17 00:00:00+00:00
[2025-06-17T05:01:58.099+0000] {logging_mixin.py:190} INFO - [2025-06-17T05:01:58.099+0000] {dag.py:4180} INFO - Setting next_dagrun for dataset_with_extra_by_yield to 2025-06-16 00:00:00+00:00, run_after=2025-06-17 00:00:00+00:00
[2025-06-17T05:01:58.101+0000] {logging_mixin.py:190} INFO - [2025-06-17T05:01:58.101+0000] {dag.py:4180} INFO - Setting next_dagrun for dataset_with_extra_from_classic_operator to 2025-06-16 00:00:00+00:00, run_after=2025-06-17 00:00:00+00:00
[2025-06-17T05:01:58.115+0000] {processor.py:208} INFO - Processing /home/airflow/.local/lib/python3.12/site-packages/airflow/example_dags/example_outlet_event_extra.py took 0.474 seconds
[2025-06-17T05:02:28.572+0000] {processor.py:186} INFO - Started process (PID=203) to work on /home/airflow/.local/lib/python3.12/site-packages/airflow/example_dags/example_outlet_event_extra.py
[2025-06-17T05:02:28.572+0000] {processor.py:914} INFO - Processing file /home/airflow/.local/lib/python3.12/site-packages/airflow/example_dags/example_outlet_event_extra.py for tasks to queue
[2025-06-17T05:02:28.573+0000] {logging_mixin.py:190} INFO - [2025-06-17T05:02:28.573+0000] {dagbag.py:588} INFO - Filling up the DagBag from /home/airflow/.local/lib/python3.12/site-packages/airflow/example_dags/example_outlet_event_extra.py
[2025-06-17T05:02:29.003+0000] {processor.py:925} INFO - DAG(s) 'dataset_with_extra_from_classic_operator', 'dataset_with_extra_by_context', 'dataset_with_extra_by_yield' retrieved from /home/airflow/.local/lib/python3.12/site-packages/airflow/example_dags/example_outlet_event_extra.py
[2025-06-17T05:02:29.020+0000] {logging_mixin.py:190} INFO - [2025-06-17T05:02:29.020+0000] {dag.py:3239} INFO - Sync 3 DAGs
[2025-06-17T05:02:29.037+0000] {logging_mixin.py:190} INFO - [2025-06-17T05:02:29.037+0000] {dag.py:4180} INFO - Setting next_dagrun for dataset_with_extra_by_context to 2025-06-16 00:00:00+00:00, run_after=2025-06-17 00:00:00+00:00
[2025-06-17T05:02:29.041+0000] {logging_mixin.py:190} INFO - [2025-06-17T05:02:29.041+0000] {dag.py:4180} INFO - Setting next_dagrun for dataset_with_extra_by_yield to 2025-06-16 00:00:00+00:00, run_after=2025-06-17 00:00:00+00:00
[2025-06-17T05:02:29.043+0000] {logging_mixin.py:190} INFO - [2025-06-17T05:02:29.043+0000] {dag.py:4180} INFO - Setting next_dagrun for dataset_with_extra_from_classic_operator to 2025-06-16 00:00:00+00:00, run_after=2025-06-17 00:00:00+00:00
[2025-06-17T05:02:29.059+0000] {processor.py:208} INFO - Processing /home/airflow/.local/lib/python3.12/site-packages/airflow/example_dags/example_outlet_event_extra.py took 0.492 seconds
[2025-06-17T05:06:05.467+0000] {processor.py:186} INFO - Started process (PID=71) to work on /home/airflow/.local/lib/python3.12/site-packages/airflow/example_dags/example_outlet_event_extra.py
[2025-06-17T05:06:05.467+0000] {processor.py:914} INFO - Processing file /home/airflow/.local/lib/python3.12/site-packages/airflow/example_dags/example_outlet_event_extra.py for tasks to queue
[2025-06-17T05:06:05.468+0000] {logging_mixin.py:190} INFO - [2025-06-17T05:06:05.468+0000] {dagbag.py:588} INFO - Filling up the DagBag from /home/airflow/.local/lib/python3.12/site-packages/airflow/example_dags/example_outlet_event_extra.py
[2025-06-17T05:06:05.912+0000] {processor.py:925} INFO - DAG(s) 'dataset_with_extra_by_yield', 'dataset_with_extra_by_context', 'dataset_with_extra_from_classic_operator' retrieved from /home/airflow/.local/lib/python3.12/site-packages/airflow/example_dags/example_outlet_event_extra.py
[2025-06-17T05:06:05.937+0000] {logging_mixin.py:190} INFO - [2025-06-17T05:06:05.937+0000] {dag.py:3239} INFO - Sync 3 DAGs
[2025-06-17T05:06:05.954+0000] {logging_mixin.py:190} INFO - [2025-06-17T05:06:05.954+0000] {dag.py:4180} INFO - Setting next_dagrun for dataset_with_extra_by_context to 2025-06-16 00:00:00+00:00, run_after=2025-06-17 00:00:00+00:00
[2025-06-17T05:06:05.958+0000] {logging_mixin.py:190} INFO - [2025-06-17T05:06:05.958+0000] {dag.py:4180} INFO - Setting next_dagrun for dataset_with_extra_by_yield to 2025-06-16 00:00:00+00:00, run_after=2025-06-17 00:00:00+00:00
[2025-06-17T05:06:05.960+0000] {logging_mixin.py:190} INFO - [2025-06-17T05:06:05.960+0000] {dag.py:4180} INFO - Setting next_dagrun for dataset_with_extra_from_classic_operator to 2025-06-16 00:00:00+00:00, run_after=2025-06-17 00:00:00+00:00
[2025-06-17T05:06:05.979+0000] {processor.py:208} INFO - Processing /home/airflow/.local/lib/python3.12/site-packages/airflow/example_dags/example_outlet_event_extra.py took 0.517 seconds
[2025-06-17T05:06:36.809+0000] {processor.py:186} INFO - Started process (PID=140) to work on /home/airflow/.local/lib/python3.12/site-packages/airflow/example_dags/example_outlet_event_extra.py
[2025-06-17T05:06:36.810+0000] {processor.py:914} INFO - Processing file /home/airflow/.local/lib/python3.12/site-packages/airflow/example_dags/example_outlet_event_extra.py for tasks to queue
[2025-06-17T05:06:36.811+0000] {logging_mixin.py:190} INFO - [2025-06-17T05:06:36.810+0000] {dagbag.py:588} INFO - Filling up the DagBag from /home/airflow/.local/lib/python3.12/site-packages/airflow/example_dags/example_outlet_event_extra.py
[2025-06-17T05:06:37.246+0000] {processor.py:925} INFO - DAG(s) 'dataset_with_extra_from_classic_operator', 'dataset_with_extra_by_yield', 'dataset_with_extra_by_context' retrieved from /home/airflow/.local/lib/python3.12/site-packages/airflow/example_dags/example_outlet_event_extra.py
[2025-06-17T05:06:37.265+0000] {logging_mixin.py:190} INFO - [2025-06-17T05:06:37.265+0000] {dag.py:3239} INFO - Sync 3 DAGs
[2025-06-17T05:06:37.281+0000] {logging_mixin.py:190} INFO - [2025-06-17T05:06:37.281+0000] {dag.py:4180} INFO - Setting next_dagrun for dataset_with_extra_by_context to 2025-06-16 00:00:00+00:00, run_after=2025-06-17 00:00:00+00:00
[2025-06-17T05:06:37.285+0000] {logging_mixin.py:190} INFO - [2025-06-17T05:06:37.285+0000] {dag.py:4180} INFO - Setting next_dagrun for dataset_with_extra_by_yield to 2025-06-16 00:00:00+00:00, run_after=2025-06-17 00:00:00+00:00
[2025-06-17T05:06:37.288+0000] {logging_mixin.py:190} INFO - [2025-06-17T05:06:37.287+0000] {dag.py:4180} INFO - Setting next_dagrun for dataset_with_extra_from_classic_operator to 2025-06-16 00:00:00+00:00, run_after=2025-06-17 00:00:00+00:00
[2025-06-17T05:06:37.307+0000] {processor.py:208} INFO - Processing /home/airflow/.local/lib/python3.12/site-packages/airflow/example_dags/example_outlet_event_extra.py took 0.502 seconds
[2025-06-17T05:08:59.497+0000] {processor.py:186} INFO - Started process (PID=75) to work on /home/airflow/.local/lib/python3.12/site-packages/airflow/example_dags/example_outlet_event_extra.py
[2025-06-17T05:08:59.498+0000] {processor.py:914} INFO - Processing file /home/airflow/.local/lib/python3.12/site-packages/airflow/example_dags/example_outlet_event_extra.py for tasks to queue
[2025-06-17T05:08:59.499+0000] {logging_mixin.py:190} INFO - [2025-06-17T05:08:59.499+0000] {dagbag.py:588} INFO - Filling up the DagBag from /home/airflow/.local/lib/python3.12/site-packages/airflow/example_dags/example_outlet_event_extra.py
[2025-06-17T05:08:59.961+0000] {processor.py:925} INFO - DAG(s) 'dataset_with_extra_by_context', 'dataset_with_extra_by_yield', 'dataset_with_extra_from_classic_operator' retrieved from /home/airflow/.local/lib/python3.12/site-packages/airflow/example_dags/example_outlet_event_extra.py
[2025-06-17T05:08:59.982+0000] {logging_mixin.py:190} INFO - [2025-06-17T05:08:59.981+0000] {dag.py:3239} INFO - Sync 3 DAGs
[2025-06-17T05:08:59.999+0000] {logging_mixin.py:190} INFO - [2025-06-17T05:08:59.999+0000] {dag.py:4180} INFO - Setting next_dagrun for dataset_with_extra_by_context to 2025-06-16 00:00:00+00:00, run_after=2025-06-17 00:00:00+00:00
[2025-06-17T05:09:00.003+0000] {logging_mixin.py:190} INFO - [2025-06-17T05:09:00.003+0000] {dag.py:4180} INFO - Setting next_dagrun for dataset_with_extra_by_yield to 2025-06-16 00:00:00+00:00, run_after=2025-06-17 00:00:00+00:00
[2025-06-17T05:09:00.005+0000] {logging_mixin.py:190} INFO - [2025-06-17T05:09:00.005+0000] {dag.py:4180} INFO - Setting next_dagrun for dataset_with_extra_from_classic_operator to 2025-06-16 00:00:00+00:00, run_after=2025-06-17 00:00:00+00:00
[2025-06-17T05:09:00.024+0000] {processor.py:208} INFO - Processing /home/airflow/.local/lib/python3.12/site-packages/airflow/example_dags/example_outlet_event_extra.py took 0.532 seconds
[2025-06-17T05:09:30.577+0000] {processor.py:186} INFO - Started process (PID=139) to work on /home/airflow/.local/lib/python3.12/site-packages/airflow/example_dags/example_outlet_event_extra.py
[2025-06-17T05:09:30.578+0000] {processor.py:914} INFO - Processing file /home/airflow/.local/lib/python3.12/site-packages/airflow/example_dags/example_outlet_event_extra.py for tasks to queue
[2025-06-17T05:09:30.579+0000] {logging_mixin.py:190} INFO - [2025-06-17T05:09:30.579+0000] {dagbag.py:588} INFO - Filling up the DagBag from /home/airflow/.local/lib/python3.12/site-packages/airflow/example_dags/example_outlet_event_extra.py
[2025-06-17T05:09:31.002+0000] {processor.py:925} INFO - DAG(s) 'dataset_with_extra_by_yield', 'dataset_with_extra_from_classic_operator', 'dataset_with_extra_by_context' retrieved from /home/airflow/.local/lib/python3.12/site-packages/airflow/example_dags/example_outlet_event_extra.py
[2025-06-17T05:09:31.021+0000] {logging_mixin.py:190} INFO - [2025-06-17T05:09:31.021+0000] {dag.py:3239} INFO - Sync 3 DAGs
[2025-06-17T05:09:31.040+0000] {logging_mixin.py:190} INFO - [2025-06-17T05:09:31.040+0000] {dag.py:4180} INFO - Setting next_dagrun for dataset_with_extra_by_context to 2025-06-16 00:00:00+00:00, run_after=2025-06-17 00:00:00+00:00
[2025-06-17T05:09:31.045+0000] {logging_mixin.py:190} INFO - [2025-06-17T05:09:31.044+0000] {dag.py:4180} INFO - Setting next_dagrun for dataset_with_extra_by_yield to 2025-06-16 00:00:00+00:00, run_after=2025-06-17 00:00:00+00:00
[2025-06-17T05:09:31.047+0000] {logging_mixin.py:190} INFO - [2025-06-17T05:09:31.047+0000] {dag.py:4180} INFO - Setting next_dagrun for dataset_with_extra_from_classic_operator to 2025-06-16 00:00:00+00:00, run_after=2025-06-17 00:00:00+00:00
[2025-06-17T05:09:31.064+0000] {processor.py:208} INFO - Processing /home/airflow/.local/lib/python3.12/site-packages/airflow/example_dags/example_outlet_event_extra.py took 0.492 seconds
[2025-06-17T05:10:01.441+0000] {processor.py:186} INFO - Started process (PID=205) to work on /home/airflow/.local/lib/python3.12/site-packages/airflow/example_dags/example_outlet_event_extra.py
[2025-06-17T05:10:01.442+0000] {processor.py:914} INFO - Processing file /home/airflow/.local/lib/python3.12/site-packages/airflow/example_dags/example_outlet_event_extra.py for tasks to queue
[2025-06-17T05:10:01.443+0000] {logging_mixin.py:190} INFO - [2025-06-17T05:10:01.443+0000] {dagbag.py:588} INFO - Filling up the DagBag from /home/airflow/.local/lib/python3.12/site-packages/airflow/example_dags/example_outlet_event_extra.py
[2025-06-17T05:10:01.879+0000] {processor.py:925} INFO - DAG(s) 'dataset_with_extra_from_classic_operator', 'dataset_with_extra_by_context', 'dataset_with_extra_by_yield' retrieved from /home/airflow/.local/lib/python3.12/site-packages/airflow/example_dags/example_outlet_event_extra.py
[2025-06-17T05:10:01.899+0000] {logging_mixin.py:190} INFO - [2025-06-17T05:10:01.898+0000] {dag.py:3239} INFO - Sync 3 DAGs
[2025-06-17T05:10:01.920+0000] {logging_mixin.py:190} INFO - [2025-06-17T05:10:01.920+0000] {dag.py:4180} INFO - Setting next_dagrun for dataset_with_extra_by_context to 2025-06-16 00:00:00+00:00, run_after=2025-06-17 00:00:00+00:00
[2025-06-17T05:10:01.924+0000] {logging_mixin.py:190} INFO - [2025-06-17T05:10:01.924+0000] {dag.py:4180} INFO - Setting next_dagrun for dataset_with_extra_by_yield to 2025-06-16 00:00:00+00:00, run_after=2025-06-17 00:00:00+00:00
[2025-06-17T05:10:01.926+0000] {logging_mixin.py:190} INFO - [2025-06-17T05:10:01.926+0000] {dag.py:4180} INFO - Setting next_dagrun for dataset_with_extra_from_classic_operator to 2025-06-16 00:00:00+00:00, run_after=2025-06-17 00:00:00+00:00
[2025-06-17T05:10:01.945+0000] {processor.py:208} INFO - Processing /home/airflow/.local/lib/python3.12/site-packages/airflow/example_dags/example_outlet_event_extra.py took 0.508 seconds
[2025-06-17T05:10:32.597+0000] {processor.py:186} INFO - Started process (PID=269) to work on /home/airflow/.local/lib/python3.12/site-packages/airflow/example_dags/example_outlet_event_extra.py
[2025-06-17T05:10:32.598+0000] {processor.py:914} INFO - Processing file /home/airflow/.local/lib/python3.12/site-packages/airflow/example_dags/example_outlet_event_extra.py for tasks to queue
[2025-06-17T05:10:32.599+0000] {logging_mixin.py:190} INFO - [2025-06-17T05:10:32.599+0000] {dagbag.py:588} INFO - Filling up the DagBag from /home/airflow/.local/lib/python3.12/site-packages/airflow/example_dags/example_outlet_event_extra.py
[2025-06-17T05:10:32.976+0000] {processor.py:925} INFO - DAG(s) 'dataset_with_extra_from_classic_operator', 'dataset_with_extra_by_context', 'dataset_with_extra_by_yield' retrieved from /home/airflow/.local/lib/python3.12/site-packages/airflow/example_dags/example_outlet_event_extra.py
[2025-06-17T05:10:32.995+0000] {logging_mixin.py:190} INFO - [2025-06-17T05:10:32.994+0000] {dag.py:3239} INFO - Sync 3 DAGs
[2025-06-17T05:10:33.015+0000] {logging_mixin.py:190} INFO - [2025-06-17T05:10:33.015+0000] {dag.py:4180} INFO - Setting next_dagrun for dataset_with_extra_by_context to 2025-06-16 00:00:00+00:00, run_after=2025-06-17 00:00:00+00:00
[2025-06-17T05:10:33.019+0000] {logging_mixin.py:190} INFO - [2025-06-17T05:10:33.019+0000] {dag.py:4180} INFO - Setting next_dagrun for dataset_with_extra_by_yield to 2025-06-16 00:00:00+00:00, run_after=2025-06-17 00:00:00+00:00
[2025-06-17T05:10:33.021+0000] {logging_mixin.py:190} INFO - [2025-06-17T05:10:33.021+0000] {dag.py:4180} INFO - Setting next_dagrun for dataset_with_extra_from_classic_operator to 2025-06-16 00:00:00+00:00, run_after=2025-06-17 00:00:00+00:00
[2025-06-17T05:10:33.036+0000] {processor.py:208} INFO - Processing /home/airflow/.local/lib/python3.12/site-packages/airflow/example_dags/example_outlet_event_extra.py took 0.444 seconds
[2025-06-17T05:11:03.963+0000] {processor.py:186} INFO - Started process (PID=332) to work on /home/airflow/.local/lib/python3.12/site-packages/airflow/example_dags/example_outlet_event_extra.py
[2025-06-17T05:11:03.964+0000] {processor.py:914} INFO - Processing file /home/airflow/.local/lib/python3.12/site-packages/airflow/example_dags/example_outlet_event_extra.py for tasks to queue
[2025-06-17T05:11:03.965+0000] {logging_mixin.py:190} INFO - [2025-06-17T05:11:03.964+0000] {dagbag.py:588} INFO - Filling up the DagBag from /home/airflow/.local/lib/python3.12/site-packages/airflow/example_dags/example_outlet_event_extra.py
[2025-06-17T05:11:04.420+0000] {processor.py:925} INFO - DAG(s) 'dataset_with_extra_by_yield', 'dataset_with_extra_from_classic_operator', 'dataset_with_extra_by_context' retrieved from /home/airflow/.local/lib/python3.12/site-packages/airflow/example_dags/example_outlet_event_extra.py
[2025-06-17T05:11:04.439+0000] {logging_mixin.py:190} INFO - [2025-06-17T05:11:04.439+0000] {dag.py:3239} INFO - Sync 3 DAGs
[2025-06-17T05:11:04.458+0000] {logging_mixin.py:190} INFO - [2025-06-17T05:11:04.457+0000] {dag.py:4180} INFO - Setting next_dagrun for dataset_with_extra_by_context to 2025-06-16 00:00:00+00:00, run_after=2025-06-17 00:00:00+00:00
[2025-06-17T05:11:04.462+0000] {logging_mixin.py:190} INFO - [2025-06-17T05:11:04.461+0000] {dag.py:4180} INFO - Setting next_dagrun for dataset_with_extra_by_yield to 2025-06-16 00:00:00+00:00, run_after=2025-06-17 00:00:00+00:00
[2025-06-17T05:11:04.464+0000] {logging_mixin.py:190} INFO - [2025-06-17T05:11:04.464+0000] {dag.py:4180} INFO - Setting next_dagrun for dataset_with_extra_from_classic_operator to 2025-06-16 00:00:00+00:00, run_after=2025-06-17 00:00:00+00:00
[2025-06-17T05:11:04.481+0000] {processor.py:208} INFO - Processing /home/airflow/.local/lib/python3.12/site-packages/airflow/example_dags/example_outlet_event_extra.py took 0.524 seconds
[2025-06-17T05:11:34.960+0000] {processor.py:186} INFO - Started process (PID=399) to work on /home/airflow/.local/lib/python3.12/site-packages/airflow/example_dags/example_outlet_event_extra.py
[2025-06-17T05:11:34.960+0000] {processor.py:914} INFO - Processing file /home/airflow/.local/lib/python3.12/site-packages/airflow/example_dags/example_outlet_event_extra.py for tasks to queue
[2025-06-17T05:11:34.962+0000] {logging_mixin.py:190} INFO - [2025-06-17T05:11:34.961+0000] {dagbag.py:588} INFO - Filling up the DagBag from /home/airflow/.local/lib/python3.12/site-packages/airflow/example_dags/example_outlet_event_extra.py
[2025-06-17T05:11:35.401+0000] {processor.py:925} INFO - DAG(s) 'dataset_with_extra_from_classic_operator', 'dataset_with_extra_by_context', 'dataset_with_extra_by_yield' retrieved from /home/airflow/.local/lib/python3.12/site-packages/airflow/example_dags/example_outlet_event_extra.py
[2025-06-17T05:11:35.416+0000] {logging_mixin.py:190} INFO - [2025-06-17T05:11:35.416+0000] {dag.py:3239} INFO - Sync 3 DAGs
[2025-06-17T05:11:35.432+0000] {logging_mixin.py:190} INFO - [2025-06-17T05:11:35.432+0000] {dag.py:4180} INFO - Setting next_dagrun for dataset_with_extra_by_context to 2025-06-16 00:00:00+00:00, run_after=2025-06-17 00:00:00+00:00
[2025-06-17T05:11:35.435+0000] {logging_mixin.py:190} INFO - [2025-06-17T05:11:35.435+0000] {dag.py:4180} INFO - Setting next_dagrun for dataset_with_extra_by_yield to 2025-06-16 00:00:00+00:00, run_after=2025-06-17 00:00:00+00:00
[2025-06-17T05:11:35.437+0000] {logging_mixin.py:190} INFO - [2025-06-17T05:11:35.437+0000] {dag.py:4180} INFO - Setting next_dagrun for dataset_with_extra_from_classic_operator to 2025-06-16 00:00:00+00:00, run_after=2025-06-17 00:00:00+00:00
[2025-06-17T05:11:35.452+0000] {processor.py:208} INFO - Processing /home/airflow/.local/lib/python3.12/site-packages/airflow/example_dags/example_outlet_event_extra.py took 0.497 seconds
[2025-06-17T05:12:05.572+0000] {processor.py:186} INFO - Started process (PID=458) to work on /home/airflow/.local/lib/python3.12/site-packages/airflow/example_dags/example_outlet_event_extra.py
[2025-06-17T05:12:05.572+0000] {processor.py:914} INFO - Processing file /home/airflow/.local/lib/python3.12/site-packages/airflow/example_dags/example_outlet_event_extra.py for tasks to queue
[2025-06-17T05:12:05.573+0000] {logging_mixin.py:190} INFO - [2025-06-17T05:12:05.573+0000] {dagbag.py:588} INFO - Filling up the DagBag from /home/airflow/.local/lib/python3.12/site-packages/airflow/example_dags/example_outlet_event_extra.py
[2025-06-17T05:12:06.038+0000] {processor.py:925} INFO - DAG(s) 'dataset_with_extra_by_context', 'dataset_with_extra_by_yield', 'dataset_with_extra_from_classic_operator' retrieved from /home/airflow/.local/lib/python3.12/site-packages/airflow/example_dags/example_outlet_event_extra.py
[2025-06-17T05:12:06.055+0000] {logging_mixin.py:190} INFO - [2025-06-17T05:12:06.055+0000] {dag.py:3239} INFO - Sync 3 DAGs
[2025-06-17T05:12:06.075+0000] {logging_mixin.py:190} INFO - [2025-06-17T05:12:06.075+0000] {dag.py:4180} INFO - Setting next_dagrun for dataset_with_extra_by_context to 2025-06-16 00:00:00+00:00, run_after=2025-06-17 00:00:00+00:00
[2025-06-17T05:12:06.080+0000] {logging_mixin.py:190} INFO - [2025-06-17T05:12:06.079+0000] {dag.py:4180} INFO - Setting next_dagrun for dataset_with_extra_by_yield to 2025-06-16 00:00:00+00:00, run_after=2025-06-17 00:00:00+00:00
[2025-06-17T05:12:06.082+0000] {logging_mixin.py:190} INFO - [2025-06-17T05:12:06.082+0000] {dag.py:4180} INFO - Setting next_dagrun for dataset_with_extra_from_classic_operator to 2025-06-16 00:00:00+00:00, run_after=2025-06-17 00:00:00+00:00
[2025-06-17T05:12:06.101+0000] {processor.py:208} INFO - Processing /home/airflow/.local/lib/python3.12/site-packages/airflow/example_dags/example_outlet_event_extra.py took 0.534 seconds
[2025-06-17T05:12:36.344+0000] {processor.py:186} INFO - Started process (PID=524) to work on /home/airflow/.local/lib/python3.12/site-packages/airflow/example_dags/example_outlet_event_extra.py
[2025-06-17T05:12:36.344+0000] {processor.py:914} INFO - Processing file /home/airflow/.local/lib/python3.12/site-packages/airflow/example_dags/example_outlet_event_extra.py for tasks to queue
[2025-06-17T05:12:36.345+0000] {logging_mixin.py:190} INFO - [2025-06-17T05:12:36.345+0000] {dagbag.py:588} INFO - Filling up the DagBag from /home/airflow/.local/lib/python3.12/site-packages/airflow/example_dags/example_outlet_event_extra.py
[2025-06-17T05:12:36.735+0000] {processor.py:925} INFO - DAG(s) 'dataset_with_extra_by_yield', 'dataset_with_extra_by_context', 'dataset_with_extra_from_classic_operator' retrieved from /home/airflow/.local/lib/python3.12/site-packages/airflow/example_dags/example_outlet_event_extra.py
[2025-06-17T05:12:36.751+0000] {logging_mixin.py:190} INFO - [2025-06-17T05:12:36.751+0000] {dag.py:3239} INFO - Sync 3 DAGs
[2025-06-17T05:12:36.771+0000] {logging_mixin.py:190} INFO - [2025-06-17T05:12:36.771+0000] {dag.py:4180} INFO - Setting next_dagrun for dataset_with_extra_by_context to 2025-06-16 00:00:00+00:00, run_after=2025-06-17 00:00:00+00:00
[2025-06-17T05:12:36.776+0000] {logging_mixin.py:190} INFO - [2025-06-17T05:12:36.776+0000] {dag.py:4180} INFO - Setting next_dagrun for dataset_with_extra_by_yield to 2025-06-16 00:00:00+00:00, run_after=2025-06-17 00:00:00+00:00
[2025-06-17T05:12:36.778+0000] {logging_mixin.py:190} INFO - [2025-06-17T05:12:36.778+0000] {dag.py:4180} INFO - Setting next_dagrun for dataset_with_extra_from_classic_operator to 2025-06-16 00:00:00+00:00, run_after=2025-06-17 00:00:00+00:00
[2025-06-17T05:12:36.793+0000] {processor.py:208} INFO - Processing /home/airflow/.local/lib/python3.12/site-packages/airflow/example_dags/example_outlet_event_extra.py took 0.454 seconds
[2025-06-17T05:13:07.058+0000] {processor.py:186} INFO - Started process (PID=587) to work on /home/airflow/.local/lib/python3.12/site-packages/airflow/example_dags/example_outlet_event_extra.py
[2025-06-17T05:13:07.059+0000] {processor.py:914} INFO - Processing file /home/airflow/.local/lib/python3.12/site-packages/airflow/example_dags/example_outlet_event_extra.py for tasks to queue
[2025-06-17T05:13:07.060+0000] {logging_mixin.py:190} INFO - [2025-06-17T05:13:07.060+0000] {dagbag.py:588} INFO - Filling up the DagBag from /home/airflow/.local/lib/python3.12/site-packages/airflow/example_dags/example_outlet_event_extra.py
[2025-06-17T05:13:07.469+0000] {processor.py:925} INFO - DAG(s) 'dataset_with_extra_from_classic_operator', 'dataset_with_extra_by_yield', 'dataset_with_extra_by_context' retrieved from /home/airflow/.local/lib/python3.12/site-packages/airflow/example_dags/example_outlet_event_extra.py
[2025-06-17T05:13:07.487+0000] {logging_mixin.py:190} INFO - [2025-06-17T05:13:07.487+0000] {dag.py:3239} INFO - Sync 3 DAGs
[2025-06-17T05:13:07.512+0000] {logging_mixin.py:190} INFO - [2025-06-17T05:13:07.511+0000] {dag.py:4180} INFO - Setting next_dagrun for dataset_with_extra_by_context to 2025-06-16 00:00:00+00:00, run_after=2025-06-17 00:00:00+00:00
[2025-06-17T05:13:07.518+0000] {logging_mixin.py:190} INFO - [2025-06-17T05:13:07.518+0000] {dag.py:4180} INFO - Setting next_dagrun for dataset_with_extra_by_yield to 2025-06-16 00:00:00+00:00, run_after=2025-06-17 00:00:00+00:00
[2025-06-17T05:13:07.522+0000] {logging_mixin.py:190} INFO - [2025-06-17T05:13:07.522+0000] {dag.py:4180} INFO - Setting next_dagrun for dataset_with_extra_from_classic_operator to 2025-06-16 00:00:00+00:00, run_after=2025-06-17 00:00:00+00:00
[2025-06-17T05:13:07.542+0000] {processor.py:208} INFO - Processing /home/airflow/.local/lib/python3.12/site-packages/airflow/example_dags/example_outlet_event_extra.py took 0.488 seconds
[2025-06-17T05:13:37.768+0000] {processor.py:186} INFO - Started process (PID=654) to work on /home/airflow/.local/lib/python3.12/site-packages/airflow/example_dags/example_outlet_event_extra.py
[2025-06-17T05:13:37.769+0000] {processor.py:914} INFO - Processing file /home/airflow/.local/lib/python3.12/site-packages/airflow/example_dags/example_outlet_event_extra.py for tasks to queue
[2025-06-17T05:13:37.770+0000] {logging_mixin.py:190} INFO - [2025-06-17T05:13:37.770+0000] {dagbag.py:588} INFO - Filling up the DagBag from /home/airflow/.local/lib/python3.12/site-packages/airflow/example_dags/example_outlet_event_extra.py
[2025-06-17T05:13:38.189+0000] {processor.py:925} INFO - DAG(s) 'dataset_with_extra_from_classic_operator', 'dataset_with_extra_by_context', 'dataset_with_extra_by_yield' retrieved from /home/airflow/.local/lib/python3.12/site-packages/airflow/example_dags/example_outlet_event_extra.py
[2025-06-17T05:13:38.214+0000] {logging_mixin.py:190} INFO - [2025-06-17T05:13:38.213+0000] {dag.py:3239} INFO - Sync 3 DAGs
[2025-06-17T05:13:38.239+0000] {logging_mixin.py:190} INFO - [2025-06-17T05:13:38.239+0000] {dag.py:4180} INFO - Setting next_dagrun for dataset_with_extra_by_context to 2025-06-16 00:00:00+00:00, run_after=2025-06-17 00:00:00+00:00
[2025-06-17T05:13:38.244+0000] {logging_mixin.py:190} INFO - [2025-06-17T05:13:38.244+0000] {dag.py:4180} INFO - Setting next_dagrun for dataset_with_extra_by_yield to 2025-06-16 00:00:00+00:00, run_after=2025-06-17 00:00:00+00:00
[2025-06-17T05:13:38.247+0000] {logging_mixin.py:190} INFO - [2025-06-17T05:13:38.247+0000] {dag.py:4180} INFO - Setting next_dagrun for dataset_with_extra_from_classic_operator to 2025-06-16 00:00:00+00:00, run_after=2025-06-17 00:00:00+00:00
[2025-06-17T05:13:38.266+0000] {processor.py:208} INFO - Processing /home/airflow/.local/lib/python3.12/site-packages/airflow/example_dags/example_outlet_event_extra.py took 0.502 seconds
[2025-06-17T05:14:08.705+0000] {processor.py:186} INFO - Started process (PID=720) to work on /home/airflow/.local/lib/python3.12/site-packages/airflow/example_dags/example_outlet_event_extra.py
[2025-06-17T05:14:08.706+0000] {processor.py:914} INFO - Processing file /home/airflow/.local/lib/python3.12/site-packages/airflow/example_dags/example_outlet_event_extra.py for tasks to queue
[2025-06-17T05:14:08.707+0000] {logging_mixin.py:190} INFO - [2025-06-17T05:14:08.707+0000] {dagbag.py:588} INFO - Filling up the DagBag from /home/airflow/.local/lib/python3.12/site-packages/airflow/example_dags/example_outlet_event_extra.py
[2025-06-17T05:14:09.186+0000] {processor.py:925} INFO - DAG(s) 'dataset_with_extra_by_yield', 'dataset_with_extra_from_classic_operator', 'dataset_with_extra_by_context' retrieved from /home/airflow/.local/lib/python3.12/site-packages/airflow/example_dags/example_outlet_event_extra.py
[2025-06-17T05:14:09.209+0000] {logging_mixin.py:190} INFO - [2025-06-17T05:14:09.209+0000] {dag.py:3239} INFO - Sync 3 DAGs
[2025-06-17T05:14:09.229+0000] {logging_mixin.py:190} INFO - [2025-06-17T05:14:09.229+0000] {dag.py:4180} INFO - Setting next_dagrun for dataset_with_extra_by_context to 2025-06-16 00:00:00+00:00, run_after=2025-06-17 00:00:00+00:00
[2025-06-17T05:14:09.233+0000] {logging_mixin.py:190} INFO - [2025-06-17T05:14:09.233+0000] {dag.py:4180} INFO - Setting next_dagrun for dataset_with_extra_by_yield to 2025-06-16 00:00:00+00:00, run_after=2025-06-17 00:00:00+00:00
[2025-06-17T05:14:09.235+0000] {logging_mixin.py:190} INFO - [2025-06-17T05:14:09.235+0000] {dag.py:4180} INFO - Setting next_dagrun for dataset_with_extra_from_classic_operator to 2025-06-16 00:00:00+00:00, run_after=2025-06-17 00:00:00+00:00
[2025-06-17T05:14:09.252+0000] {processor.py:208} INFO - Processing /home/airflow/.local/lib/python3.12/site-packages/airflow/example_dags/example_outlet_event_extra.py took 0.551 seconds
[2025-06-17T05:17:45.816+0000] {processor.py:186} INFO - Started process (PID=70) to work on /home/airflow/.local/lib/python3.12/site-packages/airflow/example_dags/example_outlet_event_extra.py
[2025-06-17T05:17:45.817+0000] {processor.py:914} INFO - Processing file /home/airflow/.local/lib/python3.12/site-packages/airflow/example_dags/example_outlet_event_extra.py for tasks to queue
[2025-06-17T05:17:45.818+0000] {logging_mixin.py:190} INFO - [2025-06-17T05:17:45.818+0000] {dagbag.py:588} INFO - Filling up the DagBag from /home/airflow/.local/lib/python3.12/site-packages/airflow/example_dags/example_outlet_event_extra.py
[2025-06-17T05:17:46.317+0000] {processor.py:925} INFO - DAG(s) 'dataset_with_extra_from_classic_operator', 'dataset_with_extra_by_yield', 'dataset_with_extra_by_context' retrieved from /home/airflow/.local/lib/python3.12/site-packages/airflow/example_dags/example_outlet_event_extra.py
[2025-06-17T05:17:46.405+0000] {logging_mixin.py:190} INFO - [2025-06-17T05:17:46.404+0000] {override.py:1912} INFO - Created Permission View: can read on DAG:dataset_with_extra_from_classic_operator
[2025-06-17T05:17:46.415+0000] {logging_mixin.py:190} INFO - [2025-06-17T05:17:46.415+0000] {override.py:1912} INFO - Created Permission View: can delete on DAG:dataset_with_extra_from_classic_operator
[2025-06-17T05:17:46.422+0000] {logging_mixin.py:190} INFO - [2025-06-17T05:17:46.422+0000] {override.py:1912} INFO - Created Permission View: can edit on DAG:dataset_with_extra_from_classic_operator
[2025-06-17T05:17:46.434+0000] {logging_mixin.py:190} INFO - [2025-06-17T05:17:46.434+0000] {override.py:1912} INFO - Created Permission View: can read on DAG Run:dataset_with_extra_from_classic_operator
[2025-06-17T05:17:46.441+0000] {logging_mixin.py:190} INFO - [2025-06-17T05:17:46.440+0000] {override.py:1912} INFO - Created Permission View: can delete on DAG Run:dataset_with_extra_from_classic_operator
[2025-06-17T05:17:46.447+0000] {logging_mixin.py:190} INFO - [2025-06-17T05:17:46.447+0000] {override.py:1912} INFO - Created Permission View: menu access on DAG Run:dataset_with_extra_from_classic_operator
[2025-06-17T05:17:46.452+0000] {logging_mixin.py:190} INFO - [2025-06-17T05:17:46.452+0000] {override.py:1912} INFO - Created Permission View: can create on DAG Run:dataset_with_extra_from_classic_operator
[2025-06-17T05:17:46.464+0000] {logging_mixin.py:190} INFO - [2025-06-17T05:17:46.464+0000] {override.py:1912} INFO - Created Permission View: can read on DAG:dataset_with_extra_by_yield
[2025-06-17T05:17:46.472+0000] {logging_mixin.py:190} INFO - [2025-06-17T05:17:46.472+0000] {override.py:1912} INFO - Created Permission View: can delete on DAG:dataset_with_extra_by_yield
[2025-06-17T05:17:46.478+0000] {logging_mixin.py:190} INFO - [2025-06-17T05:17:46.478+0000] {override.py:1912} INFO - Created Permission View: can edit on DAG:dataset_with_extra_by_yield
[2025-06-17T05:17:46.487+0000] {logging_mixin.py:190} INFO - [2025-06-17T05:17:46.487+0000] {override.py:1912} INFO - Created Permission View: can read on DAG Run:dataset_with_extra_by_yield
[2025-06-17T05:17:46.495+0000] {logging_mixin.py:190} INFO - [2025-06-17T05:17:46.494+0000] {override.py:1912} INFO - Created Permission View: can delete on DAG Run:dataset_with_extra_by_yield
[2025-06-17T05:17:46.502+0000] {logging_mixin.py:190} INFO - [2025-06-17T05:17:46.501+0000] {override.py:1912} INFO - Created Permission View: menu access on DAG Run:dataset_with_extra_by_yield
[2025-06-17T05:17:46.509+0000] {logging_mixin.py:190} INFO - [2025-06-17T05:17:46.509+0000] {override.py:1912} INFO - Created Permission View: can create on DAG Run:dataset_with_extra_by_yield
[2025-06-17T05:17:46.523+0000] {logging_mixin.py:190} INFO - [2025-06-17T05:17:46.523+0000] {override.py:1912} INFO - Created Permission View: can read on DAG:dataset_with_extra_by_context
[2025-06-17T05:17:46.529+0000] {logging_mixin.py:190} INFO - [2025-06-17T05:17:46.529+0000] {override.py:1912} INFO - Created Permission View: can delete on DAG:dataset_with_extra_by_context
[2025-06-17T05:17:46.536+0000] {logging_mixin.py:190} INFO - [2025-06-17T05:17:46.536+0000] {override.py:1912} INFO - Created Permission View: can edit on DAG:dataset_with_extra_by_context
[2025-06-17T05:17:46.546+0000] {logging_mixin.py:190} INFO - [2025-06-17T05:17:46.546+0000] {override.py:1912} INFO - Created Permission View: can read on DAG Run:dataset_with_extra_by_context
[2025-06-17T05:17:46.552+0000] {logging_mixin.py:190} INFO - [2025-06-17T05:17:46.552+0000] {override.py:1912} INFO - Created Permission View: can delete on DAG Run:dataset_with_extra_by_context
[2025-06-17T05:17:46.558+0000] {logging_mixin.py:190} INFO - [2025-06-17T05:17:46.558+0000] {override.py:1912} INFO - Created Permission View: menu access on DAG Run:dataset_with_extra_by_context
[2025-06-17T05:17:46.565+0000] {logging_mixin.py:190} INFO - [2025-06-17T05:17:46.565+0000] {override.py:1912} INFO - Created Permission View: can create on DAG Run:dataset_with_extra_by_context
[2025-06-17T05:17:46.565+0000] {logging_mixin.py:190} INFO - [2025-06-17T05:17:46.565+0000] {dag.py:3239} INFO - Sync 3 DAGs
[2025-06-17T05:17:46.575+0000] {logging_mixin.py:190} INFO - [2025-06-17T05:17:46.575+0000] {dag.py:3262} INFO - Creating ORM DAG for dataset_with_extra_from_classic_operator
[2025-06-17T05:17:46.576+0000] {logging_mixin.py:190} INFO - [2025-06-17T05:17:46.576+0000] {dag.py:3262} INFO - Creating ORM DAG for dataset_with_extra_by_context
[2025-06-17T05:17:46.576+0000] {logging_mixin.py:190} INFO - [2025-06-17T05:17:46.576+0000] {dag.py:3262} INFO - Creating ORM DAG for dataset_with_extra_by_yield
[2025-06-17T05:17:46.585+0000] {logging_mixin.py:190} INFO - [2025-06-17T05:17:46.585+0000] {dag.py:4180} INFO - Setting next_dagrun for dataset_with_extra_by_context to 2025-06-16 00:00:00+00:00, run_after=2025-06-17 00:00:00+00:00
[2025-06-17T05:17:46.587+0000] {logging_mixin.py:190} INFO - [2025-06-17T05:17:46.587+0000] {dag.py:4180} INFO - Setting next_dagrun for dataset_with_extra_by_yield to 2025-06-16 00:00:00+00:00, run_after=2025-06-17 00:00:00+00:00
[2025-06-17T05:17:46.589+0000] {logging_mixin.py:190} INFO - [2025-06-17T05:17:46.588+0000] {dag.py:4180} INFO - Setting next_dagrun for dataset_with_extra_from_classic_operator to 2025-06-16 00:00:00+00:00, run_after=2025-06-17 00:00:00+00:00
[2025-06-17T05:17:46.610+0000] {processor.py:208} INFO - Processing /home/airflow/.local/lib/python3.12/site-packages/airflow/example_dags/example_outlet_event_extra.py took 0.800 seconds
[2025-06-17T05:19:13.953+0000] {processor.py:186} INFO - Started process (PID=76) to work on /home/airflow/.local/lib/python3.12/site-packages/airflow/example_dags/example_outlet_event_extra.py
[2025-06-17T05:19:13.954+0000] {processor.py:914} INFO - Processing file /home/airflow/.local/lib/python3.12/site-packages/airflow/example_dags/example_outlet_event_extra.py for tasks to queue
[2025-06-17T05:19:13.955+0000] {logging_mixin.py:190} INFO - [2025-06-17T05:19:13.955+0000] {dagbag.py:588} INFO - Filling up the DagBag from /home/airflow/.local/lib/python3.12/site-packages/airflow/example_dags/example_outlet_event_extra.py
[2025-06-17T05:19:14.441+0000] {processor.py:925} INFO - DAG(s) 'dataset_with_extra_by_context', 'dataset_with_extra_by_yield', 'dataset_with_extra_from_classic_operator' retrieved from /home/airflow/.local/lib/python3.12/site-packages/airflow/example_dags/example_outlet_event_extra.py
[2025-06-17T05:19:14.466+0000] {logging_mixin.py:190} INFO - [2025-06-17T05:19:14.465+0000] {dag.py:3239} INFO - Sync 3 DAGs
[2025-06-17T05:19:14.484+0000] {logging_mixin.py:190} INFO - [2025-06-17T05:19:14.484+0000] {dag.py:4180} INFO - Setting next_dagrun for dataset_with_extra_by_context to 2025-06-16 00:00:00+00:00, run_after=2025-06-17 00:00:00+00:00
[2025-06-17T05:19:14.489+0000] {logging_mixin.py:190} INFO - [2025-06-17T05:19:14.489+0000] {dag.py:4180} INFO - Setting next_dagrun for dataset_with_extra_by_yield to 2025-06-16 00:00:00+00:00, run_after=2025-06-17 00:00:00+00:00
[2025-06-17T05:19:14.491+0000] {logging_mixin.py:190} INFO - [2025-06-17T05:19:14.491+0000] {dag.py:4180} INFO - Setting next_dagrun for dataset_with_extra_from_classic_operator to 2025-06-16 00:00:00+00:00, run_after=2025-06-17 00:00:00+00:00
[2025-06-17T05:19:14.508+0000] {processor.py:208} INFO - Processing /home/airflow/.local/lib/python3.12/site-packages/airflow/example_dags/example_outlet_event_extra.py took 0.559 seconds
[2025-06-17T05:19:44.669+0000] {processor.py:186} INFO - Started process (PID=139) to work on /home/airflow/.local/lib/python3.12/site-packages/airflow/example_dags/example_outlet_event_extra.py
[2025-06-17T05:19:44.670+0000] {processor.py:914} INFO - Processing file /home/airflow/.local/lib/python3.12/site-packages/airflow/example_dags/example_outlet_event_extra.py for tasks to queue
[2025-06-17T05:19:44.671+0000] {logging_mixin.py:190} INFO - [2025-06-17T05:19:44.671+0000] {dagbag.py:588} INFO - Filling up the DagBag from /home/airflow/.local/lib/python3.12/site-packages/airflow/example_dags/example_outlet_event_extra.py
[2025-06-17T05:19:45.075+0000] {processor.py:925} INFO - DAG(s) 'dataset_with_extra_by_yield', 'dataset_with_extra_by_context', 'dataset_with_extra_from_classic_operator' retrieved from /home/airflow/.local/lib/python3.12/site-packages/airflow/example_dags/example_outlet_event_extra.py
[2025-06-17T05:19:45.094+0000] {logging_mixin.py:190} INFO - [2025-06-17T05:19:45.094+0000] {dag.py:3239} INFO - Sync 3 DAGs
[2025-06-17T05:19:45.113+0000] {logging_mixin.py:190} INFO - [2025-06-17T05:19:45.112+0000] {dag.py:4180} INFO - Setting next_dagrun for dataset_with_extra_by_context to 2025-06-16 00:00:00+00:00, run_after=2025-06-17 00:00:00+00:00
[2025-06-17T05:19:45.117+0000] {logging_mixin.py:190} INFO - [2025-06-17T05:19:45.117+0000] {dag.py:4180} INFO - Setting next_dagrun for dataset_with_extra_by_yield to 2025-06-16 00:00:00+00:00, run_after=2025-06-17 00:00:00+00:00
[2025-06-17T05:19:45.120+0000] {logging_mixin.py:190} INFO - [2025-06-17T05:19:45.119+0000] {dag.py:4180} INFO - Setting next_dagrun for dataset_with_extra_from_classic_operator to 2025-06-16 00:00:00+00:00, run_after=2025-06-17 00:00:00+00:00
[2025-06-17T05:19:45.137+0000] {processor.py:208} INFO - Processing /home/airflow/.local/lib/python3.12/site-packages/airflow/example_dags/example_outlet_event_extra.py took 0.473 seconds
[2025-06-17T05:21:33.096+0000] {processor.py:186} INFO - Started process (PID=76) to work on /home/airflow/.local/lib/python3.12/site-packages/airflow/example_dags/example_outlet_event_extra.py
[2025-06-17T05:21:33.097+0000] {processor.py:914} INFO - Processing file /home/airflow/.local/lib/python3.12/site-packages/airflow/example_dags/example_outlet_event_extra.py for tasks to queue
[2025-06-17T05:21:33.099+0000] {logging_mixin.py:190} INFO - [2025-06-17T05:21:33.098+0000] {dagbag.py:588} INFO - Filling up the DagBag from /home/airflow/.local/lib/python3.12/site-packages/airflow/example_dags/example_outlet_event_extra.py
[2025-06-17T05:21:33.565+0000] {processor.py:925} INFO - DAG(s) 'dataset_with_extra_by_context', 'dataset_with_extra_from_classic_operator', 'dataset_with_extra_by_yield' retrieved from /home/airflow/.local/lib/python3.12/site-packages/airflow/example_dags/example_outlet_event_extra.py
[2025-06-17T05:21:33.587+0000] {logging_mixin.py:190} INFO - [2025-06-17T05:21:33.587+0000] {dag.py:3239} INFO - Sync 3 DAGs
[2025-06-17T05:21:33.605+0000] {logging_mixin.py:190} INFO - [2025-06-17T05:21:33.605+0000] {dag.py:4180} INFO - Setting next_dagrun for dataset_with_extra_by_context to 2025-06-16 00:00:00+00:00, run_after=2025-06-17 00:00:00+00:00
[2025-06-17T05:21:33.610+0000] {logging_mixin.py:190} INFO - [2025-06-17T05:21:33.609+0000] {dag.py:4180} INFO - Setting next_dagrun for dataset_with_extra_by_yield to 2025-06-16 00:00:00+00:00, run_after=2025-06-17 00:00:00+00:00
[2025-06-17T05:21:33.612+0000] {logging_mixin.py:190} INFO - [2025-06-17T05:21:33.611+0000] {dag.py:4180} INFO - Setting next_dagrun for dataset_with_extra_from_classic_operator to 2025-06-16 00:00:00+00:00, run_after=2025-06-17 00:00:00+00:00
[2025-06-17T05:21:33.633+0000] {processor.py:208} INFO - Processing /home/airflow/.local/lib/python3.12/site-packages/airflow/example_dags/example_outlet_event_extra.py took 0.543 seconds
[2025-06-17T05:22:04.664+0000] {processor.py:186} INFO - Started process (PID=139) to work on /home/airflow/.local/lib/python3.12/site-packages/airflow/example_dags/example_outlet_event_extra.py
[2025-06-17T05:22:04.665+0000] {processor.py:914} INFO - Processing file /home/airflow/.local/lib/python3.12/site-packages/airflow/example_dags/example_outlet_event_extra.py for tasks to queue
[2025-06-17T05:22:04.666+0000] {logging_mixin.py:190} INFO - [2025-06-17T05:22:04.666+0000] {dagbag.py:588} INFO - Filling up the DagBag from /home/airflow/.local/lib/python3.12/site-packages/airflow/example_dags/example_outlet_event_extra.py
[2025-06-17T05:22:05.140+0000] {processor.py:925} INFO - DAG(s) 'dataset_with_extra_from_classic_operator', 'dataset_with_extra_by_context', 'dataset_with_extra_by_yield' retrieved from /home/airflow/.local/lib/python3.12/site-packages/airflow/example_dags/example_outlet_event_extra.py
[2025-06-17T05:22:05.156+0000] {logging_mixin.py:190} INFO - [2025-06-17T05:22:05.156+0000] {dag.py:3239} INFO - Sync 3 DAGs
[2025-06-17T05:22:05.177+0000] {logging_mixin.py:190} INFO - [2025-06-17T05:22:05.176+0000] {dag.py:4180} INFO - Setting next_dagrun for dataset_with_extra_by_context to 2025-06-16 00:00:00+00:00, run_after=2025-06-17 00:00:00+00:00
[2025-06-17T05:22:05.180+0000] {logging_mixin.py:190} INFO - [2025-06-17T05:22:05.180+0000] {dag.py:4180} INFO - Setting next_dagrun for dataset_with_extra_by_yield to 2025-06-16 00:00:00+00:00, run_after=2025-06-17 00:00:00+00:00
[2025-06-17T05:22:05.182+0000] {logging_mixin.py:190} INFO - [2025-06-17T05:22:05.182+0000] {dag.py:4180} INFO - Setting next_dagrun for dataset_with_extra_from_classic_operator to 2025-06-16 00:00:00+00:00, run_after=2025-06-17 00:00:00+00:00
[2025-06-17T05:22:05.197+0000] {processor.py:208} INFO - Processing /home/airflow/.local/lib/python3.12/site-packages/airflow/example_dags/example_outlet_event_extra.py took 0.539 seconds
[2025-06-17T05:22:35.413+0000] {processor.py:186} INFO - Started process (PID=202) to work on /home/airflow/.local/lib/python3.12/site-packages/airflow/example_dags/example_outlet_event_extra.py
[2025-06-17T05:22:35.413+0000] {processor.py:914} INFO - Processing file /home/airflow/.local/lib/python3.12/site-packages/airflow/example_dags/example_outlet_event_extra.py for tasks to queue
[2025-06-17T05:22:35.415+0000] {logging_mixin.py:190} INFO - [2025-06-17T05:22:35.414+0000] {dagbag.py:588} INFO - Filling up the DagBag from /home/airflow/.local/lib/python3.12/site-packages/airflow/example_dags/example_outlet_event_extra.py
[2025-06-17T05:22:35.837+0000] {processor.py:925} INFO - DAG(s) 'dataset_with_extra_by_context', 'dataset_with_extra_by_yield', 'dataset_with_extra_from_classic_operator' retrieved from /home/airflow/.local/lib/python3.12/site-packages/airflow/example_dags/example_outlet_event_extra.py
[2025-06-17T05:22:35.859+0000] {logging_mixin.py:190} INFO - [2025-06-17T05:22:35.858+0000] {dag.py:3239} INFO - Sync 3 DAGs
[2025-06-17T05:22:35.878+0000] {logging_mixin.py:190} INFO - [2025-06-17T05:22:35.878+0000] {dag.py:4180} INFO - Setting next_dagrun for dataset_with_extra_by_context to 2025-06-16 00:00:00+00:00, run_after=2025-06-17 00:00:00+00:00
[2025-06-17T05:22:35.882+0000] {logging_mixin.py:190} INFO - [2025-06-17T05:22:35.882+0000] {dag.py:4180} INFO - Setting next_dagrun for dataset_with_extra_by_yield to 2025-06-16 00:00:00+00:00, run_after=2025-06-17 00:00:00+00:00
[2025-06-17T05:22:35.885+0000] {logging_mixin.py:190} INFO - [2025-06-17T05:22:35.885+0000] {dag.py:4180} INFO - Setting next_dagrun for dataset_with_extra_from_classic_operator to 2025-06-16 00:00:00+00:00, run_after=2025-06-17 00:00:00+00:00
[2025-06-17T05:22:35.904+0000] {processor.py:208} INFO - Processing /home/airflow/.local/lib/python3.12/site-packages/airflow/example_dags/example_outlet_event_extra.py took 0.496 seconds
[2025-06-17T05:23:06.544+0000] {processor.py:186} INFO - Started process (PID=269) to work on /home/airflow/.local/lib/python3.12/site-packages/airflow/example_dags/example_outlet_event_extra.py
[2025-06-17T05:23:06.544+0000] {processor.py:914} INFO - Processing file /home/airflow/.local/lib/python3.12/site-packages/airflow/example_dags/example_outlet_event_extra.py for tasks to queue
[2025-06-17T05:23:06.545+0000] {logging_mixin.py:190} INFO - [2025-06-17T05:23:06.545+0000] {dagbag.py:588} INFO - Filling up the DagBag from /home/airflow/.local/lib/python3.12/site-packages/airflow/example_dags/example_outlet_event_extra.py
[2025-06-17T05:23:06.955+0000] {processor.py:925} INFO - DAG(s) 'dataset_with_extra_by_yield', 'dataset_with_extra_from_classic_operator', 'dataset_with_extra_by_context' retrieved from /home/airflow/.local/lib/python3.12/site-packages/airflow/example_dags/example_outlet_event_extra.py
[2025-06-17T05:23:06.975+0000] {logging_mixin.py:190} INFO - [2025-06-17T05:23:06.975+0000] {dag.py:3239} INFO - Sync 3 DAGs
[2025-06-17T05:23:06.994+0000] {logging_mixin.py:190} INFO - [2025-06-17T05:23:06.994+0000] {dag.py:4180} INFO - Setting next_dagrun for dataset_with_extra_by_context to 2025-06-16 00:00:00+00:00, run_after=2025-06-17 00:00:00+00:00
[2025-06-17T05:23:06.999+0000] {logging_mixin.py:190} INFO - [2025-06-17T05:23:06.999+0000] {dag.py:4180} INFO - Setting next_dagrun for dataset_with_extra_by_yield to 2025-06-16 00:00:00+00:00, run_after=2025-06-17 00:00:00+00:00
[2025-06-17T05:23:07.002+0000] {logging_mixin.py:190} INFO - [2025-06-17T05:23:07.002+0000] {dag.py:4180} INFO - Setting next_dagrun for dataset_with_extra_from_classic_operator to 2025-06-16 00:00:00+00:00, run_after=2025-06-17 00:00:00+00:00
[2025-06-17T05:23:07.019+0000] {processor.py:208} INFO - Processing /home/airflow/.local/lib/python3.12/site-packages/airflow/example_dags/example_outlet_event_extra.py took 0.481 seconds
[2025-06-17T05:23:37.408+0000] {processor.py:186} INFO - Started process (PID=330) to work on /home/airflow/.local/lib/python3.12/site-packages/airflow/example_dags/example_outlet_event_extra.py
[2025-06-17T05:23:37.409+0000] {processor.py:914} INFO - Processing file /home/airflow/.local/lib/python3.12/site-packages/airflow/example_dags/example_outlet_event_extra.py for tasks to queue
[2025-06-17T05:23:37.410+0000] {logging_mixin.py:190} INFO - [2025-06-17T05:23:37.409+0000] {dagbag.py:588} INFO - Filling up the DagBag from /home/airflow/.local/lib/python3.12/site-packages/airflow/example_dags/example_outlet_event_extra.py
[2025-06-17T05:23:37.845+0000] {processor.py:925} INFO - DAG(s) 'dataset_with_extra_by_context', 'dataset_with_extra_from_classic_operator', 'dataset_with_extra_by_yield' retrieved from /home/airflow/.local/lib/python3.12/site-packages/airflow/example_dags/example_outlet_event_extra.py
[2025-06-17T05:23:37.864+0000] {logging_mixin.py:190} INFO - [2025-06-17T05:23:37.864+0000] {dag.py:3239} INFO - Sync 3 DAGs
[2025-06-17T05:23:37.885+0000] {logging_mixin.py:190} INFO - [2025-06-17T05:23:37.885+0000] {dag.py:4180} INFO - Setting next_dagrun for dataset_with_extra_by_context to 2025-06-16 00:00:00+00:00, run_after=2025-06-17 00:00:00+00:00
[2025-06-17T05:23:37.891+0000] {logging_mixin.py:190} INFO - [2025-06-17T05:23:37.890+0000] {dag.py:4180} INFO - Setting next_dagrun for dataset_with_extra_by_yield to 2025-06-16 00:00:00+00:00, run_after=2025-06-17 00:00:00+00:00
[2025-06-17T05:23:37.893+0000] {logging_mixin.py:190} INFO - [2025-06-17T05:23:37.893+0000] {dag.py:4180} INFO - Setting next_dagrun for dataset_with_extra_from_classic_operator to 2025-06-16 00:00:00+00:00, run_after=2025-06-17 00:00:00+00:00
[2025-06-17T05:23:37.919+0000] {processor.py:208} INFO - Processing /home/airflow/.local/lib/python3.12/site-packages/airflow/example_dags/example_outlet_event_extra.py took 0.517 seconds
