[2025-06-17T05:01:30.181+0000] {processor.py:186} INFO - Started process (PID=102) to work on /home/airflow/.local/lib/python3.12/site-packages/airflow/example_dags/example_bash_operator.py
[2025-06-17T05:01:30.181+0000] {processor.py:914} INFO - Processing file /home/airflow/.local/lib/python3.12/site-packages/airflow/example_dags/example_bash_operator.py for tasks to queue
[2025-06-17T05:01:30.182+0000] {logging_mixin.py:190} INFO - [2025-06-17T05:01:30.182+0000] {dagbag.py:588} INFO - Filling up the DagBag from /home/airflow/.local/lib/python3.12/site-packages/airflow/example_dags/example_bash_operator.py
[2025-06-17T05:01:30.195+0000] {processor.py:925} INFO - DAG(s) 'example_bash_operator' retrieved from /home/airflow/.local/lib/python3.12/site-packages/airflow/example_dags/example_bash_operator.py
[2025-06-17T05:01:30.282+0000] {logging_mixin.py:190} INFO - [2025-06-17T05:01:30.281+0000] {override.py:1912} INFO - Created Permission View: can read on DAG:example_bash_operator
[2025-06-17T05:01:30.289+0000] {logging_mixin.py:190} INFO - [2025-06-17T05:01:30.289+0000] {override.py:1912} INFO - Created Permission View: can edit on DAG:example_bash_operator
[2025-06-17T05:01:30.295+0000] {logging_mixin.py:190} INFO - [2025-06-17T05:01:30.294+0000] {override.py:1912} INFO - Created Permission View: can delete on DAG:example_bash_operator
[2025-06-17T05:01:30.301+0000] {logging_mixin.py:190} INFO - [2025-06-17T05:01:30.301+0000] {override.py:1912} INFO - Created Permission View: menu access on DAG Run:example_bash_operator
[2025-06-17T05:01:30.307+0000] {logging_mixin.py:190} INFO - [2025-06-17T05:01:30.306+0000] {override.py:1912} INFO - Created Permission View: can create on DAG Run:example_bash_operator
[2025-06-17T05:01:30.312+0000] {logging_mixin.py:190} INFO - [2025-06-17T05:01:30.312+0000] {override.py:1912} INFO - Created Permission View: can read on DAG Run:example_bash_operator
[2025-06-17T05:01:30.318+0000] {logging_mixin.py:190} INFO - [2025-06-17T05:01:30.317+0000] {override.py:1912} INFO - Created Permission View: can delete on DAG Run:example_bash_operator
[2025-06-17T05:01:30.318+0000] {logging_mixin.py:190} INFO - [2025-06-17T05:01:30.318+0000] {dag.py:3239} INFO - Sync 1 DAGs
[2025-06-17T05:01:30.329+0000] {logging_mixin.py:190} INFO - [2025-06-17T05:01:30.329+0000] {dag.py:3262} INFO - Creating ORM DAG for example_bash_operator
[2025-06-17T05:01:30.336+0000] {logging_mixin.py:190} INFO - [2025-06-17T05:01:30.336+0000] {dag.py:4180} INFO - Setting next_dagrun for example_bash_operator to 2025-06-16 00:00:00+00:00, run_after=2025-06-17 00:00:00+00:00
[2025-06-17T05:01:30.351+0000] {processor.py:208} INFO - Processing /home/airflow/.local/lib/python3.12/site-packages/airflow/example_dags/example_bash_operator.py took 0.174 seconds
[2025-06-17T05:02:00.419+0000] {processor.py:186} INFO - Started process (PID=165) to work on /home/airflow/.local/lib/python3.12/site-packages/airflow/example_dags/example_bash_operator.py
[2025-06-17T05:02:00.420+0000] {processor.py:914} INFO - Processing file /home/airflow/.local/lib/python3.12/site-packages/airflow/example_dags/example_bash_operator.py for tasks to queue
[2025-06-17T05:02:00.420+0000] {logging_mixin.py:190} INFO - [2025-06-17T05:02:00.420+0000] {dagbag.py:588} INFO - Filling up the DagBag from /home/airflow/.local/lib/python3.12/site-packages/airflow/example_dags/example_bash_operator.py
[2025-06-17T05:02:00.430+0000] {processor.py:925} INFO - DAG(s) 'example_bash_operator' retrieved from /home/airflow/.local/lib/python3.12/site-packages/airflow/example_dags/example_bash_operator.py
[2025-06-17T05:02:00.449+0000] {logging_mixin.py:190} INFO - [2025-06-17T05:02:00.449+0000] {dag.py:3239} INFO - Sync 1 DAGs
[2025-06-17T05:02:00.467+0000] {logging_mixin.py:190} INFO - [2025-06-17T05:02:00.466+0000] {dag.py:4180} INFO - Setting next_dagrun for example_bash_operator to 2025-06-16 00:00:00+00:00, run_after=2025-06-17 00:00:00+00:00
[2025-06-17T05:02:00.481+0000] {processor.py:208} INFO - Processing /home/airflow/.local/lib/python3.12/site-packages/airflow/example_dags/example_bash_operator.py took 0.066 seconds
[2025-06-17T05:02:31.100+0000] {processor.py:186} INFO - Started process (PID=228) to work on /home/airflow/.local/lib/python3.12/site-packages/airflow/example_dags/example_bash_operator.py
[2025-06-17T05:02:31.100+0000] {processor.py:914} INFO - Processing file /home/airflow/.local/lib/python3.12/site-packages/airflow/example_dags/example_bash_operator.py for tasks to queue
[2025-06-17T05:02:31.101+0000] {logging_mixin.py:190} INFO - [2025-06-17T05:02:31.101+0000] {dagbag.py:588} INFO - Filling up the DagBag from /home/airflow/.local/lib/python3.12/site-packages/airflow/example_dags/example_bash_operator.py
[2025-06-17T05:02:31.111+0000] {processor.py:925} INFO - DAG(s) 'example_bash_operator' retrieved from /home/airflow/.local/lib/python3.12/site-packages/airflow/example_dags/example_bash_operator.py
[2025-06-17T05:02:31.132+0000] {logging_mixin.py:190} INFO - [2025-06-17T05:02:31.132+0000] {dag.py:3239} INFO - Sync 1 DAGs
[2025-06-17T05:02:31.152+0000] {logging_mixin.py:190} INFO - [2025-06-17T05:02:31.151+0000] {dag.py:4180} INFO - Setting next_dagrun for example_bash_operator to 2025-06-16 00:00:00+00:00, run_after=2025-06-17 00:00:00+00:00
[2025-06-17T05:02:31.168+0000] {processor.py:208} INFO - Processing /home/airflow/.local/lib/python3.12/site-packages/airflow/example_dags/example_bash_operator.py took 0.073 seconds
[2025-06-17T05:06:07.894+0000] {processor.py:186} INFO - Started process (PID=104) to work on /home/airflow/.local/lib/python3.12/site-packages/airflow/example_dags/example_bash_operator.py
[2025-06-17T05:06:07.897+0000] {processor.py:914} INFO - Processing file /home/airflow/.local/lib/python3.12/site-packages/airflow/example_dags/example_bash_operator.py for tasks to queue
[2025-06-17T05:06:07.899+0000] {logging_mixin.py:190} INFO - [2025-06-17T05:06:07.899+0000] {dagbag.py:588} INFO - Filling up the DagBag from /home/airflow/.local/lib/python3.12/site-packages/airflow/example_dags/example_bash_operator.py
[2025-06-17T05:06:07.914+0000] {processor.py:925} INFO - DAG(s) 'example_bash_operator' retrieved from /home/airflow/.local/lib/python3.12/site-packages/airflow/example_dags/example_bash_operator.py
[2025-06-17T05:06:07.935+0000] {logging_mixin.py:190} INFO - [2025-06-17T05:06:07.935+0000] {dag.py:3239} INFO - Sync 1 DAGs
[2025-06-17T05:06:07.954+0000] {logging_mixin.py:190} INFO - [2025-06-17T05:06:07.954+0000] {dag.py:4180} INFO - Setting next_dagrun for example_bash_operator to 2025-06-16 00:00:00+00:00, run_after=2025-06-17 00:00:00+00:00
[2025-06-17T05:06:07.970+0000] {processor.py:208} INFO - Processing /home/airflow/.local/lib/python3.12/site-packages/airflow/example_dags/example_bash_operator.py took 0.082 seconds
[2025-06-17T05:06:39.050+0000] {processor.py:186} INFO - Started process (PID=167) to work on /home/airflow/.local/lib/python3.12/site-packages/airflow/example_dags/example_bash_operator.py
[2025-06-17T05:06:39.051+0000] {processor.py:914} INFO - Processing file /home/airflow/.local/lib/python3.12/site-packages/airflow/example_dags/example_bash_operator.py for tasks to queue
[2025-06-17T05:06:39.052+0000] {logging_mixin.py:190} INFO - [2025-06-17T05:06:39.052+0000] {dagbag.py:588} INFO - Filling up the DagBag from /home/airflow/.local/lib/python3.12/site-packages/airflow/example_dags/example_bash_operator.py
[2025-06-17T05:06:39.063+0000] {processor.py:925} INFO - DAG(s) 'example_bash_operator' retrieved from /home/airflow/.local/lib/python3.12/site-packages/airflow/example_dags/example_bash_operator.py
[2025-06-17T05:06:39.084+0000] {logging_mixin.py:190} INFO - [2025-06-17T05:06:39.084+0000] {dag.py:3239} INFO - Sync 1 DAGs
[2025-06-17T05:06:39.101+0000] {logging_mixin.py:190} INFO - [2025-06-17T05:06:39.101+0000] {dag.py:4180} INFO - Setting next_dagrun for example_bash_operator to 2025-06-16 00:00:00+00:00, run_after=2025-06-17 00:00:00+00:00
[2025-06-17T05:06:39.115+0000] {processor.py:208} INFO - Processing /home/airflow/.local/lib/python3.12/site-packages/airflow/example_dags/example_bash_operator.py took 0.070 seconds
[2025-06-17T05:09:02.505+0000] {processor.py:186} INFO - Started process (PID=102) to work on /home/airflow/.local/lib/python3.12/site-packages/airflow/example_dags/example_bash_operator.py
[2025-06-17T05:09:02.506+0000] {processor.py:914} INFO - Processing file /home/airflow/.local/lib/python3.12/site-packages/airflow/example_dags/example_bash_operator.py for tasks to queue
[2025-06-17T05:09:02.507+0000] {logging_mixin.py:190} INFO - [2025-06-17T05:09:02.507+0000] {dagbag.py:588} INFO - Filling up the DagBag from /home/airflow/.local/lib/python3.12/site-packages/airflow/example_dags/example_bash_operator.py
[2025-06-17T05:09:02.519+0000] {processor.py:925} INFO - DAG(s) 'example_bash_operator' retrieved from /home/airflow/.local/lib/python3.12/site-packages/airflow/example_dags/example_bash_operator.py
[2025-06-17T05:09:02.540+0000] {logging_mixin.py:190} INFO - [2025-06-17T05:09:02.540+0000] {dag.py:3239} INFO - Sync 1 DAGs
[2025-06-17T05:09:02.559+0000] {logging_mixin.py:190} INFO - [2025-06-17T05:09:02.559+0000] {dag.py:4180} INFO - Setting next_dagrun for example_bash_operator to 2025-06-16 00:00:00+00:00, run_after=2025-06-17 00:00:00+00:00
[2025-06-17T05:09:02.574+0000] {processor.py:208} INFO - Processing /home/airflow/.local/lib/python3.12/site-packages/airflow/example_dags/example_bash_operator.py took 0.073 seconds
[2025-06-17T05:09:33.278+0000] {processor.py:186} INFO - Started process (PID=165) to work on /home/airflow/.local/lib/python3.12/site-packages/airflow/example_dags/example_bash_operator.py
[2025-06-17T05:09:33.278+0000] {processor.py:914} INFO - Processing file /home/airflow/.local/lib/python3.12/site-packages/airflow/example_dags/example_bash_operator.py for tasks to queue
[2025-06-17T05:09:33.280+0000] {logging_mixin.py:190} INFO - [2025-06-17T05:09:33.279+0000] {dagbag.py:588} INFO - Filling up the DagBag from /home/airflow/.local/lib/python3.12/site-packages/airflow/example_dags/example_bash_operator.py
[2025-06-17T05:09:33.292+0000] {processor.py:925} INFO - DAG(s) 'example_bash_operator' retrieved from /home/airflow/.local/lib/python3.12/site-packages/airflow/example_dags/example_bash_operator.py
[2025-06-17T05:09:33.315+0000] {logging_mixin.py:190} INFO - [2025-06-17T05:09:33.314+0000] {dag.py:3239} INFO - Sync 1 DAGs
[2025-06-17T05:09:33.334+0000] {logging_mixin.py:190} INFO - [2025-06-17T05:09:33.334+0000] {dag.py:4180} INFO - Setting next_dagrun for example_bash_operator to 2025-06-16 00:00:00+00:00, run_after=2025-06-17 00:00:00+00:00
[2025-06-17T05:09:33.349+0000] {processor.py:208} INFO - Processing /home/airflow/.local/lib/python3.12/site-packages/airflow/example_dags/example_bash_operator.py took 0.077 seconds
[2025-06-17T05:10:03.436+0000] {processor.py:186} INFO - Started process (PID=228) to work on /home/airflow/.local/lib/python3.12/site-packages/airflow/example_dags/example_bash_operator.py
[2025-06-17T05:10:03.436+0000] {processor.py:914} INFO - Processing file /home/airflow/.local/lib/python3.12/site-packages/airflow/example_dags/example_bash_operator.py for tasks to queue
[2025-06-17T05:10:03.437+0000] {logging_mixin.py:190} INFO - [2025-06-17T05:10:03.437+0000] {dagbag.py:588} INFO - Filling up the DagBag from /home/airflow/.local/lib/python3.12/site-packages/airflow/example_dags/example_bash_operator.py
[2025-06-17T05:10:03.447+0000] {processor.py:925} INFO - DAG(s) 'example_bash_operator' retrieved from /home/airflow/.local/lib/python3.12/site-packages/airflow/example_dags/example_bash_operator.py
[2025-06-17T05:10:03.467+0000] {logging_mixin.py:190} INFO - [2025-06-17T05:10:03.466+0000] {dag.py:3239} INFO - Sync 1 DAGs
[2025-06-17T05:10:03.486+0000] {logging_mixin.py:190} INFO - [2025-06-17T05:10:03.485+0000] {dag.py:4180} INFO - Setting next_dagrun for example_bash_operator to 2025-06-16 00:00:00+00:00, run_after=2025-06-17 00:00:00+00:00
[2025-06-17T05:10:03.499+0000] {processor.py:208} INFO - Processing /home/airflow/.local/lib/python3.12/site-packages/airflow/example_dags/example_bash_operator.py took 0.068 seconds
[2025-06-17T05:10:34.603+0000] {processor.py:186} INFO - Started process (PID=290) to work on /home/airflow/.local/lib/python3.12/site-packages/airflow/example_dags/example_bash_operator.py
[2025-06-17T05:10:34.603+0000] {processor.py:914} INFO - Processing file /home/airflow/.local/lib/python3.12/site-packages/airflow/example_dags/example_bash_operator.py for tasks to queue
[2025-06-17T05:10:34.604+0000] {logging_mixin.py:190} INFO - [2025-06-17T05:10:34.604+0000] {dagbag.py:588} INFO - Filling up the DagBag from /home/airflow/.local/lib/python3.12/site-packages/airflow/example_dags/example_bash_operator.py
[2025-06-17T05:10:34.614+0000] {processor.py:925} INFO - DAG(s) 'example_bash_operator' retrieved from /home/airflow/.local/lib/python3.12/site-packages/airflow/example_dags/example_bash_operator.py
[2025-06-17T05:10:34.638+0000] {logging_mixin.py:190} INFO - [2025-06-17T05:10:34.637+0000] {dag.py:3239} INFO - Sync 1 DAGs
[2025-06-17T05:10:34.659+0000] {logging_mixin.py:190} INFO - [2025-06-17T05:10:34.659+0000] {dag.py:4180} INFO - Setting next_dagrun for example_bash_operator to 2025-06-16 00:00:00+00:00, run_after=2025-06-17 00:00:00+00:00
[2025-06-17T05:10:34.676+0000] {processor.py:208} INFO - Processing /home/airflow/.local/lib/python3.12/site-packages/airflow/example_dags/example_bash_operator.py took 0.077 seconds
[2025-06-17T05:11:05.351+0000] {processor.py:186} INFO - Started process (PID=353) to work on /home/airflow/.local/lib/python3.12/site-packages/airflow/example_dags/example_bash_operator.py
[2025-06-17T05:11:05.352+0000] {processor.py:914} INFO - Processing file /home/airflow/.local/lib/python3.12/site-packages/airflow/example_dags/example_bash_operator.py for tasks to queue
[2025-06-17T05:11:05.353+0000] {logging_mixin.py:190} INFO - [2025-06-17T05:11:05.353+0000] {dagbag.py:588} INFO - Filling up the DagBag from /home/airflow/.local/lib/python3.12/site-packages/airflow/example_dags/example_bash_operator.py
[2025-06-17T05:11:05.363+0000] {processor.py:925} INFO - DAG(s) 'example_bash_operator' retrieved from /home/airflow/.local/lib/python3.12/site-packages/airflow/example_dags/example_bash_operator.py
[2025-06-17T05:11:05.385+0000] {logging_mixin.py:190} INFO - [2025-06-17T05:11:05.385+0000] {dag.py:3239} INFO - Sync 1 DAGs
[2025-06-17T05:11:05.407+0000] {logging_mixin.py:190} INFO - [2025-06-17T05:11:05.407+0000] {dag.py:4180} INFO - Setting next_dagrun for example_bash_operator to 2025-06-16 00:00:00+00:00, run_after=2025-06-17 00:00:00+00:00
[2025-06-17T05:11:05.422+0000] {processor.py:208} INFO - Processing /home/airflow/.local/lib/python3.12/site-packages/airflow/example_dags/example_bash_operator.py took 0.075 seconds
[2025-06-17T05:11:36.218+0000] {processor.py:186} INFO - Started process (PID=416) to work on /home/airflow/.local/lib/python3.12/site-packages/airflow/example_dags/example_bash_operator.py
[2025-06-17T05:11:36.219+0000] {processor.py:914} INFO - Processing file /home/airflow/.local/lib/python3.12/site-packages/airflow/example_dags/example_bash_operator.py for tasks to queue
[2025-06-17T05:11:36.220+0000] {logging_mixin.py:190} INFO - [2025-06-17T05:11:36.220+0000] {dagbag.py:588} INFO - Filling up the DagBag from /home/airflow/.local/lib/python3.12/site-packages/airflow/example_dags/example_bash_operator.py
[2025-06-17T05:11:36.230+0000] {processor.py:925} INFO - DAG(s) 'example_bash_operator' retrieved from /home/airflow/.local/lib/python3.12/site-packages/airflow/example_dags/example_bash_operator.py
[2025-06-17T05:11:36.249+0000] {logging_mixin.py:190} INFO - [2025-06-17T05:11:36.249+0000] {dag.py:3239} INFO - Sync 1 DAGs
[2025-06-17T05:11:36.267+0000] {logging_mixin.py:190} INFO - [2025-06-17T05:11:36.267+0000] {dag.py:4180} INFO - Setting next_dagrun for example_bash_operator to 2025-06-16 00:00:00+00:00, run_after=2025-06-17 00:00:00+00:00
[2025-06-17T05:11:36.286+0000] {processor.py:208} INFO - Processing /home/airflow/.local/lib/python3.12/site-packages/airflow/example_dags/example_bash_operator.py took 0.072 seconds
[2025-06-17T05:12:07.087+0000] {processor.py:186} INFO - Started process (PID=479) to work on /home/airflow/.local/lib/python3.12/site-packages/airflow/example_dags/example_bash_operator.py
[2025-06-17T05:12:07.088+0000] {processor.py:914} INFO - Processing file /home/airflow/.local/lib/python3.12/site-packages/airflow/example_dags/example_bash_operator.py for tasks to queue
[2025-06-17T05:12:07.089+0000] {logging_mixin.py:190} INFO - [2025-06-17T05:12:07.088+0000] {dagbag.py:588} INFO - Filling up the DagBag from /home/airflow/.local/lib/python3.12/site-packages/airflow/example_dags/example_bash_operator.py
[2025-06-17T05:12:07.099+0000] {processor.py:925} INFO - DAG(s) 'example_bash_operator' retrieved from /home/airflow/.local/lib/python3.12/site-packages/airflow/example_dags/example_bash_operator.py
[2025-06-17T05:12:07.119+0000] {logging_mixin.py:190} INFO - [2025-06-17T05:12:07.119+0000] {dag.py:3239} INFO - Sync 1 DAGs
[2025-06-17T05:12:07.137+0000] {logging_mixin.py:190} INFO - [2025-06-17T05:12:07.137+0000] {dag.py:4180} INFO - Setting next_dagrun for example_bash_operator to 2025-06-16 00:00:00+00:00, run_after=2025-06-17 00:00:00+00:00
[2025-06-17T05:12:07.150+0000] {processor.py:208} INFO - Processing /home/airflow/.local/lib/python3.12/site-packages/airflow/example_dags/example_bash_operator.py took 0.068 seconds
[2025-06-17T05:12:37.588+0000] {processor.py:186} INFO - Started process (PID=542) to work on /home/airflow/.local/lib/python3.12/site-packages/airflow/example_dags/example_bash_operator.py
[2025-06-17T05:12:37.588+0000] {processor.py:914} INFO - Processing file /home/airflow/.local/lib/python3.12/site-packages/airflow/example_dags/example_bash_operator.py for tasks to queue
[2025-06-17T05:12:37.589+0000] {logging_mixin.py:190} INFO - [2025-06-17T05:12:37.589+0000] {dagbag.py:588} INFO - Filling up the DagBag from /home/airflow/.local/lib/python3.12/site-packages/airflow/example_dags/example_bash_operator.py
[2025-06-17T05:12:37.599+0000] {processor.py:925} INFO - DAG(s) 'example_bash_operator' retrieved from /home/airflow/.local/lib/python3.12/site-packages/airflow/example_dags/example_bash_operator.py
[2025-06-17T05:12:37.619+0000] {logging_mixin.py:190} INFO - [2025-06-17T05:12:37.618+0000] {dag.py:3239} INFO - Sync 1 DAGs
[2025-06-17T05:12:37.635+0000] {logging_mixin.py:190} INFO - [2025-06-17T05:12:37.635+0000] {dag.py:4180} INFO - Setting next_dagrun for example_bash_operator to 2025-06-16 00:00:00+00:00, run_after=2025-06-17 00:00:00+00:00
[2025-06-17T05:12:37.649+0000] {processor.py:208} INFO - Processing /home/airflow/.local/lib/python3.12/site-packages/airflow/example_dags/example_bash_operator.py took 0.066 seconds
[2025-06-17T05:13:08.372+0000] {processor.py:186} INFO - Started process (PID=605) to work on /home/airflow/.local/lib/python3.12/site-packages/airflow/example_dags/example_bash_operator.py
[2025-06-17T05:13:08.373+0000] {processor.py:914} INFO - Processing file /home/airflow/.local/lib/python3.12/site-packages/airflow/example_dags/example_bash_operator.py for tasks to queue
[2025-06-17T05:13:08.374+0000] {logging_mixin.py:190} INFO - [2025-06-17T05:13:08.373+0000] {dagbag.py:588} INFO - Filling up the DagBag from /home/airflow/.local/lib/python3.12/site-packages/airflow/example_dags/example_bash_operator.py
[2025-06-17T05:13:08.384+0000] {processor.py:925} INFO - DAG(s) 'example_bash_operator' retrieved from /home/airflow/.local/lib/python3.12/site-packages/airflow/example_dags/example_bash_operator.py
[2025-06-17T05:13:08.405+0000] {logging_mixin.py:190} INFO - [2025-06-17T05:13:08.404+0000] {dag.py:3239} INFO - Sync 1 DAGs
[2025-06-17T05:13:08.425+0000] {logging_mixin.py:190} INFO - [2025-06-17T05:13:08.425+0000] {dag.py:4180} INFO - Setting next_dagrun for example_bash_operator to 2025-06-16 00:00:00+00:00, run_after=2025-06-17 00:00:00+00:00
[2025-06-17T05:13:08.439+0000] {processor.py:208} INFO - Processing /home/airflow/.local/lib/python3.12/site-packages/airflow/example_dags/example_bash_operator.py took 0.072 seconds
[2025-06-17T05:13:38.832+0000] {processor.py:186} INFO - Started process (PID=669) to work on /home/airflow/.local/lib/python3.12/site-packages/airflow/example_dags/example_bash_operator.py
[2025-06-17T05:13:38.832+0000] {processor.py:914} INFO - Processing file /home/airflow/.local/lib/python3.12/site-packages/airflow/example_dags/example_bash_operator.py for tasks to queue
[2025-06-17T05:13:38.833+0000] {logging_mixin.py:190} INFO - [2025-06-17T05:13:38.833+0000] {dagbag.py:588} INFO - Filling up the DagBag from /home/airflow/.local/lib/python3.12/site-packages/airflow/example_dags/example_bash_operator.py
[2025-06-17T05:13:38.845+0000] {processor.py:925} INFO - DAG(s) 'example_bash_operator' retrieved from /home/airflow/.local/lib/python3.12/site-packages/airflow/example_dags/example_bash_operator.py
[2025-06-17T05:13:38.868+0000] {logging_mixin.py:190} INFO - [2025-06-17T05:13:38.867+0000] {dag.py:3239} INFO - Sync 1 DAGs
[2025-06-17T05:13:38.889+0000] {logging_mixin.py:190} INFO - [2025-06-17T05:13:38.889+0000] {dag.py:4180} INFO - Setting next_dagrun for example_bash_operator to 2025-06-16 00:00:00+00:00, run_after=2025-06-17 00:00:00+00:00
[2025-06-17T05:13:38.906+0000] {processor.py:208} INFO - Processing /home/airflow/.local/lib/python3.12/site-packages/airflow/example_dags/example_bash_operator.py took 0.079 seconds
[2025-06-17T05:14:09.672+0000] {processor.py:186} INFO - Started process (PID=732) to work on /home/airflow/.local/lib/python3.12/site-packages/airflow/example_dags/example_bash_operator.py
[2025-06-17T05:14:09.672+0000] {processor.py:914} INFO - Processing file /home/airflow/.local/lib/python3.12/site-packages/airflow/example_dags/example_bash_operator.py for tasks to queue
[2025-06-17T05:14:09.674+0000] {logging_mixin.py:190} INFO - [2025-06-17T05:14:09.673+0000] {dagbag.py:588} INFO - Filling up the DagBag from /home/airflow/.local/lib/python3.12/site-packages/airflow/example_dags/example_bash_operator.py
[2025-06-17T05:14:09.685+0000] {processor.py:925} INFO - DAG(s) 'example_bash_operator' retrieved from /home/airflow/.local/lib/python3.12/site-packages/airflow/example_dags/example_bash_operator.py
[2025-06-17T05:14:09.705+0000] {logging_mixin.py:190} INFO - [2025-06-17T05:14:09.705+0000] {dag.py:3239} INFO - Sync 1 DAGs
[2025-06-17T05:14:09.725+0000] {logging_mixin.py:190} INFO - [2025-06-17T05:14:09.725+0000] {dag.py:4180} INFO - Setting next_dagrun for example_bash_operator to 2025-06-16 00:00:00+00:00, run_after=2025-06-17 00:00:00+00:00
[2025-06-17T05:14:09.741+0000] {processor.py:208} INFO - Processing /home/airflow/.local/lib/python3.12/site-packages/airflow/example_dags/example_bash_operator.py took 0.074 seconds
[2025-06-17T05:17:49.901+0000] {processor.py:186} INFO - Started process (PID=103) to work on /home/airflow/.local/lib/python3.12/site-packages/airflow/example_dags/example_bash_operator.py
[2025-06-17T05:17:49.901+0000] {processor.py:914} INFO - Processing file /home/airflow/.local/lib/python3.12/site-packages/airflow/example_dags/example_bash_operator.py for tasks to queue
[2025-06-17T05:17:49.902+0000] {logging_mixin.py:190} INFO - [2025-06-17T05:17:49.902+0000] {dagbag.py:588} INFO - Filling up the DagBag from /home/airflow/.local/lib/python3.12/site-packages/airflow/example_dags/example_bash_operator.py
[2025-06-17T05:17:49.916+0000] {processor.py:925} INFO - DAG(s) 'example_bash_operator' retrieved from /home/airflow/.local/lib/python3.12/site-packages/airflow/example_dags/example_bash_operator.py
[2025-06-17T05:17:50.004+0000] {logging_mixin.py:190} INFO - [2025-06-17T05:17:50.003+0000] {override.py:1912} INFO - Created Permission View: can read on DAG:example_bash_operator
[2025-06-17T05:17:50.014+0000] {logging_mixin.py:190} INFO - [2025-06-17T05:17:50.014+0000] {override.py:1912} INFO - Created Permission View: can delete on DAG:example_bash_operator
[2025-06-17T05:17:50.020+0000] {logging_mixin.py:190} INFO - [2025-06-17T05:17:50.020+0000] {override.py:1912} INFO - Created Permission View: can edit on DAG:example_bash_operator
[2025-06-17T05:17:50.028+0000] {logging_mixin.py:190} INFO - [2025-06-17T05:17:50.028+0000] {override.py:1912} INFO - Created Permission View: can read on DAG Run:example_bash_operator
[2025-06-17T05:17:50.033+0000] {logging_mixin.py:190} INFO - [2025-06-17T05:17:50.033+0000] {override.py:1912} INFO - Created Permission View: can delete on DAG Run:example_bash_operator
[2025-06-17T05:17:50.039+0000] {logging_mixin.py:190} INFO - [2025-06-17T05:17:50.039+0000] {override.py:1912} INFO - Created Permission View: menu access on DAG Run:example_bash_operator
[2025-06-17T05:17:50.045+0000] {logging_mixin.py:190} INFO - [2025-06-17T05:17:50.045+0000] {override.py:1912} INFO - Created Permission View: can create on DAG Run:example_bash_operator
[2025-06-17T05:17:50.046+0000] {logging_mixin.py:190} INFO - [2025-06-17T05:17:50.046+0000] {dag.py:3239} INFO - Sync 1 DAGs
[2025-06-17T05:17:50.056+0000] {logging_mixin.py:190} INFO - [2025-06-17T05:17:50.056+0000] {dag.py:3262} INFO - Creating ORM DAG for example_bash_operator
[2025-06-17T05:17:50.064+0000] {logging_mixin.py:190} INFO - [2025-06-17T05:17:50.063+0000] {dag.py:4180} INFO - Setting next_dagrun for example_bash_operator to 2025-06-16 00:00:00+00:00, run_after=2025-06-17 00:00:00+00:00
[2025-06-17T05:17:50.076+0000] {processor.py:208} INFO - Processing /home/airflow/.local/lib/python3.12/site-packages/airflow/example_dags/example_bash_operator.py took 0.180 seconds
[2025-06-17T05:19:16.859+0000] {processor.py:186} INFO - Started process (PID=103) to work on /home/airflow/.local/lib/python3.12/site-packages/airflow/example_dags/example_bash_operator.py
[2025-06-17T05:19:16.859+0000] {processor.py:914} INFO - Processing file /home/airflow/.local/lib/python3.12/site-packages/airflow/example_dags/example_bash_operator.py for tasks to queue
[2025-06-17T05:19:16.860+0000] {logging_mixin.py:190} INFO - [2025-06-17T05:19:16.860+0000] {dagbag.py:588} INFO - Filling up the DagBag from /home/airflow/.local/lib/python3.12/site-packages/airflow/example_dags/example_bash_operator.py
[2025-06-17T05:19:16.874+0000] {processor.py:925} INFO - DAG(s) 'example_bash_operator' retrieved from /home/airflow/.local/lib/python3.12/site-packages/airflow/example_dags/example_bash_operator.py
[2025-06-17T05:19:16.896+0000] {logging_mixin.py:190} INFO - [2025-06-17T05:19:16.895+0000] {dag.py:3239} INFO - Sync 1 DAGs
[2025-06-17T05:19:16.915+0000] {logging_mixin.py:190} INFO - [2025-06-17T05:19:16.915+0000] {dag.py:4180} INFO - Setting next_dagrun for example_bash_operator to 2025-06-16 00:00:00+00:00, run_after=2025-06-17 00:00:00+00:00
[2025-06-17T05:19:16.929+0000] {processor.py:208} INFO - Processing /home/airflow/.local/lib/python3.12/site-packages/airflow/example_dags/example_bash_operator.py took 0.075 seconds
[2025-06-17T05:19:47.682+0000] {processor.py:186} INFO - Started process (PID=166) to work on /home/airflow/.local/lib/python3.12/site-packages/airflow/example_dags/example_bash_operator.py
[2025-06-17T05:19:47.683+0000] {processor.py:914} INFO - Processing file /home/airflow/.local/lib/python3.12/site-packages/airflow/example_dags/example_bash_operator.py for tasks to queue
[2025-06-17T05:19:47.684+0000] {logging_mixin.py:190} INFO - [2025-06-17T05:19:47.684+0000] {dagbag.py:588} INFO - Filling up the DagBag from /home/airflow/.local/lib/python3.12/site-packages/airflow/example_dags/example_bash_operator.py
[2025-06-17T05:19:47.700+0000] {processor.py:925} INFO - DAG(s) 'example_bash_operator' retrieved from /home/airflow/.local/lib/python3.12/site-packages/airflow/example_dags/example_bash_operator.py
[2025-06-17T05:19:47.725+0000] {logging_mixin.py:190} INFO - [2025-06-17T05:19:47.724+0000] {dag.py:3239} INFO - Sync 1 DAGs
[2025-06-17T05:19:47.748+0000] {logging_mixin.py:190} INFO - [2025-06-17T05:19:47.748+0000] {dag.py:4180} INFO - Setting next_dagrun for example_bash_operator to 2025-06-16 00:00:00+00:00, run_after=2025-06-17 00:00:00+00:00
[2025-06-17T05:19:47.766+0000] {processor.py:208} INFO - Processing /home/airflow/.local/lib/python3.12/site-packages/airflow/example_dags/example_bash_operator.py took 0.090 seconds
[2025-06-17T05:21:35.699+0000] {processor.py:186} INFO - Started process (PID=103) to work on /home/airflow/.local/lib/python3.12/site-packages/airflow/example_dags/example_bash_operator.py
[2025-06-17T05:21:35.699+0000] {processor.py:914} INFO - Processing file /home/airflow/.local/lib/python3.12/site-packages/airflow/example_dags/example_bash_operator.py for tasks to queue
[2025-06-17T05:21:35.700+0000] {logging_mixin.py:190} INFO - [2025-06-17T05:21:35.700+0000] {dagbag.py:588} INFO - Filling up the DagBag from /home/airflow/.local/lib/python3.12/site-packages/airflow/example_dags/example_bash_operator.py
[2025-06-17T05:21:35.711+0000] {processor.py:925} INFO - DAG(s) 'example_bash_operator' retrieved from /home/airflow/.local/lib/python3.12/site-packages/airflow/example_dags/example_bash_operator.py
[2025-06-17T05:21:35.736+0000] {logging_mixin.py:190} INFO - [2025-06-17T05:21:35.736+0000] {dag.py:3239} INFO - Sync 1 DAGs
[2025-06-17T05:21:35.755+0000] {logging_mixin.py:190} INFO - [2025-06-17T05:21:35.755+0000] {dag.py:4180} INFO - Setting next_dagrun for example_bash_operator to 2025-06-16 00:00:00+00:00, run_after=2025-06-17 00:00:00+00:00
[2025-06-17T05:21:35.770+0000] {processor.py:208} INFO - Processing /home/airflow/.local/lib/python3.12/site-packages/airflow/example_dags/example_bash_operator.py took 0.076 seconds
[2025-06-17T05:22:06.614+0000] {processor.py:186} INFO - Started process (PID=166) to work on /home/airflow/.local/lib/python3.12/site-packages/airflow/example_dags/example_bash_operator.py
[2025-06-17T05:22:06.615+0000] {processor.py:914} INFO - Processing file /home/airflow/.local/lib/python3.12/site-packages/airflow/example_dags/example_bash_operator.py for tasks to queue
[2025-06-17T05:22:06.616+0000] {logging_mixin.py:190} INFO - [2025-06-17T05:22:06.615+0000] {dagbag.py:588} INFO - Filling up the DagBag from /home/airflow/.local/lib/python3.12/site-packages/airflow/example_dags/example_bash_operator.py
[2025-06-17T05:22:06.625+0000] {processor.py:925} INFO - DAG(s) 'example_bash_operator' retrieved from /home/airflow/.local/lib/python3.12/site-packages/airflow/example_dags/example_bash_operator.py
[2025-06-17T05:22:06.644+0000] {logging_mixin.py:190} INFO - [2025-06-17T05:22:06.644+0000] {dag.py:3239} INFO - Sync 1 DAGs
[2025-06-17T05:22:06.664+0000] {logging_mixin.py:190} INFO - [2025-06-17T05:22:06.664+0000] {dag.py:4180} INFO - Setting next_dagrun for example_bash_operator to 2025-06-16 00:00:00+00:00, run_after=2025-06-17 00:00:00+00:00
[2025-06-17T05:22:06.679+0000] {processor.py:208} INFO - Processing /home/airflow/.local/lib/python3.12/site-packages/airflow/example_dags/example_bash_operator.py took 0.070 seconds
[2025-06-17T05:22:37.483+0000] {processor.py:186} INFO - Started process (PID=229) to work on /home/airflow/.local/lib/python3.12/site-packages/airflow/example_dags/example_bash_operator.py
[2025-06-17T05:22:37.484+0000] {processor.py:914} INFO - Processing file /home/airflow/.local/lib/python3.12/site-packages/airflow/example_dags/example_bash_operator.py for tasks to queue
[2025-06-17T05:22:37.485+0000] {logging_mixin.py:190} INFO - [2025-06-17T05:22:37.485+0000] {dagbag.py:588} INFO - Filling up the DagBag from /home/airflow/.local/lib/python3.12/site-packages/airflow/example_dags/example_bash_operator.py
[2025-06-17T05:22:37.496+0000] {processor.py:925} INFO - DAG(s) 'example_bash_operator' retrieved from /home/airflow/.local/lib/python3.12/site-packages/airflow/example_dags/example_bash_operator.py
[2025-06-17T05:22:37.517+0000] {logging_mixin.py:190} INFO - [2025-06-17T05:22:37.516+0000] {dag.py:3239} INFO - Sync 1 DAGs
[2025-06-17T05:22:37.538+0000] {logging_mixin.py:190} INFO - [2025-06-17T05:22:37.538+0000] {dag.py:4180} INFO - Setting next_dagrun for example_bash_operator to 2025-06-16 00:00:00+00:00, run_after=2025-06-17 00:00:00+00:00
[2025-06-17T05:22:37.553+0000] {processor.py:208} INFO - Processing /home/airflow/.local/lib/python3.12/site-packages/airflow/example_dags/example_bash_operator.py took 0.075 seconds
[2025-06-17T05:23:08.298+0000] {processor.py:186} INFO - Started process (PID=292) to work on /home/airflow/.local/lib/python3.12/site-packages/airflow/example_dags/example_bash_operator.py
[2025-06-17T05:23:08.299+0000] {processor.py:914} INFO - Processing file /home/airflow/.local/lib/python3.12/site-packages/airflow/example_dags/example_bash_operator.py for tasks to queue
[2025-06-17T05:23:08.300+0000] {logging_mixin.py:190} INFO - [2025-06-17T05:23:08.300+0000] {dagbag.py:588} INFO - Filling up the DagBag from /home/airflow/.local/lib/python3.12/site-packages/airflow/example_dags/example_bash_operator.py
[2025-06-17T05:23:08.311+0000] {processor.py:925} INFO - DAG(s) 'example_bash_operator' retrieved from /home/airflow/.local/lib/python3.12/site-packages/airflow/example_dags/example_bash_operator.py
[2025-06-17T05:23:08.331+0000] {logging_mixin.py:190} INFO - [2025-06-17T05:23:08.331+0000] {dag.py:3239} INFO - Sync 1 DAGs
[2025-06-17T05:23:08.353+0000] {logging_mixin.py:190} INFO - [2025-06-17T05:23:08.352+0000] {dag.py:4180} INFO - Setting next_dagrun for example_bash_operator to 2025-06-16 00:00:00+00:00, run_after=2025-06-17 00:00:00+00:00
[2025-06-17T05:23:08.367+0000] {processor.py:208} INFO - Processing /home/airflow/.local/lib/python3.12/site-packages/airflow/example_dags/example_bash_operator.py took 0.073 seconds
[2025-06-17T05:23:39.515+0000] {processor.py:186} INFO - Started process (PID=355) to work on /home/airflow/.local/lib/python3.12/site-packages/airflow/example_dags/example_bash_operator.py
[2025-06-17T05:23:39.516+0000] {processor.py:914} INFO - Processing file /home/airflow/.local/lib/python3.12/site-packages/airflow/example_dags/example_bash_operator.py for tasks to queue
[2025-06-17T05:23:39.517+0000] {logging_mixin.py:190} INFO - [2025-06-17T05:23:39.517+0000] {dagbag.py:588} INFO - Filling up the DagBag from /home/airflow/.local/lib/python3.12/site-packages/airflow/example_dags/example_bash_operator.py
[2025-06-17T05:23:39.528+0000] {processor.py:925} INFO - DAG(s) 'example_bash_operator' retrieved from /home/airflow/.local/lib/python3.12/site-packages/airflow/example_dags/example_bash_operator.py
[2025-06-17T05:23:39.548+0000] {logging_mixin.py:190} INFO - [2025-06-17T05:23:39.548+0000] {dag.py:3239} INFO - Sync 1 DAGs
[2025-06-17T05:23:39.566+0000] {logging_mixin.py:190} INFO - [2025-06-17T05:23:39.566+0000] {dag.py:4180} INFO - Setting next_dagrun for example_bash_operator to 2025-06-16 00:00:00+00:00, run_after=2025-06-17 00:00:00+00:00
[2025-06-17T05:23:39.581+0000] {processor.py:208} INFO - Processing /home/airflow/.local/lib/python3.12/site-packages/airflow/example_dags/example_bash_operator.py took 0.070 seconds
