[2025-06-17T05:01:30.951+0000] {processor.py:186} INFO - Started process (PID=110) to work on /home/airflow/.local/lib/python3.12/site-packages/airflow/example_dags/example_display_name.py
[2025-06-17T05:01:30.951+0000] {processor.py:914} INFO - Processing file /home/airflow/.local/lib/python3.12/site-packages/airflow/example_dags/example_display_name.py for tasks to queue
[2025-06-17T05:01:30.952+0000] {logging_mixin.py:190} INFO - [2025-06-17T05:01:30.952+0000] {dagbag.py:588} INFO - Filling up the DagBag from /home/airflow/.local/lib/python3.12/site-packages/airflow/example_dags/example_display_name.py
[2025-06-17T05:01:30.961+0000] {processor.py:925} INFO - DAG(s) 'example_display_name' retrieved from /home/airflow/.local/lib/python3.12/site-packages/airflow/example_dags/example_display_name.py
[2025-06-17T05:01:31.047+0000] {logging_mixin.py:190} INFO - [2025-06-17T05:01:31.046+0000] {override.py:1912} INFO - Created Permission View: can read on DAG:example_display_name
[2025-06-17T05:01:31.058+0000] {logging_mixin.py:190} INFO - [2025-06-17T05:01:31.057+0000] {override.py:1912} INFO - Created Permission View: can edit on DAG:example_display_name
[2025-06-17T05:01:31.065+0000] {logging_mixin.py:190} INFO - [2025-06-17T05:01:31.064+0000] {override.py:1912} INFO - Created Permission View: can delete on DAG:example_display_name
[2025-06-17T05:01:31.073+0000] {logging_mixin.py:190} INFO - [2025-06-17T05:01:31.073+0000] {override.py:1912} INFO - Created Permission View: menu access on DAG Run:example_display_name
[2025-06-17T05:01:31.079+0000] {logging_mixin.py:190} INFO - [2025-06-17T05:01:31.079+0000] {override.py:1912} INFO - Created Permission View: can create on DAG Run:example_display_name
[2025-06-17T05:01:31.084+0000] {logging_mixin.py:190} INFO - [2025-06-17T05:01:31.084+0000] {override.py:1912} INFO - Created Permission View: can read on DAG Run:example_display_name
[2025-06-17T05:01:31.090+0000] {logging_mixin.py:190} INFO - [2025-06-17T05:01:31.090+0000] {override.py:1912} INFO - Created Permission View: can delete on DAG Run:example_display_name
[2025-06-17T05:01:31.090+0000] {logging_mixin.py:190} INFO - [2025-06-17T05:01:31.090+0000] {dag.py:3239} INFO - Sync 1 DAGs
[2025-06-17T05:01:31.100+0000] {logging_mixin.py:190} INFO - [2025-06-17T05:01:31.100+0000] {dag.py:3262} INFO - Creating ORM DAG for example_display_name
[2025-06-17T05:01:31.101+0000] {logging_mixin.py:190} INFO - [2025-06-17T05:01:31.101+0000] {dag.py:4180} INFO - Setting next_dagrun for example_display_name to None, run_after=None
[2025-06-17T05:01:31.114+0000] {processor.py:208} INFO - Processing /home/airflow/.local/lib/python3.12/site-packages/airflow/example_dags/example_display_name.py took 0.168 seconds
[2025-06-17T05:02:02.054+0000] {processor.py:186} INFO - Started process (PID=173) to work on /home/airflow/.local/lib/python3.12/site-packages/airflow/example_dags/example_display_name.py
[2025-06-17T05:02:02.055+0000] {processor.py:914} INFO - Processing file /home/airflow/.local/lib/python3.12/site-packages/airflow/example_dags/example_display_name.py for tasks to queue
[2025-06-17T05:02:02.056+0000] {logging_mixin.py:190} INFO - [2025-06-17T05:02:02.056+0000] {dagbag.py:588} INFO - Filling up the DagBag from /home/airflow/.local/lib/python3.12/site-packages/airflow/example_dags/example_display_name.py
[2025-06-17T05:02:02.063+0000] {processor.py:925} INFO - DAG(s) 'example_display_name' retrieved from /home/airflow/.local/lib/python3.12/site-packages/airflow/example_dags/example_display_name.py
[2025-06-17T05:02:02.079+0000] {logging_mixin.py:190} INFO - [2025-06-17T05:02:02.079+0000] {dag.py:3239} INFO - Sync 1 DAGs
[2025-06-17T05:02:02.091+0000] {logging_mixin.py:190} INFO - [2025-06-17T05:02:02.091+0000] {dag.py:4180} INFO - Setting next_dagrun for example_display_name to None, run_after=None
[2025-06-17T05:02:02.109+0000] {processor.py:208} INFO - Processing /home/airflow/.local/lib/python3.12/site-packages/airflow/example_dags/example_display_name.py took 0.060 seconds
[2025-06-17T05:02:32.669+0000] {processor.py:186} INFO - Started process (PID=236) to work on /home/airflow/.local/lib/python3.12/site-packages/airflow/example_dags/example_display_name.py
[2025-06-17T05:02:32.669+0000] {processor.py:914} INFO - Processing file /home/airflow/.local/lib/python3.12/site-packages/airflow/example_dags/example_display_name.py for tasks to queue
[2025-06-17T05:02:32.670+0000] {logging_mixin.py:190} INFO - [2025-06-17T05:02:32.670+0000] {dagbag.py:588} INFO - Filling up the DagBag from /home/airflow/.local/lib/python3.12/site-packages/airflow/example_dags/example_display_name.py
[2025-06-17T05:02:32.676+0000] {processor.py:925} INFO - DAG(s) 'example_display_name' retrieved from /home/airflow/.local/lib/python3.12/site-packages/airflow/example_dags/example_display_name.py
[2025-06-17T05:02:32.692+0000] {logging_mixin.py:190} INFO - [2025-06-17T05:02:32.691+0000] {dag.py:3239} INFO - Sync 1 DAGs
[2025-06-17T05:02:32.703+0000] {logging_mixin.py:190} INFO - [2025-06-17T05:02:32.703+0000] {dag.py:4180} INFO - Setting next_dagrun for example_display_name to None, run_after=None
[2025-06-17T05:02:32.716+0000] {processor.py:208} INFO - Processing /home/airflow/.local/lib/python3.12/site-packages/airflow/example_dags/example_display_name.py took 0.051 seconds
[2025-06-17T05:06:08.347+0000] {processor.py:186} INFO - Started process (PID=112) to work on /home/airflow/.local/lib/python3.12/site-packages/airflow/example_dags/example_display_name.py
[2025-06-17T05:06:08.348+0000] {processor.py:914} INFO - Processing file /home/airflow/.local/lib/python3.12/site-packages/airflow/example_dags/example_display_name.py for tasks to queue
[2025-06-17T05:06:08.349+0000] {logging_mixin.py:190} INFO - [2025-06-17T05:06:08.348+0000] {dagbag.py:588} INFO - Filling up the DagBag from /home/airflow/.local/lib/python3.12/site-packages/airflow/example_dags/example_display_name.py
[2025-06-17T05:06:08.357+0000] {processor.py:925} INFO - DAG(s) 'example_display_name' retrieved from /home/airflow/.local/lib/python3.12/site-packages/airflow/example_dags/example_display_name.py
[2025-06-17T05:06:08.374+0000] {logging_mixin.py:190} INFO - [2025-06-17T05:06:08.374+0000] {dag.py:3239} INFO - Sync 1 DAGs
[2025-06-17T05:06:08.387+0000] {logging_mixin.py:190} INFO - [2025-06-17T05:06:08.387+0000] {dag.py:4180} INFO - Setting next_dagrun for example_display_name to None, run_after=None
[2025-06-17T05:06:08.403+0000] {processor.py:208} INFO - Processing /home/airflow/.local/lib/python3.12/site-packages/airflow/example_dags/example_display_name.py took 0.061 seconds
[2025-06-17T05:06:39.465+0000] {processor.py:186} INFO - Started process (PID=175) to work on /home/airflow/.local/lib/python3.12/site-packages/airflow/example_dags/example_display_name.py
[2025-06-17T05:06:39.465+0000] {processor.py:914} INFO - Processing file /home/airflow/.local/lib/python3.12/site-packages/airflow/example_dags/example_display_name.py for tasks to queue
[2025-06-17T05:06:39.466+0000] {logging_mixin.py:190} INFO - [2025-06-17T05:06:39.466+0000] {dagbag.py:588} INFO - Filling up the DagBag from /home/airflow/.local/lib/python3.12/site-packages/airflow/example_dags/example_display_name.py
[2025-06-17T05:06:39.472+0000] {processor.py:925} INFO - DAG(s) 'example_display_name' retrieved from /home/airflow/.local/lib/python3.12/site-packages/airflow/example_dags/example_display_name.py
[2025-06-17T05:06:39.486+0000] {logging_mixin.py:190} INFO - [2025-06-17T05:06:39.486+0000] {dag.py:3239} INFO - Sync 1 DAGs
[2025-06-17T05:06:39.497+0000] {logging_mixin.py:190} INFO - [2025-06-17T05:06:39.497+0000] {dag.py:4180} INFO - Setting next_dagrun for example_display_name to None, run_after=None
[2025-06-17T05:06:39.510+0000] {processor.py:208} INFO - Processing /home/airflow/.local/lib/python3.12/site-packages/airflow/example_dags/example_display_name.py took 0.050 seconds
[2025-06-17T05:09:02.990+0000] {processor.py:186} INFO - Started process (PID=110) to work on /home/airflow/.local/lib/python3.12/site-packages/airflow/example_dags/example_display_name.py
[2025-06-17T05:09:02.991+0000] {processor.py:914} INFO - Processing file /home/airflow/.local/lib/python3.12/site-packages/airflow/example_dags/example_display_name.py for tasks to queue
[2025-06-17T05:09:02.992+0000] {logging_mixin.py:190} INFO - [2025-06-17T05:09:02.992+0000] {dagbag.py:588} INFO - Filling up the DagBag from /home/airflow/.local/lib/python3.12/site-packages/airflow/example_dags/example_display_name.py
[2025-06-17T05:09:02.999+0000] {processor.py:925} INFO - DAG(s) 'example_display_name' retrieved from /home/airflow/.local/lib/python3.12/site-packages/airflow/example_dags/example_display_name.py
[2025-06-17T05:09:03.014+0000] {logging_mixin.py:190} INFO - [2025-06-17T05:09:03.014+0000] {dag.py:3239} INFO - Sync 1 DAGs
[2025-06-17T05:09:03.031+0000] {logging_mixin.py:190} INFO - [2025-06-17T05:09:03.031+0000] {dag.py:4180} INFO - Setting next_dagrun for example_display_name to None, run_after=None
[2025-06-17T05:09:03.050+0000] {processor.py:208} INFO - Processing /home/airflow/.local/lib/python3.12/site-packages/airflow/example_dags/example_display_name.py took 0.065 seconds
[2025-06-17T05:09:33.710+0000] {processor.py:186} INFO - Started process (PID=173) to work on /home/airflow/.local/lib/python3.12/site-packages/airflow/example_dags/example_display_name.py
[2025-06-17T05:09:33.710+0000] {processor.py:914} INFO - Processing file /home/airflow/.local/lib/python3.12/site-packages/airflow/example_dags/example_display_name.py for tasks to queue
[2025-06-17T05:09:33.712+0000] {logging_mixin.py:190} INFO - [2025-06-17T05:09:33.711+0000] {dagbag.py:588} INFO - Filling up the DagBag from /home/airflow/.local/lib/python3.12/site-packages/airflow/example_dags/example_display_name.py
[2025-06-17T05:09:33.718+0000] {processor.py:925} INFO - DAG(s) 'example_display_name' retrieved from /home/airflow/.local/lib/python3.12/site-packages/airflow/example_dags/example_display_name.py
[2025-06-17T05:09:33.731+0000] {logging_mixin.py:190} INFO - [2025-06-17T05:09:33.731+0000] {dag.py:3239} INFO - Sync 1 DAGs
[2025-06-17T05:09:33.742+0000] {logging_mixin.py:190} INFO - [2025-06-17T05:09:33.741+0000] {dag.py:4180} INFO - Setting next_dagrun for example_display_name to None, run_after=None
[2025-06-17T05:09:33.756+0000] {processor.py:208} INFO - Processing /home/airflow/.local/lib/python3.12/site-packages/airflow/example_dags/example_display_name.py took 0.051 seconds
[2025-06-17T05:10:03.958+0000] {processor.py:186} INFO - Started process (PID=236) to work on /home/airflow/.local/lib/python3.12/site-packages/airflow/example_dags/example_display_name.py
[2025-06-17T05:10:03.959+0000] {processor.py:914} INFO - Processing file /home/airflow/.local/lib/python3.12/site-packages/airflow/example_dags/example_display_name.py for tasks to queue
[2025-06-17T05:10:03.960+0000] {logging_mixin.py:190} INFO - [2025-06-17T05:10:03.960+0000] {dagbag.py:588} INFO - Filling up the DagBag from /home/airflow/.local/lib/python3.12/site-packages/airflow/example_dags/example_display_name.py
[2025-06-17T05:10:03.967+0000] {processor.py:925} INFO - DAG(s) 'example_display_name' retrieved from /home/airflow/.local/lib/python3.12/site-packages/airflow/example_dags/example_display_name.py
[2025-06-17T05:10:03.983+0000] {logging_mixin.py:190} INFO - [2025-06-17T05:10:03.983+0000] {dag.py:3239} INFO - Sync 1 DAGs
[2025-06-17T05:10:03.993+0000] {logging_mixin.py:190} INFO - [2025-06-17T05:10:03.993+0000] {dag.py:4180} INFO - Setting next_dagrun for example_display_name to None, run_after=None
[2025-06-17T05:10:04.007+0000] {processor.py:208} INFO - Processing /home/airflow/.local/lib/python3.12/site-packages/airflow/example_dags/example_display_name.py took 0.055 seconds
[2025-06-17T05:10:35.170+0000] {processor.py:186} INFO - Started process (PID=299) to work on /home/airflow/.local/lib/python3.12/site-packages/airflow/example_dags/example_display_name.py
[2025-06-17T05:10:35.171+0000] {processor.py:914} INFO - Processing file /home/airflow/.local/lib/python3.12/site-packages/airflow/example_dags/example_display_name.py for tasks to queue
[2025-06-17T05:10:35.171+0000] {logging_mixin.py:190} INFO - [2025-06-17T05:10:35.171+0000] {dagbag.py:588} INFO - Filling up the DagBag from /home/airflow/.local/lib/python3.12/site-packages/airflow/example_dags/example_display_name.py
[2025-06-17T05:10:35.177+0000] {processor.py:925} INFO - DAG(s) 'example_display_name' retrieved from /home/airflow/.local/lib/python3.12/site-packages/airflow/example_dags/example_display_name.py
[2025-06-17T05:10:35.192+0000] {logging_mixin.py:190} INFO - [2025-06-17T05:10:35.192+0000] {dag.py:3239} INFO - Sync 1 DAGs
[2025-06-17T05:10:35.203+0000] {logging_mixin.py:190} INFO - [2025-06-17T05:10:35.202+0000] {dag.py:4180} INFO - Setting next_dagrun for example_display_name to None, run_after=None
[2025-06-17T05:10:35.217+0000] {processor.py:208} INFO - Processing /home/airflow/.local/lib/python3.12/site-packages/airflow/example_dags/example_display_name.py took 0.051 seconds
[2025-06-17T05:11:05.930+0000] {processor.py:186} INFO - Started process (PID=362) to work on /home/airflow/.local/lib/python3.12/site-packages/airflow/example_dags/example_display_name.py
[2025-06-17T05:11:05.931+0000] {processor.py:914} INFO - Processing file /home/airflow/.local/lib/python3.12/site-packages/airflow/example_dags/example_display_name.py for tasks to queue
[2025-06-17T05:11:05.932+0000] {logging_mixin.py:190} INFO - [2025-06-17T05:11:05.932+0000] {dagbag.py:588} INFO - Filling up the DagBag from /home/airflow/.local/lib/python3.12/site-packages/airflow/example_dags/example_display_name.py
[2025-06-17T05:11:05.938+0000] {processor.py:925} INFO - DAG(s) 'example_display_name' retrieved from /home/airflow/.local/lib/python3.12/site-packages/airflow/example_dags/example_display_name.py
[2025-06-17T05:11:05.953+0000] {logging_mixin.py:190} INFO - [2025-06-17T05:11:05.952+0000] {dag.py:3239} INFO - Sync 1 DAGs
[2025-06-17T05:11:05.964+0000] {logging_mixin.py:190} INFO - [2025-06-17T05:11:05.964+0000] {dag.py:4180} INFO - Setting next_dagrun for example_display_name to None, run_after=None
[2025-06-17T05:11:05.979+0000] {processor.py:208} INFO - Processing /home/airflow/.local/lib/python3.12/site-packages/airflow/example_dags/example_display_name.py took 0.054 seconds
[2025-06-17T05:11:37.048+0000] {processor.py:186} INFO - Started process (PID=425) to work on /home/airflow/.local/lib/python3.12/site-packages/airflow/example_dags/example_display_name.py
[2025-06-17T05:11:37.049+0000] {processor.py:914} INFO - Processing file /home/airflow/.local/lib/python3.12/site-packages/airflow/example_dags/example_display_name.py for tasks to queue
[2025-06-17T05:11:37.050+0000] {logging_mixin.py:190} INFO - [2025-06-17T05:11:37.050+0000] {dagbag.py:588} INFO - Filling up the DagBag from /home/airflow/.local/lib/python3.12/site-packages/airflow/example_dags/example_display_name.py
[2025-06-17T05:11:37.056+0000] {processor.py:925} INFO - DAG(s) 'example_display_name' retrieved from /home/airflow/.local/lib/python3.12/site-packages/airflow/example_dags/example_display_name.py
[2025-06-17T05:11:37.070+0000] {logging_mixin.py:190} INFO - [2025-06-17T05:11:37.070+0000] {dag.py:3239} INFO - Sync 1 DAGs
[2025-06-17T05:11:37.082+0000] {logging_mixin.py:190} INFO - [2025-06-17T05:11:37.081+0000] {dag.py:4180} INFO - Setting next_dagrun for example_display_name to None, run_after=None
[2025-06-17T05:11:37.095+0000] {processor.py:208} INFO - Processing /home/airflow/.local/lib/python3.12/site-packages/airflow/example_dags/example_display_name.py took 0.051 seconds
[2025-06-17T05:12:07.688+0000] {processor.py:186} INFO - Started process (PID=488) to work on /home/airflow/.local/lib/python3.12/site-packages/airflow/example_dags/example_display_name.py
[2025-06-17T05:12:07.688+0000] {processor.py:914} INFO - Processing file /home/airflow/.local/lib/python3.12/site-packages/airflow/example_dags/example_display_name.py for tasks to queue
[2025-06-17T05:12:07.689+0000] {logging_mixin.py:190} INFO - [2025-06-17T05:12:07.689+0000] {dagbag.py:588} INFO - Filling up the DagBag from /home/airflow/.local/lib/python3.12/site-packages/airflow/example_dags/example_display_name.py
[2025-06-17T05:12:07.696+0000] {processor.py:925} INFO - DAG(s) 'example_display_name' retrieved from /home/airflow/.local/lib/python3.12/site-packages/airflow/example_dags/example_display_name.py
[2025-06-17T05:12:07.712+0000] {logging_mixin.py:190} INFO - [2025-06-17T05:12:07.712+0000] {dag.py:3239} INFO - Sync 1 DAGs
[2025-06-17T05:12:07.723+0000] {logging_mixin.py:190} INFO - [2025-06-17T05:12:07.723+0000] {dag.py:4180} INFO - Setting next_dagrun for example_display_name to None, run_after=None
[2025-06-17T05:12:07.742+0000] {processor.py:208} INFO - Processing /home/airflow/.local/lib/python3.12/site-packages/airflow/example_dags/example_display_name.py took 0.059 seconds
[2025-06-17T05:12:38.122+0000] {processor.py:186} INFO - Started process (PID=551) to work on /home/airflow/.local/lib/python3.12/site-packages/airflow/example_dags/example_display_name.py
[2025-06-17T05:12:38.123+0000] {processor.py:914} INFO - Processing file /home/airflow/.local/lib/python3.12/site-packages/airflow/example_dags/example_display_name.py for tasks to queue
[2025-06-17T05:12:38.124+0000] {logging_mixin.py:190} INFO - [2025-06-17T05:12:38.124+0000] {dagbag.py:588} INFO - Filling up the DagBag from /home/airflow/.local/lib/python3.12/site-packages/airflow/example_dags/example_display_name.py
[2025-06-17T05:12:38.129+0000] {processor.py:925} INFO - DAG(s) 'example_display_name' retrieved from /home/airflow/.local/lib/python3.12/site-packages/airflow/example_dags/example_display_name.py
[2025-06-17T05:12:38.143+0000] {logging_mixin.py:190} INFO - [2025-06-17T05:12:38.143+0000] {dag.py:3239} INFO - Sync 1 DAGs
[2025-06-17T05:12:38.154+0000] {logging_mixin.py:190} INFO - [2025-06-17T05:12:38.154+0000] {dag.py:4180} INFO - Setting next_dagrun for example_display_name to None, run_after=None
[2025-06-17T05:12:38.168+0000] {processor.py:208} INFO - Processing /home/airflow/.local/lib/python3.12/site-packages/airflow/example_dags/example_display_name.py took 0.050 seconds
[2025-06-17T05:13:08.929+0000] {processor.py:186} INFO - Started process (PID=614) to work on /home/airflow/.local/lib/python3.12/site-packages/airflow/example_dags/example_display_name.py
[2025-06-17T05:13:08.929+0000] {processor.py:914} INFO - Processing file /home/airflow/.local/lib/python3.12/site-packages/airflow/example_dags/example_display_name.py for tasks to queue
[2025-06-17T05:13:08.930+0000] {logging_mixin.py:190} INFO - [2025-06-17T05:13:08.930+0000] {dagbag.py:588} INFO - Filling up the DagBag from /home/airflow/.local/lib/python3.12/site-packages/airflow/example_dags/example_display_name.py
[2025-06-17T05:13:08.936+0000] {processor.py:925} INFO - DAG(s) 'example_display_name' retrieved from /home/airflow/.local/lib/python3.12/site-packages/airflow/example_dags/example_display_name.py
[2025-06-17T05:13:08.949+0000] {logging_mixin.py:190} INFO - [2025-06-17T05:13:08.949+0000] {dag.py:3239} INFO - Sync 1 DAGs
[2025-06-17T05:13:08.960+0000] {logging_mixin.py:190} INFO - [2025-06-17T05:13:08.959+0000] {dag.py:4180} INFO - Setting next_dagrun for example_display_name to None, run_after=None
[2025-06-17T05:13:08.973+0000] {processor.py:208} INFO - Processing /home/airflow/.local/lib/python3.12/site-packages/airflow/example_dags/example_display_name.py took 0.048 seconds
[2025-06-17T05:13:39.481+0000] {processor.py:186} INFO - Started process (PID=678) to work on /home/airflow/.local/lib/python3.12/site-packages/airflow/example_dags/example_display_name.py
[2025-06-17T05:13:39.481+0000] {processor.py:914} INFO - Processing file /home/airflow/.local/lib/python3.12/site-packages/airflow/example_dags/example_display_name.py for tasks to queue
[2025-06-17T05:13:39.482+0000] {logging_mixin.py:190} INFO - [2025-06-17T05:13:39.482+0000] {dagbag.py:588} INFO - Filling up the DagBag from /home/airflow/.local/lib/python3.12/site-packages/airflow/example_dags/example_display_name.py
[2025-06-17T05:13:39.488+0000] {processor.py:925} INFO - DAG(s) 'example_display_name' retrieved from /home/airflow/.local/lib/python3.12/site-packages/airflow/example_dags/example_display_name.py
[2025-06-17T05:13:39.500+0000] {logging_mixin.py:190} INFO - [2025-06-17T05:13:39.500+0000] {dag.py:3239} INFO - Sync 1 DAGs
[2025-06-17T05:13:39.512+0000] {logging_mixin.py:190} INFO - [2025-06-17T05:13:39.511+0000] {dag.py:4180} INFO - Setting next_dagrun for example_display_name to None, run_after=None
[2025-06-17T05:13:39.526+0000] {processor.py:208} INFO - Processing /home/airflow/.local/lib/python3.12/site-packages/airflow/example_dags/example_display_name.py took 0.050 seconds
[2025-06-17T05:14:10.705+0000] {processor.py:186} INFO - Started process (PID=741) to work on /home/airflow/.local/lib/python3.12/site-packages/airflow/example_dags/example_display_name.py
[2025-06-17T05:14:10.705+0000] {processor.py:914} INFO - Processing file /home/airflow/.local/lib/python3.12/site-packages/airflow/example_dags/example_display_name.py for tasks to queue
[2025-06-17T05:14:10.706+0000] {logging_mixin.py:190} INFO - [2025-06-17T05:14:10.706+0000] {dagbag.py:588} INFO - Filling up the DagBag from /home/airflow/.local/lib/python3.12/site-packages/airflow/example_dags/example_display_name.py
[2025-06-17T05:14:10.712+0000] {processor.py:925} INFO - DAG(s) 'example_display_name' retrieved from /home/airflow/.local/lib/python3.12/site-packages/airflow/example_dags/example_display_name.py
[2025-06-17T05:14:10.727+0000] {logging_mixin.py:190} INFO - [2025-06-17T05:14:10.727+0000] {dag.py:3239} INFO - Sync 1 DAGs
[2025-06-17T05:14:10.745+0000] {logging_mixin.py:190} INFO - [2025-06-17T05:14:10.745+0000] {dag.py:4180} INFO - Setting next_dagrun for example_display_name to None, run_after=None
[2025-06-17T05:14:10.767+0000] {processor.py:208} INFO - Processing /home/airflow/.local/lib/python3.12/site-packages/airflow/example_dags/example_display_name.py took 0.067 seconds
[2025-06-17T05:17:50.864+0000] {processor.py:186} INFO - Started process (PID=111) to work on /home/airflow/.local/lib/python3.12/site-packages/airflow/example_dags/example_display_name.py
[2025-06-17T05:17:50.864+0000] {processor.py:914} INFO - Processing file /home/airflow/.local/lib/python3.12/site-packages/airflow/example_dags/example_display_name.py for tasks to queue
[2025-06-17T05:17:50.865+0000] {logging_mixin.py:190} INFO - [2025-06-17T05:17:50.865+0000] {dagbag.py:588} INFO - Filling up the DagBag from /home/airflow/.local/lib/python3.12/site-packages/airflow/example_dags/example_display_name.py
[2025-06-17T05:17:50.872+0000] {processor.py:925} INFO - DAG(s) 'example_display_name' retrieved from /home/airflow/.local/lib/python3.12/site-packages/airflow/example_dags/example_display_name.py
[2025-06-17T05:17:50.949+0000] {logging_mixin.py:190} INFO - [2025-06-17T05:17:50.948+0000] {override.py:1912} INFO - Created Permission View: can read on DAG:example_display_name
[2025-06-17T05:17:50.962+0000] {logging_mixin.py:190} INFO - [2025-06-17T05:17:50.962+0000] {override.py:1912} INFO - Created Permission View: can delete on DAG:example_display_name
[2025-06-17T05:17:50.968+0000] {logging_mixin.py:190} INFO - [2025-06-17T05:17:50.968+0000] {override.py:1912} INFO - Created Permission View: can edit on DAG:example_display_name
[2025-06-17T05:17:50.975+0000] {logging_mixin.py:190} INFO - [2025-06-17T05:17:50.975+0000] {override.py:1912} INFO - Created Permission View: can read on DAG Run:example_display_name
[2025-06-17T05:17:50.982+0000] {logging_mixin.py:190} INFO - [2025-06-17T05:17:50.981+0000] {override.py:1912} INFO - Created Permission View: can delete on DAG Run:example_display_name
[2025-06-17T05:17:50.987+0000] {logging_mixin.py:190} INFO - [2025-06-17T05:17:50.987+0000] {override.py:1912} INFO - Created Permission View: menu access on DAG Run:example_display_name
[2025-06-17T05:17:50.993+0000] {logging_mixin.py:190} INFO - [2025-06-17T05:17:50.993+0000] {override.py:1912} INFO - Created Permission View: can create on DAG Run:example_display_name
[2025-06-17T05:17:50.994+0000] {logging_mixin.py:190} INFO - [2025-06-17T05:17:50.993+0000] {dag.py:3239} INFO - Sync 1 DAGs
[2025-06-17T05:17:51.004+0000] {logging_mixin.py:190} INFO - [2025-06-17T05:17:51.004+0000] {dag.py:3262} INFO - Creating ORM DAG for example_display_name
[2025-06-17T05:17:51.005+0000] {logging_mixin.py:190} INFO - [2025-06-17T05:17:51.005+0000] {dag.py:4180} INFO - Setting next_dagrun for example_display_name to None, run_after=None
[2025-06-17T05:17:51.019+0000] {processor.py:208} INFO - Processing /home/airflow/.local/lib/python3.12/site-packages/airflow/example_dags/example_display_name.py took 0.160 seconds
[2025-06-17T05:19:17.315+0000] {processor.py:186} INFO - Started process (PID=111) to work on /home/airflow/.local/lib/python3.12/site-packages/airflow/example_dags/example_display_name.py
[2025-06-17T05:19:17.316+0000] {processor.py:914} INFO - Processing file /home/airflow/.local/lib/python3.12/site-packages/airflow/example_dags/example_display_name.py for tasks to queue
[2025-06-17T05:19:17.317+0000] {logging_mixin.py:190} INFO - [2025-06-17T05:19:17.317+0000] {dagbag.py:588} INFO - Filling up the DagBag from /home/airflow/.local/lib/python3.12/site-packages/airflow/example_dags/example_display_name.py
[2025-06-17T05:19:17.323+0000] {processor.py:925} INFO - DAG(s) 'example_display_name' retrieved from /home/airflow/.local/lib/python3.12/site-packages/airflow/example_dags/example_display_name.py
[2025-06-17T05:19:17.338+0000] {logging_mixin.py:190} INFO - [2025-06-17T05:19:17.338+0000] {dag.py:3239} INFO - Sync 1 DAGs
[2025-06-17T05:19:17.352+0000] {logging_mixin.py:190} INFO - [2025-06-17T05:19:17.351+0000] {dag.py:4180} INFO - Setting next_dagrun for example_display_name to None, run_after=None
[2025-06-17T05:19:17.368+0000] {processor.py:208} INFO - Processing /home/airflow/.local/lib/python3.12/site-packages/airflow/example_dags/example_display_name.py took 0.057 seconds
[2025-06-17T05:19:48.047+0000] {processor.py:186} INFO - Started process (PID=174) to work on /home/airflow/.local/lib/python3.12/site-packages/airflow/example_dags/example_display_name.py
[2025-06-17T05:19:48.048+0000] {processor.py:914} INFO - Processing file /home/airflow/.local/lib/python3.12/site-packages/airflow/example_dags/example_display_name.py for tasks to queue
[2025-06-17T05:19:48.049+0000] {logging_mixin.py:190} INFO - [2025-06-17T05:19:48.049+0000] {dagbag.py:588} INFO - Filling up the DagBag from /home/airflow/.local/lib/python3.12/site-packages/airflow/example_dags/example_display_name.py
[2025-06-17T05:19:48.056+0000] {processor.py:925} INFO - DAG(s) 'example_display_name' retrieved from /home/airflow/.local/lib/python3.12/site-packages/airflow/example_dags/example_display_name.py
[2025-06-17T05:19:48.072+0000] {logging_mixin.py:190} INFO - [2025-06-17T05:19:48.072+0000] {dag.py:3239} INFO - Sync 1 DAGs
[2025-06-17T05:19:48.084+0000] {logging_mixin.py:190} INFO - [2025-06-17T05:19:48.084+0000] {dag.py:4180} INFO - Setting next_dagrun for example_display_name to None, run_after=None
[2025-06-17T05:19:48.100+0000] {processor.py:208} INFO - Processing /home/airflow/.local/lib/python3.12/site-packages/airflow/example_dags/example_display_name.py took 0.058 seconds
[2025-06-17T05:21:36.146+0000] {processor.py:186} INFO - Started process (PID=111) to work on /home/airflow/.local/lib/python3.12/site-packages/airflow/example_dags/example_display_name.py
[2025-06-17T05:21:36.147+0000] {processor.py:914} INFO - Processing file /home/airflow/.local/lib/python3.12/site-packages/airflow/example_dags/example_display_name.py for tasks to queue
[2025-06-17T05:21:36.148+0000] {logging_mixin.py:190} INFO - [2025-06-17T05:21:36.147+0000] {dagbag.py:588} INFO - Filling up the DagBag from /home/airflow/.local/lib/python3.12/site-packages/airflow/example_dags/example_display_name.py
[2025-06-17T05:21:36.156+0000] {processor.py:925} INFO - DAG(s) 'example_display_name' retrieved from /home/airflow/.local/lib/python3.12/site-packages/airflow/example_dags/example_display_name.py
[2025-06-17T05:21:36.171+0000] {logging_mixin.py:190} INFO - [2025-06-17T05:21:36.171+0000] {dag.py:3239} INFO - Sync 1 DAGs
[2025-06-17T05:21:36.186+0000] {logging_mixin.py:190} INFO - [2025-06-17T05:21:36.185+0000] {dag.py:4180} INFO - Setting next_dagrun for example_display_name to None, run_after=None
[2025-06-17T05:21:36.203+0000] {processor.py:208} INFO - Processing /home/airflow/.local/lib/python3.12/site-packages/airflow/example_dags/example_display_name.py took 0.061 seconds
[2025-06-17T05:22:07.022+0000] {processor.py:186} INFO - Started process (PID=174) to work on /home/airflow/.local/lib/python3.12/site-packages/airflow/example_dags/example_display_name.py
[2025-06-17T05:22:07.023+0000] {processor.py:914} INFO - Processing file /home/airflow/.local/lib/python3.12/site-packages/airflow/example_dags/example_display_name.py for tasks to queue
[2025-06-17T05:22:07.024+0000] {logging_mixin.py:190} INFO - [2025-06-17T05:22:07.024+0000] {dagbag.py:588} INFO - Filling up the DagBag from /home/airflow/.local/lib/python3.12/site-packages/airflow/example_dags/example_display_name.py
[2025-06-17T05:22:07.032+0000] {processor.py:925} INFO - DAG(s) 'example_display_name' retrieved from /home/airflow/.local/lib/python3.12/site-packages/airflow/example_dags/example_display_name.py
[2025-06-17T05:22:07.046+0000] {logging_mixin.py:190} INFO - [2025-06-17T05:22:07.045+0000] {dag.py:3239} INFO - Sync 1 DAGs
[2025-06-17T05:22:07.057+0000] {logging_mixin.py:190} INFO - [2025-06-17T05:22:07.057+0000] {dag.py:4180} INFO - Setting next_dagrun for example_display_name to None, run_after=None
[2025-06-17T05:22:07.071+0000] {processor.py:208} INFO - Processing /home/airflow/.local/lib/python3.12/site-packages/airflow/example_dags/example_display_name.py took 0.053 seconds
[2025-06-17T05:22:37.980+0000] {processor.py:186} INFO - Started process (PID=237) to work on /home/airflow/.local/lib/python3.12/site-packages/airflow/example_dags/example_display_name.py
[2025-06-17T05:22:37.981+0000] {processor.py:914} INFO - Processing file /home/airflow/.local/lib/python3.12/site-packages/airflow/example_dags/example_display_name.py for tasks to queue
[2025-06-17T05:22:37.982+0000] {logging_mixin.py:190} INFO - [2025-06-17T05:22:37.982+0000] {dagbag.py:588} INFO - Filling up the DagBag from /home/airflow/.local/lib/python3.12/site-packages/airflow/example_dags/example_display_name.py
[2025-06-17T05:22:37.999+0000] {processor.py:925} INFO - DAG(s) 'example_display_name' retrieved from /home/airflow/.local/lib/python3.12/site-packages/airflow/example_dags/example_display_name.py
[2025-06-17T05:22:38.023+0000] {logging_mixin.py:190} INFO - [2025-06-17T05:22:38.022+0000] {dag.py:3239} INFO - Sync 1 DAGs
[2025-06-17T05:22:38.036+0000] {logging_mixin.py:190} INFO - [2025-06-17T05:22:38.036+0000] {dag.py:4180} INFO - Setting next_dagrun for example_display_name to None, run_after=None
[2025-06-17T05:22:38.052+0000] {processor.py:208} INFO - Processing /home/airflow/.local/lib/python3.12/site-packages/airflow/example_dags/example_display_name.py took 0.076 seconds
[2025-06-17T05:23:08.727+0000] {processor.py:186} INFO - Started process (PID=300) to work on /home/airflow/.local/lib/python3.12/site-packages/airflow/example_dags/example_display_name.py
[2025-06-17T05:23:08.728+0000] {processor.py:914} INFO - Processing file /home/airflow/.local/lib/python3.12/site-packages/airflow/example_dags/example_display_name.py for tasks to queue
[2025-06-17T05:23:08.729+0000] {logging_mixin.py:190} INFO - [2025-06-17T05:23:08.729+0000] {dagbag.py:588} INFO - Filling up the DagBag from /home/airflow/.local/lib/python3.12/site-packages/airflow/example_dags/example_display_name.py
[2025-06-17T05:23:08.735+0000] {processor.py:925} INFO - DAG(s) 'example_display_name' retrieved from /home/airflow/.local/lib/python3.12/site-packages/airflow/example_dags/example_display_name.py
[2025-06-17T05:23:08.749+0000] {logging_mixin.py:190} INFO - [2025-06-17T05:23:08.749+0000] {dag.py:3239} INFO - Sync 1 DAGs
[2025-06-17T05:23:08.760+0000] {logging_mixin.py:190} INFO - [2025-06-17T05:23:08.760+0000] {dag.py:4180} INFO - Setting next_dagrun for example_display_name to None, run_after=None
[2025-06-17T05:23:08.774+0000] {processor.py:208} INFO - Processing /home/airflow/.local/lib/python3.12/site-packages/airflow/example_dags/example_display_name.py took 0.052 seconds
[2025-06-17T05:23:39.938+0000] {processor.py:186} INFO - Started process (PID=363) to work on /home/airflow/.local/lib/python3.12/site-packages/airflow/example_dags/example_display_name.py
[2025-06-17T05:23:39.938+0000] {processor.py:914} INFO - Processing file /home/airflow/.local/lib/python3.12/site-packages/airflow/example_dags/example_display_name.py for tasks to queue
[2025-06-17T05:23:39.939+0000] {logging_mixin.py:190} INFO - [2025-06-17T05:23:39.939+0000] {dagbag.py:588} INFO - Filling up the DagBag from /home/airflow/.local/lib/python3.12/site-packages/airflow/example_dags/example_display_name.py
[2025-06-17T05:23:39.945+0000] {processor.py:925} INFO - DAG(s) 'example_display_name' retrieved from /home/airflow/.local/lib/python3.12/site-packages/airflow/example_dags/example_display_name.py
[2025-06-17T05:23:39.959+0000] {logging_mixin.py:190} INFO - [2025-06-17T05:23:39.959+0000] {dag.py:3239} INFO - Sync 1 DAGs
[2025-06-17T05:23:39.969+0000] {logging_mixin.py:190} INFO - [2025-06-17T05:23:39.969+0000] {dag.py:4180} INFO - Setting next_dagrun for example_display_name to None, run_after=None
[2025-06-17T05:23:39.983+0000] {processor.py:208} INFO - Processing /home/airflow/.local/lib/python3.12/site-packages/airflow/example_dags/example_display_name.py took 0.051 seconds
