[2025-06-17T05:01:24.124+0000] {processor.py:186} INFO - Started process (PID=62) to work on /home/airflow/.local/lib/python3.12/site-packages/airflow/example_dags/example_dataset_alias.py
[2025-06-17T05:01:24.125+0000] {processor.py:914} INFO - Processing file /home/airflow/.local/lib/python3.12/site-packages/airflow/example_dags/example_dataset_alias.py for tasks to queue
[2025-06-17T05:01:24.126+0000] {logging_mixin.py:190} INFO - [2025-06-17T05:01:24.126+0000] {dagbag.py:588} INFO - Filling up the DagBag from /home/airflow/.local/lib/python3.12/site-packages/airflow/example_dags/example_dataset_alias.py
[2025-06-17T05:01:25.450+0000] {processor.py:925} INFO - DAG(s) 'dataset_alias_example_alias_consumer', 'dataset_alias_example_alias_producer', 'dataset_s3_bucket_consumer', 'dataset_s3_bucket_producer' retrieved from /home/airflow/.local/lib/python3.12/site-packages/airflow/example_dags/example_dataset_alias.py
[2025-06-17T05:01:25.518+0000] {logging_mixin.py:190} INFO - [2025-06-17T05:01:25.518+0000] {override.py:1912} INFO - Created Permission View: can read on DAG:dataset_alias_example_alias_consumer
[2025-06-17T05:01:25.529+0000] {logging_mixin.py:190} INFO - [2025-06-17T05:01:25.528+0000] {override.py:1912} INFO - Created Permission View: can edit on DAG:dataset_alias_example_alias_consumer
[2025-06-17T05:01:25.536+0000] {logging_mixin.py:190} INFO - [2025-06-17T05:01:25.535+0000] {override.py:1912} INFO - Created Permission View: can delete on DAG:dataset_alias_example_alias_consumer
[2025-06-17T05:01:25.544+0000] {logging_mixin.py:190} INFO - [2025-06-17T05:01:25.544+0000] {override.py:1912} INFO - Created Permission View: menu access on DAG Run:dataset_alias_example_alias_consumer
[2025-06-17T05:01:25.550+0000] {logging_mixin.py:190} INFO - [2025-06-17T05:01:25.550+0000] {override.py:1912} INFO - Created Permission View: can create on DAG Run:dataset_alias_example_alias_consumer
[2025-06-17T05:01:25.556+0000] {logging_mixin.py:190} INFO - [2025-06-17T05:01:25.556+0000] {override.py:1912} INFO - Created Permission View: can read on DAG Run:dataset_alias_example_alias_consumer
[2025-06-17T05:01:25.562+0000] {logging_mixin.py:190} INFO - [2025-06-17T05:01:25.562+0000] {override.py:1912} INFO - Created Permission View: can delete on DAG Run:dataset_alias_example_alias_consumer
[2025-06-17T05:01:25.576+0000] {logging_mixin.py:190} INFO - [2025-06-17T05:01:25.576+0000] {override.py:1912} INFO - Created Permission View: can read on DAG:dataset_alias_example_alias_producer
[2025-06-17T05:01:25.583+0000] {logging_mixin.py:190} INFO - [2025-06-17T05:01:25.583+0000] {override.py:1912} INFO - Created Permission View: can edit on DAG:dataset_alias_example_alias_producer
[2025-06-17T05:01:25.589+0000] {logging_mixin.py:190} INFO - [2025-06-17T05:01:25.589+0000] {override.py:1912} INFO - Created Permission View: can delete on DAG:dataset_alias_example_alias_producer
[2025-06-17T05:01:25.598+0000] {logging_mixin.py:190} INFO - [2025-06-17T05:01:25.597+0000] {override.py:1912} INFO - Created Permission View: menu access on DAG Run:dataset_alias_example_alias_producer
[2025-06-17T05:01:25.604+0000] {logging_mixin.py:190} INFO - [2025-06-17T05:01:25.604+0000] {override.py:1912} INFO - Created Permission View: can create on DAG Run:dataset_alias_example_alias_producer
[2025-06-17T05:01:25.611+0000] {logging_mixin.py:190} INFO - [2025-06-17T05:01:25.611+0000] {override.py:1912} INFO - Created Permission View: can read on DAG Run:dataset_alias_example_alias_producer
[2025-06-17T05:01:25.617+0000] {logging_mixin.py:190} INFO - [2025-06-17T05:01:25.617+0000] {override.py:1912} INFO - Created Permission View: can delete on DAG Run:dataset_alias_example_alias_producer
[2025-06-17T05:01:25.629+0000] {logging_mixin.py:190} INFO - [2025-06-17T05:01:25.629+0000] {override.py:1912} INFO - Created Permission View: can read on DAG:dataset_s3_bucket_consumer
[2025-06-17T05:01:25.635+0000] {logging_mixin.py:190} INFO - [2025-06-17T05:01:25.635+0000] {override.py:1912} INFO - Created Permission View: can edit on DAG:dataset_s3_bucket_consumer
[2025-06-17T05:01:25.641+0000] {logging_mixin.py:190} INFO - [2025-06-17T05:01:25.640+0000] {override.py:1912} INFO - Created Permission View: can delete on DAG:dataset_s3_bucket_consumer
[2025-06-17T05:01:25.649+0000] {logging_mixin.py:190} INFO - [2025-06-17T05:01:25.649+0000] {override.py:1912} INFO - Created Permission View: menu access on DAG Run:dataset_s3_bucket_consumer
[2025-06-17T05:01:25.655+0000] {logging_mixin.py:190} INFO - [2025-06-17T05:01:25.655+0000] {override.py:1912} INFO - Created Permission View: can create on DAG Run:dataset_s3_bucket_consumer
[2025-06-17T05:01:25.661+0000] {logging_mixin.py:190} INFO - [2025-06-17T05:01:25.661+0000] {override.py:1912} INFO - Created Permission View: can read on DAG Run:dataset_s3_bucket_consumer
[2025-06-17T05:01:25.667+0000] {logging_mixin.py:190} INFO - [2025-06-17T05:01:25.667+0000] {override.py:1912} INFO - Created Permission View: can delete on DAG Run:dataset_s3_bucket_consumer
[2025-06-17T05:01:25.681+0000] {logging_mixin.py:190} INFO - [2025-06-17T05:01:25.681+0000] {override.py:1912} INFO - Created Permission View: can read on DAG:dataset_s3_bucket_producer
[2025-06-17T05:01:25.688+0000] {logging_mixin.py:190} INFO - [2025-06-17T05:01:25.688+0000] {override.py:1912} INFO - Created Permission View: can edit on DAG:dataset_s3_bucket_producer
[2025-06-17T05:01:25.694+0000] {logging_mixin.py:190} INFO - [2025-06-17T05:01:25.694+0000] {override.py:1912} INFO - Created Permission View: can delete on DAG:dataset_s3_bucket_producer
[2025-06-17T05:01:25.702+0000] {logging_mixin.py:190} INFO - [2025-06-17T05:01:25.702+0000] {override.py:1912} INFO - Created Permission View: menu access on DAG Run:dataset_s3_bucket_producer
[2025-06-17T05:01:25.709+0000] {logging_mixin.py:190} INFO - [2025-06-17T05:01:25.709+0000] {override.py:1912} INFO - Created Permission View: can create on DAG Run:dataset_s3_bucket_producer
[2025-06-17T05:01:25.714+0000] {logging_mixin.py:190} INFO - [2025-06-17T05:01:25.714+0000] {override.py:1912} INFO - Created Permission View: can read on DAG Run:dataset_s3_bucket_producer
[2025-06-17T05:01:25.721+0000] {logging_mixin.py:190} INFO - [2025-06-17T05:01:25.720+0000] {override.py:1912} INFO - Created Permission View: can delete on DAG Run:dataset_s3_bucket_producer
[2025-06-17T05:01:25.721+0000] {logging_mixin.py:190} INFO - [2025-06-17T05:01:25.721+0000] {dag.py:3239} INFO - Sync 4 DAGs
[2025-06-17T05:01:25.732+0000] {logging_mixin.py:190} INFO - [2025-06-17T05:01:25.731+0000] {dag.py:3262} INFO - Creating ORM DAG for dataset_s3_bucket_consumer
[2025-06-17T05:01:25.733+0000] {logging_mixin.py:190} INFO - [2025-06-17T05:01:25.733+0000] {dag.py:3262} INFO - Creating ORM DAG for dataset_alias_example_alias_consumer
[2025-06-17T05:01:25.733+0000] {logging_mixin.py:190} INFO - [2025-06-17T05:01:25.733+0000] {dag.py:3262} INFO - Creating ORM DAG for dataset_s3_bucket_producer
[2025-06-17T05:01:25.734+0000] {logging_mixin.py:190} INFO - [2025-06-17T05:01:25.734+0000] {dag.py:3262} INFO - Creating ORM DAG for dataset_alias_example_alias_producer
[2025-06-17T05:01:25.740+0000] {logging_mixin.py:190} INFO - [2025-06-17T05:01:25.740+0000] {dag.py:4180} INFO - Setting next_dagrun for dataset_alias_example_alias_consumer to None, run_after=None
[2025-06-17T05:01:25.741+0000] {logging_mixin.py:190} INFO - [2025-06-17T05:01:25.740+0000] {dag.py:4180} INFO - Setting next_dagrun for dataset_alias_example_alias_producer to None, run_after=None
[2025-06-17T05:01:25.741+0000] {logging_mixin.py:190} INFO - [2025-06-17T05:01:25.741+0000] {dag.py:4180} INFO - Setting next_dagrun for dataset_s3_bucket_consumer to None, run_after=None
[2025-06-17T05:01:25.741+0000] {logging_mixin.py:190} INFO - [2025-06-17T05:01:25.741+0000] {dag.py:4180} INFO - Setting next_dagrun for dataset_s3_bucket_producer to None, run_after=None
[2025-06-17T05:01:25.763+0000] {processor.py:208} INFO - Processing /home/airflow/.local/lib/python3.12/site-packages/airflow/example_dags/example_dataset_alias.py took 1.644 seconds
[2025-06-17T05:01:55.899+0000] {processor.py:186} INFO - Started process (PID=126) to work on /home/airflow/.local/lib/python3.12/site-packages/airflow/example_dags/example_dataset_alias.py
[2025-06-17T05:01:55.900+0000] {processor.py:914} INFO - Processing file /home/airflow/.local/lib/python3.12/site-packages/airflow/example_dags/example_dataset_alias.py for tasks to queue
[2025-06-17T05:01:55.901+0000] {logging_mixin.py:190} INFO - [2025-06-17T05:01:55.901+0000] {dagbag.py:588} INFO - Filling up the DagBag from /home/airflow/.local/lib/python3.12/site-packages/airflow/example_dags/example_dataset_alias.py
[2025-06-17T05:01:56.333+0000] {processor.py:925} INFO - DAG(s) 'dataset_alias_example_alias_producer', 'dataset_alias_example_alias_consumer', 'dataset_s3_bucket_consumer', 'dataset_s3_bucket_producer' retrieved from /home/airflow/.local/lib/python3.12/site-packages/airflow/example_dags/example_dataset_alias.py
[2025-06-17T05:01:56.347+0000] {logging_mixin.py:190} INFO - [2025-06-17T05:01:56.347+0000] {dag.py:3239} INFO - Sync 4 DAGs
[2025-06-17T05:01:56.362+0000] {logging_mixin.py:190} INFO - [2025-06-17T05:01:56.362+0000] {dag.py:4180} INFO - Setting next_dagrun for dataset_alias_example_alias_consumer to None, run_after=None
[2025-06-17T05:01:56.363+0000] {logging_mixin.py:190} INFO - [2025-06-17T05:01:56.363+0000] {dag.py:4180} INFO - Setting next_dagrun for dataset_alias_example_alias_producer to None, run_after=None
[2025-06-17T05:01:56.365+0000] {logging_mixin.py:190} INFO - [2025-06-17T05:01:56.364+0000] {dag.py:4180} INFO - Setting next_dagrun for dataset_s3_bucket_consumer to None, run_after=None
[2025-06-17T05:01:56.365+0000] {logging_mixin.py:190} INFO - [2025-06-17T05:01:56.365+0000] {dag.py:4180} INFO - Setting next_dagrun for dataset_s3_bucket_producer to None, run_after=None
[2025-06-17T05:01:56.382+0000] {processor.py:208} INFO - Processing /home/airflow/.local/lib/python3.12/site-packages/airflow/example_dags/example_dataset_alias.py took 0.487 seconds
[2025-06-17T05:02:26.823+0000] {processor.py:186} INFO - Started process (PID=195) to work on /home/airflow/.local/lib/python3.12/site-packages/airflow/example_dags/example_dataset_alias.py
[2025-06-17T05:02:26.823+0000] {processor.py:914} INFO - Processing file /home/airflow/.local/lib/python3.12/site-packages/airflow/example_dags/example_dataset_alias.py for tasks to queue
[2025-06-17T05:02:26.824+0000] {logging_mixin.py:190} INFO - [2025-06-17T05:02:26.824+0000] {dagbag.py:588} INFO - Filling up the DagBag from /home/airflow/.local/lib/python3.12/site-packages/airflow/example_dags/example_dataset_alias.py
[2025-06-17T05:02:27.281+0000] {processor.py:925} INFO - DAG(s) 'dataset_s3_bucket_consumer', 'dataset_alias_example_alias_producer', 'dataset_s3_bucket_producer', 'dataset_alias_example_alias_consumer' retrieved from /home/airflow/.local/lib/python3.12/site-packages/airflow/example_dags/example_dataset_alias.py
[2025-06-17T05:02:27.295+0000] {logging_mixin.py:190} INFO - [2025-06-17T05:02:27.295+0000] {dag.py:3239} INFO - Sync 4 DAGs
[2025-06-17T05:02:27.310+0000] {logging_mixin.py:190} INFO - [2025-06-17T05:02:27.310+0000] {dag.py:4180} INFO - Setting next_dagrun for dataset_alias_example_alias_consumer to None, run_after=None
[2025-06-17T05:02:27.312+0000] {logging_mixin.py:190} INFO - [2025-06-17T05:02:27.312+0000] {dag.py:4180} INFO - Setting next_dagrun for dataset_alias_example_alias_producer to None, run_after=None
[2025-06-17T05:02:27.313+0000] {logging_mixin.py:190} INFO - [2025-06-17T05:02:27.313+0000] {dag.py:4180} INFO - Setting next_dagrun for dataset_s3_bucket_consumer to None, run_after=None
[2025-06-17T05:02:27.314+0000] {logging_mixin.py:190} INFO - [2025-06-17T05:02:27.314+0000] {dag.py:4180} INFO - Setting next_dagrun for dataset_s3_bucket_producer to None, run_after=None
[2025-06-17T05:02:27.330+0000] {processor.py:208} INFO - Processing /home/airflow/.local/lib/python3.12/site-packages/airflow/example_dags/example_dataset_alias.py took 0.511 seconds
[2025-06-17T05:06:04.047+0000] {processor.py:186} INFO - Started process (PID=64) to work on /home/airflow/.local/lib/python3.12/site-packages/airflow/example_dags/example_dataset_alias.py
[2025-06-17T05:06:04.048+0000] {processor.py:914} INFO - Processing file /home/airflow/.local/lib/python3.12/site-packages/airflow/example_dags/example_dataset_alias.py for tasks to queue
[2025-06-17T05:06:04.049+0000] {logging_mixin.py:190} INFO - [2025-06-17T05:06:04.048+0000] {dagbag.py:588} INFO - Filling up the DagBag from /home/airflow/.local/lib/python3.12/site-packages/airflow/example_dags/example_dataset_alias.py
[2025-06-17T05:06:05.207+0000] {processor.py:925} INFO - DAG(s) 'dataset_s3_bucket_producer', 'dataset_alias_example_alias_producer', 'dataset_alias_example_alias_consumer', 'dataset_s3_bucket_consumer' retrieved from /home/airflow/.local/lib/python3.12/site-packages/airflow/example_dags/example_dataset_alias.py
[2025-06-17T05:06:05.225+0000] {logging_mixin.py:190} INFO - [2025-06-17T05:06:05.225+0000] {dag.py:3239} INFO - Sync 4 DAGs
[2025-06-17T05:06:05.244+0000] {logging_mixin.py:190} INFO - [2025-06-17T05:06:05.244+0000] {dag.py:4180} INFO - Setting next_dagrun for dataset_alias_example_alias_consumer to None, run_after=None
[2025-06-17T05:06:05.249+0000] {logging_mixin.py:190} INFO - [2025-06-17T05:06:05.249+0000] {dag.py:4180} INFO - Setting next_dagrun for dataset_alias_example_alias_producer to None, run_after=None
[2025-06-17T05:06:05.250+0000] {logging_mixin.py:190} INFO - [2025-06-17T05:06:05.250+0000] {dag.py:4180} INFO - Setting next_dagrun for dataset_s3_bucket_consumer to None, run_after=None
[2025-06-17T05:06:05.252+0000] {logging_mixin.py:190} INFO - [2025-06-17T05:06:05.251+0000] {dag.py:4180} INFO - Setting next_dagrun for dataset_s3_bucket_producer to None, run_after=None
[2025-06-17T05:06:05.271+0000] {processor.py:208} INFO - Processing /home/airflow/.local/lib/python3.12/site-packages/airflow/example_dags/example_dataset_alias.py took 1.229 seconds
[2025-06-17T05:06:36.090+0000] {processor.py:186} INFO - Started process (PID=128) to work on /home/airflow/.local/lib/python3.12/site-packages/airflow/example_dags/example_dataset_alias.py
[2025-06-17T05:06:36.091+0000] {processor.py:914} INFO - Processing file /home/airflow/.local/lib/python3.12/site-packages/airflow/example_dags/example_dataset_alias.py for tasks to queue
[2025-06-17T05:06:36.092+0000] {logging_mixin.py:190} INFO - [2025-06-17T05:06:36.091+0000] {dagbag.py:588} INFO - Filling up the DagBag from /home/airflow/.local/lib/python3.12/site-packages/airflow/example_dags/example_dataset_alias.py
[2025-06-17T05:06:36.551+0000] {processor.py:925} INFO - DAG(s) 'dataset_s3_bucket_producer', 'dataset_s3_bucket_consumer', 'dataset_alias_example_alias_producer', 'dataset_alias_example_alias_consumer' retrieved from /home/airflow/.local/lib/python3.12/site-packages/airflow/example_dags/example_dataset_alias.py
[2025-06-17T05:06:36.566+0000] {logging_mixin.py:190} INFO - [2025-06-17T05:06:36.565+0000] {dag.py:3239} INFO - Sync 4 DAGs
[2025-06-17T05:06:36.581+0000] {logging_mixin.py:190} INFO - [2025-06-17T05:06:36.581+0000] {dag.py:4180} INFO - Setting next_dagrun for dataset_alias_example_alias_consumer to None, run_after=None
[2025-06-17T05:06:36.583+0000] {logging_mixin.py:190} INFO - [2025-06-17T05:06:36.583+0000] {dag.py:4180} INFO - Setting next_dagrun for dataset_alias_example_alias_producer to None, run_after=None
[2025-06-17T05:06:36.584+0000] {logging_mixin.py:190} INFO - [2025-06-17T05:06:36.584+0000] {dag.py:4180} INFO - Setting next_dagrun for dataset_s3_bucket_consumer to None, run_after=None
[2025-06-17T05:06:36.585+0000] {logging_mixin.py:190} INFO - [2025-06-17T05:06:36.585+0000] {dag.py:4180} INFO - Setting next_dagrun for dataset_s3_bucket_producer to None, run_after=None
[2025-06-17T05:06:36.604+0000] {processor.py:208} INFO - Processing /home/airflow/.local/lib/python3.12/site-packages/airflow/example_dags/example_dataset_alias.py took 0.518 seconds
[2025-06-17T05:08:57.572+0000] {processor.py:186} INFO - Started process (PID=62) to work on /home/airflow/.local/lib/python3.12/site-packages/airflow/example_dags/example_dataset_alias.py
[2025-06-17T05:08:57.573+0000] {processor.py:914} INFO - Processing file /home/airflow/.local/lib/python3.12/site-packages/airflow/example_dags/example_dataset_alias.py for tasks to queue
[2025-06-17T05:08:57.574+0000] {logging_mixin.py:190} INFO - [2025-06-17T05:08:57.574+0000] {dagbag.py:588} INFO - Filling up the DagBag from /home/airflow/.local/lib/python3.12/site-packages/airflow/example_dags/example_dataset_alias.py
[2025-06-17T05:08:59.203+0000] {processor.py:925} INFO - DAG(s) 'dataset_alias_example_alias_producer', 'dataset_s3_bucket_consumer', 'dataset_s3_bucket_producer', 'dataset_alias_example_alias_consumer' retrieved from /home/airflow/.local/lib/python3.12/site-packages/airflow/example_dags/example_dataset_alias.py
[2025-06-17T05:08:59.230+0000] {logging_mixin.py:190} INFO - [2025-06-17T05:08:59.227+0000] {dag.py:3239} INFO - Sync 4 DAGs
[2025-06-17T05:08:59.266+0000] {logging_mixin.py:190} INFO - [2025-06-17T05:08:59.266+0000] {dag.py:4180} INFO - Setting next_dagrun for dataset_alias_example_alias_consumer to None, run_after=None
[2025-06-17T05:08:59.271+0000] {logging_mixin.py:190} INFO - [2025-06-17T05:08:59.271+0000] {dag.py:4180} INFO - Setting next_dagrun for dataset_alias_example_alias_producer to None, run_after=None
[2025-06-17T05:08:59.273+0000] {logging_mixin.py:190} INFO - [2025-06-17T05:08:59.273+0000] {dag.py:4180} INFO - Setting next_dagrun for dataset_s3_bucket_consumer to None, run_after=None
[2025-06-17T05:08:59.274+0000] {logging_mixin.py:190} INFO - [2025-06-17T05:08:59.274+0000] {dag.py:4180} INFO - Setting next_dagrun for dataset_s3_bucket_producer to None, run_after=None
[2025-06-17T05:08:59.304+0000] {processor.py:208} INFO - Processing /home/airflow/.local/lib/python3.12/site-packages/airflow/example_dags/example_dataset_alias.py took 1.739 seconds
[2025-06-17T05:09:29.835+0000] {processor.py:186} INFO - Started process (PID=132) to work on /home/airflow/.local/lib/python3.12/site-packages/airflow/example_dags/example_dataset_alias.py
[2025-06-17T05:09:29.835+0000] {processor.py:914} INFO - Processing file /home/airflow/.local/lib/python3.12/site-packages/airflow/example_dags/example_dataset_alias.py for tasks to queue
[2025-06-17T05:09:29.836+0000] {logging_mixin.py:190} INFO - [2025-06-17T05:09:29.836+0000] {dagbag.py:588} INFO - Filling up the DagBag from /home/airflow/.local/lib/python3.12/site-packages/airflow/example_dags/example_dataset_alias.py
[2025-06-17T05:09:30.325+0000] {processor.py:925} INFO - DAG(s) 'dataset_s3_bucket_producer', 'dataset_alias_example_alias_producer', 'dataset_s3_bucket_consumer', 'dataset_alias_example_alias_consumer' retrieved from /home/airflow/.local/lib/python3.12/site-packages/airflow/example_dags/example_dataset_alias.py
[2025-06-17T05:09:30.342+0000] {logging_mixin.py:190} INFO - [2025-06-17T05:09:30.342+0000] {dag.py:3239} INFO - Sync 4 DAGs
[2025-06-17T05:09:30.359+0000] {logging_mixin.py:190} INFO - [2025-06-17T05:09:30.359+0000] {dag.py:4180} INFO - Setting next_dagrun for dataset_alias_example_alias_consumer to None, run_after=None
[2025-06-17T05:09:30.362+0000] {logging_mixin.py:190} INFO - [2025-06-17T05:09:30.362+0000] {dag.py:4180} INFO - Setting next_dagrun for dataset_alias_example_alias_producer to None, run_after=None
[2025-06-17T05:09:30.363+0000] {logging_mixin.py:190} INFO - [2025-06-17T05:09:30.363+0000] {dag.py:4180} INFO - Setting next_dagrun for dataset_s3_bucket_consumer to None, run_after=None
[2025-06-17T05:09:30.364+0000] {logging_mixin.py:190} INFO - [2025-06-17T05:09:30.364+0000] {dag.py:4180} INFO - Setting next_dagrun for dataset_s3_bucket_producer to None, run_after=None
[2025-06-17T05:09:30.383+0000] {processor.py:208} INFO - Processing /home/airflow/.local/lib/python3.12/site-packages/airflow/example_dags/example_dataset_alias.py took 0.554 seconds
[2025-06-17T05:10:00.872+0000] {processor.py:186} INFO - Started process (PID=196) to work on /home/airflow/.local/lib/python3.12/site-packages/airflow/example_dags/example_dataset_alias.py
[2025-06-17T05:10:00.872+0000] {processor.py:914} INFO - Processing file /home/airflow/.local/lib/python3.12/site-packages/airflow/example_dags/example_dataset_alias.py for tasks to queue
[2025-06-17T05:10:00.873+0000] {logging_mixin.py:190} INFO - [2025-06-17T05:10:00.873+0000] {dagbag.py:588} INFO - Filling up the DagBag from /home/airflow/.local/lib/python3.12/site-packages/airflow/example_dags/example_dataset_alias.py
[2025-06-17T05:10:01.319+0000] {processor.py:925} INFO - DAG(s) 'dataset_alias_example_alias_consumer', 'dataset_s3_bucket_consumer', 'dataset_s3_bucket_producer', 'dataset_alias_example_alias_producer' retrieved from /home/airflow/.local/lib/python3.12/site-packages/airflow/example_dags/example_dataset_alias.py
[2025-06-17T05:10:01.337+0000] {logging_mixin.py:190} INFO - [2025-06-17T05:10:01.336+0000] {dag.py:3239} INFO - Sync 4 DAGs
[2025-06-17T05:10:01.358+0000] {logging_mixin.py:190} INFO - [2025-06-17T05:10:01.358+0000] {dag.py:4180} INFO - Setting next_dagrun for dataset_alias_example_alias_consumer to None, run_after=None
[2025-06-17T05:10:01.361+0000] {logging_mixin.py:190} INFO - [2025-06-17T05:10:01.361+0000] {dag.py:4180} INFO - Setting next_dagrun for dataset_alias_example_alias_producer to None, run_after=None
[2025-06-17T05:10:01.363+0000] {logging_mixin.py:190} INFO - [2025-06-17T05:10:01.363+0000] {dag.py:4180} INFO - Setting next_dagrun for dataset_s3_bucket_consumer to None, run_after=None
[2025-06-17T05:10:01.364+0000] {logging_mixin.py:190} INFO - [2025-06-17T05:10:01.364+0000] {dag.py:4180} INFO - Setting next_dagrun for dataset_s3_bucket_producer to None, run_after=None
[2025-06-17T05:10:01.384+0000] {processor.py:208} INFO - Processing /home/airflow/.local/lib/python3.12/site-packages/airflow/example_dags/example_dataset_alias.py took 0.517 seconds
[2025-06-17T05:10:31.649+0000] {processor.py:186} INFO - Started process (PID=258) to work on /home/airflow/.local/lib/python3.12/site-packages/airflow/example_dags/example_dataset_alias.py
[2025-06-17T05:10:31.650+0000] {processor.py:914} INFO - Processing file /home/airflow/.local/lib/python3.12/site-packages/airflow/example_dags/example_dataset_alias.py for tasks to queue
[2025-06-17T05:10:31.651+0000] {logging_mixin.py:190} INFO - [2025-06-17T05:10:31.651+0000] {dagbag.py:588} INFO - Filling up the DagBag from /home/airflow/.local/lib/python3.12/site-packages/airflow/example_dags/example_dataset_alias.py
[2025-06-17T05:10:32.062+0000] {processor.py:925} INFO - DAG(s) 'dataset_s3_bucket_consumer', 'dataset_s3_bucket_producer', 'dataset_alias_example_alias_producer', 'dataset_alias_example_alias_consumer' retrieved from /home/airflow/.local/lib/python3.12/site-packages/airflow/example_dags/example_dataset_alias.py
[2025-06-17T05:10:32.076+0000] {logging_mixin.py:190} INFO - [2025-06-17T05:10:32.076+0000] {dag.py:3239} INFO - Sync 4 DAGs
[2025-06-17T05:10:32.092+0000] {logging_mixin.py:190} INFO - [2025-06-17T05:10:32.092+0000] {dag.py:4180} INFO - Setting next_dagrun for dataset_alias_example_alias_consumer to None, run_after=None
[2025-06-17T05:10:32.094+0000] {logging_mixin.py:190} INFO - [2025-06-17T05:10:32.094+0000] {dag.py:4180} INFO - Setting next_dagrun for dataset_alias_example_alias_producer to None, run_after=None
[2025-06-17T05:10:32.095+0000] {logging_mixin.py:190} INFO - [2025-06-17T05:10:32.095+0000] {dag.py:4180} INFO - Setting next_dagrun for dataset_s3_bucket_consumer to None, run_after=None
[2025-06-17T05:10:32.096+0000] {logging_mixin.py:190} INFO - [2025-06-17T05:10:32.096+0000] {dag.py:4180} INFO - Setting next_dagrun for dataset_s3_bucket_producer to None, run_after=None
[2025-06-17T05:10:32.110+0000] {processor.py:208} INFO - Processing /home/airflow/.local/lib/python3.12/site-packages/airflow/example_dags/example_dataset_alias.py took 0.465 seconds
[2025-06-17T05:11:02.941+0000] {processor.py:186} INFO - Started process (PID=321) to work on /home/airflow/.local/lib/python3.12/site-packages/airflow/example_dags/example_dataset_alias.py
[2025-06-17T05:11:02.941+0000] {processor.py:914} INFO - Processing file /home/airflow/.local/lib/python3.12/site-packages/airflow/example_dags/example_dataset_alias.py for tasks to queue
[2025-06-17T05:11:02.943+0000] {logging_mixin.py:190} INFO - [2025-06-17T05:11:02.942+0000] {dagbag.py:588} INFO - Filling up the DagBag from /home/airflow/.local/lib/python3.12/site-packages/airflow/example_dags/example_dataset_alias.py
[2025-06-17T05:11:03.390+0000] {processor.py:925} INFO - DAG(s) 'dataset_s3_bucket_producer', 'dataset_s3_bucket_consumer', 'dataset_alias_example_alias_producer', 'dataset_alias_example_alias_consumer' retrieved from /home/airflow/.local/lib/python3.12/site-packages/airflow/example_dags/example_dataset_alias.py
[2025-06-17T05:11:03.405+0000] {logging_mixin.py:190} INFO - [2025-06-17T05:11:03.404+0000] {dag.py:3239} INFO - Sync 4 DAGs
[2025-06-17T05:11:03.420+0000] {logging_mixin.py:190} INFO - [2025-06-17T05:11:03.419+0000] {dag.py:4180} INFO - Setting next_dagrun for dataset_alias_example_alias_consumer to None, run_after=None
[2025-06-17T05:11:03.421+0000] {logging_mixin.py:190} INFO - [2025-06-17T05:11:03.421+0000] {dag.py:4180} INFO - Setting next_dagrun for dataset_alias_example_alias_producer to None, run_after=None
[2025-06-17T05:11:03.423+0000] {logging_mixin.py:190} INFO - [2025-06-17T05:11:03.423+0000] {dag.py:4180} INFO - Setting next_dagrun for dataset_s3_bucket_consumer to None, run_after=None
[2025-06-17T05:11:03.424+0000] {logging_mixin.py:190} INFO - [2025-06-17T05:11:03.424+0000] {dag.py:4180} INFO - Setting next_dagrun for dataset_s3_bucket_producer to None, run_after=None
[2025-06-17T05:11:03.451+0000] {processor.py:208} INFO - Processing /home/airflow/.local/lib/python3.12/site-packages/airflow/example_dags/example_dataset_alias.py took 0.516 seconds
[2025-06-17T05:11:33.686+0000] {processor.py:186} INFO - Started process (PID=384) to work on /home/airflow/.local/lib/python3.12/site-packages/airflow/example_dags/example_dataset_alias.py
[2025-06-17T05:11:33.686+0000] {processor.py:914} INFO - Processing file /home/airflow/.local/lib/python3.12/site-packages/airflow/example_dags/example_dataset_alias.py for tasks to queue
[2025-06-17T05:11:33.687+0000] {logging_mixin.py:190} INFO - [2025-06-17T05:11:33.687+0000] {dagbag.py:588} INFO - Filling up the DagBag from /home/airflow/.local/lib/python3.12/site-packages/airflow/example_dags/example_dataset_alias.py
[2025-06-17T05:11:34.112+0000] {processor.py:925} INFO - DAG(s) 'dataset_s3_bucket_producer', 'dataset_s3_bucket_consumer', 'dataset_alias_example_alias_producer', 'dataset_alias_example_alias_consumer' retrieved from /home/airflow/.local/lib/python3.12/site-packages/airflow/example_dags/example_dataset_alias.py
[2025-06-17T05:11:34.131+0000] {logging_mixin.py:190} INFO - [2025-06-17T05:11:34.130+0000] {dag.py:3239} INFO - Sync 4 DAGs
[2025-06-17T05:11:34.148+0000] {logging_mixin.py:190} INFO - [2025-06-17T05:11:34.148+0000] {dag.py:4180} INFO - Setting next_dagrun for dataset_alias_example_alias_consumer to None, run_after=None
[2025-06-17T05:11:34.150+0000] {logging_mixin.py:190} INFO - [2025-06-17T05:11:34.150+0000] {dag.py:4180} INFO - Setting next_dagrun for dataset_alias_example_alias_producer to None, run_after=None
[2025-06-17T05:11:34.151+0000] {logging_mixin.py:190} INFO - [2025-06-17T05:11:34.151+0000] {dag.py:4180} INFO - Setting next_dagrun for dataset_s3_bucket_consumer to None, run_after=None
[2025-06-17T05:11:34.152+0000] {logging_mixin.py:190} INFO - [2025-06-17T05:11:34.152+0000] {dag.py:4180} INFO - Setting next_dagrun for dataset_s3_bucket_producer to None, run_after=None
[2025-06-17T05:11:34.178+0000] {processor.py:208} INFO - Processing /home/airflow/.local/lib/python3.12/site-packages/airflow/example_dags/example_dataset_alias.py took 0.498 seconds
[2025-06-17T05:12:04.758+0000] {processor.py:186} INFO - Started process (PID=447) to work on /home/airflow/.local/lib/python3.12/site-packages/airflow/example_dags/example_dataset_alias.py
[2025-06-17T05:12:04.759+0000] {processor.py:914} INFO - Processing file /home/airflow/.local/lib/python3.12/site-packages/airflow/example_dags/example_dataset_alias.py for tasks to queue
[2025-06-17T05:12:04.760+0000] {logging_mixin.py:190} INFO - [2025-06-17T05:12:04.760+0000] {dagbag.py:588} INFO - Filling up the DagBag from /home/airflow/.local/lib/python3.12/site-packages/airflow/example_dags/example_dataset_alias.py
[2025-06-17T05:12:05.178+0000] {processor.py:925} INFO - DAG(s) 'dataset_alias_example_alias_producer', 'dataset_alias_example_alias_consumer', 'dataset_s3_bucket_producer', 'dataset_s3_bucket_consumer' retrieved from /home/airflow/.local/lib/python3.12/site-packages/airflow/example_dags/example_dataset_alias.py
[2025-06-17T05:12:05.192+0000] {logging_mixin.py:190} INFO - [2025-06-17T05:12:05.191+0000] {dag.py:3239} INFO - Sync 4 DAGs
[2025-06-17T05:12:05.208+0000] {logging_mixin.py:190} INFO - [2025-06-17T05:12:05.207+0000] {dag.py:4180} INFO - Setting next_dagrun for dataset_alias_example_alias_consumer to None, run_after=None
[2025-06-17T05:12:05.209+0000] {logging_mixin.py:190} INFO - [2025-06-17T05:12:05.209+0000] {dag.py:4180} INFO - Setting next_dagrun for dataset_alias_example_alias_producer to None, run_after=None
[2025-06-17T05:12:05.210+0000] {logging_mixin.py:190} INFO - [2025-06-17T05:12:05.210+0000] {dag.py:4180} INFO - Setting next_dagrun for dataset_s3_bucket_consumer to None, run_after=None
[2025-06-17T05:12:05.211+0000] {logging_mixin.py:190} INFO - [2025-06-17T05:12:05.211+0000] {dag.py:4180} INFO - Setting next_dagrun for dataset_s3_bucket_producer to None, run_after=None
[2025-06-17T05:12:05.227+0000] {processor.py:208} INFO - Processing /home/airflow/.local/lib/python3.12/site-packages/airflow/example_dags/example_dataset_alias.py took 0.473 seconds
[2025-06-17T05:12:35.402+0000] {processor.py:186} INFO - Started process (PID=510) to work on /home/airflow/.local/lib/python3.12/site-packages/airflow/example_dags/example_dataset_alias.py
[2025-06-17T05:12:35.402+0000] {processor.py:914} INFO - Processing file /home/airflow/.local/lib/python3.12/site-packages/airflow/example_dags/example_dataset_alias.py for tasks to queue
[2025-06-17T05:12:35.403+0000] {logging_mixin.py:190} INFO - [2025-06-17T05:12:35.403+0000] {dagbag.py:588} INFO - Filling up the DagBag from /home/airflow/.local/lib/python3.12/site-packages/airflow/example_dags/example_dataset_alias.py
[2025-06-17T05:12:35.817+0000] {processor.py:925} INFO - DAG(s) 'dataset_s3_bucket_producer', 'dataset_alias_example_alias_producer', 'dataset_alias_example_alias_consumer', 'dataset_s3_bucket_consumer' retrieved from /home/airflow/.local/lib/python3.12/site-packages/airflow/example_dags/example_dataset_alias.py
[2025-06-17T05:12:35.833+0000] {logging_mixin.py:190} INFO - [2025-06-17T05:12:35.832+0000] {dag.py:3239} INFO - Sync 4 DAGs
[2025-06-17T05:12:35.850+0000] {logging_mixin.py:190} INFO - [2025-06-17T05:12:35.850+0000] {dag.py:4180} INFO - Setting next_dagrun for dataset_alias_example_alias_consumer to None, run_after=None
[2025-06-17T05:12:35.852+0000] {logging_mixin.py:190} INFO - [2025-06-17T05:12:35.852+0000] {dag.py:4180} INFO - Setting next_dagrun for dataset_alias_example_alias_producer to None, run_after=None
[2025-06-17T05:12:35.854+0000] {logging_mixin.py:190} INFO - [2025-06-17T05:12:35.853+0000] {dag.py:4180} INFO - Setting next_dagrun for dataset_s3_bucket_consumer to None, run_after=None
[2025-06-17T05:12:35.855+0000] {logging_mixin.py:190} INFO - [2025-06-17T05:12:35.854+0000] {dag.py:4180} INFO - Setting next_dagrun for dataset_s3_bucket_producer to None, run_after=None
[2025-06-17T05:12:35.871+0000] {processor.py:208} INFO - Processing /home/airflow/.local/lib/python3.12/site-packages/airflow/example_dags/example_dataset_alias.py took 0.474 seconds
[2025-06-17T05:13:05.909+0000] {processor.py:186} INFO - Started process (PID=573) to work on /home/airflow/.local/lib/python3.12/site-packages/airflow/example_dags/example_dataset_alias.py
[2025-06-17T05:13:05.910+0000] {processor.py:914} INFO - Processing file /home/airflow/.local/lib/python3.12/site-packages/airflow/example_dags/example_dataset_alias.py for tasks to queue
[2025-06-17T05:13:05.911+0000] {logging_mixin.py:190} INFO - [2025-06-17T05:13:05.910+0000] {dagbag.py:588} INFO - Filling up the DagBag from /home/airflow/.local/lib/python3.12/site-packages/airflow/example_dags/example_dataset_alias.py
[2025-06-17T05:13:06.344+0000] {processor.py:925} INFO - DAG(s) 'dataset_s3_bucket_producer', 'dataset_alias_example_alias_producer', 'dataset_alias_example_alias_consumer', 'dataset_s3_bucket_consumer' retrieved from /home/airflow/.local/lib/python3.12/site-packages/airflow/example_dags/example_dataset_alias.py
[2025-06-17T05:13:06.359+0000] {logging_mixin.py:190} INFO - [2025-06-17T05:13:06.359+0000] {dag.py:3239} INFO - Sync 4 DAGs
[2025-06-17T05:13:06.373+0000] {logging_mixin.py:190} INFO - [2025-06-17T05:13:06.373+0000] {dag.py:4180} INFO - Setting next_dagrun for dataset_alias_example_alias_consumer to None, run_after=None
[2025-06-17T05:13:06.375+0000] {logging_mixin.py:190} INFO - [2025-06-17T05:13:06.375+0000] {dag.py:4180} INFO - Setting next_dagrun for dataset_alias_example_alias_producer to None, run_after=None
[2025-06-17T05:13:06.376+0000] {logging_mixin.py:190} INFO - [2025-06-17T05:13:06.376+0000] {dag.py:4180} INFO - Setting next_dagrun for dataset_s3_bucket_consumer to None, run_after=None
[2025-06-17T05:13:06.377+0000] {logging_mixin.py:190} INFO - [2025-06-17T05:13:06.377+0000] {dag.py:4180} INFO - Setting next_dagrun for dataset_s3_bucket_producer to None, run_after=None
[2025-06-17T05:13:06.393+0000] {processor.py:208} INFO - Processing /home/airflow/.local/lib/python3.12/site-packages/airflow/example_dags/example_dataset_alias.py took 0.488 seconds
[2025-06-17T05:13:36.657+0000] {processor.py:186} INFO - Started process (PID=637) to work on /home/airflow/.local/lib/python3.12/site-packages/airflow/example_dags/example_dataset_alias.py
[2025-06-17T05:13:36.658+0000] {processor.py:914} INFO - Processing file /home/airflow/.local/lib/python3.12/site-packages/airflow/example_dags/example_dataset_alias.py for tasks to queue
[2025-06-17T05:13:36.659+0000] {logging_mixin.py:190} INFO - [2025-06-17T05:13:36.658+0000] {dagbag.py:588} INFO - Filling up the DagBag from /home/airflow/.local/lib/python3.12/site-packages/airflow/example_dags/example_dataset_alias.py
[2025-06-17T05:13:37.120+0000] {processor.py:925} INFO - DAG(s) 'dataset_alias_example_alias_producer', 'dataset_s3_bucket_producer', 'dataset_s3_bucket_consumer', 'dataset_alias_example_alias_consumer' retrieved from /home/airflow/.local/lib/python3.12/site-packages/airflow/example_dags/example_dataset_alias.py
[2025-06-17T05:13:37.134+0000] {logging_mixin.py:190} INFO - [2025-06-17T05:13:37.133+0000] {dag.py:3239} INFO - Sync 4 DAGs
[2025-06-17T05:13:37.149+0000] {logging_mixin.py:190} INFO - [2025-06-17T05:13:37.149+0000] {dag.py:4180} INFO - Setting next_dagrun for dataset_alias_example_alias_consumer to None, run_after=None
[2025-06-17T05:13:37.151+0000] {logging_mixin.py:190} INFO - [2025-06-17T05:13:37.151+0000] {dag.py:4180} INFO - Setting next_dagrun for dataset_alias_example_alias_producer to None, run_after=None
[2025-06-17T05:13:37.152+0000] {logging_mixin.py:190} INFO - [2025-06-17T05:13:37.152+0000] {dag.py:4180} INFO - Setting next_dagrun for dataset_s3_bucket_consumer to None, run_after=None
[2025-06-17T05:13:37.153+0000] {logging_mixin.py:190} INFO - [2025-06-17T05:13:37.153+0000] {dag.py:4180} INFO - Setting next_dagrun for dataset_s3_bucket_producer to None, run_after=None
[2025-06-17T05:13:37.168+0000] {processor.py:208} INFO - Processing /home/airflow/.local/lib/python3.12/site-packages/airflow/example_dags/example_dataset_alias.py took 0.516 seconds
[2025-06-17T05:14:07.252+0000] {processor.py:186} INFO - Started process (PID=700) to work on /home/airflow/.local/lib/python3.12/site-packages/airflow/example_dags/example_dataset_alias.py
[2025-06-17T05:14:07.252+0000] {processor.py:914} INFO - Processing file /home/airflow/.local/lib/python3.12/site-packages/airflow/example_dags/example_dataset_alias.py for tasks to queue
[2025-06-17T05:14:07.254+0000] {logging_mixin.py:190} INFO - [2025-06-17T05:14:07.253+0000] {dagbag.py:588} INFO - Filling up the DagBag from /home/airflow/.local/lib/python3.12/site-packages/airflow/example_dags/example_dataset_alias.py
[2025-06-17T05:14:07.764+0000] {processor.py:925} INFO - DAG(s) 'dataset_alias_example_alias_producer', 'dataset_alias_example_alias_consumer', 'dataset_s3_bucket_consumer', 'dataset_s3_bucket_producer' retrieved from /home/airflow/.local/lib/python3.12/site-packages/airflow/example_dags/example_dataset_alias.py
[2025-06-17T05:14:07.787+0000] {logging_mixin.py:190} INFO - [2025-06-17T05:14:07.786+0000] {dag.py:3239} INFO - Sync 4 DAGs
[2025-06-17T05:14:07.806+0000] {logging_mixin.py:190} INFO - [2025-06-17T05:14:07.806+0000] {dag.py:4180} INFO - Setting next_dagrun for dataset_alias_example_alias_consumer to None, run_after=None
[2025-06-17T05:14:07.808+0000] {logging_mixin.py:190} INFO - [2025-06-17T05:14:07.808+0000] {dag.py:4180} INFO - Setting next_dagrun for dataset_alias_example_alias_producer to None, run_after=None
[2025-06-17T05:14:07.809+0000] {logging_mixin.py:190} INFO - [2025-06-17T05:14:07.809+0000] {dag.py:4180} INFO - Setting next_dagrun for dataset_s3_bucket_consumer to None, run_after=None
[2025-06-17T05:14:07.810+0000] {logging_mixin.py:190} INFO - [2025-06-17T05:14:07.810+0000] {dag.py:4180} INFO - Setting next_dagrun for dataset_s3_bucket_producer to None, run_after=None
[2025-06-17T05:14:07.827+0000] {processor.py:208} INFO - Processing /home/airflow/.local/lib/python3.12/site-packages/airflow/example_dags/example_dataset_alias.py took 0.580 seconds
[2025-06-17T05:17:43.703+0000] {processor.py:186} INFO - Started process (PID=63) to work on /home/airflow/.local/lib/python3.12/site-packages/airflow/example_dags/example_dataset_alias.py
[2025-06-17T05:17:43.704+0000] {processor.py:914} INFO - Processing file /home/airflow/.local/lib/python3.12/site-packages/airflow/example_dags/example_dataset_alias.py for tasks to queue
[2025-06-17T05:17:43.706+0000] {logging_mixin.py:190} INFO - [2025-06-17T05:17:43.705+0000] {dagbag.py:588} INFO - Filling up the DagBag from /home/airflow/.local/lib/python3.12/site-packages/airflow/example_dags/example_dataset_alias.py
[2025-06-17T05:17:45.152+0000] {processor.py:925} INFO - DAG(s) 'dataset_alias_example_alias_producer', 'dataset_alias_example_alias_consumer', 'dataset_s3_bucket_producer', 'dataset_s3_bucket_consumer' retrieved from /home/airflow/.local/lib/python3.12/site-packages/airflow/example_dags/example_dataset_alias.py
[2025-06-17T05:17:45.238+0000] {logging_mixin.py:190} INFO - [2025-06-17T05:17:45.237+0000] {override.py:1912} INFO - Created Permission View: can read on DAG:dataset_alias_example_alias_producer
[2025-06-17T05:17:45.248+0000] {logging_mixin.py:190} INFO - [2025-06-17T05:17:45.248+0000] {override.py:1912} INFO - Created Permission View: can delete on DAG:dataset_alias_example_alias_producer
[2025-06-17T05:17:45.254+0000] {logging_mixin.py:190} INFO - [2025-06-17T05:17:45.254+0000] {override.py:1912} INFO - Created Permission View: can edit on DAG:dataset_alias_example_alias_producer
[2025-06-17T05:17:45.262+0000] {logging_mixin.py:190} INFO - [2025-06-17T05:17:45.262+0000] {override.py:1912} INFO - Created Permission View: can read on DAG Run:dataset_alias_example_alias_producer
[2025-06-17T05:17:45.268+0000] {logging_mixin.py:190} INFO - [2025-06-17T05:17:45.268+0000] {override.py:1912} INFO - Created Permission View: can delete on DAG Run:dataset_alias_example_alias_producer
[2025-06-17T05:17:45.274+0000] {logging_mixin.py:190} INFO - [2025-06-17T05:17:45.274+0000] {override.py:1912} INFO - Created Permission View: menu access on DAG Run:dataset_alias_example_alias_producer
[2025-06-17T05:17:45.280+0000] {logging_mixin.py:190} INFO - [2025-06-17T05:17:45.280+0000] {override.py:1912} INFO - Created Permission View: can create on DAG Run:dataset_alias_example_alias_producer
[2025-06-17T05:17:45.293+0000] {logging_mixin.py:190} INFO - [2025-06-17T05:17:45.293+0000] {override.py:1912} INFO - Created Permission View: can read on DAG:dataset_alias_example_alias_consumer
[2025-06-17T05:17:45.299+0000] {logging_mixin.py:190} INFO - [2025-06-17T05:17:45.299+0000] {override.py:1912} INFO - Created Permission View: can delete on DAG:dataset_alias_example_alias_consumer
[2025-06-17T05:17:45.306+0000] {logging_mixin.py:190} INFO - [2025-06-17T05:17:45.306+0000] {override.py:1912} INFO - Created Permission View: can edit on DAG:dataset_alias_example_alias_consumer
[2025-06-17T05:17:45.314+0000] {logging_mixin.py:190} INFO - [2025-06-17T05:17:45.313+0000] {override.py:1912} INFO - Created Permission View: can read on DAG Run:dataset_alias_example_alias_consumer
[2025-06-17T05:17:45.321+0000] {logging_mixin.py:190} INFO - [2025-06-17T05:17:45.321+0000] {override.py:1912} INFO - Created Permission View: can delete on DAG Run:dataset_alias_example_alias_consumer
[2025-06-17T05:17:45.327+0000] {logging_mixin.py:190} INFO - [2025-06-17T05:17:45.327+0000] {override.py:1912} INFO - Created Permission View: menu access on DAG Run:dataset_alias_example_alias_consumer
[2025-06-17T05:17:45.335+0000] {logging_mixin.py:190} INFO - [2025-06-17T05:17:45.334+0000] {override.py:1912} INFO - Created Permission View: can create on DAG Run:dataset_alias_example_alias_consumer
[2025-06-17T05:17:45.347+0000] {logging_mixin.py:190} INFO - [2025-06-17T05:17:45.347+0000] {override.py:1912} INFO - Created Permission View: can read on DAG:dataset_s3_bucket_producer
[2025-06-17T05:17:45.355+0000] {logging_mixin.py:190} INFO - [2025-06-17T05:17:45.354+0000] {override.py:1912} INFO - Created Permission View: can delete on DAG:dataset_s3_bucket_producer
[2025-06-17T05:17:45.362+0000] {logging_mixin.py:190} INFO - [2025-06-17T05:17:45.361+0000] {override.py:1912} INFO - Created Permission View: can edit on DAG:dataset_s3_bucket_producer
[2025-06-17T05:17:45.372+0000] {logging_mixin.py:190} INFO - [2025-06-17T05:17:45.372+0000] {override.py:1912} INFO - Created Permission View: can read on DAG Run:dataset_s3_bucket_producer
[2025-06-17T05:17:45.382+0000] {logging_mixin.py:190} INFO - [2025-06-17T05:17:45.381+0000] {override.py:1912} INFO - Created Permission View: can delete on DAG Run:dataset_s3_bucket_producer
[2025-06-17T05:17:45.390+0000] {logging_mixin.py:190} INFO - [2025-06-17T05:17:45.390+0000] {override.py:1912} INFO - Created Permission View: menu access on DAG Run:dataset_s3_bucket_producer
[2025-06-17T05:17:45.399+0000] {logging_mixin.py:190} INFO - [2025-06-17T05:17:45.399+0000] {override.py:1912} INFO - Created Permission View: can create on DAG Run:dataset_s3_bucket_producer
[2025-06-17T05:17:45.413+0000] {logging_mixin.py:190} INFO - [2025-06-17T05:17:45.413+0000] {override.py:1912} INFO - Created Permission View: can read on DAG:dataset_s3_bucket_consumer
[2025-06-17T05:17:45.422+0000] {logging_mixin.py:190} INFO - [2025-06-17T05:17:45.421+0000] {override.py:1912} INFO - Created Permission View: can delete on DAG:dataset_s3_bucket_consumer
[2025-06-17T05:17:45.430+0000] {logging_mixin.py:190} INFO - [2025-06-17T05:17:45.429+0000] {override.py:1912} INFO - Created Permission View: can edit on DAG:dataset_s3_bucket_consumer
[2025-06-17T05:17:45.440+0000] {logging_mixin.py:190} INFO - [2025-06-17T05:17:45.439+0000] {override.py:1912} INFO - Created Permission View: can read on DAG Run:dataset_s3_bucket_consumer
[2025-06-17T05:17:45.448+0000] {logging_mixin.py:190} INFO - [2025-06-17T05:17:45.448+0000] {override.py:1912} INFO - Created Permission View: can delete on DAG Run:dataset_s3_bucket_consumer
[2025-06-17T05:17:45.456+0000] {logging_mixin.py:190} INFO - [2025-06-17T05:17:45.456+0000] {override.py:1912} INFO - Created Permission View: menu access on DAG Run:dataset_s3_bucket_consumer
[2025-06-17T05:17:45.465+0000] {logging_mixin.py:190} INFO - [2025-06-17T05:17:45.465+0000] {override.py:1912} INFO - Created Permission View: can create on DAG Run:dataset_s3_bucket_consumer
[2025-06-17T05:17:45.466+0000] {logging_mixin.py:190} INFO - [2025-06-17T05:17:45.465+0000] {dag.py:3239} INFO - Sync 4 DAGs
[2025-06-17T05:17:45.476+0000] {logging_mixin.py:190} INFO - [2025-06-17T05:17:45.476+0000] {dag.py:3262} INFO - Creating ORM DAG for dataset_alias_example_alias_producer
[2025-06-17T05:17:45.477+0000] {logging_mixin.py:190} INFO - [2025-06-17T05:17:45.477+0000] {dag.py:3262} INFO - Creating ORM DAG for dataset_s3_bucket_producer
[2025-06-17T05:17:45.477+0000] {logging_mixin.py:190} INFO - [2025-06-17T05:17:45.477+0000] {dag.py:3262} INFO - Creating ORM DAG for dataset_alias_example_alias_consumer
[2025-06-17T05:17:45.478+0000] {logging_mixin.py:190} INFO - [2025-06-17T05:17:45.478+0000] {dag.py:3262} INFO - Creating ORM DAG for dataset_s3_bucket_consumer
[2025-06-17T05:17:45.486+0000] {logging_mixin.py:190} INFO - [2025-06-17T05:17:45.485+0000] {dag.py:4180} INFO - Setting next_dagrun for dataset_alias_example_alias_consumer to None, run_after=None
[2025-06-17T05:17:45.487+0000] {logging_mixin.py:190} INFO - [2025-06-17T05:17:45.486+0000] {dag.py:4180} INFO - Setting next_dagrun for dataset_alias_example_alias_producer to None, run_after=None
[2025-06-17T05:17:45.487+0000] {logging_mixin.py:190} INFO - [2025-06-17T05:17:45.487+0000] {dag.py:4180} INFO - Setting next_dagrun for dataset_s3_bucket_consumer to None, run_after=None
[2025-06-17T05:17:45.488+0000] {logging_mixin.py:190} INFO - [2025-06-17T05:17:45.488+0000] {dag.py:4180} INFO - Setting next_dagrun for dataset_s3_bucket_producer to None, run_after=None
[2025-06-17T05:17:45.509+0000] {processor.py:208} INFO - Processing /home/airflow/.local/lib/python3.12/site-packages/airflow/example_dags/example_dataset_alias.py took 1.813 seconds
[2025-06-17T05:19:12.204+0000] {processor.py:186} INFO - Started process (PID=63) to work on /home/airflow/.local/lib/python3.12/site-packages/airflow/example_dags/example_dataset_alias.py
[2025-06-17T05:19:12.205+0000] {processor.py:914} INFO - Processing file /home/airflow/.local/lib/python3.12/site-packages/airflow/example_dags/example_dataset_alias.py for tasks to queue
[2025-06-17T05:19:12.206+0000] {logging_mixin.py:190} INFO - [2025-06-17T05:19:12.206+0000] {dagbag.py:588} INFO - Filling up the DagBag from /home/airflow/.local/lib/python3.12/site-packages/airflow/example_dags/example_dataset_alias.py
[2025-06-17T05:19:13.676+0000] {processor.py:925} INFO - DAG(s) 'dataset_alias_example_alias_consumer', 'dataset_s3_bucket_consumer', 'dataset_alias_example_alias_producer', 'dataset_s3_bucket_producer' retrieved from /home/airflow/.local/lib/python3.12/site-packages/airflow/example_dags/example_dataset_alias.py
[2025-06-17T05:19:13.697+0000] {logging_mixin.py:190} INFO - [2025-06-17T05:19:13.697+0000] {dag.py:3239} INFO - Sync 4 DAGs
[2025-06-17T05:19:13.720+0000] {logging_mixin.py:190} INFO - [2025-06-17T05:19:13.720+0000] {dag.py:4180} INFO - Setting next_dagrun for dataset_alias_example_alias_consumer to None, run_after=None
[2025-06-17T05:19:13.725+0000] {logging_mixin.py:190} INFO - [2025-06-17T05:19:13.724+0000] {dag.py:4180} INFO - Setting next_dagrun for dataset_alias_example_alias_producer to None, run_after=None
[2025-06-17T05:19:13.726+0000] {logging_mixin.py:190} INFO - [2025-06-17T05:19:13.726+0000] {dag.py:4180} INFO - Setting next_dagrun for dataset_s3_bucket_consumer to None, run_after=None
[2025-06-17T05:19:13.727+0000] {logging_mixin.py:190} INFO - [2025-06-17T05:19:13.727+0000] {dag.py:4180} INFO - Setting next_dagrun for dataset_s3_bucket_producer to None, run_after=None
[2025-06-17T05:19:13.750+0000] {processor.py:208} INFO - Processing /home/airflow/.local/lib/python3.12/site-packages/airflow/example_dags/example_dataset_alias.py took 1.552 seconds
[2025-06-17T05:19:44.033+0000] {processor.py:186} INFO - Started process (PID=133) to work on /home/airflow/.local/lib/python3.12/site-packages/airflow/example_dags/example_dataset_alias.py
[2025-06-17T05:19:44.034+0000] {processor.py:914} INFO - Processing file /home/airflow/.local/lib/python3.12/site-packages/airflow/example_dags/example_dataset_alias.py for tasks to queue
[2025-06-17T05:19:44.035+0000] {logging_mixin.py:190} INFO - [2025-06-17T05:19:44.035+0000] {dagbag.py:588} INFO - Filling up the DagBag from /home/airflow/.local/lib/python3.12/site-packages/airflow/example_dags/example_dataset_alias.py
[2025-06-17T05:19:44.448+0000] {processor.py:925} INFO - DAG(s) 'dataset_alias_example_alias_producer', 'dataset_alias_example_alias_consumer', 'dataset_s3_bucket_producer', 'dataset_s3_bucket_consumer' retrieved from /home/airflow/.local/lib/python3.12/site-packages/airflow/example_dags/example_dataset_alias.py
[2025-06-17T05:19:44.462+0000] {logging_mixin.py:190} INFO - [2025-06-17T05:19:44.462+0000] {dag.py:3239} INFO - Sync 4 DAGs
[2025-06-17T05:19:44.477+0000] {logging_mixin.py:190} INFO - [2025-06-17T05:19:44.477+0000] {dag.py:4180} INFO - Setting next_dagrun for dataset_alias_example_alias_consumer to None, run_after=None
[2025-06-17T05:19:44.479+0000] {logging_mixin.py:190} INFO - [2025-06-17T05:19:44.479+0000] {dag.py:4180} INFO - Setting next_dagrun for dataset_alias_example_alias_producer to None, run_after=None
[2025-06-17T05:19:44.480+0000] {logging_mixin.py:190} INFO - [2025-06-17T05:19:44.480+0000] {dag.py:4180} INFO - Setting next_dagrun for dataset_s3_bucket_consumer to None, run_after=None
[2025-06-17T05:19:44.481+0000] {logging_mixin.py:190} INFO - [2025-06-17T05:19:44.481+0000] {dag.py:4180} INFO - Setting next_dagrun for dataset_s3_bucket_producer to None, run_after=None
[2025-06-17T05:19:44.498+0000] {processor.py:208} INFO - Processing /home/airflow/.local/lib/python3.12/site-packages/airflow/example_dags/example_dataset_alias.py took 0.470 seconds
[2025-06-17T05:21:31.257+0000] {processor.py:186} INFO - Started process (PID=63) to work on /home/airflow/.local/lib/python3.12/site-packages/airflow/example_dags/example_dataset_alias.py
[2025-06-17T05:21:31.258+0000] {processor.py:914} INFO - Processing file /home/airflow/.local/lib/python3.12/site-packages/airflow/example_dags/example_dataset_alias.py for tasks to queue
[2025-06-17T05:21:31.259+0000] {logging_mixin.py:190} INFO - [2025-06-17T05:21:31.259+0000] {dagbag.py:588} INFO - Filling up the DagBag from /home/airflow/.local/lib/python3.12/site-packages/airflow/example_dags/example_dataset_alias.py
[2025-06-17T05:21:32.842+0000] {processor.py:925} INFO - DAG(s) 'dataset_alias_example_alias_producer', 'dataset_s3_bucket_consumer', 'dataset_s3_bucket_producer', 'dataset_alias_example_alias_consumer' retrieved from /home/airflow/.local/lib/python3.12/site-packages/airflow/example_dags/example_dataset_alias.py
[2025-06-17T05:21:32.862+0000] {logging_mixin.py:190} INFO - [2025-06-17T05:21:32.861+0000] {dag.py:3239} INFO - Sync 4 DAGs
[2025-06-17T05:21:32.879+0000] {logging_mixin.py:190} INFO - [2025-06-17T05:21:32.879+0000] {dag.py:4180} INFO - Setting next_dagrun for dataset_alias_example_alias_consumer to None, run_after=None
[2025-06-17T05:21:32.884+0000] {logging_mixin.py:190} INFO - [2025-06-17T05:21:32.884+0000] {dag.py:4180} INFO - Setting next_dagrun for dataset_alias_example_alias_producer to None, run_after=None
[2025-06-17T05:21:32.885+0000] {logging_mixin.py:190} INFO - [2025-06-17T05:21:32.885+0000] {dag.py:4180} INFO - Setting next_dagrun for dataset_s3_bucket_consumer to None, run_after=None
[2025-06-17T05:21:32.886+0000] {logging_mixin.py:190} INFO - [2025-06-17T05:21:32.886+0000] {dag.py:4180} INFO - Setting next_dagrun for dataset_s3_bucket_producer to None, run_after=None
[2025-06-17T05:21:32.904+0000] {processor.py:208} INFO - Processing /home/airflow/.local/lib/python3.12/site-packages/airflow/example_dags/example_dataset_alias.py took 1.652 seconds
[2025-06-17T05:22:03.865+0000] {processor.py:186} INFO - Started process (PID=133) to work on /home/airflow/.local/lib/python3.12/site-packages/airflow/example_dags/example_dataset_alias.py
[2025-06-17T05:22:03.866+0000] {processor.py:914} INFO - Processing file /home/airflow/.local/lib/python3.12/site-packages/airflow/example_dags/example_dataset_alias.py for tasks to queue
[2025-06-17T05:22:03.867+0000] {logging_mixin.py:190} INFO - [2025-06-17T05:22:03.866+0000] {dagbag.py:588} INFO - Filling up the DagBag from /home/airflow/.local/lib/python3.12/site-packages/airflow/example_dags/example_dataset_alias.py
[2025-06-17T05:22:04.329+0000] {processor.py:925} INFO - DAG(s) 'dataset_s3_bucket_consumer', 'dataset_alias_example_alias_producer', 'dataset_alias_example_alias_consumer', 'dataset_s3_bucket_producer' retrieved from /home/airflow/.local/lib/python3.12/site-packages/airflow/example_dags/example_dataset_alias.py
[2025-06-17T05:22:04.344+0000] {logging_mixin.py:190} INFO - [2025-06-17T05:22:04.344+0000] {dag.py:3239} INFO - Sync 4 DAGs
[2025-06-17T05:22:04.364+0000] {logging_mixin.py:190} INFO - [2025-06-17T05:22:04.364+0000] {dag.py:4180} INFO - Setting next_dagrun for dataset_alias_example_alias_consumer to None, run_after=None
[2025-06-17T05:22:04.366+0000] {logging_mixin.py:190} INFO - [2025-06-17T05:22:04.366+0000] {dag.py:4180} INFO - Setting next_dagrun for dataset_alias_example_alias_producer to None, run_after=None
[2025-06-17T05:22:04.367+0000] {logging_mixin.py:190} INFO - [2025-06-17T05:22:04.367+0000] {dag.py:4180} INFO - Setting next_dagrun for dataset_s3_bucket_consumer to None, run_after=None
[2025-06-17T05:22:04.368+0000] {logging_mixin.py:190} INFO - [2025-06-17T05:22:04.368+0000] {dag.py:4180} INFO - Setting next_dagrun for dataset_s3_bucket_producer to None, run_after=None
[2025-06-17T05:22:04.387+0000] {processor.py:208} INFO - Processing /home/airflow/.local/lib/python3.12/site-packages/airflow/example_dags/example_dataset_alias.py took 0.527 seconds
[2025-06-17T05:22:34.719+0000] {processor.py:186} INFO - Started process (PID=196) to work on /home/airflow/.local/lib/python3.12/site-packages/airflow/example_dags/example_dataset_alias.py
[2025-06-17T05:22:34.719+0000] {processor.py:914} INFO - Processing file /home/airflow/.local/lib/python3.12/site-packages/airflow/example_dags/example_dataset_alias.py for tasks to queue
[2025-06-17T05:22:34.720+0000] {logging_mixin.py:190} INFO - [2025-06-17T05:22:34.720+0000] {dagbag.py:588} INFO - Filling up the DagBag from /home/airflow/.local/lib/python3.12/site-packages/airflow/example_dags/example_dataset_alias.py
[2025-06-17T05:22:35.171+0000] {processor.py:925} INFO - DAG(s) 'dataset_s3_bucket_consumer', 'dataset_alias_example_alias_consumer', 'dataset_alias_example_alias_producer', 'dataset_s3_bucket_producer' retrieved from /home/airflow/.local/lib/python3.12/site-packages/airflow/example_dags/example_dataset_alias.py
[2025-06-17T05:22:35.188+0000] {logging_mixin.py:190} INFO - [2025-06-17T05:22:35.188+0000] {dag.py:3239} INFO - Sync 4 DAGs
[2025-06-17T05:22:35.208+0000] {logging_mixin.py:190} INFO - [2025-06-17T05:22:35.208+0000] {dag.py:4180} INFO - Setting next_dagrun for dataset_alias_example_alias_consumer to None, run_after=None
[2025-06-17T05:22:35.211+0000] {logging_mixin.py:190} INFO - [2025-06-17T05:22:35.210+0000] {dag.py:4180} INFO - Setting next_dagrun for dataset_alias_example_alias_producer to None, run_after=None
[2025-06-17T05:22:35.212+0000] {logging_mixin.py:190} INFO - [2025-06-17T05:22:35.212+0000] {dag.py:4180} INFO - Setting next_dagrun for dataset_s3_bucket_consumer to None, run_after=None
[2025-06-17T05:22:35.213+0000] {logging_mixin.py:190} INFO - [2025-06-17T05:22:35.213+0000] {dag.py:4180} INFO - Setting next_dagrun for dataset_s3_bucket_producer to None, run_after=None
[2025-06-17T05:22:35.230+0000] {processor.py:208} INFO - Processing /home/airflow/.local/lib/python3.12/site-packages/airflow/example_dags/example_dataset_alias.py took 0.517 seconds
[2025-06-17T05:23:05.768+0000] {processor.py:186} INFO - Started process (PID=259) to work on /home/airflow/.local/lib/python3.12/site-packages/airflow/example_dags/example_dataset_alias.py
[2025-06-17T05:23:05.768+0000] {processor.py:914} INFO - Processing file /home/airflow/.local/lib/python3.12/site-packages/airflow/example_dags/example_dataset_alias.py for tasks to queue
[2025-06-17T05:23:05.769+0000] {logging_mixin.py:190} INFO - [2025-06-17T05:23:05.769+0000] {dagbag.py:588} INFO - Filling up the DagBag from /home/airflow/.local/lib/python3.12/site-packages/airflow/example_dags/example_dataset_alias.py
[2025-06-17T05:23:06.175+0000] {processor.py:925} INFO - DAG(s) 'dataset_alias_example_alias_producer', 'dataset_s3_bucket_consumer', 'dataset_alias_example_alias_consumer', 'dataset_s3_bucket_producer' retrieved from /home/airflow/.local/lib/python3.12/site-packages/airflow/example_dags/example_dataset_alias.py
[2025-06-17T05:23:06.190+0000] {logging_mixin.py:190} INFO - [2025-06-17T05:23:06.189+0000] {dag.py:3239} INFO - Sync 4 DAGs
[2025-06-17T05:23:06.206+0000] {logging_mixin.py:190} INFO - [2025-06-17T05:23:06.206+0000] {dag.py:4180} INFO - Setting next_dagrun for dataset_alias_example_alias_consumer to None, run_after=None
[2025-06-17T05:23:06.208+0000] {logging_mixin.py:190} INFO - [2025-06-17T05:23:06.208+0000] {dag.py:4180} INFO - Setting next_dagrun for dataset_alias_example_alias_producer to None, run_after=None
[2025-06-17T05:23:06.210+0000] {logging_mixin.py:190} INFO - [2025-06-17T05:23:06.209+0000] {dag.py:4180} INFO - Setting next_dagrun for dataset_s3_bucket_consumer to None, run_after=None
[2025-06-17T05:23:06.211+0000] {logging_mixin.py:190} INFO - [2025-06-17T05:23:06.210+0000] {dag.py:4180} INFO - Setting next_dagrun for dataset_s3_bucket_producer to None, run_after=None
[2025-06-17T05:23:06.229+0000] {processor.py:208} INFO - Processing /home/airflow/.local/lib/python3.12/site-packages/airflow/example_dags/example_dataset_alias.py took 0.466 seconds
[2025-06-17T05:23:36.508+0000] {processor.py:186} INFO - Started process (PID=322) to work on /home/airflow/.local/lib/python3.12/site-packages/airflow/example_dags/example_dataset_alias.py
[2025-06-17T05:23:36.509+0000] {processor.py:914} INFO - Processing file /home/airflow/.local/lib/python3.12/site-packages/airflow/example_dags/example_dataset_alias.py for tasks to queue
[2025-06-17T05:23:36.510+0000] {logging_mixin.py:190} INFO - [2025-06-17T05:23:36.510+0000] {dagbag.py:588} INFO - Filling up the DagBag from /home/airflow/.local/lib/python3.12/site-packages/airflow/example_dags/example_dataset_alias.py
[2025-06-17T05:23:36.990+0000] {processor.py:925} INFO - DAG(s) 'dataset_s3_bucket_consumer', 'dataset_alias_example_alias_producer', 'dataset_s3_bucket_producer', 'dataset_alias_example_alias_consumer' retrieved from /home/airflow/.local/lib/python3.12/site-packages/airflow/example_dags/example_dataset_alias.py
[2025-06-17T05:23:37.006+0000] {logging_mixin.py:190} INFO - [2025-06-17T05:23:37.006+0000] {dag.py:3239} INFO - Sync 4 DAGs
[2025-06-17T05:23:37.024+0000] {logging_mixin.py:190} INFO - [2025-06-17T05:23:37.024+0000] {dag.py:4180} INFO - Setting next_dagrun for dataset_alias_example_alias_consumer to None, run_after=None
[2025-06-17T05:23:37.026+0000] {logging_mixin.py:190} INFO - [2025-06-17T05:23:37.026+0000] {dag.py:4180} INFO - Setting next_dagrun for dataset_alias_example_alias_producer to None, run_after=None
[2025-06-17T05:23:37.029+0000] {logging_mixin.py:190} INFO - [2025-06-17T05:23:37.028+0000] {dag.py:4180} INFO - Setting next_dagrun for dataset_s3_bucket_consumer to None, run_after=None
[2025-06-17T05:23:37.029+0000] {logging_mixin.py:190} INFO - [2025-06-17T05:23:37.029+0000] {dag.py:4180} INFO - Setting next_dagrun for dataset_s3_bucket_producer to None, run_after=None
[2025-06-17T05:23:37.046+0000] {processor.py:208} INFO - Processing /home/airflow/.local/lib/python3.12/site-packages/airflow/example_dags/example_dataset_alias.py took 0.544 seconds
