[2025-06-17T05:01:31.199+0000] {processor.py:186} INFO - Started process (PID=113) to work on /home/airflow/.local/lib/python3.12/site-packages/airflow/example_dags/example_task_group.py
[2025-06-17T05:01:31.199+0000] {processor.py:914} INFO - Processing file /home/airflow/.local/lib/python3.12/site-packages/airflow/example_dags/example_task_group.py for tasks to queue
[2025-06-17T05:01:31.200+0000] {logging_mixin.py:190} INFO - [2025-06-17T05:01:31.200+0000] {dagbag.py:588} INFO - Filling up the DagBag from /home/airflow/.local/lib/python3.12/site-packages/airflow/example_dags/example_task_group.py
[2025-06-17T05:01:31.208+0000] {processor.py:925} INFO - DAG(s) 'example_task_group' retrieved from /home/airflow/.local/lib/python3.12/site-packages/airflow/example_dags/example_task_group.py
[2025-06-17T05:01:31.288+0000] {logging_mixin.py:190} INFO - [2025-06-17T05:01:31.287+0000] {override.py:1912} INFO - Created Permission View: can read on DAG:example_task_group
[2025-06-17T05:01:31.297+0000] {logging_mixin.py:190} INFO - [2025-06-17T05:01:31.297+0000] {override.py:1912} INFO - Created Permission View: can edit on DAG:example_task_group
[2025-06-17T05:01:31.305+0000] {logging_mixin.py:190} INFO - [2025-06-17T05:01:31.304+0000] {override.py:1912} INFO - Created Permission View: can delete on DAG:example_task_group
[2025-06-17T05:01:31.313+0000] {logging_mixin.py:190} INFO - [2025-06-17T05:01:31.313+0000] {override.py:1912} INFO - Created Permission View: menu access on DAG Run:example_task_group
[2025-06-17T05:01:31.320+0000] {logging_mixin.py:190} INFO - [2025-06-17T05:01:31.320+0000] {override.py:1912} INFO - Created Permission View: can create on DAG Run:example_task_group
[2025-06-17T05:01:31.325+0000] {logging_mixin.py:190} INFO - [2025-06-17T05:01:31.325+0000] {override.py:1912} INFO - Created Permission View: can read on DAG Run:example_task_group
[2025-06-17T05:01:31.332+0000] {logging_mixin.py:190} INFO - [2025-06-17T05:01:31.332+0000] {override.py:1912} INFO - Created Permission View: can delete on DAG Run:example_task_group
[2025-06-17T05:01:31.333+0000] {logging_mixin.py:190} INFO - [2025-06-17T05:01:31.332+0000] {dag.py:3239} INFO - Sync 1 DAGs
[2025-06-17T05:01:31.342+0000] {logging_mixin.py:190} INFO - [2025-06-17T05:01:31.342+0000] {dag.py:3262} INFO - Creating ORM DAG for example_task_group
[2025-06-17T05:01:31.343+0000] {logging_mixin.py:190} INFO - [2025-06-17T05:01:31.342+0000] {dag.py:4180} INFO - Setting next_dagrun for example_task_group to None, run_after=None
[2025-06-17T05:01:31.355+0000] {processor.py:208} INFO - Processing /home/airflow/.local/lib/python3.12/site-packages/airflow/example_dags/example_task_group.py took 0.161 seconds
[2025-06-17T05:02:02.223+0000] {processor.py:186} INFO - Started process (PID=176) to work on /home/airflow/.local/lib/python3.12/site-packages/airflow/example_dags/example_task_group.py
[2025-06-17T05:02:02.224+0000] {processor.py:914} INFO - Processing file /home/airflow/.local/lib/python3.12/site-packages/airflow/example_dags/example_task_group.py for tasks to queue
[2025-06-17T05:02:02.225+0000] {logging_mixin.py:190} INFO - [2025-06-17T05:02:02.225+0000] {dagbag.py:588} INFO - Filling up the DagBag from /home/airflow/.local/lib/python3.12/site-packages/airflow/example_dags/example_task_group.py
[2025-06-17T05:02:02.234+0000] {processor.py:925} INFO - DAG(s) 'example_task_group' retrieved from /home/airflow/.local/lib/python3.12/site-packages/airflow/example_dags/example_task_group.py
[2025-06-17T05:02:02.252+0000] {logging_mixin.py:190} INFO - [2025-06-17T05:02:02.251+0000] {dag.py:3239} INFO - Sync 1 DAGs
[2025-06-17T05:02:02.265+0000] {logging_mixin.py:190} INFO - [2025-06-17T05:02:02.264+0000] {dag.py:4180} INFO - Setting next_dagrun for example_task_group to None, run_after=None
[2025-06-17T05:02:02.281+0000] {processor.py:208} INFO - Processing /home/airflow/.local/lib/python3.12/site-packages/airflow/example_dags/example_task_group.py took 0.064 seconds
[2025-06-17T05:02:32.749+0000] {processor.py:186} INFO - Started process (PID=239) to work on /home/airflow/.local/lib/python3.12/site-packages/airflow/example_dags/example_task_group.py
[2025-06-17T05:02:32.749+0000] {processor.py:914} INFO - Processing file /home/airflow/.local/lib/python3.12/site-packages/airflow/example_dags/example_task_group.py for tasks to queue
[2025-06-17T05:02:32.750+0000] {logging_mixin.py:190} INFO - [2025-06-17T05:02:32.750+0000] {dagbag.py:588} INFO - Filling up the DagBag from /home/airflow/.local/lib/python3.12/site-packages/airflow/example_dags/example_task_group.py
[2025-06-17T05:02:32.757+0000] {processor.py:925} INFO - DAG(s) 'example_task_group' retrieved from /home/airflow/.local/lib/python3.12/site-packages/airflow/example_dags/example_task_group.py
[2025-06-17T05:02:32.772+0000] {logging_mixin.py:190} INFO - [2025-06-17T05:02:32.772+0000] {dag.py:3239} INFO - Sync 1 DAGs
[2025-06-17T05:02:32.783+0000] {logging_mixin.py:190} INFO - [2025-06-17T05:02:32.782+0000] {dag.py:4180} INFO - Setting next_dagrun for example_task_group to None, run_after=None
[2025-06-17T05:02:32.798+0000] {processor.py:208} INFO - Processing /home/airflow/.local/lib/python3.12/site-packages/airflow/example_dags/example_task_group.py took 0.053 seconds
[2025-06-17T05:06:08.508+0000] {processor.py:186} INFO - Started process (PID=115) to work on /home/airflow/.local/lib/python3.12/site-packages/airflow/example_dags/example_task_group.py
[2025-06-17T05:06:08.509+0000] {processor.py:914} INFO - Processing file /home/airflow/.local/lib/python3.12/site-packages/airflow/example_dags/example_task_group.py for tasks to queue
[2025-06-17T05:06:08.510+0000] {logging_mixin.py:190} INFO - [2025-06-17T05:06:08.510+0000] {dagbag.py:588} INFO - Filling up the DagBag from /home/airflow/.local/lib/python3.12/site-packages/airflow/example_dags/example_task_group.py
[2025-06-17T05:06:08.519+0000] {processor.py:925} INFO - DAG(s) 'example_task_group' retrieved from /home/airflow/.local/lib/python3.12/site-packages/airflow/example_dags/example_task_group.py
[2025-06-17T05:06:08.536+0000] {logging_mixin.py:190} INFO - [2025-06-17T05:06:08.536+0000] {dag.py:3239} INFO - Sync 1 DAGs
[2025-06-17T05:06:08.550+0000] {logging_mixin.py:190} INFO - [2025-06-17T05:06:08.549+0000] {dag.py:4180} INFO - Setting next_dagrun for example_task_group to None, run_after=None
[2025-06-17T05:06:08.566+0000] {processor.py:208} INFO - Processing /home/airflow/.local/lib/python3.12/site-packages/airflow/example_dags/example_task_group.py took 0.062 seconds
[2025-06-17T05:06:39.605+0000] {processor.py:186} INFO - Started process (PID=178) to work on /home/airflow/.local/lib/python3.12/site-packages/airflow/example_dags/example_task_group.py
[2025-06-17T05:06:39.606+0000] {processor.py:914} INFO - Processing file /home/airflow/.local/lib/python3.12/site-packages/airflow/example_dags/example_task_group.py for tasks to queue
[2025-06-17T05:06:39.606+0000] {logging_mixin.py:190} INFO - [2025-06-17T05:06:39.606+0000] {dagbag.py:588} INFO - Filling up the DagBag from /home/airflow/.local/lib/python3.12/site-packages/airflow/example_dags/example_task_group.py
[2025-06-17T05:06:39.613+0000] {processor.py:925} INFO - DAG(s) 'example_task_group' retrieved from /home/airflow/.local/lib/python3.12/site-packages/airflow/example_dags/example_task_group.py
[2025-06-17T05:06:39.632+0000] {logging_mixin.py:190} INFO - [2025-06-17T05:06:39.632+0000] {dag.py:3239} INFO - Sync 1 DAGs
[2025-06-17T05:06:39.646+0000] {logging_mixin.py:190} INFO - [2025-06-17T05:06:39.646+0000] {dag.py:4180} INFO - Setting next_dagrun for example_task_group to None, run_after=None
[2025-06-17T05:06:39.664+0000] {processor.py:208} INFO - Processing /home/airflow/.local/lib/python3.12/site-packages/airflow/example_dags/example_task_group.py took 0.064 seconds
[2025-06-17T05:09:03.173+0000] {processor.py:186} INFO - Started process (PID=113) to work on /home/airflow/.local/lib/python3.12/site-packages/airflow/example_dags/example_task_group.py
[2025-06-17T05:09:03.174+0000] {processor.py:914} INFO - Processing file /home/airflow/.local/lib/python3.12/site-packages/airflow/example_dags/example_task_group.py for tasks to queue
[2025-06-17T05:09:03.175+0000] {logging_mixin.py:190} INFO - [2025-06-17T05:09:03.175+0000] {dagbag.py:588} INFO - Filling up the DagBag from /home/airflow/.local/lib/python3.12/site-packages/airflow/example_dags/example_task_group.py
[2025-06-17T05:09:03.188+0000] {processor.py:925} INFO - DAG(s) 'example_task_group' retrieved from /home/airflow/.local/lib/python3.12/site-packages/airflow/example_dags/example_task_group.py
[2025-06-17T05:09:03.208+0000] {logging_mixin.py:190} INFO - [2025-06-17T05:09:03.208+0000] {dag.py:3239} INFO - Sync 1 DAGs
[2025-06-17T05:09:03.223+0000] {logging_mixin.py:190} INFO - [2025-06-17T05:09:03.223+0000] {dag.py:4180} INFO - Setting next_dagrun for example_task_group to None, run_after=None
[2025-06-17T05:09:03.240+0000] {processor.py:208} INFO - Processing /home/airflow/.local/lib/python3.12/site-packages/airflow/example_dags/example_task_group.py took 0.071 seconds
[2025-06-17T05:09:33.795+0000] {processor.py:186} INFO - Started process (PID=176) to work on /home/airflow/.local/lib/python3.12/site-packages/airflow/example_dags/example_task_group.py
[2025-06-17T05:09:33.796+0000] {processor.py:914} INFO - Processing file /home/airflow/.local/lib/python3.12/site-packages/airflow/example_dags/example_task_group.py for tasks to queue
[2025-06-17T05:09:33.797+0000] {logging_mixin.py:190} INFO - [2025-06-17T05:09:33.797+0000] {dagbag.py:588} INFO - Filling up the DagBag from /home/airflow/.local/lib/python3.12/site-packages/airflow/example_dags/example_task_group.py
[2025-06-17T05:09:33.804+0000] {processor.py:925} INFO - DAG(s) 'example_task_group' retrieved from /home/airflow/.local/lib/python3.12/site-packages/airflow/example_dags/example_task_group.py
[2025-06-17T05:09:33.819+0000] {logging_mixin.py:190} INFO - [2025-06-17T05:09:33.819+0000] {dag.py:3239} INFO - Sync 1 DAGs
[2025-06-17T05:09:33.830+0000] {logging_mixin.py:190} INFO - [2025-06-17T05:09:33.830+0000] {dag.py:4180} INFO - Setting next_dagrun for example_task_group to None, run_after=None
[2025-06-17T05:09:33.847+0000] {processor.py:208} INFO - Processing /home/airflow/.local/lib/python3.12/site-packages/airflow/example_dags/example_task_group.py took 0.057 seconds
[2025-06-17T05:10:04.065+0000] {processor.py:186} INFO - Started process (PID=239) to work on /home/airflow/.local/lib/python3.12/site-packages/airflow/example_dags/example_task_group.py
[2025-06-17T05:10:04.066+0000] {processor.py:914} INFO - Processing file /home/airflow/.local/lib/python3.12/site-packages/airflow/example_dags/example_task_group.py for tasks to queue
[2025-06-17T05:10:04.067+0000] {logging_mixin.py:190} INFO - [2025-06-17T05:10:04.067+0000] {dagbag.py:588} INFO - Filling up the DagBag from /home/airflow/.local/lib/python3.12/site-packages/airflow/example_dags/example_task_group.py
[2025-06-17T05:10:04.073+0000] {processor.py:925} INFO - DAG(s) 'example_task_group' retrieved from /home/airflow/.local/lib/python3.12/site-packages/airflow/example_dags/example_task_group.py
[2025-06-17T05:10:04.090+0000] {logging_mixin.py:190} INFO - [2025-06-17T05:10:04.089+0000] {dag.py:3239} INFO - Sync 1 DAGs
[2025-06-17T05:10:04.102+0000] {logging_mixin.py:190} INFO - [2025-06-17T05:10:04.102+0000] {dag.py:4180} INFO - Setting next_dagrun for example_task_group to None, run_after=None
[2025-06-17T05:10:04.116+0000] {processor.py:208} INFO - Processing /home/airflow/.local/lib/python3.12/site-packages/airflow/example_dags/example_task_group.py took 0.055 seconds
[2025-06-17T05:10:35.352+0000] {processor.py:186} INFO - Started process (PID=302) to work on /home/airflow/.local/lib/python3.12/site-packages/airflow/example_dags/example_task_group.py
[2025-06-17T05:10:35.353+0000] {processor.py:914} INFO - Processing file /home/airflow/.local/lib/python3.12/site-packages/airflow/example_dags/example_task_group.py for tasks to queue
[2025-06-17T05:10:35.354+0000] {logging_mixin.py:190} INFO - [2025-06-17T05:10:35.354+0000] {dagbag.py:588} INFO - Filling up the DagBag from /home/airflow/.local/lib/python3.12/site-packages/airflow/example_dags/example_task_group.py
[2025-06-17T05:10:35.360+0000] {processor.py:925} INFO - DAG(s) 'example_task_group' retrieved from /home/airflow/.local/lib/python3.12/site-packages/airflow/example_dags/example_task_group.py
[2025-06-17T05:10:35.380+0000] {logging_mixin.py:190} INFO - [2025-06-17T05:10:35.380+0000] {dag.py:3239} INFO - Sync 1 DAGs
[2025-06-17T05:10:35.392+0000] {logging_mixin.py:190} INFO - [2025-06-17T05:10:35.392+0000] {dag.py:4180} INFO - Setting next_dagrun for example_task_group to None, run_after=None
[2025-06-17T05:10:35.407+0000] {processor.py:208} INFO - Processing /home/airflow/.local/lib/python3.12/site-packages/airflow/example_dags/example_task_group.py took 0.059 seconds
[2025-06-17T05:11:06.086+0000] {processor.py:186} INFO - Started process (PID=365) to work on /home/airflow/.local/lib/python3.12/site-packages/airflow/example_dags/example_task_group.py
[2025-06-17T05:11:06.087+0000] {processor.py:914} INFO - Processing file /home/airflow/.local/lib/python3.12/site-packages/airflow/example_dags/example_task_group.py for tasks to queue
[2025-06-17T05:11:06.088+0000] {logging_mixin.py:190} INFO - [2025-06-17T05:11:06.088+0000] {dagbag.py:588} INFO - Filling up the DagBag from /home/airflow/.local/lib/python3.12/site-packages/airflow/example_dags/example_task_group.py
[2025-06-17T05:11:06.096+0000] {processor.py:925} INFO - DAG(s) 'example_task_group' retrieved from /home/airflow/.local/lib/python3.12/site-packages/airflow/example_dags/example_task_group.py
[2025-06-17T05:11:06.113+0000] {logging_mixin.py:190} INFO - [2025-06-17T05:11:06.113+0000] {dag.py:3239} INFO - Sync 1 DAGs
[2025-06-17T05:11:06.124+0000] {logging_mixin.py:190} INFO - [2025-06-17T05:11:06.124+0000] {dag.py:4180} INFO - Setting next_dagrun for example_task_group to None, run_after=None
[2025-06-17T05:11:06.138+0000] {processor.py:208} INFO - Processing /home/airflow/.local/lib/python3.12/site-packages/airflow/example_dags/example_task_group.py took 0.058 seconds
[2025-06-17T05:11:37.146+0000] {processor.py:186} INFO - Started process (PID=428) to work on /home/airflow/.local/lib/python3.12/site-packages/airflow/example_dags/example_task_group.py
[2025-06-17T05:11:37.147+0000] {processor.py:914} INFO - Processing file /home/airflow/.local/lib/python3.12/site-packages/airflow/example_dags/example_task_group.py for tasks to queue
[2025-06-17T05:11:37.148+0000] {logging_mixin.py:190} INFO - [2025-06-17T05:11:37.147+0000] {dagbag.py:588} INFO - Filling up the DagBag from /home/airflow/.local/lib/python3.12/site-packages/airflow/example_dags/example_task_group.py
[2025-06-17T05:11:37.154+0000] {processor.py:925} INFO - DAG(s) 'example_task_group' retrieved from /home/airflow/.local/lib/python3.12/site-packages/airflow/example_dags/example_task_group.py
[2025-06-17T05:11:37.169+0000] {logging_mixin.py:190} INFO - [2025-06-17T05:11:37.169+0000] {dag.py:3239} INFO - Sync 1 DAGs
[2025-06-17T05:11:37.182+0000] {logging_mixin.py:190} INFO - [2025-06-17T05:11:37.182+0000] {dag.py:4180} INFO - Setting next_dagrun for example_task_group to None, run_after=None
[2025-06-17T05:11:37.196+0000] {processor.py:208} INFO - Processing /home/airflow/.local/lib/python3.12/site-packages/airflow/example_dags/example_task_group.py took 0.054 seconds
[2025-06-17T05:12:07.829+0000] {processor.py:186} INFO - Started process (PID=491) to work on /home/airflow/.local/lib/python3.12/site-packages/airflow/example_dags/example_task_group.py
[2025-06-17T05:12:07.830+0000] {processor.py:914} INFO - Processing file /home/airflow/.local/lib/python3.12/site-packages/airflow/example_dags/example_task_group.py for tasks to queue
[2025-06-17T05:12:07.831+0000] {logging_mixin.py:190} INFO - [2025-06-17T05:12:07.831+0000] {dagbag.py:588} INFO - Filling up the DagBag from /home/airflow/.local/lib/python3.12/site-packages/airflow/example_dags/example_task_group.py
[2025-06-17T05:12:07.838+0000] {processor.py:925} INFO - DAG(s) 'example_task_group' retrieved from /home/airflow/.local/lib/python3.12/site-packages/airflow/example_dags/example_task_group.py
[2025-06-17T05:12:07.853+0000] {logging_mixin.py:190} INFO - [2025-06-17T05:12:07.853+0000] {dag.py:3239} INFO - Sync 1 DAGs
[2025-06-17T05:12:07.866+0000] {logging_mixin.py:190} INFO - [2025-06-17T05:12:07.865+0000] {dag.py:4180} INFO - Setting next_dagrun for example_task_group to None, run_after=None
[2025-06-17T05:12:07.879+0000] {processor.py:208} INFO - Processing /home/airflow/.local/lib/python3.12/site-packages/airflow/example_dags/example_task_group.py took 0.055 seconds
[2025-06-17T05:12:38.320+0000] {processor.py:186} INFO - Started process (PID=554) to work on /home/airflow/.local/lib/python3.12/site-packages/airflow/example_dags/example_task_group.py
[2025-06-17T05:12:38.320+0000] {processor.py:914} INFO - Processing file /home/airflow/.local/lib/python3.12/site-packages/airflow/example_dags/example_task_group.py for tasks to queue
[2025-06-17T05:12:38.321+0000] {logging_mixin.py:190} INFO - [2025-06-17T05:12:38.321+0000] {dagbag.py:588} INFO - Filling up the DagBag from /home/airflow/.local/lib/python3.12/site-packages/airflow/example_dags/example_task_group.py
[2025-06-17T05:12:38.328+0000] {processor.py:925} INFO - DAG(s) 'example_task_group' retrieved from /home/airflow/.local/lib/python3.12/site-packages/airflow/example_dags/example_task_group.py
[2025-06-17T05:12:38.344+0000] {logging_mixin.py:190} INFO - [2025-06-17T05:12:38.343+0000] {dag.py:3239} INFO - Sync 1 DAGs
[2025-06-17T05:12:38.355+0000] {logging_mixin.py:190} INFO - [2025-06-17T05:12:38.355+0000] {dag.py:4180} INFO - Setting next_dagrun for example_task_group to None, run_after=None
[2025-06-17T05:12:38.370+0000] {processor.py:208} INFO - Processing /home/airflow/.local/lib/python3.12/site-packages/airflow/example_dags/example_task_group.py took 0.055 seconds
[2025-06-17T05:13:09.084+0000] {processor.py:186} INFO - Started process (PID=617) to work on /home/airflow/.local/lib/python3.12/site-packages/airflow/example_dags/example_task_group.py
[2025-06-17T05:13:09.085+0000] {processor.py:914} INFO - Processing file /home/airflow/.local/lib/python3.12/site-packages/airflow/example_dags/example_task_group.py for tasks to queue
[2025-06-17T05:13:09.085+0000] {logging_mixin.py:190} INFO - [2025-06-17T05:13:09.085+0000] {dagbag.py:588} INFO - Filling up the DagBag from /home/airflow/.local/lib/python3.12/site-packages/airflow/example_dags/example_task_group.py
[2025-06-17T05:13:09.092+0000] {processor.py:925} INFO - DAG(s) 'example_task_group' retrieved from /home/airflow/.local/lib/python3.12/site-packages/airflow/example_dags/example_task_group.py
[2025-06-17T05:13:09.107+0000] {logging_mixin.py:190} INFO - [2025-06-17T05:13:09.107+0000] {dag.py:3239} INFO - Sync 1 DAGs
[2025-06-17T05:13:09.117+0000] {logging_mixin.py:190} INFO - [2025-06-17T05:13:09.117+0000] {dag.py:4180} INFO - Setting next_dagrun for example_task_group to None, run_after=None
[2025-06-17T05:13:09.132+0000] {processor.py:208} INFO - Processing /home/airflow/.local/lib/python3.12/site-packages/airflow/example_dags/example_task_group.py took 0.052 seconds
[2025-06-17T05:13:39.627+0000] {processor.py:186} INFO - Started process (PID=681) to work on /home/airflow/.local/lib/python3.12/site-packages/airflow/example_dags/example_task_group.py
[2025-06-17T05:13:39.628+0000] {processor.py:914} INFO - Processing file /home/airflow/.local/lib/python3.12/site-packages/airflow/example_dags/example_task_group.py for tasks to queue
[2025-06-17T05:13:39.629+0000] {logging_mixin.py:190} INFO - [2025-06-17T05:13:39.628+0000] {dagbag.py:588} INFO - Filling up the DagBag from /home/airflow/.local/lib/python3.12/site-packages/airflow/example_dags/example_task_group.py
[2025-06-17T05:13:39.636+0000] {processor.py:925} INFO - DAG(s) 'example_task_group' retrieved from /home/airflow/.local/lib/python3.12/site-packages/airflow/example_dags/example_task_group.py
[2025-06-17T05:13:39.650+0000] {logging_mixin.py:190} INFO - [2025-06-17T05:13:39.650+0000] {dag.py:3239} INFO - Sync 1 DAGs
[2025-06-17T05:13:39.661+0000] {logging_mixin.py:190} INFO - [2025-06-17T05:13:39.661+0000] {dag.py:4180} INFO - Setting next_dagrun for example_task_group to None, run_after=None
[2025-06-17T05:13:39.676+0000] {processor.py:208} INFO - Processing /home/airflow/.local/lib/python3.12/site-packages/airflow/example_dags/example_task_group.py took 0.054 seconds
[2025-06-17T05:14:10.890+0000] {processor.py:186} INFO - Started process (PID=744) to work on /home/airflow/.local/lib/python3.12/site-packages/airflow/example_dags/example_task_group.py
[2025-06-17T05:14:10.891+0000] {processor.py:914} INFO - Processing file /home/airflow/.local/lib/python3.12/site-packages/airflow/example_dags/example_task_group.py for tasks to queue
[2025-06-17T05:14:10.892+0000] {logging_mixin.py:190} INFO - [2025-06-17T05:14:10.891+0000] {dagbag.py:588} INFO - Filling up the DagBag from /home/airflow/.local/lib/python3.12/site-packages/airflow/example_dags/example_task_group.py
[2025-06-17T05:14:10.899+0000] {processor.py:925} INFO - DAG(s) 'example_task_group' retrieved from /home/airflow/.local/lib/python3.12/site-packages/airflow/example_dags/example_task_group.py
[2025-06-17T05:14:10.917+0000] {logging_mixin.py:190} INFO - [2025-06-17T05:14:10.916+0000] {dag.py:3239} INFO - Sync 1 DAGs
[2025-06-17T05:14:10.929+0000] {logging_mixin.py:190} INFO - [2025-06-17T05:14:10.929+0000] {dag.py:4180} INFO - Setting next_dagrun for example_task_group to None, run_after=None
[2025-06-17T05:14:10.947+0000] {processor.py:208} INFO - Processing /home/airflow/.local/lib/python3.12/site-packages/airflow/example_dags/example_task_group.py took 0.062 seconds
[2025-06-17T05:17:51.215+0000] {processor.py:186} INFO - Started process (PID=114) to work on /home/airflow/.local/lib/python3.12/site-packages/airflow/example_dags/example_task_group.py
[2025-06-17T05:17:51.216+0000] {processor.py:914} INFO - Processing file /home/airflow/.local/lib/python3.12/site-packages/airflow/example_dags/example_task_group.py for tasks to queue
[2025-06-17T05:17:51.216+0000] {logging_mixin.py:190} INFO - [2025-06-17T05:17:51.216+0000] {dagbag.py:588} INFO - Filling up the DagBag from /home/airflow/.local/lib/python3.12/site-packages/airflow/example_dags/example_task_group.py
[2025-06-17T05:17:51.224+0000] {processor.py:925} INFO - DAG(s) 'example_task_group' retrieved from /home/airflow/.local/lib/python3.12/site-packages/airflow/example_dags/example_task_group.py
[2025-06-17T05:17:51.305+0000] {logging_mixin.py:190} INFO - [2025-06-17T05:17:51.304+0000] {override.py:1912} INFO - Created Permission View: can read on DAG:example_task_group
[2025-06-17T05:17:51.314+0000] {logging_mixin.py:190} INFO - [2025-06-17T05:17:51.314+0000] {override.py:1912} INFO - Created Permission View: can delete on DAG:example_task_group
[2025-06-17T05:17:51.320+0000] {logging_mixin.py:190} INFO - [2025-06-17T05:17:51.319+0000] {override.py:1912} INFO - Created Permission View: can edit on DAG:example_task_group
[2025-06-17T05:17:51.326+0000] {logging_mixin.py:190} INFO - [2025-06-17T05:17:51.326+0000] {override.py:1912} INFO - Created Permission View: can read on DAG Run:example_task_group
[2025-06-17T05:17:51.332+0000] {logging_mixin.py:190} INFO - [2025-06-17T05:17:51.331+0000] {override.py:1912} INFO - Created Permission View: can delete on DAG Run:example_task_group
[2025-06-17T05:17:51.339+0000] {logging_mixin.py:190} INFO - [2025-06-17T05:17:51.338+0000] {override.py:1912} INFO - Created Permission View: menu access on DAG Run:example_task_group
[2025-06-17T05:17:51.345+0000] {logging_mixin.py:190} INFO - [2025-06-17T05:17:51.345+0000] {override.py:1912} INFO - Created Permission View: can create on DAG Run:example_task_group
[2025-06-17T05:17:51.346+0000] {logging_mixin.py:190} INFO - [2025-06-17T05:17:51.346+0000] {dag.py:3239} INFO - Sync 1 DAGs
[2025-06-17T05:17:51.357+0000] {logging_mixin.py:190} INFO - [2025-06-17T05:17:51.356+0000] {dag.py:3262} INFO - Creating ORM DAG for example_task_group
[2025-06-17T05:17:51.357+0000] {logging_mixin.py:190} INFO - [2025-06-17T05:17:51.357+0000] {dag.py:4180} INFO - Setting next_dagrun for example_task_group to None, run_after=None
[2025-06-17T05:17:51.371+0000] {processor.py:208} INFO - Processing /home/airflow/.local/lib/python3.12/site-packages/airflow/example_dags/example_task_group.py took 0.162 seconds
[2025-06-17T05:19:17.471+0000] {processor.py:186} INFO - Started process (PID=114) to work on /home/airflow/.local/lib/python3.12/site-packages/airflow/example_dags/example_task_group.py
[2025-06-17T05:19:17.471+0000] {processor.py:914} INFO - Processing file /home/airflow/.local/lib/python3.12/site-packages/airflow/example_dags/example_task_group.py for tasks to queue
[2025-06-17T05:19:17.472+0000] {logging_mixin.py:190} INFO - [2025-06-17T05:19:17.472+0000] {dagbag.py:588} INFO - Filling up the DagBag from /home/airflow/.local/lib/python3.12/site-packages/airflow/example_dags/example_task_group.py
[2025-06-17T05:19:17.480+0000] {processor.py:925} INFO - DAG(s) 'example_task_group' retrieved from /home/airflow/.local/lib/python3.12/site-packages/airflow/example_dags/example_task_group.py
[2025-06-17T05:19:17.496+0000] {logging_mixin.py:190} INFO - [2025-06-17T05:19:17.496+0000] {dag.py:3239} INFO - Sync 1 DAGs
[2025-06-17T05:19:17.508+0000] {logging_mixin.py:190} INFO - [2025-06-17T05:19:17.508+0000] {dag.py:4180} INFO - Setting next_dagrun for example_task_group to None, run_after=None
[2025-06-17T05:19:17.524+0000] {processor.py:208} INFO - Processing /home/airflow/.local/lib/python3.12/site-packages/airflow/example_dags/example_task_group.py took 0.058 seconds
[2025-06-17T05:19:48.210+0000] {processor.py:186} INFO - Started process (PID=177) to work on /home/airflow/.local/lib/python3.12/site-packages/airflow/example_dags/example_task_group.py
[2025-06-17T05:19:48.211+0000] {processor.py:914} INFO - Processing file /home/airflow/.local/lib/python3.12/site-packages/airflow/example_dags/example_task_group.py for tasks to queue
[2025-06-17T05:19:48.212+0000] {logging_mixin.py:190} INFO - [2025-06-17T05:19:48.212+0000] {dagbag.py:588} INFO - Filling up the DagBag from /home/airflow/.local/lib/python3.12/site-packages/airflow/example_dags/example_task_group.py
[2025-06-17T05:19:48.220+0000] {processor.py:925} INFO - DAG(s) 'example_task_group' retrieved from /home/airflow/.local/lib/python3.12/site-packages/airflow/example_dags/example_task_group.py
[2025-06-17T05:19:48.237+0000] {logging_mixin.py:190} INFO - [2025-06-17T05:19:48.237+0000] {dag.py:3239} INFO - Sync 1 DAGs
[2025-06-17T05:19:48.249+0000] {logging_mixin.py:190} INFO - [2025-06-17T05:19:48.249+0000] {dag.py:4180} INFO - Setting next_dagrun for example_task_group to None, run_after=None
[2025-06-17T05:19:48.264+0000] {processor.py:208} INFO - Processing /home/airflow/.local/lib/python3.12/site-packages/airflow/example_dags/example_task_group.py took 0.059 seconds
[2025-06-17T05:21:36.304+0000] {processor.py:186} INFO - Started process (PID=114) to work on /home/airflow/.local/lib/python3.12/site-packages/airflow/example_dags/example_task_group.py
[2025-06-17T05:21:36.304+0000] {processor.py:914} INFO - Processing file /home/airflow/.local/lib/python3.12/site-packages/airflow/example_dags/example_task_group.py for tasks to queue
[2025-06-17T05:21:36.305+0000] {logging_mixin.py:190} INFO - [2025-06-17T05:21:36.305+0000] {dagbag.py:588} INFO - Filling up the DagBag from /home/airflow/.local/lib/python3.12/site-packages/airflow/example_dags/example_task_group.py
[2025-06-17T05:21:36.312+0000] {processor.py:925} INFO - DAG(s) 'example_task_group' retrieved from /home/airflow/.local/lib/python3.12/site-packages/airflow/example_dags/example_task_group.py
[2025-06-17T05:21:36.329+0000] {logging_mixin.py:190} INFO - [2025-06-17T05:21:36.328+0000] {dag.py:3239} INFO - Sync 1 DAGs
[2025-06-17T05:21:36.340+0000] {logging_mixin.py:190} INFO - [2025-06-17T05:21:36.340+0000] {dag.py:4180} INFO - Setting next_dagrun for example_task_group to None, run_after=None
[2025-06-17T05:21:36.355+0000] {processor.py:208} INFO - Processing /home/airflow/.local/lib/python3.12/site-packages/airflow/example_dags/example_task_group.py took 0.056 seconds
[2025-06-17T05:22:07.125+0000] {processor.py:186} INFO - Started process (PID=177) to work on /home/airflow/.local/lib/python3.12/site-packages/airflow/example_dags/example_task_group.py
[2025-06-17T05:22:07.125+0000] {processor.py:914} INFO - Processing file /home/airflow/.local/lib/python3.12/site-packages/airflow/example_dags/example_task_group.py for tasks to queue
[2025-06-17T05:22:07.126+0000] {logging_mixin.py:190} INFO - [2025-06-17T05:22:07.126+0000] {dagbag.py:588} INFO - Filling up the DagBag from /home/airflow/.local/lib/python3.12/site-packages/airflow/example_dags/example_task_group.py
[2025-06-17T05:22:07.134+0000] {processor.py:925} INFO - DAG(s) 'example_task_group' retrieved from /home/airflow/.local/lib/python3.12/site-packages/airflow/example_dags/example_task_group.py
[2025-06-17T05:22:07.151+0000] {logging_mixin.py:190} INFO - [2025-06-17T05:22:07.151+0000] {dag.py:3239} INFO - Sync 1 DAGs
[2025-06-17T05:22:07.165+0000] {logging_mixin.py:190} INFO - [2025-06-17T05:22:07.165+0000] {dag.py:4180} INFO - Setting next_dagrun for example_task_group to None, run_after=None
[2025-06-17T05:22:07.180+0000] {processor.py:208} INFO - Processing /home/airflow/.local/lib/python3.12/site-packages/airflow/example_dags/example_task_group.py took 0.060 seconds
[2025-06-17T05:22:38.158+0000] {processor.py:186} INFO - Started process (PID=240) to work on /home/airflow/.local/lib/python3.12/site-packages/airflow/example_dags/example_task_group.py
[2025-06-17T05:22:38.158+0000] {processor.py:914} INFO - Processing file /home/airflow/.local/lib/python3.12/site-packages/airflow/example_dags/example_task_group.py for tasks to queue
[2025-06-17T05:22:38.159+0000] {logging_mixin.py:190} INFO - [2025-06-17T05:22:38.159+0000] {dagbag.py:588} INFO - Filling up the DagBag from /home/airflow/.local/lib/python3.12/site-packages/airflow/example_dags/example_task_group.py
[2025-06-17T05:22:38.167+0000] {processor.py:925} INFO - DAG(s) 'example_task_group' retrieved from /home/airflow/.local/lib/python3.12/site-packages/airflow/example_dags/example_task_group.py
[2025-06-17T05:22:38.183+0000] {logging_mixin.py:190} INFO - [2025-06-17T05:22:38.182+0000] {dag.py:3239} INFO - Sync 1 DAGs
[2025-06-17T05:22:38.195+0000] {logging_mixin.py:190} INFO - [2025-06-17T05:22:38.195+0000] {dag.py:4180} INFO - Setting next_dagrun for example_task_group to None, run_after=None
[2025-06-17T05:22:38.211+0000] {processor.py:208} INFO - Processing /home/airflow/.local/lib/python3.12/site-packages/airflow/example_dags/example_task_group.py took 0.058 seconds
[2025-06-17T05:23:08.880+0000] {processor.py:186} INFO - Started process (PID=303) to work on /home/airflow/.local/lib/python3.12/site-packages/airflow/example_dags/example_task_group.py
[2025-06-17T05:23:08.880+0000] {processor.py:914} INFO - Processing file /home/airflow/.local/lib/python3.12/site-packages/airflow/example_dags/example_task_group.py for tasks to queue
[2025-06-17T05:23:08.881+0000] {logging_mixin.py:190} INFO - [2025-06-17T05:23:08.881+0000] {dagbag.py:588} INFO - Filling up the DagBag from /home/airflow/.local/lib/python3.12/site-packages/airflow/example_dags/example_task_group.py
[2025-06-17T05:23:08.888+0000] {processor.py:925} INFO - DAG(s) 'example_task_group' retrieved from /home/airflow/.local/lib/python3.12/site-packages/airflow/example_dags/example_task_group.py
[2025-06-17T05:23:08.905+0000] {logging_mixin.py:190} INFO - [2025-06-17T05:23:08.905+0000] {dag.py:3239} INFO - Sync 1 DAGs
[2025-06-17T05:23:08.918+0000] {logging_mixin.py:190} INFO - [2025-06-17T05:23:08.918+0000] {dag.py:4180} INFO - Setting next_dagrun for example_task_group to None, run_after=None
[2025-06-17T05:23:08.933+0000] {processor.py:208} INFO - Processing /home/airflow/.local/lib/python3.12/site-packages/airflow/example_dags/example_task_group.py took 0.058 seconds
[2025-06-17T05:23:40.087+0000] {processor.py:186} INFO - Started process (PID=366) to work on /home/airflow/.local/lib/python3.12/site-packages/airflow/example_dags/example_task_group.py
[2025-06-17T05:23:40.088+0000] {processor.py:914} INFO - Processing file /home/airflow/.local/lib/python3.12/site-packages/airflow/example_dags/example_task_group.py for tasks to queue
[2025-06-17T05:23:40.089+0000] {logging_mixin.py:190} INFO - [2025-06-17T05:23:40.088+0000] {dagbag.py:588} INFO - Filling up the DagBag from /home/airflow/.local/lib/python3.12/site-packages/airflow/example_dags/example_task_group.py
[2025-06-17T05:23:40.096+0000] {processor.py:925} INFO - DAG(s) 'example_task_group' retrieved from /home/airflow/.local/lib/python3.12/site-packages/airflow/example_dags/example_task_group.py
[2025-06-17T05:23:40.113+0000] {logging_mixin.py:190} INFO - [2025-06-17T05:23:40.113+0000] {dag.py:3239} INFO - Sync 1 DAGs
[2025-06-17T05:23:40.125+0000] {logging_mixin.py:190} INFO - [2025-06-17T05:23:40.125+0000] {dag.py:4180} INFO - Setting next_dagrun for example_task_group to None, run_after=None
[2025-06-17T05:23:40.142+0000] {processor.py:208} INFO - Processing /home/airflow/.local/lib/python3.12/site-packages/airflow/example_dags/example_task_group.py took 0.060 seconds
