[2025-06-17T05:01:27.301+0000] {processor.py:186} INFO - Started process (PID=84) to work on /home/airflow/.local/lib/python3.12/site-packages/airflow/example_dags/example_workday_timetable.py
[2025-06-17T05:01:27.301+0000] {processor.py:914} INFO - Processing file /home/airflow/.local/lib/python3.12/site-packages/airflow/example_dags/example_workday_timetable.py for tasks to queue
[2025-06-17T05:01:27.303+0000] {logging_mixin.py:190} INFO - [2025-06-17T05:01:27.302+0000] {dagbag.py:588} INFO - Filling up the DagBag from /home/airflow/.local/lib/python3.12/site-packages/airflow/example_dags/example_workday_timetable.py
[2025-06-17T05:01:27.308+0000] {processor.py:925} INFO - DAG(s) 'example_workday_timetable' retrieved from /home/airflow/.local/lib/python3.12/site-packages/airflow/example_dags/example_workday_timetable.py
[2025-06-17T05:01:27.394+0000] {logging_mixin.py:190} INFO - [2025-06-17T05:01:27.392+0000] {override.py:1912} INFO - Created Permission View: can read on DAG:example_workday_timetable
[2025-06-17T05:01:27.403+0000] {logging_mixin.py:190} INFO - [2025-06-17T05:01:27.403+0000] {override.py:1912} INFO - Created Permission View: can edit on DAG:example_workday_timetable
[2025-06-17T05:01:27.410+0000] {logging_mixin.py:190} INFO - [2025-06-17T05:01:27.409+0000] {override.py:1912} INFO - Created Permission View: can delete on DAG:example_workday_timetable
[2025-06-17T05:01:27.417+0000] {logging_mixin.py:190} INFO - [2025-06-17T05:01:27.417+0000] {override.py:1912} INFO - Created Permission View: menu access on DAG Run:example_workday_timetable
[2025-06-17T05:01:27.423+0000] {logging_mixin.py:190} INFO - [2025-06-17T05:01:27.423+0000] {override.py:1912} INFO - Created Permission View: can create on DAG Run:example_workday_timetable
[2025-06-17T05:01:27.429+0000] {logging_mixin.py:190} INFO - [2025-06-17T05:01:27.429+0000] {override.py:1912} INFO - Created Permission View: can read on DAG Run:example_workday_timetable
[2025-06-17T05:01:27.435+0000] {logging_mixin.py:190} INFO - [2025-06-17T05:01:27.435+0000] {override.py:1912} INFO - Created Permission View: can delete on DAG Run:example_workday_timetable
[2025-06-17T05:01:27.436+0000] {logging_mixin.py:190} INFO - [2025-06-17T05:01:27.436+0000] {dag.py:3239} INFO - Sync 1 DAGs
[2025-06-17T05:01:27.446+0000] {logging_mixin.py:190} INFO - [2025-06-17T05:01:27.445+0000] {dag.py:3262} INFO - Creating ORM DAG for example_workday_timetable
[2025-06-17T05:01:27.492+0000] {logging_mixin.py:190} INFO - [2025-06-17T05:01:27.492+0000] {dag.py:4180} INFO - Setting next_dagrun for example_workday_timetable to 2021-01-04 00:00:00+00:00, run_after=2021-01-05 00:00:00+00:00
[2025-06-17T05:01:27.506+0000] {processor.py:208} INFO - Processing /home/airflow/.local/lib/python3.12/site-packages/airflow/example_dags/example_workday_timetable.py took 0.209 seconds
[2025-06-17T05:01:58.131+0000] {processor.py:186} INFO - Started process (PID=147) to work on /home/airflow/.local/lib/python3.12/site-packages/airflow/example_dags/example_workday_timetable.py
[2025-06-17T05:01:58.131+0000] {processor.py:914} INFO - Processing file /home/airflow/.local/lib/python3.12/site-packages/airflow/example_dags/example_workday_timetable.py for tasks to queue
[2025-06-17T05:01:58.132+0000] {logging_mixin.py:190} INFO - [2025-06-17T05:01:58.132+0000] {dagbag.py:588} INFO - Filling up the DagBag from /home/airflow/.local/lib/python3.12/site-packages/airflow/example_dags/example_workday_timetable.py
[2025-06-17T05:01:58.137+0000] {processor.py:925} INFO - DAG(s) 'example_workday_timetable' retrieved from /home/airflow/.local/lib/python3.12/site-packages/airflow/example_dags/example_workday_timetable.py
[2025-06-17T05:01:58.150+0000] {logging_mixin.py:190} INFO - [2025-06-17T05:01:58.149+0000] {dag.py:3239} INFO - Sync 1 DAGs
[2025-06-17T05:01:58.194+0000] {logging_mixin.py:190} INFO - [2025-06-17T05:01:58.194+0000] {dag.py:4180} INFO - Setting next_dagrun for example_workday_timetable to 2021-01-04 00:00:00+00:00, run_after=2021-01-05 00:00:00+00:00
[2025-06-17T05:01:58.209+0000] {processor.py:208} INFO - Processing /home/airflow/.local/lib/python3.12/site-packages/airflow/example_dags/example_workday_timetable.py took 0.083 seconds
[2025-06-17T05:02:29.058+0000] {processor.py:186} INFO - Started process (PID=210) to work on /home/airflow/.local/lib/python3.12/site-packages/airflow/example_dags/example_workday_timetable.py
[2025-06-17T05:02:29.058+0000] {processor.py:914} INFO - Processing file /home/airflow/.local/lib/python3.12/site-packages/airflow/example_dags/example_workday_timetable.py for tasks to queue
[2025-06-17T05:02:29.059+0000] {logging_mixin.py:190} INFO - [2025-06-17T05:02:29.059+0000] {dagbag.py:588} INFO - Filling up the DagBag from /home/airflow/.local/lib/python3.12/site-packages/airflow/example_dags/example_workday_timetable.py
[2025-06-17T05:02:29.064+0000] {processor.py:925} INFO - DAG(s) 'example_workday_timetable' retrieved from /home/airflow/.local/lib/python3.12/site-packages/airflow/example_dags/example_workday_timetable.py
[2025-06-17T05:02:29.082+0000] {logging_mixin.py:190} INFO - [2025-06-17T05:02:29.081+0000] {dag.py:3239} INFO - Sync 1 DAGs
[2025-06-17T05:02:29.130+0000] {logging_mixin.py:190} INFO - [2025-06-17T05:02:29.129+0000] {dag.py:4180} INFO - Setting next_dagrun for example_workday_timetable to 2021-01-04 00:00:00+00:00, run_after=2021-01-05 00:00:00+00:00
[2025-06-17T05:02:29.145+0000] {processor.py:208} INFO - Processing /home/airflow/.local/lib/python3.12/site-packages/airflow/example_dags/example_workday_timetable.py took 0.091 seconds
[2025-06-17T05:06:06.263+0000] {processor.py:186} INFO - Started process (PID=80) to work on /home/airflow/.local/lib/python3.12/site-packages/airflow/example_dags/example_workday_timetable.py
[2025-06-17T05:06:06.264+0000] {processor.py:914} INFO - Processing file /home/airflow/.local/lib/python3.12/site-packages/airflow/example_dags/example_workday_timetable.py for tasks to queue
[2025-06-17T05:06:06.264+0000] {logging_mixin.py:190} INFO - [2025-06-17T05:06:06.264+0000] {dagbag.py:588} INFO - Filling up the DagBag from /home/airflow/.local/lib/python3.12/site-packages/airflow/example_dags/example_workday_timetable.py
[2025-06-17T05:06:06.269+0000] {processor.py:925} INFO - DAG(s) 'example_workday_timetable' retrieved from /home/airflow/.local/lib/python3.12/site-packages/airflow/example_dags/example_workday_timetable.py
[2025-06-17T05:06:06.290+0000] {logging_mixin.py:190} INFO - [2025-06-17T05:06:06.289+0000] {dag.py:3239} INFO - Sync 1 DAGs
[2025-06-17T05:06:06.334+0000] {logging_mixin.py:190} INFO - [2025-06-17T05:06:06.334+0000] {dag.py:4180} INFO - Setting next_dagrun for example_workday_timetable to 2021-01-04 00:00:00+00:00, run_after=2021-01-05 00:00:00+00:00
[2025-06-17T05:06:06.350+0000] {processor.py:208} INFO - Processing /home/airflow/.local/lib/python3.12/site-packages/airflow/example_dags/example_workday_timetable.py took 0.091 seconds
[2025-06-17T05:06:37.424+0000] {processor.py:186} INFO - Started process (PID=149) to work on /home/airflow/.local/lib/python3.12/site-packages/airflow/example_dags/example_workday_timetable.py
[2025-06-17T05:06:37.424+0000] {processor.py:914} INFO - Processing file /home/airflow/.local/lib/python3.12/site-packages/airflow/example_dags/example_workday_timetable.py for tasks to queue
[2025-06-17T05:06:37.425+0000] {logging_mixin.py:190} INFO - [2025-06-17T05:06:37.425+0000] {dagbag.py:588} INFO - Filling up the DagBag from /home/airflow/.local/lib/python3.12/site-packages/airflow/example_dags/example_workday_timetable.py
[2025-06-17T05:06:37.429+0000] {processor.py:925} INFO - DAG(s) 'example_workday_timetable' retrieved from /home/airflow/.local/lib/python3.12/site-packages/airflow/example_dags/example_workday_timetable.py
[2025-06-17T05:06:37.442+0000] {logging_mixin.py:190} INFO - [2025-06-17T05:06:37.441+0000] {dag.py:3239} INFO - Sync 1 DAGs
[2025-06-17T05:06:37.485+0000] {logging_mixin.py:190} INFO - [2025-06-17T05:06:37.485+0000] {dag.py:4180} INFO - Setting next_dagrun for example_workday_timetable to 2021-01-04 00:00:00+00:00, run_after=2021-01-05 00:00:00+00:00
[2025-06-17T05:06:37.499+0000] {processor.py:208} INFO - Processing /home/airflow/.local/lib/python3.12/site-packages/airflow/example_dags/example_workday_timetable.py took 0.080 seconds
[2025-06-17T05:09:00.236+0000] {processor.py:186} INFO - Started process (PID=84) to work on /home/airflow/.local/lib/python3.12/site-packages/airflow/example_dags/example_workday_timetable.py
[2025-06-17T05:09:00.237+0000] {processor.py:914} INFO - Processing file /home/airflow/.local/lib/python3.12/site-packages/airflow/example_dags/example_workday_timetable.py for tasks to queue
[2025-06-17T05:09:00.238+0000] {logging_mixin.py:190} INFO - [2025-06-17T05:09:00.237+0000] {dagbag.py:588} INFO - Filling up the DagBag from /home/airflow/.local/lib/python3.12/site-packages/airflow/example_dags/example_workday_timetable.py
[2025-06-17T05:09:00.243+0000] {processor.py:925} INFO - DAG(s) 'example_workday_timetable' retrieved from /home/airflow/.local/lib/python3.12/site-packages/airflow/example_dags/example_workday_timetable.py
[2025-06-17T05:09:00.265+0000] {logging_mixin.py:190} INFO - [2025-06-17T05:09:00.265+0000] {dag.py:3239} INFO - Sync 1 DAGs
[2025-06-17T05:09:00.322+0000] {logging_mixin.py:190} INFO - [2025-06-17T05:09:00.321+0000] {dag.py:4180} INFO - Setting next_dagrun for example_workday_timetable to 2021-01-04 00:00:00+00:00, run_after=2021-01-05 00:00:00+00:00
[2025-06-17T05:09:00.340+0000] {processor.py:208} INFO - Processing /home/airflow/.local/lib/python3.12/site-packages/airflow/example_dags/example_workday_timetable.py took 0.108 seconds
[2025-06-17T05:09:31.122+0000] {processor.py:186} INFO - Started process (PID=147) to work on /home/airflow/.local/lib/python3.12/site-packages/airflow/example_dags/example_workday_timetable.py
[2025-06-17T05:09:31.123+0000] {processor.py:914} INFO - Processing file /home/airflow/.local/lib/python3.12/site-packages/airflow/example_dags/example_workday_timetable.py for tasks to queue
[2025-06-17T05:09:31.124+0000] {logging_mixin.py:190} INFO - [2025-06-17T05:09:31.124+0000] {dagbag.py:588} INFO - Filling up the DagBag from /home/airflow/.local/lib/python3.12/site-packages/airflow/example_dags/example_workday_timetable.py
[2025-06-17T05:09:31.129+0000] {processor.py:925} INFO - DAG(s) 'example_workday_timetable' retrieved from /home/airflow/.local/lib/python3.12/site-packages/airflow/example_dags/example_workday_timetable.py
[2025-06-17T05:09:31.143+0000] {logging_mixin.py:190} INFO - [2025-06-17T05:09:31.143+0000] {dag.py:3239} INFO - Sync 1 DAGs
[2025-06-17T05:09:31.194+0000] {logging_mixin.py:190} INFO - [2025-06-17T05:09:31.193+0000] {dag.py:4180} INFO - Setting next_dagrun for example_workday_timetable to 2021-01-04 00:00:00+00:00, run_after=2021-01-05 00:00:00+00:00
[2025-06-17T05:09:31.208+0000] {processor.py:208} INFO - Processing /home/airflow/.local/lib/python3.12/site-packages/airflow/example_dags/example_workday_timetable.py took 0.090 seconds
[2025-06-17T05:10:01.843+0000] {processor.py:186} INFO - Started process (PID=210) to work on /home/airflow/.local/lib/python3.12/site-packages/airflow/example_dags/example_workday_timetable.py
[2025-06-17T05:10:01.844+0000] {processor.py:914} INFO - Processing file /home/airflow/.local/lib/python3.12/site-packages/airflow/example_dags/example_workday_timetable.py for tasks to queue
[2025-06-17T05:10:01.845+0000] {logging_mixin.py:190} INFO - [2025-06-17T05:10:01.845+0000] {dagbag.py:588} INFO - Filling up the DagBag from /home/airflow/.local/lib/python3.12/site-packages/airflow/example_dags/example_workday_timetable.py
[2025-06-17T05:10:01.850+0000] {processor.py:925} INFO - DAG(s) 'example_workday_timetable' retrieved from /home/airflow/.local/lib/python3.12/site-packages/airflow/example_dags/example_workday_timetable.py
[2025-06-17T05:10:01.865+0000] {logging_mixin.py:190} INFO - [2025-06-17T05:10:01.865+0000] {dag.py:3239} INFO - Sync 1 DAGs
[2025-06-17T05:10:01.916+0000] {logging_mixin.py:190} INFO - [2025-06-17T05:10:01.916+0000] {dag.py:4180} INFO - Setting next_dagrun for example_workday_timetable to 2021-01-04 00:00:00+00:00, run_after=2021-01-05 00:00:00+00:00
[2025-06-17T05:10:01.932+0000] {processor.py:208} INFO - Processing /home/airflow/.local/lib/python3.12/site-packages/airflow/example_dags/example_workday_timetable.py took 0.094 seconds
[2025-06-17T05:10:33.223+0000] {processor.py:186} INFO - Started process (PID=273) to work on /home/airflow/.local/lib/python3.12/site-packages/airflow/example_dags/example_workday_timetable.py
[2025-06-17T05:10:33.223+0000] {processor.py:914} INFO - Processing file /home/airflow/.local/lib/python3.12/site-packages/airflow/example_dags/example_workday_timetable.py for tasks to queue
[2025-06-17T05:10:33.224+0000] {logging_mixin.py:190} INFO - [2025-06-17T05:10:33.224+0000] {dagbag.py:588} INFO - Filling up the DagBag from /home/airflow/.local/lib/python3.12/site-packages/airflow/example_dags/example_workday_timetable.py
[2025-06-17T05:10:33.229+0000] {processor.py:925} INFO - DAG(s) 'example_workday_timetable' retrieved from /home/airflow/.local/lib/python3.12/site-packages/airflow/example_dags/example_workday_timetable.py
[2025-06-17T05:10:33.244+0000] {logging_mixin.py:190} INFO - [2025-06-17T05:10:33.243+0000] {dag.py:3239} INFO - Sync 1 DAGs
[2025-06-17T05:10:33.288+0000] {logging_mixin.py:190} INFO - [2025-06-17T05:10:33.288+0000] {dag.py:4180} INFO - Setting next_dagrun for example_workday_timetable to 2021-01-04 00:00:00+00:00, run_after=2021-01-05 00:00:00+00:00
[2025-06-17T05:10:33.302+0000] {processor.py:208} INFO - Processing /home/airflow/.local/lib/python3.12/site-packages/airflow/example_dags/example_workday_timetable.py took 0.084 seconds
[2025-06-17T05:11:04.223+0000] {processor.py:186} INFO - Started process (PID=336) to work on /home/airflow/.local/lib/python3.12/site-packages/airflow/example_dags/example_workday_timetable.py
[2025-06-17T05:11:04.223+0000] {processor.py:914} INFO - Processing file /home/airflow/.local/lib/python3.12/site-packages/airflow/example_dags/example_workday_timetable.py for tasks to queue
[2025-06-17T05:11:04.224+0000] {logging_mixin.py:190} INFO - [2025-06-17T05:11:04.224+0000] {dagbag.py:588} INFO - Filling up the DagBag from /home/airflow/.local/lib/python3.12/site-packages/airflow/example_dags/example_workday_timetable.py
[2025-06-17T05:11:04.230+0000] {processor.py:925} INFO - DAG(s) 'example_workday_timetable' retrieved from /home/airflow/.local/lib/python3.12/site-packages/airflow/example_dags/example_workday_timetable.py
[2025-06-17T05:11:04.244+0000] {logging_mixin.py:190} INFO - [2025-06-17T05:11:04.243+0000] {dag.py:3239} INFO - Sync 1 DAGs
[2025-06-17T05:11:04.288+0000] {logging_mixin.py:190} INFO - [2025-06-17T05:11:04.288+0000] {dag.py:4180} INFO - Setting next_dagrun for example_workday_timetable to 2021-01-04 00:00:00+00:00, run_after=2021-01-05 00:00:00+00:00
[2025-06-17T05:11:04.303+0000] {processor.py:208} INFO - Processing /home/airflow/.local/lib/python3.12/site-packages/airflow/example_dags/example_workday_timetable.py took 0.086 seconds
[2025-06-17T05:11:34.852+0000] {processor.py:186} INFO - Started process (PID=398) to work on /home/airflow/.local/lib/python3.12/site-packages/airflow/example_dags/example_workday_timetable.py
[2025-06-17T05:11:34.853+0000] {processor.py:914} INFO - Processing file /home/airflow/.local/lib/python3.12/site-packages/airflow/example_dags/example_workday_timetable.py for tasks to queue
[2025-06-17T05:11:34.854+0000] {logging_mixin.py:190} INFO - [2025-06-17T05:11:34.853+0000] {dagbag.py:588} INFO - Filling up the DagBag from /home/airflow/.local/lib/python3.12/site-packages/airflow/example_dags/example_workday_timetable.py
[2025-06-17T05:11:34.858+0000] {processor.py:925} INFO - DAG(s) 'example_workday_timetable' retrieved from /home/airflow/.local/lib/python3.12/site-packages/airflow/example_dags/example_workday_timetable.py
[2025-06-17T05:11:34.872+0000] {logging_mixin.py:190} INFO - [2025-06-17T05:11:34.872+0000] {dag.py:3239} INFO - Sync 1 DAGs
[2025-06-17T05:11:34.917+0000] {logging_mixin.py:190} INFO - [2025-06-17T05:11:34.917+0000] {dag.py:4180} INFO - Setting next_dagrun for example_workday_timetable to 2021-01-04 00:00:00+00:00, run_after=2021-01-05 00:00:00+00:00
[2025-06-17T05:11:34.932+0000] {processor.py:208} INFO - Processing /home/airflow/.local/lib/python3.12/site-packages/airflow/example_dags/example_workday_timetable.py took 0.084 seconds
[2025-06-17T05:12:05.886+0000] {processor.py:186} INFO - Started process (PID=462) to work on /home/airflow/.local/lib/python3.12/site-packages/airflow/example_dags/example_workday_timetable.py
[2025-06-17T05:12:05.886+0000] {processor.py:914} INFO - Processing file /home/airflow/.local/lib/python3.12/site-packages/airflow/example_dags/example_workday_timetable.py for tasks to queue
[2025-06-17T05:12:05.887+0000] {logging_mixin.py:190} INFO - [2025-06-17T05:12:05.887+0000] {dagbag.py:588} INFO - Filling up the DagBag from /home/airflow/.local/lib/python3.12/site-packages/airflow/example_dags/example_workday_timetable.py
[2025-06-17T05:12:05.892+0000] {processor.py:925} INFO - DAG(s) 'example_workday_timetable' retrieved from /home/airflow/.local/lib/python3.12/site-packages/airflow/example_dags/example_workday_timetable.py
[2025-06-17T05:12:05.909+0000] {logging_mixin.py:190} INFO - [2025-06-17T05:12:05.909+0000] {dag.py:3239} INFO - Sync 1 DAGs
[2025-06-17T05:12:05.970+0000] {logging_mixin.py:190} INFO - [2025-06-17T05:12:05.969+0000] {dag.py:4180} INFO - Setting next_dagrun for example_workday_timetable to 2021-01-04 00:00:00+00:00, run_after=2021-01-05 00:00:00+00:00
[2025-06-17T05:12:05.983+0000] {processor.py:208} INFO - Processing /home/airflow/.local/lib/python3.12/site-packages/airflow/example_dags/example_workday_timetable.py took 0.103 seconds
[2025-06-17T05:12:36.378+0000] {processor.py:186} INFO - Started process (PID=525) to work on /home/airflow/.local/lib/python3.12/site-packages/airflow/example_dags/example_workday_timetable.py
[2025-06-17T05:12:36.379+0000] {processor.py:914} INFO - Processing file /home/airflow/.local/lib/python3.12/site-packages/airflow/example_dags/example_workday_timetable.py for tasks to queue
[2025-06-17T05:12:36.380+0000] {logging_mixin.py:190} INFO - [2025-06-17T05:12:36.380+0000] {dagbag.py:588} INFO - Filling up the DagBag from /home/airflow/.local/lib/python3.12/site-packages/airflow/example_dags/example_workday_timetable.py
[2025-06-17T05:12:36.385+0000] {processor.py:925} INFO - DAG(s) 'example_workday_timetable' retrieved from /home/airflow/.local/lib/python3.12/site-packages/airflow/example_dags/example_workday_timetable.py
[2025-06-17T05:12:36.399+0000] {logging_mixin.py:190} INFO - [2025-06-17T05:12:36.399+0000] {dag.py:3239} INFO - Sync 1 DAGs
[2025-06-17T05:12:36.442+0000] {logging_mixin.py:190} INFO - [2025-06-17T05:12:36.442+0000] {dag.py:4180} INFO - Setting next_dagrun for example_workday_timetable to 2021-01-04 00:00:00+00:00, run_after=2021-01-05 00:00:00+00:00
[2025-06-17T05:12:36.457+0000] {processor.py:208} INFO - Processing /home/airflow/.local/lib/python3.12/site-packages/airflow/example_dags/example_workday_timetable.py took 0.083 seconds
[2025-06-17T05:13:07.059+0000] {processor.py:186} INFO - Started process (PID=588) to work on /home/airflow/.local/lib/python3.12/site-packages/airflow/example_dags/example_workday_timetable.py
[2025-06-17T05:13:07.060+0000] {processor.py:914} INFO - Processing file /home/airflow/.local/lib/python3.12/site-packages/airflow/example_dags/example_workday_timetable.py for tasks to queue
[2025-06-17T05:13:07.061+0000] {logging_mixin.py:190} INFO - [2025-06-17T05:13:07.061+0000] {dagbag.py:588} INFO - Filling up the DagBag from /home/airflow/.local/lib/python3.12/site-packages/airflow/example_dags/example_workday_timetable.py
[2025-06-17T05:13:07.065+0000] {processor.py:925} INFO - DAG(s) 'example_workday_timetable' retrieved from /home/airflow/.local/lib/python3.12/site-packages/airflow/example_dags/example_workday_timetable.py
[2025-06-17T05:13:07.078+0000] {logging_mixin.py:190} INFO - [2025-06-17T05:13:07.078+0000] {dag.py:3239} INFO - Sync 1 DAGs
[2025-06-17T05:13:07.124+0000] {logging_mixin.py:190} INFO - [2025-06-17T05:13:07.123+0000] {dag.py:4180} INFO - Setting next_dagrun for example_workday_timetable to 2021-01-04 00:00:00+00:00, run_after=2021-01-05 00:00:00+00:00
[2025-06-17T05:13:07.137+0000] {processor.py:208} INFO - Processing /home/airflow/.local/lib/python3.12/site-packages/airflow/example_dags/example_workday_timetable.py took 0.082 seconds
[2025-06-17T05:13:37.650+0000] {processor.py:186} INFO - Started process (PID=651) to work on /home/airflow/.local/lib/python3.12/site-packages/airflow/example_dags/example_workday_timetable.py
[2025-06-17T05:13:37.650+0000] {processor.py:914} INFO - Processing file /home/airflow/.local/lib/python3.12/site-packages/airflow/example_dags/example_workday_timetable.py for tasks to queue
[2025-06-17T05:13:37.651+0000] {logging_mixin.py:190} INFO - [2025-06-17T05:13:37.651+0000] {dagbag.py:588} INFO - Filling up the DagBag from /home/airflow/.local/lib/python3.12/site-packages/airflow/example_dags/example_workday_timetable.py
[2025-06-17T05:13:37.656+0000] {processor.py:925} INFO - DAG(s) 'example_workday_timetable' retrieved from /home/airflow/.local/lib/python3.12/site-packages/airflow/example_dags/example_workday_timetable.py
[2025-06-17T05:13:37.670+0000] {logging_mixin.py:190} INFO - [2025-06-17T05:13:37.670+0000] {dag.py:3239} INFO - Sync 1 DAGs
[2025-06-17T05:13:37.713+0000] {logging_mixin.py:190} INFO - [2025-06-17T05:13:37.713+0000] {dag.py:4180} INFO - Setting next_dagrun for example_workday_timetable to 2021-01-04 00:00:00+00:00, run_after=2021-01-05 00:00:00+00:00
[2025-06-17T05:13:37.728+0000] {processor.py:208} INFO - Processing /home/airflow/.local/lib/python3.12/site-packages/airflow/example_dags/example_workday_timetable.py took 0.083 seconds
[2025-06-17T05:14:08.423+0000] {processor.py:186} INFO - Started process (PID=714) to work on /home/airflow/.local/lib/python3.12/site-packages/airflow/example_dags/example_workday_timetable.py
[2025-06-17T05:14:08.423+0000] {processor.py:914} INFO - Processing file /home/airflow/.local/lib/python3.12/site-packages/airflow/example_dags/example_workday_timetable.py for tasks to queue
[2025-06-17T05:14:08.424+0000] {logging_mixin.py:190} INFO - [2025-06-17T05:14:08.424+0000] {dagbag.py:588} INFO - Filling up the DagBag from /home/airflow/.local/lib/python3.12/site-packages/airflow/example_dags/example_workday_timetable.py
[2025-06-17T05:14:08.429+0000] {processor.py:925} INFO - DAG(s) 'example_workday_timetable' retrieved from /home/airflow/.local/lib/python3.12/site-packages/airflow/example_dags/example_workday_timetable.py
[2025-06-17T05:14:08.445+0000] {logging_mixin.py:190} INFO - [2025-06-17T05:14:08.444+0000] {dag.py:3239} INFO - Sync 1 DAGs
[2025-06-17T05:14:08.495+0000] {logging_mixin.py:190} INFO - [2025-06-17T05:14:08.495+0000] {dag.py:4180} INFO - Setting next_dagrun for example_workday_timetable to 2021-01-04 00:00:00+00:00, run_after=2021-01-05 00:00:00+00:00
[2025-06-17T05:14:08.512+0000] {processor.py:208} INFO - Processing /home/airflow/.local/lib/python3.12/site-packages/airflow/example_dags/example_workday_timetable.py took 0.095 seconds
[2025-06-17T05:17:47.075+0000] {processor.py:186} INFO - Started process (PID=85) to work on /home/airflow/.local/lib/python3.12/site-packages/airflow/example_dags/example_workday_timetable.py
[2025-06-17T05:17:47.076+0000] {processor.py:914} INFO - Processing file /home/airflow/.local/lib/python3.12/site-packages/airflow/example_dags/example_workday_timetable.py for tasks to queue
[2025-06-17T05:17:47.077+0000] {logging_mixin.py:190} INFO - [2025-06-17T05:17:47.076+0000] {dagbag.py:588} INFO - Filling up the DagBag from /home/airflow/.local/lib/python3.12/site-packages/airflow/example_dags/example_workday_timetable.py
[2025-06-17T05:17:47.082+0000] {processor.py:925} INFO - DAG(s) 'example_workday_timetable' retrieved from /home/airflow/.local/lib/python3.12/site-packages/airflow/example_dags/example_workday_timetable.py
[2025-06-17T05:17:47.178+0000] {logging_mixin.py:190} INFO - [2025-06-17T05:17:47.177+0000] {override.py:1912} INFO - Created Permission View: can read on DAG:example_workday_timetable
[2025-06-17T05:17:47.188+0000] {logging_mixin.py:190} INFO - [2025-06-17T05:17:47.188+0000] {override.py:1912} INFO - Created Permission View: can delete on DAG:example_workday_timetable
[2025-06-17T05:17:47.196+0000] {logging_mixin.py:190} INFO - [2025-06-17T05:17:47.195+0000] {override.py:1912} INFO - Created Permission View: can edit on DAG:example_workday_timetable
[2025-06-17T05:17:47.205+0000] {logging_mixin.py:190} INFO - [2025-06-17T05:17:47.205+0000] {override.py:1912} INFO - Created Permission View: can read on DAG Run:example_workday_timetable
[2025-06-17T05:17:47.212+0000] {logging_mixin.py:190} INFO - [2025-06-17T05:17:47.212+0000] {override.py:1912} INFO - Created Permission View: can delete on DAG Run:example_workday_timetable
[2025-06-17T05:17:47.220+0000] {logging_mixin.py:190} INFO - [2025-06-17T05:17:47.219+0000] {override.py:1912} INFO - Created Permission View: menu access on DAG Run:example_workday_timetable
[2025-06-17T05:17:47.228+0000] {logging_mixin.py:190} INFO - [2025-06-17T05:17:47.228+0000] {override.py:1912} INFO - Created Permission View: can create on DAG Run:example_workday_timetable
[2025-06-17T05:17:47.229+0000] {logging_mixin.py:190} INFO - [2025-06-17T05:17:47.229+0000] {dag.py:3239} INFO - Sync 1 DAGs
[2025-06-17T05:17:47.241+0000] {logging_mixin.py:190} INFO - [2025-06-17T05:17:47.241+0000] {dag.py:3262} INFO - Creating ORM DAG for example_workday_timetable
[2025-06-17T05:17:47.290+0000] {logging_mixin.py:190} INFO - [2025-06-17T05:17:47.289+0000] {dag.py:4180} INFO - Setting next_dagrun for example_workday_timetable to 2021-01-04 00:00:00+00:00, run_after=2021-01-05 00:00:00+00:00
[2025-06-17T05:17:47.304+0000] {processor.py:208} INFO - Processing /home/airflow/.local/lib/python3.12/site-packages/airflow/example_dags/example_workday_timetable.py took 0.234 seconds
[2025-06-17T05:19:14.741+0000] {processor.py:186} INFO - Started process (PID=85) to work on /home/airflow/.local/lib/python3.12/site-packages/airflow/example_dags/example_workday_timetable.py
[2025-06-17T05:19:14.741+0000] {processor.py:914} INFO - Processing file /home/airflow/.local/lib/python3.12/site-packages/airflow/example_dags/example_workday_timetable.py for tasks to queue
[2025-06-17T05:19:14.742+0000] {logging_mixin.py:190} INFO - [2025-06-17T05:19:14.742+0000] {dagbag.py:588} INFO - Filling up the DagBag from /home/airflow/.local/lib/python3.12/site-packages/airflow/example_dags/example_workday_timetable.py
[2025-06-17T05:19:14.749+0000] {processor.py:925} INFO - DAG(s) 'example_workday_timetable' retrieved from /home/airflow/.local/lib/python3.12/site-packages/airflow/example_dags/example_workday_timetable.py
[2025-06-17T05:19:14.774+0000] {logging_mixin.py:190} INFO - [2025-06-17T05:19:14.774+0000] {dag.py:3239} INFO - Sync 1 DAGs
[2025-06-17T05:19:14.823+0000] {logging_mixin.py:190} INFO - [2025-06-17T05:19:14.823+0000] {dag.py:4180} INFO - Setting next_dagrun for example_workday_timetable to 2021-01-04 00:00:00+00:00, run_after=2021-01-05 00:00:00+00:00
[2025-06-17T05:19:14.842+0000] {processor.py:208} INFO - Processing /home/airflow/.local/lib/python3.12/site-packages/airflow/example_dags/example_workday_timetable.py took 0.106 seconds
[2025-06-17T05:19:45.262+0000] {processor.py:186} INFO - Started process (PID=148) to work on /home/airflow/.local/lib/python3.12/site-packages/airflow/example_dags/example_workday_timetable.py
[2025-06-17T05:19:45.262+0000] {processor.py:914} INFO - Processing file /home/airflow/.local/lib/python3.12/site-packages/airflow/example_dags/example_workday_timetable.py for tasks to queue
[2025-06-17T05:19:45.263+0000] {logging_mixin.py:190} INFO - [2025-06-17T05:19:45.263+0000] {dagbag.py:588} INFO - Filling up the DagBag from /home/airflow/.local/lib/python3.12/site-packages/airflow/example_dags/example_workday_timetable.py
[2025-06-17T05:19:45.268+0000] {processor.py:925} INFO - DAG(s) 'example_workday_timetable' retrieved from /home/airflow/.local/lib/python3.12/site-packages/airflow/example_dags/example_workday_timetable.py
[2025-06-17T05:19:45.282+0000] {logging_mixin.py:190} INFO - [2025-06-17T05:19:45.282+0000] {dag.py:3239} INFO - Sync 1 DAGs
[2025-06-17T05:19:45.325+0000] {logging_mixin.py:190} INFO - [2025-06-17T05:19:45.325+0000] {dag.py:4180} INFO - Setting next_dagrun for example_workday_timetable to 2021-01-04 00:00:00+00:00, run_after=2021-01-05 00:00:00+00:00
[2025-06-17T05:19:45.341+0000] {processor.py:208} INFO - Processing /home/airflow/.local/lib/python3.12/site-packages/airflow/example_dags/example_workday_timetable.py took 0.084 seconds
[2025-06-17T05:21:33.856+0000] {processor.py:186} INFO - Started process (PID=85) to work on /home/airflow/.local/lib/python3.12/site-packages/airflow/example_dags/example_workday_timetable.py
[2025-06-17T05:21:33.857+0000] {processor.py:914} INFO - Processing file /home/airflow/.local/lib/python3.12/site-packages/airflow/example_dags/example_workday_timetable.py for tasks to queue
[2025-06-17T05:21:33.858+0000] {logging_mixin.py:190} INFO - [2025-06-17T05:21:33.858+0000] {dagbag.py:588} INFO - Filling up the DagBag from /home/airflow/.local/lib/python3.12/site-packages/airflow/example_dags/example_workday_timetable.py
[2025-06-17T05:21:33.863+0000] {processor.py:925} INFO - DAG(s) 'example_workday_timetable' retrieved from /home/airflow/.local/lib/python3.12/site-packages/airflow/example_dags/example_workday_timetable.py
[2025-06-17T05:21:33.886+0000] {logging_mixin.py:190} INFO - [2025-06-17T05:21:33.885+0000] {dag.py:3239} INFO - Sync 1 DAGs
[2025-06-17T05:21:33.946+0000] {logging_mixin.py:190} INFO - [2025-06-17T05:21:33.945+0000] {dag.py:4180} INFO - Setting next_dagrun for example_workday_timetable to 2021-01-04 00:00:00+00:00, run_after=2021-01-05 00:00:00+00:00
[2025-06-17T05:21:33.965+0000] {processor.py:208} INFO - Processing /home/airflow/.local/lib/python3.12/site-packages/airflow/example_dags/example_workday_timetable.py took 0.114 seconds
[2025-06-17T05:22:05.262+0000] {processor.py:186} INFO - Started process (PID=148) to work on /home/airflow/.local/lib/python3.12/site-packages/airflow/example_dags/example_workday_timetable.py
[2025-06-17T05:22:05.263+0000] {processor.py:914} INFO - Processing file /home/airflow/.local/lib/python3.12/site-packages/airflow/example_dags/example_workday_timetable.py for tasks to queue
[2025-06-17T05:22:05.264+0000] {logging_mixin.py:190} INFO - [2025-06-17T05:22:05.264+0000] {dagbag.py:588} INFO - Filling up the DagBag from /home/airflow/.local/lib/python3.12/site-packages/airflow/example_dags/example_workday_timetable.py
[2025-06-17T05:22:05.269+0000] {processor.py:925} INFO - DAG(s) 'example_workday_timetable' retrieved from /home/airflow/.local/lib/python3.12/site-packages/airflow/example_dags/example_workday_timetable.py
[2025-06-17T05:22:05.285+0000] {logging_mixin.py:190} INFO - [2025-06-17T05:22:05.285+0000] {dag.py:3239} INFO - Sync 1 DAGs
[2025-06-17T05:22:05.330+0000] {logging_mixin.py:190} INFO - [2025-06-17T05:22:05.330+0000] {dag.py:4180} INFO - Setting next_dagrun for example_workday_timetable to 2021-01-04 00:00:00+00:00, run_after=2021-01-05 00:00:00+00:00
[2025-06-17T05:22:05.345+0000] {processor.py:208} INFO - Processing /home/airflow/.local/lib/python3.12/site-packages/airflow/example_dags/example_workday_timetable.py took 0.087 seconds
[2025-06-17T05:22:36.024+0000] {processor.py:186} INFO - Started process (PID=211) to work on /home/airflow/.local/lib/python3.12/site-packages/airflow/example_dags/example_workday_timetable.py
[2025-06-17T05:22:36.025+0000] {processor.py:914} INFO - Processing file /home/airflow/.local/lib/python3.12/site-packages/airflow/example_dags/example_workday_timetable.py for tasks to queue
[2025-06-17T05:22:36.026+0000] {logging_mixin.py:190} INFO - [2025-06-17T05:22:36.026+0000] {dagbag.py:588} INFO - Filling up the DagBag from /home/airflow/.local/lib/python3.12/site-packages/airflow/example_dags/example_workday_timetable.py
[2025-06-17T05:22:36.031+0000] {processor.py:925} INFO - DAG(s) 'example_workday_timetable' retrieved from /home/airflow/.local/lib/python3.12/site-packages/airflow/example_dags/example_workday_timetable.py
[2025-06-17T05:22:36.048+0000] {logging_mixin.py:190} INFO - [2025-06-17T05:22:36.048+0000] {dag.py:3239} INFO - Sync 1 DAGs
[2025-06-17T05:22:36.102+0000] {logging_mixin.py:190} INFO - [2025-06-17T05:22:36.102+0000] {dag.py:4180} INFO - Setting next_dagrun for example_workday_timetable to 2021-01-04 00:00:00+00:00, run_after=2021-01-05 00:00:00+00:00
[2025-06-17T05:22:36.119+0000] {processor.py:208} INFO - Processing /home/airflow/.local/lib/python3.12/site-packages/airflow/example_dags/example_workday_timetable.py took 0.100 seconds
[2025-06-17T05:23:06.898+0000] {processor.py:186} INFO - Started process (PID=274) to work on /home/airflow/.local/lib/python3.12/site-packages/airflow/example_dags/example_workday_timetable.py
[2025-06-17T05:23:06.898+0000] {processor.py:914} INFO - Processing file /home/airflow/.local/lib/python3.12/site-packages/airflow/example_dags/example_workday_timetable.py for tasks to queue
[2025-06-17T05:23:06.899+0000] {logging_mixin.py:190} INFO - [2025-06-17T05:23:06.899+0000] {dagbag.py:588} INFO - Filling up the DagBag from /home/airflow/.local/lib/python3.12/site-packages/airflow/example_dags/example_workday_timetable.py
[2025-06-17T05:23:06.904+0000] {processor.py:925} INFO - DAG(s) 'example_workday_timetable' retrieved from /home/airflow/.local/lib/python3.12/site-packages/airflow/example_dags/example_workday_timetable.py
[2025-06-17T05:23:06.918+0000] {logging_mixin.py:190} INFO - [2025-06-17T05:23:06.917+0000] {dag.py:3239} INFO - Sync 1 DAGs
[2025-06-17T05:23:06.967+0000] {logging_mixin.py:190} INFO - [2025-06-17T05:23:06.966+0000] {dag.py:4180} INFO - Setting next_dagrun for example_workday_timetable to 2021-01-04 00:00:00+00:00, run_after=2021-01-05 00:00:00+00:00
[2025-06-17T05:23:06.982+0000] {processor.py:208} INFO - Processing /home/airflow/.local/lib/python3.12/site-packages/airflow/example_dags/example_workday_timetable.py took 0.089 seconds
[2025-06-17T05:23:38.278+0000] {processor.py:186} INFO - Started process (PID=337) to work on /home/airflow/.local/lib/python3.12/site-packages/airflow/example_dags/example_workday_timetable.py
[2025-06-17T05:23:38.279+0000] {processor.py:914} INFO - Processing file /home/airflow/.local/lib/python3.12/site-packages/airflow/example_dags/example_workday_timetable.py for tasks to queue
[2025-06-17T05:23:38.280+0000] {logging_mixin.py:190} INFO - [2025-06-17T05:23:38.280+0000] {dagbag.py:588} INFO - Filling up the DagBag from /home/airflow/.local/lib/python3.12/site-packages/airflow/example_dags/example_workday_timetable.py
[2025-06-17T05:23:38.285+0000] {processor.py:925} INFO - DAG(s) 'example_workday_timetable' retrieved from /home/airflow/.local/lib/python3.12/site-packages/airflow/example_dags/example_workday_timetable.py
[2025-06-17T05:23:38.299+0000] {logging_mixin.py:190} INFO - [2025-06-17T05:23:38.299+0000] {dag.py:3239} INFO - Sync 1 DAGs
[2025-06-17T05:23:38.342+0000] {logging_mixin.py:190} INFO - [2025-06-17T05:23:38.342+0000] {dag.py:4180} INFO - Setting next_dagrun for example_workday_timetable to 2021-01-04 00:00:00+00:00, run_after=2021-01-05 00:00:00+00:00
[2025-06-17T05:23:38.356+0000] {processor.py:208} INFO - Processing /home/airflow/.local/lib/python3.12/site-packages/airflow/example_dags/example_workday_timetable.py took 0.083 seconds
