[2025-06-17T05:01:31.320+0000] {processor.py:186} INFO - Started process (PID=114) to work on /home/airflow/.local/lib/python3.12/site-packages/airflow/example_dags/example_task_group_decorator.py
[2025-06-17T05:01:31.320+0000] {processor.py:914} INFO - Processing file /home/airflow/.local/lib/python3.12/site-packages/airflow/example_dags/example_task_group_decorator.py for tasks to queue
[2025-06-17T05:01:31.321+0000] {logging_mixin.py:190} INFO - [2025-06-17T05:01:31.321+0000] {dagbag.py:588} INFO - Filling up the DagBag from /home/airflow/.local/lib/python3.12/site-packages/airflow/example_dags/example_task_group_decorator.py
[2025-06-17T05:01:31.334+0000] {processor.py:925} INFO - DAG(s) 'example_task_group_decorator' retrieved from /home/airflow/.local/lib/python3.12/site-packages/airflow/example_dags/example_task_group_decorator.py
[2025-06-17T05:01:31.428+0000] {logging_mixin.py:190} INFO - [2025-06-17T05:01:31.427+0000] {override.py:1912} INFO - Created Permission View: can read on DAG:example_task_group_decorator
[2025-06-17T05:01:31.437+0000] {logging_mixin.py:190} INFO - [2025-06-17T05:01:31.437+0000] {override.py:1912} INFO - Created Permission View: can edit on DAG:example_task_group_decorator
[2025-06-17T05:01:31.444+0000] {logging_mixin.py:190} INFO - [2025-06-17T05:01:31.444+0000] {override.py:1912} INFO - Created Permission View: can delete on DAG:example_task_group_decorator
[2025-06-17T05:01:31.452+0000] {logging_mixin.py:190} INFO - [2025-06-17T05:01:31.452+0000] {override.py:1912} INFO - Created Permission View: menu access on DAG Run:example_task_group_decorator
[2025-06-17T05:01:31.459+0000] {logging_mixin.py:190} INFO - [2025-06-17T05:01:31.459+0000] {override.py:1912} INFO - Created Permission View: can create on DAG Run:example_task_group_decorator
[2025-06-17T05:01:31.465+0000] {logging_mixin.py:190} INFO - [2025-06-17T05:01:31.465+0000] {override.py:1912} INFO - Created Permission View: can read on DAG Run:example_task_group_decorator
[2025-06-17T05:01:31.472+0000] {logging_mixin.py:190} INFO - [2025-06-17T05:01:31.471+0000] {override.py:1912} INFO - Created Permission View: can delete on DAG Run:example_task_group_decorator
[2025-06-17T05:01:31.472+0000] {logging_mixin.py:190} INFO - [2025-06-17T05:01:31.472+0000] {dag.py:3239} INFO - Sync 1 DAGs
[2025-06-17T05:01:31.485+0000] {logging_mixin.py:190} INFO - [2025-06-17T05:01:31.485+0000] {dag.py:3262} INFO - Creating ORM DAG for example_task_group_decorator
[2025-06-17T05:01:31.486+0000] {logging_mixin.py:190} INFO - [2025-06-17T05:01:31.486+0000] {dag.py:4180} INFO - Setting next_dagrun for example_task_group_decorator to None, run_after=None
[2025-06-17T05:01:31.501+0000] {processor.py:208} INFO - Processing /home/airflow/.local/lib/python3.12/site-packages/airflow/example_dags/example_task_group_decorator.py took 0.186 seconds
[2025-06-17T05:02:02.224+0000] {processor.py:186} INFO - Started process (PID=177) to work on /home/airflow/.local/lib/python3.12/site-packages/airflow/example_dags/example_task_group_decorator.py
[2025-06-17T05:02:02.224+0000] {processor.py:914} INFO - Processing file /home/airflow/.local/lib/python3.12/site-packages/airflow/example_dags/example_task_group_decorator.py for tasks to queue
[2025-06-17T05:02:02.225+0000] {logging_mixin.py:190} INFO - [2025-06-17T05:02:02.225+0000] {dagbag.py:588} INFO - Filling up the DagBag from /home/airflow/.local/lib/python3.12/site-packages/airflow/example_dags/example_task_group_decorator.py
[2025-06-17T05:02:02.240+0000] {processor.py:925} INFO - DAG(s) 'example_task_group_decorator' retrieved from /home/airflow/.local/lib/python3.12/site-packages/airflow/example_dags/example_task_group_decorator.py
[2025-06-17T05:02:02.260+0000] {logging_mixin.py:190} INFO - [2025-06-17T05:02:02.260+0000] {dag.py:3239} INFO - Sync 1 DAGs
[2025-06-17T05:02:02.273+0000] {logging_mixin.py:190} INFO - [2025-06-17T05:02:02.273+0000] {dag.py:4180} INFO - Setting next_dagrun for example_task_group_decorator to None, run_after=None
[2025-06-17T05:02:02.288+0000] {processor.py:208} INFO - Processing /home/airflow/.local/lib/python3.12/site-packages/airflow/example_dags/example_task_group_decorator.py took 0.069 seconds
[2025-06-17T05:02:32.809+0000] {processor.py:186} INFO - Started process (PID=240) to work on /home/airflow/.local/lib/python3.12/site-packages/airflow/example_dags/example_task_group_decorator.py
[2025-06-17T05:02:32.810+0000] {processor.py:914} INFO - Processing file /home/airflow/.local/lib/python3.12/site-packages/airflow/example_dags/example_task_group_decorator.py for tasks to queue
[2025-06-17T05:02:32.811+0000] {logging_mixin.py:190} INFO - [2025-06-17T05:02:32.810+0000] {dagbag.py:588} INFO - Filling up the DagBag from /home/airflow/.local/lib/python3.12/site-packages/airflow/example_dags/example_task_group_decorator.py
[2025-06-17T05:02:32.823+0000] {processor.py:925} INFO - DAG(s) 'example_task_group_decorator' retrieved from /home/airflow/.local/lib/python3.12/site-packages/airflow/example_dags/example_task_group_decorator.py
[2025-06-17T05:02:32.843+0000] {logging_mixin.py:190} INFO - [2025-06-17T05:02:32.843+0000] {dag.py:3239} INFO - Sync 1 DAGs
[2025-06-17T05:02:32.857+0000] {logging_mixin.py:190} INFO - [2025-06-17T05:02:32.857+0000] {dag.py:4180} INFO - Setting next_dagrun for example_task_group_decorator to None, run_after=None
[2025-06-17T05:02:32.875+0000] {processor.py:208} INFO - Processing /home/airflow/.local/lib/python3.12/site-packages/airflow/example_dags/example_task_group_decorator.py took 0.070 seconds
[2025-06-17T05:06:08.529+0000] {processor.py:186} INFO - Started process (PID=116) to work on /home/airflow/.local/lib/python3.12/site-packages/airflow/example_dags/example_task_group_decorator.py
[2025-06-17T05:06:08.530+0000] {processor.py:914} INFO - Processing file /home/airflow/.local/lib/python3.12/site-packages/airflow/example_dags/example_task_group_decorator.py for tasks to queue
[2025-06-17T05:06:08.531+0000] {logging_mixin.py:190} INFO - [2025-06-17T05:06:08.530+0000] {dagbag.py:588} INFO - Filling up the DagBag from /home/airflow/.local/lib/python3.12/site-packages/airflow/example_dags/example_task_group_decorator.py
[2025-06-17T05:06:08.547+0000] {processor.py:925} INFO - DAG(s) 'example_task_group_decorator' retrieved from /home/airflow/.local/lib/python3.12/site-packages/airflow/example_dags/example_task_group_decorator.py
[2025-06-17T05:06:08.572+0000] {logging_mixin.py:190} INFO - [2025-06-17T05:06:08.572+0000] {dag.py:3239} INFO - Sync 1 DAGs
[2025-06-17T05:06:08.585+0000] {logging_mixin.py:190} INFO - [2025-06-17T05:06:08.585+0000] {dag.py:4180} INFO - Setting next_dagrun for example_task_group_decorator to None, run_after=None
[2025-06-17T05:06:08.600+0000] {processor.py:208} INFO - Processing /home/airflow/.local/lib/python3.12/site-packages/airflow/example_dags/example_task_group_decorator.py took 0.077 seconds
[2025-06-17T05:06:39.614+0000] {processor.py:186} INFO - Started process (PID=179) to work on /home/airflow/.local/lib/python3.12/site-packages/airflow/example_dags/example_task_group_decorator.py
[2025-06-17T05:06:39.615+0000] {processor.py:914} INFO - Processing file /home/airflow/.local/lib/python3.12/site-packages/airflow/example_dags/example_task_group_decorator.py for tasks to queue
[2025-06-17T05:06:39.616+0000] {logging_mixin.py:190} INFO - [2025-06-17T05:06:39.616+0000] {dagbag.py:588} INFO - Filling up the DagBag from /home/airflow/.local/lib/python3.12/site-packages/airflow/example_dags/example_task_group_decorator.py
[2025-06-17T05:06:39.631+0000] {processor.py:925} INFO - DAG(s) 'example_task_group_decorator' retrieved from /home/airflow/.local/lib/python3.12/site-packages/airflow/example_dags/example_task_group_decorator.py
[2025-06-17T05:06:39.656+0000] {logging_mixin.py:190} INFO - [2025-06-17T05:06:39.656+0000] {dag.py:3239} INFO - Sync 1 DAGs
[2025-06-17T05:06:39.672+0000] {logging_mixin.py:190} INFO - [2025-06-17T05:06:39.672+0000] {dag.py:4180} INFO - Setting next_dagrun for example_task_group_decorator to None, run_after=None
[2025-06-17T05:06:39.692+0000] {processor.py:208} INFO - Processing /home/airflow/.local/lib/python3.12/site-packages/airflow/example_dags/example_task_group_decorator.py took 0.082 seconds
[2025-06-17T05:09:03.177+0000] {processor.py:186} INFO - Started process (PID=114) to work on /home/airflow/.local/lib/python3.12/site-packages/airflow/example_dags/example_task_group_decorator.py
[2025-06-17T05:09:03.177+0000] {processor.py:914} INFO - Processing file /home/airflow/.local/lib/python3.12/site-packages/airflow/example_dags/example_task_group_decorator.py for tasks to queue
[2025-06-17T05:09:03.179+0000] {logging_mixin.py:190} INFO - [2025-06-17T05:09:03.178+0000] {dagbag.py:588} INFO - Filling up the DagBag from /home/airflow/.local/lib/python3.12/site-packages/airflow/example_dags/example_task_group_decorator.py
[2025-06-17T05:09:03.197+0000] {processor.py:925} INFO - DAG(s) 'example_task_group_decorator' retrieved from /home/airflow/.local/lib/python3.12/site-packages/airflow/example_dags/example_task_group_decorator.py
[2025-06-17T05:09:03.222+0000] {logging_mixin.py:190} INFO - [2025-06-17T05:09:03.221+0000] {dag.py:3239} INFO - Sync 1 DAGs
[2025-06-17T05:09:03.234+0000] {logging_mixin.py:190} INFO - [2025-06-17T05:09:03.234+0000] {dag.py:4180} INFO - Setting next_dagrun for example_task_group_decorator to None, run_after=None
[2025-06-17T05:09:03.250+0000] {processor.py:208} INFO - Processing /home/airflow/.local/lib/python3.12/site-packages/airflow/example_dags/example_task_group_decorator.py took 0.079 seconds
[2025-06-17T05:09:33.852+0000] {processor.py:186} INFO - Started process (PID=177) to work on /home/airflow/.local/lib/python3.12/site-packages/airflow/example_dags/example_task_group_decorator.py
[2025-06-17T05:09:33.853+0000] {processor.py:914} INFO - Processing file /home/airflow/.local/lib/python3.12/site-packages/airflow/example_dags/example_task_group_decorator.py for tasks to queue
[2025-06-17T05:09:33.854+0000] {logging_mixin.py:190} INFO - [2025-06-17T05:09:33.854+0000] {dagbag.py:588} INFO - Filling up the DagBag from /home/airflow/.local/lib/python3.12/site-packages/airflow/example_dags/example_task_group_decorator.py
[2025-06-17T05:09:33.866+0000] {processor.py:925} INFO - DAG(s) 'example_task_group_decorator' retrieved from /home/airflow/.local/lib/python3.12/site-packages/airflow/example_dags/example_task_group_decorator.py
[2025-06-17T05:09:33.884+0000] {logging_mixin.py:190} INFO - [2025-06-17T05:09:33.884+0000] {dag.py:3239} INFO - Sync 1 DAGs
[2025-06-17T05:09:33.899+0000] {logging_mixin.py:190} INFO - [2025-06-17T05:09:33.899+0000] {dag.py:4180} INFO - Setting next_dagrun for example_task_group_decorator to None, run_after=None
[2025-06-17T05:09:33.913+0000] {processor.py:208} INFO - Processing /home/airflow/.local/lib/python3.12/site-packages/airflow/example_dags/example_task_group_decorator.py took 0.065 seconds
[2025-06-17T05:10:04.104+0000] {processor.py:186} INFO - Started process (PID=240) to work on /home/airflow/.local/lib/python3.12/site-packages/airflow/example_dags/example_task_group_decorator.py
[2025-06-17T05:10:04.104+0000] {processor.py:914} INFO - Processing file /home/airflow/.local/lib/python3.12/site-packages/airflow/example_dags/example_task_group_decorator.py for tasks to queue
[2025-06-17T05:10:04.105+0000] {logging_mixin.py:190} INFO - [2025-06-17T05:10:04.105+0000] {dagbag.py:588} INFO - Filling up the DagBag from /home/airflow/.local/lib/python3.12/site-packages/airflow/example_dags/example_task_group_decorator.py
[2025-06-17T05:10:04.117+0000] {processor.py:925} INFO - DAG(s) 'example_task_group_decorator' retrieved from /home/airflow/.local/lib/python3.12/site-packages/airflow/example_dags/example_task_group_decorator.py
[2025-06-17T05:10:04.136+0000] {logging_mixin.py:190} INFO - [2025-06-17T05:10:04.136+0000] {dag.py:3239} INFO - Sync 1 DAGs
[2025-06-17T05:10:04.147+0000] {logging_mixin.py:190} INFO - [2025-06-17T05:10:04.147+0000] {dag.py:4180} INFO - Setting next_dagrun for example_task_group_decorator to None, run_after=None
[2025-06-17T05:10:04.161+0000] {processor.py:208} INFO - Processing /home/airflow/.local/lib/python3.12/site-packages/airflow/example_dags/example_task_group_decorator.py took 0.061 seconds
[2025-06-17T05:10:35.396+0000] {processor.py:186} INFO - Started process (PID=303) to work on /home/airflow/.local/lib/python3.12/site-packages/airflow/example_dags/example_task_group_decorator.py
[2025-06-17T05:10:35.397+0000] {processor.py:914} INFO - Processing file /home/airflow/.local/lib/python3.12/site-packages/airflow/example_dags/example_task_group_decorator.py for tasks to queue
[2025-06-17T05:10:35.398+0000] {logging_mixin.py:190} INFO - [2025-06-17T05:10:35.398+0000] {dagbag.py:588} INFO - Filling up the DagBag from /home/airflow/.local/lib/python3.12/site-packages/airflow/example_dags/example_task_group_decorator.py
[2025-06-17T05:10:35.410+0000] {processor.py:925} INFO - DAG(s) 'example_task_group_decorator' retrieved from /home/airflow/.local/lib/python3.12/site-packages/airflow/example_dags/example_task_group_decorator.py
[2025-06-17T05:10:35.430+0000] {logging_mixin.py:190} INFO - [2025-06-17T05:10:35.429+0000] {dag.py:3239} INFO - Sync 1 DAGs
[2025-06-17T05:10:35.440+0000] {logging_mixin.py:190} INFO - [2025-06-17T05:10:35.440+0000] {dag.py:4180} INFO - Setting next_dagrun for example_task_group_decorator to None, run_after=None
[2025-06-17T05:10:35.457+0000] {processor.py:208} INFO - Processing /home/airflow/.local/lib/python3.12/site-packages/airflow/example_dags/example_task_group_decorator.py took 0.066 seconds
[2025-06-17T05:11:06.134+0000] {processor.py:186} INFO - Started process (PID=366) to work on /home/airflow/.local/lib/python3.12/site-packages/airflow/example_dags/example_task_group_decorator.py
[2025-06-17T05:11:06.134+0000] {processor.py:914} INFO - Processing file /home/airflow/.local/lib/python3.12/site-packages/airflow/example_dags/example_task_group_decorator.py for tasks to queue
[2025-06-17T05:11:06.135+0000] {logging_mixin.py:190} INFO - [2025-06-17T05:11:06.135+0000] {dagbag.py:588} INFO - Filling up the DagBag from /home/airflow/.local/lib/python3.12/site-packages/airflow/example_dags/example_task_group_decorator.py
[2025-06-17T05:11:06.148+0000] {processor.py:925} INFO - DAG(s) 'example_task_group_decorator' retrieved from /home/airflow/.local/lib/python3.12/site-packages/airflow/example_dags/example_task_group_decorator.py
[2025-06-17T05:11:06.167+0000] {logging_mixin.py:190} INFO - [2025-06-17T05:11:06.167+0000] {dag.py:3239} INFO - Sync 1 DAGs
[2025-06-17T05:11:06.179+0000] {logging_mixin.py:190} INFO - [2025-06-17T05:11:06.179+0000] {dag.py:4180} INFO - Setting next_dagrun for example_task_group_decorator to None, run_after=None
[2025-06-17T05:11:06.194+0000] {processor.py:208} INFO - Processing /home/airflow/.local/lib/python3.12/site-packages/airflow/example_dags/example_task_group_decorator.py took 0.065 seconds
[2025-06-17T05:11:37.187+0000] {processor.py:186} INFO - Started process (PID=429) to work on /home/airflow/.local/lib/python3.12/site-packages/airflow/example_dags/example_task_group_decorator.py
[2025-06-17T05:11:37.188+0000] {processor.py:914} INFO - Processing file /home/airflow/.local/lib/python3.12/site-packages/airflow/example_dags/example_task_group_decorator.py for tasks to queue
[2025-06-17T05:11:37.189+0000] {logging_mixin.py:190} INFO - [2025-06-17T05:11:37.188+0000] {dagbag.py:588} INFO - Filling up the DagBag from /home/airflow/.local/lib/python3.12/site-packages/airflow/example_dags/example_task_group_decorator.py
[2025-06-17T05:11:37.199+0000] {processor.py:925} INFO - DAG(s) 'example_task_group_decorator' retrieved from /home/airflow/.local/lib/python3.12/site-packages/airflow/example_dags/example_task_group_decorator.py
[2025-06-17T05:11:37.217+0000] {logging_mixin.py:190} INFO - [2025-06-17T05:11:37.217+0000] {dag.py:3239} INFO - Sync 1 DAGs
[2025-06-17T05:11:37.228+0000] {logging_mixin.py:190} INFO - [2025-06-17T05:11:37.228+0000] {dag.py:4180} INFO - Setting next_dagrun for example_task_group_decorator to None, run_after=None
[2025-06-17T05:11:37.244+0000] {processor.py:208} INFO - Processing /home/airflow/.local/lib/python3.12/site-packages/airflow/example_dags/example_task_group_decorator.py took 0.061 seconds
[2025-06-17T05:12:07.844+0000] {processor.py:186} INFO - Started process (PID=492) to work on /home/airflow/.local/lib/python3.12/site-packages/airflow/example_dags/example_task_group_decorator.py
[2025-06-17T05:12:07.845+0000] {processor.py:914} INFO - Processing file /home/airflow/.local/lib/python3.12/site-packages/airflow/example_dags/example_task_group_decorator.py for tasks to queue
[2025-06-17T05:12:07.846+0000] {logging_mixin.py:190} INFO - [2025-06-17T05:12:07.846+0000] {dagbag.py:588} INFO - Filling up the DagBag from /home/airflow/.local/lib/python3.12/site-packages/airflow/example_dags/example_task_group_decorator.py
[2025-06-17T05:12:07.858+0000] {processor.py:925} INFO - DAG(s) 'example_task_group_decorator' retrieved from /home/airflow/.local/lib/python3.12/site-packages/airflow/example_dags/example_task_group_decorator.py
[2025-06-17T05:12:07.876+0000] {logging_mixin.py:190} INFO - [2025-06-17T05:12:07.876+0000] {dag.py:3239} INFO - Sync 1 DAGs
[2025-06-17T05:12:07.887+0000] {logging_mixin.py:190} INFO - [2025-06-17T05:12:07.887+0000] {dag.py:4180} INFO - Setting next_dagrun for example_task_group_decorator to None, run_after=None
[2025-06-17T05:12:07.901+0000] {processor.py:208} INFO - Processing /home/airflow/.local/lib/python3.12/site-packages/airflow/example_dags/example_task_group_decorator.py took 0.061 seconds
[2025-06-17T05:12:38.351+0000] {processor.py:186} INFO - Started process (PID=555) to work on /home/airflow/.local/lib/python3.12/site-packages/airflow/example_dags/example_task_group_decorator.py
[2025-06-17T05:12:38.352+0000] {processor.py:914} INFO - Processing file /home/airflow/.local/lib/python3.12/site-packages/airflow/example_dags/example_task_group_decorator.py for tasks to queue
[2025-06-17T05:12:38.353+0000] {logging_mixin.py:190} INFO - [2025-06-17T05:12:38.352+0000] {dagbag.py:588} INFO - Filling up the DagBag from /home/airflow/.local/lib/python3.12/site-packages/airflow/example_dags/example_task_group_decorator.py
[2025-06-17T05:12:38.364+0000] {processor.py:925} INFO - DAG(s) 'example_task_group_decorator' retrieved from /home/airflow/.local/lib/python3.12/site-packages/airflow/example_dags/example_task_group_decorator.py
[2025-06-17T05:12:38.385+0000] {logging_mixin.py:190} INFO - [2025-06-17T05:12:38.384+0000] {dag.py:3239} INFO - Sync 1 DAGs
[2025-06-17T05:12:38.396+0000] {logging_mixin.py:190} INFO - [2025-06-17T05:12:38.396+0000] {dag.py:4180} INFO - Setting next_dagrun for example_task_group_decorator to None, run_after=None
[2025-06-17T05:12:38.415+0000] {processor.py:208} INFO - Processing /home/airflow/.local/lib/python3.12/site-packages/airflow/example_dags/example_task_group_decorator.py took 0.068 seconds
[2025-06-17T05:13:09.137+0000] {processor.py:186} INFO - Started process (PID=618) to work on /home/airflow/.local/lib/python3.12/site-packages/airflow/example_dags/example_task_group_decorator.py
[2025-06-17T05:13:09.138+0000] {processor.py:914} INFO - Processing file /home/airflow/.local/lib/python3.12/site-packages/airflow/example_dags/example_task_group_decorator.py for tasks to queue
[2025-06-17T05:13:09.139+0000] {logging_mixin.py:190} INFO - [2025-06-17T05:13:09.138+0000] {dagbag.py:588} INFO - Filling up the DagBag from /home/airflow/.local/lib/python3.12/site-packages/airflow/example_dags/example_task_group_decorator.py
[2025-06-17T05:13:09.150+0000] {processor.py:925} INFO - DAG(s) 'example_task_group_decorator' retrieved from /home/airflow/.local/lib/python3.12/site-packages/airflow/example_dags/example_task_group_decorator.py
[2025-06-17T05:13:09.168+0000] {logging_mixin.py:190} INFO - [2025-06-17T05:13:09.168+0000] {dag.py:3239} INFO - Sync 1 DAGs
[2025-06-17T05:13:09.179+0000] {logging_mixin.py:190} INFO - [2025-06-17T05:13:09.179+0000] {dag.py:4180} INFO - Setting next_dagrun for example_task_group_decorator to None, run_after=None
[2025-06-17T05:13:09.194+0000] {processor.py:208} INFO - Processing /home/airflow/.local/lib/python3.12/site-packages/airflow/example_dags/example_task_group_decorator.py took 0.062 seconds
[2025-06-17T05:13:39.684+0000] {processor.py:186} INFO - Started process (PID=682) to work on /home/airflow/.local/lib/python3.12/site-packages/airflow/example_dags/example_task_group_decorator.py
[2025-06-17T05:13:39.685+0000] {processor.py:914} INFO - Processing file /home/airflow/.local/lib/python3.12/site-packages/airflow/example_dags/example_task_group_decorator.py for tasks to queue
[2025-06-17T05:13:39.686+0000] {logging_mixin.py:190} INFO - [2025-06-17T05:13:39.686+0000] {dagbag.py:588} INFO - Filling up the DagBag from /home/airflow/.local/lib/python3.12/site-packages/airflow/example_dags/example_task_group_decorator.py
[2025-06-17T05:13:39.702+0000] {processor.py:925} INFO - DAG(s) 'example_task_group_decorator' retrieved from /home/airflow/.local/lib/python3.12/site-packages/airflow/example_dags/example_task_group_decorator.py
[2025-06-17T05:13:39.722+0000] {logging_mixin.py:190} INFO - [2025-06-17T05:13:39.722+0000] {dag.py:3239} INFO - Sync 1 DAGs
[2025-06-17T05:13:39.734+0000] {logging_mixin.py:190} INFO - [2025-06-17T05:13:39.734+0000] {dag.py:4180} INFO - Setting next_dagrun for example_task_group_decorator to None, run_after=None
[2025-06-17T05:13:39.749+0000] {processor.py:208} INFO - Processing /home/airflow/.local/lib/python3.12/site-packages/airflow/example_dags/example_task_group_decorator.py took 0.070 seconds
[2025-06-17T05:14:10.980+0000] {processor.py:186} INFO - Started process (PID=745) to work on /home/airflow/.local/lib/python3.12/site-packages/airflow/example_dags/example_task_group_decorator.py
[2025-06-17T05:14:10.981+0000] {processor.py:914} INFO - Processing file /home/airflow/.local/lib/python3.12/site-packages/airflow/example_dags/example_task_group_decorator.py for tasks to queue
[2025-06-17T05:14:10.983+0000] {logging_mixin.py:190} INFO - [2025-06-17T05:14:10.982+0000] {dagbag.py:588} INFO - Filling up the DagBag from /home/airflow/.local/lib/python3.12/site-packages/airflow/example_dags/example_task_group_decorator.py
[2025-06-17T05:14:10.996+0000] {processor.py:925} INFO - DAG(s) 'example_task_group_decorator' retrieved from /home/airflow/.local/lib/python3.12/site-packages/airflow/example_dags/example_task_group_decorator.py
[2025-06-17T05:14:11.020+0000] {logging_mixin.py:190} INFO - [2025-06-17T05:14:11.019+0000] {dag.py:3239} INFO - Sync 1 DAGs
[2025-06-17T05:14:11.033+0000] {logging_mixin.py:190} INFO - [2025-06-17T05:14:11.033+0000] {dag.py:4180} INFO - Setting next_dagrun for example_task_group_decorator to None, run_after=None
[2025-06-17T05:14:11.050+0000] {processor.py:208} INFO - Processing /home/airflow/.local/lib/python3.12/site-packages/airflow/example_dags/example_task_group_decorator.py took 0.077 seconds
[2025-06-17T05:17:51.217+0000] {processor.py:186} INFO - Started process (PID=115) to work on /home/airflow/.local/lib/python3.12/site-packages/airflow/example_dags/example_task_group_decorator.py
[2025-06-17T05:17:51.218+0000] {processor.py:914} INFO - Processing file /home/airflow/.local/lib/python3.12/site-packages/airflow/example_dags/example_task_group_decorator.py for tasks to queue
[2025-06-17T05:17:51.219+0000] {logging_mixin.py:190} INFO - [2025-06-17T05:17:51.218+0000] {dagbag.py:588} INFO - Filling up the DagBag from /home/airflow/.local/lib/python3.12/site-packages/airflow/example_dags/example_task_group_decorator.py
[2025-06-17T05:17:51.230+0000] {processor.py:925} INFO - DAG(s) 'example_task_group_decorator' retrieved from /home/airflow/.local/lib/python3.12/site-packages/airflow/example_dags/example_task_group_decorator.py
[2025-06-17T05:17:51.312+0000] {logging_mixin.py:190} INFO - [2025-06-17T05:17:51.311+0000] {override.py:1912} INFO - Created Permission View: can read on DAG:example_task_group_decorator
[2025-06-17T05:17:51.321+0000] {logging_mixin.py:190} INFO - [2025-06-17T05:17:51.321+0000] {override.py:1912} INFO - Created Permission View: can delete on DAG:example_task_group_decorator
[2025-06-17T05:17:51.328+0000] {logging_mixin.py:190} INFO - [2025-06-17T05:17:51.328+0000] {override.py:1912} INFO - Created Permission View: can edit on DAG:example_task_group_decorator
[2025-06-17T05:17:51.337+0000] {logging_mixin.py:190} INFO - [2025-06-17T05:17:51.337+0000] {override.py:1912} INFO - Created Permission View: can read on DAG Run:example_task_group_decorator
[2025-06-17T05:17:51.344+0000] {logging_mixin.py:190} INFO - [2025-06-17T05:17:51.344+0000] {override.py:1912} INFO - Created Permission View: can delete on DAG Run:example_task_group_decorator
[2025-06-17T05:17:51.350+0000] {logging_mixin.py:190} INFO - [2025-06-17T05:17:51.350+0000] {override.py:1912} INFO - Created Permission View: menu access on DAG Run:example_task_group_decorator
[2025-06-17T05:17:51.357+0000] {logging_mixin.py:190} INFO - [2025-06-17T05:17:51.356+0000] {override.py:1912} INFO - Created Permission View: can create on DAG Run:example_task_group_decorator
[2025-06-17T05:17:51.357+0000] {logging_mixin.py:190} INFO - [2025-06-17T05:17:51.357+0000] {dag.py:3239} INFO - Sync 1 DAGs
[2025-06-17T05:17:51.367+0000] {logging_mixin.py:190} INFO - [2025-06-17T05:17:51.367+0000] {dag.py:3262} INFO - Creating ORM DAG for example_task_group_decorator
[2025-06-17T05:17:51.368+0000] {logging_mixin.py:190} INFO - [2025-06-17T05:17:51.368+0000] {dag.py:4180} INFO - Setting next_dagrun for example_task_group_decorator to None, run_after=None
[2025-06-17T05:17:51.383+0000] {processor.py:208} INFO - Processing /home/airflow/.local/lib/python3.12/site-packages/airflow/example_dags/example_task_group_decorator.py took 0.171 seconds
[2025-06-17T05:19:17.473+0000] {processor.py:186} INFO - Started process (PID=115) to work on /home/airflow/.local/lib/python3.12/site-packages/airflow/example_dags/example_task_group_decorator.py
[2025-06-17T05:19:17.473+0000] {processor.py:914} INFO - Processing file /home/airflow/.local/lib/python3.12/site-packages/airflow/example_dags/example_task_group_decorator.py for tasks to queue
[2025-06-17T05:19:17.474+0000] {logging_mixin.py:190} INFO - [2025-06-17T05:19:17.474+0000] {dagbag.py:588} INFO - Filling up the DagBag from /home/airflow/.local/lib/python3.12/site-packages/airflow/example_dags/example_task_group_decorator.py
[2025-06-17T05:19:17.486+0000] {processor.py:925} INFO - DAG(s) 'example_task_group_decorator' retrieved from /home/airflow/.local/lib/python3.12/site-packages/airflow/example_dags/example_task_group_decorator.py
[2025-06-17T05:19:17.506+0000] {logging_mixin.py:190} INFO - [2025-06-17T05:19:17.506+0000] {dag.py:3239} INFO - Sync 1 DAGs
[2025-06-17T05:19:17.518+0000] {logging_mixin.py:190} INFO - [2025-06-17T05:19:17.518+0000] {dag.py:4180} INFO - Setting next_dagrun for example_task_group_decorator to None, run_after=None
[2025-06-17T05:19:17.534+0000] {processor.py:208} INFO - Processing /home/airflow/.local/lib/python3.12/site-packages/airflow/example_dags/example_task_group_decorator.py took 0.065 seconds
[2025-06-17T05:19:48.290+0000] {processor.py:186} INFO - Started process (PID=178) to work on /home/airflow/.local/lib/python3.12/site-packages/airflow/example_dags/example_task_group_decorator.py
[2025-06-17T05:19:48.291+0000] {processor.py:914} INFO - Processing file /home/airflow/.local/lib/python3.12/site-packages/airflow/example_dags/example_task_group_decorator.py for tasks to queue
[2025-06-17T05:19:48.292+0000] {logging_mixin.py:190} INFO - [2025-06-17T05:19:48.292+0000] {dagbag.py:588} INFO - Filling up the DagBag from /home/airflow/.local/lib/python3.12/site-packages/airflow/example_dags/example_task_group_decorator.py
[2025-06-17T05:19:48.303+0000] {processor.py:925} INFO - DAG(s) 'example_task_group_decorator' retrieved from /home/airflow/.local/lib/python3.12/site-packages/airflow/example_dags/example_task_group_decorator.py
[2025-06-17T05:19:48.324+0000] {logging_mixin.py:190} INFO - [2025-06-17T05:19:48.324+0000] {dag.py:3239} INFO - Sync 1 DAGs
[2025-06-17T05:19:48.337+0000] {logging_mixin.py:190} INFO - [2025-06-17T05:19:48.337+0000] {dag.py:4180} INFO - Setting next_dagrun for example_task_group_decorator to None, run_after=None
[2025-06-17T05:19:48.351+0000] {processor.py:208} INFO - Processing /home/airflow/.local/lib/python3.12/site-packages/airflow/example_dags/example_task_group_decorator.py took 0.065 seconds
[2025-06-17T05:21:36.306+0000] {processor.py:186} INFO - Started process (PID=115) to work on /home/airflow/.local/lib/python3.12/site-packages/airflow/example_dags/example_task_group_decorator.py
[2025-06-17T05:21:36.307+0000] {processor.py:914} INFO - Processing file /home/airflow/.local/lib/python3.12/site-packages/airflow/example_dags/example_task_group_decorator.py for tasks to queue
[2025-06-17T05:21:36.308+0000] {logging_mixin.py:190} INFO - [2025-06-17T05:21:36.308+0000] {dagbag.py:588} INFO - Filling up the DagBag from /home/airflow/.local/lib/python3.12/site-packages/airflow/example_dags/example_task_group_decorator.py
[2025-06-17T05:21:36.322+0000] {processor.py:925} INFO - DAG(s) 'example_task_group_decorator' retrieved from /home/airflow/.local/lib/python3.12/site-packages/airflow/example_dags/example_task_group_decorator.py
[2025-06-17T05:21:36.342+0000] {logging_mixin.py:190} INFO - [2025-06-17T05:21:36.342+0000] {dag.py:3239} INFO - Sync 1 DAGs
[2025-06-17T05:21:36.356+0000] {logging_mixin.py:190} INFO - [2025-06-17T05:21:36.355+0000] {dag.py:4180} INFO - Setting next_dagrun for example_task_group_decorator to None, run_after=None
[2025-06-17T05:21:36.371+0000] {processor.py:208} INFO - Processing /home/airflow/.local/lib/python3.12/site-packages/airflow/example_dags/example_task_group_decorator.py took 0.070 seconds
[2025-06-17T05:22:07.172+0000] {processor.py:186} INFO - Started process (PID=178) to work on /home/airflow/.local/lib/python3.12/site-packages/airflow/example_dags/example_task_group_decorator.py
[2025-06-17T05:22:07.173+0000] {processor.py:914} INFO - Processing file /home/airflow/.local/lib/python3.12/site-packages/airflow/example_dags/example_task_group_decorator.py for tasks to queue
[2025-06-17T05:22:07.174+0000] {logging_mixin.py:190} INFO - [2025-06-17T05:22:07.174+0000] {dagbag.py:588} INFO - Filling up the DagBag from /home/airflow/.local/lib/python3.12/site-packages/airflow/example_dags/example_task_group_decorator.py
[2025-06-17T05:22:07.188+0000] {processor.py:925} INFO - DAG(s) 'example_task_group_decorator' retrieved from /home/airflow/.local/lib/python3.12/site-packages/airflow/example_dags/example_task_group_decorator.py
[2025-06-17T05:22:07.214+0000] {logging_mixin.py:190} INFO - [2025-06-17T05:22:07.214+0000] {dag.py:3239} INFO - Sync 1 DAGs
[2025-06-17T05:22:07.228+0000] {logging_mixin.py:190} INFO - [2025-06-17T05:22:07.228+0000] {dag.py:4180} INFO - Setting next_dagrun for example_task_group_decorator to None, run_after=None
[2025-06-17T05:22:07.243+0000] {processor.py:208} INFO - Processing /home/airflow/.local/lib/python3.12/site-packages/airflow/example_dags/example_task_group_decorator.py took 0.076 seconds
[2025-06-17T05:22:38.173+0000] {processor.py:186} INFO - Started process (PID=241) to work on /home/airflow/.local/lib/python3.12/site-packages/airflow/example_dags/example_task_group_decorator.py
[2025-06-17T05:22:38.173+0000] {processor.py:914} INFO - Processing file /home/airflow/.local/lib/python3.12/site-packages/airflow/example_dags/example_task_group_decorator.py for tasks to queue
[2025-06-17T05:22:38.174+0000] {logging_mixin.py:190} INFO - [2025-06-17T05:22:38.174+0000] {dagbag.py:588} INFO - Filling up the DagBag from /home/airflow/.local/lib/python3.12/site-packages/airflow/example_dags/example_task_group_decorator.py
[2025-06-17T05:22:38.186+0000] {processor.py:925} INFO - DAG(s) 'example_task_group_decorator' retrieved from /home/airflow/.local/lib/python3.12/site-packages/airflow/example_dags/example_task_group_decorator.py
[2025-06-17T05:22:38.204+0000] {logging_mixin.py:190} INFO - [2025-06-17T05:22:38.204+0000] {dag.py:3239} INFO - Sync 1 DAGs
[2025-06-17T05:22:38.217+0000] {logging_mixin.py:190} INFO - [2025-06-17T05:22:38.216+0000] {dag.py:4180} INFO - Setting next_dagrun for example_task_group_decorator to None, run_after=None
[2025-06-17T05:22:38.234+0000] {processor.py:208} INFO - Processing /home/airflow/.local/lib/python3.12/site-packages/airflow/example_dags/example_task_group_decorator.py took 0.066 seconds
[2025-06-17T05:23:08.959+0000] {processor.py:186} INFO - Started process (PID=304) to work on /home/airflow/.local/lib/python3.12/site-packages/airflow/example_dags/example_task_group_decorator.py
[2025-06-17T05:23:08.960+0000] {processor.py:914} INFO - Processing file /home/airflow/.local/lib/python3.12/site-packages/airflow/example_dags/example_task_group_decorator.py for tasks to queue
[2025-06-17T05:23:08.961+0000] {logging_mixin.py:190} INFO - [2025-06-17T05:23:08.960+0000] {dagbag.py:588} INFO - Filling up the DagBag from /home/airflow/.local/lib/python3.12/site-packages/airflow/example_dags/example_task_group_decorator.py
[2025-06-17T05:23:08.973+0000] {processor.py:925} INFO - DAG(s) 'example_task_group_decorator' retrieved from /home/airflow/.local/lib/python3.12/site-packages/airflow/example_dags/example_task_group_decorator.py
[2025-06-17T05:23:08.996+0000] {logging_mixin.py:190} INFO - [2025-06-17T05:23:08.995+0000] {dag.py:3239} INFO - Sync 1 DAGs
[2025-06-17T05:23:09.009+0000] {logging_mixin.py:190} INFO - [2025-06-17T05:23:09.008+0000] {dag.py:4180} INFO - Setting next_dagrun for example_task_group_decorator to None, run_after=None
[2025-06-17T05:23:09.028+0000] {processor.py:208} INFO - Processing /home/airflow/.local/lib/python3.12/site-packages/airflow/example_dags/example_task_group_decorator.py took 0.073 seconds
[2025-06-17T05:23:40.088+0000] {processor.py:186} INFO - Started process (PID=367) to work on /home/airflow/.local/lib/python3.12/site-packages/airflow/example_dags/example_task_group_decorator.py
[2025-06-17T05:23:40.088+0000] {processor.py:914} INFO - Processing file /home/airflow/.local/lib/python3.12/site-packages/airflow/example_dags/example_task_group_decorator.py for tasks to queue
[2025-06-17T05:23:40.089+0000] {logging_mixin.py:190} INFO - [2025-06-17T05:23:40.089+0000] {dagbag.py:588} INFO - Filling up the DagBag from /home/airflow/.local/lib/python3.12/site-packages/airflow/example_dags/example_task_group_decorator.py
[2025-06-17T05:23:40.101+0000] {processor.py:925} INFO - DAG(s) 'example_task_group_decorator' retrieved from /home/airflow/.local/lib/python3.12/site-packages/airflow/example_dags/example_task_group_decorator.py
[2025-06-17T05:23:40.121+0000] {logging_mixin.py:190} INFO - [2025-06-17T05:23:40.121+0000] {dag.py:3239} INFO - Sync 1 DAGs
[2025-06-17T05:23:40.135+0000] {logging_mixin.py:190} INFO - [2025-06-17T05:23:40.134+0000] {dag.py:4180} INFO - Setting next_dagrun for example_task_group_decorator to None, run_after=None
[2025-06-17T05:23:40.150+0000] {processor.py:208} INFO - Processing /home/airflow/.local/lib/python3.12/site-packages/airflow/example_dags/example_task_group_decorator.py took 0.068 seconds
