[2025-06-17T05:01:27.735+0000] {processor.py:186} INFO - Started process (PID=88) to work on /home/airflow/.local/lib/python3.12/site-packages/airflow/example_dags/example_external_task_marker_dag.py
[2025-06-17T05:01:27.736+0000] {processor.py:914} INFO - Processing file /home/airflow/.local/lib/python3.12/site-packages/airflow/example_dags/example_external_task_marker_dag.py for tasks to queue
[2025-06-17T05:01:27.737+0000] {logging_mixin.py:190} INFO - [2025-06-17T05:01:27.737+0000] {dagbag.py:588} INFO - Filling up the DagBag from /home/airflow/.local/lib/python3.12/site-packages/airflow/example_dags/example_external_task_marker_dag.py
[2025-06-17T05:01:27.744+0000] {processor.py:925} INFO - DAG(s) 'example_external_task_marker_child', 'example_external_task_marker_parent' retrieved from /home/airflow/.local/lib/python3.12/site-packages/airflow/example_dags/example_external_task_marker_dag.py
[2025-06-17T05:01:27.822+0000] {logging_mixin.py:190} INFO - [2025-06-17T05:01:27.821+0000] {override.py:1912} INFO - Created Permission View: can read on DAG:example_external_task_marker_child
[2025-06-17T05:01:27.830+0000] {logging_mixin.py:190} INFO - [2025-06-17T05:01:27.830+0000] {override.py:1912} INFO - Created Permission View: can edit on DAG:example_external_task_marker_child
[2025-06-17T05:01:27.836+0000] {logging_mixin.py:190} INFO - [2025-06-17T05:01:27.836+0000] {override.py:1912} INFO - Created Permission View: can delete on DAG:example_external_task_marker_child
[2025-06-17T05:01:27.844+0000] {logging_mixin.py:190} INFO - [2025-06-17T05:01:27.844+0000] {override.py:1912} INFO - Created Permission View: menu access on DAG Run:example_external_task_marker_child
[2025-06-17T05:01:27.849+0000] {logging_mixin.py:190} INFO - [2025-06-17T05:01:27.849+0000] {override.py:1912} INFO - Created Permission View: can create on DAG Run:example_external_task_marker_child
[2025-06-17T05:01:27.854+0000] {logging_mixin.py:190} INFO - [2025-06-17T05:01:27.854+0000] {override.py:1912} INFO - Created Permission View: can read on DAG Run:example_external_task_marker_child
[2025-06-17T05:01:27.861+0000] {logging_mixin.py:190} INFO - [2025-06-17T05:01:27.861+0000] {override.py:1912} INFO - Created Permission View: can delete on DAG Run:example_external_task_marker_child
[2025-06-17T05:01:27.874+0000] {logging_mixin.py:190} INFO - [2025-06-17T05:01:27.873+0000] {override.py:1912} INFO - Created Permission View: can read on DAG:example_external_task_marker_parent
[2025-06-17T05:01:27.880+0000] {logging_mixin.py:190} INFO - [2025-06-17T05:01:27.879+0000] {override.py:1912} INFO - Created Permission View: can edit on DAG:example_external_task_marker_parent
[2025-06-17T05:01:27.886+0000] {logging_mixin.py:190} INFO - [2025-06-17T05:01:27.886+0000] {override.py:1912} INFO - Created Permission View: can delete on DAG:example_external_task_marker_parent
[2025-06-17T05:01:27.894+0000] {logging_mixin.py:190} INFO - [2025-06-17T05:01:27.893+0000] {override.py:1912} INFO - Created Permission View: menu access on DAG Run:example_external_task_marker_parent
[2025-06-17T05:01:27.899+0000] {logging_mixin.py:190} INFO - [2025-06-17T05:01:27.899+0000] {override.py:1912} INFO - Created Permission View: can create on DAG Run:example_external_task_marker_parent
[2025-06-17T05:01:27.905+0000] {logging_mixin.py:190} INFO - [2025-06-17T05:01:27.905+0000] {override.py:1912} INFO - Created Permission View: can read on DAG Run:example_external_task_marker_parent
[2025-06-17T05:01:27.911+0000] {logging_mixin.py:190} INFO - [2025-06-17T05:01:27.911+0000] {override.py:1912} INFO - Created Permission View: can delete on DAG Run:example_external_task_marker_parent
[2025-06-17T05:01:27.912+0000] {logging_mixin.py:190} INFO - [2025-06-17T05:01:27.912+0000] {dag.py:3239} INFO - Sync 2 DAGs
[2025-06-17T05:01:27.921+0000] {logging_mixin.py:190} INFO - [2025-06-17T05:01:27.921+0000] {dag.py:3262} INFO - Creating ORM DAG for example_external_task_marker_child
[2025-06-17T05:01:27.922+0000] {logging_mixin.py:190} INFO - [2025-06-17T05:01:27.921+0000] {dag.py:3262} INFO - Creating ORM DAG for example_external_task_marker_parent
[2025-06-17T05:01:27.922+0000] {logging_mixin.py:190} INFO - [2025-06-17T05:01:27.922+0000] {dag.py:4180} INFO - Setting next_dagrun for example_external_task_marker_child to None, run_after=None
[2025-06-17T05:01:27.923+0000] {logging_mixin.py:190} INFO - [2025-06-17T05:01:27.923+0000] {dag.py:4180} INFO - Setting next_dagrun for example_external_task_marker_parent to None, run_after=None
[2025-06-17T05:01:27.939+0000] {processor.py:208} INFO - Processing /home/airflow/.local/lib/python3.12/site-packages/airflow/example_dags/example_external_task_marker_dag.py took 0.208 seconds
[2025-06-17T05:01:58.315+0000] {processor.py:186} INFO - Started process (PID=151) to work on /home/airflow/.local/lib/python3.12/site-packages/airflow/example_dags/example_external_task_marker_dag.py
[2025-06-17T05:01:58.316+0000] {processor.py:914} INFO - Processing file /home/airflow/.local/lib/python3.12/site-packages/airflow/example_dags/example_external_task_marker_dag.py for tasks to queue
[2025-06-17T05:01:58.316+0000] {logging_mixin.py:190} INFO - [2025-06-17T05:01:58.316+0000] {dagbag.py:588} INFO - Filling up the DagBag from /home/airflow/.local/lib/python3.12/site-packages/airflow/example_dags/example_external_task_marker_dag.py
[2025-06-17T05:01:58.324+0000] {processor.py:925} INFO - DAG(s) 'example_external_task_marker_child', 'example_external_task_marker_parent' retrieved from /home/airflow/.local/lib/python3.12/site-packages/airflow/example_dags/example_external_task_marker_dag.py
[2025-06-17T05:01:58.341+0000] {logging_mixin.py:190} INFO - [2025-06-17T05:01:58.340+0000] {dag.py:3239} INFO - Sync 2 DAGs
[2025-06-17T05:01:58.352+0000] {logging_mixin.py:190} INFO - [2025-06-17T05:01:58.352+0000] {dag.py:4180} INFO - Setting next_dagrun for example_external_task_marker_child to None, run_after=None
[2025-06-17T05:01:58.355+0000] {logging_mixin.py:190} INFO - [2025-06-17T05:01:58.355+0000] {dag.py:4180} INFO - Setting next_dagrun for example_external_task_marker_parent to None, run_after=None
[2025-06-17T05:01:58.367+0000] {processor.py:208} INFO - Processing /home/airflow/.local/lib/python3.12/site-packages/airflow/example_dags/example_external_task_marker_dag.py took 0.056 seconds
[2025-06-17T05:02:29.254+0000] {processor.py:186} INFO - Started process (PID=214) to work on /home/airflow/.local/lib/python3.12/site-packages/airflow/example_dags/example_external_task_marker_dag.py
[2025-06-17T05:02:29.254+0000] {processor.py:914} INFO - Processing file /home/airflow/.local/lib/python3.12/site-packages/airflow/example_dags/example_external_task_marker_dag.py for tasks to queue
[2025-06-17T05:02:29.255+0000] {logging_mixin.py:190} INFO - [2025-06-17T05:02:29.255+0000] {dagbag.py:588} INFO - Filling up the DagBag from /home/airflow/.local/lib/python3.12/site-packages/airflow/example_dags/example_external_task_marker_dag.py
[2025-06-17T05:02:29.261+0000] {processor.py:925} INFO - DAG(s) 'example_external_task_marker_child', 'example_external_task_marker_parent' retrieved from /home/airflow/.local/lib/python3.12/site-packages/airflow/example_dags/example_external_task_marker_dag.py
[2025-06-17T05:02:29.277+0000] {logging_mixin.py:190} INFO - [2025-06-17T05:02:29.276+0000] {dag.py:3239} INFO - Sync 2 DAGs
[2025-06-17T05:02:29.288+0000] {logging_mixin.py:190} INFO - [2025-06-17T05:02:29.288+0000] {dag.py:4180} INFO - Setting next_dagrun for example_external_task_marker_child to None, run_after=None
[2025-06-17T05:02:29.291+0000] {logging_mixin.py:190} INFO - [2025-06-17T05:02:29.291+0000] {dag.py:4180} INFO - Setting next_dagrun for example_external_task_marker_parent to None, run_after=None
[2025-06-17T05:02:29.303+0000] {processor.py:208} INFO - Processing /home/airflow/.local/lib/python3.12/site-packages/airflow/example_dags/example_external_task_marker_dag.py took 0.054 seconds
[2025-06-17T05:06:06.501+0000] {processor.py:186} INFO - Started process (PID=84) to work on /home/airflow/.local/lib/python3.12/site-packages/airflow/example_dags/example_external_task_marker_dag.py
[2025-06-17T05:06:06.502+0000] {processor.py:914} INFO - Processing file /home/airflow/.local/lib/python3.12/site-packages/airflow/example_dags/example_external_task_marker_dag.py for tasks to queue
[2025-06-17T05:06:06.503+0000] {logging_mixin.py:190} INFO - [2025-06-17T05:06:06.502+0000] {dagbag.py:588} INFO - Filling up the DagBag from /home/airflow/.local/lib/python3.12/site-packages/airflow/example_dags/example_external_task_marker_dag.py
[2025-06-17T05:06:06.509+0000] {processor.py:925} INFO - DAG(s) 'example_external_task_marker_child', 'example_external_task_marker_parent' retrieved from /home/airflow/.local/lib/python3.12/site-packages/airflow/example_dags/example_external_task_marker_dag.py
[2025-06-17T05:06:06.529+0000] {logging_mixin.py:190} INFO - [2025-06-17T05:06:06.528+0000] {dag.py:3239} INFO - Sync 2 DAGs
[2025-06-17T05:06:06.542+0000] {logging_mixin.py:190} INFO - [2025-06-17T05:06:06.542+0000] {dag.py:4180} INFO - Setting next_dagrun for example_external_task_marker_child to None, run_after=None
[2025-06-17T05:06:06.545+0000] {logging_mixin.py:190} INFO - [2025-06-17T05:06:06.545+0000] {dag.py:4180} INFO - Setting next_dagrun for example_external_task_marker_parent to None, run_after=None
[2025-06-17T05:06:06.558+0000] {processor.py:208} INFO - Processing /home/airflow/.local/lib/python3.12/site-packages/airflow/example_dags/example_external_task_marker_dag.py took 0.062 seconds
[2025-06-17T05:06:37.599+0000] {processor.py:186} INFO - Started process (PID=153) to work on /home/airflow/.local/lib/python3.12/site-packages/airflow/example_dags/example_external_task_marker_dag.py
[2025-06-17T05:06:37.599+0000] {processor.py:914} INFO - Processing file /home/airflow/.local/lib/python3.12/site-packages/airflow/example_dags/example_external_task_marker_dag.py for tasks to queue
[2025-06-17T05:06:37.600+0000] {logging_mixin.py:190} INFO - [2025-06-17T05:06:37.600+0000] {dagbag.py:588} INFO - Filling up the DagBag from /home/airflow/.local/lib/python3.12/site-packages/airflow/example_dags/example_external_task_marker_dag.py
[2025-06-17T05:06:37.607+0000] {processor.py:925} INFO - DAG(s) 'example_external_task_marker_child', 'example_external_task_marker_parent' retrieved from /home/airflow/.local/lib/python3.12/site-packages/airflow/example_dags/example_external_task_marker_dag.py
[2025-06-17T05:06:37.624+0000] {logging_mixin.py:190} INFO - [2025-06-17T05:06:37.624+0000] {dag.py:3239} INFO - Sync 2 DAGs
[2025-06-17T05:06:37.637+0000] {logging_mixin.py:190} INFO - [2025-06-17T05:06:37.636+0000] {dag.py:4180} INFO - Setting next_dagrun for example_external_task_marker_child to None, run_after=None
[2025-06-17T05:06:37.639+0000] {logging_mixin.py:190} INFO - [2025-06-17T05:06:37.639+0000] {dag.py:4180} INFO - Setting next_dagrun for example_external_task_marker_parent to None, run_after=None
[2025-06-17T05:06:37.652+0000] {processor.py:208} INFO - Processing /home/airflow/.local/lib/python3.12/site-packages/airflow/example_dags/example_external_task_marker_dag.py took 0.057 seconds
[2025-06-17T05:09:00.551+0000] {processor.py:186} INFO - Started process (PID=88) to work on /home/airflow/.local/lib/python3.12/site-packages/airflow/example_dags/example_external_task_marker_dag.py
[2025-06-17T05:09:00.552+0000] {processor.py:914} INFO - Processing file /home/airflow/.local/lib/python3.12/site-packages/airflow/example_dags/example_external_task_marker_dag.py for tasks to queue
[2025-06-17T05:09:00.553+0000] {logging_mixin.py:190} INFO - [2025-06-17T05:09:00.553+0000] {dagbag.py:588} INFO - Filling up the DagBag from /home/airflow/.local/lib/python3.12/site-packages/airflow/example_dags/example_external_task_marker_dag.py
[2025-06-17T05:09:00.561+0000] {processor.py:925} INFO - DAG(s) 'example_external_task_marker_child', 'example_external_task_marker_parent' retrieved from /home/airflow/.local/lib/python3.12/site-packages/airflow/example_dags/example_external_task_marker_dag.py
[2025-06-17T05:09:00.579+0000] {logging_mixin.py:190} INFO - [2025-06-17T05:09:00.579+0000] {dag.py:3239} INFO - Sync 2 DAGs
[2025-06-17T05:09:00.592+0000] {logging_mixin.py:190} INFO - [2025-06-17T05:09:00.592+0000] {dag.py:4180} INFO - Setting next_dagrun for example_external_task_marker_child to None, run_after=None
[2025-06-17T05:09:00.595+0000] {logging_mixin.py:190} INFO - [2025-06-17T05:09:00.595+0000] {dag.py:4180} INFO - Setting next_dagrun for example_external_task_marker_parent to None, run_after=None
[2025-06-17T05:09:00.609+0000] {processor.py:208} INFO - Processing /home/airflow/.local/lib/python3.12/site-packages/airflow/example_dags/example_external_task_marker_dag.py took 0.063 seconds
[2025-06-17T05:09:31.305+0000] {processor.py:186} INFO - Started process (PID=151) to work on /home/airflow/.local/lib/python3.12/site-packages/airflow/example_dags/example_external_task_marker_dag.py
[2025-06-17T05:09:31.306+0000] {processor.py:914} INFO - Processing file /home/airflow/.local/lib/python3.12/site-packages/airflow/example_dags/example_external_task_marker_dag.py for tasks to queue
[2025-06-17T05:09:31.307+0000] {logging_mixin.py:190} INFO - [2025-06-17T05:09:31.307+0000] {dagbag.py:588} INFO - Filling up the DagBag from /home/airflow/.local/lib/python3.12/site-packages/airflow/example_dags/example_external_task_marker_dag.py
[2025-06-17T05:09:31.313+0000] {processor.py:925} INFO - DAG(s) 'example_external_task_marker_child', 'example_external_task_marker_parent' retrieved from /home/airflow/.local/lib/python3.12/site-packages/airflow/example_dags/example_external_task_marker_dag.py
[2025-06-17T05:09:31.332+0000] {logging_mixin.py:190} INFO - [2025-06-17T05:09:31.331+0000] {dag.py:3239} INFO - Sync 2 DAGs
[2025-06-17T05:09:31.343+0000] {logging_mixin.py:190} INFO - [2025-06-17T05:09:31.343+0000] {dag.py:4180} INFO - Setting next_dagrun for example_external_task_marker_child to None, run_after=None
[2025-06-17T05:09:31.346+0000] {logging_mixin.py:190} INFO - [2025-06-17T05:09:31.346+0000] {dag.py:4180} INFO - Setting next_dagrun for example_external_task_marker_parent to None, run_after=None
[2025-06-17T05:09:31.358+0000] {processor.py:208} INFO - Processing /home/airflow/.local/lib/python3.12/site-packages/airflow/example_dags/example_external_task_marker_dag.py took 0.057 seconds
[2025-06-17T05:10:02.138+0000] {processor.py:186} INFO - Started process (PID=214) to work on /home/airflow/.local/lib/python3.12/site-packages/airflow/example_dags/example_external_task_marker_dag.py
[2025-06-17T05:10:02.138+0000] {processor.py:914} INFO - Processing file /home/airflow/.local/lib/python3.12/site-packages/airflow/example_dags/example_external_task_marker_dag.py for tasks to queue
[2025-06-17T05:10:02.139+0000] {logging_mixin.py:190} INFO - [2025-06-17T05:10:02.139+0000] {dagbag.py:588} INFO - Filling up the DagBag from /home/airflow/.local/lib/python3.12/site-packages/airflow/example_dags/example_external_task_marker_dag.py
[2025-06-17T05:10:02.146+0000] {processor.py:925} INFO - DAG(s) 'example_external_task_marker_child', 'example_external_task_marker_parent' retrieved from /home/airflow/.local/lib/python3.12/site-packages/airflow/example_dags/example_external_task_marker_dag.py
[2025-06-17T05:10:02.164+0000] {logging_mixin.py:190} INFO - [2025-06-17T05:10:02.163+0000] {dag.py:3239} INFO - Sync 2 DAGs
[2025-06-17T05:10:02.175+0000] {logging_mixin.py:190} INFO - [2025-06-17T05:10:02.175+0000] {dag.py:4180} INFO - Setting next_dagrun for example_external_task_marker_child to None, run_after=None
[2025-06-17T05:10:02.178+0000] {logging_mixin.py:190} INFO - [2025-06-17T05:10:02.177+0000] {dag.py:4180} INFO - Setting next_dagrun for example_external_task_marker_parent to None, run_after=None
[2025-06-17T05:10:02.190+0000] {processor.py:208} INFO - Processing /home/airflow/.local/lib/python3.12/site-packages/airflow/example_dags/example_external_task_marker_dag.py took 0.058 seconds
[2025-06-17T05:10:33.397+0000] {processor.py:186} INFO - Started process (PID=277) to work on /home/airflow/.local/lib/python3.12/site-packages/airflow/example_dags/example_external_task_marker_dag.py
[2025-06-17T05:10:33.397+0000] {processor.py:914} INFO - Processing file /home/airflow/.local/lib/python3.12/site-packages/airflow/example_dags/example_external_task_marker_dag.py for tasks to queue
[2025-06-17T05:10:33.398+0000] {logging_mixin.py:190} INFO - [2025-06-17T05:10:33.398+0000] {dagbag.py:588} INFO - Filling up the DagBag from /home/airflow/.local/lib/python3.12/site-packages/airflow/example_dags/example_external_task_marker_dag.py
[2025-06-17T05:10:33.404+0000] {processor.py:925} INFO - DAG(s) 'example_external_task_marker_child', 'example_external_task_marker_parent' retrieved from /home/airflow/.local/lib/python3.12/site-packages/airflow/example_dags/example_external_task_marker_dag.py
[2025-06-17T05:10:33.422+0000] {logging_mixin.py:190} INFO - [2025-06-17T05:10:33.422+0000] {dag.py:3239} INFO - Sync 2 DAGs
[2025-06-17T05:10:33.435+0000] {logging_mixin.py:190} INFO - [2025-06-17T05:10:33.435+0000] {dag.py:4180} INFO - Setting next_dagrun for example_external_task_marker_child to None, run_after=None
[2025-06-17T05:10:33.438+0000] {logging_mixin.py:190} INFO - [2025-06-17T05:10:33.438+0000] {dag.py:4180} INFO - Setting next_dagrun for example_external_task_marker_parent to None, run_after=None
[2025-06-17T05:10:33.450+0000] {processor.py:208} INFO - Processing /home/airflow/.local/lib/python3.12/site-packages/airflow/example_dags/example_external_task_marker_dag.py took 0.058 seconds
[2025-06-17T05:11:04.512+0000] {processor.py:186} INFO - Started process (PID=340) to work on /home/airflow/.local/lib/python3.12/site-packages/airflow/example_dags/example_external_task_marker_dag.py
[2025-06-17T05:11:04.513+0000] {processor.py:914} INFO - Processing file /home/airflow/.local/lib/python3.12/site-packages/airflow/example_dags/example_external_task_marker_dag.py for tasks to queue
[2025-06-17T05:11:04.514+0000] {logging_mixin.py:190} INFO - [2025-06-17T05:11:04.513+0000] {dagbag.py:588} INFO - Filling up the DagBag from /home/airflow/.local/lib/python3.12/site-packages/airflow/example_dags/example_external_task_marker_dag.py
[2025-06-17T05:11:04.520+0000] {processor.py:925} INFO - DAG(s) 'example_external_task_marker_parent', 'example_external_task_marker_child' retrieved from /home/airflow/.local/lib/python3.12/site-packages/airflow/example_dags/example_external_task_marker_dag.py
[2025-06-17T05:11:04.539+0000] {logging_mixin.py:190} INFO - [2025-06-17T05:11:04.539+0000] {dag.py:3239} INFO - Sync 2 DAGs
[2025-06-17T05:11:04.551+0000] {logging_mixin.py:190} INFO - [2025-06-17T05:11:04.551+0000] {dag.py:4180} INFO - Setting next_dagrun for example_external_task_marker_child to None, run_after=None
[2025-06-17T05:11:04.554+0000] {logging_mixin.py:190} INFO - [2025-06-17T05:11:04.554+0000] {dag.py:4180} INFO - Setting next_dagrun for example_external_task_marker_parent to None, run_after=None
[2025-06-17T05:11:04.567+0000] {processor.py:208} INFO - Processing /home/airflow/.local/lib/python3.12/site-packages/airflow/example_dags/example_external_task_marker_dag.py took 0.059 seconds
[2025-06-17T05:11:35.221+0000] {processor.py:186} INFO - Started process (PID=403) to work on /home/airflow/.local/lib/python3.12/site-packages/airflow/example_dags/example_external_task_marker_dag.py
[2025-06-17T05:11:35.222+0000] {processor.py:914} INFO - Processing file /home/airflow/.local/lib/python3.12/site-packages/airflow/example_dags/example_external_task_marker_dag.py for tasks to queue
[2025-06-17T05:11:35.222+0000] {logging_mixin.py:190} INFO - [2025-06-17T05:11:35.222+0000] {dagbag.py:588} INFO - Filling up the DagBag from /home/airflow/.local/lib/python3.12/site-packages/airflow/example_dags/example_external_task_marker_dag.py
[2025-06-17T05:11:35.231+0000] {processor.py:925} INFO - DAG(s) 'example_external_task_marker_parent', 'example_external_task_marker_child' retrieved from /home/airflow/.local/lib/python3.12/site-packages/airflow/example_dags/example_external_task_marker_dag.py
[2025-06-17T05:11:35.251+0000] {logging_mixin.py:190} INFO - [2025-06-17T05:11:35.251+0000] {dag.py:3239} INFO - Sync 2 DAGs
[2025-06-17T05:11:35.263+0000] {logging_mixin.py:190} INFO - [2025-06-17T05:11:35.263+0000] {dag.py:4180} INFO - Setting next_dagrun for example_external_task_marker_child to None, run_after=None
[2025-06-17T05:11:35.268+0000] {logging_mixin.py:190} INFO - [2025-06-17T05:11:35.267+0000] {dag.py:4180} INFO - Setting next_dagrun for example_external_task_marker_parent to None, run_after=None
[2025-06-17T05:11:35.283+0000] {processor.py:208} INFO - Processing /home/airflow/.local/lib/python3.12/site-packages/airflow/example_dags/example_external_task_marker_dag.py took 0.066 seconds
[2025-06-17T05:12:06.179+0000] {processor.py:186} INFO - Started process (PID=466) to work on /home/airflow/.local/lib/python3.12/site-packages/airflow/example_dags/example_external_task_marker_dag.py
[2025-06-17T05:12:06.179+0000] {processor.py:914} INFO - Processing file /home/airflow/.local/lib/python3.12/site-packages/airflow/example_dags/example_external_task_marker_dag.py for tasks to queue
[2025-06-17T05:12:06.180+0000] {logging_mixin.py:190} INFO - [2025-06-17T05:12:06.180+0000] {dagbag.py:588} INFO - Filling up the DagBag from /home/airflow/.local/lib/python3.12/site-packages/airflow/example_dags/example_external_task_marker_dag.py
[2025-06-17T05:12:06.187+0000] {processor.py:925} INFO - DAG(s) 'example_external_task_marker_child', 'example_external_task_marker_parent' retrieved from /home/airflow/.local/lib/python3.12/site-packages/airflow/example_dags/example_external_task_marker_dag.py
[2025-06-17T05:12:06.207+0000] {logging_mixin.py:190} INFO - [2025-06-17T05:12:06.207+0000] {dag.py:3239} INFO - Sync 2 DAGs
[2025-06-17T05:12:06.220+0000] {logging_mixin.py:190} INFO - [2025-06-17T05:12:06.220+0000] {dag.py:4180} INFO - Setting next_dagrun for example_external_task_marker_child to None, run_after=None
[2025-06-17T05:12:06.223+0000] {logging_mixin.py:190} INFO - [2025-06-17T05:12:06.223+0000] {dag.py:4180} INFO - Setting next_dagrun for example_external_task_marker_parent to None, run_after=None
[2025-06-17T05:12:06.236+0000] {processor.py:208} INFO - Processing /home/airflow/.local/lib/python3.12/site-packages/airflow/example_dags/example_external_task_marker_dag.py took 0.062 seconds
[2025-06-17T05:12:36.713+0000] {processor.py:186} INFO - Started process (PID=529) to work on /home/airflow/.local/lib/python3.12/site-packages/airflow/example_dags/example_external_task_marker_dag.py
[2025-06-17T05:12:36.714+0000] {processor.py:914} INFO - Processing file /home/airflow/.local/lib/python3.12/site-packages/airflow/example_dags/example_external_task_marker_dag.py for tasks to queue
[2025-06-17T05:12:36.715+0000] {logging_mixin.py:190} INFO - [2025-06-17T05:12:36.714+0000] {dagbag.py:588} INFO - Filling up the DagBag from /home/airflow/.local/lib/python3.12/site-packages/airflow/example_dags/example_external_task_marker_dag.py
[2025-06-17T05:12:36.721+0000] {processor.py:925} INFO - DAG(s) 'example_external_task_marker_parent', 'example_external_task_marker_child' retrieved from /home/airflow/.local/lib/python3.12/site-packages/airflow/example_dags/example_external_task_marker_dag.py
[2025-06-17T05:12:36.736+0000] {logging_mixin.py:190} INFO - [2025-06-17T05:12:36.736+0000] {dag.py:3239} INFO - Sync 2 DAGs
[2025-06-17T05:12:36.747+0000] {logging_mixin.py:190} INFO - [2025-06-17T05:12:36.747+0000] {dag.py:4180} INFO - Setting next_dagrun for example_external_task_marker_child to None, run_after=None
[2025-06-17T05:12:36.750+0000] {logging_mixin.py:190} INFO - [2025-06-17T05:12:36.750+0000] {dag.py:4180} INFO - Setting next_dagrun for example_external_task_marker_parent to None, run_after=None
[2025-06-17T05:12:36.764+0000] {processor.py:208} INFO - Processing /home/airflow/.local/lib/python3.12/site-packages/airflow/example_dags/example_external_task_marker_dag.py took 0.054 seconds
[2025-06-17T05:13:07.398+0000] {processor.py:186} INFO - Started process (PID=592) to work on /home/airflow/.local/lib/python3.12/site-packages/airflow/example_dags/example_external_task_marker_dag.py
[2025-06-17T05:13:07.398+0000] {processor.py:914} INFO - Processing file /home/airflow/.local/lib/python3.12/site-packages/airflow/example_dags/example_external_task_marker_dag.py for tasks to queue
[2025-06-17T05:13:07.400+0000] {logging_mixin.py:190} INFO - [2025-06-17T05:13:07.399+0000] {dagbag.py:588} INFO - Filling up the DagBag from /home/airflow/.local/lib/python3.12/site-packages/airflow/example_dags/example_external_task_marker_dag.py
[2025-06-17T05:13:07.408+0000] {processor.py:925} INFO - DAG(s) 'example_external_task_marker_parent', 'example_external_task_marker_child' retrieved from /home/airflow/.local/lib/python3.12/site-packages/airflow/example_dags/example_external_task_marker_dag.py
[2025-06-17T05:13:07.426+0000] {logging_mixin.py:190} INFO - [2025-06-17T05:13:07.425+0000] {dag.py:3239} INFO - Sync 2 DAGs
[2025-06-17T05:13:07.438+0000] {logging_mixin.py:190} INFO - [2025-06-17T05:13:07.438+0000] {dag.py:4180} INFO - Setting next_dagrun for example_external_task_marker_child to None, run_after=None
[2025-06-17T05:13:07.441+0000] {logging_mixin.py:190} INFO - [2025-06-17T05:13:07.441+0000] {dag.py:4180} INFO - Setting next_dagrun for example_external_task_marker_parent to None, run_after=None
[2025-06-17T05:13:07.455+0000] {processor.py:208} INFO - Processing /home/airflow/.local/lib/python3.12/site-packages/airflow/example_dags/example_external_task_marker_dag.py took 0.063 seconds
[2025-06-17T05:13:37.891+0000] {processor.py:186} INFO - Started process (PID=656) to work on /home/airflow/.local/lib/python3.12/site-packages/airflow/example_dags/example_external_task_marker_dag.py
[2025-06-17T05:13:37.892+0000] {processor.py:914} INFO - Processing file /home/airflow/.local/lib/python3.12/site-packages/airflow/example_dags/example_external_task_marker_dag.py for tasks to queue
[2025-06-17T05:13:37.893+0000] {logging_mixin.py:190} INFO - [2025-06-17T05:13:37.893+0000] {dagbag.py:588} INFO - Filling up the DagBag from /home/airflow/.local/lib/python3.12/site-packages/airflow/example_dags/example_external_task_marker_dag.py
[2025-06-17T05:13:37.899+0000] {processor.py:925} INFO - DAG(s) 'example_external_task_marker_child', 'example_external_task_marker_parent' retrieved from /home/airflow/.local/lib/python3.12/site-packages/airflow/example_dags/example_external_task_marker_dag.py
[2025-06-17T05:13:37.916+0000] {logging_mixin.py:190} INFO - [2025-06-17T05:13:37.916+0000] {dag.py:3239} INFO - Sync 2 DAGs
[2025-06-17T05:13:37.927+0000] {logging_mixin.py:190} INFO - [2025-06-17T05:13:37.927+0000] {dag.py:4180} INFO - Setting next_dagrun for example_external_task_marker_child to None, run_after=None
[2025-06-17T05:13:37.930+0000] {logging_mixin.py:190} INFO - [2025-06-17T05:13:37.930+0000] {dag.py:4180} INFO - Setting next_dagrun for example_external_task_marker_parent to None, run_after=None
[2025-06-17T05:13:37.943+0000] {processor.py:208} INFO - Processing /home/airflow/.local/lib/python3.12/site-packages/airflow/example_dags/example_external_task_marker_dag.py took 0.056 seconds
[2025-06-17T05:14:08.622+0000] {processor.py:186} INFO - Started process (PID=718) to work on /home/airflow/.local/lib/python3.12/site-packages/airflow/example_dags/example_external_task_marker_dag.py
[2025-06-17T05:14:08.623+0000] {processor.py:914} INFO - Processing file /home/airflow/.local/lib/python3.12/site-packages/airflow/example_dags/example_external_task_marker_dag.py for tasks to queue
[2025-06-17T05:14:08.624+0000] {logging_mixin.py:190} INFO - [2025-06-17T05:14:08.624+0000] {dagbag.py:588} INFO - Filling up the DagBag from /home/airflow/.local/lib/python3.12/site-packages/airflow/example_dags/example_external_task_marker_dag.py
[2025-06-17T05:14:08.631+0000] {processor.py:925} INFO - DAG(s) 'example_external_task_marker_child', 'example_external_task_marker_parent' retrieved from /home/airflow/.local/lib/python3.12/site-packages/airflow/example_dags/example_external_task_marker_dag.py
[2025-06-17T05:14:08.651+0000] {logging_mixin.py:190} INFO - [2025-06-17T05:14:08.650+0000] {dag.py:3239} INFO - Sync 2 DAGs
[2025-06-17T05:14:08.666+0000] {logging_mixin.py:190} INFO - [2025-06-17T05:14:08.666+0000] {dag.py:4180} INFO - Setting next_dagrun for example_external_task_marker_child to None, run_after=None
[2025-06-17T05:14:08.669+0000] {logging_mixin.py:190} INFO - [2025-06-17T05:14:08.669+0000] {dag.py:4180} INFO - Setting next_dagrun for example_external_task_marker_parent to None, run_after=None
[2025-06-17T05:14:08.682+0000] {processor.py:208} INFO - Processing /home/airflow/.local/lib/python3.12/site-packages/airflow/example_dags/example_external_task_marker_dag.py took 0.064 seconds
[2025-06-17T05:17:47.566+0000] {processor.py:186} INFO - Started process (PID=89) to work on /home/airflow/.local/lib/python3.12/site-packages/airflow/example_dags/example_external_task_marker_dag.py
[2025-06-17T05:17:47.566+0000] {processor.py:914} INFO - Processing file /home/airflow/.local/lib/python3.12/site-packages/airflow/example_dags/example_external_task_marker_dag.py for tasks to queue
[2025-06-17T05:17:47.567+0000] {logging_mixin.py:190} INFO - [2025-06-17T05:17:47.567+0000] {dagbag.py:588} INFO - Filling up the DagBag from /home/airflow/.local/lib/python3.12/site-packages/airflow/example_dags/example_external_task_marker_dag.py
[2025-06-17T05:17:47.574+0000] {processor.py:925} INFO - DAG(s) 'example_external_task_marker_parent', 'example_external_task_marker_child' retrieved from /home/airflow/.local/lib/python3.12/site-packages/airflow/example_dags/example_external_task_marker_dag.py
[2025-06-17T05:17:47.658+0000] {logging_mixin.py:190} INFO - [2025-06-17T05:17:47.657+0000] {override.py:1912} INFO - Created Permission View: can read on DAG:example_external_task_marker_parent
[2025-06-17T05:17:47.667+0000] {logging_mixin.py:190} INFO - [2025-06-17T05:17:47.667+0000] {override.py:1912} INFO - Created Permission View: can delete on DAG:example_external_task_marker_parent
[2025-06-17T05:17:47.673+0000] {logging_mixin.py:190} INFO - [2025-06-17T05:17:47.673+0000] {override.py:1912} INFO - Created Permission View: can edit on DAG:example_external_task_marker_parent
[2025-06-17T05:17:47.681+0000] {logging_mixin.py:190} INFO - [2025-06-17T05:17:47.681+0000] {override.py:1912} INFO - Created Permission View: can read on DAG Run:example_external_task_marker_parent
[2025-06-17T05:17:47.688+0000] {logging_mixin.py:190} INFO - [2025-06-17T05:17:47.688+0000] {override.py:1912} INFO - Created Permission View: can delete on DAG Run:example_external_task_marker_parent
[2025-06-17T05:17:47.695+0000] {logging_mixin.py:190} INFO - [2025-06-17T05:17:47.694+0000] {override.py:1912} INFO - Created Permission View: menu access on DAG Run:example_external_task_marker_parent
[2025-06-17T05:17:47.702+0000] {logging_mixin.py:190} INFO - [2025-06-17T05:17:47.701+0000] {override.py:1912} INFO - Created Permission View: can create on DAG Run:example_external_task_marker_parent
[2025-06-17T05:17:47.716+0000] {logging_mixin.py:190} INFO - [2025-06-17T05:17:47.716+0000] {override.py:1912} INFO - Created Permission View: can read on DAG:example_external_task_marker_child
[2025-06-17T05:17:47.722+0000] {logging_mixin.py:190} INFO - [2025-06-17T05:17:47.722+0000] {override.py:1912} INFO - Created Permission View: can delete on DAG:example_external_task_marker_child
[2025-06-17T05:17:47.728+0000] {logging_mixin.py:190} INFO - [2025-06-17T05:17:47.728+0000] {override.py:1912} INFO - Created Permission View: can edit on DAG:example_external_task_marker_child
[2025-06-17T05:17:47.737+0000] {logging_mixin.py:190} INFO - [2025-06-17T05:17:47.736+0000] {override.py:1912} INFO - Created Permission View: can read on DAG Run:example_external_task_marker_child
[2025-06-17T05:17:47.742+0000] {logging_mixin.py:190} INFO - [2025-06-17T05:17:47.742+0000] {override.py:1912} INFO - Created Permission View: can delete on DAG Run:example_external_task_marker_child
[2025-06-17T05:17:47.747+0000] {logging_mixin.py:190} INFO - [2025-06-17T05:17:47.747+0000] {override.py:1912} INFO - Created Permission View: menu access on DAG Run:example_external_task_marker_child
[2025-06-17T05:17:47.753+0000] {logging_mixin.py:190} INFO - [2025-06-17T05:17:47.753+0000] {override.py:1912} INFO - Created Permission View: can create on DAG Run:example_external_task_marker_child
[2025-06-17T05:17:47.753+0000] {logging_mixin.py:190} INFO - [2025-06-17T05:17:47.753+0000] {dag.py:3239} INFO - Sync 2 DAGs
[2025-06-17T05:17:47.763+0000] {logging_mixin.py:190} INFO - [2025-06-17T05:17:47.762+0000] {dag.py:3262} INFO - Creating ORM DAG for example_external_task_marker_child
[2025-06-17T05:17:47.763+0000] {logging_mixin.py:190} INFO - [2025-06-17T05:17:47.763+0000] {dag.py:3262} INFO - Creating ORM DAG for example_external_task_marker_parent
[2025-06-17T05:17:47.764+0000] {logging_mixin.py:190} INFO - [2025-06-17T05:17:47.763+0000] {dag.py:4180} INFO - Setting next_dagrun for example_external_task_marker_child to None, run_after=None
[2025-06-17T05:17:47.764+0000] {logging_mixin.py:190} INFO - [2025-06-17T05:17:47.764+0000] {dag.py:4180} INFO - Setting next_dagrun for example_external_task_marker_parent to None, run_after=None
[2025-06-17T05:17:47.777+0000] {processor.py:208} INFO - Processing /home/airflow/.local/lib/python3.12/site-packages/airflow/example_dags/example_external_task_marker_dag.py took 0.216 seconds
[2025-06-17T05:19:15.043+0000] {processor.py:186} INFO - Started process (PID=89) to work on /home/airflow/.local/lib/python3.12/site-packages/airflow/example_dags/example_external_task_marker_dag.py
[2025-06-17T05:19:15.043+0000] {processor.py:914} INFO - Processing file /home/airflow/.local/lib/python3.12/site-packages/airflow/example_dags/example_external_task_marker_dag.py for tasks to queue
[2025-06-17T05:19:15.044+0000] {logging_mixin.py:190} INFO - [2025-06-17T05:19:15.044+0000] {dagbag.py:588} INFO - Filling up the DagBag from /home/airflow/.local/lib/python3.12/site-packages/airflow/example_dags/example_external_task_marker_dag.py
[2025-06-17T05:19:15.053+0000] {processor.py:925} INFO - DAG(s) 'example_external_task_marker_parent', 'example_external_task_marker_child' retrieved from /home/airflow/.local/lib/python3.12/site-packages/airflow/example_dags/example_external_task_marker_dag.py
[2025-06-17T05:19:15.072+0000] {logging_mixin.py:190} INFO - [2025-06-17T05:19:15.072+0000] {dag.py:3239} INFO - Sync 2 DAGs
[2025-06-17T05:19:15.086+0000] {logging_mixin.py:190} INFO - [2025-06-17T05:19:15.086+0000] {dag.py:4180} INFO - Setting next_dagrun for example_external_task_marker_child to None, run_after=None
[2025-06-17T05:19:15.089+0000] {logging_mixin.py:190} INFO - [2025-06-17T05:19:15.089+0000] {dag.py:4180} INFO - Setting next_dagrun for example_external_task_marker_parent to None, run_after=None
[2025-06-17T05:19:15.104+0000] {processor.py:208} INFO - Processing /home/airflow/.local/lib/python3.12/site-packages/airflow/example_dags/example_external_task_marker_dag.py took 0.066 seconds
[2025-06-17T05:19:45.451+0000] {processor.py:186} INFO - Started process (PID=152) to work on /home/airflow/.local/lib/python3.12/site-packages/airflow/example_dags/example_external_task_marker_dag.py
[2025-06-17T05:19:45.451+0000] {processor.py:914} INFO - Processing file /home/airflow/.local/lib/python3.12/site-packages/airflow/example_dags/example_external_task_marker_dag.py for tasks to queue
[2025-06-17T05:19:45.452+0000] {logging_mixin.py:190} INFO - [2025-06-17T05:19:45.452+0000] {dagbag.py:588} INFO - Filling up the DagBag from /home/airflow/.local/lib/python3.12/site-packages/airflow/example_dags/example_external_task_marker_dag.py
[2025-06-17T05:19:45.459+0000] {processor.py:925} INFO - DAG(s) 'example_external_task_marker_child', 'example_external_task_marker_parent' retrieved from /home/airflow/.local/lib/python3.12/site-packages/airflow/example_dags/example_external_task_marker_dag.py
[2025-06-17T05:19:45.476+0000] {logging_mixin.py:190} INFO - [2025-06-17T05:19:45.476+0000] {dag.py:3239} INFO - Sync 2 DAGs
[2025-06-17T05:19:45.488+0000] {logging_mixin.py:190} INFO - [2025-06-17T05:19:45.488+0000] {dag.py:4180} INFO - Setting next_dagrun for example_external_task_marker_child to None, run_after=None
[2025-06-17T05:19:45.492+0000] {logging_mixin.py:190} INFO - [2025-06-17T05:19:45.491+0000] {dag.py:4180} INFO - Setting next_dagrun for example_external_task_marker_parent to None, run_after=None
[2025-06-17T05:19:45.506+0000] {processor.py:208} INFO - Processing /home/airflow/.local/lib/python3.12/site-packages/airflow/example_dags/example_external_task_marker_dag.py took 0.059 seconds
[2025-06-17T05:21:34.167+0000] {processor.py:186} INFO - Started process (PID=89) to work on /home/airflow/.local/lib/python3.12/site-packages/airflow/example_dags/example_external_task_marker_dag.py
[2025-06-17T05:21:34.168+0000] {processor.py:914} INFO - Processing file /home/airflow/.local/lib/python3.12/site-packages/airflow/example_dags/example_external_task_marker_dag.py for tasks to queue
[2025-06-17T05:21:34.169+0000] {logging_mixin.py:190} INFO - [2025-06-17T05:21:34.169+0000] {dagbag.py:588} INFO - Filling up the DagBag from /home/airflow/.local/lib/python3.12/site-packages/airflow/example_dags/example_external_task_marker_dag.py
[2025-06-17T05:21:34.176+0000] {processor.py:925} INFO - DAG(s) 'example_external_task_marker_parent', 'example_external_task_marker_child' retrieved from /home/airflow/.local/lib/python3.12/site-packages/airflow/example_dags/example_external_task_marker_dag.py
[2025-06-17T05:21:34.194+0000] {logging_mixin.py:190} INFO - [2025-06-17T05:21:34.194+0000] {dag.py:3239} INFO - Sync 2 DAGs
[2025-06-17T05:21:34.206+0000] {logging_mixin.py:190} INFO - [2025-06-17T05:21:34.206+0000] {dag.py:4180} INFO - Setting next_dagrun for example_external_task_marker_child to None, run_after=None
[2025-06-17T05:21:34.209+0000] {logging_mixin.py:190} INFO - [2025-06-17T05:21:34.209+0000] {dag.py:4180} INFO - Setting next_dagrun for example_external_task_marker_parent to None, run_after=None
[2025-06-17T05:21:34.222+0000] {processor.py:208} INFO - Processing /home/airflow/.local/lib/python3.12/site-packages/airflow/example_dags/example_external_task_marker_dag.py took 0.060 seconds
[2025-06-17T05:22:05.452+0000] {processor.py:186} INFO - Started process (PID=152) to work on /home/airflow/.local/lib/python3.12/site-packages/airflow/example_dags/example_external_task_marker_dag.py
[2025-06-17T05:22:05.452+0000] {processor.py:914} INFO - Processing file /home/airflow/.local/lib/python3.12/site-packages/airflow/example_dags/example_external_task_marker_dag.py for tasks to queue
[2025-06-17T05:22:05.453+0000] {logging_mixin.py:190} INFO - [2025-06-17T05:22:05.453+0000] {dagbag.py:588} INFO - Filling up the DagBag from /home/airflow/.local/lib/python3.12/site-packages/airflow/example_dags/example_external_task_marker_dag.py
[2025-06-17T05:22:05.460+0000] {processor.py:925} INFO - DAG(s) 'example_external_task_marker_child', 'example_external_task_marker_parent' retrieved from /home/airflow/.local/lib/python3.12/site-packages/airflow/example_dags/example_external_task_marker_dag.py
[2025-06-17T05:22:05.480+0000] {logging_mixin.py:190} INFO - [2025-06-17T05:22:05.480+0000] {dag.py:3239} INFO - Sync 2 DAGs
[2025-06-17T05:22:05.501+0000] {logging_mixin.py:190} INFO - [2025-06-17T05:22:05.501+0000] {dag.py:4180} INFO - Setting next_dagrun for example_external_task_marker_child to None, run_after=None
[2025-06-17T05:22:05.505+0000] {logging_mixin.py:190} INFO - [2025-06-17T05:22:05.505+0000] {dag.py:4180} INFO - Setting next_dagrun for example_external_task_marker_parent to None, run_after=None
[2025-06-17T05:22:05.520+0000] {processor.py:208} INFO - Processing /home/airflow/.local/lib/python3.12/site-packages/airflow/example_dags/example_external_task_marker_dag.py took 0.073 seconds
[2025-06-17T05:22:36.228+0000] {processor.py:186} INFO - Started process (PID=215) to work on /home/airflow/.local/lib/python3.12/site-packages/airflow/example_dags/example_external_task_marker_dag.py
[2025-06-17T05:22:36.228+0000] {processor.py:914} INFO - Processing file /home/airflow/.local/lib/python3.12/site-packages/airflow/example_dags/example_external_task_marker_dag.py for tasks to queue
[2025-06-17T05:22:36.229+0000] {logging_mixin.py:190} INFO - [2025-06-17T05:22:36.229+0000] {dagbag.py:588} INFO - Filling up the DagBag from /home/airflow/.local/lib/python3.12/site-packages/airflow/example_dags/example_external_task_marker_dag.py
[2025-06-17T05:22:36.236+0000] {processor.py:925} INFO - DAG(s) 'example_external_task_marker_child', 'example_external_task_marker_parent' retrieved from /home/airflow/.local/lib/python3.12/site-packages/airflow/example_dags/example_external_task_marker_dag.py
[2025-06-17T05:22:36.254+0000] {logging_mixin.py:190} INFO - [2025-06-17T05:22:36.254+0000] {dag.py:3239} INFO - Sync 2 DAGs
[2025-06-17T05:22:36.267+0000] {logging_mixin.py:190} INFO - [2025-06-17T05:22:36.267+0000] {dag.py:4180} INFO - Setting next_dagrun for example_external_task_marker_child to None, run_after=None
[2025-06-17T05:22:36.270+0000] {logging_mixin.py:190} INFO - [2025-06-17T05:22:36.270+0000] {dag.py:4180} INFO - Setting next_dagrun for example_external_task_marker_parent to None, run_after=None
[2025-06-17T05:22:36.284+0000] {processor.py:208} INFO - Processing /home/airflow/.local/lib/python3.12/site-packages/airflow/example_dags/example_external_task_marker_dag.py took 0.061 seconds
[2025-06-17T05:23:07.130+0000] {processor.py:186} INFO - Started process (PID=278) to work on /home/airflow/.local/lib/python3.12/site-packages/airflow/example_dags/example_external_task_marker_dag.py
[2025-06-17T05:23:07.130+0000] {processor.py:914} INFO - Processing file /home/airflow/.local/lib/python3.12/site-packages/airflow/example_dags/example_external_task_marker_dag.py for tasks to queue
[2025-06-17T05:23:07.132+0000] {logging_mixin.py:190} INFO - [2025-06-17T05:23:07.131+0000] {dagbag.py:588} INFO - Filling up the DagBag from /home/airflow/.local/lib/python3.12/site-packages/airflow/example_dags/example_external_task_marker_dag.py
[2025-06-17T05:23:07.139+0000] {processor.py:925} INFO - DAG(s) 'example_external_task_marker_parent', 'example_external_task_marker_child' retrieved from /home/airflow/.local/lib/python3.12/site-packages/airflow/example_dags/example_external_task_marker_dag.py
[2025-06-17T05:23:07.157+0000] {logging_mixin.py:190} INFO - [2025-06-17T05:23:07.156+0000] {dag.py:3239} INFO - Sync 2 DAGs
[2025-06-17T05:23:07.169+0000] {logging_mixin.py:190} INFO - [2025-06-17T05:23:07.169+0000] {dag.py:4180} INFO - Setting next_dagrun for example_external_task_marker_child to None, run_after=None
[2025-06-17T05:23:07.172+0000] {logging_mixin.py:190} INFO - [2025-06-17T05:23:07.172+0000] {dag.py:4180} INFO - Setting next_dagrun for example_external_task_marker_parent to None, run_after=None
[2025-06-17T05:23:07.186+0000] {processor.py:208} INFO - Processing /home/airflow/.local/lib/python3.12/site-packages/airflow/example_dags/example_external_task_marker_dag.py took 0.061 seconds
[2025-06-17T05:23:38.447+0000] {processor.py:186} INFO - Started process (PID=341) to work on /home/airflow/.local/lib/python3.12/site-packages/airflow/example_dags/example_external_task_marker_dag.py
[2025-06-17T05:23:38.447+0000] {processor.py:914} INFO - Processing file /home/airflow/.local/lib/python3.12/site-packages/airflow/example_dags/example_external_task_marker_dag.py for tasks to queue
[2025-06-17T05:23:38.448+0000] {logging_mixin.py:190} INFO - [2025-06-17T05:23:38.448+0000] {dagbag.py:588} INFO - Filling up the DagBag from /home/airflow/.local/lib/python3.12/site-packages/airflow/example_dags/example_external_task_marker_dag.py
[2025-06-17T05:23:38.456+0000] {processor.py:925} INFO - DAG(s) 'example_external_task_marker_child', 'example_external_task_marker_parent' retrieved from /home/airflow/.local/lib/python3.12/site-packages/airflow/example_dags/example_external_task_marker_dag.py
[2025-06-17T05:23:38.475+0000] {logging_mixin.py:190} INFO - [2025-06-17T05:23:38.475+0000] {dag.py:3239} INFO - Sync 2 DAGs
[2025-06-17T05:23:38.487+0000] {logging_mixin.py:190} INFO - [2025-06-17T05:23:38.487+0000] {dag.py:4180} INFO - Setting next_dagrun for example_external_task_marker_child to None, run_after=None
[2025-06-17T05:23:38.490+0000] {logging_mixin.py:190} INFO - [2025-06-17T05:23:38.490+0000] {dag.py:4180} INFO - Setting next_dagrun for example_external_task_marker_parent to None, run_after=None
[2025-06-17T05:23:38.503+0000] {processor.py:208} INFO - Processing /home/airflow/.local/lib/python3.12/site-packages/airflow/example_dags/example_external_task_marker_dag.py took 0.060 seconds
