[2025-06-17T05:01:30.241+0000] {processor.py:186} INFO - Started process (PID=103) to work on /home/airflow/.local/lib/python3.12/site-packages/airflow/example_dags/example_short_circuit_operator.py
[2025-06-17T05:01:30.242+0000] {processor.py:914} INFO - Processing file /home/airflow/.local/lib/python3.12/site-packages/airflow/example_dags/example_short_circuit_operator.py for tasks to queue
[2025-06-17T05:01:30.243+0000] {logging_mixin.py:190} INFO - [2025-06-17T05:01:30.243+0000] {dagbag.py:588} INFO - Filling up the DagBag from /home/airflow/.local/lib/python3.12/site-packages/airflow/example_dags/example_short_circuit_operator.py
[2025-06-17T05:01:30.250+0000] {processor.py:925} INFO - DAG(s) 'example_short_circuit_operator' retrieved from /home/airflow/.local/lib/python3.12/site-packages/airflow/example_dags/example_short_circuit_operator.py
[2025-06-17T05:01:30.345+0000] {logging_mixin.py:190} INFO - [2025-06-17T05:01:30.344+0000] {override.py:1912} INFO - Created Permission View: can read on DAG:example_short_circuit_operator
[2025-06-17T05:01:30.354+0000] {logging_mixin.py:190} INFO - [2025-06-17T05:01:30.354+0000] {override.py:1912} INFO - Created Permission View: can edit on DAG:example_short_circuit_operator
[2025-06-17T05:01:30.360+0000] {logging_mixin.py:190} INFO - [2025-06-17T05:01:30.360+0000] {override.py:1912} INFO - Created Permission View: can delete on DAG:example_short_circuit_operator
[2025-06-17T05:01:30.369+0000] {logging_mixin.py:190} INFO - [2025-06-17T05:01:30.369+0000] {override.py:1912} INFO - Created Permission View: menu access on DAG Run:example_short_circuit_operator
[2025-06-17T05:01:30.375+0000] {logging_mixin.py:190} INFO - [2025-06-17T05:01:30.375+0000] {override.py:1912} INFO - Created Permission View: can create on DAG Run:example_short_circuit_operator
[2025-06-17T05:01:30.383+0000] {logging_mixin.py:190} INFO - [2025-06-17T05:01:30.382+0000] {override.py:1912} INFO - Created Permission View: can read on DAG Run:example_short_circuit_operator
[2025-06-17T05:01:30.389+0000] {logging_mixin.py:190} INFO - [2025-06-17T05:01:30.389+0000] {override.py:1912} INFO - Created Permission View: can delete on DAG Run:example_short_circuit_operator
[2025-06-17T05:01:30.389+0000] {logging_mixin.py:190} INFO - [2025-06-17T05:01:30.389+0000] {dag.py:3239} INFO - Sync 1 DAGs
[2025-06-17T05:01:30.402+0000] {logging_mixin.py:190} INFO - [2025-06-17T05:01:30.401+0000] {dag.py:3262} INFO - Creating ORM DAG for example_short_circuit_operator
[2025-06-17T05:01:30.402+0000] {logging_mixin.py:190} INFO - [2025-06-17T05:01:30.402+0000] {dag.py:4180} INFO - Setting next_dagrun for example_short_circuit_operator to None, run_after=None
[2025-06-17T05:01:30.416+0000] {processor.py:208} INFO - Processing /home/airflow/.local/lib/python3.12/site-packages/airflow/example_dags/example_short_circuit_operator.py took 0.178 seconds
[2025-06-17T05:02:00.517+0000] {processor.py:186} INFO - Started process (PID=166) to work on /home/airflow/.local/lib/python3.12/site-packages/airflow/example_dags/example_short_circuit_operator.py
[2025-06-17T05:02:00.517+0000] {processor.py:914} INFO - Processing file /home/airflow/.local/lib/python3.12/site-packages/airflow/example_dags/example_short_circuit_operator.py for tasks to queue
[2025-06-17T05:02:00.519+0000] {logging_mixin.py:190} INFO - [2025-06-17T05:02:00.518+0000] {dagbag.py:588} INFO - Filling up the DagBag from /home/airflow/.local/lib/python3.12/site-packages/airflow/example_dags/example_short_circuit_operator.py
[2025-06-17T05:02:00.526+0000] {processor.py:925} INFO - DAG(s) 'example_short_circuit_operator' retrieved from /home/airflow/.local/lib/python3.12/site-packages/airflow/example_dags/example_short_circuit_operator.py
[2025-06-17T05:02:00.544+0000] {logging_mixin.py:190} INFO - [2025-06-17T05:02:00.544+0000] {dag.py:3239} INFO - Sync 1 DAGs
[2025-06-17T05:02:00.558+0000] {logging_mixin.py:190} INFO - [2025-06-17T05:02:00.558+0000] {dag.py:4180} INFO - Setting next_dagrun for example_short_circuit_operator to None, run_after=None
[2025-06-17T05:02:00.576+0000] {processor.py:208} INFO - Processing /home/airflow/.local/lib/python3.12/site-packages/airflow/example_dags/example_short_circuit_operator.py took 0.064 seconds
[2025-06-17T05:02:31.193+0000] {processor.py:186} INFO - Started process (PID=229) to work on /home/airflow/.local/lib/python3.12/site-packages/airflow/example_dags/example_short_circuit_operator.py
[2025-06-17T05:02:31.194+0000] {processor.py:914} INFO - Processing file /home/airflow/.local/lib/python3.12/site-packages/airflow/example_dags/example_short_circuit_operator.py for tasks to queue
[2025-06-17T05:02:31.195+0000] {logging_mixin.py:190} INFO - [2025-06-17T05:02:31.195+0000] {dagbag.py:588} INFO - Filling up the DagBag from /home/airflow/.local/lib/python3.12/site-packages/airflow/example_dags/example_short_circuit_operator.py
[2025-06-17T05:02:31.202+0000] {processor.py:925} INFO - DAG(s) 'example_short_circuit_operator' retrieved from /home/airflow/.local/lib/python3.12/site-packages/airflow/example_dags/example_short_circuit_operator.py
[2025-06-17T05:02:31.219+0000] {logging_mixin.py:190} INFO - [2025-06-17T05:02:31.219+0000] {dag.py:3239} INFO - Sync 1 DAGs
[2025-06-17T05:02:31.230+0000] {logging_mixin.py:190} INFO - [2025-06-17T05:02:31.230+0000] {dag.py:4180} INFO - Setting next_dagrun for example_short_circuit_operator to None, run_after=None
[2025-06-17T05:02:31.246+0000] {processor.py:208} INFO - Processing /home/airflow/.local/lib/python3.12/site-packages/airflow/example_dags/example_short_circuit_operator.py took 0.057 seconds
[2025-06-17T05:06:07.915+0000] {processor.py:186} INFO - Started process (PID=105) to work on /home/airflow/.local/lib/python3.12/site-packages/airflow/example_dags/example_short_circuit_operator.py
[2025-06-17T05:06:07.916+0000] {processor.py:914} INFO - Processing file /home/airflow/.local/lib/python3.12/site-packages/airflow/example_dags/example_short_circuit_operator.py for tasks to queue
[2025-06-17T05:06:07.917+0000] {logging_mixin.py:190} INFO - [2025-06-17T05:06:07.917+0000] {dagbag.py:588} INFO - Filling up the DagBag from /home/airflow/.local/lib/python3.12/site-packages/airflow/example_dags/example_short_circuit_operator.py
[2025-06-17T05:06:07.924+0000] {processor.py:925} INFO - DAG(s) 'example_short_circuit_operator' retrieved from /home/airflow/.local/lib/python3.12/site-packages/airflow/example_dags/example_short_circuit_operator.py
[2025-06-17T05:06:07.943+0000] {logging_mixin.py:190} INFO - [2025-06-17T05:06:07.943+0000] {dag.py:3239} INFO - Sync 1 DAGs
[2025-06-17T05:06:07.955+0000] {logging_mixin.py:190} INFO - [2025-06-17T05:06:07.955+0000] {dag.py:4180} INFO - Setting next_dagrun for example_short_circuit_operator to None, run_after=None
[2025-06-17T05:06:07.972+0000] {processor.py:208} INFO - Processing /home/airflow/.local/lib/python3.12/site-packages/airflow/example_dags/example_short_circuit_operator.py took 0.062 seconds
[2025-06-17T05:06:39.063+0000] {processor.py:186} INFO - Started process (PID=168) to work on /home/airflow/.local/lib/python3.12/site-packages/airflow/example_dags/example_short_circuit_operator.py
[2025-06-17T05:06:39.063+0000] {processor.py:914} INFO - Processing file /home/airflow/.local/lib/python3.12/site-packages/airflow/example_dags/example_short_circuit_operator.py for tasks to queue
[2025-06-17T05:06:39.064+0000] {logging_mixin.py:190} INFO - [2025-06-17T05:06:39.064+0000] {dagbag.py:588} INFO - Filling up the DagBag from /home/airflow/.local/lib/python3.12/site-packages/airflow/example_dags/example_short_circuit_operator.py
[2025-06-17T05:06:39.072+0000] {processor.py:925} INFO - DAG(s) 'example_short_circuit_operator' retrieved from /home/airflow/.local/lib/python3.12/site-packages/airflow/example_dags/example_short_circuit_operator.py
[2025-06-17T05:06:39.089+0000] {logging_mixin.py:190} INFO - [2025-06-17T05:06:39.089+0000] {dag.py:3239} INFO - Sync 1 DAGs
[2025-06-17T05:06:39.100+0000] {logging_mixin.py:190} INFO - [2025-06-17T05:06:39.100+0000] {dag.py:4180} INFO - Setting next_dagrun for example_short_circuit_operator to None, run_after=None
[2025-06-17T05:06:39.113+0000] {processor.py:208} INFO - Processing /home/airflow/.local/lib/python3.12/site-packages/airflow/example_dags/example_short_circuit_operator.py took 0.055 seconds
[2025-06-17T05:09:02.542+0000] {processor.py:186} INFO - Started process (PID=103) to work on /home/airflow/.local/lib/python3.12/site-packages/airflow/example_dags/example_short_circuit_operator.py
[2025-06-17T05:09:02.543+0000] {processor.py:914} INFO - Processing file /home/airflow/.local/lib/python3.12/site-packages/airflow/example_dags/example_short_circuit_operator.py for tasks to queue
[2025-06-17T05:09:02.543+0000] {logging_mixin.py:190} INFO - [2025-06-17T05:09:02.543+0000] {dagbag.py:588} INFO - Filling up the DagBag from /home/airflow/.local/lib/python3.12/site-packages/airflow/example_dags/example_short_circuit_operator.py
[2025-06-17T05:09:02.550+0000] {processor.py:925} INFO - DAG(s) 'example_short_circuit_operator' retrieved from /home/airflow/.local/lib/python3.12/site-packages/airflow/example_dags/example_short_circuit_operator.py
[2025-06-17T05:09:02.567+0000] {logging_mixin.py:190} INFO - [2025-06-17T05:09:02.567+0000] {dag.py:3239} INFO - Sync 1 DAGs
[2025-06-17T05:09:02.580+0000] {logging_mixin.py:190} INFO - [2025-06-17T05:09:02.580+0000] {dag.py:4180} INFO - Setting next_dagrun for example_short_circuit_operator to None, run_after=None
[2025-06-17T05:09:02.601+0000] {processor.py:208} INFO - Processing /home/airflow/.local/lib/python3.12/site-packages/airflow/example_dags/example_short_circuit_operator.py took 0.063 seconds
[2025-06-17T05:09:33.301+0000] {processor.py:186} INFO - Started process (PID=166) to work on /home/airflow/.local/lib/python3.12/site-packages/airflow/example_dags/example_short_circuit_operator.py
[2025-06-17T05:09:33.302+0000] {processor.py:914} INFO - Processing file /home/airflow/.local/lib/python3.12/site-packages/airflow/example_dags/example_short_circuit_operator.py for tasks to queue
[2025-06-17T05:09:33.303+0000] {logging_mixin.py:190} INFO - [2025-06-17T05:09:33.303+0000] {dagbag.py:588} INFO - Filling up the DagBag from /home/airflow/.local/lib/python3.12/site-packages/airflow/example_dags/example_short_circuit_operator.py
[2025-06-17T05:09:33.309+0000] {processor.py:925} INFO - DAG(s) 'example_short_circuit_operator' retrieved from /home/airflow/.local/lib/python3.12/site-packages/airflow/example_dags/example_short_circuit_operator.py
[2025-06-17T05:09:33.328+0000] {logging_mixin.py:190} INFO - [2025-06-17T05:09:33.327+0000] {dag.py:3239} INFO - Sync 1 DAGs
[2025-06-17T05:09:33.339+0000] {logging_mixin.py:190} INFO - [2025-06-17T05:09:33.339+0000] {dag.py:4180} INFO - Setting next_dagrun for example_short_circuit_operator to None, run_after=None
[2025-06-17T05:09:33.353+0000] {processor.py:208} INFO - Processing /home/airflow/.local/lib/python3.12/site-packages/airflow/example_dags/example_short_circuit_operator.py took 0.057 seconds
[2025-06-17T05:10:03.522+0000] {processor.py:186} INFO - Started process (PID=229) to work on /home/airflow/.local/lib/python3.12/site-packages/airflow/example_dags/example_short_circuit_operator.py
[2025-06-17T05:10:03.522+0000] {processor.py:914} INFO - Processing file /home/airflow/.local/lib/python3.12/site-packages/airflow/example_dags/example_short_circuit_operator.py for tasks to queue
[2025-06-17T05:10:03.523+0000] {logging_mixin.py:190} INFO - [2025-06-17T05:10:03.523+0000] {dagbag.py:588} INFO - Filling up the DagBag from /home/airflow/.local/lib/python3.12/site-packages/airflow/example_dags/example_short_circuit_operator.py
[2025-06-17T05:10:03.530+0000] {processor.py:925} INFO - DAG(s) 'example_short_circuit_operator' retrieved from /home/airflow/.local/lib/python3.12/site-packages/airflow/example_dags/example_short_circuit_operator.py
[2025-06-17T05:10:03.546+0000] {logging_mixin.py:190} INFO - [2025-06-17T05:10:03.546+0000] {dag.py:3239} INFO - Sync 1 DAGs
[2025-06-17T05:10:03.557+0000] {logging_mixin.py:190} INFO - [2025-06-17T05:10:03.556+0000] {dag.py:4180} INFO - Setting next_dagrun for example_short_circuit_operator to None, run_after=None
[2025-06-17T05:10:03.571+0000] {processor.py:208} INFO - Processing /home/airflow/.local/lib/python3.12/site-packages/airflow/example_dags/example_short_circuit_operator.py took 0.053 seconds
[2025-06-17T05:10:34.705+0000] {processor.py:186} INFO - Started process (PID=291) to work on /home/airflow/.local/lib/python3.12/site-packages/airflow/example_dags/example_short_circuit_operator.py
[2025-06-17T05:10:34.706+0000] {processor.py:914} INFO - Processing file /home/airflow/.local/lib/python3.12/site-packages/airflow/example_dags/example_short_circuit_operator.py for tasks to queue
[2025-06-17T05:10:34.707+0000] {logging_mixin.py:190} INFO - [2025-06-17T05:10:34.706+0000] {dagbag.py:588} INFO - Filling up the DagBag from /home/airflow/.local/lib/python3.12/site-packages/airflow/example_dags/example_short_circuit_operator.py
[2025-06-17T05:10:34.716+0000] {processor.py:925} INFO - DAG(s) 'example_short_circuit_operator' retrieved from /home/airflow/.local/lib/python3.12/site-packages/airflow/example_dags/example_short_circuit_operator.py
[2025-06-17T05:10:34.732+0000] {logging_mixin.py:190} INFO - [2025-06-17T05:10:34.732+0000] {dag.py:3239} INFO - Sync 1 DAGs
[2025-06-17T05:10:34.743+0000] {logging_mixin.py:190} INFO - [2025-06-17T05:10:34.743+0000] {dag.py:4180} INFO - Setting next_dagrun for example_short_circuit_operator to None, run_after=None
[2025-06-17T05:10:34.756+0000] {processor.py:208} INFO - Processing /home/airflow/.local/lib/python3.12/site-packages/airflow/example_dags/example_short_circuit_operator.py took 0.056 seconds
[2025-06-17T05:11:05.402+0000] {processor.py:186} INFO - Started process (PID=354) to work on /home/airflow/.local/lib/python3.12/site-packages/airflow/example_dags/example_short_circuit_operator.py
[2025-06-17T05:11:05.402+0000] {processor.py:914} INFO - Processing file /home/airflow/.local/lib/python3.12/site-packages/airflow/example_dags/example_short_circuit_operator.py for tasks to queue
[2025-06-17T05:11:05.404+0000] {logging_mixin.py:190} INFO - [2025-06-17T05:11:05.403+0000] {dagbag.py:588} INFO - Filling up the DagBag from /home/airflow/.local/lib/python3.12/site-packages/airflow/example_dags/example_short_circuit_operator.py
[2025-06-17T05:11:05.410+0000] {processor.py:925} INFO - DAG(s) 'example_short_circuit_operator' retrieved from /home/airflow/.local/lib/python3.12/site-packages/airflow/example_dags/example_short_circuit_operator.py
[2025-06-17T05:11:05.427+0000] {logging_mixin.py:190} INFO - [2025-06-17T05:11:05.427+0000] {dag.py:3239} INFO - Sync 1 DAGs
[2025-06-17T05:11:05.441+0000] {logging_mixin.py:190} INFO - [2025-06-17T05:11:05.440+0000] {dag.py:4180} INFO - Setting next_dagrun for example_short_circuit_operator to None, run_after=None
[2025-06-17T05:11:05.455+0000] {processor.py:208} INFO - Processing /home/airflow/.local/lib/python3.12/site-packages/airflow/example_dags/example_short_circuit_operator.py took 0.058 seconds
[2025-06-17T05:11:36.220+0000] {processor.py:186} INFO - Started process (PID=417) to work on /home/airflow/.local/lib/python3.12/site-packages/airflow/example_dags/example_short_circuit_operator.py
[2025-06-17T05:11:36.221+0000] {processor.py:914} INFO - Processing file /home/airflow/.local/lib/python3.12/site-packages/airflow/example_dags/example_short_circuit_operator.py for tasks to queue
[2025-06-17T05:11:36.222+0000] {logging_mixin.py:190} INFO - [2025-06-17T05:11:36.222+0000] {dagbag.py:588} INFO - Filling up the DagBag from /home/airflow/.local/lib/python3.12/site-packages/airflow/example_dags/example_short_circuit_operator.py
[2025-06-17T05:11:36.228+0000] {processor.py:925} INFO - DAG(s) 'example_short_circuit_operator' retrieved from /home/airflow/.local/lib/python3.12/site-packages/airflow/example_dags/example_short_circuit_operator.py
[2025-06-17T05:11:36.245+0000] {logging_mixin.py:190} INFO - [2025-06-17T05:11:36.245+0000] {dag.py:3239} INFO - Sync 1 DAGs
[2025-06-17T05:11:36.257+0000] {logging_mixin.py:190} INFO - [2025-06-17T05:11:36.257+0000] {dag.py:4180} INFO - Setting next_dagrun for example_short_circuit_operator to None, run_after=None
[2025-06-17T05:11:36.271+0000] {processor.py:208} INFO - Processing /home/airflow/.local/lib/python3.12/site-packages/airflow/example_dags/example_short_circuit_operator.py took 0.056 seconds
[2025-06-17T05:12:07.118+0000] {processor.py:186} INFO - Started process (PID=480) to work on /home/airflow/.local/lib/python3.12/site-packages/airflow/example_dags/example_short_circuit_operator.py
[2025-06-17T05:12:07.118+0000] {processor.py:914} INFO - Processing file /home/airflow/.local/lib/python3.12/site-packages/airflow/example_dags/example_short_circuit_operator.py for tasks to queue
[2025-06-17T05:12:07.119+0000] {logging_mixin.py:190} INFO - [2025-06-17T05:12:07.119+0000] {dagbag.py:588} INFO - Filling up the DagBag from /home/airflow/.local/lib/python3.12/site-packages/airflow/example_dags/example_short_circuit_operator.py
[2025-06-17T05:12:07.128+0000] {processor.py:925} INFO - DAG(s) 'example_short_circuit_operator' retrieved from /home/airflow/.local/lib/python3.12/site-packages/airflow/example_dags/example_short_circuit_operator.py
[2025-06-17T05:12:07.145+0000] {logging_mixin.py:190} INFO - [2025-06-17T05:12:07.145+0000] {dag.py:3239} INFO - Sync 1 DAGs
[2025-06-17T05:12:07.156+0000] {logging_mixin.py:190} INFO - [2025-06-17T05:12:07.155+0000] {dag.py:4180} INFO - Setting next_dagrun for example_short_circuit_operator to None, run_after=None
[2025-06-17T05:12:07.171+0000] {processor.py:208} INFO - Processing /home/airflow/.local/lib/python3.12/site-packages/airflow/example_dags/example_short_circuit_operator.py took 0.059 seconds
[2025-06-17T05:12:37.674+0000] {processor.py:186} INFO - Started process (PID=543) to work on /home/airflow/.local/lib/python3.12/site-packages/airflow/example_dags/example_short_circuit_operator.py
[2025-06-17T05:12:37.674+0000] {processor.py:914} INFO - Processing file /home/airflow/.local/lib/python3.12/site-packages/airflow/example_dags/example_short_circuit_operator.py for tasks to queue
[2025-06-17T05:12:37.675+0000] {logging_mixin.py:190} INFO - [2025-06-17T05:12:37.675+0000] {dagbag.py:588} INFO - Filling up the DagBag from /home/airflow/.local/lib/python3.12/site-packages/airflow/example_dags/example_short_circuit_operator.py
[2025-06-17T05:12:37.682+0000] {processor.py:925} INFO - DAG(s) 'example_short_circuit_operator' retrieved from /home/airflow/.local/lib/python3.12/site-packages/airflow/example_dags/example_short_circuit_operator.py
[2025-06-17T05:12:37.699+0000] {logging_mixin.py:190} INFO - [2025-06-17T05:12:37.699+0000] {dag.py:3239} INFO - Sync 1 DAGs
[2025-06-17T05:12:37.711+0000] {logging_mixin.py:190} INFO - [2025-06-17T05:12:37.711+0000] {dag.py:4180} INFO - Setting next_dagrun for example_short_circuit_operator to None, run_after=None
[2025-06-17T05:12:37.726+0000] {processor.py:208} INFO - Processing /home/airflow/.local/lib/python3.12/site-packages/airflow/example_dags/example_short_circuit_operator.py took 0.056 seconds
[2025-06-17T05:13:08.389+0000] {processor.py:186} INFO - Started process (PID=606) to work on /home/airflow/.local/lib/python3.12/site-packages/airflow/example_dags/example_short_circuit_operator.py
[2025-06-17T05:13:08.389+0000] {processor.py:914} INFO - Processing file /home/airflow/.local/lib/python3.12/site-packages/airflow/example_dags/example_short_circuit_operator.py for tasks to queue
[2025-06-17T05:13:08.391+0000] {logging_mixin.py:190} INFO - [2025-06-17T05:13:08.390+0000] {dagbag.py:588} INFO - Filling up the DagBag from /home/airflow/.local/lib/python3.12/site-packages/airflow/example_dags/example_short_circuit_operator.py
[2025-06-17T05:13:08.397+0000] {processor.py:925} INFO - DAG(s) 'example_short_circuit_operator' retrieved from /home/airflow/.local/lib/python3.12/site-packages/airflow/example_dags/example_short_circuit_operator.py
[2025-06-17T05:13:08.414+0000] {logging_mixin.py:190} INFO - [2025-06-17T05:13:08.414+0000] {dag.py:3239} INFO - Sync 1 DAGs
[2025-06-17T05:13:08.425+0000] {logging_mixin.py:190} INFO - [2025-06-17T05:13:08.425+0000] {dag.py:4180} INFO - Setting next_dagrun for example_short_circuit_operator to None, run_after=None
[2025-06-17T05:13:08.440+0000] {processor.py:208} INFO - Processing /home/airflow/.local/lib/python3.12/site-packages/airflow/example_dags/example_short_circuit_operator.py took 0.056 seconds
[2025-06-17T05:13:38.931+0000] {processor.py:186} INFO - Started process (PID=670) to work on /home/airflow/.local/lib/python3.12/site-packages/airflow/example_dags/example_short_circuit_operator.py
[2025-06-17T05:13:38.931+0000] {processor.py:914} INFO - Processing file /home/airflow/.local/lib/python3.12/site-packages/airflow/example_dags/example_short_circuit_operator.py for tasks to queue
[2025-06-17T05:13:38.932+0000] {logging_mixin.py:190} INFO - [2025-06-17T05:13:38.932+0000] {dagbag.py:588} INFO - Filling up the DagBag from /home/airflow/.local/lib/python3.12/site-packages/airflow/example_dags/example_short_circuit_operator.py
[2025-06-17T05:13:38.939+0000] {processor.py:925} INFO - DAG(s) 'example_short_circuit_operator' retrieved from /home/airflow/.local/lib/python3.12/site-packages/airflow/example_dags/example_short_circuit_operator.py
[2025-06-17T05:13:38.956+0000] {logging_mixin.py:190} INFO - [2025-06-17T05:13:38.955+0000] {dag.py:3239} INFO - Sync 1 DAGs
[2025-06-17T05:13:38.966+0000] {logging_mixin.py:190} INFO - [2025-06-17T05:13:38.966+0000] {dag.py:4180} INFO - Setting next_dagrun for example_short_circuit_operator to None, run_after=None
[2025-06-17T05:13:38.980+0000] {processor.py:208} INFO - Processing /home/airflow/.local/lib/python3.12/site-packages/airflow/example_dags/example_short_circuit_operator.py took 0.054 seconds
[2025-06-17T05:14:09.768+0000] {processor.py:186} INFO - Started process (PID=733) to work on /home/airflow/.local/lib/python3.12/site-packages/airflow/example_dags/example_short_circuit_operator.py
[2025-06-17T05:14:09.769+0000] {processor.py:914} INFO - Processing file /home/airflow/.local/lib/python3.12/site-packages/airflow/example_dags/example_short_circuit_operator.py for tasks to queue
[2025-06-17T05:14:09.770+0000] {logging_mixin.py:190} INFO - [2025-06-17T05:14:09.770+0000] {dagbag.py:588} INFO - Filling up the DagBag from /home/airflow/.local/lib/python3.12/site-packages/airflow/example_dags/example_short_circuit_operator.py
[2025-06-17T05:14:09.777+0000] {processor.py:925} INFO - DAG(s) 'example_short_circuit_operator' retrieved from /home/airflow/.local/lib/python3.12/site-packages/airflow/example_dags/example_short_circuit_operator.py
[2025-06-17T05:14:09.795+0000] {logging_mixin.py:190} INFO - [2025-06-17T05:14:09.794+0000] {dag.py:3239} INFO - Sync 1 DAGs
[2025-06-17T05:14:09.806+0000] {logging_mixin.py:190} INFO - [2025-06-17T05:14:09.806+0000] {dag.py:4180} INFO - Setting next_dagrun for example_short_circuit_operator to None, run_after=None
[2025-06-17T05:14:09.821+0000] {processor.py:208} INFO - Processing /home/airflow/.local/lib/python3.12/site-packages/airflow/example_dags/example_short_circuit_operator.py took 0.058 seconds
[2025-06-17T05:17:49.921+0000] {processor.py:186} INFO - Started process (PID=104) to work on /home/airflow/.local/lib/python3.12/site-packages/airflow/example_dags/example_short_circuit_operator.py
[2025-06-17T05:17:49.921+0000] {processor.py:914} INFO - Processing file /home/airflow/.local/lib/python3.12/site-packages/airflow/example_dags/example_short_circuit_operator.py for tasks to queue
[2025-06-17T05:17:49.922+0000] {logging_mixin.py:190} INFO - [2025-06-17T05:17:49.922+0000] {dagbag.py:588} INFO - Filling up the DagBag from /home/airflow/.local/lib/python3.12/site-packages/airflow/example_dags/example_short_circuit_operator.py
[2025-06-17T05:17:49.931+0000] {processor.py:925} INFO - DAG(s) 'example_short_circuit_operator' retrieved from /home/airflow/.local/lib/python3.12/site-packages/airflow/example_dags/example_short_circuit_operator.py
[2025-06-17T05:17:50.023+0000] {logging_mixin.py:190} INFO - [2025-06-17T05:17:50.022+0000] {override.py:1912} INFO - Created Permission View: can read on DAG:example_short_circuit_operator
[2025-06-17T05:17:50.031+0000] {logging_mixin.py:190} INFO - [2025-06-17T05:17:50.031+0000] {override.py:1912} INFO - Created Permission View: can delete on DAG:example_short_circuit_operator
[2025-06-17T05:17:50.037+0000] {logging_mixin.py:190} INFO - [2025-06-17T05:17:50.036+0000] {override.py:1912} INFO - Created Permission View: can edit on DAG:example_short_circuit_operator
[2025-06-17T05:17:50.044+0000] {logging_mixin.py:190} INFO - [2025-06-17T05:17:50.044+0000] {override.py:1912} INFO - Created Permission View: can read on DAG Run:example_short_circuit_operator
[2025-06-17T05:17:50.049+0000] {logging_mixin.py:190} INFO - [2025-06-17T05:17:50.049+0000] {override.py:1912} INFO - Created Permission View: can delete on DAG Run:example_short_circuit_operator
[2025-06-17T05:17:50.055+0000] {logging_mixin.py:190} INFO - [2025-06-17T05:17:50.055+0000] {override.py:1912} INFO - Created Permission View: menu access on DAG Run:example_short_circuit_operator
[2025-06-17T05:17:50.062+0000] {logging_mixin.py:190} INFO - [2025-06-17T05:17:50.061+0000] {override.py:1912} INFO - Created Permission View: can create on DAG Run:example_short_circuit_operator
[2025-06-17T05:17:50.062+0000] {logging_mixin.py:190} INFO - [2025-06-17T05:17:50.062+0000] {dag.py:3239} INFO - Sync 1 DAGs
[2025-06-17T05:17:50.073+0000] {logging_mixin.py:190} INFO - [2025-06-17T05:17:50.073+0000] {dag.py:3262} INFO - Creating ORM DAG for example_short_circuit_operator
[2025-06-17T05:17:50.074+0000] {logging_mixin.py:190} INFO - [2025-06-17T05:17:50.074+0000] {dag.py:4180} INFO - Setting next_dagrun for example_short_circuit_operator to None, run_after=None
[2025-06-17T05:17:50.087+0000] {processor.py:208} INFO - Processing /home/airflow/.local/lib/python3.12/site-packages/airflow/example_dags/example_short_circuit_operator.py took 0.171 seconds
[2025-06-17T05:19:16.894+0000] {processor.py:186} INFO - Started process (PID=104) to work on /home/airflow/.local/lib/python3.12/site-packages/airflow/example_dags/example_short_circuit_operator.py
[2025-06-17T05:19:16.894+0000] {processor.py:914} INFO - Processing file /home/airflow/.local/lib/python3.12/site-packages/airflow/example_dags/example_short_circuit_operator.py for tasks to queue
[2025-06-17T05:19:16.895+0000] {logging_mixin.py:190} INFO - [2025-06-17T05:19:16.895+0000] {dagbag.py:588} INFO - Filling up the DagBag from /home/airflow/.local/lib/python3.12/site-packages/airflow/example_dags/example_short_circuit_operator.py
[2025-06-17T05:19:16.902+0000] {processor.py:925} INFO - DAG(s) 'example_short_circuit_operator' retrieved from /home/airflow/.local/lib/python3.12/site-packages/airflow/example_dags/example_short_circuit_operator.py
[2025-06-17T05:19:16.920+0000] {logging_mixin.py:190} INFO - [2025-06-17T05:19:16.919+0000] {dag.py:3239} INFO - Sync 1 DAGs
[2025-06-17T05:19:16.932+0000] {logging_mixin.py:190} INFO - [2025-06-17T05:19:16.931+0000] {dag.py:4180} INFO - Setting next_dagrun for example_short_circuit_operator to None, run_after=None
[2025-06-17T05:19:16.947+0000] {processor.py:208} INFO - Processing /home/airflow/.local/lib/python3.12/site-packages/airflow/example_dags/example_short_circuit_operator.py took 0.058 seconds
[2025-06-17T05:19:47.794+0000] {processor.py:186} INFO - Started process (PID=167) to work on /home/airflow/.local/lib/python3.12/site-packages/airflow/example_dags/example_short_circuit_operator.py
[2025-06-17T05:19:47.795+0000] {processor.py:914} INFO - Processing file /home/airflow/.local/lib/python3.12/site-packages/airflow/example_dags/example_short_circuit_operator.py for tasks to queue
[2025-06-17T05:19:47.796+0000] {logging_mixin.py:190} INFO - [2025-06-17T05:19:47.795+0000] {dagbag.py:588} INFO - Filling up the DagBag from /home/airflow/.local/lib/python3.12/site-packages/airflow/example_dags/example_short_circuit_operator.py
[2025-06-17T05:19:47.804+0000] {processor.py:925} INFO - DAG(s) 'example_short_circuit_operator' retrieved from /home/airflow/.local/lib/python3.12/site-packages/airflow/example_dags/example_short_circuit_operator.py
[2025-06-17T05:19:47.822+0000] {logging_mixin.py:190} INFO - [2025-06-17T05:19:47.822+0000] {dag.py:3239} INFO - Sync 1 DAGs
[2025-06-17T05:19:47.834+0000] {logging_mixin.py:190} INFO - [2025-06-17T05:19:47.834+0000] {dag.py:4180} INFO - Setting next_dagrun for example_short_circuit_operator to None, run_after=None
[2025-06-17T05:19:47.852+0000] {processor.py:208} INFO - Processing /home/airflow/.local/lib/python3.12/site-packages/airflow/example_dags/example_short_circuit_operator.py took 0.062 seconds
[2025-06-17T05:21:35.726+0000] {processor.py:186} INFO - Started process (PID=104) to work on /home/airflow/.local/lib/python3.12/site-packages/airflow/example_dags/example_short_circuit_operator.py
[2025-06-17T05:21:35.727+0000] {processor.py:914} INFO - Processing file /home/airflow/.local/lib/python3.12/site-packages/airflow/example_dags/example_short_circuit_operator.py for tasks to queue
[2025-06-17T05:21:35.728+0000] {logging_mixin.py:190} INFO - [2025-06-17T05:21:35.728+0000] {dagbag.py:588} INFO - Filling up the DagBag from /home/airflow/.local/lib/python3.12/site-packages/airflow/example_dags/example_short_circuit_operator.py
[2025-06-17T05:21:35.736+0000] {processor.py:925} INFO - DAG(s) 'example_short_circuit_operator' retrieved from /home/airflow/.local/lib/python3.12/site-packages/airflow/example_dags/example_short_circuit_operator.py
[2025-06-17T05:21:35.754+0000] {logging_mixin.py:190} INFO - [2025-06-17T05:21:35.753+0000] {dag.py:3239} INFO - Sync 1 DAGs
[2025-06-17T05:21:35.767+0000] {logging_mixin.py:190} INFO - [2025-06-17T05:21:35.767+0000] {dag.py:4180} INFO - Setting next_dagrun for example_short_circuit_operator to None, run_after=None
[2025-06-17T05:21:35.784+0000] {processor.py:208} INFO - Processing /home/airflow/.local/lib/python3.12/site-packages/airflow/example_dags/example_short_circuit_operator.py took 0.062 seconds
[2025-06-17T05:22:06.706+0000] {processor.py:186} INFO - Started process (PID=167) to work on /home/airflow/.local/lib/python3.12/site-packages/airflow/example_dags/example_short_circuit_operator.py
[2025-06-17T05:22:06.707+0000] {processor.py:914} INFO - Processing file /home/airflow/.local/lib/python3.12/site-packages/airflow/example_dags/example_short_circuit_operator.py for tasks to queue
[2025-06-17T05:22:06.708+0000] {logging_mixin.py:190} INFO - [2025-06-17T05:22:06.707+0000] {dagbag.py:588} INFO - Filling up the DagBag from /home/airflow/.local/lib/python3.12/site-packages/airflow/example_dags/example_short_circuit_operator.py
[2025-06-17T05:22:06.714+0000] {processor.py:925} INFO - DAG(s) 'example_short_circuit_operator' retrieved from /home/airflow/.local/lib/python3.12/site-packages/airflow/example_dags/example_short_circuit_operator.py
[2025-06-17T05:22:06.731+0000] {logging_mixin.py:190} INFO - [2025-06-17T05:22:06.731+0000] {dag.py:3239} INFO - Sync 1 DAGs
[2025-06-17T05:22:06.741+0000] {logging_mixin.py:190} INFO - [2025-06-17T05:22:06.741+0000] {dag.py:4180} INFO - Setting next_dagrun for example_short_circuit_operator to None, run_after=None
[2025-06-17T05:22:06.756+0000] {processor.py:208} INFO - Processing /home/airflow/.local/lib/python3.12/site-packages/airflow/example_dags/example_short_circuit_operator.py took 0.054 seconds
[2025-06-17T05:22:37.501+0000] {processor.py:186} INFO - Started process (PID=230) to work on /home/airflow/.local/lib/python3.12/site-packages/airflow/example_dags/example_short_circuit_operator.py
[2025-06-17T05:22:37.502+0000] {processor.py:914} INFO - Processing file /home/airflow/.local/lib/python3.12/site-packages/airflow/example_dags/example_short_circuit_operator.py for tasks to queue
[2025-06-17T05:22:37.503+0000] {logging_mixin.py:190} INFO - [2025-06-17T05:22:37.502+0000] {dagbag.py:588} INFO - Filling up the DagBag from /home/airflow/.local/lib/python3.12/site-packages/airflow/example_dags/example_short_circuit_operator.py
[2025-06-17T05:22:37.510+0000] {processor.py:925} INFO - DAG(s) 'example_short_circuit_operator' retrieved from /home/airflow/.local/lib/python3.12/site-packages/airflow/example_dags/example_short_circuit_operator.py
[2025-06-17T05:22:37.528+0000] {logging_mixin.py:190} INFO - [2025-06-17T05:22:37.528+0000] {dag.py:3239} INFO - Sync 1 DAGs
[2025-06-17T05:22:37.541+0000] {logging_mixin.py:190} INFO - [2025-06-17T05:22:37.541+0000] {dag.py:4180} INFO - Setting next_dagrun for example_short_circuit_operator to None, run_after=None
[2025-06-17T05:22:37.556+0000] {processor.py:208} INFO - Processing /home/airflow/.local/lib/python3.12/site-packages/airflow/example_dags/example_short_circuit_operator.py took 0.060 seconds
[2025-06-17T05:23:08.317+0000] {processor.py:186} INFO - Started process (PID=293) to work on /home/airflow/.local/lib/python3.12/site-packages/airflow/example_dags/example_short_circuit_operator.py
[2025-06-17T05:23:08.317+0000] {processor.py:914} INFO - Processing file /home/airflow/.local/lib/python3.12/site-packages/airflow/example_dags/example_short_circuit_operator.py for tasks to queue
[2025-06-17T05:23:08.318+0000] {logging_mixin.py:190} INFO - [2025-06-17T05:23:08.318+0000] {dagbag.py:588} INFO - Filling up the DagBag from /home/airflow/.local/lib/python3.12/site-packages/airflow/example_dags/example_short_circuit_operator.py
[2025-06-17T05:23:08.325+0000] {processor.py:925} INFO - DAG(s) 'example_short_circuit_operator' retrieved from /home/airflow/.local/lib/python3.12/site-packages/airflow/example_dags/example_short_circuit_operator.py
[2025-06-17T05:23:08.343+0000] {logging_mixin.py:190} INFO - [2025-06-17T05:23:08.343+0000] {dag.py:3239} INFO - Sync 1 DAGs
[2025-06-17T05:23:08.355+0000] {logging_mixin.py:190} INFO - [2025-06-17T05:23:08.355+0000] {dag.py:4180} INFO - Setting next_dagrun for example_short_circuit_operator to None, run_after=None
[2025-06-17T05:23:08.369+0000] {processor.py:208} INFO - Processing /home/airflow/.local/lib/python3.12/site-packages/airflow/example_dags/example_short_circuit_operator.py took 0.058 seconds
[2025-06-17T05:23:39.545+0000] {processor.py:186} INFO - Started process (PID=356) to work on /home/airflow/.local/lib/python3.12/site-packages/airflow/example_dags/example_short_circuit_operator.py
[2025-06-17T05:23:39.545+0000] {processor.py:914} INFO - Processing file /home/airflow/.local/lib/python3.12/site-packages/airflow/example_dags/example_short_circuit_operator.py for tasks to queue
[2025-06-17T05:23:39.546+0000] {logging_mixin.py:190} INFO - [2025-06-17T05:23:39.546+0000] {dagbag.py:588} INFO - Filling up the DagBag from /home/airflow/.local/lib/python3.12/site-packages/airflow/example_dags/example_short_circuit_operator.py
[2025-06-17T05:23:39.553+0000] {processor.py:925} INFO - DAG(s) 'example_short_circuit_operator' retrieved from /home/airflow/.local/lib/python3.12/site-packages/airflow/example_dags/example_short_circuit_operator.py
[2025-06-17T05:23:39.571+0000] {logging_mixin.py:190} INFO - [2025-06-17T05:23:39.570+0000] {dag.py:3239} INFO - Sync 1 DAGs
[2025-06-17T05:23:39.582+0000] {logging_mixin.py:190} INFO - [2025-06-17T05:23:39.582+0000] {dag.py:4180} INFO - Setting next_dagrun for example_short_circuit_operator to None, run_after=None
[2025-06-17T05:23:39.599+0000] {processor.py:208} INFO - Processing /home/airflow/.local/lib/python3.12/site-packages/airflow/example_dags/example_short_circuit_operator.py took 0.058 seconds
[2025-06-17T07:58:41.309+0000] {processor.py:186} INFO - Started process (PID=71) to work on /home/airflow/.local/lib/python3.12/site-packages/airflow/example_dags/example_short_circuit_operator.py
[2025-06-17T07:58:41.318+0000] {processor.py:914} INFO - Processing file /home/airflow/.local/lib/python3.12/site-packages/airflow/example_dags/example_short_circuit_operator.py for tasks to queue
[2025-06-17T07:58:41.347+0000] {logging_mixin.py:190} INFO - [2025-06-17T07:58:41.343+0000] {dagbag.py:588} INFO - Filling up the DagBag from /home/airflow/.local/lib/python3.12/site-packages/airflow/example_dags/example_short_circuit_operator.py
[2025-06-17T07:58:41.447+0000] {processor.py:925} INFO - DAG(s) 'example_short_circuit_operator' retrieved from /home/airflow/.local/lib/python3.12/site-packages/airflow/example_dags/example_short_circuit_operator.py
[2025-06-17T07:58:41.652+0000] {logging_mixin.py:190} INFO - [2025-06-17T07:58:41.651+0000] {dag.py:3239} INFO - Sync 1 DAGs
[2025-06-17T07:58:41.730+0000] {logging_mixin.py:190} INFO - [2025-06-17T07:58:41.729+0000] {dag.py:4180} INFO - Setting next_dagrun for example_short_circuit_operator to None, run_after=None
[2025-06-17T07:58:41.778+0000] {processor.py:208} INFO - Processing /home/airflow/.local/lib/python3.12/site-packages/airflow/example_dags/example_short_circuit_operator.py took 0.508 seconds
