[2025-06-17T05:01:23.609+0000] {processor.py:186} INFO - Started process (PID=58) to work on /home/airflow/.local/lib/python3.12/site-packages/airflow/example_dags/example_sensor_decorator.py
[2025-06-17T05:01:23.610+0000] {processor.py:914} INFO - Processing file /home/airflow/.local/lib/python3.12/site-packages/airflow/example_dags/example_sensor_decorator.py for tasks to queue
[2025-06-17T05:01:23.612+0000] {logging_mixin.py:190} INFO - [2025-06-17T05:01:23.611+0000] {dagbag.py:588} INFO - Filling up the DagBag from /home/airflow/.local/lib/python3.12/site-packages/airflow/example_dags/example_sensor_decorator.py
[2025-06-17T05:01:23.619+0000] {processor.py:925} INFO - DAG(s) 'example_sensor_decorator' retrieved from /home/airflow/.local/lib/python3.12/site-packages/airflow/example_dags/example_sensor_decorator.py
[2025-06-17T05:01:23.794+0000] {logging_mixin.py:190} INFO - [2025-06-17T05:01:23.792+0000] {override.py:1912} INFO - Created Permission View: can read on DAG:example_sensor_decorator
[2025-06-17T05:01:23.802+0000] {logging_mixin.py:190} INFO - [2025-06-17T05:01:23.802+0000] {override.py:1912} INFO - Created Permission View: can edit on DAG:example_sensor_decorator
[2025-06-17T05:01:23.808+0000] {logging_mixin.py:190} INFO - [2025-06-17T05:01:23.808+0000] {override.py:1912} INFO - Created Permission View: can delete on DAG:example_sensor_decorator
[2025-06-17T05:01:23.816+0000] {logging_mixin.py:190} INFO - [2025-06-17T05:01:23.816+0000] {override.py:1912} INFO - Created Permission View: menu access on DAG Run:example_sensor_decorator
[2025-06-17T05:01:23.821+0000] {logging_mixin.py:190} INFO - [2025-06-17T05:01:23.821+0000] {override.py:1912} INFO - Created Permission View: can create on DAG Run:example_sensor_decorator
[2025-06-17T05:01:23.827+0000] {logging_mixin.py:190} INFO - [2025-06-17T05:01:23.827+0000] {override.py:1912} INFO - Created Permission View: can read on DAG Run:example_sensor_decorator
[2025-06-17T05:01:23.833+0000] {logging_mixin.py:190} INFO - [2025-06-17T05:01:23.833+0000] {override.py:1912} INFO - Created Permission View: can delete on DAG Run:example_sensor_decorator
[2025-06-17T05:01:23.834+0000] {logging_mixin.py:190} INFO - [2025-06-17T05:01:23.834+0000] {dag.py:3239} INFO - Sync 1 DAGs
[2025-06-17T05:01:23.847+0000] {logging_mixin.py:190} INFO - [2025-06-17T05:01:23.847+0000] {dag.py:3262} INFO - Creating ORM DAG for example_sensor_decorator
[2025-06-17T05:01:23.848+0000] {logging_mixin.py:190} INFO - [2025-06-17T05:01:23.848+0000] {dag.py:4180} INFO - Setting next_dagrun for example_sensor_decorator to None, run_after=None
[2025-06-17T05:01:23.862+0000] {processor.py:208} INFO - Processing /home/airflow/.local/lib/python3.12/site-packages/airflow/example_dags/example_sensor_decorator.py took 0.258 seconds
[2025-06-17T05:01:54.660+0000] {processor.py:186} INFO - Started process (PID=121) to work on /home/airflow/.local/lib/python3.12/site-packages/airflow/example_dags/example_sensor_decorator.py
[2025-06-17T05:01:54.660+0000] {processor.py:914} INFO - Processing file /home/airflow/.local/lib/python3.12/site-packages/airflow/example_dags/example_sensor_decorator.py for tasks to queue
[2025-06-17T05:01:54.661+0000] {logging_mixin.py:190} INFO - [2025-06-17T05:01:54.661+0000] {dagbag.py:588} INFO - Filling up the DagBag from /home/airflow/.local/lib/python3.12/site-packages/airflow/example_dags/example_sensor_decorator.py
[2025-06-17T05:01:54.667+0000] {processor.py:925} INFO - DAG(s) 'example_sensor_decorator' retrieved from /home/airflow/.local/lib/python3.12/site-packages/airflow/example_dags/example_sensor_decorator.py
[2025-06-17T05:01:54.680+0000] {logging_mixin.py:190} INFO - [2025-06-17T05:01:54.680+0000] {dag.py:3239} INFO - Sync 1 DAGs
[2025-06-17T05:01:54.691+0000] {logging_mixin.py:190} INFO - [2025-06-17T05:01:54.691+0000] {dag.py:4180} INFO - Setting next_dagrun for example_sensor_decorator to None, run_after=None
[2025-06-17T05:01:54.705+0000] {processor.py:208} INFO - Processing /home/airflow/.local/lib/python3.12/site-packages/airflow/example_dags/example_sensor_decorator.py took 0.049 seconds
[2025-06-17T05:02:25.564+0000] {processor.py:186} INFO - Started process (PID=184) to work on /home/airflow/.local/lib/python3.12/site-packages/airflow/example_dags/example_sensor_decorator.py
[2025-06-17T05:02:25.564+0000] {processor.py:914} INFO - Processing file /home/airflow/.local/lib/python3.12/site-packages/airflow/example_dags/example_sensor_decorator.py for tasks to queue
[2025-06-17T05:02:25.565+0000] {logging_mixin.py:190} INFO - [2025-06-17T05:02:25.565+0000] {dagbag.py:588} INFO - Filling up the DagBag from /home/airflow/.local/lib/python3.12/site-packages/airflow/example_dags/example_sensor_decorator.py
[2025-06-17T05:02:25.571+0000] {processor.py:925} INFO - DAG(s) 'example_sensor_decorator' retrieved from /home/airflow/.local/lib/python3.12/site-packages/airflow/example_dags/example_sensor_decorator.py
[2025-06-17T05:02:25.586+0000] {logging_mixin.py:190} INFO - [2025-06-17T05:02:25.586+0000] {dag.py:3239} INFO - Sync 1 DAGs
[2025-06-17T05:02:25.598+0000] {logging_mixin.py:190} INFO - [2025-06-17T05:02:25.598+0000] {dag.py:4180} INFO - Setting next_dagrun for example_sensor_decorator to None, run_after=None
[2025-06-17T05:02:25.620+0000] {processor.py:208} INFO - Processing /home/airflow/.local/lib/python3.12/site-packages/airflow/example_dags/example_sensor_decorator.py took 0.060 seconds
[2025-06-17T05:06:03.755+0000] {processor.py:186} INFO - Started process (PID=60) to work on /home/airflow/.local/lib/python3.12/site-packages/airflow/example_dags/example_sensor_decorator.py
[2025-06-17T05:06:03.755+0000] {processor.py:914} INFO - Processing file /home/airflow/.local/lib/python3.12/site-packages/airflow/example_dags/example_sensor_decorator.py for tasks to queue
[2025-06-17T05:06:03.757+0000] {logging_mixin.py:190} INFO - [2025-06-17T05:06:03.756+0000] {dagbag.py:588} INFO - Filling up the DagBag from /home/airflow/.local/lib/python3.12/site-packages/airflow/example_dags/example_sensor_decorator.py
[2025-06-17T05:06:03.766+0000] {processor.py:925} INFO - DAG(s) 'example_sensor_decorator' retrieved from /home/airflow/.local/lib/python3.12/site-packages/airflow/example_dags/example_sensor_decorator.py
[2025-06-17T05:06:03.795+0000] {logging_mixin.py:190} INFO - [2025-06-17T05:06:03.795+0000] {dag.py:3239} INFO - Sync 1 DAGs
[2025-06-17T05:06:03.806+0000] {logging_mixin.py:190} INFO - [2025-06-17T05:06:03.805+0000] {dag.py:4180} INFO - Setting next_dagrun for example_sensor_decorator to None, run_after=None
[2025-06-17T05:06:03.821+0000] {processor.py:208} INFO - Processing /home/airflow/.local/lib/python3.12/site-packages/airflow/example_dags/example_sensor_decorator.py took 0.070 seconds
[2025-06-17T05:06:34.833+0000] {processor.py:186} INFO - Started process (PID=123) to work on /home/airflow/.local/lib/python3.12/site-packages/airflow/example_dags/example_sensor_decorator.py
[2025-06-17T05:06:34.834+0000] {processor.py:914} INFO - Processing file /home/airflow/.local/lib/python3.12/site-packages/airflow/example_dags/example_sensor_decorator.py for tasks to queue
[2025-06-17T05:06:34.835+0000] {logging_mixin.py:190} INFO - [2025-06-17T05:06:34.834+0000] {dagbag.py:588} INFO - Filling up the DagBag from /home/airflow/.local/lib/python3.12/site-packages/airflow/example_dags/example_sensor_decorator.py
[2025-06-17T05:06:34.843+0000] {processor.py:925} INFO - DAG(s) 'example_sensor_decorator' retrieved from /home/airflow/.local/lib/python3.12/site-packages/airflow/example_dags/example_sensor_decorator.py
[2025-06-17T05:06:34.858+0000] {logging_mixin.py:190} INFO - [2025-06-17T05:06:34.858+0000] {dag.py:3239} INFO - Sync 1 DAGs
[2025-06-17T05:06:34.870+0000] {logging_mixin.py:190} INFO - [2025-06-17T05:06:34.870+0000] {dag.py:4180} INFO - Setting next_dagrun for example_sensor_decorator to None, run_after=None
[2025-06-17T05:06:34.885+0000] {processor.py:208} INFO - Processing /home/airflow/.local/lib/python3.12/site-packages/airflow/example_dags/example_sensor_decorator.py took 0.056 seconds
[2025-06-17T05:08:57.155+0000] {processor.py:186} INFO - Started process (PID=58) to work on /home/airflow/.local/lib/python3.12/site-packages/airflow/example_dags/example_sensor_decorator.py
[2025-06-17T05:08:57.155+0000] {processor.py:914} INFO - Processing file /home/airflow/.local/lib/python3.12/site-packages/airflow/example_dags/example_sensor_decorator.py for tasks to queue
[2025-06-17T05:08:57.157+0000] {logging_mixin.py:190} INFO - [2025-06-17T05:08:57.157+0000] {dagbag.py:588} INFO - Filling up the DagBag from /home/airflow/.local/lib/python3.12/site-packages/airflow/example_dags/example_sensor_decorator.py
[2025-06-17T05:08:57.172+0000] {processor.py:925} INFO - DAG(s) 'example_sensor_decorator' retrieved from /home/airflow/.local/lib/python3.12/site-packages/airflow/example_dags/example_sensor_decorator.py
[2025-06-17T05:08:57.225+0000] {logging_mixin.py:190} INFO - [2025-06-17T05:08:57.225+0000] {dag.py:3239} INFO - Sync 1 DAGs
[2025-06-17T05:08:57.242+0000] {logging_mixin.py:190} INFO - [2025-06-17T05:08:57.242+0000] {dag.py:4180} INFO - Setting next_dagrun for example_sensor_decorator to None, run_after=None
[2025-06-17T05:08:57.266+0000] {processor.py:208} INFO - Processing /home/airflow/.local/lib/python3.12/site-packages/airflow/example_dags/example_sensor_decorator.py took 0.119 seconds
[2025-06-17T05:09:27.484+0000] {processor.py:186} INFO - Started process (PID=120) to work on /home/airflow/.local/lib/python3.12/site-packages/airflow/example_dags/example_sensor_decorator.py
[2025-06-17T05:09:27.485+0000] {processor.py:914} INFO - Processing file /home/airflow/.local/lib/python3.12/site-packages/airflow/example_dags/example_sensor_decorator.py for tasks to queue
[2025-06-17T05:09:27.487+0000] {logging_mixin.py:190} INFO - [2025-06-17T05:09:27.486+0000] {dagbag.py:588} INFO - Filling up the DagBag from /home/airflow/.local/lib/python3.12/site-packages/airflow/example_dags/example_sensor_decorator.py
[2025-06-17T05:09:27.495+0000] {processor.py:925} INFO - DAG(s) 'example_sensor_decorator' retrieved from /home/airflow/.local/lib/python3.12/site-packages/airflow/example_dags/example_sensor_decorator.py
[2025-06-17T05:09:27.517+0000] {logging_mixin.py:190} INFO - [2025-06-17T05:09:27.516+0000] {dag.py:3239} INFO - Sync 1 DAGs
[2025-06-17T05:09:27.534+0000] {logging_mixin.py:190} INFO - [2025-06-17T05:09:27.534+0000] {dag.py:4180} INFO - Setting next_dagrun for example_sensor_decorator to None, run_after=None
[2025-06-17T05:09:27.553+0000] {processor.py:208} INFO - Processing /home/airflow/.local/lib/python3.12/site-packages/airflow/example_dags/example_sensor_decorator.py took 0.075 seconds
[2025-06-17T05:09:58.107+0000] {processor.py:186} INFO - Started process (PID=190) to work on /home/airflow/.local/lib/python3.12/site-packages/airflow/example_dags/example_sensor_decorator.py
[2025-06-17T05:09:58.108+0000] {processor.py:914} INFO - Processing file /home/airflow/.local/lib/python3.12/site-packages/airflow/example_dags/example_sensor_decorator.py for tasks to queue
[2025-06-17T05:09:58.109+0000] {logging_mixin.py:190} INFO - [2025-06-17T05:09:58.109+0000] {dagbag.py:588} INFO - Filling up the DagBag from /home/airflow/.local/lib/python3.12/site-packages/airflow/example_dags/example_sensor_decorator.py
[2025-06-17T05:09:58.117+0000] {processor.py:925} INFO - DAG(s) 'example_sensor_decorator' retrieved from /home/airflow/.local/lib/python3.12/site-packages/airflow/example_dags/example_sensor_decorator.py
[2025-06-17T05:09:58.133+0000] {logging_mixin.py:190} INFO - [2025-06-17T05:09:58.133+0000] {dag.py:3239} INFO - Sync 1 DAGs
[2025-06-17T05:09:58.148+0000] {logging_mixin.py:190} INFO - [2025-06-17T05:09:58.148+0000] {dag.py:4180} INFO - Setting next_dagrun for example_sensor_decorator to None, run_after=None
[2025-06-17T05:09:58.165+0000] {processor.py:208} INFO - Processing /home/airflow/.local/lib/python3.12/site-packages/airflow/example_dags/example_sensor_decorator.py took 0.062 seconds
[2025-06-17T05:10:28.386+0000] {processor.py:186} INFO - Started process (PID=253) to work on /home/airflow/.local/lib/python3.12/site-packages/airflow/example_dags/example_sensor_decorator.py
[2025-06-17T05:10:28.386+0000] {processor.py:914} INFO - Processing file /home/airflow/.local/lib/python3.12/site-packages/airflow/example_dags/example_sensor_decorator.py for tasks to queue
[2025-06-17T05:10:28.387+0000] {logging_mixin.py:190} INFO - [2025-06-17T05:10:28.387+0000] {dagbag.py:588} INFO - Filling up the DagBag from /home/airflow/.local/lib/python3.12/site-packages/airflow/example_dags/example_sensor_decorator.py
[2025-06-17T05:10:28.393+0000] {processor.py:925} INFO - DAG(s) 'example_sensor_decorator' retrieved from /home/airflow/.local/lib/python3.12/site-packages/airflow/example_dags/example_sensor_decorator.py
[2025-06-17T05:10:28.407+0000] {logging_mixin.py:190} INFO - [2025-06-17T05:10:28.407+0000] {dag.py:3239} INFO - Sync 1 DAGs
[2025-06-17T05:10:28.419+0000] {logging_mixin.py:190} INFO - [2025-06-17T05:10:28.418+0000] {dag.py:4180} INFO - Setting next_dagrun for example_sensor_decorator to None, run_after=None
[2025-06-17T05:10:28.441+0000] {processor.py:208} INFO - Processing /home/airflow/.local/lib/python3.12/site-packages/airflow/example_dags/example_sensor_decorator.py took 0.060 seconds
[2025-06-17T05:10:58.686+0000] {processor.py:186} INFO - Started process (PID=316) to work on /home/airflow/.local/lib/python3.12/site-packages/airflow/example_dags/example_sensor_decorator.py
[2025-06-17T05:10:58.686+0000] {processor.py:914} INFO - Processing file /home/airflow/.local/lib/python3.12/site-packages/airflow/example_dags/example_sensor_decorator.py for tasks to queue
[2025-06-17T05:10:58.687+0000] {logging_mixin.py:190} INFO - [2025-06-17T05:10:58.687+0000] {dagbag.py:588} INFO - Filling up the DagBag from /home/airflow/.local/lib/python3.12/site-packages/airflow/example_dags/example_sensor_decorator.py
[2025-06-17T05:10:58.694+0000] {processor.py:925} INFO - DAG(s) 'example_sensor_decorator' retrieved from /home/airflow/.local/lib/python3.12/site-packages/airflow/example_dags/example_sensor_decorator.py
[2025-06-17T05:10:58.709+0000] {logging_mixin.py:190} INFO - [2025-06-17T05:10:58.709+0000] {dag.py:3239} INFO - Sync 1 DAGs
[2025-06-17T05:10:58.722+0000] {logging_mixin.py:190} INFO - [2025-06-17T05:10:58.722+0000] {dag.py:4180} INFO - Setting next_dagrun for example_sensor_decorator to None, run_after=None
[2025-06-17T05:10:58.736+0000] {processor.py:208} INFO - Processing /home/airflow/.local/lib/python3.12/site-packages/airflow/example_dags/example_sensor_decorator.py took 0.055 seconds
[2025-06-17T05:11:29.414+0000] {processor.py:186} INFO - Started process (PID=379) to work on /home/airflow/.local/lib/python3.12/site-packages/airflow/example_dags/example_sensor_decorator.py
[2025-06-17T05:11:29.415+0000] {processor.py:914} INFO - Processing file /home/airflow/.local/lib/python3.12/site-packages/airflow/example_dags/example_sensor_decorator.py for tasks to queue
[2025-06-17T05:11:29.416+0000] {logging_mixin.py:190} INFO - [2025-06-17T05:11:29.416+0000] {dagbag.py:588} INFO - Filling up the DagBag from /home/airflow/.local/lib/python3.12/site-packages/airflow/example_dags/example_sensor_decorator.py
[2025-06-17T05:11:29.422+0000] {processor.py:925} INFO - DAG(s) 'example_sensor_decorator' retrieved from /home/airflow/.local/lib/python3.12/site-packages/airflow/example_dags/example_sensor_decorator.py
[2025-06-17T05:11:29.437+0000] {logging_mixin.py:190} INFO - [2025-06-17T05:11:29.437+0000] {dag.py:3239} INFO - Sync 1 DAGs
[2025-06-17T05:11:29.450+0000] {logging_mixin.py:190} INFO - [2025-06-17T05:11:29.449+0000] {dag.py:4180} INFO - Setting next_dagrun for example_sensor_decorator to None, run_after=None
[2025-06-17T05:11:29.473+0000] {processor.py:208} INFO - Processing /home/airflow/.local/lib/python3.12/site-packages/airflow/example_dags/example_sensor_decorator.py took 0.063 seconds
[2025-06-17T05:12:00.474+0000] {processor.py:186} INFO - Started process (PID=442) to work on /home/airflow/.local/lib/python3.12/site-packages/airflow/example_dags/example_sensor_decorator.py
[2025-06-17T05:12:00.475+0000] {processor.py:914} INFO - Processing file /home/airflow/.local/lib/python3.12/site-packages/airflow/example_dags/example_sensor_decorator.py for tasks to queue
[2025-06-17T05:12:00.476+0000] {logging_mixin.py:190} INFO - [2025-06-17T05:12:00.476+0000] {dagbag.py:588} INFO - Filling up the DagBag from /home/airflow/.local/lib/python3.12/site-packages/airflow/example_dags/example_sensor_decorator.py
[2025-06-17T05:12:00.483+0000] {processor.py:925} INFO - DAG(s) 'example_sensor_decorator' retrieved from /home/airflow/.local/lib/python3.12/site-packages/airflow/example_dags/example_sensor_decorator.py
[2025-06-17T05:12:00.504+0000] {logging_mixin.py:190} INFO - [2025-06-17T05:12:00.504+0000] {dag.py:3239} INFO - Sync 1 DAGs
[2025-06-17T05:12:00.521+0000] {logging_mixin.py:190} INFO - [2025-06-17T05:12:00.520+0000] {dag.py:4180} INFO - Setting next_dagrun for example_sensor_decorator to None, run_after=None
[2025-06-17T05:12:00.538+0000] {processor.py:208} INFO - Processing /home/airflow/.local/lib/python3.12/site-packages/airflow/example_dags/example_sensor_decorator.py took 0.070 seconds
[2025-06-17T05:12:31.122+0000] {processor.py:186} INFO - Started process (PID=505) to work on /home/airflow/.local/lib/python3.12/site-packages/airflow/example_dags/example_sensor_decorator.py
[2025-06-17T05:12:31.122+0000] {processor.py:914} INFO - Processing file /home/airflow/.local/lib/python3.12/site-packages/airflow/example_dags/example_sensor_decorator.py for tasks to queue
[2025-06-17T05:12:31.123+0000] {logging_mixin.py:190} INFO - [2025-06-17T05:12:31.123+0000] {dagbag.py:588} INFO - Filling up the DagBag from /home/airflow/.local/lib/python3.12/site-packages/airflow/example_dags/example_sensor_decorator.py
[2025-06-17T05:12:31.129+0000] {processor.py:925} INFO - DAG(s) 'example_sensor_decorator' retrieved from /home/airflow/.local/lib/python3.12/site-packages/airflow/example_dags/example_sensor_decorator.py
[2025-06-17T05:12:31.144+0000] {logging_mixin.py:190} INFO - [2025-06-17T05:12:31.143+0000] {dag.py:3239} INFO - Sync 1 DAGs
[2025-06-17T05:12:31.155+0000] {logging_mixin.py:190} INFO - [2025-06-17T05:12:31.155+0000] {dag.py:4180} INFO - Setting next_dagrun for example_sensor_decorator to None, run_after=None
[2025-06-17T05:12:31.178+0000] {processor.py:208} INFO - Processing /home/airflow/.local/lib/python3.12/site-packages/airflow/example_dags/example_sensor_decorator.py took 0.061 seconds
[2025-06-17T05:13:01.646+0000] {processor.py:186} INFO - Started process (PID=568) to work on /home/airflow/.local/lib/python3.12/site-packages/airflow/example_dags/example_sensor_decorator.py
[2025-06-17T05:13:01.647+0000] {processor.py:914} INFO - Processing file /home/airflow/.local/lib/python3.12/site-packages/airflow/example_dags/example_sensor_decorator.py for tasks to queue
[2025-06-17T05:13:01.648+0000] {logging_mixin.py:190} INFO - [2025-06-17T05:13:01.647+0000] {dagbag.py:588} INFO - Filling up the DagBag from /home/airflow/.local/lib/python3.12/site-packages/airflow/example_dags/example_sensor_decorator.py
[2025-06-17T05:13:01.653+0000] {processor.py:925} INFO - DAG(s) 'example_sensor_decorator' retrieved from /home/airflow/.local/lib/python3.12/site-packages/airflow/example_dags/example_sensor_decorator.py
[2025-06-17T05:13:01.667+0000] {logging_mixin.py:190} INFO - [2025-06-17T05:13:01.667+0000] {dag.py:3239} INFO - Sync 1 DAGs
[2025-06-17T05:13:01.681+0000] {logging_mixin.py:190} INFO - [2025-06-17T05:13:01.681+0000] {dag.py:4180} INFO - Setting next_dagrun for example_sensor_decorator to None, run_after=None
[2025-06-17T05:13:01.697+0000] {processor.py:208} INFO - Processing /home/airflow/.local/lib/python3.12/site-packages/airflow/example_dags/example_sensor_decorator.py took 0.055 seconds
[2025-06-17T05:13:32.386+0000] {processor.py:186} INFO - Started process (PID=632) to work on /home/airflow/.local/lib/python3.12/site-packages/airflow/example_dags/example_sensor_decorator.py
[2025-06-17T05:13:32.387+0000] {processor.py:914} INFO - Processing file /home/airflow/.local/lib/python3.12/site-packages/airflow/example_dags/example_sensor_decorator.py for tasks to queue
[2025-06-17T05:13:32.388+0000] {logging_mixin.py:190} INFO - [2025-06-17T05:13:32.388+0000] {dagbag.py:588} INFO - Filling up the DagBag from /home/airflow/.local/lib/python3.12/site-packages/airflow/example_dags/example_sensor_decorator.py
[2025-06-17T05:13:32.395+0000] {processor.py:925} INFO - DAG(s) 'example_sensor_decorator' retrieved from /home/airflow/.local/lib/python3.12/site-packages/airflow/example_dags/example_sensor_decorator.py
[2025-06-17T05:13:32.410+0000] {logging_mixin.py:190} INFO - [2025-06-17T05:13:32.410+0000] {dag.py:3239} INFO - Sync 1 DAGs
[2025-06-17T05:13:32.421+0000] {logging_mixin.py:190} INFO - [2025-06-17T05:13:32.421+0000] {dag.py:4180} INFO - Setting next_dagrun for example_sensor_decorator to None, run_after=None
[2025-06-17T05:13:32.436+0000] {processor.py:208} INFO - Processing /home/airflow/.local/lib/python3.12/site-packages/airflow/example_dags/example_sensor_decorator.py took 0.053 seconds
[2025-06-17T05:14:02.981+0000] {processor.py:186} INFO - Started process (PID=695) to work on /home/airflow/.local/lib/python3.12/site-packages/airflow/example_dags/example_sensor_decorator.py
[2025-06-17T05:14:02.981+0000] {processor.py:914} INFO - Processing file /home/airflow/.local/lib/python3.12/site-packages/airflow/example_dags/example_sensor_decorator.py for tasks to queue
[2025-06-17T05:14:02.982+0000] {logging_mixin.py:190} INFO - [2025-06-17T05:14:02.982+0000] {dagbag.py:588} INFO - Filling up the DagBag from /home/airflow/.local/lib/python3.12/site-packages/airflow/example_dags/example_sensor_decorator.py
[2025-06-17T05:14:02.989+0000] {processor.py:925} INFO - DAG(s) 'example_sensor_decorator' retrieved from /home/airflow/.local/lib/python3.12/site-packages/airflow/example_dags/example_sensor_decorator.py
[2025-06-17T05:14:03.004+0000] {logging_mixin.py:190} INFO - [2025-06-17T05:14:03.004+0000] {dag.py:3239} INFO - Sync 1 DAGs
[2025-06-17T05:14:03.017+0000] {logging_mixin.py:190} INFO - [2025-06-17T05:14:03.016+0000] {dag.py:4180} INFO - Setting next_dagrun for example_sensor_decorator to None, run_after=None
[2025-06-17T05:14:03.032+0000] {processor.py:208} INFO - Processing /home/airflow/.local/lib/python3.12/site-packages/airflow/example_dags/example_sensor_decorator.py took 0.056 seconds
[2025-06-17T05:17:43.014+0000] {processor.py:186} INFO - Started process (PID=59) to work on /home/airflow/.local/lib/python3.12/site-packages/airflow/example_dags/example_sensor_decorator.py
[2025-06-17T05:17:43.015+0000] {processor.py:914} INFO - Processing file /home/airflow/.local/lib/python3.12/site-packages/airflow/example_dags/example_sensor_decorator.py for tasks to queue
[2025-06-17T05:17:43.017+0000] {logging_mixin.py:190} INFO - [2025-06-17T05:17:43.017+0000] {dagbag.py:588} INFO - Filling up the DagBag from /home/airflow/.local/lib/python3.12/site-packages/airflow/example_dags/example_sensor_decorator.py
[2025-06-17T05:17:43.034+0000] {processor.py:925} INFO - DAG(s) 'example_sensor_decorator' retrieved from /home/airflow/.local/lib/python3.12/site-packages/airflow/example_dags/example_sensor_decorator.py
[2025-06-17T05:17:43.251+0000] {logging_mixin.py:190} INFO - [2025-06-17T05:17:43.248+0000] {override.py:1912} INFO - Created Permission View: can read on DAG:example_sensor_decorator
[2025-06-17T05:17:43.262+0000] {logging_mixin.py:190} INFO - [2025-06-17T05:17:43.262+0000] {override.py:1912} INFO - Created Permission View: can delete on DAG:example_sensor_decorator
[2025-06-17T05:17:43.271+0000] {logging_mixin.py:190} INFO - [2025-06-17T05:17:43.270+0000] {override.py:1912} INFO - Created Permission View: can edit on DAG:example_sensor_decorator
[2025-06-17T05:17:43.282+0000] {logging_mixin.py:190} INFO - [2025-06-17T05:17:43.282+0000] {override.py:1912} INFO - Created Permission View: can read on DAG Run:example_sensor_decorator
[2025-06-17T05:17:43.289+0000] {logging_mixin.py:190} INFO - [2025-06-17T05:17:43.288+0000] {override.py:1912} INFO - Created Permission View: can delete on DAG Run:example_sensor_decorator
[2025-06-17T05:17:43.296+0000] {logging_mixin.py:190} INFO - [2025-06-17T05:17:43.295+0000] {override.py:1912} INFO - Created Permission View: menu access on DAG Run:example_sensor_decorator
[2025-06-17T05:17:43.303+0000] {logging_mixin.py:190} INFO - [2025-06-17T05:17:43.303+0000] {override.py:1912} INFO - Created Permission View: can create on DAG Run:example_sensor_decorator
[2025-06-17T05:17:43.304+0000] {logging_mixin.py:190} INFO - [2025-06-17T05:17:43.304+0000] {dag.py:3239} INFO - Sync 1 DAGs
[2025-06-17T05:17:43.317+0000] {logging_mixin.py:190} INFO - [2025-06-17T05:17:43.316+0000] {dag.py:3262} INFO - Creating ORM DAG for example_sensor_decorator
[2025-06-17T05:17:43.318+0000] {logging_mixin.py:190} INFO - [2025-06-17T05:17:43.317+0000] {dag.py:4180} INFO - Setting next_dagrun for example_sensor_decorator to None, run_after=None
[2025-06-17T05:17:43.336+0000] {processor.py:208} INFO - Processing /home/airflow/.local/lib/python3.12/site-packages/airflow/example_dags/example_sensor_decorator.py took 0.329 seconds
[2025-06-17T05:19:11.859+0000] {processor.py:186} INFO - Started process (PID=59) to work on /home/airflow/.local/lib/python3.12/site-packages/airflow/example_dags/example_sensor_decorator.py
[2025-06-17T05:19:11.860+0000] {processor.py:914} INFO - Processing file /home/airflow/.local/lib/python3.12/site-packages/airflow/example_dags/example_sensor_decorator.py for tasks to queue
[2025-06-17T05:19:11.861+0000] {logging_mixin.py:190} INFO - [2025-06-17T05:19:11.861+0000] {dagbag.py:588} INFO - Filling up the DagBag from /home/airflow/.local/lib/python3.12/site-packages/airflow/example_dags/example_sensor_decorator.py
[2025-06-17T05:19:11.874+0000] {processor.py:925} INFO - DAG(s) 'example_sensor_decorator' retrieved from /home/airflow/.local/lib/python3.12/site-packages/airflow/example_dags/example_sensor_decorator.py
[2025-06-17T05:19:11.913+0000] {logging_mixin.py:190} INFO - [2025-06-17T05:19:11.913+0000] {dag.py:3239} INFO - Sync 1 DAGs
[2025-06-17T05:19:11.926+0000] {logging_mixin.py:190} INFO - [2025-06-17T05:19:11.926+0000] {dag.py:4180} INFO - Setting next_dagrun for example_sensor_decorator to None, run_after=None
[2025-06-17T05:19:11.943+0000] {processor.py:208} INFO - Processing /home/airflow/.local/lib/python3.12/site-packages/airflow/example_dags/example_sensor_decorator.py took 0.089 seconds
[2025-06-17T05:19:42.774+0000] {processor.py:186} INFO - Started process (PID=122) to work on /home/airflow/.local/lib/python3.12/site-packages/airflow/example_dags/example_sensor_decorator.py
[2025-06-17T05:19:42.775+0000] {processor.py:914} INFO - Processing file /home/airflow/.local/lib/python3.12/site-packages/airflow/example_dags/example_sensor_decorator.py for tasks to queue
[2025-06-17T05:19:42.776+0000] {logging_mixin.py:190} INFO - [2025-06-17T05:19:42.775+0000] {dagbag.py:588} INFO - Filling up the DagBag from /home/airflow/.local/lib/python3.12/site-packages/airflow/example_dags/example_sensor_decorator.py
[2025-06-17T05:19:42.782+0000] {processor.py:925} INFO - DAG(s) 'example_sensor_decorator' retrieved from /home/airflow/.local/lib/python3.12/site-packages/airflow/example_dags/example_sensor_decorator.py
[2025-06-17T05:19:42.797+0000] {logging_mixin.py:190} INFO - [2025-06-17T05:19:42.797+0000] {dag.py:3239} INFO - Sync 1 DAGs
[2025-06-17T05:19:42.809+0000] {logging_mixin.py:190} INFO - [2025-06-17T05:19:42.809+0000] {dag.py:4180} INFO - Setting next_dagrun for example_sensor_decorator to None, run_after=None
[2025-06-17T05:19:42.825+0000] {processor.py:208} INFO - Processing /home/airflow/.local/lib/python3.12/site-packages/airflow/example_dags/example_sensor_decorator.py took 0.056 seconds
[2025-06-17T05:21:30.905+0000] {processor.py:186} INFO - Started process (PID=59) to work on /home/airflow/.local/lib/python3.12/site-packages/airflow/example_dags/example_sensor_decorator.py
[2025-06-17T05:21:30.906+0000] {processor.py:914} INFO - Processing file /home/airflow/.local/lib/python3.12/site-packages/airflow/example_dags/example_sensor_decorator.py for tasks to queue
[2025-06-17T05:21:30.908+0000] {logging_mixin.py:190} INFO - [2025-06-17T05:21:30.907+0000] {dagbag.py:588} INFO - Filling up the DagBag from /home/airflow/.local/lib/python3.12/site-packages/airflow/example_dags/example_sensor_decorator.py
[2025-06-17T05:21:30.919+0000] {processor.py:925} INFO - DAG(s) 'example_sensor_decorator' retrieved from /home/airflow/.local/lib/python3.12/site-packages/airflow/example_dags/example_sensor_decorator.py
[2025-06-17T05:21:30.958+0000] {logging_mixin.py:190} INFO - [2025-06-17T05:21:30.958+0000] {dag.py:3239} INFO - Sync 1 DAGs
[2025-06-17T05:21:30.973+0000] {logging_mixin.py:190} INFO - [2025-06-17T05:21:30.973+0000] {dag.py:4180} INFO - Setting next_dagrun for example_sensor_decorator to None, run_after=None
[2025-06-17T05:21:30.992+0000] {processor.py:208} INFO - Processing /home/airflow/.local/lib/python3.12/site-packages/airflow/example_dags/example_sensor_decorator.py took 0.094 seconds
[2025-06-17T05:22:01.585+0000] {processor.py:186} INFO - Started process (PID=122) to work on /home/airflow/.local/lib/python3.12/site-packages/airflow/example_dags/example_sensor_decorator.py
[2025-06-17T05:22:01.585+0000] {processor.py:914} INFO - Processing file /home/airflow/.local/lib/python3.12/site-packages/airflow/example_dags/example_sensor_decorator.py for tasks to queue
[2025-06-17T05:22:01.586+0000] {logging_mixin.py:190} INFO - [2025-06-17T05:22:01.586+0000] {dagbag.py:588} INFO - Filling up the DagBag from /home/airflow/.local/lib/python3.12/site-packages/airflow/example_dags/example_sensor_decorator.py
[2025-06-17T05:22:01.592+0000] {processor.py:925} INFO - DAG(s) 'example_sensor_decorator' retrieved from /home/airflow/.local/lib/python3.12/site-packages/airflow/example_dags/example_sensor_decorator.py
[2025-06-17T05:22:01.606+0000] {logging_mixin.py:190} INFO - [2025-06-17T05:22:01.606+0000] {dag.py:3239} INFO - Sync 1 DAGs
[2025-06-17T05:22:01.617+0000] {logging_mixin.py:190} INFO - [2025-06-17T05:22:01.617+0000] {dag.py:4180} INFO - Setting next_dagrun for example_sensor_decorator to None, run_after=None
[2025-06-17T05:22:01.636+0000] {processor.py:208} INFO - Processing /home/airflow/.local/lib/python3.12/site-packages/airflow/example_dags/example_sensor_decorator.py took 0.056 seconds
[2025-06-17T05:22:32.454+0000] {processor.py:186} INFO - Started process (PID=191) to work on /home/airflow/.local/lib/python3.12/site-packages/airflow/example_dags/example_sensor_decorator.py
[2025-06-17T05:22:32.455+0000] {processor.py:914} INFO - Processing file /home/airflow/.local/lib/python3.12/site-packages/airflow/example_dags/example_sensor_decorator.py for tasks to queue
[2025-06-17T05:22:32.456+0000] {logging_mixin.py:190} INFO - [2025-06-17T05:22:32.456+0000] {dagbag.py:588} INFO - Filling up the DagBag from /home/airflow/.local/lib/python3.12/site-packages/airflow/example_dags/example_sensor_decorator.py
[2025-06-17T05:22:32.462+0000] {processor.py:925} INFO - DAG(s) 'example_sensor_decorator' retrieved from /home/airflow/.local/lib/python3.12/site-packages/airflow/example_dags/example_sensor_decorator.py
[2025-06-17T05:22:32.477+0000] {logging_mixin.py:190} INFO - [2025-06-17T05:22:32.477+0000] {dag.py:3239} INFO - Sync 1 DAGs
[2025-06-17T05:22:32.490+0000] {logging_mixin.py:190} INFO - [2025-06-17T05:22:32.490+0000] {dag.py:4180} INFO - Setting next_dagrun for example_sensor_decorator to None, run_after=None
[2025-06-17T05:22:32.513+0000] {processor.py:208} INFO - Processing /home/airflow/.local/lib/python3.12/site-packages/airflow/example_dags/example_sensor_decorator.py took 0.064 seconds
[2025-06-17T05:23:03.506+0000] {processor.py:186} INFO - Started process (PID=254) to work on /home/airflow/.local/lib/python3.12/site-packages/airflow/example_dags/example_sensor_decorator.py
[2025-06-17T05:23:03.507+0000] {processor.py:914} INFO - Processing file /home/airflow/.local/lib/python3.12/site-packages/airflow/example_dags/example_sensor_decorator.py for tasks to queue
[2025-06-17T05:23:03.508+0000] {logging_mixin.py:190} INFO - [2025-06-17T05:23:03.508+0000] {dagbag.py:588} INFO - Filling up the DagBag from /home/airflow/.local/lib/python3.12/site-packages/airflow/example_dags/example_sensor_decorator.py
[2025-06-17T05:23:03.515+0000] {processor.py:925} INFO - DAG(s) 'example_sensor_decorator' retrieved from /home/airflow/.local/lib/python3.12/site-packages/airflow/example_dags/example_sensor_decorator.py
[2025-06-17T05:23:03.530+0000] {logging_mixin.py:190} INFO - [2025-06-17T05:23:03.530+0000] {dag.py:3239} INFO - Sync 1 DAGs
[2025-06-17T05:23:03.543+0000] {logging_mixin.py:190} INFO - [2025-06-17T05:23:03.542+0000] {dag.py:4180} INFO - Setting next_dagrun for example_sensor_decorator to None, run_after=None
[2025-06-17T05:23:03.566+0000] {processor.py:208} INFO - Processing /home/airflow/.local/lib/python3.12/site-packages/airflow/example_dags/example_sensor_decorator.py took 0.064 seconds
[2025-06-17T05:23:34.260+0000] {processor.py:186} INFO - Started process (PID=317) to work on /home/airflow/.local/lib/python3.12/site-packages/airflow/example_dags/example_sensor_decorator.py
[2025-06-17T05:23:34.261+0000] {processor.py:914} INFO - Processing file /home/airflow/.local/lib/python3.12/site-packages/airflow/example_dags/example_sensor_decorator.py for tasks to queue
[2025-06-17T05:23:34.262+0000] {logging_mixin.py:190} INFO - [2025-06-17T05:23:34.262+0000] {dagbag.py:588} INFO - Filling up the DagBag from /home/airflow/.local/lib/python3.12/site-packages/airflow/example_dags/example_sensor_decorator.py
[2025-06-17T05:23:34.268+0000] {processor.py:925} INFO - DAG(s) 'example_sensor_decorator' retrieved from /home/airflow/.local/lib/python3.12/site-packages/airflow/example_dags/example_sensor_decorator.py
[2025-06-17T05:23:34.284+0000] {logging_mixin.py:190} INFO - [2025-06-17T05:23:34.283+0000] {dag.py:3239} INFO - Sync 1 DAGs
[2025-06-17T05:23:34.294+0000] {logging_mixin.py:190} INFO - [2025-06-17T05:23:34.294+0000] {dag.py:4180} INFO - Setting next_dagrun for example_sensor_decorator to None, run_after=None
[2025-06-17T05:23:34.307+0000] {processor.py:208} INFO - Processing /home/airflow/.local/lib/python3.12/site-packages/airflow/example_dags/example_sensor_decorator.py took 0.051 seconds
