[2025-06-17T05:01:27.967+0000] {processor.py:186} INFO - Started process (PID=90) to work on /home/airflow/.local/lib/python3.12/site-packages/airflow/example_dags/example_skip_dag.py
[2025-06-17T05:01:27.968+0000] {processor.py:914} INFO - Processing file /home/airflow/.local/lib/python3.12/site-packages/airflow/example_dags/example_skip_dag.py for tasks to queue
[2025-06-17T05:01:27.969+0000] {logging_mixin.py:190} INFO - [2025-06-17T05:01:27.968+0000] {dagbag.py:588} INFO - Filling up the DagBag from /home/airflow/.local/lib/python3.12/site-packages/airflow/example_dags/example_skip_dag.py
[2025-06-17T05:01:27.976+0000] {processor.py:925} INFO - DAG(s) 'example_skip_dag' retrieved from /home/airflow/.local/lib/python3.12/site-packages/airflow/example_dags/example_skip_dag.py
[2025-06-17T05:01:28.060+0000] {logging_mixin.py:190} INFO - [2025-06-17T05:01:28.059+0000] {override.py:1912} INFO - Created Permission View: can read on DAG:example_skip_dag
[2025-06-17T05:01:28.072+0000] {logging_mixin.py:190} INFO - [2025-06-17T05:01:28.071+0000] {override.py:1912} INFO - Created Permission View: can edit on DAG:example_skip_dag
[2025-06-17T05:01:28.086+0000] {logging_mixin.py:190} INFO - [2025-06-17T05:01:28.086+0000] {override.py:1912} INFO - Created Permission View: can delete on DAG:example_skip_dag
[2025-06-17T05:01:28.098+0000] {logging_mixin.py:190} INFO - [2025-06-17T05:01:28.097+0000] {override.py:1912} INFO - Created Permission View: menu access on DAG Run:example_skip_dag
[2025-06-17T05:01:28.105+0000] {logging_mixin.py:190} INFO - [2025-06-17T05:01:28.105+0000] {override.py:1912} INFO - Created Permission View: can create on DAG Run:example_skip_dag
[2025-06-17T05:01:28.113+0000] {logging_mixin.py:190} INFO - [2025-06-17T05:01:28.113+0000] {override.py:1912} INFO - Created Permission View: can read on DAG Run:example_skip_dag
[2025-06-17T05:01:28.119+0000] {logging_mixin.py:190} INFO - [2025-06-17T05:01:28.119+0000] {override.py:1912} INFO - Created Permission View: can delete on DAG Run:example_skip_dag
[2025-06-17T05:01:28.120+0000] {logging_mixin.py:190} INFO - [2025-06-17T05:01:28.119+0000] {dag.py:3239} INFO - Sync 1 DAGs
[2025-06-17T05:01:28.129+0000] {logging_mixin.py:190} INFO - [2025-06-17T05:01:28.129+0000] {dag.py:3262} INFO - Creating ORM DAG for example_skip_dag
[2025-06-17T05:01:28.138+0000] {logging_mixin.py:190} INFO - [2025-06-17T05:01:28.138+0000] {dag.py:4180} INFO - Setting next_dagrun for example_skip_dag to 2025-06-16 00:00:00+00:00, run_after=2025-06-17 00:00:00+00:00
[2025-06-17T05:01:28.154+0000] {processor.py:208} INFO - Processing /home/airflow/.local/lib/python3.12/site-packages/airflow/example_dags/example_skip_dag.py took 0.192 seconds
[2025-06-17T05:01:58.466+0000] {processor.py:186} INFO - Started process (PID=153) to work on /home/airflow/.local/lib/python3.12/site-packages/airflow/example_dags/example_skip_dag.py
[2025-06-17T05:01:58.466+0000] {processor.py:914} INFO - Processing file /home/airflow/.local/lib/python3.12/site-packages/airflow/example_dags/example_skip_dag.py for tasks to queue
[2025-06-17T05:01:58.467+0000] {logging_mixin.py:190} INFO - [2025-06-17T05:01:58.467+0000] {dagbag.py:588} INFO - Filling up the DagBag from /home/airflow/.local/lib/python3.12/site-packages/airflow/example_dags/example_skip_dag.py
[2025-06-17T05:01:58.473+0000] {processor.py:925} INFO - DAG(s) 'example_skip_dag' retrieved from /home/airflow/.local/lib/python3.12/site-packages/airflow/example_dags/example_skip_dag.py
[2025-06-17T05:01:58.488+0000] {logging_mixin.py:190} INFO - [2025-06-17T05:01:58.488+0000] {dag.py:3239} INFO - Sync 1 DAGs
[2025-06-17T05:01:58.505+0000] {logging_mixin.py:190} INFO - [2025-06-17T05:01:58.505+0000] {dag.py:4180} INFO - Setting next_dagrun for example_skip_dag to 2025-06-16 00:00:00+00:00, run_after=2025-06-17 00:00:00+00:00
[2025-06-17T05:01:58.521+0000] {processor.py:208} INFO - Processing /home/airflow/.local/lib/python3.12/site-packages/airflow/example_dags/example_skip_dag.py took 0.059 seconds
[2025-06-17T05:02:29.326+0000] {processor.py:186} INFO - Started process (PID=216) to work on /home/airflow/.local/lib/python3.12/site-packages/airflow/example_dags/example_skip_dag.py
[2025-06-17T05:02:29.326+0000] {processor.py:914} INFO - Processing file /home/airflow/.local/lib/python3.12/site-packages/airflow/example_dags/example_skip_dag.py for tasks to queue
[2025-06-17T05:02:29.328+0000] {logging_mixin.py:190} INFO - [2025-06-17T05:02:29.328+0000] {dagbag.py:588} INFO - Filling up the DagBag from /home/airflow/.local/lib/python3.12/site-packages/airflow/example_dags/example_skip_dag.py
[2025-06-17T05:02:29.335+0000] {processor.py:925} INFO - DAG(s) 'example_skip_dag' retrieved from /home/airflow/.local/lib/python3.12/site-packages/airflow/example_dags/example_skip_dag.py
[2025-06-17T05:02:29.351+0000] {logging_mixin.py:190} INFO - [2025-06-17T05:02:29.350+0000] {dag.py:3239} INFO - Sync 1 DAGs
[2025-06-17T05:02:29.369+0000] {logging_mixin.py:190} INFO - [2025-06-17T05:02:29.369+0000] {dag.py:4180} INFO - Setting next_dagrun for example_skip_dag to 2025-06-16 00:00:00+00:00, run_after=2025-06-17 00:00:00+00:00
[2025-06-17T05:02:29.384+0000] {processor.py:208} INFO - Processing /home/airflow/.local/lib/python3.12/site-packages/airflow/example_dags/example_skip_dag.py took 0.063 seconds
[2025-06-17T05:06:06.582+0000] {processor.py:186} INFO - Started process (PID=86) to work on /home/airflow/.local/lib/python3.12/site-packages/airflow/example_dags/example_skip_dag.py
[2025-06-17T05:06:06.583+0000] {processor.py:914} INFO - Processing file /home/airflow/.local/lib/python3.12/site-packages/airflow/example_dags/example_skip_dag.py for tasks to queue
[2025-06-17T05:06:06.584+0000] {logging_mixin.py:190} INFO - [2025-06-17T05:06:06.584+0000] {dagbag.py:588} INFO - Filling up the DagBag from /home/airflow/.local/lib/python3.12/site-packages/airflow/example_dags/example_skip_dag.py
[2025-06-17T05:06:06.592+0000] {processor.py:925} INFO - DAG(s) 'example_skip_dag' retrieved from /home/airflow/.local/lib/python3.12/site-packages/airflow/example_dags/example_skip_dag.py
[2025-06-17T05:06:06.610+0000] {logging_mixin.py:190} INFO - [2025-06-17T05:06:06.610+0000] {dag.py:3239} INFO - Sync 1 DAGs
[2025-06-17T05:06:06.629+0000] {logging_mixin.py:190} INFO - [2025-06-17T05:06:06.629+0000] {dag.py:4180} INFO - Setting next_dagrun for example_skip_dag to 2025-06-16 00:00:00+00:00, run_after=2025-06-17 00:00:00+00:00
[2025-06-17T05:06:06.644+0000] {processor.py:208} INFO - Processing /home/airflow/.local/lib/python3.12/site-packages/airflow/example_dags/example_skip_dag.py took 0.067 seconds
[2025-06-17T05:06:37.756+0000] {processor.py:186} INFO - Started process (PID=155) to work on /home/airflow/.local/lib/python3.12/site-packages/airflow/example_dags/example_skip_dag.py
[2025-06-17T05:06:37.756+0000] {processor.py:914} INFO - Processing file /home/airflow/.local/lib/python3.12/site-packages/airflow/example_dags/example_skip_dag.py for tasks to queue
[2025-06-17T05:06:37.757+0000] {logging_mixin.py:190} INFO - [2025-06-17T05:06:37.757+0000] {dagbag.py:588} INFO - Filling up the DagBag from /home/airflow/.local/lib/python3.12/site-packages/airflow/example_dags/example_skip_dag.py
[2025-06-17T05:06:37.764+0000] {processor.py:925} INFO - DAG(s) 'example_skip_dag' retrieved from /home/airflow/.local/lib/python3.12/site-packages/airflow/example_dags/example_skip_dag.py
[2025-06-17T05:06:37.778+0000] {logging_mixin.py:190} INFO - [2025-06-17T05:06:37.778+0000] {dag.py:3239} INFO - Sync 1 DAGs
[2025-06-17T05:06:37.795+0000] {logging_mixin.py:190} INFO - [2025-06-17T05:06:37.794+0000] {dag.py:4180} INFO - Setting next_dagrun for example_skip_dag to 2025-06-16 00:00:00+00:00, run_after=2025-06-17 00:00:00+00:00
[2025-06-17T05:06:37.810+0000] {processor.py:208} INFO - Processing /home/airflow/.local/lib/python3.12/site-packages/airflow/example_dags/example_skip_dag.py took 0.059 seconds
[2025-06-17T05:09:00.636+0000] {processor.py:186} INFO - Started process (PID=90) to work on /home/airflow/.local/lib/python3.12/site-packages/airflow/example_dags/example_skip_dag.py
[2025-06-17T05:09:00.637+0000] {processor.py:914} INFO - Processing file /home/airflow/.local/lib/python3.12/site-packages/airflow/example_dags/example_skip_dag.py for tasks to queue
[2025-06-17T05:09:00.638+0000] {logging_mixin.py:190} INFO - [2025-06-17T05:09:00.638+0000] {dagbag.py:588} INFO - Filling up the DagBag from /home/airflow/.local/lib/python3.12/site-packages/airflow/example_dags/example_skip_dag.py
[2025-06-17T05:09:00.645+0000] {processor.py:925} INFO - DAG(s) 'example_skip_dag' retrieved from /home/airflow/.local/lib/python3.12/site-packages/airflow/example_dags/example_skip_dag.py
[2025-06-17T05:09:00.661+0000] {logging_mixin.py:190} INFO - [2025-06-17T05:09:00.660+0000] {dag.py:3239} INFO - Sync 1 DAGs
[2025-06-17T05:09:00.679+0000] {logging_mixin.py:190} INFO - [2025-06-17T05:09:00.678+0000] {dag.py:4180} INFO - Setting next_dagrun for example_skip_dag to 2025-06-16 00:00:00+00:00, run_after=2025-06-17 00:00:00+00:00
[2025-06-17T05:09:00.694+0000] {processor.py:208} INFO - Processing /home/airflow/.local/lib/python3.12/site-packages/airflow/example_dags/example_skip_dag.py took 0.062 seconds
[2025-06-17T05:09:31.381+0000] {processor.py:186} INFO - Started process (PID=153) to work on /home/airflow/.local/lib/python3.12/site-packages/airflow/example_dags/example_skip_dag.py
[2025-06-17T05:09:31.381+0000] {processor.py:914} INFO - Processing file /home/airflow/.local/lib/python3.12/site-packages/airflow/example_dags/example_skip_dag.py for tasks to queue
[2025-06-17T05:09:31.382+0000] {logging_mixin.py:190} INFO - [2025-06-17T05:09:31.382+0000] {dagbag.py:588} INFO - Filling up the DagBag from /home/airflow/.local/lib/python3.12/site-packages/airflow/example_dags/example_skip_dag.py
[2025-06-17T05:09:31.389+0000] {processor.py:925} INFO - DAG(s) 'example_skip_dag' retrieved from /home/airflow/.local/lib/python3.12/site-packages/airflow/example_dags/example_skip_dag.py
[2025-06-17T05:09:31.404+0000] {logging_mixin.py:190} INFO - [2025-06-17T05:09:31.404+0000] {dag.py:3239} INFO - Sync 1 DAGs
[2025-06-17T05:09:31.421+0000] {logging_mixin.py:190} INFO - [2025-06-17T05:09:31.421+0000] {dag.py:4180} INFO - Setting next_dagrun for example_skip_dag to 2025-06-16 00:00:00+00:00, run_after=2025-06-17 00:00:00+00:00
[2025-06-17T05:09:31.435+0000] {processor.py:208} INFO - Processing /home/airflow/.local/lib/python3.12/site-packages/airflow/example_dags/example_skip_dag.py took 0.059 seconds
[2025-06-17T05:10:02.215+0000] {processor.py:186} INFO - Started process (PID=216) to work on /home/airflow/.local/lib/python3.12/site-packages/airflow/example_dags/example_skip_dag.py
[2025-06-17T05:10:02.216+0000] {processor.py:914} INFO - Processing file /home/airflow/.local/lib/python3.12/site-packages/airflow/example_dags/example_skip_dag.py for tasks to queue
[2025-06-17T05:10:02.217+0000] {logging_mixin.py:190} INFO - [2025-06-17T05:10:02.217+0000] {dagbag.py:588} INFO - Filling up the DagBag from /home/airflow/.local/lib/python3.12/site-packages/airflow/example_dags/example_skip_dag.py
[2025-06-17T05:10:02.224+0000] {processor.py:925} INFO - DAG(s) 'example_skip_dag' retrieved from /home/airflow/.local/lib/python3.12/site-packages/airflow/example_dags/example_skip_dag.py
[2025-06-17T05:10:02.243+0000] {logging_mixin.py:190} INFO - [2025-06-17T05:10:02.242+0000] {dag.py:3239} INFO - Sync 1 DAGs
[2025-06-17T05:10:02.262+0000] {logging_mixin.py:190} INFO - [2025-06-17T05:10:02.262+0000] {dag.py:4180} INFO - Setting next_dagrun for example_skip_dag to 2025-06-16 00:00:00+00:00, run_after=2025-06-17 00:00:00+00:00
[2025-06-17T05:10:02.279+0000] {processor.py:208} INFO - Processing /home/airflow/.local/lib/python3.12/site-packages/airflow/example_dags/example_skip_dag.py took 0.068 seconds
[2025-06-17T05:10:33.555+0000] {processor.py:186} INFO - Started process (PID=279) to work on /home/airflow/.local/lib/python3.12/site-packages/airflow/example_dags/example_skip_dag.py
[2025-06-17T05:10:33.556+0000] {processor.py:914} INFO - Processing file /home/airflow/.local/lib/python3.12/site-packages/airflow/example_dags/example_skip_dag.py for tasks to queue
[2025-06-17T05:10:33.557+0000] {logging_mixin.py:190} INFO - [2025-06-17T05:10:33.557+0000] {dagbag.py:588} INFO - Filling up the DagBag from /home/airflow/.local/lib/python3.12/site-packages/airflow/example_dags/example_skip_dag.py
[2025-06-17T05:10:33.564+0000] {processor.py:925} INFO - DAG(s) 'example_skip_dag' retrieved from /home/airflow/.local/lib/python3.12/site-packages/airflow/example_dags/example_skip_dag.py
[2025-06-17T05:10:33.580+0000] {logging_mixin.py:190} INFO - [2025-06-17T05:10:33.580+0000] {dag.py:3239} INFO - Sync 1 DAGs
[2025-06-17T05:10:33.598+0000] {logging_mixin.py:190} INFO - [2025-06-17T05:10:33.598+0000] {dag.py:4180} INFO - Setting next_dagrun for example_skip_dag to 2025-06-16 00:00:00+00:00, run_after=2025-06-17 00:00:00+00:00
[2025-06-17T05:10:33.612+0000] {processor.py:208} INFO - Processing /home/airflow/.local/lib/python3.12/site-packages/airflow/example_dags/example_skip_dag.py took 0.061 seconds
[2025-06-17T05:11:04.591+0000] {processor.py:186} INFO - Started process (PID=342) to work on /home/airflow/.local/lib/python3.12/site-packages/airflow/example_dags/example_skip_dag.py
[2025-06-17T05:11:04.592+0000] {processor.py:914} INFO - Processing file /home/airflow/.local/lib/python3.12/site-packages/airflow/example_dags/example_skip_dag.py for tasks to queue
[2025-06-17T05:11:04.593+0000] {logging_mixin.py:190} INFO - [2025-06-17T05:11:04.593+0000] {dagbag.py:588} INFO - Filling up the DagBag from /home/airflow/.local/lib/python3.12/site-packages/airflow/example_dags/example_skip_dag.py
[2025-06-17T05:11:04.599+0000] {processor.py:925} INFO - DAG(s) 'example_skip_dag' retrieved from /home/airflow/.local/lib/python3.12/site-packages/airflow/example_dags/example_skip_dag.py
[2025-06-17T05:11:04.615+0000] {logging_mixin.py:190} INFO - [2025-06-17T05:11:04.615+0000] {dag.py:3239} INFO - Sync 1 DAGs
[2025-06-17T05:11:04.633+0000] {logging_mixin.py:190} INFO - [2025-06-17T05:11:04.633+0000] {dag.py:4180} INFO - Setting next_dagrun for example_skip_dag to 2025-06-16 00:00:00+00:00, run_after=2025-06-17 00:00:00+00:00
[2025-06-17T05:11:04.648+0000] {processor.py:208} INFO - Processing /home/airflow/.local/lib/python3.12/site-packages/airflow/example_dags/example_skip_dag.py took 0.061 seconds
[2025-06-17T05:11:35.392+0000] {processor.py:186} INFO - Started process (PID=405) to work on /home/airflow/.local/lib/python3.12/site-packages/airflow/example_dags/example_skip_dag.py
[2025-06-17T05:11:35.392+0000] {processor.py:914} INFO - Processing file /home/airflow/.local/lib/python3.12/site-packages/airflow/example_dags/example_skip_dag.py for tasks to queue
[2025-06-17T05:11:35.393+0000] {logging_mixin.py:190} INFO - [2025-06-17T05:11:35.393+0000] {dagbag.py:588} INFO - Filling up the DagBag from /home/airflow/.local/lib/python3.12/site-packages/airflow/example_dags/example_skip_dag.py
[2025-06-17T05:11:35.400+0000] {processor.py:925} INFO - DAG(s) 'example_skip_dag' retrieved from /home/airflow/.local/lib/python3.12/site-packages/airflow/example_dags/example_skip_dag.py
[2025-06-17T05:11:35.415+0000] {logging_mixin.py:190} INFO - [2025-06-17T05:11:35.415+0000] {dag.py:3239} INFO - Sync 1 DAGs
[2025-06-17T05:11:35.431+0000] {logging_mixin.py:190} INFO - [2025-06-17T05:11:35.431+0000] {dag.py:4180} INFO - Setting next_dagrun for example_skip_dag to 2025-06-16 00:00:00+00:00, run_after=2025-06-17 00:00:00+00:00
[2025-06-17T05:11:35.444+0000] {processor.py:208} INFO - Processing /home/airflow/.local/lib/python3.12/site-packages/airflow/example_dags/example_skip_dag.py took 0.057 seconds
[2025-06-17T05:12:06.259+0000] {processor.py:186} INFO - Started process (PID=468) to work on /home/airflow/.local/lib/python3.12/site-packages/airflow/example_dags/example_skip_dag.py
[2025-06-17T05:12:06.259+0000] {processor.py:914} INFO - Processing file /home/airflow/.local/lib/python3.12/site-packages/airflow/example_dags/example_skip_dag.py for tasks to queue
[2025-06-17T05:12:06.260+0000] {logging_mixin.py:190} INFO - [2025-06-17T05:12:06.260+0000] {dagbag.py:588} INFO - Filling up the DagBag from /home/airflow/.local/lib/python3.12/site-packages/airflow/example_dags/example_skip_dag.py
[2025-06-17T05:12:06.267+0000] {processor.py:925} INFO - DAG(s) 'example_skip_dag' retrieved from /home/airflow/.local/lib/python3.12/site-packages/airflow/example_dags/example_skip_dag.py
[2025-06-17T05:12:06.283+0000] {logging_mixin.py:190} INFO - [2025-06-17T05:12:06.283+0000] {dag.py:3239} INFO - Sync 1 DAGs
[2025-06-17T05:12:06.301+0000] {logging_mixin.py:190} INFO - [2025-06-17T05:12:06.300+0000] {dag.py:4180} INFO - Setting next_dagrun for example_skip_dag to 2025-06-16 00:00:00+00:00, run_after=2025-06-17 00:00:00+00:00
[2025-06-17T05:12:06.315+0000] {processor.py:208} INFO - Processing /home/airflow/.local/lib/python3.12/site-packages/airflow/example_dags/example_skip_dag.py took 0.061 seconds
[2025-06-17T05:12:36.820+0000] {processor.py:186} INFO - Started process (PID=531) to work on /home/airflow/.local/lib/python3.12/site-packages/airflow/example_dags/example_skip_dag.py
[2025-06-17T05:12:36.821+0000] {processor.py:914} INFO - Processing file /home/airflow/.local/lib/python3.12/site-packages/airflow/example_dags/example_skip_dag.py for tasks to queue
[2025-06-17T05:12:36.822+0000] {logging_mixin.py:190} INFO - [2025-06-17T05:12:36.821+0000] {dagbag.py:588} INFO - Filling up the DagBag from /home/airflow/.local/lib/python3.12/site-packages/airflow/example_dags/example_skip_dag.py
[2025-06-17T05:12:36.828+0000] {processor.py:925} INFO - DAG(s) 'example_skip_dag' retrieved from /home/airflow/.local/lib/python3.12/site-packages/airflow/example_dags/example_skip_dag.py
[2025-06-17T05:12:36.845+0000] {logging_mixin.py:190} INFO - [2025-06-17T05:12:36.845+0000] {dag.py:3239} INFO - Sync 1 DAGs
[2025-06-17T05:12:36.867+0000] {logging_mixin.py:190} INFO - [2025-06-17T05:12:36.867+0000] {dag.py:4180} INFO - Setting next_dagrun for example_skip_dag to 2025-06-16 00:00:00+00:00, run_after=2025-06-17 00:00:00+00:00
[2025-06-17T05:12:36.881+0000] {processor.py:208} INFO - Processing /home/airflow/.local/lib/python3.12/site-packages/airflow/example_dags/example_skip_dag.py took 0.065 seconds
[2025-06-17T05:13:07.571+0000] {processor.py:186} INFO - Started process (PID=594) to work on /home/airflow/.local/lib/python3.12/site-packages/airflow/example_dags/example_skip_dag.py
[2025-06-17T05:13:07.571+0000] {processor.py:914} INFO - Processing file /home/airflow/.local/lib/python3.12/site-packages/airflow/example_dags/example_skip_dag.py for tasks to queue
[2025-06-17T05:13:07.572+0000] {logging_mixin.py:190} INFO - [2025-06-17T05:13:07.572+0000] {dagbag.py:588} INFO - Filling up the DagBag from /home/airflow/.local/lib/python3.12/site-packages/airflow/example_dags/example_skip_dag.py
[2025-06-17T05:13:07.579+0000] {processor.py:925} INFO - DAG(s) 'example_skip_dag' retrieved from /home/airflow/.local/lib/python3.12/site-packages/airflow/example_dags/example_skip_dag.py
[2025-06-17T05:13:07.594+0000] {logging_mixin.py:190} INFO - [2025-06-17T05:13:07.593+0000] {dag.py:3239} INFO - Sync 1 DAGs
[2025-06-17T05:13:07.611+0000] {logging_mixin.py:190} INFO - [2025-06-17T05:13:07.611+0000] {dag.py:4180} INFO - Setting next_dagrun for example_skip_dag to 2025-06-16 00:00:00+00:00, run_after=2025-06-17 00:00:00+00:00
[2025-06-17T05:13:07.625+0000] {processor.py:208} INFO - Processing /home/airflow/.local/lib/python3.12/site-packages/airflow/example_dags/example_skip_dag.py took 0.059 seconds
[2025-06-17T05:13:38.043+0000] {processor.py:186} INFO - Started process (PID=658) to work on /home/airflow/.local/lib/python3.12/site-packages/airflow/example_dags/example_skip_dag.py
[2025-06-17T05:13:38.043+0000] {processor.py:914} INFO - Processing file /home/airflow/.local/lib/python3.12/site-packages/airflow/example_dags/example_skip_dag.py for tasks to queue
[2025-06-17T05:13:38.044+0000] {logging_mixin.py:190} INFO - [2025-06-17T05:13:38.044+0000] {dagbag.py:588} INFO - Filling up the DagBag from /home/airflow/.local/lib/python3.12/site-packages/airflow/example_dags/example_skip_dag.py
[2025-06-17T05:13:38.051+0000] {processor.py:925} INFO - DAG(s) 'example_skip_dag' retrieved from /home/airflow/.local/lib/python3.12/site-packages/airflow/example_dags/example_skip_dag.py
[2025-06-17T05:13:38.067+0000] {logging_mixin.py:190} INFO - [2025-06-17T05:13:38.067+0000] {dag.py:3239} INFO - Sync 1 DAGs
[2025-06-17T05:13:38.084+0000] {logging_mixin.py:190} INFO - [2025-06-17T05:13:38.084+0000] {dag.py:4180} INFO - Setting next_dagrun for example_skip_dag to 2025-06-16 00:00:00+00:00, run_after=2025-06-17 00:00:00+00:00
[2025-06-17T05:13:38.099+0000] {processor.py:208} INFO - Processing /home/airflow/.local/lib/python3.12/site-packages/airflow/example_dags/example_skip_dag.py took 0.061 seconds
[2025-06-17T05:14:08.748+0000] {processor.py:186} INFO - Started process (PID=721) to work on /home/airflow/.local/lib/python3.12/site-packages/airflow/example_dags/example_skip_dag.py
[2025-06-17T05:14:08.748+0000] {processor.py:914} INFO - Processing file /home/airflow/.local/lib/python3.12/site-packages/airflow/example_dags/example_skip_dag.py for tasks to queue
[2025-06-17T05:14:08.749+0000] {logging_mixin.py:190} INFO - [2025-06-17T05:14:08.749+0000] {dagbag.py:588} INFO - Filling up the DagBag from /home/airflow/.local/lib/python3.12/site-packages/airflow/example_dags/example_skip_dag.py
[2025-06-17T05:14:08.756+0000] {processor.py:925} INFO - DAG(s) 'example_skip_dag' retrieved from /home/airflow/.local/lib/python3.12/site-packages/airflow/example_dags/example_skip_dag.py
[2025-06-17T05:14:08.773+0000] {logging_mixin.py:190} INFO - [2025-06-17T05:14:08.773+0000] {dag.py:3239} INFO - Sync 1 DAGs
[2025-06-17T05:14:08.791+0000] {logging_mixin.py:190} INFO - [2025-06-17T05:14:08.791+0000] {dag.py:4180} INFO - Setting next_dagrun for example_skip_dag to 2025-06-16 00:00:00+00:00, run_after=2025-06-17 00:00:00+00:00
[2025-06-17T05:14:08.807+0000] {processor.py:208} INFO - Processing /home/airflow/.local/lib/python3.12/site-packages/airflow/example_dags/example_skip_dag.py took 0.064 seconds
[2025-06-17T05:17:47.803+0000] {processor.py:186} INFO - Started process (PID=91) to work on /home/airflow/.local/lib/python3.12/site-packages/airflow/example_dags/example_skip_dag.py
[2025-06-17T05:17:47.804+0000] {processor.py:914} INFO - Processing file /home/airflow/.local/lib/python3.12/site-packages/airflow/example_dags/example_skip_dag.py for tasks to queue
[2025-06-17T05:17:47.805+0000] {logging_mixin.py:190} INFO - [2025-06-17T05:17:47.804+0000] {dagbag.py:588} INFO - Filling up the DagBag from /home/airflow/.local/lib/python3.12/site-packages/airflow/example_dags/example_skip_dag.py
[2025-06-17T05:17:47.812+0000] {processor.py:925} INFO - DAG(s) 'example_skip_dag' retrieved from /home/airflow/.local/lib/python3.12/site-packages/airflow/example_dags/example_skip_dag.py
[2025-06-17T05:17:47.889+0000] {logging_mixin.py:190} INFO - [2025-06-17T05:17:47.888+0000] {override.py:1912} INFO - Created Permission View: can read on DAG:example_skip_dag
[2025-06-17T05:17:47.897+0000] {logging_mixin.py:190} INFO - [2025-06-17T05:17:47.897+0000] {override.py:1912} INFO - Created Permission View: can delete on DAG:example_skip_dag
[2025-06-17T05:17:47.903+0000] {logging_mixin.py:190} INFO - [2025-06-17T05:17:47.903+0000] {override.py:1912} INFO - Created Permission View: can edit on DAG:example_skip_dag
[2025-06-17T05:17:47.911+0000] {logging_mixin.py:190} INFO - [2025-06-17T05:17:47.911+0000] {override.py:1912} INFO - Created Permission View: can read on DAG Run:example_skip_dag
[2025-06-17T05:17:47.917+0000] {logging_mixin.py:190} INFO - [2025-06-17T05:17:47.916+0000] {override.py:1912} INFO - Created Permission View: can delete on DAG Run:example_skip_dag
[2025-06-17T05:17:47.922+0000] {logging_mixin.py:190} INFO - [2025-06-17T05:17:47.922+0000] {override.py:1912} INFO - Created Permission View: menu access on DAG Run:example_skip_dag
[2025-06-17T05:17:47.928+0000] {logging_mixin.py:190} INFO - [2025-06-17T05:17:47.927+0000] {override.py:1912} INFO - Created Permission View: can create on DAG Run:example_skip_dag
[2025-06-17T05:17:47.928+0000] {logging_mixin.py:190} INFO - [2025-06-17T05:17:47.928+0000] {dag.py:3239} INFO - Sync 1 DAGs
[2025-06-17T05:17:47.938+0000] {logging_mixin.py:190} INFO - [2025-06-17T05:17:47.938+0000] {dag.py:3262} INFO - Creating ORM DAG for example_skip_dag
[2025-06-17T05:17:47.946+0000] {logging_mixin.py:190} INFO - [2025-06-17T05:17:47.946+0000] {dag.py:4180} INFO - Setting next_dagrun for example_skip_dag to 2025-06-16 00:00:00+00:00, run_after=2025-06-17 00:00:00+00:00
[2025-06-17T05:17:47.959+0000] {processor.py:208} INFO - Processing /home/airflow/.local/lib/python3.12/site-packages/airflow/example_dags/example_skip_dag.py took 0.160 seconds
[2025-06-17T05:19:15.130+0000] {processor.py:186} INFO - Started process (PID=91) to work on /home/airflow/.local/lib/python3.12/site-packages/airflow/example_dags/example_skip_dag.py
[2025-06-17T05:19:15.131+0000] {processor.py:914} INFO - Processing file /home/airflow/.local/lib/python3.12/site-packages/airflow/example_dags/example_skip_dag.py for tasks to queue
[2025-06-17T05:19:15.132+0000] {logging_mixin.py:190} INFO - [2025-06-17T05:19:15.132+0000] {dagbag.py:588} INFO - Filling up the DagBag from /home/airflow/.local/lib/python3.12/site-packages/airflow/example_dags/example_skip_dag.py
[2025-06-17T05:19:15.140+0000] {processor.py:925} INFO - DAG(s) 'example_skip_dag' retrieved from /home/airflow/.local/lib/python3.12/site-packages/airflow/example_dags/example_skip_dag.py
[2025-06-17T05:19:15.156+0000] {logging_mixin.py:190} INFO - [2025-06-17T05:19:15.156+0000] {dag.py:3239} INFO - Sync 1 DAGs
[2025-06-17T05:19:15.174+0000] {logging_mixin.py:190} INFO - [2025-06-17T05:19:15.174+0000] {dag.py:4180} INFO - Setting next_dagrun for example_skip_dag to 2025-06-16 00:00:00+00:00, run_after=2025-06-17 00:00:00+00:00
[2025-06-17T05:19:15.193+0000] {processor.py:208} INFO - Processing /home/airflow/.local/lib/python3.12/site-packages/airflow/example_dags/example_skip_dag.py took 0.068 seconds
[2025-06-17T05:19:45.536+0000] {processor.py:186} INFO - Started process (PID=154) to work on /home/airflow/.local/lib/python3.12/site-packages/airflow/example_dags/example_skip_dag.py
[2025-06-17T05:19:45.536+0000] {processor.py:914} INFO - Processing file /home/airflow/.local/lib/python3.12/site-packages/airflow/example_dags/example_skip_dag.py for tasks to queue
[2025-06-17T05:19:45.537+0000] {logging_mixin.py:190} INFO - [2025-06-17T05:19:45.537+0000] {dagbag.py:588} INFO - Filling up the DagBag from /home/airflow/.local/lib/python3.12/site-packages/airflow/example_dags/example_skip_dag.py
[2025-06-17T05:19:45.545+0000] {processor.py:925} INFO - DAG(s) 'example_skip_dag' retrieved from /home/airflow/.local/lib/python3.12/site-packages/airflow/example_dags/example_skip_dag.py
[2025-06-17T05:19:45.561+0000] {logging_mixin.py:190} INFO - [2025-06-17T05:19:45.561+0000] {dag.py:3239} INFO - Sync 1 DAGs
[2025-06-17T05:19:45.578+0000] {logging_mixin.py:190} INFO - [2025-06-17T05:19:45.578+0000] {dag.py:4180} INFO - Setting next_dagrun for example_skip_dag to 2025-06-16 00:00:00+00:00, run_after=2025-06-17 00:00:00+00:00
[2025-06-17T05:19:45.594+0000] {processor.py:208} INFO - Processing /home/airflow/.local/lib/python3.12/site-packages/airflow/example_dags/example_skip_dag.py took 0.063 seconds
[2025-06-17T05:21:34.247+0000] {processor.py:186} INFO - Started process (PID=91) to work on /home/airflow/.local/lib/python3.12/site-packages/airflow/example_dags/example_skip_dag.py
[2025-06-17T05:21:34.248+0000] {processor.py:914} INFO - Processing file /home/airflow/.local/lib/python3.12/site-packages/airflow/example_dags/example_skip_dag.py for tasks to queue
[2025-06-17T05:21:34.249+0000] {logging_mixin.py:190} INFO - [2025-06-17T05:21:34.248+0000] {dagbag.py:588} INFO - Filling up the DagBag from /home/airflow/.local/lib/python3.12/site-packages/airflow/example_dags/example_skip_dag.py
[2025-06-17T05:21:34.256+0000] {processor.py:925} INFO - DAG(s) 'example_skip_dag' retrieved from /home/airflow/.local/lib/python3.12/site-packages/airflow/example_dags/example_skip_dag.py
[2025-06-17T05:21:34.271+0000] {logging_mixin.py:190} INFO - [2025-06-17T05:21:34.271+0000] {dag.py:3239} INFO - Sync 1 DAGs
[2025-06-17T05:21:34.288+0000] {logging_mixin.py:190} INFO - [2025-06-17T05:21:34.288+0000] {dag.py:4180} INFO - Setting next_dagrun for example_skip_dag to 2025-06-16 00:00:00+00:00, run_after=2025-06-17 00:00:00+00:00
[2025-06-17T05:21:34.304+0000] {processor.py:208} INFO - Processing /home/airflow/.local/lib/python3.12/site-packages/airflow/example_dags/example_skip_dag.py took 0.061 seconds
[2025-06-17T05:22:05.543+0000] {processor.py:186} INFO - Started process (PID=154) to work on /home/airflow/.local/lib/python3.12/site-packages/airflow/example_dags/example_skip_dag.py
[2025-06-17T05:22:05.544+0000] {processor.py:914} INFO - Processing file /home/airflow/.local/lib/python3.12/site-packages/airflow/example_dags/example_skip_dag.py for tasks to queue
[2025-06-17T05:22:05.545+0000] {logging_mixin.py:190} INFO - [2025-06-17T05:22:05.545+0000] {dagbag.py:588} INFO - Filling up the DagBag from /home/airflow/.local/lib/python3.12/site-packages/airflow/example_dags/example_skip_dag.py
[2025-06-17T05:22:05.552+0000] {processor.py:925} INFO - DAG(s) 'example_skip_dag' retrieved from /home/airflow/.local/lib/python3.12/site-packages/airflow/example_dags/example_skip_dag.py
[2025-06-17T05:22:05.569+0000] {logging_mixin.py:190} INFO - [2025-06-17T05:22:05.569+0000] {dag.py:3239} INFO - Sync 1 DAGs
[2025-06-17T05:22:05.588+0000] {logging_mixin.py:190} INFO - [2025-06-17T05:22:05.588+0000] {dag.py:4180} INFO - Setting next_dagrun for example_skip_dag to 2025-06-16 00:00:00+00:00, run_after=2025-06-17 00:00:00+00:00
[2025-06-17T05:22:05.604+0000] {processor.py:208} INFO - Processing /home/airflow/.local/lib/python3.12/site-packages/airflow/example_dags/example_skip_dag.py took 0.065 seconds
[2025-06-17T05:22:36.309+0000] {processor.py:186} INFO - Started process (PID=217) to work on /home/airflow/.local/lib/python3.12/site-packages/airflow/example_dags/example_skip_dag.py
[2025-06-17T05:22:36.309+0000] {processor.py:914} INFO - Processing file /home/airflow/.local/lib/python3.12/site-packages/airflow/example_dags/example_skip_dag.py for tasks to queue
[2025-06-17T05:22:36.310+0000] {logging_mixin.py:190} INFO - [2025-06-17T05:22:36.310+0000] {dagbag.py:588} INFO - Filling up the DagBag from /home/airflow/.local/lib/python3.12/site-packages/airflow/example_dags/example_skip_dag.py
[2025-06-17T05:22:36.318+0000] {processor.py:925} INFO - DAG(s) 'example_skip_dag' retrieved from /home/airflow/.local/lib/python3.12/site-packages/airflow/example_dags/example_skip_dag.py
[2025-06-17T05:22:36.335+0000] {logging_mixin.py:190} INFO - [2025-06-17T05:22:36.335+0000] {dag.py:3239} INFO - Sync 1 DAGs
[2025-06-17T05:22:36.355+0000] {logging_mixin.py:190} INFO - [2025-06-17T05:22:36.355+0000] {dag.py:4180} INFO - Setting next_dagrun for example_skip_dag to 2025-06-16 00:00:00+00:00, run_after=2025-06-17 00:00:00+00:00
[2025-06-17T05:22:36.371+0000] {processor.py:208} INFO - Processing /home/airflow/.local/lib/python3.12/site-packages/airflow/example_dags/example_skip_dag.py took 0.067 seconds
[2025-06-17T05:23:07.210+0000] {processor.py:186} INFO - Started process (PID=280) to work on /home/airflow/.local/lib/python3.12/site-packages/airflow/example_dags/example_skip_dag.py
[2025-06-17T05:23:07.211+0000] {processor.py:914} INFO - Processing file /home/airflow/.local/lib/python3.12/site-packages/airflow/example_dags/example_skip_dag.py for tasks to queue
[2025-06-17T05:23:07.212+0000] {logging_mixin.py:190} INFO - [2025-06-17T05:23:07.211+0000] {dagbag.py:588} INFO - Filling up the DagBag from /home/airflow/.local/lib/python3.12/site-packages/airflow/example_dags/example_skip_dag.py
[2025-06-17T05:23:07.219+0000] {processor.py:925} INFO - DAG(s) 'example_skip_dag' retrieved from /home/airflow/.local/lib/python3.12/site-packages/airflow/example_dags/example_skip_dag.py
[2025-06-17T05:23:07.235+0000] {logging_mixin.py:190} INFO - [2025-06-17T05:23:07.235+0000] {dag.py:3239} INFO - Sync 1 DAGs
[2025-06-17T05:23:07.256+0000] {logging_mixin.py:190} INFO - [2025-06-17T05:23:07.256+0000] {dag.py:4180} INFO - Setting next_dagrun for example_skip_dag to 2025-06-16 00:00:00+00:00, run_after=2025-06-17 00:00:00+00:00
[2025-06-17T05:23:07.271+0000] {processor.py:208} INFO - Processing /home/airflow/.local/lib/python3.12/site-packages/airflow/example_dags/example_skip_dag.py took 0.065 seconds
[2025-06-17T05:23:38.527+0000] {processor.py:186} INFO - Started process (PID=343) to work on /home/airflow/.local/lib/python3.12/site-packages/airflow/example_dags/example_skip_dag.py
[2025-06-17T05:23:38.527+0000] {processor.py:914} INFO - Processing file /home/airflow/.local/lib/python3.12/site-packages/airflow/example_dags/example_skip_dag.py for tasks to queue
[2025-06-17T05:23:38.528+0000] {logging_mixin.py:190} INFO - [2025-06-17T05:23:38.528+0000] {dagbag.py:588} INFO - Filling up the DagBag from /home/airflow/.local/lib/python3.12/site-packages/airflow/example_dags/example_skip_dag.py
[2025-06-17T05:23:38.535+0000] {processor.py:925} INFO - DAG(s) 'example_skip_dag' retrieved from /home/airflow/.local/lib/python3.12/site-packages/airflow/example_dags/example_skip_dag.py
[2025-06-17T05:23:38.549+0000] {logging_mixin.py:190} INFO - [2025-06-17T05:23:38.549+0000] {dag.py:3239} INFO - Sync 1 DAGs
[2025-06-17T05:23:38.567+0000] {logging_mixin.py:190} INFO - [2025-06-17T05:23:38.567+0000] {dag.py:4180} INFO - Setting next_dagrun for example_skip_dag to 2025-06-16 00:00:00+00:00, run_after=2025-06-17 00:00:00+00:00
[2025-06-17T05:23:38.580+0000] {processor.py:208} INFO - Processing /home/airflow/.local/lib/python3.12/site-packages/airflow/example_dags/example_skip_dag.py took 0.058 seconds
