[2025-06-17T05:01:27.023+0000] {processor.py:186} INFO - Started process (PID=81) to work on /home/airflow/.local/lib/python3.12/site-packages/airflow/example_dags/example_sensors.py
[2025-06-17T05:01:27.023+0000] {processor.py:914} INFO - Processing file /home/airflow/.local/lib/python3.12/site-packages/airflow/example_dags/example_sensors.py for tasks to queue
[2025-06-17T05:01:27.024+0000] {logging_mixin.py:190} INFO - [2025-06-17T05:01:27.024+0000] {dagbag.py:588} INFO - Filling up the DagBag from /home/airflow/.local/lib/python3.12/site-packages/airflow/example_dags/example_sensors.py
[2025-06-17T05:01:27.035+0000] {processor.py:925} INFO - DAG(s) 'example_sensors' retrieved from /home/airflow/.local/lib/python3.12/site-packages/airflow/example_dags/example_sensors.py
[2025-06-17T05:01:27.125+0000] {logging_mixin.py:190} INFO - [2025-06-17T05:01:27.124+0000] {override.py:1912} INFO - Created Permission View: can read on DAG:example_sensors
[2025-06-17T05:01:27.133+0000] {logging_mixin.py:190} INFO - [2025-06-17T05:01:27.133+0000] {override.py:1912} INFO - Created Permission View: can edit on DAG:example_sensors
[2025-06-17T05:01:27.138+0000] {logging_mixin.py:190} INFO - [2025-06-17T05:01:27.138+0000] {override.py:1912} INFO - Created Permission View: can delete on DAG:example_sensors
[2025-06-17T05:01:27.146+0000] {logging_mixin.py:190} INFO - [2025-06-17T05:01:27.145+0000] {override.py:1912} INFO - Created Permission View: menu access on DAG Run:example_sensors
[2025-06-17T05:01:27.153+0000] {logging_mixin.py:190} INFO - [2025-06-17T05:01:27.153+0000] {override.py:1912} INFO - Created Permission View: can create on DAG Run:example_sensors
[2025-06-17T05:01:27.158+0000] {logging_mixin.py:190} INFO - [2025-06-17T05:01:27.158+0000] {override.py:1912} INFO - Created Permission View: can read on DAG Run:example_sensors
[2025-06-17T05:01:27.165+0000] {logging_mixin.py:190} INFO - [2025-06-17T05:01:27.164+0000] {override.py:1912} INFO - Created Permission View: can delete on DAG Run:example_sensors
[2025-06-17T05:01:27.165+0000] {logging_mixin.py:190} INFO - [2025-06-17T05:01:27.165+0000] {dag.py:3239} INFO - Sync 1 DAGs
[2025-06-17T05:01:27.176+0000] {logging_mixin.py:190} INFO - [2025-06-17T05:01:27.176+0000] {dag.py:3262} INFO - Creating ORM DAG for example_sensors
[2025-06-17T05:01:27.177+0000] {logging_mixin.py:190} INFO - [2025-06-17T05:01:27.177+0000] {dag.py:4180} INFO - Setting next_dagrun for example_sensors to None, run_after=None
[2025-06-17T05:01:27.191+0000] {processor.py:208} INFO - Processing /home/airflow/.local/lib/python3.12/site-packages/airflow/example_dags/example_sensors.py took 0.172 seconds
[2025-06-17T05:01:57.888+0000] {processor.py:186} INFO - Started process (PID=144) to work on /home/airflow/.local/lib/python3.12/site-packages/airflow/example_dags/example_sensors.py
[2025-06-17T05:01:57.889+0000] {processor.py:914} INFO - Processing file /home/airflow/.local/lib/python3.12/site-packages/airflow/example_dags/example_sensors.py for tasks to queue
[2025-06-17T05:01:57.889+0000] {logging_mixin.py:190} INFO - [2025-06-17T05:01:57.889+0000] {dagbag.py:588} INFO - Filling up the DagBag from /home/airflow/.local/lib/python3.12/site-packages/airflow/example_dags/example_sensors.py
[2025-06-17T05:01:57.899+0000] {processor.py:925} INFO - DAG(s) 'example_sensors' retrieved from /home/airflow/.local/lib/python3.12/site-packages/airflow/example_dags/example_sensors.py
[2025-06-17T05:01:57.918+0000] {logging_mixin.py:190} INFO - [2025-06-17T05:01:57.918+0000] {dag.py:3239} INFO - Sync 1 DAGs
[2025-06-17T05:01:57.929+0000] {logging_mixin.py:190} INFO - [2025-06-17T05:01:57.929+0000] {dag.py:4180} INFO - Setting next_dagrun for example_sensors to None, run_after=None
[2025-06-17T05:01:57.944+0000] {processor.py:208} INFO - Processing /home/airflow/.local/lib/python3.12/site-packages/airflow/example_dags/example_sensors.py took 0.061 seconds
[2025-06-17T05:02:28.822+0000] {processor.py:186} INFO - Started process (PID=207) to work on /home/airflow/.local/lib/python3.12/site-packages/airflow/example_dags/example_sensors.py
[2025-06-17T05:02:28.823+0000] {processor.py:914} INFO - Processing file /home/airflow/.local/lib/python3.12/site-packages/airflow/example_dags/example_sensors.py for tasks to queue
[2025-06-17T05:02:28.824+0000] {logging_mixin.py:190} INFO - [2025-06-17T05:02:28.823+0000] {dagbag.py:588} INFO - Filling up the DagBag from /home/airflow/.local/lib/python3.12/site-packages/airflow/example_dags/example_sensors.py
[2025-06-17T05:02:28.832+0000] {processor.py:925} INFO - DAG(s) 'example_sensors' retrieved from /home/airflow/.local/lib/python3.12/site-packages/airflow/example_dags/example_sensors.py
[2025-06-17T05:02:28.853+0000] {logging_mixin.py:190} INFO - [2025-06-17T05:02:28.853+0000] {dag.py:3239} INFO - Sync 1 DAGs
[2025-06-17T05:02:28.863+0000] {logging_mixin.py:190} INFO - [2025-06-17T05:02:28.863+0000] {dag.py:4180} INFO - Setting next_dagrun for example_sensors to None, run_after=None
[2025-06-17T05:02:28.877+0000] {processor.py:208} INFO - Processing /home/airflow/.local/lib/python3.12/site-packages/airflow/example_dags/example_sensors.py took 0.059 seconds
[2025-06-17T05:06:06.153+0000] {processor.py:186} INFO - Started process (PID=77) to work on /home/airflow/.local/lib/python3.12/site-packages/airflow/example_dags/example_sensors.py
[2025-06-17T05:06:06.154+0000] {processor.py:914} INFO - Processing file /home/airflow/.local/lib/python3.12/site-packages/airflow/example_dags/example_sensors.py for tasks to queue
[2025-06-17T05:06:06.155+0000] {logging_mixin.py:190} INFO - [2025-06-17T05:06:06.155+0000] {dagbag.py:588} INFO - Filling up the DagBag from /home/airflow/.local/lib/python3.12/site-packages/airflow/example_dags/example_sensors.py
[2025-06-17T05:06:06.165+0000] {processor.py:925} INFO - DAG(s) 'example_sensors' retrieved from /home/airflow/.local/lib/python3.12/site-packages/airflow/example_dags/example_sensors.py
[2025-06-17T05:06:06.190+0000] {logging_mixin.py:190} INFO - [2025-06-17T05:06:06.190+0000] {dag.py:3239} INFO - Sync 1 DAGs
[2025-06-17T05:06:06.201+0000] {logging_mixin.py:190} INFO - [2025-06-17T05:06:06.201+0000] {dag.py:4180} INFO - Setting next_dagrun for example_sensors to None, run_after=None
[2025-06-17T05:06:06.216+0000] {processor.py:208} INFO - Processing /home/airflow/.local/lib/python3.12/site-packages/airflow/example_dags/example_sensors.py took 0.067 seconds
[2025-06-17T05:06:37.266+0000] {processor.py:186} INFO - Started process (PID=146) to work on /home/airflow/.local/lib/python3.12/site-packages/airflow/example_dags/example_sensors.py
[2025-06-17T05:06:37.266+0000] {processor.py:914} INFO - Processing file /home/airflow/.local/lib/python3.12/site-packages/airflow/example_dags/example_sensors.py for tasks to queue
[2025-06-17T05:06:37.267+0000] {logging_mixin.py:190} INFO - [2025-06-17T05:06:37.267+0000] {dagbag.py:588} INFO - Filling up the DagBag from /home/airflow/.local/lib/python3.12/site-packages/airflow/example_dags/example_sensors.py
[2025-06-17T05:06:37.275+0000] {processor.py:925} INFO - DAG(s) 'example_sensors' retrieved from /home/airflow/.local/lib/python3.12/site-packages/airflow/example_dags/example_sensors.py
[2025-06-17T05:06:37.297+0000] {logging_mixin.py:190} INFO - [2025-06-17T05:06:37.296+0000] {dag.py:3239} INFO - Sync 1 DAGs
[2025-06-17T05:06:37.308+0000] {logging_mixin.py:190} INFO - [2025-06-17T05:06:37.308+0000] {dag.py:4180} INFO - Setting next_dagrun for example_sensors to None, run_after=None
[2025-06-17T05:06:37.327+0000] {processor.py:208} INFO - Processing /home/airflow/.local/lib/python3.12/site-packages/airflow/example_dags/example_sensors.py took 0.066 seconds
[2025-06-17T05:09:00.058+0000] {processor.py:186} INFO - Started process (PID=81) to work on /home/airflow/.local/lib/python3.12/site-packages/airflow/example_dags/example_sensors.py
[2025-06-17T05:09:00.059+0000] {processor.py:914} INFO - Processing file /home/airflow/.local/lib/python3.12/site-packages/airflow/example_dags/example_sensors.py for tasks to queue
[2025-06-17T05:09:00.060+0000] {logging_mixin.py:190} INFO - [2025-06-17T05:09:00.060+0000] {dagbag.py:588} INFO - Filling up the DagBag from /home/airflow/.local/lib/python3.12/site-packages/airflow/example_dags/example_sensors.py
[2025-06-17T05:09:00.070+0000] {processor.py:925} INFO - DAG(s) 'example_sensors' retrieved from /home/airflow/.local/lib/python3.12/site-packages/airflow/example_dags/example_sensors.py
[2025-06-17T05:09:00.094+0000] {logging_mixin.py:190} INFO - [2025-06-17T05:09:00.093+0000] {dag.py:3239} INFO - Sync 1 DAGs
[2025-06-17T05:09:00.104+0000] {logging_mixin.py:190} INFO - [2025-06-17T05:09:00.104+0000] {dag.py:4180} INFO - Setting next_dagrun for example_sensors to None, run_after=None
[2025-06-17T05:09:00.120+0000] {processor.py:208} INFO - Processing /home/airflow/.local/lib/python3.12/site-packages/airflow/example_dags/example_sensors.py took 0.066 seconds
[2025-06-17T05:09:30.945+0000] {processor.py:186} INFO - Started process (PID=144) to work on /home/airflow/.local/lib/python3.12/site-packages/airflow/example_dags/example_sensors.py
[2025-06-17T05:09:30.946+0000] {processor.py:914} INFO - Processing file /home/airflow/.local/lib/python3.12/site-packages/airflow/example_dags/example_sensors.py for tasks to queue
[2025-06-17T05:09:30.947+0000] {logging_mixin.py:190} INFO - [2025-06-17T05:09:30.947+0000] {dagbag.py:588} INFO - Filling up the DagBag from /home/airflow/.local/lib/python3.12/site-packages/airflow/example_dags/example_sensors.py
[2025-06-17T05:09:30.959+0000] {processor.py:925} INFO - DAG(s) 'example_sensors' retrieved from /home/airflow/.local/lib/python3.12/site-packages/airflow/example_dags/example_sensors.py
[2025-06-17T05:09:30.979+0000] {logging_mixin.py:190} INFO - [2025-06-17T05:09:30.978+0000] {dag.py:3239} INFO - Sync 1 DAGs
[2025-06-17T05:09:30.989+0000] {logging_mixin.py:190} INFO - [2025-06-17T05:09:30.989+0000] {dag.py:4180} INFO - Setting next_dagrun for example_sensors to None, run_after=None
[2025-06-17T05:09:31.006+0000] {processor.py:208} INFO - Processing /home/airflow/.local/lib/python3.12/site-packages/airflow/example_dags/example_sensors.py took 0.066 seconds
[2025-06-17T05:10:01.578+0000] {processor.py:186} INFO - Started process (PID=207) to work on /home/airflow/.local/lib/python3.12/site-packages/airflow/example_dags/example_sensors.py
[2025-06-17T05:10:01.579+0000] {processor.py:914} INFO - Processing file /home/airflow/.local/lib/python3.12/site-packages/airflow/example_dags/example_sensors.py for tasks to queue
[2025-06-17T05:10:01.580+0000] {logging_mixin.py:190} INFO - [2025-06-17T05:10:01.579+0000] {dagbag.py:588} INFO - Filling up the DagBag from /home/airflow/.local/lib/python3.12/site-packages/airflow/example_dags/example_sensors.py
[2025-06-17T05:10:01.591+0000] {processor.py:925} INFO - DAG(s) 'example_sensors' retrieved from /home/airflow/.local/lib/python3.12/site-packages/airflow/example_dags/example_sensors.py
[2025-06-17T05:10:01.614+0000] {logging_mixin.py:190} INFO - [2025-06-17T05:10:01.614+0000] {dag.py:3239} INFO - Sync 1 DAGs
[2025-06-17T05:10:01.626+0000] {logging_mixin.py:190} INFO - [2025-06-17T05:10:01.626+0000] {dag.py:4180} INFO - Setting next_dagrun for example_sensors to None, run_after=None
[2025-06-17T05:10:01.641+0000] {processor.py:208} INFO - Processing /home/airflow/.local/lib/python3.12/site-packages/airflow/example_dags/example_sensors.py took 0.068 seconds
[2025-06-17T05:10:33.065+0000] {processor.py:186} INFO - Started process (PID=270) to work on /home/airflow/.local/lib/python3.12/site-packages/airflow/example_dags/example_sensors.py
[2025-06-17T05:10:33.065+0000] {processor.py:914} INFO - Processing file /home/airflow/.local/lib/python3.12/site-packages/airflow/example_dags/example_sensors.py for tasks to queue
[2025-06-17T05:10:33.066+0000] {logging_mixin.py:190} INFO - [2025-06-17T05:10:33.066+0000] {dagbag.py:588} INFO - Filling up the DagBag from /home/airflow/.local/lib/python3.12/site-packages/airflow/example_dags/example_sensors.py
[2025-06-17T05:10:33.075+0000] {processor.py:925} INFO - DAG(s) 'example_sensors' retrieved from /home/airflow/.local/lib/python3.12/site-packages/airflow/example_dags/example_sensors.py
[2025-06-17T05:10:33.094+0000] {logging_mixin.py:190} INFO - [2025-06-17T05:10:33.093+0000] {dag.py:3239} INFO - Sync 1 DAGs
[2025-06-17T05:10:33.103+0000] {logging_mixin.py:190} INFO - [2025-06-17T05:10:33.103+0000] {dag.py:4180} INFO - Setting next_dagrun for example_sensors to None, run_after=None
[2025-06-17T05:10:33.119+0000] {processor.py:208} INFO - Processing /home/airflow/.local/lib/python3.12/site-packages/airflow/example_dags/example_sensors.py took 0.058 seconds
[2025-06-17T05:11:03.965+0000] {processor.py:186} INFO - Started process (PID=333) to work on /home/airflow/.local/lib/python3.12/site-packages/airflow/example_dags/example_sensors.py
[2025-06-17T05:11:03.965+0000] {processor.py:914} INFO - Processing file /home/airflow/.local/lib/python3.12/site-packages/airflow/example_dags/example_sensors.py for tasks to queue
[2025-06-17T05:11:03.966+0000] {logging_mixin.py:190} INFO - [2025-06-17T05:11:03.966+0000] {dagbag.py:588} INFO - Filling up the DagBag from /home/airflow/.local/lib/python3.12/site-packages/airflow/example_dags/example_sensors.py
[2025-06-17T05:11:03.975+0000] {processor.py:925} INFO - DAG(s) 'example_sensors' retrieved from /home/airflow/.local/lib/python3.12/site-packages/airflow/example_dags/example_sensors.py
[2025-06-17T05:11:03.997+0000] {logging_mixin.py:190} INFO - [2025-06-17T05:11:03.997+0000] {dag.py:3239} INFO - Sync 1 DAGs
[2025-06-17T05:11:04.010+0000] {logging_mixin.py:190} INFO - [2025-06-17T05:11:04.010+0000] {dag.py:4180} INFO - Setting next_dagrun for example_sensors to None, run_after=None
[2025-06-17T05:11:04.031+0000] {processor.py:208} INFO - Processing /home/airflow/.local/lib/python3.12/site-packages/airflow/example_dags/example_sensors.py took 0.071 seconds
[2025-06-17T05:11:34.688+0000] {processor.py:186} INFO - Started process (PID=395) to work on /home/airflow/.local/lib/python3.12/site-packages/airflow/example_dags/example_sensors.py
[2025-06-17T05:11:34.688+0000] {processor.py:914} INFO - Processing file /home/airflow/.local/lib/python3.12/site-packages/airflow/example_dags/example_sensors.py for tasks to queue
[2025-06-17T05:11:34.689+0000] {logging_mixin.py:190} INFO - [2025-06-17T05:11:34.689+0000] {dagbag.py:588} INFO - Filling up the DagBag from /home/airflow/.local/lib/python3.12/site-packages/airflow/example_dags/example_sensors.py
[2025-06-17T05:11:34.698+0000] {processor.py:925} INFO - DAG(s) 'example_sensors' retrieved from /home/airflow/.local/lib/python3.12/site-packages/airflow/example_dags/example_sensors.py
[2025-06-17T05:11:34.717+0000] {logging_mixin.py:190} INFO - [2025-06-17T05:11:34.716+0000] {dag.py:3239} INFO - Sync 1 DAGs
[2025-06-17T05:11:34.727+0000] {logging_mixin.py:190} INFO - [2025-06-17T05:11:34.727+0000] {dag.py:4180} INFO - Setting next_dagrun for example_sensors to None, run_after=None
[2025-06-17T05:11:34.741+0000] {processor.py:208} INFO - Processing /home/airflow/.local/lib/python3.12/site-packages/airflow/example_dags/example_sensors.py took 0.058 seconds
[2025-06-17T05:12:05.622+0000] {processor.py:186} INFO - Started process (PID=459) to work on /home/airflow/.local/lib/python3.12/site-packages/airflow/example_dags/example_sensors.py
[2025-06-17T05:12:05.622+0000] {processor.py:914} INFO - Processing file /home/airflow/.local/lib/python3.12/site-packages/airflow/example_dags/example_sensors.py for tasks to queue
[2025-06-17T05:12:05.623+0000] {logging_mixin.py:190} INFO - [2025-06-17T05:12:05.623+0000] {dagbag.py:588} INFO - Filling up the DagBag from /home/airflow/.local/lib/python3.12/site-packages/airflow/example_dags/example_sensors.py
[2025-06-17T05:12:05.633+0000] {processor.py:925} INFO - DAG(s) 'example_sensors' retrieved from /home/airflow/.local/lib/python3.12/site-packages/airflow/example_dags/example_sensors.py
[2025-06-17T05:12:05.654+0000] {logging_mixin.py:190} INFO - [2025-06-17T05:12:05.654+0000] {dag.py:3239} INFO - Sync 1 DAGs
[2025-06-17T05:12:05.666+0000] {logging_mixin.py:190} INFO - [2025-06-17T05:12:05.666+0000] {dag.py:4180} INFO - Setting next_dagrun for example_sensors to None, run_after=None
[2025-06-17T05:12:05.682+0000] {processor.py:208} INFO - Processing /home/airflow/.local/lib/python3.12/site-packages/airflow/example_dags/example_sensors.py took 0.065 seconds
[2025-06-17T05:12:36.219+0000] {processor.py:186} INFO - Started process (PID=521) to work on /home/airflow/.local/lib/python3.12/site-packages/airflow/example_dags/example_sensors.py
[2025-06-17T05:12:36.219+0000] {processor.py:914} INFO - Processing file /home/airflow/.local/lib/python3.12/site-packages/airflow/example_dags/example_sensors.py for tasks to queue
[2025-06-17T05:12:36.220+0000] {logging_mixin.py:190} INFO - [2025-06-17T05:12:36.220+0000] {dagbag.py:588} INFO - Filling up the DagBag from /home/airflow/.local/lib/python3.12/site-packages/airflow/example_dags/example_sensors.py
[2025-06-17T05:12:36.229+0000] {processor.py:925} INFO - DAG(s) 'example_sensors' retrieved from /home/airflow/.local/lib/python3.12/site-packages/airflow/example_dags/example_sensors.py
[2025-06-17T05:12:36.248+0000] {logging_mixin.py:190} INFO - [2025-06-17T05:12:36.248+0000] {dag.py:3239} INFO - Sync 1 DAGs
[2025-06-17T05:12:36.259+0000] {logging_mixin.py:190} INFO - [2025-06-17T05:12:36.259+0000] {dag.py:4180} INFO - Setting next_dagrun for example_sensors to None, run_after=None
[2025-06-17T05:12:36.276+0000] {processor.py:208} INFO - Processing /home/airflow/.local/lib/python3.12/site-packages/airflow/example_dags/example_sensors.py took 0.062 seconds
[2025-06-17T05:13:06.883+0000] {processor.py:186} INFO - Started process (PID=584) to work on /home/airflow/.local/lib/python3.12/site-packages/airflow/example_dags/example_sensors.py
[2025-06-17T05:13:06.883+0000] {processor.py:914} INFO - Processing file /home/airflow/.local/lib/python3.12/site-packages/airflow/example_dags/example_sensors.py for tasks to queue
[2025-06-17T05:13:06.884+0000] {logging_mixin.py:190} INFO - [2025-06-17T05:13:06.884+0000] {dagbag.py:588} INFO - Filling up the DagBag from /home/airflow/.local/lib/python3.12/site-packages/airflow/example_dags/example_sensors.py
[2025-06-17T05:13:06.893+0000] {processor.py:925} INFO - DAG(s) 'example_sensors' retrieved from /home/airflow/.local/lib/python3.12/site-packages/airflow/example_dags/example_sensors.py
[2025-06-17T05:13:06.911+0000] {logging_mixin.py:190} INFO - [2025-06-17T05:13:06.910+0000] {dag.py:3239} INFO - Sync 1 DAGs
[2025-06-17T05:13:06.920+0000] {logging_mixin.py:190} INFO - [2025-06-17T05:13:06.920+0000] {dag.py:4180} INFO - Setting next_dagrun for example_sensors to None, run_after=None
[2025-06-17T05:13:06.935+0000] {processor.py:208} INFO - Processing /home/airflow/.local/lib/python3.12/site-packages/airflow/example_dags/example_sensors.py took 0.056 seconds
[2025-06-17T05:13:37.524+0000] {processor.py:186} INFO - Started process (PID=648) to work on /home/airflow/.local/lib/python3.12/site-packages/airflow/example_dags/example_sensors.py
[2025-06-17T05:13:37.525+0000] {processor.py:914} INFO - Processing file /home/airflow/.local/lib/python3.12/site-packages/airflow/example_dags/example_sensors.py for tasks to queue
[2025-06-17T05:13:37.526+0000] {logging_mixin.py:190} INFO - [2025-06-17T05:13:37.525+0000] {dagbag.py:588} INFO - Filling up the DagBag from /home/airflow/.local/lib/python3.12/site-packages/airflow/example_dags/example_sensors.py
[2025-06-17T05:13:37.535+0000] {processor.py:925} INFO - DAG(s) 'example_sensors' retrieved from /home/airflow/.local/lib/python3.12/site-packages/airflow/example_dags/example_sensors.py
[2025-06-17T05:13:37.555+0000] {logging_mixin.py:190} INFO - [2025-06-17T05:13:37.555+0000] {dag.py:3239} INFO - Sync 1 DAGs
[2025-06-17T05:13:37.566+0000] {logging_mixin.py:190} INFO - [2025-06-17T05:13:37.565+0000] {dag.py:4180} INFO - Setting next_dagrun for example_sensors to None, run_after=None
[2025-06-17T05:13:37.579+0000] {processor.py:208} INFO - Processing /home/airflow/.local/lib/python3.12/site-packages/airflow/example_dags/example_sensors.py took 0.060 seconds
[2025-06-17T05:14:08.309+0000] {processor.py:186} INFO - Started process (PID=711) to work on /home/airflow/.local/lib/python3.12/site-packages/airflow/example_dags/example_sensors.py
[2025-06-17T05:14:08.310+0000] {processor.py:914} INFO - Processing file /home/airflow/.local/lib/python3.12/site-packages/airflow/example_dags/example_sensors.py for tasks to queue
[2025-06-17T05:14:08.311+0000] {logging_mixin.py:190} INFO - [2025-06-17T05:14:08.311+0000] {dagbag.py:588} INFO - Filling up the DagBag from /home/airflow/.local/lib/python3.12/site-packages/airflow/example_dags/example_sensors.py
[2025-06-17T05:14:08.323+0000] {processor.py:925} INFO - DAG(s) 'example_sensors' retrieved from /home/airflow/.local/lib/python3.12/site-packages/airflow/example_dags/example_sensors.py
[2025-06-17T05:14:08.344+0000] {logging_mixin.py:190} INFO - [2025-06-17T05:14:08.343+0000] {dag.py:3239} INFO - Sync 1 DAGs
[2025-06-17T05:14:08.356+0000] {logging_mixin.py:190} INFO - [2025-06-17T05:14:08.356+0000] {dag.py:4180} INFO - Setting next_dagrun for example_sensors to None, run_after=None
[2025-06-17T05:14:08.372+0000] {processor.py:208} INFO - Processing /home/airflow/.local/lib/python3.12/site-packages/airflow/example_dags/example_sensors.py took 0.070 seconds
[2025-06-17T05:17:46.822+0000] {processor.py:186} INFO - Started process (PID=82) to work on /home/airflow/.local/lib/python3.12/site-packages/airflow/example_dags/example_sensors.py
[2025-06-17T05:17:46.822+0000] {processor.py:914} INFO - Processing file /home/airflow/.local/lib/python3.12/site-packages/airflow/example_dags/example_sensors.py for tasks to queue
[2025-06-17T05:17:46.823+0000] {logging_mixin.py:190} INFO - [2025-06-17T05:17:46.823+0000] {dagbag.py:588} INFO - Filling up the DagBag from /home/airflow/.local/lib/python3.12/site-packages/airflow/example_dags/example_sensors.py
[2025-06-17T05:17:46.835+0000] {processor.py:925} INFO - DAG(s) 'example_sensors' retrieved from /home/airflow/.local/lib/python3.12/site-packages/airflow/example_dags/example_sensors.py
[2025-06-17T05:17:46.926+0000] {logging_mixin.py:190} INFO - [2025-06-17T05:17:46.926+0000] {override.py:1912} INFO - Created Permission View: can read on DAG:example_sensors
[2025-06-17T05:17:46.937+0000] {logging_mixin.py:190} INFO - [2025-06-17T05:17:46.936+0000] {override.py:1912} INFO - Created Permission View: can delete on DAG:example_sensors
[2025-06-17T05:17:46.943+0000] {logging_mixin.py:190} INFO - [2025-06-17T05:17:46.943+0000] {override.py:1912} INFO - Created Permission View: can edit on DAG:example_sensors
[2025-06-17T05:17:46.952+0000] {logging_mixin.py:190} INFO - [2025-06-17T05:17:46.952+0000] {override.py:1912} INFO - Created Permission View: can read on DAG Run:example_sensors
[2025-06-17T05:17:46.958+0000] {logging_mixin.py:190} INFO - [2025-06-17T05:17:46.958+0000] {override.py:1912} INFO - Created Permission View: can delete on DAG Run:example_sensors
[2025-06-17T05:17:46.966+0000] {logging_mixin.py:190} INFO - [2025-06-17T05:17:46.966+0000] {override.py:1912} INFO - Created Permission View: menu access on DAG Run:example_sensors
[2025-06-17T05:17:46.973+0000] {logging_mixin.py:190} INFO - [2025-06-17T05:17:46.972+0000] {override.py:1912} INFO - Created Permission View: can create on DAG Run:example_sensors
[2025-06-17T05:17:46.973+0000] {logging_mixin.py:190} INFO - [2025-06-17T05:17:46.973+0000] {dag.py:3239} INFO - Sync 1 DAGs
[2025-06-17T05:17:46.985+0000] {logging_mixin.py:190} INFO - [2025-06-17T05:17:46.984+0000] {dag.py:3262} INFO - Creating ORM DAG for example_sensors
[2025-06-17T05:17:46.985+0000] {logging_mixin.py:190} INFO - [2025-06-17T05:17:46.985+0000] {dag.py:4180} INFO - Setting next_dagrun for example_sensors to None, run_after=None
[2025-06-17T05:17:47.000+0000] {processor.py:208} INFO - Processing /home/airflow/.local/lib/python3.12/site-packages/airflow/example_dags/example_sensors.py took 0.184 seconds
[2025-06-17T05:19:14.545+0000] {processor.py:186} INFO - Started process (PID=82) to work on /home/airflow/.local/lib/python3.12/site-packages/airflow/example_dags/example_sensors.py
[2025-06-17T05:19:14.546+0000] {processor.py:914} INFO - Processing file /home/airflow/.local/lib/python3.12/site-packages/airflow/example_dags/example_sensors.py for tasks to queue
[2025-06-17T05:19:14.547+0000] {logging_mixin.py:190} INFO - [2025-06-17T05:19:14.547+0000] {dagbag.py:588} INFO - Filling up the DagBag from /home/airflow/.local/lib/python3.12/site-packages/airflow/example_dags/example_sensors.py
[2025-06-17T05:19:14.559+0000] {processor.py:925} INFO - DAG(s) 'example_sensors' retrieved from /home/airflow/.local/lib/python3.12/site-packages/airflow/example_dags/example_sensors.py
[2025-06-17T05:19:14.588+0000] {logging_mixin.py:190} INFO - [2025-06-17T05:19:14.588+0000] {dag.py:3239} INFO - Sync 1 DAGs
[2025-06-17T05:19:14.599+0000] {logging_mixin.py:190} INFO - [2025-06-17T05:19:14.599+0000] {dag.py:4180} INFO - Setting next_dagrun for example_sensors to None, run_after=None
[2025-06-17T05:19:14.614+0000] {processor.py:208} INFO - Processing /home/airflow/.local/lib/python3.12/site-packages/airflow/example_dags/example_sensors.py took 0.073 seconds
[2025-06-17T05:19:45.008+0000] {processor.py:186} INFO - Started process (PID=144) to work on /home/airflow/.local/lib/python3.12/site-packages/airflow/example_dags/example_sensors.py
[2025-06-17T05:19:45.009+0000] {processor.py:914} INFO - Processing file /home/airflow/.local/lib/python3.12/site-packages/airflow/example_dags/example_sensors.py for tasks to queue
[2025-06-17T05:19:45.010+0000] {logging_mixin.py:190} INFO - [2025-06-17T05:19:45.009+0000] {dagbag.py:588} INFO - Filling up the DagBag from /home/airflow/.local/lib/python3.12/site-packages/airflow/example_dags/example_sensors.py
[2025-06-17T05:19:45.019+0000] {processor.py:925} INFO - DAG(s) 'example_sensors' retrieved from /home/airflow/.local/lib/python3.12/site-packages/airflow/example_dags/example_sensors.py
[2025-06-17T05:19:45.038+0000] {logging_mixin.py:190} INFO - [2025-06-17T05:19:45.037+0000] {dag.py:3239} INFO - Sync 1 DAGs
[2025-06-17T05:19:45.047+0000] {logging_mixin.py:190} INFO - [2025-06-17T05:19:45.047+0000] {dag.py:4180} INFO - Setting next_dagrun for example_sensors to None, run_after=None
[2025-06-17T05:19:45.061+0000] {processor.py:208} INFO - Processing /home/airflow/.local/lib/python3.12/site-packages/airflow/example_dags/example_sensors.py took 0.057 seconds
[2025-06-17T05:21:33.668+0000] {processor.py:186} INFO - Started process (PID=82) to work on /home/airflow/.local/lib/python3.12/site-packages/airflow/example_dags/example_sensors.py
[2025-06-17T05:21:33.668+0000] {processor.py:914} INFO - Processing file /home/airflow/.local/lib/python3.12/site-packages/airflow/example_dags/example_sensors.py for tasks to queue
[2025-06-17T05:21:33.669+0000] {logging_mixin.py:190} INFO - [2025-06-17T05:21:33.669+0000] {dagbag.py:588} INFO - Filling up the DagBag from /home/airflow/.local/lib/python3.12/site-packages/airflow/example_dags/example_sensors.py
[2025-06-17T05:21:33.679+0000] {processor.py:925} INFO - DAG(s) 'example_sensors' retrieved from /home/airflow/.local/lib/python3.12/site-packages/airflow/example_dags/example_sensors.py
[2025-06-17T05:21:33.705+0000] {logging_mixin.py:190} INFO - [2025-06-17T05:21:33.705+0000] {dag.py:3239} INFO - Sync 1 DAGs
[2025-06-17T05:21:33.715+0000] {logging_mixin.py:190} INFO - [2025-06-17T05:21:33.715+0000] {dag.py:4180} INFO - Setting next_dagrun for example_sensors to None, run_after=None
[2025-06-17T05:21:33.730+0000] {processor.py:208} INFO - Processing /home/airflow/.local/lib/python3.12/site-packages/airflow/example_dags/example_sensors.py took 0.068 seconds
[2025-06-17T05:22:05.097+0000] {processor.py:186} INFO - Started process (PID=145) to work on /home/airflow/.local/lib/python3.12/site-packages/airflow/example_dags/example_sensors.py
[2025-06-17T05:22:05.097+0000] {processor.py:914} INFO - Processing file /home/airflow/.local/lib/python3.12/site-packages/airflow/example_dags/example_sensors.py for tasks to queue
[2025-06-17T05:22:05.098+0000] {logging_mixin.py:190} INFO - [2025-06-17T05:22:05.098+0000] {dagbag.py:588} INFO - Filling up the DagBag from /home/airflow/.local/lib/python3.12/site-packages/airflow/example_dags/example_sensors.py
[2025-06-17T05:22:05.107+0000] {processor.py:925} INFO - DAG(s) 'example_sensors' retrieved from /home/airflow/.local/lib/python3.12/site-packages/airflow/example_dags/example_sensors.py
[2025-06-17T05:22:05.127+0000] {logging_mixin.py:190} INFO - [2025-06-17T05:22:05.127+0000] {dag.py:3239} INFO - Sync 1 DAGs
[2025-06-17T05:22:05.138+0000] {logging_mixin.py:190} INFO - [2025-06-17T05:22:05.138+0000] {dag.py:4180} INFO - Setting next_dagrun for example_sensors to None, run_after=None
[2025-06-17T05:22:05.152+0000] {processor.py:208} INFO - Processing /home/airflow/.local/lib/python3.12/site-packages/airflow/example_dags/example_sensors.py took 0.060 seconds
[2025-06-17T05:22:35.843+0000] {processor.py:186} INFO - Started process (PID=208) to work on /home/airflow/.local/lib/python3.12/site-packages/airflow/example_dags/example_sensors.py
[2025-06-17T05:22:35.844+0000] {processor.py:914} INFO - Processing file /home/airflow/.local/lib/python3.12/site-packages/airflow/example_dags/example_sensors.py for tasks to queue
[2025-06-17T05:22:35.845+0000] {logging_mixin.py:190} INFO - [2025-06-17T05:22:35.844+0000] {dagbag.py:588} INFO - Filling up the DagBag from /home/airflow/.local/lib/python3.12/site-packages/airflow/example_dags/example_sensors.py
[2025-06-17T05:22:35.855+0000] {processor.py:925} INFO - DAG(s) 'example_sensors' retrieved from /home/airflow/.local/lib/python3.12/site-packages/airflow/example_dags/example_sensors.py
[2025-06-17T05:22:35.876+0000] {logging_mixin.py:190} INFO - [2025-06-17T05:22:35.875+0000] {dag.py:3239} INFO - Sync 1 DAGs
[2025-06-17T05:22:35.887+0000] {logging_mixin.py:190} INFO - [2025-06-17T05:22:35.887+0000] {dag.py:4180} INFO - Setting next_dagrun for example_sensors to None, run_after=None
[2025-06-17T05:22:35.902+0000] {processor.py:208} INFO - Processing /home/airflow/.local/lib/python3.12/site-packages/airflow/example_dags/example_sensors.py took 0.065 seconds
[2025-06-17T05:23:06.649+0000] {processor.py:186} INFO - Started process (PID=271) to work on /home/airflow/.local/lib/python3.12/site-packages/airflow/example_dags/example_sensors.py
[2025-06-17T05:23:06.650+0000] {processor.py:914} INFO - Processing file /home/airflow/.local/lib/python3.12/site-packages/airflow/example_dags/example_sensors.py for tasks to queue
[2025-06-17T05:23:06.651+0000] {logging_mixin.py:190} INFO - [2025-06-17T05:23:06.651+0000] {dagbag.py:588} INFO - Filling up the DagBag from /home/airflow/.local/lib/python3.12/site-packages/airflow/example_dags/example_sensors.py
[2025-06-17T05:23:06.659+0000] {processor.py:925} INFO - DAG(s) 'example_sensors' retrieved from /home/airflow/.local/lib/python3.12/site-packages/airflow/example_dags/example_sensors.py
[2025-06-17T05:23:06.679+0000] {logging_mixin.py:190} INFO - [2025-06-17T05:23:06.679+0000] {dag.py:3239} INFO - Sync 1 DAGs
[2025-06-17T05:23:06.689+0000] {logging_mixin.py:190} INFO - [2025-06-17T05:23:06.689+0000] {dag.py:4180} INFO - Setting next_dagrun for example_sensors to None, run_after=None
[2025-06-17T05:23:06.704+0000] {processor.py:208} INFO - Processing /home/airflow/.local/lib/python3.12/site-packages/airflow/example_dags/example_sensors.py took 0.059 seconds
[2025-06-17T05:23:38.116+0000] {processor.py:186} INFO - Started process (PID=334) to work on /home/airflow/.local/lib/python3.12/site-packages/airflow/example_dags/example_sensors.py
[2025-06-17T05:23:38.117+0000] {processor.py:914} INFO - Processing file /home/airflow/.local/lib/python3.12/site-packages/airflow/example_dags/example_sensors.py for tasks to queue
[2025-06-17T05:23:38.118+0000] {logging_mixin.py:190} INFO - [2025-06-17T05:23:38.117+0000] {dagbag.py:588} INFO - Filling up the DagBag from /home/airflow/.local/lib/python3.12/site-packages/airflow/example_dags/example_sensors.py
[2025-06-17T05:23:38.126+0000] {processor.py:925} INFO - DAG(s) 'example_sensors' retrieved from /home/airflow/.local/lib/python3.12/site-packages/airflow/example_dags/example_sensors.py
[2025-06-17T05:23:38.147+0000] {logging_mixin.py:190} INFO - [2025-06-17T05:23:38.146+0000] {dag.py:3239} INFO - Sync 1 DAGs
[2025-06-17T05:23:38.158+0000] {logging_mixin.py:190} INFO - [2025-06-17T05:23:38.158+0000] {dag.py:4180} INFO - Setting next_dagrun for example_sensors to None, run_after=None
[2025-06-17T05:23:38.173+0000] {processor.py:208} INFO - Processing /home/airflow/.local/lib/python3.12/site-packages/airflow/example_dags/example_sensors.py took 0.062 seconds
