[2025-06-17T05:01:28.308+0000] {processor.py:186} INFO - Started process (PID=93) to work on /home/airflow/.local/lib/python3.12/site-packages/airflow/example_dags/example_dataset_alias_with_no_taskflow.py
[2025-06-17T05:01:28.308+0000] {processor.py:914} INFO - Processing file /home/airflow/.local/lib/python3.12/site-packages/airflow/example_dags/example_dataset_alias_with_no_taskflow.py for tasks to queue
[2025-06-17T05:01:28.309+0000] {logging_mixin.py:190} INFO - [2025-06-17T05:01:28.309+0000] {dagbag.py:588} INFO - Filling up the DagBag from /home/airflow/.local/lib/python3.12/site-packages/airflow/example_dags/example_dataset_alias_with_no_taskflow.py
[2025-06-17T05:01:28.753+0000] {processor.py:925} INFO - DAG(s) 'dataset_s3_bucket_producer_with_no_taskflow', 'dataset_alias_example_alias_producer_with_no_taskflow', 'dataset_s3_bucket_consumer_with_no_taskflow', 'dataset_alias_example_alias_consumer_with_no_taskflow' retrieved from /home/airflow/.local/lib/python3.12/site-packages/airflow/example_dags/example_dataset_alias_with_no_taskflow.py
[2025-06-17T05:01:28.826+0000] {logging_mixin.py:190} INFO - [2025-06-17T05:01:28.825+0000] {override.py:1912} INFO - Created Permission View: can read on DAG:dataset_s3_bucket_producer_with_no_taskflow
[2025-06-17T05:01:28.835+0000] {logging_mixin.py:190} INFO - [2025-06-17T05:01:28.835+0000] {override.py:1912} INFO - Created Permission View: can edit on DAG:dataset_s3_bucket_producer_with_no_taskflow
[2025-06-17T05:01:28.842+0000] {logging_mixin.py:190} INFO - [2025-06-17T05:01:28.842+0000] {override.py:1912} INFO - Created Permission View: can delete on DAG:dataset_s3_bucket_producer_with_no_taskflow
[2025-06-17T05:01:28.851+0000] {logging_mixin.py:190} INFO - [2025-06-17T05:01:28.851+0000] {override.py:1912} INFO - Created Permission View: menu access on DAG Run:dataset_s3_bucket_producer_with_no_taskflow
[2025-06-17T05:01:28.858+0000] {logging_mixin.py:190} INFO - [2025-06-17T05:01:28.858+0000] {override.py:1912} INFO - Created Permission View: can create on DAG Run:dataset_s3_bucket_producer_with_no_taskflow
[2025-06-17T05:01:28.868+0000] {logging_mixin.py:190} INFO - [2025-06-17T05:01:28.867+0000] {override.py:1912} INFO - Created Permission View: can read on DAG Run:dataset_s3_bucket_producer_with_no_taskflow
[2025-06-17T05:01:28.877+0000] {logging_mixin.py:190} INFO - [2025-06-17T05:01:28.876+0000] {override.py:1912} INFO - Created Permission View: can delete on DAG Run:dataset_s3_bucket_producer_with_no_taskflow
[2025-06-17T05:01:28.892+0000] {logging_mixin.py:190} INFO - [2025-06-17T05:01:28.892+0000] {override.py:1912} INFO - Created Permission View: can read on DAG:dataset_alias_example_alias_producer_with_no_taskflow
[2025-06-17T05:01:28.898+0000] {logging_mixin.py:190} INFO - [2025-06-17T05:01:28.898+0000] {override.py:1912} INFO - Created Permission View: can edit on DAG:dataset_alias_example_alias_producer_with_no_taskflow
[2025-06-17T05:01:28.904+0000] {logging_mixin.py:190} INFO - [2025-06-17T05:01:28.904+0000] {override.py:1912} INFO - Created Permission View: can delete on DAG:dataset_alias_example_alias_producer_with_no_taskflow
[2025-06-17T05:01:28.912+0000] {logging_mixin.py:190} INFO - [2025-06-17T05:01:28.912+0000] {override.py:1912} INFO - Created Permission View: menu access on DAG Run:dataset_alias_example_alias_producer_with_no_taskflow
[2025-06-17T05:01:28.918+0000] {logging_mixin.py:190} INFO - [2025-06-17T05:01:28.918+0000] {override.py:1912} INFO - Created Permission View: can create on DAG Run:dataset_alias_example_alias_producer_with_no_taskflow
[2025-06-17T05:01:28.924+0000] {logging_mixin.py:190} INFO - [2025-06-17T05:01:28.924+0000] {override.py:1912} INFO - Created Permission View: can read on DAG Run:dataset_alias_example_alias_producer_with_no_taskflow
[2025-06-17T05:01:28.930+0000] {logging_mixin.py:190} INFO - [2025-06-17T05:01:28.930+0000] {override.py:1912} INFO - Created Permission View: can delete on DAG Run:dataset_alias_example_alias_producer_with_no_taskflow
[2025-06-17T05:01:28.941+0000] {logging_mixin.py:190} INFO - [2025-06-17T05:01:28.941+0000] {override.py:1912} INFO - Created Permission View: can read on DAG:dataset_s3_bucket_consumer_with_no_taskflow
[2025-06-17T05:01:28.948+0000] {logging_mixin.py:190} INFO - [2025-06-17T05:01:28.948+0000] {override.py:1912} INFO - Created Permission View: can edit on DAG:dataset_s3_bucket_consumer_with_no_taskflow
[2025-06-17T05:01:28.954+0000] {logging_mixin.py:190} INFO - [2025-06-17T05:01:28.954+0000] {override.py:1912} INFO - Created Permission View: can delete on DAG:dataset_s3_bucket_consumer_with_no_taskflow
[2025-06-17T05:01:28.962+0000] {logging_mixin.py:190} INFO - [2025-06-17T05:01:28.962+0000] {override.py:1912} INFO - Created Permission View: menu access on DAG Run:dataset_s3_bucket_consumer_with_no_taskflow
[2025-06-17T05:01:28.968+0000] {logging_mixin.py:190} INFO - [2025-06-17T05:01:28.968+0000] {override.py:1912} INFO - Created Permission View: can create on DAG Run:dataset_s3_bucket_consumer_with_no_taskflow
[2025-06-17T05:01:28.974+0000] {logging_mixin.py:190} INFO - [2025-06-17T05:01:28.974+0000] {override.py:1912} INFO - Created Permission View: can read on DAG Run:dataset_s3_bucket_consumer_with_no_taskflow
[2025-06-17T05:01:28.981+0000] {logging_mixin.py:190} INFO - [2025-06-17T05:01:28.981+0000] {override.py:1912} INFO - Created Permission View: can delete on DAG Run:dataset_s3_bucket_consumer_with_no_taskflow
[2025-06-17T05:01:28.994+0000] {logging_mixin.py:190} INFO - [2025-06-17T05:01:28.994+0000] {override.py:1912} INFO - Created Permission View: can read on DAG:dataset_alias_example_alias_consumer_with_no_taskflow
[2025-06-17T05:01:29.003+0000] {logging_mixin.py:190} INFO - [2025-06-17T05:01:29.002+0000] {override.py:1912} INFO - Created Permission View: can edit on DAG:dataset_alias_example_alias_consumer_with_no_taskflow
[2025-06-17T05:01:29.011+0000] {logging_mixin.py:190} INFO - [2025-06-17T05:01:29.010+0000] {override.py:1912} INFO - Created Permission View: can delete on DAG:dataset_alias_example_alias_consumer_with_no_taskflow
[2025-06-17T05:01:29.019+0000] {logging_mixin.py:190} INFO - [2025-06-17T05:01:29.019+0000] {override.py:1912} INFO - Created Permission View: menu access on DAG Run:dataset_alias_example_alias_consumer_with_no_taskflow
[2025-06-17T05:01:29.025+0000] {logging_mixin.py:190} INFO - [2025-06-17T05:01:29.025+0000] {override.py:1912} INFO - Created Permission View: can create on DAG Run:dataset_alias_example_alias_consumer_with_no_taskflow
[2025-06-17T05:01:29.031+0000] {logging_mixin.py:190} INFO - [2025-06-17T05:01:29.031+0000] {override.py:1912} INFO - Created Permission View: can read on DAG Run:dataset_alias_example_alias_consumer_with_no_taskflow
[2025-06-17T05:01:29.036+0000] {logging_mixin.py:190} INFO - [2025-06-17T05:01:29.036+0000] {override.py:1912} INFO - Created Permission View: can delete on DAG Run:dataset_alias_example_alias_consumer_with_no_taskflow
[2025-06-17T05:01:29.037+0000] {logging_mixin.py:190} INFO - [2025-06-17T05:01:29.037+0000] {dag.py:3239} INFO - Sync 4 DAGs
[2025-06-17T05:01:29.047+0000] {logging_mixin.py:190} INFO - [2025-06-17T05:01:29.046+0000] {dag.py:3262} INFO - Creating ORM DAG for dataset_alias_example_alias_producer_with_no_taskflow
[2025-06-17T05:01:29.048+0000] {logging_mixin.py:190} INFO - [2025-06-17T05:01:29.047+0000] {dag.py:3262} INFO - Creating ORM DAG for dataset_s3_bucket_producer_with_no_taskflow
[2025-06-17T05:01:29.048+0000] {logging_mixin.py:190} INFO - [2025-06-17T05:01:29.048+0000] {dag.py:3262} INFO - Creating ORM DAG for dataset_s3_bucket_consumer_with_no_taskflow
[2025-06-17T05:01:29.049+0000] {logging_mixin.py:190} INFO - [2025-06-17T05:01:29.048+0000] {dag.py:3262} INFO - Creating ORM DAG for dataset_alias_example_alias_consumer_with_no_taskflow
[2025-06-17T05:01:29.055+0000] {logging_mixin.py:190} INFO - [2025-06-17T05:01:29.055+0000] {dag.py:4180} INFO - Setting next_dagrun for dataset_alias_example_alias_consumer_with_no_taskflow to None, run_after=None
[2025-06-17T05:01:29.055+0000] {logging_mixin.py:190} INFO - [2025-06-17T05:01:29.055+0000] {dag.py:4180} INFO - Setting next_dagrun for dataset_alias_example_alias_producer_with_no_taskflow to None, run_after=None
[2025-06-17T05:01:29.056+0000] {logging_mixin.py:190} INFO - [2025-06-17T05:01:29.056+0000] {dag.py:4180} INFO - Setting next_dagrun for dataset_s3_bucket_consumer_with_no_taskflow to None, run_after=None
[2025-06-17T05:01:29.056+0000] {logging_mixin.py:190} INFO - [2025-06-17T05:01:29.056+0000] {dag.py:4180} INFO - Setting next_dagrun for dataset_s3_bucket_producer_with_no_taskflow to None, run_after=None
[2025-06-17T05:01:29.084+0000] {processor.py:208} INFO - Processing /home/airflow/.local/lib/python3.12/site-packages/airflow/example_dags/example_dataset_alias_with_no_taskflow.py took 0.781 seconds
[2025-06-17T05:01:59.639+0000] {processor.py:186} INFO - Started process (PID=157) to work on /home/airflow/.local/lib/python3.12/site-packages/airflow/example_dags/example_dataset_alias_with_no_taskflow.py
[2025-06-17T05:01:59.639+0000] {processor.py:914} INFO - Processing file /home/airflow/.local/lib/python3.12/site-packages/airflow/example_dags/example_dataset_alias_with_no_taskflow.py for tasks to queue
[2025-06-17T05:01:59.640+0000] {logging_mixin.py:190} INFO - [2025-06-17T05:01:59.640+0000] {dagbag.py:588} INFO - Filling up the DagBag from /home/airflow/.local/lib/python3.12/site-packages/airflow/example_dags/example_dataset_alias_with_no_taskflow.py
[2025-06-17T05:02:00.081+0000] {processor.py:925} INFO - DAG(s) 'dataset_alias_example_alias_consumer_with_no_taskflow', 'dataset_s3_bucket_consumer_with_no_taskflow', 'dataset_s3_bucket_producer_with_no_taskflow', 'dataset_alias_example_alias_producer_with_no_taskflow' retrieved from /home/airflow/.local/lib/python3.12/site-packages/airflow/example_dags/example_dataset_alias_with_no_taskflow.py
[2025-06-17T05:02:00.097+0000] {logging_mixin.py:190} INFO - [2025-06-17T05:02:00.097+0000] {dag.py:3239} INFO - Sync 4 DAGs
[2025-06-17T05:02:00.117+0000] {logging_mixin.py:190} INFO - [2025-06-17T05:02:00.116+0000] {dag.py:4180} INFO - Setting next_dagrun for dataset_alias_example_alias_consumer_with_no_taskflow to None, run_after=None
[2025-06-17T05:02:00.119+0000] {logging_mixin.py:190} INFO - [2025-06-17T05:02:00.118+0000] {dag.py:4180} INFO - Setting next_dagrun for dataset_alias_example_alias_producer_with_no_taskflow to None, run_after=None
[2025-06-17T05:02:00.120+0000] {logging_mixin.py:190} INFO - [2025-06-17T05:02:00.120+0000] {dag.py:4180} INFO - Setting next_dagrun for dataset_s3_bucket_consumer_with_no_taskflow to None, run_after=None
[2025-06-17T05:02:00.121+0000] {logging_mixin.py:190} INFO - [2025-06-17T05:02:00.121+0000] {dag.py:4180} INFO - Setting next_dagrun for dataset_s3_bucket_producer_with_no_taskflow to None, run_after=None
[2025-06-17T05:02:00.142+0000] {processor.py:208} INFO - Processing /home/airflow/.local/lib/python3.12/site-packages/airflow/example_dags/example_dataset_alias_with_no_taskflow.py took 0.508 seconds
[2025-06-17T05:02:30.500+0000] {processor.py:186} INFO - Started process (PID=220) to work on /home/airflow/.local/lib/python3.12/site-packages/airflow/example_dags/example_dataset_alias_with_no_taskflow.py
[2025-06-17T05:02:30.501+0000] {processor.py:914} INFO - Processing file /home/airflow/.local/lib/python3.12/site-packages/airflow/example_dags/example_dataset_alias_with_no_taskflow.py for tasks to queue
[2025-06-17T05:02:30.502+0000] {logging_mixin.py:190} INFO - [2025-06-17T05:02:30.502+0000] {dagbag.py:588} INFO - Filling up the DagBag from /home/airflow/.local/lib/python3.12/site-packages/airflow/example_dags/example_dataset_alias_with_no_taskflow.py
[2025-06-17T05:02:30.940+0000] {processor.py:925} INFO - DAG(s) 'dataset_s3_bucket_consumer_with_no_taskflow', 'dataset_alias_example_alias_producer_with_no_taskflow', 'dataset_s3_bucket_producer_with_no_taskflow', 'dataset_alias_example_alias_consumer_with_no_taskflow' retrieved from /home/airflow/.local/lib/python3.12/site-packages/airflow/example_dags/example_dataset_alias_with_no_taskflow.py
[2025-06-17T05:02:30.956+0000] {logging_mixin.py:190} INFO - [2025-06-17T05:02:30.955+0000] {dag.py:3239} INFO - Sync 4 DAGs
[2025-06-17T05:02:30.972+0000] {logging_mixin.py:190} INFO - [2025-06-17T05:02:30.972+0000] {dag.py:4180} INFO - Setting next_dagrun for dataset_alias_example_alias_consumer_with_no_taskflow to None, run_after=None
[2025-06-17T05:02:30.974+0000] {logging_mixin.py:190} INFO - [2025-06-17T05:02:30.974+0000] {dag.py:4180} INFO - Setting next_dagrun for dataset_alias_example_alias_producer_with_no_taskflow to None, run_after=None
[2025-06-17T05:02:30.976+0000] {logging_mixin.py:190} INFO - [2025-06-17T05:02:30.975+0000] {dag.py:4180} INFO - Setting next_dagrun for dataset_s3_bucket_consumer_with_no_taskflow to None, run_after=None
[2025-06-17T05:02:30.977+0000] {logging_mixin.py:190} INFO - [2025-06-17T05:02:30.977+0000] {dag.py:4180} INFO - Setting next_dagrun for dataset_s3_bucket_producer_with_no_taskflow to None, run_after=None
[2025-06-17T05:02:30.992+0000] {processor.py:208} INFO - Processing /home/airflow/.local/lib/python3.12/site-packages/airflow/example_dags/example_dataset_alias_with_no_taskflow.py took 0.496 seconds
[2025-06-17T05:06:06.735+0000] {processor.py:186} INFO - Started process (PID=89) to work on /home/airflow/.local/lib/python3.12/site-packages/airflow/example_dags/example_dataset_alias_with_no_taskflow.py
[2025-06-17T05:06:06.735+0000] {processor.py:914} INFO - Processing file /home/airflow/.local/lib/python3.12/site-packages/airflow/example_dags/example_dataset_alias_with_no_taskflow.py for tasks to queue
[2025-06-17T05:06:06.738+0000] {logging_mixin.py:190} INFO - [2025-06-17T05:06:06.737+0000] {dagbag.py:588} INFO - Filling up the DagBag from /home/airflow/.local/lib/python3.12/site-packages/airflow/example_dags/example_dataset_alias_with_no_taskflow.py
[2025-06-17T05:06:07.255+0000] {processor.py:925} INFO - DAG(s) 'dataset_alias_example_alias_consumer_with_no_taskflow', 'dataset_s3_bucket_consumer_with_no_taskflow', 'dataset_s3_bucket_producer_with_no_taskflow', 'dataset_alias_example_alias_producer_with_no_taskflow' retrieved from /home/airflow/.local/lib/python3.12/site-packages/airflow/example_dags/example_dataset_alias_with_no_taskflow.py
[2025-06-17T05:06:07.271+0000] {logging_mixin.py:190} INFO - [2025-06-17T05:06:07.270+0000] {dag.py:3239} INFO - Sync 4 DAGs
[2025-06-17T05:06:07.291+0000] {logging_mixin.py:190} INFO - [2025-06-17T05:06:07.291+0000] {dag.py:4180} INFO - Setting next_dagrun for dataset_alias_example_alias_consumer_with_no_taskflow to None, run_after=None
[2025-06-17T05:06:07.294+0000] {logging_mixin.py:190} INFO - [2025-06-17T05:06:07.294+0000] {dag.py:4180} INFO - Setting next_dagrun for dataset_alias_example_alias_producer_with_no_taskflow to None, run_after=None
[2025-06-17T05:06:07.295+0000] {logging_mixin.py:190} INFO - [2025-06-17T05:06:07.295+0000] {dag.py:4180} INFO - Setting next_dagrun for dataset_s3_bucket_consumer_with_no_taskflow to None, run_after=None
[2025-06-17T05:06:07.297+0000] {logging_mixin.py:190} INFO - [2025-06-17T05:06:07.297+0000] {dag.py:4180} INFO - Setting next_dagrun for dataset_s3_bucket_producer_with_no_taskflow to None, run_after=None
[2025-06-17T05:06:07.313+0000] {processor.py:208} INFO - Processing /home/airflow/.local/lib/python3.12/site-packages/airflow/example_dags/example_dataset_alias_with_no_taskflow.py took 0.584 seconds
[2025-06-17T05:06:37.992+0000] {processor.py:186} INFO - Started process (PID=160) to work on /home/airflow/.local/lib/python3.12/site-packages/airflow/example_dags/example_dataset_alias_with_no_taskflow.py
[2025-06-17T05:06:37.993+0000] {processor.py:914} INFO - Processing file /home/airflow/.local/lib/python3.12/site-packages/airflow/example_dags/example_dataset_alias_with_no_taskflow.py for tasks to queue
[2025-06-17T05:06:37.993+0000] {logging_mixin.py:190} INFO - [2025-06-17T05:06:37.993+0000] {dagbag.py:588} INFO - Filling up the DagBag from /home/airflow/.local/lib/python3.12/site-packages/airflow/example_dags/example_dataset_alias_with_no_taskflow.py
[2025-06-17T05:06:38.393+0000] {processor.py:925} INFO - DAG(s) 'dataset_s3_bucket_consumer_with_no_taskflow', 'dataset_s3_bucket_producer_with_no_taskflow', 'dataset_alias_example_alias_consumer_with_no_taskflow', 'dataset_alias_example_alias_producer_with_no_taskflow' retrieved from /home/airflow/.local/lib/python3.12/site-packages/airflow/example_dags/example_dataset_alias_with_no_taskflow.py
[2025-06-17T05:06:38.408+0000] {logging_mixin.py:190} INFO - [2025-06-17T05:06:38.408+0000] {dag.py:3239} INFO - Sync 4 DAGs
[2025-06-17T05:06:38.424+0000] {logging_mixin.py:190} INFO - [2025-06-17T05:06:38.423+0000] {dag.py:4180} INFO - Setting next_dagrun for dataset_alias_example_alias_consumer_with_no_taskflow to None, run_after=None
[2025-06-17T05:06:38.426+0000] {logging_mixin.py:190} INFO - [2025-06-17T05:06:38.426+0000] {dag.py:4180} INFO - Setting next_dagrun for dataset_alias_example_alias_producer_with_no_taskflow to None, run_after=None
[2025-06-17T05:06:38.427+0000] {logging_mixin.py:190} INFO - [2025-06-17T05:06:38.427+0000] {dag.py:4180} INFO - Setting next_dagrun for dataset_s3_bucket_consumer_with_no_taskflow to None, run_after=None
[2025-06-17T05:06:38.428+0000] {logging_mixin.py:190} INFO - [2025-06-17T05:06:38.428+0000] {dag.py:4180} INFO - Setting next_dagrun for dataset_s3_bucket_producer_with_no_taskflow to None, run_after=None
[2025-06-17T05:06:38.445+0000] {processor.py:208} INFO - Processing /home/airflow/.local/lib/python3.12/site-packages/airflow/example_dags/example_dataset_alias_with_no_taskflow.py took 0.457 seconds
[2025-06-17T05:09:00.813+0000] {processor.py:186} INFO - Started process (PID=93) to work on /home/airflow/.local/lib/python3.12/site-packages/airflow/example_dags/example_dataset_alias_with_no_taskflow.py
[2025-06-17T05:09:00.813+0000] {processor.py:914} INFO - Processing file /home/airflow/.local/lib/python3.12/site-packages/airflow/example_dags/example_dataset_alias_with_no_taskflow.py for tasks to queue
[2025-06-17T05:09:00.814+0000] {logging_mixin.py:190} INFO - [2025-06-17T05:09:00.814+0000] {dagbag.py:588} INFO - Filling up the DagBag from /home/airflow/.local/lib/python3.12/site-packages/airflow/example_dags/example_dataset_alias_with_no_taskflow.py
[2025-06-17T05:09:01.290+0000] {processor.py:925} INFO - DAG(s) 'dataset_alias_example_alias_consumer_with_no_taskflow', 'dataset_s3_bucket_producer_with_no_taskflow', 'dataset_s3_bucket_consumer_with_no_taskflow', 'dataset_alias_example_alias_producer_with_no_taskflow' retrieved from /home/airflow/.local/lib/python3.12/site-packages/airflow/example_dags/example_dataset_alias_with_no_taskflow.py
[2025-06-17T05:09:01.307+0000] {logging_mixin.py:190} INFO - [2025-06-17T05:09:01.307+0000] {dag.py:3239} INFO - Sync 4 DAGs
[2025-06-17T05:09:01.327+0000] {logging_mixin.py:190} INFO - [2025-06-17T05:09:01.326+0000] {dag.py:4180} INFO - Setting next_dagrun for dataset_alias_example_alias_consumer_with_no_taskflow to None, run_after=None
[2025-06-17T05:09:01.329+0000] {logging_mixin.py:190} INFO - [2025-06-17T05:09:01.329+0000] {dag.py:4180} INFO - Setting next_dagrun for dataset_alias_example_alias_producer_with_no_taskflow to None, run_after=None
[2025-06-17T05:09:01.331+0000] {logging_mixin.py:190} INFO - [2025-06-17T05:09:01.331+0000] {dag.py:4180} INFO - Setting next_dagrun for dataset_s3_bucket_consumer_with_no_taskflow to None, run_after=None
[2025-06-17T05:09:01.332+0000] {logging_mixin.py:190} INFO - [2025-06-17T05:09:01.332+0000] {dag.py:4180} INFO - Setting next_dagrun for dataset_s3_bucket_producer_with_no_taskflow to None, run_after=None
[2025-06-17T05:09:01.350+0000] {processor.py:208} INFO - Processing /home/airflow/.local/lib/python3.12/site-packages/airflow/example_dags/example_dataset_alias_with_no_taskflow.py took 0.542 seconds
[2025-06-17T05:09:31.498+0000] {processor.py:186} INFO - Started process (PID=156) to work on /home/airflow/.local/lib/python3.12/site-packages/airflow/example_dags/example_dataset_alias_with_no_taskflow.py
[2025-06-17T05:09:31.499+0000] {processor.py:914} INFO - Processing file /home/airflow/.local/lib/python3.12/site-packages/airflow/example_dags/example_dataset_alias_with_no_taskflow.py for tasks to queue
[2025-06-17T05:09:31.500+0000] {logging_mixin.py:190} INFO - [2025-06-17T05:09:31.500+0000] {dagbag.py:588} INFO - Filling up the DagBag from /home/airflow/.local/lib/python3.12/site-packages/airflow/example_dags/example_dataset_alias_with_no_taskflow.py
[2025-06-17T05:09:31.883+0000] {processor.py:925} INFO - DAG(s) 'dataset_alias_example_alias_consumer_with_no_taskflow', 'dataset_s3_bucket_consumer_with_no_taskflow', 'dataset_s3_bucket_producer_with_no_taskflow', 'dataset_alias_example_alias_producer_with_no_taskflow' retrieved from /home/airflow/.local/lib/python3.12/site-packages/airflow/example_dags/example_dataset_alias_with_no_taskflow.py
[2025-06-17T05:09:31.897+0000] {logging_mixin.py:190} INFO - [2025-06-17T05:09:31.896+0000] {dag.py:3239} INFO - Sync 4 DAGs
[2025-06-17T05:09:31.910+0000] {logging_mixin.py:190} INFO - [2025-06-17T05:09:31.910+0000] {dag.py:4180} INFO - Setting next_dagrun for dataset_alias_example_alias_consumer_with_no_taskflow to None, run_after=None
[2025-06-17T05:09:31.912+0000] {logging_mixin.py:190} INFO - [2025-06-17T05:09:31.912+0000] {dag.py:4180} INFO - Setting next_dagrun for dataset_alias_example_alias_producer_with_no_taskflow to None, run_after=None
[2025-06-17T05:09:31.914+0000] {logging_mixin.py:190} INFO - [2025-06-17T05:09:31.913+0000] {dag.py:4180} INFO - Setting next_dagrun for dataset_s3_bucket_consumer_with_no_taskflow to None, run_after=None
[2025-06-17T05:09:31.914+0000] {logging_mixin.py:190} INFO - [2025-06-17T05:09:31.914+0000] {dag.py:4180} INFO - Setting next_dagrun for dataset_s3_bucket_producer_with_no_taskflow to None, run_after=None
[2025-06-17T05:09:31.938+0000] {processor.py:208} INFO - Processing /home/airflow/.local/lib/python3.12/site-packages/airflow/example_dags/example_dataset_alias_with_no_taskflow.py took 0.444 seconds
[2025-06-17T05:10:02.396+0000] {processor.py:186} INFO - Started process (PID=219) to work on /home/airflow/.local/lib/python3.12/site-packages/airflow/example_dags/example_dataset_alias_with_no_taskflow.py
[2025-06-17T05:10:02.396+0000] {processor.py:914} INFO - Processing file /home/airflow/.local/lib/python3.12/site-packages/airflow/example_dags/example_dataset_alias_with_no_taskflow.py for tasks to queue
[2025-06-17T05:10:02.397+0000] {logging_mixin.py:190} INFO - [2025-06-17T05:10:02.397+0000] {dagbag.py:588} INFO - Filling up the DagBag from /home/airflow/.local/lib/python3.12/site-packages/airflow/example_dags/example_dataset_alias_with_no_taskflow.py
[2025-06-17T05:10:02.836+0000] {processor.py:925} INFO - DAG(s) 'dataset_s3_bucket_consumer_with_no_taskflow', 'dataset_s3_bucket_producer_with_no_taskflow', 'dataset_alias_example_alias_consumer_with_no_taskflow', 'dataset_alias_example_alias_producer_with_no_taskflow' retrieved from /home/airflow/.local/lib/python3.12/site-packages/airflow/example_dags/example_dataset_alias_with_no_taskflow.py
[2025-06-17T05:10:02.852+0000] {logging_mixin.py:190} INFO - [2025-06-17T05:10:02.852+0000] {dag.py:3239} INFO - Sync 4 DAGs
[2025-06-17T05:10:02.868+0000] {logging_mixin.py:190} INFO - [2025-06-17T05:10:02.867+0000] {dag.py:4180} INFO - Setting next_dagrun for dataset_alias_example_alias_consumer_with_no_taskflow to None, run_after=None
[2025-06-17T05:10:02.869+0000] {logging_mixin.py:190} INFO - [2025-06-17T05:10:02.869+0000] {dag.py:4180} INFO - Setting next_dagrun for dataset_alias_example_alias_producer_with_no_taskflow to None, run_after=None
[2025-06-17T05:10:02.870+0000] {logging_mixin.py:190} INFO - [2025-06-17T05:10:02.870+0000] {dag.py:4180} INFO - Setting next_dagrun for dataset_s3_bucket_consumer_with_no_taskflow to None, run_after=None
[2025-06-17T05:10:02.871+0000] {logging_mixin.py:190} INFO - [2025-06-17T05:10:02.871+0000] {dag.py:4180} INFO - Setting next_dagrun for dataset_s3_bucket_producer_with_no_taskflow to None, run_after=None
[2025-06-17T05:10:02.897+0000] {processor.py:208} INFO - Processing /home/airflow/.local/lib/python3.12/site-packages/airflow/example_dags/example_dataset_alias_with_no_taskflow.py took 0.506 seconds
[2025-06-17T05:10:33.809+0000] {processor.py:186} INFO - Started process (PID=284) to work on /home/airflow/.local/lib/python3.12/site-packages/airflow/example_dags/example_dataset_alias_with_no_taskflow.py
[2025-06-17T05:10:33.809+0000] {processor.py:914} INFO - Processing file /home/airflow/.local/lib/python3.12/site-packages/airflow/example_dags/example_dataset_alias_with_no_taskflow.py for tasks to queue
[2025-06-17T05:10:33.810+0000] {logging_mixin.py:190} INFO - [2025-06-17T05:10:33.810+0000] {dagbag.py:588} INFO - Filling up the DagBag from /home/airflow/.local/lib/python3.12/site-packages/airflow/example_dags/example_dataset_alias_with_no_taskflow.py
[2025-06-17T05:10:34.228+0000] {processor.py:925} INFO - DAG(s) 'dataset_s3_bucket_consumer_with_no_taskflow', 'dataset_alias_example_alias_producer_with_no_taskflow', 'dataset_alias_example_alias_consumer_with_no_taskflow', 'dataset_s3_bucket_producer_with_no_taskflow' retrieved from /home/airflow/.local/lib/python3.12/site-packages/airflow/example_dags/example_dataset_alias_with_no_taskflow.py
[2025-06-17T05:10:34.244+0000] {logging_mixin.py:190} INFO - [2025-06-17T05:10:34.243+0000] {dag.py:3239} INFO - Sync 4 DAGs
[2025-06-17T05:10:34.261+0000] {logging_mixin.py:190} INFO - [2025-06-17T05:10:34.261+0000] {dag.py:4180} INFO - Setting next_dagrun for dataset_alias_example_alias_consumer_with_no_taskflow to None, run_after=None
[2025-06-17T05:10:34.263+0000] {logging_mixin.py:190} INFO - [2025-06-17T05:10:34.263+0000] {dag.py:4180} INFO - Setting next_dagrun for dataset_alias_example_alias_producer_with_no_taskflow to None, run_after=None
[2025-06-17T05:10:34.264+0000] {logging_mixin.py:190} INFO - [2025-06-17T05:10:34.264+0000] {dag.py:4180} INFO - Setting next_dagrun for dataset_s3_bucket_consumer_with_no_taskflow to None, run_after=None
[2025-06-17T05:10:34.265+0000] {logging_mixin.py:190} INFO - [2025-06-17T05:10:34.265+0000] {dag.py:4180} INFO - Setting next_dagrun for dataset_s3_bucket_producer_with_no_taskflow to None, run_after=None
[2025-06-17T05:10:34.289+0000] {processor.py:208} INFO - Processing /home/airflow/.local/lib/python3.12/site-packages/airflow/example_dags/example_dataset_alias_with_no_taskflow.py took 0.484 seconds
[2025-06-17T05:11:04.818+0000] {processor.py:186} INFO - Started process (PID=347) to work on /home/airflow/.local/lib/python3.12/site-packages/airflow/example_dags/example_dataset_alias_with_no_taskflow.py
[2025-06-17T05:11:04.819+0000] {processor.py:914} INFO - Processing file /home/airflow/.local/lib/python3.12/site-packages/airflow/example_dags/example_dataset_alias_with_no_taskflow.py for tasks to queue
[2025-06-17T05:11:04.820+0000] {logging_mixin.py:190} INFO - [2025-06-17T05:11:04.819+0000] {dagbag.py:588} INFO - Filling up the DagBag from /home/airflow/.local/lib/python3.12/site-packages/airflow/example_dags/example_dataset_alias_with_no_taskflow.py
[2025-06-17T05:11:05.264+0000] {processor.py:925} INFO - DAG(s) 'dataset_alias_example_alias_producer_with_no_taskflow', 'dataset_alias_example_alias_consumer_with_no_taskflow', 'dataset_s3_bucket_consumer_with_no_taskflow', 'dataset_s3_bucket_producer_with_no_taskflow' retrieved from /home/airflow/.local/lib/python3.12/site-packages/airflow/example_dags/example_dataset_alias_with_no_taskflow.py
[2025-06-17T05:11:05.280+0000] {logging_mixin.py:190} INFO - [2025-06-17T05:11:05.280+0000] {dag.py:3239} INFO - Sync 4 DAGs
[2025-06-17T05:11:05.297+0000] {logging_mixin.py:190} INFO - [2025-06-17T05:11:05.297+0000] {dag.py:4180} INFO - Setting next_dagrun for dataset_alias_example_alias_consumer_with_no_taskflow to None, run_after=None
[2025-06-17T05:11:05.299+0000] {logging_mixin.py:190} INFO - [2025-06-17T05:11:05.299+0000] {dag.py:4180} INFO - Setting next_dagrun for dataset_alias_example_alias_producer_with_no_taskflow to None, run_after=None
[2025-06-17T05:11:05.301+0000] {logging_mixin.py:190} INFO - [2025-06-17T05:11:05.300+0000] {dag.py:4180} INFO - Setting next_dagrun for dataset_s3_bucket_consumer_with_no_taskflow to None, run_after=None
[2025-06-17T05:11:05.302+0000] {logging_mixin.py:190} INFO - [2025-06-17T05:11:05.302+0000] {dag.py:4180} INFO - Setting next_dagrun for dataset_s3_bucket_producer_with_no_taskflow to None, run_after=None
[2025-06-17T05:11:05.321+0000] {processor.py:208} INFO - Processing /home/airflow/.local/lib/python3.12/site-packages/airflow/example_dags/example_dataset_alias_with_no_taskflow.py took 0.508 seconds
[2025-06-17T05:11:35.631+0000] {processor.py:186} INFO - Started process (PID=410) to work on /home/airflow/.local/lib/python3.12/site-packages/airflow/example_dags/example_dataset_alias_with_no_taskflow.py
[2025-06-17T05:11:35.631+0000] {processor.py:914} INFO - Processing file /home/airflow/.local/lib/python3.12/site-packages/airflow/example_dags/example_dataset_alias_with_no_taskflow.py for tasks to queue
[2025-06-17T05:11:35.632+0000] {logging_mixin.py:190} INFO - [2025-06-17T05:11:35.632+0000] {dagbag.py:588} INFO - Filling up the DagBag from /home/airflow/.local/lib/python3.12/site-packages/airflow/example_dags/example_dataset_alias_with_no_taskflow.py
[2025-06-17T05:11:36.056+0000] {processor.py:925} INFO - DAG(s) 'dataset_s3_bucket_consumer_with_no_taskflow', 'dataset_alias_example_alias_producer_with_no_taskflow', 'dataset_alias_example_alias_consumer_with_no_taskflow', 'dataset_s3_bucket_producer_with_no_taskflow' retrieved from /home/airflow/.local/lib/python3.12/site-packages/airflow/example_dags/example_dataset_alias_with_no_taskflow.py
[2025-06-17T05:11:36.072+0000] {logging_mixin.py:190} INFO - [2025-06-17T05:11:36.072+0000] {dag.py:3239} INFO - Sync 4 DAGs
[2025-06-17T05:11:36.088+0000] {logging_mixin.py:190} INFO - [2025-06-17T05:11:36.088+0000] {dag.py:4180} INFO - Setting next_dagrun for dataset_alias_example_alias_consumer_with_no_taskflow to None, run_after=None
[2025-06-17T05:11:36.090+0000] {logging_mixin.py:190} INFO - [2025-06-17T05:11:36.090+0000] {dag.py:4180} INFO - Setting next_dagrun for dataset_alias_example_alias_producer_with_no_taskflow to None, run_after=None
[2025-06-17T05:11:36.091+0000] {logging_mixin.py:190} INFO - [2025-06-17T05:11:36.091+0000] {dag.py:4180} INFO - Setting next_dagrun for dataset_s3_bucket_consumer_with_no_taskflow to None, run_after=None
[2025-06-17T05:11:36.092+0000] {logging_mixin.py:190} INFO - [2025-06-17T05:11:36.092+0000] {dag.py:4180} INFO - Setting next_dagrun for dataset_s3_bucket_producer_with_no_taskflow to None, run_after=None
[2025-06-17T05:11:36.108+0000] {processor.py:208} INFO - Processing /home/airflow/.local/lib/python3.12/site-packages/airflow/example_dags/example_dataset_alias_with_no_taskflow.py took 0.482 seconds
[2025-06-17T05:12:06.372+0000] {processor.py:186} INFO - Started process (PID=471) to work on /home/airflow/.local/lib/python3.12/site-packages/airflow/example_dags/example_dataset_alias_with_no_taskflow.py
[2025-06-17T05:12:06.373+0000] {processor.py:914} INFO - Processing file /home/airflow/.local/lib/python3.12/site-packages/airflow/example_dags/example_dataset_alias_with_no_taskflow.py for tasks to queue
[2025-06-17T05:12:06.374+0000] {logging_mixin.py:190} INFO - [2025-06-17T05:12:06.374+0000] {dagbag.py:588} INFO - Filling up the DagBag from /home/airflow/.local/lib/python3.12/site-packages/airflow/example_dags/example_dataset_alias_with_no_taskflow.py
[2025-06-17T05:12:06.814+0000] {processor.py:925} INFO - DAG(s) 'dataset_s3_bucket_consumer_with_no_taskflow', 'dataset_s3_bucket_producer_with_no_taskflow', 'dataset_alias_example_alias_consumer_with_no_taskflow', 'dataset_alias_example_alias_producer_with_no_taskflow' retrieved from /home/airflow/.local/lib/python3.12/site-packages/airflow/example_dags/example_dataset_alias_with_no_taskflow.py
[2025-06-17T05:12:06.829+0000] {logging_mixin.py:190} INFO - [2025-06-17T05:12:06.828+0000] {dag.py:3239} INFO - Sync 4 DAGs
[2025-06-17T05:12:06.844+0000] {logging_mixin.py:190} INFO - [2025-06-17T05:12:06.844+0000] {dag.py:4180} INFO - Setting next_dagrun for dataset_alias_example_alias_consumer_with_no_taskflow to None, run_after=None
[2025-06-17T05:12:06.847+0000] {logging_mixin.py:190} INFO - [2025-06-17T05:12:06.846+0000] {dag.py:4180} INFO - Setting next_dagrun for dataset_alias_example_alias_producer_with_no_taskflow to None, run_after=None
[2025-06-17T05:12:06.848+0000] {logging_mixin.py:190} INFO - [2025-06-17T05:12:06.848+0000] {dag.py:4180} INFO - Setting next_dagrun for dataset_s3_bucket_consumer_with_no_taskflow to None, run_after=None
[2025-06-17T05:12:06.849+0000] {logging_mixin.py:190} INFO - [2025-06-17T05:12:06.849+0000] {dag.py:4180} INFO - Setting next_dagrun for dataset_s3_bucket_producer_with_no_taskflow to None, run_after=None
[2025-06-17T05:12:06.867+0000] {processor.py:208} INFO - Processing /home/airflow/.local/lib/python3.12/site-packages/airflow/example_dags/example_dataset_alias_with_no_taskflow.py took 0.500 seconds
[2025-06-17T05:12:37.067+0000] {processor.py:186} INFO - Started process (PID=537) to work on /home/airflow/.local/lib/python3.12/site-packages/airflow/example_dags/example_dataset_alias_with_no_taskflow.py
[2025-06-17T05:12:37.068+0000] {processor.py:914} INFO - Processing file /home/airflow/.local/lib/python3.12/site-packages/airflow/example_dags/example_dataset_alias_with_no_taskflow.py for tasks to queue
[2025-06-17T05:12:37.069+0000] {logging_mixin.py:190} INFO - [2025-06-17T05:12:37.069+0000] {dagbag.py:588} INFO - Filling up the DagBag from /home/airflow/.local/lib/python3.12/site-packages/airflow/example_dags/example_dataset_alias_with_no_taskflow.py
[2025-06-17T05:12:37.507+0000] {processor.py:925} INFO - DAG(s) 'dataset_s3_bucket_consumer_with_no_taskflow', 'dataset_alias_example_alias_producer_with_no_taskflow', 'dataset_alias_example_alias_consumer_with_no_taskflow', 'dataset_s3_bucket_producer_with_no_taskflow' retrieved from /home/airflow/.local/lib/python3.12/site-packages/airflow/example_dags/example_dataset_alias_with_no_taskflow.py
[2025-06-17T05:12:37.522+0000] {logging_mixin.py:190} INFO - [2025-06-17T05:12:37.522+0000] {dag.py:3239} INFO - Sync 4 DAGs
[2025-06-17T05:12:37.538+0000] {logging_mixin.py:190} INFO - [2025-06-17T05:12:37.538+0000] {dag.py:4180} INFO - Setting next_dagrun for dataset_alias_example_alias_consumer_with_no_taskflow to None, run_after=None
[2025-06-17T05:12:37.541+0000] {logging_mixin.py:190} INFO - [2025-06-17T05:12:37.540+0000] {dag.py:4180} INFO - Setting next_dagrun for dataset_alias_example_alias_producer_with_no_taskflow to None, run_after=None
[2025-06-17T05:12:37.542+0000] {logging_mixin.py:190} INFO - [2025-06-17T05:12:37.542+0000] {dag.py:4180} INFO - Setting next_dagrun for dataset_s3_bucket_consumer_with_no_taskflow to None, run_after=None
[2025-06-17T05:12:37.543+0000] {logging_mixin.py:190} INFO - [2025-06-17T05:12:37.542+0000] {dag.py:4180} INFO - Setting next_dagrun for dataset_s3_bucket_producer_with_no_taskflow to None, run_after=None
[2025-06-17T05:12:37.558+0000] {processor.py:208} INFO - Processing /home/airflow/.local/lib/python3.12/site-packages/airflow/example_dags/example_dataset_alias_with_no_taskflow.py took 0.495 seconds
[2025-06-17T05:13:07.818+0000] {processor.py:186} INFO - Started process (PID=598) to work on /home/airflow/.local/lib/python3.12/site-packages/airflow/example_dags/example_dataset_alias_with_no_taskflow.py
[2025-06-17T05:13:07.819+0000] {processor.py:914} INFO - Processing file /home/airflow/.local/lib/python3.12/site-packages/airflow/example_dags/example_dataset_alias_with_no_taskflow.py for tasks to queue
[2025-06-17T05:13:07.820+0000] {logging_mixin.py:190} INFO - [2025-06-17T05:13:07.820+0000] {dagbag.py:588} INFO - Filling up the DagBag from /home/airflow/.local/lib/python3.12/site-packages/airflow/example_dags/example_dataset_alias_with_no_taskflow.py
[2025-06-17T05:13:08.224+0000] {processor.py:925} INFO - DAG(s) 'dataset_alias_example_alias_producer_with_no_taskflow', 'dataset_s3_bucket_producer_with_no_taskflow', 'dataset_s3_bucket_consumer_with_no_taskflow', 'dataset_alias_example_alias_consumer_with_no_taskflow' retrieved from /home/airflow/.local/lib/python3.12/site-packages/airflow/example_dags/example_dataset_alias_with_no_taskflow.py
[2025-06-17T05:13:08.238+0000] {logging_mixin.py:190} INFO - [2025-06-17T05:13:08.237+0000] {dag.py:3239} INFO - Sync 4 DAGs
[2025-06-17T05:13:08.254+0000] {logging_mixin.py:190} INFO - [2025-06-17T05:13:08.254+0000] {dag.py:4180} INFO - Setting next_dagrun for dataset_alias_example_alias_consumer_with_no_taskflow to None, run_after=None
[2025-06-17T05:13:08.256+0000] {logging_mixin.py:190} INFO - [2025-06-17T05:13:08.256+0000] {dag.py:4180} INFO - Setting next_dagrun for dataset_alias_example_alias_producer_with_no_taskflow to None, run_after=None
[2025-06-17T05:13:08.257+0000] {logging_mixin.py:190} INFO - [2025-06-17T05:13:08.257+0000] {dag.py:4180} INFO - Setting next_dagrun for dataset_s3_bucket_consumer_with_no_taskflow to None, run_after=None
[2025-06-17T05:13:08.258+0000] {logging_mixin.py:190} INFO - [2025-06-17T05:13:08.258+0000] {dag.py:4180} INFO - Setting next_dagrun for dataset_s3_bucket_producer_with_no_taskflow to None, run_after=None
[2025-06-17T05:13:08.275+0000] {processor.py:208} INFO - Processing /home/airflow/.local/lib/python3.12/site-packages/airflow/example_dags/example_dataset_alias_with_no_taskflow.py took 0.461 seconds
[2025-06-17T05:13:38.596+0000] {processor.py:186} INFO - Started process (PID=666) to work on /home/airflow/.local/lib/python3.12/site-packages/airflow/example_dags/example_dataset_alias_with_no_taskflow.py
[2025-06-17T05:13:38.596+0000] {processor.py:914} INFO - Processing file /home/airflow/.local/lib/python3.12/site-packages/airflow/example_dags/example_dataset_alias_with_no_taskflow.py for tasks to queue
[2025-06-17T05:13:38.597+0000] {logging_mixin.py:190} INFO - [2025-06-17T05:13:38.597+0000] {dagbag.py:588} INFO - Filling up the DagBag from /home/airflow/.local/lib/python3.12/site-packages/airflow/example_dags/example_dataset_alias_with_no_taskflow.py
[2025-06-17T05:13:39.033+0000] {processor.py:925} INFO - DAG(s) 'dataset_s3_bucket_producer_with_no_taskflow', 'dataset_alias_example_alias_consumer_with_no_taskflow', 'dataset_alias_example_alias_producer_with_no_taskflow', 'dataset_s3_bucket_consumer_with_no_taskflow' retrieved from /home/airflow/.local/lib/python3.12/site-packages/airflow/example_dags/example_dataset_alias_with_no_taskflow.py
[2025-06-17T05:13:39.047+0000] {logging_mixin.py:190} INFO - [2025-06-17T05:13:39.047+0000] {dag.py:3239} INFO - Sync 4 DAGs
[2025-06-17T05:13:39.062+0000] {logging_mixin.py:190} INFO - [2025-06-17T05:13:39.061+0000] {dag.py:4180} INFO - Setting next_dagrun for dataset_alias_example_alias_consumer_with_no_taskflow to None, run_after=None
[2025-06-17T05:13:39.064+0000] {logging_mixin.py:190} INFO - [2025-06-17T05:13:39.064+0000] {dag.py:4180} INFO - Setting next_dagrun for dataset_alias_example_alias_producer_with_no_taskflow to None, run_after=None
[2025-06-17T05:13:39.065+0000] {logging_mixin.py:190} INFO - [2025-06-17T05:13:39.065+0000] {dag.py:4180} INFO - Setting next_dagrun for dataset_s3_bucket_consumer_with_no_taskflow to None, run_after=None
[2025-06-17T05:13:39.066+0000] {logging_mixin.py:190} INFO - [2025-06-17T05:13:39.066+0000] {dag.py:4180} INFO - Setting next_dagrun for dataset_s3_bucket_producer_with_no_taskflow to None, run_after=None
[2025-06-17T05:13:39.082+0000] {processor.py:208} INFO - Processing /home/airflow/.local/lib/python3.12/site-packages/airflow/example_dags/example_dataset_alias_with_no_taskflow.py took 0.492 seconds
[2025-06-17T05:14:09.422+0000] {processor.py:186} INFO - Started process (PID=729) to work on /home/airflow/.local/lib/python3.12/site-packages/airflow/example_dags/example_dataset_alias_with_no_taskflow.py
[2025-06-17T05:14:09.423+0000] {processor.py:914} INFO - Processing file /home/airflow/.local/lib/python3.12/site-packages/airflow/example_dags/example_dataset_alias_with_no_taskflow.py for tasks to queue
[2025-06-17T05:14:09.424+0000] {logging_mixin.py:190} INFO - [2025-06-17T05:14:09.423+0000] {dagbag.py:588} INFO - Filling up the DagBag from /home/airflow/.local/lib/python3.12/site-packages/airflow/example_dags/example_dataset_alias_with_no_taskflow.py
[2025-06-17T05:14:09.867+0000] {processor.py:925} INFO - DAG(s) 'dataset_s3_bucket_consumer_with_no_taskflow', 'dataset_alias_example_alias_consumer_with_no_taskflow', 'dataset_alias_example_alias_producer_with_no_taskflow', 'dataset_s3_bucket_producer_with_no_taskflow' retrieved from /home/airflow/.local/lib/python3.12/site-packages/airflow/example_dags/example_dataset_alias_with_no_taskflow.py
[2025-06-17T05:14:09.883+0000] {logging_mixin.py:190} INFO - [2025-06-17T05:14:09.883+0000] {dag.py:3239} INFO - Sync 4 DAGs
[2025-06-17T05:14:09.900+0000] {logging_mixin.py:190} INFO - [2025-06-17T05:14:09.900+0000] {dag.py:4180} INFO - Setting next_dagrun for dataset_alias_example_alias_consumer_with_no_taskflow to None, run_after=None
[2025-06-17T05:14:09.902+0000] {logging_mixin.py:190} INFO - [2025-06-17T05:14:09.902+0000] {dag.py:4180} INFO - Setting next_dagrun for dataset_alias_example_alias_producer_with_no_taskflow to None, run_after=None
[2025-06-17T05:14:09.904+0000] {logging_mixin.py:190} INFO - [2025-06-17T05:14:09.903+0000] {dag.py:4180} INFO - Setting next_dagrun for dataset_s3_bucket_consumer_with_no_taskflow to None, run_after=None
[2025-06-17T05:14:09.905+0000] {logging_mixin.py:190} INFO - [2025-06-17T05:14:09.905+0000] {dag.py:4180} INFO - Setting next_dagrun for dataset_s3_bucket_producer_with_no_taskflow to None, run_after=None
[2025-06-17T05:14:09.921+0000] {processor.py:208} INFO - Processing /home/airflow/.local/lib/python3.12/site-packages/airflow/example_dags/example_dataset_alias_with_no_taskflow.py took 0.504 seconds
[2025-06-17T05:17:48.069+0000] {processor.py:186} INFO - Started process (PID=94) to work on /home/airflow/.local/lib/python3.12/site-packages/airflow/example_dags/example_dataset_alias_with_no_taskflow.py
[2025-06-17T05:17:48.069+0000] {processor.py:914} INFO - Processing file /home/airflow/.local/lib/python3.12/site-packages/airflow/example_dags/example_dataset_alias_with_no_taskflow.py for tasks to queue
[2025-06-17T05:17:48.070+0000] {logging_mixin.py:190} INFO - [2025-06-17T05:17:48.070+0000] {dagbag.py:588} INFO - Filling up the DagBag from /home/airflow/.local/lib/python3.12/site-packages/airflow/example_dags/example_dataset_alias_with_no_taskflow.py
[2025-06-17T05:17:48.501+0000] {processor.py:925} INFO - DAG(s) 'dataset_s3_bucket_producer_with_no_taskflow', 'dataset_alias_example_alias_producer_with_no_taskflow', 'dataset_alias_example_alias_consumer_with_no_taskflow', 'dataset_s3_bucket_consumer_with_no_taskflow' retrieved from /home/airflow/.local/lib/python3.12/site-packages/airflow/example_dags/example_dataset_alias_with_no_taskflow.py
[2025-06-17T05:17:48.579+0000] {logging_mixin.py:190} INFO - [2025-06-17T05:17:48.578+0000] {override.py:1912} INFO - Created Permission View: can read on DAG:dataset_s3_bucket_producer_with_no_taskflow
[2025-06-17T05:17:48.594+0000] {logging_mixin.py:190} INFO - [2025-06-17T05:17:48.594+0000] {override.py:1912} INFO - Created Permission View: can delete on DAG:dataset_s3_bucket_producer_with_no_taskflow
[2025-06-17T05:17:48.606+0000] {logging_mixin.py:190} INFO - [2025-06-17T05:17:48.606+0000] {override.py:1912} INFO - Created Permission View: can edit on DAG:dataset_s3_bucket_producer_with_no_taskflow
[2025-06-17T05:17:48.620+0000] {logging_mixin.py:190} INFO - [2025-06-17T05:17:48.620+0000] {override.py:1912} INFO - Created Permission View: can read on DAG Run:dataset_s3_bucket_producer_with_no_taskflow
[2025-06-17T05:17:48.629+0000] {logging_mixin.py:190} INFO - [2025-06-17T05:17:48.628+0000] {override.py:1912} INFO - Created Permission View: can delete on DAG Run:dataset_s3_bucket_producer_with_no_taskflow
[2025-06-17T05:17:48.637+0000] {logging_mixin.py:190} INFO - [2025-06-17T05:17:48.636+0000] {override.py:1912} INFO - Created Permission View: menu access on DAG Run:dataset_s3_bucket_producer_with_no_taskflow
[2025-06-17T05:17:48.645+0000] {logging_mixin.py:190} INFO - [2025-06-17T05:17:48.645+0000] {override.py:1912} INFO - Created Permission View: can create on DAG Run:dataset_s3_bucket_producer_with_no_taskflow
[2025-06-17T05:17:48.662+0000] {logging_mixin.py:190} INFO - [2025-06-17T05:17:48.662+0000] {override.py:1912} INFO - Created Permission View: can read on DAG:dataset_alias_example_alias_producer_with_no_taskflow
[2025-06-17T05:17:48.671+0000] {logging_mixin.py:190} INFO - [2025-06-17T05:17:48.670+0000] {override.py:1912} INFO - Created Permission View: can delete on DAG:dataset_alias_example_alias_producer_with_no_taskflow
[2025-06-17T05:17:48.677+0000] {logging_mixin.py:190} INFO - [2025-06-17T05:17:48.677+0000] {override.py:1912} INFO - Created Permission View: can edit on DAG:dataset_alias_example_alias_producer_with_no_taskflow
[2025-06-17T05:17:48.685+0000] {logging_mixin.py:190} INFO - [2025-06-17T05:17:48.685+0000] {override.py:1912} INFO - Created Permission View: can read on DAG Run:dataset_alias_example_alias_producer_with_no_taskflow
[2025-06-17T05:17:48.691+0000] {logging_mixin.py:190} INFO - [2025-06-17T05:17:48.691+0000] {override.py:1912} INFO - Created Permission View: can delete on DAG Run:dataset_alias_example_alias_producer_with_no_taskflow
[2025-06-17T05:17:48.697+0000] {logging_mixin.py:190} INFO - [2025-06-17T05:17:48.697+0000] {override.py:1912} INFO - Created Permission View: menu access on DAG Run:dataset_alias_example_alias_producer_with_no_taskflow
[2025-06-17T05:17:48.703+0000] {logging_mixin.py:190} INFO - [2025-06-17T05:17:48.703+0000] {override.py:1912} INFO - Created Permission View: can create on DAG Run:dataset_alias_example_alias_producer_with_no_taskflow
[2025-06-17T05:17:48.714+0000] {logging_mixin.py:190} INFO - [2025-06-17T05:17:48.714+0000] {override.py:1912} INFO - Created Permission View: can read on DAG:dataset_alias_example_alias_consumer_with_no_taskflow
[2025-06-17T05:17:48.720+0000] {logging_mixin.py:190} INFO - [2025-06-17T05:17:48.719+0000] {override.py:1912} INFO - Created Permission View: can delete on DAG:dataset_alias_example_alias_consumer_with_no_taskflow
[2025-06-17T05:17:48.727+0000] {logging_mixin.py:190} INFO - [2025-06-17T05:17:48.726+0000] {override.py:1912} INFO - Created Permission View: can edit on DAG:dataset_alias_example_alias_consumer_with_no_taskflow
[2025-06-17T05:17:48.734+0000] {logging_mixin.py:190} INFO - [2025-06-17T05:17:48.734+0000] {override.py:1912} INFO - Created Permission View: can read on DAG Run:dataset_alias_example_alias_consumer_with_no_taskflow
[2025-06-17T05:17:48.741+0000] {logging_mixin.py:190} INFO - [2025-06-17T05:17:48.741+0000] {override.py:1912} INFO - Created Permission View: can delete on DAG Run:dataset_alias_example_alias_consumer_with_no_taskflow
[2025-06-17T05:17:48.748+0000] {logging_mixin.py:190} INFO - [2025-06-17T05:17:48.747+0000] {override.py:1912} INFO - Created Permission View: menu access on DAG Run:dataset_alias_example_alias_consumer_with_no_taskflow
[2025-06-17T05:17:48.755+0000] {logging_mixin.py:190} INFO - [2025-06-17T05:17:48.754+0000] {override.py:1912} INFO - Created Permission View: can create on DAG Run:dataset_alias_example_alias_consumer_with_no_taskflow
[2025-06-17T05:17:48.765+0000] {logging_mixin.py:190} INFO - [2025-06-17T05:17:48.765+0000] {override.py:1912} INFO - Created Permission View: can read on DAG:dataset_s3_bucket_consumer_with_no_taskflow
[2025-06-17T05:17:48.772+0000] {logging_mixin.py:190} INFO - [2025-06-17T05:17:48.772+0000] {override.py:1912} INFO - Created Permission View: can delete on DAG:dataset_s3_bucket_consumer_with_no_taskflow
[2025-06-17T05:17:48.777+0000] {logging_mixin.py:190} INFO - [2025-06-17T05:17:48.777+0000] {override.py:1912} INFO - Created Permission View: can edit on DAG:dataset_s3_bucket_consumer_with_no_taskflow
[2025-06-17T05:17:48.785+0000] {logging_mixin.py:190} INFO - [2025-06-17T05:17:48.785+0000] {override.py:1912} INFO - Created Permission View: can read on DAG Run:dataset_s3_bucket_consumer_with_no_taskflow
[2025-06-17T05:17:48.791+0000] {logging_mixin.py:190} INFO - [2025-06-17T05:17:48.791+0000] {override.py:1912} INFO - Created Permission View: can delete on DAG Run:dataset_s3_bucket_consumer_with_no_taskflow
[2025-06-17T05:17:48.797+0000] {logging_mixin.py:190} INFO - [2025-06-17T05:17:48.796+0000] {override.py:1912} INFO - Created Permission View: menu access on DAG Run:dataset_s3_bucket_consumer_with_no_taskflow
[2025-06-17T05:17:48.803+0000] {logging_mixin.py:190} INFO - [2025-06-17T05:17:48.803+0000] {override.py:1912} INFO - Created Permission View: can create on DAG Run:dataset_s3_bucket_consumer_with_no_taskflow
[2025-06-17T05:17:48.804+0000] {logging_mixin.py:190} INFO - [2025-06-17T05:17:48.804+0000] {dag.py:3239} INFO - Sync 4 DAGs
[2025-06-17T05:17:48.815+0000] {logging_mixin.py:190} INFO - [2025-06-17T05:17:48.814+0000] {dag.py:3262} INFO - Creating ORM DAG for dataset_s3_bucket_producer_with_no_taskflow
[2025-06-17T05:17:48.815+0000] {logging_mixin.py:190} INFO - [2025-06-17T05:17:48.815+0000] {dag.py:3262} INFO - Creating ORM DAG for dataset_s3_bucket_consumer_with_no_taskflow
[2025-06-17T05:17:48.816+0000] {logging_mixin.py:190} INFO - [2025-06-17T05:17:48.816+0000] {dag.py:3262} INFO - Creating ORM DAG for dataset_alias_example_alias_consumer_with_no_taskflow
[2025-06-17T05:17:48.816+0000] {logging_mixin.py:190} INFO - [2025-06-17T05:17:48.816+0000] {dag.py:3262} INFO - Creating ORM DAG for dataset_alias_example_alias_producer_with_no_taskflow
[2025-06-17T05:17:48.823+0000] {logging_mixin.py:190} INFO - [2025-06-17T05:17:48.823+0000] {dag.py:4180} INFO - Setting next_dagrun for dataset_alias_example_alias_consumer_with_no_taskflow to None, run_after=None
[2025-06-17T05:17:48.824+0000] {logging_mixin.py:190} INFO - [2025-06-17T05:17:48.824+0000] {dag.py:4180} INFO - Setting next_dagrun for dataset_alias_example_alias_producer_with_no_taskflow to None, run_after=None
[2025-06-17T05:17:48.824+0000] {logging_mixin.py:190} INFO - [2025-06-17T05:17:48.824+0000] {dag.py:4180} INFO - Setting next_dagrun for dataset_s3_bucket_consumer_with_no_taskflow to None, run_after=None
[2025-06-17T05:17:48.825+0000] {logging_mixin.py:190} INFO - [2025-06-17T05:17:48.825+0000] {dag.py:4180} INFO - Setting next_dagrun for dataset_s3_bucket_producer_with_no_taskflow to None, run_after=None
[2025-06-17T05:17:48.848+0000] {processor.py:208} INFO - Processing /home/airflow/.local/lib/python3.12/site-packages/airflow/example_dags/example_dataset_alias_with_no_taskflow.py took 0.783 seconds
[2025-06-17T05:19:15.309+0000] {processor.py:186} INFO - Started process (PID=94) to work on /home/airflow/.local/lib/python3.12/site-packages/airflow/example_dags/example_dataset_alias_with_no_taskflow.py
[2025-06-17T05:19:15.310+0000] {processor.py:914} INFO - Processing file /home/airflow/.local/lib/python3.12/site-packages/airflow/example_dags/example_dataset_alias_with_no_taskflow.py for tasks to queue
[2025-06-17T05:19:15.311+0000] {logging_mixin.py:190} INFO - [2025-06-17T05:19:15.310+0000] {dagbag.py:588} INFO - Filling up the DagBag from /home/airflow/.local/lib/python3.12/site-packages/airflow/example_dags/example_dataset_alias_with_no_taskflow.py
[2025-06-17T05:19:15.753+0000] {processor.py:925} INFO - DAG(s) 'dataset_alias_example_alias_consumer_with_no_taskflow', 'dataset_s3_bucket_consumer_with_no_taskflow', 'dataset_s3_bucket_producer_with_no_taskflow', 'dataset_alias_example_alias_producer_with_no_taskflow' retrieved from /home/airflow/.local/lib/python3.12/site-packages/airflow/example_dags/example_dataset_alias_with_no_taskflow.py
[2025-06-17T05:19:15.768+0000] {logging_mixin.py:190} INFO - [2025-06-17T05:19:15.768+0000] {dag.py:3239} INFO - Sync 4 DAGs
[2025-06-17T05:19:15.785+0000] {logging_mixin.py:190} INFO - [2025-06-17T05:19:15.785+0000] {dag.py:4180} INFO - Setting next_dagrun for dataset_alias_example_alias_consumer_with_no_taskflow to None, run_after=None
[2025-06-17T05:19:15.787+0000] {logging_mixin.py:190} INFO - [2025-06-17T05:19:15.787+0000] {dag.py:4180} INFO - Setting next_dagrun for dataset_alias_example_alias_producer_with_no_taskflow to None, run_after=None
[2025-06-17T05:19:15.788+0000] {logging_mixin.py:190} INFO - [2025-06-17T05:19:15.788+0000] {dag.py:4180} INFO - Setting next_dagrun for dataset_s3_bucket_consumer_with_no_taskflow to None, run_after=None
[2025-06-17T05:19:15.789+0000] {logging_mixin.py:190} INFO - [2025-06-17T05:19:15.789+0000] {dag.py:4180} INFO - Setting next_dagrun for dataset_s3_bucket_producer_with_no_taskflow to None, run_after=None
[2025-06-17T05:19:15.813+0000] {processor.py:208} INFO - Processing /home/airflow/.local/lib/python3.12/site-packages/airflow/example_dags/example_dataset_alias_with_no_taskflow.py took 0.509 seconds
[2025-06-17T05:19:46.695+0000] {processor.py:186} INFO - Started process (PID=157) to work on /home/airflow/.local/lib/python3.12/site-packages/airflow/example_dags/example_dataset_alias_with_no_taskflow.py
[2025-06-17T05:19:46.695+0000] {processor.py:914} INFO - Processing file /home/airflow/.local/lib/python3.12/site-packages/airflow/example_dags/example_dataset_alias_with_no_taskflow.py for tasks to queue
[2025-06-17T05:19:46.697+0000] {logging_mixin.py:190} INFO - [2025-06-17T05:19:46.696+0000] {dagbag.py:588} INFO - Filling up the DagBag from /home/airflow/.local/lib/python3.12/site-packages/airflow/example_dags/example_dataset_alias_with_no_taskflow.py
[2025-06-17T05:19:47.153+0000] {processor.py:925} INFO - DAG(s) 'dataset_s3_bucket_consumer_with_no_taskflow', 'dataset_alias_example_alias_consumer_with_no_taskflow', 'dataset_alias_example_alias_producer_with_no_taskflow', 'dataset_s3_bucket_producer_with_no_taskflow' retrieved from /home/airflow/.local/lib/python3.12/site-packages/airflow/example_dags/example_dataset_alias_with_no_taskflow.py
[2025-06-17T05:19:47.170+0000] {logging_mixin.py:190} INFO - [2025-06-17T05:19:47.169+0000] {dag.py:3239} INFO - Sync 4 DAGs
[2025-06-17T05:19:47.190+0000] {logging_mixin.py:190} INFO - [2025-06-17T05:19:47.189+0000] {dag.py:4180} INFO - Setting next_dagrun for dataset_alias_example_alias_consumer_with_no_taskflow to None, run_after=None
[2025-06-17T05:19:47.192+0000] {logging_mixin.py:190} INFO - [2025-06-17T05:19:47.192+0000] {dag.py:4180} INFO - Setting next_dagrun for dataset_alias_example_alias_producer_with_no_taskflow to None, run_after=None
[2025-06-17T05:19:47.195+0000] {logging_mixin.py:190} INFO - [2025-06-17T05:19:47.195+0000] {dag.py:4180} INFO - Setting next_dagrun for dataset_s3_bucket_consumer_with_no_taskflow to None, run_after=None
[2025-06-17T05:19:47.196+0000] {logging_mixin.py:190} INFO - [2025-06-17T05:19:47.196+0000] {dag.py:4180} INFO - Setting next_dagrun for dataset_s3_bucket_producer_with_no_taskflow to None, run_after=None
[2025-06-17T05:19:47.215+0000] {processor.py:208} INFO - Processing /home/airflow/.local/lib/python3.12/site-packages/airflow/example_dags/example_dataset_alias_with_no_taskflow.py took 0.526 seconds
[2025-06-17T05:21:34.416+0000] {processor.py:186} INFO - Started process (PID=94) to work on /home/airflow/.local/lib/python3.12/site-packages/airflow/example_dags/example_dataset_alias_with_no_taskflow.py
[2025-06-17T05:21:34.416+0000] {processor.py:914} INFO - Processing file /home/airflow/.local/lib/python3.12/site-packages/airflow/example_dags/example_dataset_alias_with_no_taskflow.py for tasks to queue
[2025-06-17T05:21:34.417+0000] {logging_mixin.py:190} INFO - [2025-06-17T05:21:34.417+0000] {dagbag.py:588} INFO - Filling up the DagBag from /home/airflow/.local/lib/python3.12/site-packages/airflow/example_dags/example_dataset_alias_with_no_taskflow.py
[2025-06-17T05:21:34.830+0000] {processor.py:925} INFO - DAG(s) 'dataset_s3_bucket_producer_with_no_taskflow', 'dataset_s3_bucket_consumer_with_no_taskflow', 'dataset_alias_example_alias_consumer_with_no_taskflow', 'dataset_alias_example_alias_producer_with_no_taskflow' retrieved from /home/airflow/.local/lib/python3.12/site-packages/airflow/example_dags/example_dataset_alias_with_no_taskflow.py
[2025-06-17T05:21:34.845+0000] {logging_mixin.py:190} INFO - [2025-06-17T05:21:34.845+0000] {dag.py:3239} INFO - Sync 4 DAGs
[2025-06-17T05:21:34.862+0000] {logging_mixin.py:190} INFO - [2025-06-17T05:21:34.862+0000] {dag.py:4180} INFO - Setting next_dagrun for dataset_alias_example_alias_consumer_with_no_taskflow to None, run_after=None
[2025-06-17T05:21:34.865+0000] {logging_mixin.py:190} INFO - [2025-06-17T05:21:34.864+0000] {dag.py:4180} INFO - Setting next_dagrun for dataset_alias_example_alias_producer_with_no_taskflow to None, run_after=None
[2025-06-17T05:21:34.866+0000] {logging_mixin.py:190} INFO - [2025-06-17T05:21:34.866+0000] {dag.py:4180} INFO - Setting next_dagrun for dataset_s3_bucket_consumer_with_no_taskflow to None, run_after=None
[2025-06-17T05:21:34.867+0000] {logging_mixin.py:190} INFO - [2025-06-17T05:21:34.867+0000] {dag.py:4180} INFO - Setting next_dagrun for dataset_s3_bucket_producer_with_no_taskflow to None, run_after=None
[2025-06-17T05:21:34.891+0000] {processor.py:208} INFO - Processing /home/airflow/.local/lib/python3.12/site-packages/airflow/example_dags/example_dataset_alias_with_no_taskflow.py took 0.480 seconds
[2025-06-17T05:22:05.666+0000] {processor.py:186} INFO - Started process (PID=157) to work on /home/airflow/.local/lib/python3.12/site-packages/airflow/example_dags/example_dataset_alias_with_no_taskflow.py
[2025-06-17T05:22:05.667+0000] {processor.py:914} INFO - Processing file /home/airflow/.local/lib/python3.12/site-packages/airflow/example_dags/example_dataset_alias_with_no_taskflow.py for tasks to queue
[2025-06-17T05:22:05.668+0000] {logging_mixin.py:190} INFO - [2025-06-17T05:22:05.668+0000] {dagbag.py:588} INFO - Filling up the DagBag from /home/airflow/.local/lib/python3.12/site-packages/airflow/example_dags/example_dataset_alias_with_no_taskflow.py
[2025-06-17T05:22:06.117+0000] {processor.py:925} INFO - DAG(s) 'dataset_s3_bucket_consumer_with_no_taskflow', 'dataset_s3_bucket_producer_with_no_taskflow', 'dataset_alias_example_alias_consumer_with_no_taskflow', 'dataset_alias_example_alias_producer_with_no_taskflow' retrieved from /home/airflow/.local/lib/python3.12/site-packages/airflow/example_dags/example_dataset_alias_with_no_taskflow.py
[2025-06-17T05:22:06.132+0000] {logging_mixin.py:190} INFO - [2025-06-17T05:22:06.132+0000] {dag.py:3239} INFO - Sync 4 DAGs
[2025-06-17T05:22:06.149+0000] {logging_mixin.py:190} INFO - [2025-06-17T05:22:06.149+0000] {dag.py:4180} INFO - Setting next_dagrun for dataset_alias_example_alias_consumer_with_no_taskflow to None, run_after=None
[2025-06-17T05:22:06.152+0000] {logging_mixin.py:190} INFO - [2025-06-17T05:22:06.152+0000] {dag.py:4180} INFO - Setting next_dagrun for dataset_alias_example_alias_producer_with_no_taskflow to None, run_after=None
[2025-06-17T05:22:06.155+0000] {logging_mixin.py:190} INFO - [2025-06-17T05:22:06.155+0000] {dag.py:4180} INFO - Setting next_dagrun for dataset_s3_bucket_consumer_with_no_taskflow to None, run_after=None
[2025-06-17T05:22:06.156+0000] {logging_mixin.py:190} INFO - [2025-06-17T05:22:06.156+0000] {dag.py:4180} INFO - Setting next_dagrun for dataset_s3_bucket_producer_with_no_taskflow to None, run_after=None
[2025-06-17T05:22:06.174+0000] {processor.py:208} INFO - Processing /home/airflow/.local/lib/python3.12/site-packages/airflow/example_dags/example_dataset_alias_with_no_taskflow.py took 0.513 seconds
[2025-06-17T05:22:36.555+0000] {processor.py:186} INFO - Started process (PID=222) to work on /home/airflow/.local/lib/python3.12/site-packages/airflow/example_dags/example_dataset_alias_with_no_taskflow.py
[2025-06-17T05:22:36.555+0000] {processor.py:914} INFO - Processing file /home/airflow/.local/lib/python3.12/site-packages/airflow/example_dags/example_dataset_alias_with_no_taskflow.py for tasks to queue
[2025-06-17T05:22:36.556+0000] {logging_mixin.py:190} INFO - [2025-06-17T05:22:36.556+0000] {dagbag.py:588} INFO - Filling up the DagBag from /home/airflow/.local/lib/python3.12/site-packages/airflow/example_dags/example_dataset_alias_with_no_taskflow.py
[2025-06-17T05:22:37.053+0000] {processor.py:925} INFO - DAG(s) 'dataset_s3_bucket_producer_with_no_taskflow', 'dataset_s3_bucket_consumer_with_no_taskflow', 'dataset_alias_example_alias_producer_with_no_taskflow', 'dataset_alias_example_alias_consumer_with_no_taskflow' retrieved from /home/airflow/.local/lib/python3.12/site-packages/airflow/example_dags/example_dataset_alias_with_no_taskflow.py
[2025-06-17T05:22:37.069+0000] {logging_mixin.py:190} INFO - [2025-06-17T05:22:37.069+0000] {dag.py:3239} INFO - Sync 4 DAGs
[2025-06-17T05:22:37.089+0000] {logging_mixin.py:190} INFO - [2025-06-17T05:22:37.089+0000] {dag.py:4180} INFO - Setting next_dagrun for dataset_alias_example_alias_consumer_with_no_taskflow to None, run_after=None
[2025-06-17T05:22:37.092+0000] {logging_mixin.py:190} INFO - [2025-06-17T05:22:37.092+0000] {dag.py:4180} INFO - Setting next_dagrun for dataset_alias_example_alias_producer_with_no_taskflow to None, run_after=None
[2025-06-17T05:22:37.093+0000] {logging_mixin.py:190} INFO - [2025-06-17T05:22:37.093+0000] {dag.py:4180} INFO - Setting next_dagrun for dataset_s3_bucket_consumer_with_no_taskflow to None, run_after=None
[2025-06-17T05:22:37.094+0000] {logging_mixin.py:190} INFO - [2025-06-17T05:22:37.094+0000] {dag.py:4180} INFO - Setting next_dagrun for dataset_s3_bucket_producer_with_no_taskflow to None, run_after=None
[2025-06-17T05:22:37.115+0000] {processor.py:208} INFO - Processing /home/airflow/.local/lib/python3.12/site-packages/airflow/example_dags/example_dataset_alias_with_no_taskflow.py took 0.565 seconds
[2025-06-17T05:23:07.348+0000] {processor.py:186} INFO - Started process (PID=283) to work on /home/airflow/.local/lib/python3.12/site-packages/airflow/example_dags/example_dataset_alias_with_no_taskflow.py
[2025-06-17T05:23:07.349+0000] {processor.py:914} INFO - Processing file /home/airflow/.local/lib/python3.12/site-packages/airflow/example_dags/example_dataset_alias_with_no_taskflow.py for tasks to queue
[2025-06-17T05:23:07.350+0000] {logging_mixin.py:190} INFO - [2025-06-17T05:23:07.349+0000] {dagbag.py:588} INFO - Filling up the DagBag from /home/airflow/.local/lib/python3.12/site-packages/airflow/example_dags/example_dataset_alias_with_no_taskflow.py
[2025-06-17T05:23:07.789+0000] {processor.py:925} INFO - DAG(s) 'dataset_alias_example_alias_producer_with_no_taskflow', 'dataset_s3_bucket_producer_with_no_taskflow', 'dataset_alias_example_alias_consumer_with_no_taskflow', 'dataset_s3_bucket_consumer_with_no_taskflow' retrieved from /home/airflow/.local/lib/python3.12/site-packages/airflow/example_dags/example_dataset_alias_with_no_taskflow.py
[2025-06-17T05:23:07.809+0000] {logging_mixin.py:190} INFO - [2025-06-17T05:23:07.809+0000] {dag.py:3239} INFO - Sync 4 DAGs
[2025-06-17T05:23:07.831+0000] {logging_mixin.py:190} INFO - [2025-06-17T05:23:07.831+0000] {dag.py:4180} INFO - Setting next_dagrun for dataset_alias_example_alias_consumer_with_no_taskflow to None, run_after=None
[2025-06-17T05:23:07.834+0000] {logging_mixin.py:190} INFO - [2025-06-17T05:23:07.834+0000] {dag.py:4180} INFO - Setting next_dagrun for dataset_alias_example_alias_producer_with_no_taskflow to None, run_after=None
[2025-06-17T05:23:07.836+0000] {logging_mixin.py:190} INFO - [2025-06-17T05:23:07.836+0000] {dag.py:4180} INFO - Setting next_dagrun for dataset_s3_bucket_consumer_with_no_taskflow to None, run_after=None
[2025-06-17T05:23:07.837+0000] {logging_mixin.py:190} INFO - [2025-06-17T05:23:07.837+0000] {dag.py:4180} INFO - Setting next_dagrun for dataset_s3_bucket_producer_with_no_taskflow to None, run_after=None
[2025-06-17T05:23:07.857+0000] {processor.py:208} INFO - Processing /home/airflow/.local/lib/python3.12/site-packages/airflow/example_dags/example_dataset_alias_with_no_taskflow.py took 0.514 seconds
[2025-06-17T05:23:38.616+0000] {processor.py:186} INFO - Started process (PID=346) to work on /home/airflow/.local/lib/python3.12/site-packages/airflow/example_dags/example_dataset_alias_with_no_taskflow.py
[2025-06-17T05:23:38.616+0000] {processor.py:914} INFO - Processing file /home/airflow/.local/lib/python3.12/site-packages/airflow/example_dags/example_dataset_alias_with_no_taskflow.py for tasks to queue
[2025-06-17T05:23:38.617+0000] {logging_mixin.py:190} INFO - [2025-06-17T05:23:38.617+0000] {dagbag.py:588} INFO - Filling up the DagBag from /home/airflow/.local/lib/python3.12/site-packages/airflow/example_dags/example_dataset_alias_with_no_taskflow.py
[2025-06-17T05:23:39.015+0000] {processor.py:925} INFO - DAG(s) 'dataset_s3_bucket_consumer_with_no_taskflow', 'dataset_alias_example_alias_producer_with_no_taskflow', 'dataset_alias_example_alias_consumer_with_no_taskflow', 'dataset_s3_bucket_producer_with_no_taskflow' retrieved from /home/airflow/.local/lib/python3.12/site-packages/airflow/example_dags/example_dataset_alias_with_no_taskflow.py
[2025-06-17T05:23:39.032+0000] {logging_mixin.py:190} INFO - [2025-06-17T05:23:39.032+0000] {dag.py:3239} INFO - Sync 4 DAGs
[2025-06-17T05:23:39.049+0000] {logging_mixin.py:190} INFO - [2025-06-17T05:23:39.049+0000] {dag.py:4180} INFO - Setting next_dagrun for dataset_alias_example_alias_consumer_with_no_taskflow to None, run_after=None
[2025-06-17T05:23:39.051+0000] {logging_mixin.py:190} INFO - [2025-06-17T05:23:39.050+0000] {dag.py:4180} INFO - Setting next_dagrun for dataset_alias_example_alias_producer_with_no_taskflow to None, run_after=None
[2025-06-17T05:23:39.052+0000] {logging_mixin.py:190} INFO - [2025-06-17T05:23:39.052+0000] {dag.py:4180} INFO - Setting next_dagrun for dataset_s3_bucket_consumer_with_no_taskflow to None, run_after=None
[2025-06-17T05:23:39.053+0000] {logging_mixin.py:190} INFO - [2025-06-17T05:23:39.053+0000] {dag.py:4180} INFO - Setting next_dagrun for dataset_s3_bucket_producer_with_no_taskflow to None, run_after=None
[2025-06-17T05:23:39.077+0000] {processor.py:208} INFO - Processing /home/airflow/.local/lib/python3.12/site-packages/airflow/example_dags/example_dataset_alias_with_no_taskflow.py took 0.465 seconds
