[2025-06-17T05:01:29.633+0000] {processor.py:186} INFO - Started process (PID=98) to work on /home/airflow/.local/lib/python3.12/site-packages/airflow/example_dags/example_branch_operator.py
[2025-06-17T05:01:29.634+0000] {processor.py:914} INFO - Processing file /home/airflow/.local/lib/python3.12/site-packages/airflow/example_dags/example_branch_operator.py for tasks to queue
[2025-06-17T05:01:29.635+0000] {logging_mixin.py:190} INFO - [2025-06-17T05:01:29.635+0000] {dagbag.py:588} INFO - Filling up the DagBag from /home/airflow/.local/lib/python3.12/site-packages/airflow/example_dags/example_branch_operator.py
[2025-06-17T05:01:29.651+0000] {processor.py:925} INFO - DAG(s) 'example_branch_operator' retrieved from /home/airflow/.local/lib/python3.12/site-packages/airflow/example_dags/example_branch_operator.py
[2025-06-17T05:01:29.738+0000] {logging_mixin.py:190} INFO - [2025-06-17T05:01:29.737+0000] {override.py:1912} INFO - Created Permission View: can read on DAG:example_branch_operator
[2025-06-17T05:01:29.747+0000] {logging_mixin.py:190} INFO - [2025-06-17T05:01:29.747+0000] {override.py:1912} INFO - Created Permission View: can edit on DAG:example_branch_operator
[2025-06-17T05:01:29.754+0000] {logging_mixin.py:190} INFO - [2025-06-17T05:01:29.754+0000] {override.py:1912} INFO - Created Permission View: can delete on DAG:example_branch_operator
[2025-06-17T05:01:29.763+0000] {logging_mixin.py:190} INFO - [2025-06-17T05:01:29.763+0000] {override.py:1912} INFO - Created Permission View: menu access on DAG Run:example_branch_operator
[2025-06-17T05:01:29.769+0000] {logging_mixin.py:190} INFO - [2025-06-17T05:01:29.768+0000] {override.py:1912} INFO - Created Permission View: can create on DAG Run:example_branch_operator
[2025-06-17T05:01:29.775+0000] {logging_mixin.py:190} INFO - [2025-06-17T05:01:29.775+0000] {override.py:1912} INFO - Created Permission View: can read on DAG Run:example_branch_operator
[2025-06-17T05:01:29.781+0000] {logging_mixin.py:190} INFO - [2025-06-17T05:01:29.781+0000] {override.py:1912} INFO - Created Permission View: can delete on DAG Run:example_branch_operator
[2025-06-17T05:01:29.781+0000] {logging_mixin.py:190} INFO - [2025-06-17T05:01:29.781+0000] {dag.py:3239} INFO - Sync 1 DAGs
[2025-06-17T05:01:29.791+0000] {logging_mixin.py:190} INFO - [2025-06-17T05:01:29.790+0000] {dag.py:3262} INFO - Creating ORM DAG for example_branch_operator
[2025-06-17T05:01:29.799+0000] {logging_mixin.py:190} INFO - [2025-06-17T05:01:29.799+0000] {dag.py:4180} INFO - Setting next_dagrun for example_branch_operator to 2025-06-16 00:00:00+00:00, run_after=2025-06-17 00:00:00+00:00
[2025-06-17T05:01:29.815+0000] {processor.py:208} INFO - Processing /home/airflow/.local/lib/python3.12/site-packages/airflow/example_dags/example_branch_operator.py took 0.187 seconds
[2025-06-17T05:01:59.867+0000] {processor.py:186} INFO - Started process (PID=160) to work on /home/airflow/.local/lib/python3.12/site-packages/airflow/example_dags/example_branch_operator.py
[2025-06-17T05:01:59.868+0000] {processor.py:914} INFO - Processing file /home/airflow/.local/lib/python3.12/site-packages/airflow/example_dags/example_branch_operator.py for tasks to queue
[2025-06-17T05:01:59.869+0000] {logging_mixin.py:190} INFO - [2025-06-17T05:01:59.869+0000] {dagbag.py:588} INFO - Filling up the DagBag from /home/airflow/.local/lib/python3.12/site-packages/airflow/example_dags/example_branch_operator.py
[2025-06-17T05:01:59.883+0000] {processor.py:925} INFO - DAG(s) 'example_branch_operator' retrieved from /home/airflow/.local/lib/python3.12/site-packages/airflow/example_dags/example_branch_operator.py
[2025-06-17T05:01:59.904+0000] {logging_mixin.py:190} INFO - [2025-06-17T05:01:59.904+0000] {dag.py:3239} INFO - Sync 1 DAGs
[2025-06-17T05:01:59.923+0000] {logging_mixin.py:190} INFO - [2025-06-17T05:01:59.923+0000] {dag.py:4180} INFO - Setting next_dagrun for example_branch_operator to 2025-06-16 00:00:00+00:00, run_after=2025-06-17 00:00:00+00:00
[2025-06-17T05:01:59.938+0000] {processor.py:208} INFO - Processing /home/airflow/.local/lib/python3.12/site-packages/airflow/example_dags/example_branch_operator.py took 0.075 seconds
[2025-06-17T05:02:30.735+0000] {processor.py:186} INFO - Started process (PID=223) to work on /home/airflow/.local/lib/python3.12/site-packages/airflow/example_dags/example_branch_operator.py
[2025-06-17T05:02:30.735+0000] {processor.py:914} INFO - Processing file /home/airflow/.local/lib/python3.12/site-packages/airflow/example_dags/example_branch_operator.py for tasks to queue
[2025-06-17T05:02:30.736+0000] {logging_mixin.py:190} INFO - [2025-06-17T05:02:30.736+0000] {dagbag.py:588} INFO - Filling up the DagBag from /home/airflow/.local/lib/python3.12/site-packages/airflow/example_dags/example_branch_operator.py
[2025-06-17T05:02:30.749+0000] {processor.py:925} INFO - DAG(s) 'example_branch_operator' retrieved from /home/airflow/.local/lib/python3.12/site-packages/airflow/example_dags/example_branch_operator.py
[2025-06-17T05:02:30.771+0000] {logging_mixin.py:190} INFO - [2025-06-17T05:02:30.771+0000] {dag.py:3239} INFO - Sync 1 DAGs
[2025-06-17T05:02:30.792+0000] {logging_mixin.py:190} INFO - [2025-06-17T05:02:30.791+0000] {dag.py:4180} INFO - Setting next_dagrun for example_branch_operator to 2025-06-16 00:00:00+00:00, run_after=2025-06-17 00:00:00+00:00
[2025-06-17T05:02:30.811+0000] {processor.py:208} INFO - Processing /home/airflow/.local/lib/python3.12/site-packages/airflow/example_dags/example_branch_operator.py took 0.081 seconds
[2025-06-17T05:06:07.554+0000] {processor.py:186} INFO - Started process (PID=100) to work on /home/airflow/.local/lib/python3.12/site-packages/airflow/example_dags/example_branch_operator.py
[2025-06-17T05:06:07.555+0000] {processor.py:914} INFO - Processing file /home/airflow/.local/lib/python3.12/site-packages/airflow/example_dags/example_branch_operator.py for tasks to queue
[2025-06-17T05:06:07.556+0000] {logging_mixin.py:190} INFO - [2025-06-17T05:06:07.556+0000] {dagbag.py:588} INFO - Filling up the DagBag from /home/airflow/.local/lib/python3.12/site-packages/airflow/example_dags/example_branch_operator.py
[2025-06-17T05:06:07.571+0000] {processor.py:925} INFO - DAG(s) 'example_branch_operator' retrieved from /home/airflow/.local/lib/python3.12/site-packages/airflow/example_dags/example_branch_operator.py
[2025-06-17T05:06:07.659+0000] {logging_mixin.py:190} INFO - [2025-06-17T05:06:07.659+0000] {dag.py:3239} INFO - Sync 1 DAGs
[2025-06-17T05:06:07.676+0000] {logging_mixin.py:190} INFO - [2025-06-17T05:06:07.676+0000] {dag.py:4180} INFO - Setting next_dagrun for example_branch_operator to 2025-06-16 00:00:00+00:00, run_after=2025-06-17 00:00:00+00:00
[2025-06-17T05:06:07.691+0000] {processor.py:208} INFO - Processing /home/airflow/.local/lib/python3.12/site-packages/airflow/example_dags/example_branch_operator.py took 0.141 seconds
[2025-06-17T05:06:38.690+0000] {processor.py:186} INFO - Started process (PID=163) to work on /home/airflow/.local/lib/python3.12/site-packages/airflow/example_dags/example_branch_operator.py
[2025-06-17T05:06:38.691+0000] {processor.py:914} INFO - Processing file /home/airflow/.local/lib/python3.12/site-packages/airflow/example_dags/example_branch_operator.py for tasks to queue
[2025-06-17T05:06:38.692+0000] {logging_mixin.py:190} INFO - [2025-06-17T05:06:38.692+0000] {dagbag.py:588} INFO - Filling up the DagBag from /home/airflow/.local/lib/python3.12/site-packages/airflow/example_dags/example_branch_operator.py
[2025-06-17T05:06:38.709+0000] {processor.py:925} INFO - DAG(s) 'example_branch_operator' retrieved from /home/airflow/.local/lib/python3.12/site-packages/airflow/example_dags/example_branch_operator.py
[2025-06-17T05:06:38.730+0000] {logging_mixin.py:190} INFO - [2025-06-17T05:06:38.730+0000] {dag.py:3239} INFO - Sync 1 DAGs
[2025-06-17T05:06:38.751+0000] {logging_mixin.py:190} INFO - [2025-06-17T05:06:38.751+0000] {dag.py:4180} INFO - Setting next_dagrun for example_branch_operator to 2025-06-16 00:00:00+00:00, run_after=2025-06-17 00:00:00+00:00
[2025-06-17T05:06:38.767+0000] {processor.py:208} INFO - Processing /home/airflow/.local/lib/python3.12/site-packages/airflow/example_dags/example_branch_operator.py took 0.081 seconds
[2025-06-17T05:09:02.072+0000] {processor.py:186} INFO - Started process (PID=98) to work on /home/airflow/.local/lib/python3.12/site-packages/airflow/example_dags/example_branch_operator.py
[2025-06-17T05:09:02.072+0000] {processor.py:914} INFO - Processing file /home/airflow/.local/lib/python3.12/site-packages/airflow/example_dags/example_branch_operator.py for tasks to queue
[2025-06-17T05:09:02.073+0000] {logging_mixin.py:190} INFO - [2025-06-17T05:09:02.073+0000] {dagbag.py:588} INFO - Filling up the DagBag from /home/airflow/.local/lib/python3.12/site-packages/airflow/example_dags/example_branch_operator.py
[2025-06-17T05:09:02.089+0000] {processor.py:925} INFO - DAG(s) 'example_branch_operator' retrieved from /home/airflow/.local/lib/python3.12/site-packages/airflow/example_dags/example_branch_operator.py
[2025-06-17T05:09:02.194+0000] {logging_mixin.py:190} INFO - [2025-06-17T05:09:02.194+0000] {dag.py:3239} INFO - Sync 1 DAGs
[2025-06-17T05:09:02.213+0000] {logging_mixin.py:190} INFO - [2025-06-17T05:09:02.213+0000] {dag.py:4180} INFO - Setting next_dagrun for example_branch_operator to 2025-06-16 00:00:00+00:00, run_after=2025-06-17 00:00:00+00:00
[2025-06-17T05:09:02.233+0000] {processor.py:208} INFO - Processing /home/airflow/.local/lib/python3.12/site-packages/airflow/example_dags/example_branch_operator.py took 0.166 seconds
[2025-06-17T05:09:32.921+0000] {processor.py:186} INFO - Started process (PID=161) to work on /home/airflow/.local/lib/python3.12/site-packages/airflow/example_dags/example_branch_operator.py
[2025-06-17T05:09:32.922+0000] {processor.py:914} INFO - Processing file /home/airflow/.local/lib/python3.12/site-packages/airflow/example_dags/example_branch_operator.py for tasks to queue
[2025-06-17T05:09:32.923+0000] {logging_mixin.py:190} INFO - [2025-06-17T05:09:32.922+0000] {dagbag.py:588} INFO - Filling up the DagBag from /home/airflow/.local/lib/python3.12/site-packages/airflow/example_dags/example_branch_operator.py
[2025-06-17T05:09:32.939+0000] {processor.py:925} INFO - DAG(s) 'example_branch_operator' retrieved from /home/airflow/.local/lib/python3.12/site-packages/airflow/example_dags/example_branch_operator.py
[2025-06-17T05:09:32.964+0000] {logging_mixin.py:190} INFO - [2025-06-17T05:09:32.964+0000] {dag.py:3239} INFO - Sync 1 DAGs
[2025-06-17T05:09:32.984+0000] {logging_mixin.py:190} INFO - [2025-06-17T05:09:32.984+0000] {dag.py:4180} INFO - Setting next_dagrun for example_branch_operator to 2025-06-16 00:00:00+00:00, run_after=2025-06-17 00:00:00+00:00
[2025-06-17T05:09:33.000+0000] {processor.py:208} INFO - Processing /home/airflow/.local/lib/python3.12/site-packages/airflow/example_dags/example_branch_operator.py took 0.083 seconds
[2025-06-17T05:10:03.147+0000] {processor.py:186} INFO - Started process (PID=223) to work on /home/airflow/.local/lib/python3.12/site-packages/airflow/example_dags/example_branch_operator.py
[2025-06-17T05:10:03.147+0000] {processor.py:914} INFO - Processing file /home/airflow/.local/lib/python3.12/site-packages/airflow/example_dags/example_branch_operator.py for tasks to queue
[2025-06-17T05:10:03.148+0000] {logging_mixin.py:190} INFO - [2025-06-17T05:10:03.148+0000] {dagbag.py:588} INFO - Filling up the DagBag from /home/airflow/.local/lib/python3.12/site-packages/airflow/example_dags/example_branch_operator.py
[2025-06-17T05:10:03.163+0000] {processor.py:925} INFO - DAG(s) 'example_branch_operator' retrieved from /home/airflow/.local/lib/python3.12/site-packages/airflow/example_dags/example_branch_operator.py
[2025-06-17T05:10:03.187+0000] {logging_mixin.py:190} INFO - [2025-06-17T05:10:03.187+0000] {dag.py:3239} INFO - Sync 1 DAGs
[2025-06-17T05:10:03.206+0000] {logging_mixin.py:190} INFO - [2025-06-17T05:10:03.206+0000] {dag.py:4180} INFO - Setting next_dagrun for example_branch_operator to 2025-06-16 00:00:00+00:00, run_after=2025-06-17 00:00:00+00:00
[2025-06-17T05:10:03.221+0000] {processor.py:208} INFO - Processing /home/airflow/.local/lib/python3.12/site-packages/airflow/example_dags/example_branch_operator.py took 0.078 seconds
[2025-06-17T05:10:34.323+0000] {processor.py:186} INFO - Started process (PID=286) to work on /home/airflow/.local/lib/python3.12/site-packages/airflow/example_dags/example_branch_operator.py
[2025-06-17T05:10:34.323+0000] {processor.py:914} INFO - Processing file /home/airflow/.local/lib/python3.12/site-packages/airflow/example_dags/example_branch_operator.py for tasks to queue
[2025-06-17T05:10:34.324+0000] {logging_mixin.py:190} INFO - [2025-06-17T05:10:34.324+0000] {dagbag.py:588} INFO - Filling up the DagBag from /home/airflow/.local/lib/python3.12/site-packages/airflow/example_dags/example_branch_operator.py
[2025-06-17T05:10:34.337+0000] {processor.py:925} INFO - DAG(s) 'example_branch_operator' retrieved from /home/airflow/.local/lib/python3.12/site-packages/airflow/example_dags/example_branch_operator.py
[2025-06-17T05:10:34.358+0000] {logging_mixin.py:190} INFO - [2025-06-17T05:10:34.357+0000] {dag.py:3239} INFO - Sync 1 DAGs
[2025-06-17T05:10:34.376+0000] {logging_mixin.py:190} INFO - [2025-06-17T05:10:34.376+0000] {dag.py:4180} INFO - Setting next_dagrun for example_branch_operator to 2025-06-16 00:00:00+00:00, run_after=2025-06-17 00:00:00+00:00
[2025-06-17T05:10:34.392+0000] {processor.py:208} INFO - Processing /home/airflow/.local/lib/python3.12/site-packages/airflow/example_dags/example_branch_operator.py took 0.073 seconds
[2025-06-17T05:11:05.040+0000] {processor.py:186} INFO - Started process (PID=349) to work on /home/airflow/.local/lib/python3.12/site-packages/airflow/example_dags/example_branch_operator.py
[2025-06-17T05:11:05.041+0000] {processor.py:914} INFO - Processing file /home/airflow/.local/lib/python3.12/site-packages/airflow/example_dags/example_branch_operator.py for tasks to queue
[2025-06-17T05:11:05.041+0000] {logging_mixin.py:190} INFO - [2025-06-17T05:11:05.041+0000] {dagbag.py:588} INFO - Filling up the DagBag from /home/airflow/.local/lib/python3.12/site-packages/airflow/example_dags/example_branch_operator.py
[2025-06-17T05:11:05.055+0000] {processor.py:925} INFO - DAG(s) 'example_branch_operator' retrieved from /home/airflow/.local/lib/python3.12/site-packages/airflow/example_dags/example_branch_operator.py
[2025-06-17T05:11:05.076+0000] {logging_mixin.py:190} INFO - [2025-06-17T05:11:05.076+0000] {dag.py:3239} INFO - Sync 1 DAGs
[2025-06-17T05:11:05.093+0000] {logging_mixin.py:190} INFO - [2025-06-17T05:11:05.093+0000] {dag.py:4180} INFO - Setting next_dagrun for example_branch_operator to 2025-06-16 00:00:00+00:00, run_after=2025-06-17 00:00:00+00:00
[2025-06-17T05:11:05.107+0000] {processor.py:208} INFO - Processing /home/airflow/.local/lib/python3.12/site-packages/airflow/example_dags/example_branch_operator.py took 0.071 seconds
[2025-06-17T05:11:35.844+0000] {processor.py:186} INFO - Started process (PID=412) to work on /home/airflow/.local/lib/python3.12/site-packages/airflow/example_dags/example_branch_operator.py
[2025-06-17T05:11:35.845+0000] {processor.py:914} INFO - Processing file /home/airflow/.local/lib/python3.12/site-packages/airflow/example_dags/example_branch_operator.py for tasks to queue
[2025-06-17T05:11:35.846+0000] {logging_mixin.py:190} INFO - [2025-06-17T05:11:35.846+0000] {dagbag.py:588} INFO - Filling up the DagBag from /home/airflow/.local/lib/python3.12/site-packages/airflow/example_dags/example_branch_operator.py
[2025-06-17T05:11:35.860+0000] {processor.py:925} INFO - DAG(s) 'example_branch_operator' retrieved from /home/airflow/.local/lib/python3.12/site-packages/airflow/example_dags/example_branch_operator.py
[2025-06-17T05:11:35.880+0000] {logging_mixin.py:190} INFO - [2025-06-17T05:11:35.880+0000] {dag.py:3239} INFO - Sync 1 DAGs
[2025-06-17T05:11:35.899+0000] {logging_mixin.py:190} INFO - [2025-06-17T05:11:35.899+0000] {dag.py:4180} INFO - Setting next_dagrun for example_branch_operator to 2025-06-16 00:00:00+00:00, run_after=2025-06-17 00:00:00+00:00
[2025-06-17T05:11:35.915+0000] {processor.py:208} INFO - Processing /home/airflow/.local/lib/python3.12/site-packages/airflow/example_dags/example_branch_operator.py took 0.075 seconds
[2025-06-17T05:12:06.808+0000] {processor.py:186} INFO - Started process (PID=475) to work on /home/airflow/.local/lib/python3.12/site-packages/airflow/example_dags/example_branch_operator.py
[2025-06-17T05:12:06.808+0000] {processor.py:914} INFO - Processing file /home/airflow/.local/lib/python3.12/site-packages/airflow/example_dags/example_branch_operator.py for tasks to queue
[2025-06-17T05:12:06.810+0000] {logging_mixin.py:190} INFO - [2025-06-17T05:12:06.809+0000] {dagbag.py:588} INFO - Filling up the DagBag from /home/airflow/.local/lib/python3.12/site-packages/airflow/example_dags/example_branch_operator.py
[2025-06-17T05:12:06.823+0000] {processor.py:925} INFO - DAG(s) 'example_branch_operator' retrieved from /home/airflow/.local/lib/python3.12/site-packages/airflow/example_dags/example_branch_operator.py
[2025-06-17T05:12:06.844+0000] {logging_mixin.py:190} INFO - [2025-06-17T05:12:06.844+0000] {dag.py:3239} INFO - Sync 1 DAGs
[2025-06-17T05:12:06.864+0000] {logging_mixin.py:190} INFO - [2025-06-17T05:12:06.864+0000] {dag.py:4180} INFO - Setting next_dagrun for example_branch_operator to 2025-06-16 00:00:00+00:00, run_after=2025-06-17 00:00:00+00:00
[2025-06-17T05:12:06.880+0000] {processor.py:208} INFO - Processing /home/airflow/.local/lib/python3.12/site-packages/airflow/example_dags/example_branch_operator.py took 0.077 seconds
[2025-06-17T05:12:37.241+0000] {processor.py:186} INFO - Started process (PID=538) to work on /home/airflow/.local/lib/python3.12/site-packages/airflow/example_dags/example_branch_operator.py
[2025-06-17T05:12:37.242+0000] {processor.py:914} INFO - Processing file /home/airflow/.local/lib/python3.12/site-packages/airflow/example_dags/example_branch_operator.py for tasks to queue
[2025-06-17T05:12:37.243+0000] {logging_mixin.py:190} INFO - [2025-06-17T05:12:37.242+0000] {dagbag.py:588} INFO - Filling up the DagBag from /home/airflow/.local/lib/python3.12/site-packages/airflow/example_dags/example_branch_operator.py
[2025-06-17T05:12:37.256+0000] {processor.py:925} INFO - DAG(s) 'example_branch_operator' retrieved from /home/airflow/.local/lib/python3.12/site-packages/airflow/example_dags/example_branch_operator.py
[2025-06-17T05:12:37.277+0000] {logging_mixin.py:190} INFO - [2025-06-17T05:12:37.276+0000] {dag.py:3239} INFO - Sync 1 DAGs
[2025-06-17T05:12:37.294+0000] {logging_mixin.py:190} INFO - [2025-06-17T05:12:37.294+0000] {dag.py:4180} INFO - Setting next_dagrun for example_branch_operator to 2025-06-16 00:00:00+00:00, run_after=2025-06-17 00:00:00+00:00
[2025-06-17T05:12:37.309+0000] {processor.py:208} INFO - Processing /home/airflow/.local/lib/python3.12/site-packages/airflow/example_dags/example_branch_operator.py took 0.072 seconds
[2025-06-17T05:13:08.091+0000] {processor.py:186} INFO - Started process (PID=601) to work on /home/airflow/.local/lib/python3.12/site-packages/airflow/example_dags/example_branch_operator.py
[2025-06-17T05:13:08.092+0000] {processor.py:914} INFO - Processing file /home/airflow/.local/lib/python3.12/site-packages/airflow/example_dags/example_branch_operator.py for tasks to queue
[2025-06-17T05:13:08.093+0000] {logging_mixin.py:190} INFO - [2025-06-17T05:13:08.092+0000] {dagbag.py:588} INFO - Filling up the DagBag from /home/airflow/.local/lib/python3.12/site-packages/airflow/example_dags/example_branch_operator.py
[2025-06-17T05:13:08.109+0000] {processor.py:925} INFO - DAG(s) 'example_branch_operator' retrieved from /home/airflow/.local/lib/python3.12/site-packages/airflow/example_dags/example_branch_operator.py
[2025-06-17T05:13:08.133+0000] {logging_mixin.py:190} INFO - [2025-06-17T05:13:08.132+0000] {dag.py:3239} INFO - Sync 1 DAGs
[2025-06-17T05:13:08.152+0000] {logging_mixin.py:190} INFO - [2025-06-17T05:13:08.152+0000] {dag.py:4180} INFO - Setting next_dagrun for example_branch_operator to 2025-06-16 00:00:00+00:00, run_after=2025-06-17 00:00:00+00:00
[2025-06-17T05:13:08.166+0000] {processor.py:208} INFO - Processing /home/airflow/.local/lib/python3.12/site-packages/airflow/example_dags/example_branch_operator.py took 0.080 seconds
[2025-06-17T05:13:38.464+0000] {processor.py:186} INFO - Started process (PID=664) to work on /home/airflow/.local/lib/python3.12/site-packages/airflow/example_dags/example_branch_operator.py
[2025-06-17T05:13:38.465+0000] {processor.py:914} INFO - Processing file /home/airflow/.local/lib/python3.12/site-packages/airflow/example_dags/example_branch_operator.py for tasks to queue
[2025-06-17T05:13:38.466+0000] {logging_mixin.py:190} INFO - [2025-06-17T05:13:38.466+0000] {dagbag.py:588} INFO - Filling up the DagBag from /home/airflow/.local/lib/python3.12/site-packages/airflow/example_dags/example_branch_operator.py
[2025-06-17T05:13:38.479+0000] {processor.py:925} INFO - DAG(s) 'example_branch_operator' retrieved from /home/airflow/.local/lib/python3.12/site-packages/airflow/example_dags/example_branch_operator.py
[2025-06-17T05:13:38.502+0000] {logging_mixin.py:190} INFO - [2025-06-17T05:13:38.502+0000] {dag.py:3239} INFO - Sync 1 DAGs
[2025-06-17T05:13:38.522+0000] {logging_mixin.py:190} INFO - [2025-06-17T05:13:38.522+0000] {dag.py:4180} INFO - Setting next_dagrun for example_branch_operator to 2025-06-16 00:00:00+00:00, run_after=2025-06-17 00:00:00+00:00
[2025-06-17T05:13:38.537+0000] {processor.py:208} INFO - Processing /home/airflow/.local/lib/python3.12/site-packages/airflow/example_dags/example_branch_operator.py took 0.078 seconds
[2025-06-17T05:14:09.288+0000] {processor.py:186} INFO - Started process (PID=727) to work on /home/airflow/.local/lib/python3.12/site-packages/airflow/example_dags/example_branch_operator.py
[2025-06-17T05:14:09.289+0000] {processor.py:914} INFO - Processing file /home/airflow/.local/lib/python3.12/site-packages/airflow/example_dags/example_branch_operator.py for tasks to queue
[2025-06-17T05:14:09.290+0000] {logging_mixin.py:190} INFO - [2025-06-17T05:14:09.289+0000] {dagbag.py:588} INFO - Filling up the DagBag from /home/airflow/.local/lib/python3.12/site-packages/airflow/example_dags/example_branch_operator.py
[2025-06-17T05:14:09.312+0000] {processor.py:925} INFO - DAG(s) 'example_branch_operator' retrieved from /home/airflow/.local/lib/python3.12/site-packages/airflow/example_dags/example_branch_operator.py
[2025-06-17T05:14:09.336+0000] {logging_mixin.py:190} INFO - [2025-06-17T05:14:09.336+0000] {dag.py:3239} INFO - Sync 1 DAGs
[2025-06-17T05:14:09.355+0000] {logging_mixin.py:190} INFO - [2025-06-17T05:14:09.355+0000] {dag.py:4180} INFO - Setting next_dagrun for example_branch_operator to 2025-06-16 00:00:00+00:00, run_after=2025-06-17 00:00:00+00:00
[2025-06-17T05:14:09.373+0000] {processor.py:208} INFO - Processing /home/airflow/.local/lib/python3.12/site-packages/airflow/example_dags/example_branch_operator.py took 0.090 seconds
[2025-06-17T05:17:49.319+0000] {processor.py:186} INFO - Started process (PID=99) to work on /home/airflow/.local/lib/python3.12/site-packages/airflow/example_dags/example_branch_operator.py
[2025-06-17T05:17:49.320+0000] {processor.py:914} INFO - Processing file /home/airflow/.local/lib/python3.12/site-packages/airflow/example_dags/example_branch_operator.py for tasks to queue
[2025-06-17T05:17:49.321+0000] {logging_mixin.py:190} INFO - [2025-06-17T05:17:49.320+0000] {dagbag.py:588} INFO - Filling up the DagBag from /home/airflow/.local/lib/python3.12/site-packages/airflow/example_dags/example_branch_operator.py
[2025-06-17T05:17:49.334+0000] {processor.py:925} INFO - DAG(s) 'example_branch_operator' retrieved from /home/airflow/.local/lib/python3.12/site-packages/airflow/example_dags/example_branch_operator.py
[2025-06-17T05:17:49.420+0000] {logging_mixin.py:190} INFO - [2025-06-17T05:17:49.419+0000] {override.py:1912} INFO - Created Permission View: can read on DAG:example_branch_operator
[2025-06-17T05:17:49.431+0000] {logging_mixin.py:190} INFO - [2025-06-17T05:17:49.430+0000] {override.py:1912} INFO - Created Permission View: can delete on DAG:example_branch_operator
[2025-06-17T05:17:49.437+0000] {logging_mixin.py:190} INFO - [2025-06-17T05:17:49.437+0000] {override.py:1912} INFO - Created Permission View: can edit on DAG:example_branch_operator
[2025-06-17T05:17:49.449+0000] {logging_mixin.py:190} INFO - [2025-06-17T05:17:49.449+0000] {override.py:1912} INFO - Created Permission View: can read on DAG Run:example_branch_operator
[2025-06-17T05:17:49.455+0000] {logging_mixin.py:190} INFO - [2025-06-17T05:17:49.454+0000] {override.py:1912} INFO - Created Permission View: can delete on DAG Run:example_branch_operator
[2025-06-17T05:17:49.463+0000] {logging_mixin.py:190} INFO - [2025-06-17T05:17:49.463+0000] {override.py:1912} INFO - Created Permission View: menu access on DAG Run:example_branch_operator
[2025-06-17T05:17:49.470+0000] {logging_mixin.py:190} INFO - [2025-06-17T05:17:49.470+0000] {override.py:1912} INFO - Created Permission View: can create on DAG Run:example_branch_operator
[2025-06-17T05:17:49.471+0000] {logging_mixin.py:190} INFO - [2025-06-17T05:17:49.471+0000] {dag.py:3239} INFO - Sync 1 DAGs
[2025-06-17T05:17:49.479+0000] {logging_mixin.py:190} INFO - [2025-06-17T05:17:49.479+0000] {dag.py:3262} INFO - Creating ORM DAG for example_branch_operator
[2025-06-17T05:17:49.486+0000] {logging_mixin.py:190} INFO - [2025-06-17T05:17:49.486+0000] {dag.py:4180} INFO - Setting next_dagrun for example_branch_operator to 2025-06-16 00:00:00+00:00, run_after=2025-06-17 00:00:00+00:00
[2025-06-17T05:17:49.500+0000] {processor.py:208} INFO - Processing /home/airflow/.local/lib/python3.12/site-packages/airflow/example_dags/example_branch_operator.py took 0.185 seconds
[2025-06-17T05:19:16.458+0000] {processor.py:186} INFO - Started process (PID=99) to work on /home/airflow/.local/lib/python3.12/site-packages/airflow/example_dags/example_branch_operator.py
[2025-06-17T05:19:16.458+0000] {processor.py:914} INFO - Processing file /home/airflow/.local/lib/python3.12/site-packages/airflow/example_dags/example_branch_operator.py for tasks to queue
[2025-06-17T05:19:16.459+0000] {logging_mixin.py:190} INFO - [2025-06-17T05:19:16.459+0000] {dagbag.py:588} INFO - Filling up the DagBag from /home/airflow/.local/lib/python3.12/site-packages/airflow/example_dags/example_branch_operator.py
[2025-06-17T05:19:16.474+0000] {processor.py:925} INFO - DAG(s) 'example_branch_operator' retrieved from /home/airflow/.local/lib/python3.12/site-packages/airflow/example_dags/example_branch_operator.py
[2025-06-17T05:19:16.572+0000] {logging_mixin.py:190} INFO - [2025-06-17T05:19:16.571+0000] {dag.py:3239} INFO - Sync 1 DAGs
[2025-06-17T05:19:16.588+0000] {logging_mixin.py:190} INFO - [2025-06-17T05:19:16.588+0000] {dag.py:4180} INFO - Setting next_dagrun for example_branch_operator to 2025-06-16 00:00:00+00:00, run_after=2025-06-17 00:00:00+00:00
[2025-06-17T05:19:16.603+0000] {processor.py:208} INFO - Processing /home/airflow/.local/lib/python3.12/site-packages/airflow/example_dags/example_branch_operator.py took 0.150 seconds
[2025-06-17T05:19:47.249+0000] {processor.py:186} INFO - Started process (PID=161) to work on /home/airflow/.local/lib/python3.12/site-packages/airflow/example_dags/example_branch_operator.py
[2025-06-17T05:19:47.250+0000] {processor.py:914} INFO - Processing file /home/airflow/.local/lib/python3.12/site-packages/airflow/example_dags/example_branch_operator.py for tasks to queue
[2025-06-17T05:19:47.251+0000] {logging_mixin.py:190} INFO - [2025-06-17T05:19:47.251+0000] {dagbag.py:588} INFO - Filling up the DagBag from /home/airflow/.local/lib/python3.12/site-packages/airflow/example_dags/example_branch_operator.py
[2025-06-17T05:19:47.270+0000] {processor.py:925} INFO - DAG(s) 'example_branch_operator' retrieved from /home/airflow/.local/lib/python3.12/site-packages/airflow/example_dags/example_branch_operator.py
[2025-06-17T05:19:47.297+0000] {logging_mixin.py:190} INFO - [2025-06-17T05:19:47.296+0000] {dag.py:3239} INFO - Sync 1 DAGs
[2025-06-17T05:19:47.321+0000] {logging_mixin.py:190} INFO - [2025-06-17T05:19:47.321+0000] {dag.py:4180} INFO - Setting next_dagrun for example_branch_operator to 2025-06-16 00:00:00+00:00, run_after=2025-06-17 00:00:00+00:00
[2025-06-17T05:19:47.339+0000] {processor.py:208} INFO - Processing /home/airflow/.local/lib/python3.12/site-packages/airflow/example_dags/example_branch_operator.py took 0.096 seconds
[2025-06-17T05:21:35.433+0000] {processor.py:186} INFO - Started process (PID=99) to work on /home/airflow/.local/lib/python3.12/site-packages/airflow/example_dags/example_branch_operator.py
[2025-06-17T05:21:35.434+0000] {processor.py:914} INFO - Processing file /home/airflow/.local/lib/python3.12/site-packages/airflow/example_dags/example_branch_operator.py for tasks to queue
[2025-06-17T05:21:35.435+0000] {logging_mixin.py:190} INFO - [2025-06-17T05:21:35.434+0000] {dagbag.py:588} INFO - Filling up the DagBag from /home/airflow/.local/lib/python3.12/site-packages/airflow/example_dags/example_branch_operator.py
[2025-06-17T05:21:35.451+0000] {processor.py:925} INFO - DAG(s) 'example_branch_operator' retrieved from /home/airflow/.local/lib/python3.12/site-packages/airflow/example_dags/example_branch_operator.py
[2025-06-17T05:21:35.537+0000] {logging_mixin.py:190} INFO - [2025-06-17T05:21:35.537+0000] {dag.py:3239} INFO - Sync 1 DAGs
[2025-06-17T05:21:35.556+0000] {logging_mixin.py:190} INFO - [2025-06-17T05:21:35.556+0000] {dag.py:4180} INFO - Setting next_dagrun for example_branch_operator to 2025-06-16 00:00:00+00:00, run_after=2025-06-17 00:00:00+00:00
[2025-06-17T05:21:35.570+0000] {processor.py:208} INFO - Processing /home/airflow/.local/lib/python3.12/site-packages/airflow/example_dags/example_branch_operator.py took 0.142 seconds
[2025-06-17T05:22:06.423+0000] {processor.py:186} INFO - Started process (PID=162) to work on /home/airflow/.local/lib/python3.12/site-packages/airflow/example_dags/example_branch_operator.py
[2025-06-17T05:22:06.423+0000] {processor.py:914} INFO - Processing file /home/airflow/.local/lib/python3.12/site-packages/airflow/example_dags/example_branch_operator.py for tasks to queue
[2025-06-17T05:22:06.424+0000] {logging_mixin.py:190} INFO - [2025-06-17T05:22:06.424+0000] {dagbag.py:588} INFO - Filling up the DagBag from /home/airflow/.local/lib/python3.12/site-packages/airflow/example_dags/example_branch_operator.py
[2025-06-17T05:22:06.439+0000] {processor.py:925} INFO - DAG(s) 'example_branch_operator' retrieved from /home/airflow/.local/lib/python3.12/site-packages/airflow/example_dags/example_branch_operator.py
[2025-06-17T05:22:06.460+0000] {logging_mixin.py:190} INFO - [2025-06-17T05:22:06.460+0000] {dag.py:3239} INFO - Sync 1 DAGs
[2025-06-17T05:22:06.479+0000] {logging_mixin.py:190} INFO - [2025-06-17T05:22:06.479+0000] {dag.py:4180} INFO - Setting next_dagrun for example_branch_operator to 2025-06-16 00:00:00+00:00, run_after=2025-06-17 00:00:00+00:00
[2025-06-17T05:22:06.495+0000] {processor.py:208} INFO - Processing /home/airflow/.local/lib/python3.12/site-packages/airflow/example_dags/example_branch_operator.py took 0.077 seconds
[2025-06-17T05:22:37.172+0000] {processor.py:186} INFO - Started process (PID=225) to work on /home/airflow/.local/lib/python3.12/site-packages/airflow/example_dags/example_branch_operator.py
[2025-06-17T05:22:37.173+0000] {processor.py:914} INFO - Processing file /home/airflow/.local/lib/python3.12/site-packages/airflow/example_dags/example_branch_operator.py for tasks to queue
[2025-06-17T05:22:37.173+0000] {logging_mixin.py:190} INFO - [2025-06-17T05:22:37.173+0000] {dagbag.py:588} INFO - Filling up the DagBag from /home/airflow/.local/lib/python3.12/site-packages/airflow/example_dags/example_branch_operator.py
[2025-06-17T05:22:37.189+0000] {processor.py:925} INFO - DAG(s) 'example_branch_operator' retrieved from /home/airflow/.local/lib/python3.12/site-packages/airflow/example_dags/example_branch_operator.py
[2025-06-17T05:22:37.210+0000] {logging_mixin.py:190} INFO - [2025-06-17T05:22:37.209+0000] {dag.py:3239} INFO - Sync 1 DAGs
[2025-06-17T05:22:37.233+0000] {logging_mixin.py:190} INFO - [2025-06-17T05:22:37.233+0000] {dag.py:4180} INFO - Setting next_dagrun for example_branch_operator to 2025-06-16 00:00:00+00:00, run_after=2025-06-17 00:00:00+00:00
[2025-06-17T05:22:37.263+0000] {processor.py:208} INFO - Processing /home/airflow/.local/lib/python3.12/site-packages/airflow/example_dags/example_branch_operator.py took 0.095 seconds
[2025-06-17T05:23:07.889+0000] {processor.py:186} INFO - Started process (PID=287) to work on /home/airflow/.local/lib/python3.12/site-packages/airflow/example_dags/example_branch_operator.py
[2025-06-17T05:23:07.889+0000] {processor.py:914} INFO - Processing file /home/airflow/.local/lib/python3.12/site-packages/airflow/example_dags/example_branch_operator.py for tasks to queue
[2025-06-17T05:23:07.890+0000] {logging_mixin.py:190} INFO - [2025-06-17T05:23:07.890+0000] {dagbag.py:588} INFO - Filling up the DagBag from /home/airflow/.local/lib/python3.12/site-packages/airflow/example_dags/example_branch_operator.py
[2025-06-17T05:23:07.907+0000] {processor.py:925} INFO - DAG(s) 'example_branch_operator' retrieved from /home/airflow/.local/lib/python3.12/site-packages/airflow/example_dags/example_branch_operator.py
[2025-06-17T05:23:07.931+0000] {logging_mixin.py:190} INFO - [2025-06-17T05:23:07.930+0000] {dag.py:3239} INFO - Sync 1 DAGs
[2025-06-17T05:23:07.953+0000] {logging_mixin.py:190} INFO - [2025-06-17T05:23:07.953+0000] {dag.py:4180} INFO - Setting next_dagrun for example_branch_operator to 2025-06-16 00:00:00+00:00, run_after=2025-06-17 00:00:00+00:00
[2025-06-17T05:23:07.969+0000] {processor.py:208} INFO - Processing /home/airflow/.local/lib/python3.12/site-packages/airflow/example_dags/example_branch_operator.py took 0.085 seconds
[2025-06-17T05:23:39.314+0000] {processor.py:186} INFO - Started process (PID=351) to work on /home/airflow/.local/lib/python3.12/site-packages/airflow/example_dags/example_branch_operator.py
[2025-06-17T05:23:39.315+0000] {processor.py:914} INFO - Processing file /home/airflow/.local/lib/python3.12/site-packages/airflow/example_dags/example_branch_operator.py for tasks to queue
[2025-06-17T05:23:39.316+0000] {logging_mixin.py:190} INFO - [2025-06-17T05:23:39.316+0000] {dagbag.py:588} INFO - Filling up the DagBag from /home/airflow/.local/lib/python3.12/site-packages/airflow/example_dags/example_branch_operator.py
[2025-06-17T05:23:39.330+0000] {processor.py:925} INFO - DAG(s) 'example_branch_operator' retrieved from /home/airflow/.local/lib/python3.12/site-packages/airflow/example_dags/example_branch_operator.py
[2025-06-17T05:23:39.353+0000] {logging_mixin.py:190} INFO - [2025-06-17T05:23:39.353+0000] {dag.py:3239} INFO - Sync 1 DAGs
[2025-06-17T05:23:39.376+0000] {logging_mixin.py:190} INFO - [2025-06-17T05:23:39.376+0000] {dag.py:4180} INFO - Setting next_dagrun for example_branch_operator to 2025-06-16 00:00:00+00:00, run_after=2025-06-17 00:00:00+00:00
[2025-06-17T05:23:39.392+0000] {processor.py:208} INFO - Processing /home/airflow/.local/lib/python3.12/site-packages/airflow/example_dags/example_branch_operator.py took 0.082 seconds
[2025-06-17T07:58:41.325+0000] {processor.py:186} INFO - Started process (PID=72) to work on /home/airflow/.local/lib/python3.12/site-packages/airflow/example_dags/example_branch_operator.py
[2025-06-17T07:58:41.337+0000] {processor.py:914} INFO - Processing file /home/airflow/.local/lib/python3.12/site-packages/airflow/example_dags/example_branch_operator.py for tasks to queue
[2025-06-17T07:58:41.353+0000] {logging_mixin.py:190} INFO - [2025-06-17T07:58:41.352+0000] {dagbag.py:588} INFO - Filling up the DagBag from /home/airflow/.local/lib/python3.12/site-packages/airflow/example_dags/example_branch_operator.py
[2025-06-17T07:58:41.483+0000] {processor.py:925} INFO - DAG(s) 'example_branch_operator' retrieved from /home/airflow/.local/lib/python3.12/site-packages/airflow/example_dags/example_branch_operator.py
[2025-06-17T07:58:42.408+0000] {logging_mixin.py:190} INFO - [2025-06-17T07:58:42.407+0000] {dag.py:3239} INFO - Sync 1 DAGs
[2025-06-17T07:58:42.483+0000] {logging_mixin.py:190} INFO - [2025-06-17T07:58:42.482+0000] {dag.py:4180} INFO - Setting next_dagrun for example_branch_operator to 2025-06-16 00:00:00+00:00, run_after=2025-06-17 00:00:00+00:00
[2025-06-17T07:58:42.566+0000] {processor.py:208} INFO - Processing /home/airflow/.local/lib/python3.12/site-packages/airflow/example_dags/example_branch_operator.py took 1.260 seconds
