[2025-06-17T05:01:28.185+0000] {processor.py:186} INFO - Started process (PID=92) to work on /home/airflow/.local/lib/python3.12/site-packages/airflow/example_dags/example_nested_branch_dag.py
[2025-06-17T05:01:28.186+0000] {processor.py:914} INFO - Processing file /home/airflow/.local/lib/python3.12/site-packages/airflow/example_dags/example_nested_branch_dag.py for tasks to queue
[2025-06-17T05:01:28.187+0000] {logging_mixin.py:190} INFO - [2025-06-17T05:01:28.187+0000] {dagbag.py:588} INFO - Filling up the DagBag from /home/airflow/.local/lib/python3.12/site-packages/airflow/example_dags/example_nested_branch_dag.py
[2025-06-17T05:01:28.198+0000] {processor.py:925} INFO - DAG(s) 'example_nested_branch_dag' retrieved from /home/airflow/.local/lib/python3.12/site-packages/airflow/example_dags/example_nested_branch_dag.py
[2025-06-17T05:01:28.286+0000] {logging_mixin.py:190} INFO - [2025-06-17T05:01:28.285+0000] {override.py:1912} INFO - Created Permission View: can read on DAG:example_nested_branch_dag
[2025-06-17T05:01:28.296+0000] {logging_mixin.py:190} INFO - [2025-06-17T05:01:28.296+0000] {override.py:1912} INFO - Created Permission View: can edit on DAG:example_nested_branch_dag
[2025-06-17T05:01:28.303+0000] {logging_mixin.py:190} INFO - [2025-06-17T05:01:28.302+0000] {override.py:1912} INFO - Created Permission View: can delete on DAG:example_nested_branch_dag
[2025-06-17T05:01:28.310+0000] {logging_mixin.py:190} INFO - [2025-06-17T05:01:28.310+0000] {override.py:1912} INFO - Created Permission View: menu access on DAG Run:example_nested_branch_dag
[2025-06-17T05:01:28.316+0000] {logging_mixin.py:190} INFO - [2025-06-17T05:01:28.316+0000] {override.py:1912} INFO - Created Permission View: can create on DAG Run:example_nested_branch_dag
[2025-06-17T05:01:28.322+0000] {logging_mixin.py:190} INFO - [2025-06-17T05:01:28.321+0000] {override.py:1912} INFO - Created Permission View: can read on DAG Run:example_nested_branch_dag
[2025-06-17T05:01:28.327+0000] {logging_mixin.py:190} INFO - [2025-06-17T05:01:28.327+0000] {override.py:1912} INFO - Created Permission View: can delete on DAG Run:example_nested_branch_dag
[2025-06-17T05:01:28.328+0000] {logging_mixin.py:190} INFO - [2025-06-17T05:01:28.327+0000] {dag.py:3239} INFO - Sync 1 DAGs
[2025-06-17T05:01:28.338+0000] {logging_mixin.py:190} INFO - [2025-06-17T05:01:28.338+0000] {dag.py:3262} INFO - Creating ORM DAG for example_nested_branch_dag
[2025-06-17T05:01:28.348+0000] {logging_mixin.py:190} INFO - [2025-06-17T05:01:28.348+0000] {dag.py:4180} INFO - Setting next_dagrun for example_nested_branch_dag to 2025-06-16 00:00:00+00:00, run_after=2025-06-17 00:00:00+00:00
[2025-06-17T05:01:28.363+0000] {processor.py:208} INFO - Processing /home/airflow/.local/lib/python3.12/site-packages/airflow/example_dags/example_nested_branch_dag.py took 0.184 seconds
[2025-06-17T05:01:58.547+0000] {processor.py:186} INFO - Started process (PID=155) to work on /home/airflow/.local/lib/python3.12/site-packages/airflow/example_dags/example_nested_branch_dag.py
[2025-06-17T05:01:58.547+0000] {processor.py:914} INFO - Processing file /home/airflow/.local/lib/python3.12/site-packages/airflow/example_dags/example_nested_branch_dag.py for tasks to queue
[2025-06-17T05:01:58.548+0000] {logging_mixin.py:190} INFO - [2025-06-17T05:01:58.548+0000] {dagbag.py:588} INFO - Filling up the DagBag from /home/airflow/.local/lib/python3.12/site-packages/airflow/example_dags/example_nested_branch_dag.py
[2025-06-17T05:01:58.557+0000] {processor.py:925} INFO - DAG(s) 'example_nested_branch_dag' retrieved from /home/airflow/.local/lib/python3.12/site-packages/airflow/example_dags/example_nested_branch_dag.py
[2025-06-17T05:01:58.571+0000] {logging_mixin.py:190} INFO - [2025-06-17T05:01:58.571+0000] {dag.py:3239} INFO - Sync 1 DAGs
[2025-06-17T05:01:58.589+0000] {logging_mixin.py:190} INFO - [2025-06-17T05:01:58.588+0000] {dag.py:4180} INFO - Setting next_dagrun for example_nested_branch_dag to 2025-06-16 00:00:00+00:00, run_after=2025-06-17 00:00:00+00:00
[2025-06-17T05:01:58.601+0000] {processor.py:208} INFO - Processing /home/airflow/.local/lib/python3.12/site-packages/airflow/example_dags/example_nested_branch_dag.py took 0.059 seconds
[2025-06-17T05:02:29.410+0000] {processor.py:186} INFO - Started process (PID=218) to work on /home/airflow/.local/lib/python3.12/site-packages/airflow/example_dags/example_nested_branch_dag.py
[2025-06-17T05:02:29.411+0000] {processor.py:914} INFO - Processing file /home/airflow/.local/lib/python3.12/site-packages/airflow/example_dags/example_nested_branch_dag.py for tasks to queue
[2025-06-17T05:02:29.412+0000] {logging_mixin.py:190} INFO - [2025-06-17T05:02:29.411+0000] {dagbag.py:588} INFO - Filling up the DagBag from /home/airflow/.local/lib/python3.12/site-packages/airflow/example_dags/example_nested_branch_dag.py
[2025-06-17T05:02:29.422+0000] {processor.py:925} INFO - DAG(s) 'example_nested_branch_dag' retrieved from /home/airflow/.local/lib/python3.12/site-packages/airflow/example_dags/example_nested_branch_dag.py
[2025-06-17T05:02:29.436+0000] {logging_mixin.py:190} INFO - [2025-06-17T05:02:29.436+0000] {dag.py:3239} INFO - Sync 1 DAGs
[2025-06-17T05:02:29.454+0000] {logging_mixin.py:190} INFO - [2025-06-17T05:02:29.454+0000] {dag.py:4180} INFO - Setting next_dagrun for example_nested_branch_dag to 2025-06-16 00:00:00+00:00, run_after=2025-06-17 00:00:00+00:00
[2025-06-17T05:02:29.467+0000] {processor.py:208} INFO - Processing /home/airflow/.local/lib/python3.12/site-packages/airflow/example_dags/example_nested_branch_dag.py took 0.062 seconds
[2025-06-17T05:06:06.670+0000] {processor.py:186} INFO - Started process (PID=88) to work on /home/airflow/.local/lib/python3.12/site-packages/airflow/example_dags/example_nested_branch_dag.py
[2025-06-17T05:06:06.671+0000] {processor.py:914} INFO - Processing file /home/airflow/.local/lib/python3.12/site-packages/airflow/example_dags/example_nested_branch_dag.py for tasks to queue
[2025-06-17T05:06:06.672+0000] {logging_mixin.py:190} INFO - [2025-06-17T05:06:06.672+0000] {dagbag.py:588} INFO - Filling up the DagBag from /home/airflow/.local/lib/python3.12/site-packages/airflow/example_dags/example_nested_branch_dag.py
[2025-06-17T05:06:06.682+0000] {processor.py:925} INFO - DAG(s) 'example_nested_branch_dag' retrieved from /home/airflow/.local/lib/python3.12/site-packages/airflow/example_dags/example_nested_branch_dag.py
[2025-06-17T05:06:06.700+0000] {logging_mixin.py:190} INFO - [2025-06-17T05:06:06.700+0000] {dag.py:3239} INFO - Sync 1 DAGs
[2025-06-17T05:06:06.722+0000] {logging_mixin.py:190} INFO - [2025-06-17T05:06:06.722+0000] {dag.py:4180} INFO - Setting next_dagrun for example_nested_branch_dag to 2025-06-16 00:00:00+00:00, run_after=2025-06-17 00:00:00+00:00
[2025-06-17T05:06:06.743+0000] {processor.py:208} INFO - Processing /home/airflow/.local/lib/python3.12/site-packages/airflow/example_dags/example_nested_branch_dag.py took 0.078 seconds
[2025-06-17T05:06:37.833+0000] {processor.py:186} INFO - Started process (PID=157) to work on /home/airflow/.local/lib/python3.12/site-packages/airflow/example_dags/example_nested_branch_dag.py
[2025-06-17T05:06:37.833+0000] {processor.py:914} INFO - Processing file /home/airflow/.local/lib/python3.12/site-packages/airflow/example_dags/example_nested_branch_dag.py for tasks to queue
[2025-06-17T05:06:37.834+0000] {logging_mixin.py:190} INFO - [2025-06-17T05:06:37.834+0000] {dagbag.py:588} INFO - Filling up the DagBag from /home/airflow/.local/lib/python3.12/site-packages/airflow/example_dags/example_nested_branch_dag.py
[2025-06-17T05:06:37.843+0000] {processor.py:925} INFO - DAG(s) 'example_nested_branch_dag' retrieved from /home/airflow/.local/lib/python3.12/site-packages/airflow/example_dags/example_nested_branch_dag.py
[2025-06-17T05:06:37.857+0000] {logging_mixin.py:190} INFO - [2025-06-17T05:06:37.857+0000] {dag.py:3239} INFO - Sync 1 DAGs
[2025-06-17T05:06:37.875+0000] {logging_mixin.py:190} INFO - [2025-06-17T05:06:37.875+0000] {dag.py:4180} INFO - Setting next_dagrun for example_nested_branch_dag to 2025-06-16 00:00:00+00:00, run_after=2025-06-17 00:00:00+00:00
[2025-06-17T05:06:37.888+0000] {processor.py:208} INFO - Processing /home/airflow/.local/lib/python3.12/site-packages/airflow/example_dags/example_nested_branch_dag.py took 0.059 seconds
[2025-06-17T05:09:00.722+0000] {processor.py:186} INFO - Started process (PID=92) to work on /home/airflow/.local/lib/python3.12/site-packages/airflow/example_dags/example_nested_branch_dag.py
[2025-06-17T05:09:00.722+0000] {processor.py:914} INFO - Processing file /home/airflow/.local/lib/python3.12/site-packages/airflow/example_dags/example_nested_branch_dag.py for tasks to queue
[2025-06-17T05:09:00.723+0000] {logging_mixin.py:190} INFO - [2025-06-17T05:09:00.723+0000] {dagbag.py:588} INFO - Filling up the DagBag from /home/airflow/.local/lib/python3.12/site-packages/airflow/example_dags/example_nested_branch_dag.py
[2025-06-17T05:09:00.733+0000] {processor.py:925} INFO - DAG(s) 'example_nested_branch_dag' retrieved from /home/airflow/.local/lib/python3.12/site-packages/airflow/example_dags/example_nested_branch_dag.py
[2025-06-17T05:09:00.750+0000] {logging_mixin.py:190} INFO - [2025-06-17T05:09:00.749+0000] {dag.py:3239} INFO - Sync 1 DAGs
[2025-06-17T05:09:00.769+0000] {logging_mixin.py:190} INFO - [2025-06-17T05:09:00.768+0000] {dag.py:4180} INFO - Setting next_dagrun for example_nested_branch_dag to 2025-06-16 00:00:00+00:00, run_after=2025-06-17 00:00:00+00:00
[2025-06-17T05:09:00.785+0000] {processor.py:208} INFO - Processing /home/airflow/.local/lib/python3.12/site-packages/airflow/example_dags/example_nested_branch_dag.py took 0.067 seconds
[2025-06-17T05:09:31.458+0000] {processor.py:186} INFO - Started process (PID=155) to work on /home/airflow/.local/lib/python3.12/site-packages/airflow/example_dags/example_nested_branch_dag.py
[2025-06-17T05:09:31.458+0000] {processor.py:914} INFO - Processing file /home/airflow/.local/lib/python3.12/site-packages/airflow/example_dags/example_nested_branch_dag.py for tasks to queue
[2025-06-17T05:09:31.459+0000] {logging_mixin.py:190} INFO - [2025-06-17T05:09:31.459+0000] {dagbag.py:588} INFO - Filling up the DagBag from /home/airflow/.local/lib/python3.12/site-packages/airflow/example_dags/example_nested_branch_dag.py
[2025-06-17T05:09:31.468+0000] {processor.py:925} INFO - DAG(s) 'example_nested_branch_dag' retrieved from /home/airflow/.local/lib/python3.12/site-packages/airflow/example_dags/example_nested_branch_dag.py
[2025-06-17T05:09:31.485+0000] {logging_mixin.py:190} INFO - [2025-06-17T05:09:31.485+0000] {dag.py:3239} INFO - Sync 1 DAGs
[2025-06-17T05:09:31.504+0000] {logging_mixin.py:190} INFO - [2025-06-17T05:09:31.504+0000] {dag.py:4180} INFO - Setting next_dagrun for example_nested_branch_dag to 2025-06-16 00:00:00+00:00, run_after=2025-06-17 00:00:00+00:00
[2025-06-17T05:09:31.517+0000] {processor.py:208} INFO - Processing /home/airflow/.local/lib/python3.12/site-packages/airflow/example_dags/example_nested_branch_dag.py took 0.064 seconds
[2025-06-17T05:10:02.310+0000] {processor.py:186} INFO - Started process (PID=218) to work on /home/airflow/.local/lib/python3.12/site-packages/airflow/example_dags/example_nested_branch_dag.py
[2025-06-17T05:10:02.310+0000] {processor.py:914} INFO - Processing file /home/airflow/.local/lib/python3.12/site-packages/airflow/example_dags/example_nested_branch_dag.py for tasks to queue
[2025-06-17T05:10:02.311+0000] {logging_mixin.py:190} INFO - [2025-06-17T05:10:02.311+0000] {dagbag.py:588} INFO - Filling up the DagBag from /home/airflow/.local/lib/python3.12/site-packages/airflow/example_dags/example_nested_branch_dag.py
[2025-06-17T05:10:02.321+0000] {processor.py:925} INFO - DAG(s) 'example_nested_branch_dag' retrieved from /home/airflow/.local/lib/python3.12/site-packages/airflow/example_dags/example_nested_branch_dag.py
[2025-06-17T05:10:02.339+0000] {logging_mixin.py:190} INFO - [2025-06-17T05:10:02.338+0000] {dag.py:3239} INFO - Sync 1 DAGs
[2025-06-17T05:10:02.358+0000] {logging_mixin.py:190} INFO - [2025-06-17T05:10:02.358+0000] {dag.py:4180} INFO - Setting next_dagrun for example_nested_branch_dag to 2025-06-16 00:00:00+00:00, run_after=2025-06-17 00:00:00+00:00
[2025-06-17T05:10:02.382+0000] {processor.py:208} INFO - Processing /home/airflow/.local/lib/python3.12/site-packages/airflow/example_dags/example_nested_branch_dag.py took 0.077 seconds
[2025-06-17T05:10:33.638+0000] {processor.py:186} INFO - Started process (PID=281) to work on /home/airflow/.local/lib/python3.12/site-packages/airflow/example_dags/example_nested_branch_dag.py
[2025-06-17T05:10:33.638+0000] {processor.py:914} INFO - Processing file /home/airflow/.local/lib/python3.12/site-packages/airflow/example_dags/example_nested_branch_dag.py for tasks to queue
[2025-06-17T05:10:33.640+0000] {logging_mixin.py:190} INFO - [2025-06-17T05:10:33.639+0000] {dagbag.py:588} INFO - Filling up the DagBag from /home/airflow/.local/lib/python3.12/site-packages/airflow/example_dags/example_nested_branch_dag.py
[2025-06-17T05:10:33.648+0000] {processor.py:925} INFO - DAG(s) 'example_nested_branch_dag' retrieved from /home/airflow/.local/lib/python3.12/site-packages/airflow/example_dags/example_nested_branch_dag.py
[2025-06-17T05:10:33.664+0000] {logging_mixin.py:190} INFO - [2025-06-17T05:10:33.664+0000] {dag.py:3239} INFO - Sync 1 DAGs
[2025-06-17T05:10:33.681+0000] {logging_mixin.py:190} INFO - [2025-06-17T05:10:33.681+0000] {dag.py:4180} INFO - Setting next_dagrun for example_nested_branch_dag to 2025-06-16 00:00:00+00:00, run_after=2025-06-17 00:00:00+00:00
[2025-06-17T05:10:33.695+0000] {processor.py:208} INFO - Processing /home/airflow/.local/lib/python3.12/site-packages/airflow/example_dags/example_nested_branch_dag.py took 0.062 seconds
[2025-06-17T05:11:04.672+0000] {processor.py:186} INFO - Started process (PID=344) to work on /home/airflow/.local/lib/python3.12/site-packages/airflow/example_dags/example_nested_branch_dag.py
[2025-06-17T05:11:04.673+0000] {processor.py:914} INFO - Processing file /home/airflow/.local/lib/python3.12/site-packages/airflow/example_dags/example_nested_branch_dag.py for tasks to queue
[2025-06-17T05:11:04.674+0000] {logging_mixin.py:190} INFO - [2025-06-17T05:11:04.673+0000] {dagbag.py:588} INFO - Filling up the DagBag from /home/airflow/.local/lib/python3.12/site-packages/airflow/example_dags/example_nested_branch_dag.py
[2025-06-17T05:11:04.683+0000] {processor.py:925} INFO - DAG(s) 'example_nested_branch_dag' retrieved from /home/airflow/.local/lib/python3.12/site-packages/airflow/example_dags/example_nested_branch_dag.py
[2025-06-17T05:11:04.698+0000] {logging_mixin.py:190} INFO - [2025-06-17T05:11:04.698+0000] {dag.py:3239} INFO - Sync 1 DAGs
[2025-06-17T05:11:04.716+0000] {logging_mixin.py:190} INFO - [2025-06-17T05:11:04.716+0000] {dag.py:4180} INFO - Setting next_dagrun for example_nested_branch_dag to 2025-06-16 00:00:00+00:00, run_after=2025-06-17 00:00:00+00:00
[2025-06-17T05:11:04.732+0000] {processor.py:208} INFO - Processing /home/airflow/.local/lib/python3.12/site-packages/airflow/example_dags/example_nested_branch_dag.py took 0.064 seconds
[2025-06-17T05:11:35.480+0000] {processor.py:186} INFO - Started process (PID=407) to work on /home/airflow/.local/lib/python3.12/site-packages/airflow/example_dags/example_nested_branch_dag.py
[2025-06-17T05:11:35.481+0000] {processor.py:914} INFO - Processing file /home/airflow/.local/lib/python3.12/site-packages/airflow/example_dags/example_nested_branch_dag.py for tasks to queue
[2025-06-17T05:11:35.482+0000] {logging_mixin.py:190} INFO - [2025-06-17T05:11:35.482+0000] {dagbag.py:588} INFO - Filling up the DagBag from /home/airflow/.local/lib/python3.12/site-packages/airflow/example_dags/example_nested_branch_dag.py
[2025-06-17T05:11:35.491+0000] {processor.py:925} INFO - DAG(s) 'example_nested_branch_dag' retrieved from /home/airflow/.local/lib/python3.12/site-packages/airflow/example_dags/example_nested_branch_dag.py
[2025-06-17T05:11:35.505+0000] {logging_mixin.py:190} INFO - [2025-06-17T05:11:35.505+0000] {dag.py:3239} INFO - Sync 1 DAGs
[2025-06-17T05:11:35.523+0000] {logging_mixin.py:190} INFO - [2025-06-17T05:11:35.523+0000] {dag.py:4180} INFO - Setting next_dagrun for example_nested_branch_dag to 2025-06-16 00:00:00+00:00, run_after=2025-06-17 00:00:00+00:00
[2025-06-17T05:11:35.539+0000] {processor.py:208} INFO - Processing /home/airflow/.local/lib/python3.12/site-packages/airflow/example_dags/example_nested_branch_dag.py took 0.063 seconds
[2025-06-17T05:12:06.341+0000] {processor.py:186} INFO - Started process (PID=470) to work on /home/airflow/.local/lib/python3.12/site-packages/airflow/example_dags/example_nested_branch_dag.py
[2025-06-17T05:12:06.342+0000] {processor.py:914} INFO - Processing file /home/airflow/.local/lib/python3.12/site-packages/airflow/example_dags/example_nested_branch_dag.py for tasks to queue
[2025-06-17T05:12:06.343+0000] {logging_mixin.py:190} INFO - [2025-06-17T05:12:06.342+0000] {dagbag.py:588} INFO - Filling up the DagBag from /home/airflow/.local/lib/python3.12/site-packages/airflow/example_dags/example_nested_branch_dag.py
[2025-06-17T05:12:06.352+0000] {processor.py:925} INFO - DAG(s) 'example_nested_branch_dag' retrieved from /home/airflow/.local/lib/python3.12/site-packages/airflow/example_dags/example_nested_branch_dag.py
[2025-06-17T05:12:06.369+0000] {logging_mixin.py:190} INFO - [2025-06-17T05:12:06.369+0000] {dag.py:3239} INFO - Sync 1 DAGs
[2025-06-17T05:12:06.389+0000] {logging_mixin.py:190} INFO - [2025-06-17T05:12:06.389+0000] {dag.py:4180} INFO - Setting next_dagrun for example_nested_branch_dag to 2025-06-16 00:00:00+00:00, run_after=2025-06-17 00:00:00+00:00
[2025-06-17T05:12:06.405+0000] {processor.py:208} INFO - Processing /home/airflow/.local/lib/python3.12/site-packages/airflow/example_dags/example_nested_branch_dag.py took 0.068 seconds
[2025-06-17T05:12:36.904+0000] {processor.py:186} INFO - Started process (PID=533) to work on /home/airflow/.local/lib/python3.12/site-packages/airflow/example_dags/example_nested_branch_dag.py
[2025-06-17T05:12:36.904+0000] {processor.py:914} INFO - Processing file /home/airflow/.local/lib/python3.12/site-packages/airflow/example_dags/example_nested_branch_dag.py for tasks to queue
[2025-06-17T05:12:36.905+0000] {logging_mixin.py:190} INFO - [2025-06-17T05:12:36.905+0000] {dagbag.py:588} INFO - Filling up the DagBag from /home/airflow/.local/lib/python3.12/site-packages/airflow/example_dags/example_nested_branch_dag.py
[2025-06-17T05:12:36.914+0000] {processor.py:925} INFO - DAG(s) 'example_nested_branch_dag' retrieved from /home/airflow/.local/lib/python3.12/site-packages/airflow/example_dags/example_nested_branch_dag.py
[2025-06-17T05:12:36.929+0000] {logging_mixin.py:190} INFO - [2025-06-17T05:12:36.928+0000] {dag.py:3239} INFO - Sync 1 DAGs
[2025-06-17T05:12:36.948+0000] {logging_mixin.py:190} INFO - [2025-06-17T05:12:36.948+0000] {dag.py:4180} INFO - Setting next_dagrun for example_nested_branch_dag to 2025-06-16 00:00:00+00:00, run_after=2025-06-17 00:00:00+00:00
[2025-06-17T05:12:36.962+0000] {processor.py:208} INFO - Processing /home/airflow/.local/lib/python3.12/site-packages/airflow/example_dags/example_nested_branch_dag.py took 0.063 seconds
[2025-06-17T05:13:07.654+0000] {processor.py:186} INFO - Started process (PID=596) to work on /home/airflow/.local/lib/python3.12/site-packages/airflow/example_dags/example_nested_branch_dag.py
[2025-06-17T05:13:07.654+0000] {processor.py:914} INFO - Processing file /home/airflow/.local/lib/python3.12/site-packages/airflow/example_dags/example_nested_branch_dag.py for tasks to queue
[2025-06-17T05:13:07.655+0000] {logging_mixin.py:190} INFO - [2025-06-17T05:13:07.655+0000] {dagbag.py:588} INFO - Filling up the DagBag from /home/airflow/.local/lib/python3.12/site-packages/airflow/example_dags/example_nested_branch_dag.py
[2025-06-17T05:13:07.664+0000] {processor.py:925} INFO - DAG(s) 'example_nested_branch_dag' retrieved from /home/airflow/.local/lib/python3.12/site-packages/airflow/example_dags/example_nested_branch_dag.py
[2025-06-17T05:13:07.680+0000] {logging_mixin.py:190} INFO - [2025-06-17T05:13:07.680+0000] {dag.py:3239} INFO - Sync 1 DAGs
[2025-06-17T05:13:07.698+0000] {logging_mixin.py:190} INFO - [2025-06-17T05:13:07.698+0000] {dag.py:4180} INFO - Setting next_dagrun for example_nested_branch_dag to 2025-06-16 00:00:00+00:00, run_after=2025-06-17 00:00:00+00:00
[2025-06-17T05:13:07.713+0000] {processor.py:208} INFO - Processing /home/airflow/.local/lib/python3.12/site-packages/airflow/example_dags/example_nested_branch_dag.py took 0.063 seconds
[2025-06-17T05:13:38.205+0000] {processor.py:186} INFO - Started process (PID=660) to work on /home/airflow/.local/lib/python3.12/site-packages/airflow/example_dags/example_nested_branch_dag.py
[2025-06-17T05:13:38.206+0000] {processor.py:914} INFO - Processing file /home/airflow/.local/lib/python3.12/site-packages/airflow/example_dags/example_nested_branch_dag.py for tasks to queue
[2025-06-17T05:13:38.208+0000] {logging_mixin.py:190} INFO - [2025-06-17T05:13:38.207+0000] {dagbag.py:588} INFO - Filling up the DagBag from /home/airflow/.local/lib/python3.12/site-packages/airflow/example_dags/example_nested_branch_dag.py
[2025-06-17T05:13:38.220+0000] {processor.py:925} INFO - DAG(s) 'example_nested_branch_dag' retrieved from /home/airflow/.local/lib/python3.12/site-packages/airflow/example_dags/example_nested_branch_dag.py
[2025-06-17T05:13:38.244+0000] {logging_mixin.py:190} INFO - [2025-06-17T05:13:38.244+0000] {dag.py:3239} INFO - Sync 1 DAGs
[2025-06-17T05:13:38.262+0000] {logging_mixin.py:190} INFO - [2025-06-17T05:13:38.262+0000] {dag.py:4180} INFO - Setting next_dagrun for example_nested_branch_dag to 2025-06-16 00:00:00+00:00, run_after=2025-06-17 00:00:00+00:00
[2025-06-17T05:13:38.278+0000] {processor.py:208} INFO - Processing /home/airflow/.local/lib/python3.12/site-packages/airflow/example_dags/example_nested_branch_dag.py took 0.078 seconds
[2025-06-17T05:14:08.913+0000] {processor.py:186} INFO - Started process (PID=723) to work on /home/airflow/.local/lib/python3.12/site-packages/airflow/example_dags/example_nested_branch_dag.py
[2025-06-17T05:14:08.913+0000] {processor.py:914} INFO - Processing file /home/airflow/.local/lib/python3.12/site-packages/airflow/example_dags/example_nested_branch_dag.py for tasks to queue
[2025-06-17T05:14:08.914+0000] {logging_mixin.py:190} INFO - [2025-06-17T05:14:08.914+0000] {dagbag.py:588} INFO - Filling up the DagBag from /home/airflow/.local/lib/python3.12/site-packages/airflow/example_dags/example_nested_branch_dag.py
[2025-06-17T05:14:08.923+0000] {processor.py:925} INFO - DAG(s) 'example_nested_branch_dag' retrieved from /home/airflow/.local/lib/python3.12/site-packages/airflow/example_dags/example_nested_branch_dag.py
[2025-06-17T05:14:08.939+0000] {logging_mixin.py:190} INFO - [2025-06-17T05:14:08.939+0000] {dag.py:3239} INFO - Sync 1 DAGs
[2025-06-17T05:14:08.958+0000] {logging_mixin.py:190} INFO - [2025-06-17T05:14:08.958+0000] {dag.py:4180} INFO - Setting next_dagrun for example_nested_branch_dag to 2025-06-16 00:00:00+00:00, run_after=2025-06-17 00:00:00+00:00
[2025-06-17T05:14:08.973+0000] {processor.py:208} INFO - Processing /home/airflow/.local/lib/python3.12/site-packages/airflow/example_dags/example_nested_branch_dag.py took 0.064 seconds
[2025-06-17T05:17:47.984+0000] {processor.py:186} INFO - Started process (PID=93) to work on /home/airflow/.local/lib/python3.12/site-packages/airflow/example_dags/example_nested_branch_dag.py
[2025-06-17T05:17:47.984+0000] {processor.py:914} INFO - Processing file /home/airflow/.local/lib/python3.12/site-packages/airflow/example_dags/example_nested_branch_dag.py for tasks to queue
[2025-06-17T05:17:47.986+0000] {logging_mixin.py:190} INFO - [2025-06-17T05:17:47.985+0000] {dagbag.py:588} INFO - Filling up the DagBag from /home/airflow/.local/lib/python3.12/site-packages/airflow/example_dags/example_nested_branch_dag.py
[2025-06-17T05:17:47.995+0000] {processor.py:925} INFO - DAG(s) 'example_nested_branch_dag' retrieved from /home/airflow/.local/lib/python3.12/site-packages/airflow/example_dags/example_nested_branch_dag.py
[2025-06-17T05:17:48.080+0000] {logging_mixin.py:190} INFO - [2025-06-17T05:17:48.079+0000] {override.py:1912} INFO - Created Permission View: can read on DAG:example_nested_branch_dag
[2025-06-17T05:17:48.088+0000] {logging_mixin.py:190} INFO - [2025-06-17T05:17:48.088+0000] {override.py:1912} INFO - Created Permission View: can delete on DAG:example_nested_branch_dag
[2025-06-17T05:17:48.094+0000] {logging_mixin.py:190} INFO - [2025-06-17T05:17:48.093+0000] {override.py:1912} INFO - Created Permission View: can edit on DAG:example_nested_branch_dag
[2025-06-17T05:17:48.100+0000] {logging_mixin.py:190} INFO - [2025-06-17T05:17:48.100+0000] {override.py:1912} INFO - Created Permission View: can read on DAG Run:example_nested_branch_dag
[2025-06-17T05:17:48.106+0000] {logging_mixin.py:190} INFO - [2025-06-17T05:17:48.105+0000] {override.py:1912} INFO - Created Permission View: can delete on DAG Run:example_nested_branch_dag
[2025-06-17T05:17:48.111+0000] {logging_mixin.py:190} INFO - [2025-06-17T05:17:48.111+0000] {override.py:1912} INFO - Created Permission View: menu access on DAG Run:example_nested_branch_dag
[2025-06-17T05:17:48.116+0000] {logging_mixin.py:190} INFO - [2025-06-17T05:17:48.116+0000] {override.py:1912} INFO - Created Permission View: can create on DAG Run:example_nested_branch_dag
[2025-06-17T05:17:48.116+0000] {logging_mixin.py:190} INFO - [2025-06-17T05:17:48.116+0000] {dag.py:3239} INFO - Sync 1 DAGs
[2025-06-17T05:17:48.126+0000] {logging_mixin.py:190} INFO - [2025-06-17T05:17:48.126+0000] {dag.py:3262} INFO - Creating ORM DAG for example_nested_branch_dag
[2025-06-17T05:17:48.135+0000] {logging_mixin.py:190} INFO - [2025-06-17T05:17:48.134+0000] {dag.py:4180} INFO - Setting next_dagrun for example_nested_branch_dag to 2025-06-16 00:00:00+00:00, run_after=2025-06-17 00:00:00+00:00
[2025-06-17T05:17:48.147+0000] {processor.py:208} INFO - Processing /home/airflow/.local/lib/python3.12/site-packages/airflow/example_dags/example_nested_branch_dag.py took 0.168 seconds
[2025-06-17T05:19:15.224+0000] {processor.py:186} INFO - Started process (PID=93) to work on /home/airflow/.local/lib/python3.12/site-packages/airflow/example_dags/example_nested_branch_dag.py
[2025-06-17T05:19:15.225+0000] {processor.py:914} INFO - Processing file /home/airflow/.local/lib/python3.12/site-packages/airflow/example_dags/example_nested_branch_dag.py for tasks to queue
[2025-06-17T05:19:15.226+0000] {logging_mixin.py:190} INFO - [2025-06-17T05:19:15.226+0000] {dagbag.py:588} INFO - Filling up the DagBag from /home/airflow/.local/lib/python3.12/site-packages/airflow/example_dags/example_nested_branch_dag.py
[2025-06-17T05:19:15.236+0000] {processor.py:925} INFO - DAG(s) 'example_nested_branch_dag' retrieved from /home/airflow/.local/lib/python3.12/site-packages/airflow/example_dags/example_nested_branch_dag.py
[2025-06-17T05:19:15.253+0000] {logging_mixin.py:190} INFO - [2025-06-17T05:19:15.253+0000] {dag.py:3239} INFO - Sync 1 DAGs
[2025-06-17T05:19:15.272+0000] {logging_mixin.py:190} INFO - [2025-06-17T05:19:15.272+0000] {dag.py:4180} INFO - Setting next_dagrun for example_nested_branch_dag to 2025-06-16 00:00:00+00:00, run_after=2025-06-17 00:00:00+00:00
[2025-06-17T05:19:15.288+0000] {processor.py:208} INFO - Processing /home/airflow/.local/lib/python3.12/site-packages/airflow/example_dags/example_nested_branch_dag.py took 0.069 seconds
[2025-06-17T05:19:45.618+0000] {processor.py:186} INFO - Started process (PID=156) to work on /home/airflow/.local/lib/python3.12/site-packages/airflow/example_dags/example_nested_branch_dag.py
[2025-06-17T05:19:45.619+0000] {processor.py:914} INFO - Processing file /home/airflow/.local/lib/python3.12/site-packages/airflow/example_dags/example_nested_branch_dag.py for tasks to queue
[2025-06-17T05:19:45.620+0000] {logging_mixin.py:190} INFO - [2025-06-17T05:19:45.620+0000] {dagbag.py:588} INFO - Filling up the DagBag from /home/airflow/.local/lib/python3.12/site-packages/airflow/example_dags/example_nested_branch_dag.py
[2025-06-17T05:19:45.629+0000] {processor.py:925} INFO - DAG(s) 'example_nested_branch_dag' retrieved from /home/airflow/.local/lib/python3.12/site-packages/airflow/example_dags/example_nested_branch_dag.py
[2025-06-17T05:19:45.647+0000] {logging_mixin.py:190} INFO - [2025-06-17T05:19:45.647+0000] {dag.py:3239} INFO - Sync 1 DAGs
[2025-06-17T05:19:45.669+0000] {logging_mixin.py:190} INFO - [2025-06-17T05:19:45.669+0000] {dag.py:4180} INFO - Setting next_dagrun for example_nested_branch_dag to 2025-06-16 00:00:00+00:00, run_after=2025-06-17 00:00:00+00:00
[2025-06-17T05:19:45.685+0000] {processor.py:208} INFO - Processing /home/airflow/.local/lib/python3.12/site-packages/airflow/example_dags/example_nested_branch_dag.py took 0.071 seconds
[2025-06-17T05:21:34.332+0000] {processor.py:186} INFO - Started process (PID=93) to work on /home/airflow/.local/lib/python3.12/site-packages/airflow/example_dags/example_nested_branch_dag.py
[2025-06-17T05:21:34.333+0000] {processor.py:914} INFO - Processing file /home/airflow/.local/lib/python3.12/site-packages/airflow/example_dags/example_nested_branch_dag.py for tasks to queue
[2025-06-17T05:21:34.333+0000] {logging_mixin.py:190} INFO - [2025-06-17T05:21:34.333+0000] {dagbag.py:588} INFO - Filling up the DagBag from /home/airflow/.local/lib/python3.12/site-packages/airflow/example_dags/example_nested_branch_dag.py
[2025-06-17T05:21:34.343+0000] {processor.py:925} INFO - DAG(s) 'example_nested_branch_dag' retrieved from /home/airflow/.local/lib/python3.12/site-packages/airflow/example_dags/example_nested_branch_dag.py
[2025-06-17T05:21:34.358+0000] {logging_mixin.py:190} INFO - [2025-06-17T05:21:34.358+0000] {dag.py:3239} INFO - Sync 1 DAGs
[2025-06-17T05:21:34.376+0000] {logging_mixin.py:190} INFO - [2025-06-17T05:21:34.376+0000] {dag.py:4180} INFO - Setting next_dagrun for example_nested_branch_dag to 2025-06-16 00:00:00+00:00, run_after=2025-06-17 00:00:00+00:00
[2025-06-17T05:21:34.392+0000] {processor.py:208} INFO - Processing /home/airflow/.local/lib/python3.12/site-packages/airflow/example_dags/example_nested_branch_dag.py took 0.065 seconds
[2025-06-17T05:22:05.629+0000] {processor.py:186} INFO - Started process (PID=156) to work on /home/airflow/.local/lib/python3.12/site-packages/airflow/example_dags/example_nested_branch_dag.py
[2025-06-17T05:22:05.630+0000] {processor.py:914} INFO - Processing file /home/airflow/.local/lib/python3.12/site-packages/airflow/example_dags/example_nested_branch_dag.py for tasks to queue
[2025-06-17T05:22:05.631+0000] {logging_mixin.py:190} INFO - [2025-06-17T05:22:05.631+0000] {dagbag.py:588} INFO - Filling up the DagBag from /home/airflow/.local/lib/python3.12/site-packages/airflow/example_dags/example_nested_branch_dag.py
[2025-06-17T05:22:05.642+0000] {processor.py:925} INFO - DAG(s) 'example_nested_branch_dag' retrieved from /home/airflow/.local/lib/python3.12/site-packages/airflow/example_dags/example_nested_branch_dag.py
[2025-06-17T05:22:05.660+0000] {logging_mixin.py:190} INFO - [2025-06-17T05:22:05.660+0000] {dag.py:3239} INFO - Sync 1 DAGs
[2025-06-17T05:22:05.678+0000] {logging_mixin.py:190} INFO - [2025-06-17T05:22:05.678+0000] {dag.py:4180} INFO - Setting next_dagrun for example_nested_branch_dag to 2025-06-16 00:00:00+00:00, run_after=2025-06-17 00:00:00+00:00
[2025-06-17T05:22:05.693+0000] {processor.py:208} INFO - Processing /home/airflow/.local/lib/python3.12/site-packages/airflow/example_dags/example_nested_branch_dag.py took 0.069 seconds
[2025-06-17T05:22:36.394+0000] {processor.py:186} INFO - Started process (PID=219) to work on /home/airflow/.local/lib/python3.12/site-packages/airflow/example_dags/example_nested_branch_dag.py
[2025-06-17T05:22:36.395+0000] {processor.py:914} INFO - Processing file /home/airflow/.local/lib/python3.12/site-packages/airflow/example_dags/example_nested_branch_dag.py for tasks to queue
[2025-06-17T05:22:36.396+0000] {logging_mixin.py:190} INFO - [2025-06-17T05:22:36.396+0000] {dagbag.py:588} INFO - Filling up the DagBag from /home/airflow/.local/lib/python3.12/site-packages/airflow/example_dags/example_nested_branch_dag.py
[2025-06-17T05:22:36.405+0000] {processor.py:925} INFO - DAG(s) 'example_nested_branch_dag' retrieved from /home/airflow/.local/lib/python3.12/site-packages/airflow/example_dags/example_nested_branch_dag.py
[2025-06-17T05:22:36.424+0000] {logging_mixin.py:190} INFO - [2025-06-17T05:22:36.424+0000] {dag.py:3239} INFO - Sync 1 DAGs
[2025-06-17T05:22:36.445+0000] {logging_mixin.py:190} INFO - [2025-06-17T05:22:36.445+0000] {dag.py:4180} INFO - Setting next_dagrun for example_nested_branch_dag to 2025-06-16 00:00:00+00:00, run_after=2025-06-17 00:00:00+00:00
[2025-06-17T05:22:36.462+0000] {processor.py:208} INFO - Processing /home/airflow/.local/lib/python3.12/site-packages/airflow/example_dags/example_nested_branch_dag.py took 0.072 seconds
[2025-06-17T05:23:07.296+0000] {processor.py:186} INFO - Started process (PID=282) to work on /home/airflow/.local/lib/python3.12/site-packages/airflow/example_dags/example_nested_branch_dag.py
[2025-06-17T05:23:07.296+0000] {processor.py:914} INFO - Processing file /home/airflow/.local/lib/python3.12/site-packages/airflow/example_dags/example_nested_branch_dag.py for tasks to queue
[2025-06-17T05:23:07.297+0000] {logging_mixin.py:190} INFO - [2025-06-17T05:23:07.297+0000] {dagbag.py:588} INFO - Filling up the DagBag from /home/airflow/.local/lib/python3.12/site-packages/airflow/example_dags/example_nested_branch_dag.py
[2025-06-17T05:23:07.307+0000] {processor.py:925} INFO - DAG(s) 'example_nested_branch_dag' retrieved from /home/airflow/.local/lib/python3.12/site-packages/airflow/example_dags/example_nested_branch_dag.py
[2025-06-17T05:23:07.323+0000] {logging_mixin.py:190} INFO - [2025-06-17T05:23:07.323+0000] {dag.py:3239} INFO - Sync 1 DAGs
[2025-06-17T05:23:07.343+0000] {logging_mixin.py:190} INFO - [2025-06-17T05:23:07.343+0000] {dag.py:4180} INFO - Setting next_dagrun for example_nested_branch_dag to 2025-06-16 00:00:00+00:00, run_after=2025-06-17 00:00:00+00:00
[2025-06-17T05:23:07.357+0000] {processor.py:208} INFO - Processing /home/airflow/.local/lib/python3.12/site-packages/airflow/example_dags/example_nested_branch_dag.py took 0.065 seconds
[2025-06-17T05:23:38.602+0000] {processor.py:186} INFO - Started process (PID=345) to work on /home/airflow/.local/lib/python3.12/site-packages/airflow/example_dags/example_nested_branch_dag.py
[2025-06-17T05:23:38.602+0000] {processor.py:914} INFO - Processing file /home/airflow/.local/lib/python3.12/site-packages/airflow/example_dags/example_nested_branch_dag.py for tasks to queue
[2025-06-17T05:23:38.603+0000] {logging_mixin.py:190} INFO - [2025-06-17T05:23:38.603+0000] {dagbag.py:588} INFO - Filling up the DagBag from /home/airflow/.local/lib/python3.12/site-packages/airflow/example_dags/example_nested_branch_dag.py
[2025-06-17T05:23:38.613+0000] {processor.py:925} INFO - DAG(s) 'example_nested_branch_dag' retrieved from /home/airflow/.local/lib/python3.12/site-packages/airflow/example_dags/example_nested_branch_dag.py
[2025-06-17T05:23:38.627+0000] {logging_mixin.py:190} INFO - [2025-06-17T05:23:38.627+0000] {dag.py:3239} INFO - Sync 1 DAGs
[2025-06-17T05:23:38.645+0000] {logging_mixin.py:190} INFO - [2025-06-17T05:23:38.645+0000] {dag.py:4180} INFO - Setting next_dagrun for example_nested_branch_dag to 2025-06-16 00:00:00+00:00, run_after=2025-06-17 00:00:00+00:00
[2025-06-17T05:23:38.660+0000] {processor.py:208} INFO - Processing /home/airflow/.local/lib/python3.12/site-packages/airflow/example_dags/example_nested_branch_dag.py took 0.062 seconds
