[2025-06-17T05:01:26.792+0000] {processor.py:186} INFO - Started process (PID=79) to work on /home/airflow/.local/lib/python3.12/site-packages/airflow/example_dags/example_branch_labels.py
[2025-06-17T05:01:26.792+0000] {processor.py:914} INFO - Processing file /home/airflow/.local/lib/python3.12/site-packages/airflow/example_dags/example_branch_labels.py for tasks to queue
[2025-06-17T05:01:26.793+0000] {logging_mixin.py:190} INFO - [2025-06-17T05:01:26.793+0000] {dagbag.py:588} INFO - Filling up the DagBag from /home/airflow/.local/lib/python3.12/site-packages/airflow/example_dags/example_branch_labels.py
[2025-06-17T05:01:26.802+0000] {processor.py:925} INFO - DAG(s) 'example_branch_labels' retrieved from /home/airflow/.local/lib/python3.12/site-packages/airflow/example_dags/example_branch_labels.py
[2025-06-17T05:01:26.900+0000] {logging_mixin.py:190} INFO - [2025-06-17T05:01:26.899+0000] {override.py:1912} INFO - Created Permission View: can read on DAG:example_branch_labels
[2025-06-17T05:01:26.911+0000] {logging_mixin.py:190} INFO - [2025-06-17T05:01:26.911+0000] {override.py:1912} INFO - Created Permission View: can edit on DAG:example_branch_labels
[2025-06-17T05:01:26.918+0000] {logging_mixin.py:190} INFO - [2025-06-17T05:01:26.918+0000] {override.py:1912} INFO - Created Permission View: can delete on DAG:example_branch_labels
[2025-06-17T05:01:26.926+0000] {logging_mixin.py:190} INFO - [2025-06-17T05:01:26.925+0000] {override.py:1912} INFO - Created Permission View: menu access on DAG Run:example_branch_labels
[2025-06-17T05:01:26.933+0000] {logging_mixin.py:190} INFO - [2025-06-17T05:01:26.933+0000] {override.py:1912} INFO - Created Permission View: can create on DAG Run:example_branch_labels
[2025-06-17T05:01:26.940+0000] {logging_mixin.py:190} INFO - [2025-06-17T05:01:26.940+0000] {override.py:1912} INFO - Created Permission View: can read on DAG Run:example_branch_labels
[2025-06-17T05:01:26.948+0000] {logging_mixin.py:190} INFO - [2025-06-17T05:01:26.947+0000] {override.py:1912} INFO - Created Permission View: can delete on DAG Run:example_branch_labels
[2025-06-17T05:01:26.948+0000] {logging_mixin.py:190} INFO - [2025-06-17T05:01:26.948+0000] {dag.py:3239} INFO - Sync 1 DAGs
[2025-06-17T05:01:26.966+0000] {logging_mixin.py:190} INFO - [2025-06-17T05:01:26.966+0000] {dag.py:3262} INFO - Creating ORM DAG for example_branch_labels
[2025-06-17T05:01:26.978+0000] {logging_mixin.py:190} INFO - [2025-06-17T05:01:26.978+0000] {dag.py:4180} INFO - Setting next_dagrun for example_branch_labels to 2025-06-16 00:00:00+00:00, run_after=2025-06-17 00:00:00+00:00
[2025-06-17T05:01:26.990+0000] {processor.py:208} INFO - Processing /home/airflow/.local/lib/python3.12/site-packages/airflow/example_dags/example_branch_labels.py took 0.204 seconds
[2025-06-17T05:01:57.728+0000] {processor.py:186} INFO - Started process (PID=142) to work on /home/airflow/.local/lib/python3.12/site-packages/airflow/example_dags/example_branch_labels.py
[2025-06-17T05:01:57.729+0000] {processor.py:914} INFO - Processing file /home/airflow/.local/lib/python3.12/site-packages/airflow/example_dags/example_branch_labels.py for tasks to queue
[2025-06-17T05:01:57.729+0000] {logging_mixin.py:190} INFO - [2025-06-17T05:01:57.729+0000] {dagbag.py:588} INFO - Filling up the DagBag from /home/airflow/.local/lib/python3.12/site-packages/airflow/example_dags/example_branch_labels.py
[2025-06-17T05:01:57.738+0000] {processor.py:925} INFO - DAG(s) 'example_branch_labels' retrieved from /home/airflow/.local/lib/python3.12/site-packages/airflow/example_dags/example_branch_labels.py
[2025-06-17T05:01:57.753+0000] {logging_mixin.py:190} INFO - [2025-06-17T05:01:57.753+0000] {dag.py:3239} INFO - Sync 1 DAGs
[2025-06-17T05:01:57.771+0000] {logging_mixin.py:190} INFO - [2025-06-17T05:01:57.771+0000] {dag.py:4180} INFO - Setting next_dagrun for example_branch_labels to 2025-06-16 00:00:00+00:00, run_after=2025-06-17 00:00:00+00:00
[2025-06-17T05:01:57.786+0000] {processor.py:208} INFO - Processing /home/airflow/.local/lib/python3.12/site-packages/airflow/example_dags/example_branch_labels.py took 0.063 seconds
[2025-06-17T05:02:28.662+0000] {processor.py:186} INFO - Started process (PID=205) to work on /home/airflow/.local/lib/python3.12/site-packages/airflow/example_dags/example_branch_labels.py
[2025-06-17T05:02:28.662+0000] {processor.py:914} INFO - Processing file /home/airflow/.local/lib/python3.12/site-packages/airflow/example_dags/example_branch_labels.py for tasks to queue
[2025-06-17T05:02:28.664+0000] {logging_mixin.py:190} INFO - [2025-06-17T05:02:28.663+0000] {dagbag.py:588} INFO - Filling up the DagBag from /home/airflow/.local/lib/python3.12/site-packages/airflow/example_dags/example_branch_labels.py
[2025-06-17T05:02:28.672+0000] {processor.py:925} INFO - DAG(s) 'example_branch_labels' retrieved from /home/airflow/.local/lib/python3.12/site-packages/airflow/example_dags/example_branch_labels.py
[2025-06-17T05:02:28.688+0000] {logging_mixin.py:190} INFO - [2025-06-17T05:02:28.687+0000] {dag.py:3239} INFO - Sync 1 DAGs
[2025-06-17T05:02:28.706+0000] {logging_mixin.py:190} INFO - [2025-06-17T05:02:28.706+0000] {dag.py:4180} INFO - Setting next_dagrun for example_branch_labels to 2025-06-16 00:00:00+00:00, run_after=2025-06-17 00:00:00+00:00
[2025-06-17T05:02:28.721+0000] {processor.py:208} INFO - Processing /home/airflow/.local/lib/python3.12/site-packages/airflow/example_dags/example_branch_labels.py took 0.065 seconds
[2025-06-17T05:06:05.913+0000] {processor.py:186} INFO - Started process (PID=75) to work on /home/airflow/.local/lib/python3.12/site-packages/airflow/example_dags/example_branch_labels.py
[2025-06-17T05:06:05.913+0000] {processor.py:914} INFO - Processing file /home/airflow/.local/lib/python3.12/site-packages/airflow/example_dags/example_branch_labels.py for tasks to queue
[2025-06-17T05:06:05.914+0000] {logging_mixin.py:190} INFO - [2025-06-17T05:06:05.914+0000] {dagbag.py:588} INFO - Filling up the DagBag from /home/airflow/.local/lib/python3.12/site-packages/airflow/example_dags/example_branch_labels.py
[2025-06-17T05:06:05.923+0000] {processor.py:925} INFO - DAG(s) 'example_branch_labels' retrieved from /home/airflow/.local/lib/python3.12/site-packages/airflow/example_dags/example_branch_labels.py
[2025-06-17T05:06:05.944+0000] {logging_mixin.py:190} INFO - [2025-06-17T05:06:05.943+0000] {dag.py:3239} INFO - Sync 1 DAGs
[2025-06-17T05:06:05.962+0000] {logging_mixin.py:190} INFO - [2025-06-17T05:06:05.961+0000] {dag.py:4180} INFO - Setting next_dagrun for example_branch_labels to 2025-06-16 00:00:00+00:00, run_after=2025-06-17 00:00:00+00:00
[2025-06-17T05:06:05.976+0000] {processor.py:208} INFO - Processing /home/airflow/.local/lib/python3.12/site-packages/airflow/example_dags/example_branch_labels.py took 0.068 seconds
[2025-06-17T05:06:37.098+0000] {processor.py:186} INFO - Started process (PID=144) to work on /home/airflow/.local/lib/python3.12/site-packages/airflow/example_dags/example_branch_labels.py
[2025-06-17T05:06:37.098+0000] {processor.py:914} INFO - Processing file /home/airflow/.local/lib/python3.12/site-packages/airflow/example_dags/example_branch_labels.py for tasks to queue
[2025-06-17T05:06:37.099+0000] {logging_mixin.py:190} INFO - [2025-06-17T05:06:37.099+0000] {dagbag.py:588} INFO - Filling up the DagBag from /home/airflow/.local/lib/python3.12/site-packages/airflow/example_dags/example_branch_labels.py
[2025-06-17T05:06:37.107+0000] {processor.py:925} INFO - DAG(s) 'example_branch_labels' retrieved from /home/airflow/.local/lib/python3.12/site-packages/airflow/example_dags/example_branch_labels.py
[2025-06-17T05:06:37.123+0000] {logging_mixin.py:190} INFO - [2025-06-17T05:06:37.123+0000] {dag.py:3239} INFO - Sync 1 DAGs
[2025-06-17T05:06:37.145+0000] {logging_mixin.py:190} INFO - [2025-06-17T05:06:37.145+0000] {dag.py:4180} INFO - Setting next_dagrun for example_branch_labels to 2025-06-16 00:00:00+00:00, run_after=2025-06-17 00:00:00+00:00
[2025-06-17T05:06:37.162+0000] {processor.py:208} INFO - Processing /home/airflow/.local/lib/python3.12/site-packages/airflow/example_dags/example_branch_labels.py took 0.069 seconds
[2025-06-17T05:08:59.940+0000] {processor.py:186} INFO - Started process (PID=79) to work on /home/airflow/.local/lib/python3.12/site-packages/airflow/example_dags/example_branch_labels.py
[2025-06-17T05:08:59.940+0000] {processor.py:914} INFO - Processing file /home/airflow/.local/lib/python3.12/site-packages/airflow/example_dags/example_branch_labels.py for tasks to queue
[2025-06-17T05:08:59.941+0000] {logging_mixin.py:190} INFO - [2025-06-17T05:08:59.941+0000] {dagbag.py:588} INFO - Filling up the DagBag from /home/airflow/.local/lib/python3.12/site-packages/airflow/example_dags/example_branch_labels.py
[2025-06-17T05:08:59.951+0000] {processor.py:925} INFO - DAG(s) 'example_branch_labels' retrieved from /home/airflow/.local/lib/python3.12/site-packages/airflow/example_dags/example_branch_labels.py
[2025-06-17T05:08:59.971+0000] {logging_mixin.py:190} INFO - [2025-06-17T05:08:59.971+0000] {dag.py:3239} INFO - Sync 1 DAGs
[2025-06-17T05:08:59.992+0000] {logging_mixin.py:190} INFO - [2025-06-17T05:08:59.992+0000] {dag.py:4180} INFO - Setting next_dagrun for example_branch_labels to 2025-06-16 00:00:00+00:00, run_after=2025-06-17 00:00:00+00:00
[2025-06-17T05:09:00.007+0000] {processor.py:208} INFO - Processing /home/airflow/.local/lib/python3.12/site-packages/airflow/example_dags/example_branch_labels.py took 0.072 seconds
[2025-06-17T05:09:30.780+0000] {processor.py:186} INFO - Started process (PID=142) to work on /home/airflow/.local/lib/python3.12/site-packages/airflow/example_dags/example_branch_labels.py
[2025-06-17T05:09:30.780+0000] {processor.py:914} INFO - Processing file /home/airflow/.local/lib/python3.12/site-packages/airflow/example_dags/example_branch_labels.py for tasks to queue
[2025-06-17T05:09:30.781+0000] {logging_mixin.py:190} INFO - [2025-06-17T05:09:30.781+0000] {dagbag.py:588} INFO - Filling up the DagBag from /home/airflow/.local/lib/python3.12/site-packages/airflow/example_dags/example_branch_labels.py
[2025-06-17T05:09:30.789+0000] {processor.py:925} INFO - DAG(s) 'example_branch_labels' retrieved from /home/airflow/.local/lib/python3.12/site-packages/airflow/example_dags/example_branch_labels.py
[2025-06-17T05:09:30.805+0000] {logging_mixin.py:190} INFO - [2025-06-17T05:09:30.804+0000] {dag.py:3239} INFO - Sync 1 DAGs
[2025-06-17T05:09:30.822+0000] {logging_mixin.py:190} INFO - [2025-06-17T05:09:30.822+0000] {dag.py:4180} INFO - Setting next_dagrun for example_branch_labels to 2025-06-16 00:00:00+00:00, run_after=2025-06-17 00:00:00+00:00
[2025-06-17T05:09:30.837+0000] {processor.py:208} INFO - Processing /home/airflow/.local/lib/python3.12/site-packages/airflow/example_dags/example_branch_labels.py took 0.062 seconds
[2025-06-17T05:10:01.411+0000] {processor.py:186} INFO - Started process (PID=204) to work on /home/airflow/.local/lib/python3.12/site-packages/airflow/example_dags/example_branch_labels.py
[2025-06-17T05:10:01.412+0000] {processor.py:914} INFO - Processing file /home/airflow/.local/lib/python3.12/site-packages/airflow/example_dags/example_branch_labels.py for tasks to queue
[2025-06-17T05:10:01.413+0000] {logging_mixin.py:190} INFO - [2025-06-17T05:10:01.413+0000] {dagbag.py:588} INFO - Filling up the DagBag from /home/airflow/.local/lib/python3.12/site-packages/airflow/example_dags/example_branch_labels.py
[2025-06-17T05:10:01.421+0000] {processor.py:925} INFO - DAG(s) 'example_branch_labels' retrieved from /home/airflow/.local/lib/python3.12/site-packages/airflow/example_dags/example_branch_labels.py
[2025-06-17T05:10:01.437+0000] {logging_mixin.py:190} INFO - [2025-06-17T05:10:01.437+0000] {dag.py:3239} INFO - Sync 1 DAGs
[2025-06-17T05:10:01.457+0000] {logging_mixin.py:190} INFO - [2025-06-17T05:10:01.456+0000] {dag.py:4180} INFO - Setting next_dagrun for example_branch_labels to 2025-06-16 00:00:00+00:00, run_after=2025-06-17 00:00:00+00:00
[2025-06-17T05:10:01.471+0000] {processor.py:208} INFO - Processing /home/airflow/.local/lib/python3.12/site-packages/airflow/example_dags/example_branch_labels.py took 0.064 seconds
[2025-06-17T05:10:32.519+0000] {processor.py:186} INFO - Started process (PID=267) to work on /home/airflow/.local/lib/python3.12/site-packages/airflow/example_dags/example_branch_labels.py
[2025-06-17T05:10:32.519+0000] {processor.py:914} INFO - Processing file /home/airflow/.local/lib/python3.12/site-packages/airflow/example_dags/example_branch_labels.py for tasks to queue
[2025-06-17T05:10:32.520+0000] {logging_mixin.py:190} INFO - [2025-06-17T05:10:32.520+0000] {dagbag.py:588} INFO - Filling up the DagBag from /home/airflow/.local/lib/python3.12/site-packages/airflow/example_dags/example_branch_labels.py
[2025-06-17T05:10:32.528+0000] {processor.py:925} INFO - DAG(s) 'example_branch_labels' retrieved from /home/airflow/.local/lib/python3.12/site-packages/airflow/example_dags/example_branch_labels.py
[2025-06-17T05:10:32.543+0000] {logging_mixin.py:190} INFO - [2025-06-17T05:10:32.542+0000] {dag.py:3239} INFO - Sync 1 DAGs
[2025-06-17T05:10:32.560+0000] {logging_mixin.py:190} INFO - [2025-06-17T05:10:32.560+0000] {dag.py:4180} INFO - Setting next_dagrun for example_branch_labels to 2025-06-16 00:00:00+00:00, run_after=2025-06-17 00:00:00+00:00
[2025-06-17T05:10:32.573+0000] {processor.py:208} INFO - Processing /home/airflow/.local/lib/python3.12/site-packages/airflow/example_dags/example_branch_labels.py took 0.059 seconds
[2025-06-17T05:11:03.795+0000] {processor.py:186} INFO - Started process (PID=330) to work on /home/airflow/.local/lib/python3.12/site-packages/airflow/example_dags/example_branch_labels.py
[2025-06-17T05:11:03.795+0000] {processor.py:914} INFO - Processing file /home/airflow/.local/lib/python3.12/site-packages/airflow/example_dags/example_branch_labels.py for tasks to queue
[2025-06-17T05:11:03.796+0000] {logging_mixin.py:190} INFO - [2025-06-17T05:11:03.796+0000] {dagbag.py:588} INFO - Filling up the DagBag from /home/airflow/.local/lib/python3.12/site-packages/airflow/example_dags/example_branch_labels.py
[2025-06-17T05:11:03.803+0000] {processor.py:925} INFO - DAG(s) 'example_branch_labels' retrieved from /home/airflow/.local/lib/python3.12/site-packages/airflow/example_dags/example_branch_labels.py
[2025-06-17T05:11:03.819+0000] {logging_mixin.py:190} INFO - [2025-06-17T05:11:03.819+0000] {dag.py:3239} INFO - Sync 1 DAGs
[2025-06-17T05:11:03.836+0000] {logging_mixin.py:190} INFO - [2025-06-17T05:11:03.836+0000] {dag.py:4180} INFO - Setting next_dagrun for example_branch_labels to 2025-06-16 00:00:00+00:00, run_after=2025-06-17 00:00:00+00:00
[2025-06-17T05:11:03.851+0000] {processor.py:208} INFO - Processing /home/airflow/.local/lib/python3.12/site-packages/airflow/example_dags/example_branch_labels.py took 0.061 seconds
[2025-06-17T05:11:34.604+0000] {processor.py:186} INFO - Started process (PID=393) to work on /home/airflow/.local/lib/python3.12/site-packages/airflow/example_dags/example_branch_labels.py
[2025-06-17T05:11:34.605+0000] {processor.py:914} INFO - Processing file /home/airflow/.local/lib/python3.12/site-packages/airflow/example_dags/example_branch_labels.py for tasks to queue
[2025-06-17T05:11:34.606+0000] {logging_mixin.py:190} INFO - [2025-06-17T05:11:34.605+0000] {dagbag.py:588} INFO - Filling up the DagBag from /home/airflow/.local/lib/python3.12/site-packages/airflow/example_dags/example_branch_labels.py
[2025-06-17T05:11:34.613+0000] {processor.py:925} INFO - DAG(s) 'example_branch_labels' retrieved from /home/airflow/.local/lib/python3.12/site-packages/airflow/example_dags/example_branch_labels.py
[2025-06-17T05:11:34.628+0000] {logging_mixin.py:190} INFO - [2025-06-17T05:11:34.628+0000] {dag.py:3239} INFO - Sync 1 DAGs
[2025-06-17T05:11:34.648+0000] {logging_mixin.py:190} INFO - [2025-06-17T05:11:34.648+0000] {dag.py:4180} INFO - Setting next_dagrun for example_branch_labels to 2025-06-16 00:00:00+00:00, run_after=2025-06-17 00:00:00+00:00
[2025-06-17T05:11:34.661+0000] {processor.py:208} INFO - Processing /home/airflow/.local/lib/python3.12/site-packages/airflow/example_dags/example_branch_labels.py took 0.062 seconds
[2025-06-17T05:12:05.488+0000] {processor.py:186} INFO - Started process (PID=456) to work on /home/airflow/.local/lib/python3.12/site-packages/airflow/example_dags/example_branch_labels.py
[2025-06-17T05:12:05.488+0000] {processor.py:914} INFO - Processing file /home/airflow/.local/lib/python3.12/site-packages/airflow/example_dags/example_branch_labels.py for tasks to queue
[2025-06-17T05:12:05.490+0000] {logging_mixin.py:190} INFO - [2025-06-17T05:12:05.489+0000] {dagbag.py:588} INFO - Filling up the DagBag from /home/airflow/.local/lib/python3.12/site-packages/airflow/example_dags/example_branch_labels.py
[2025-06-17T05:12:05.497+0000] {processor.py:925} INFO - DAG(s) 'example_branch_labels' retrieved from /home/airflow/.local/lib/python3.12/site-packages/airflow/example_dags/example_branch_labels.py
[2025-06-17T05:12:05.513+0000] {logging_mixin.py:190} INFO - [2025-06-17T05:12:05.513+0000] {dag.py:3239} INFO - Sync 1 DAGs
[2025-06-17T05:12:05.535+0000] {logging_mixin.py:190} INFO - [2025-06-17T05:12:05.534+0000] {dag.py:4180} INFO - Setting next_dagrun for example_branch_labels to 2025-06-16 00:00:00+00:00, run_after=2025-06-17 00:00:00+00:00
[2025-06-17T05:12:05.548+0000] {processor.py:208} INFO - Processing /home/airflow/.local/lib/python3.12/site-packages/airflow/example_dags/example_branch_labels.py took 0.064 seconds
[2025-06-17T05:12:36.137+0000] {processor.py:186} INFO - Started process (PID=519) to work on /home/airflow/.local/lib/python3.12/site-packages/airflow/example_dags/example_branch_labels.py
[2025-06-17T05:12:36.138+0000] {processor.py:914} INFO - Processing file /home/airflow/.local/lib/python3.12/site-packages/airflow/example_dags/example_branch_labels.py for tasks to queue
[2025-06-17T05:12:36.139+0000] {logging_mixin.py:190} INFO - [2025-06-17T05:12:36.139+0000] {dagbag.py:588} INFO - Filling up the DagBag from /home/airflow/.local/lib/python3.12/site-packages/airflow/example_dags/example_branch_labels.py
[2025-06-17T05:12:36.146+0000] {processor.py:925} INFO - DAG(s) 'example_branch_labels' retrieved from /home/airflow/.local/lib/python3.12/site-packages/airflow/example_dags/example_branch_labels.py
[2025-06-17T05:12:36.163+0000] {logging_mixin.py:190} INFO - [2025-06-17T05:12:36.163+0000] {dag.py:3239} INFO - Sync 1 DAGs
[2025-06-17T05:12:36.183+0000] {logging_mixin.py:190} INFO - [2025-06-17T05:12:36.182+0000] {dag.py:4180} INFO - Setting next_dagrun for example_branch_labels to 2025-06-16 00:00:00+00:00, run_after=2025-06-17 00:00:00+00:00
[2025-06-17T05:12:36.196+0000] {processor.py:208} INFO - Processing /home/airflow/.local/lib/python3.12/site-packages/airflow/example_dags/example_branch_labels.py took 0.063 seconds
[2025-06-17T05:13:06.731+0000] {processor.py:186} INFO - Started process (PID=582) to work on /home/airflow/.local/lib/python3.12/site-packages/airflow/example_dags/example_branch_labels.py
[2025-06-17T05:13:06.732+0000] {processor.py:914} INFO - Processing file /home/airflow/.local/lib/python3.12/site-packages/airflow/example_dags/example_branch_labels.py for tasks to queue
[2025-06-17T05:13:06.733+0000] {logging_mixin.py:190} INFO - [2025-06-17T05:13:06.733+0000] {dagbag.py:588} INFO - Filling up the DagBag from /home/airflow/.local/lib/python3.12/site-packages/airflow/example_dags/example_branch_labels.py
[2025-06-17T05:13:06.741+0000] {processor.py:925} INFO - DAG(s) 'example_branch_labels' retrieved from /home/airflow/.local/lib/python3.12/site-packages/airflow/example_dags/example_branch_labels.py
[2025-06-17T05:13:06.757+0000] {logging_mixin.py:190} INFO - [2025-06-17T05:13:06.757+0000] {dag.py:3239} INFO - Sync 1 DAGs
[2025-06-17T05:13:06.774+0000] {logging_mixin.py:190} INFO - [2025-06-17T05:13:06.774+0000] {dag.py:4180} INFO - Setting next_dagrun for example_branch_labels to 2025-06-16 00:00:00+00:00, run_after=2025-06-17 00:00:00+00:00
[2025-06-17T05:13:06.788+0000] {processor.py:208} INFO - Processing /home/airflow/.local/lib/python3.12/site-packages/airflow/example_dags/example_branch_labels.py took 0.061 seconds
[2025-06-17T05:13:37.440+0000] {processor.py:186} INFO - Started process (PID=646) to work on /home/airflow/.local/lib/python3.12/site-packages/airflow/example_dags/example_branch_labels.py
[2025-06-17T05:13:37.441+0000] {processor.py:914} INFO - Processing file /home/airflow/.local/lib/python3.12/site-packages/airflow/example_dags/example_branch_labels.py for tasks to queue
[2025-06-17T05:13:37.442+0000] {logging_mixin.py:190} INFO - [2025-06-17T05:13:37.442+0000] {dagbag.py:588} INFO - Filling up the DagBag from /home/airflow/.local/lib/python3.12/site-packages/airflow/example_dags/example_branch_labels.py
[2025-06-17T05:13:37.450+0000] {processor.py:925} INFO - DAG(s) 'example_branch_labels' retrieved from /home/airflow/.local/lib/python3.12/site-packages/airflow/example_dags/example_branch_labels.py
[2025-06-17T05:13:37.466+0000] {logging_mixin.py:190} INFO - [2025-06-17T05:13:37.466+0000] {dag.py:3239} INFO - Sync 1 DAGs
[2025-06-17T05:13:37.485+0000] {logging_mixin.py:190} INFO - [2025-06-17T05:13:37.485+0000] {dag.py:4180} INFO - Setting next_dagrun for example_branch_labels to 2025-06-16 00:00:00+00:00, run_after=2025-06-17 00:00:00+00:00
[2025-06-17T05:13:37.500+0000] {processor.py:208} INFO - Processing /home/airflow/.local/lib/python3.12/site-packages/airflow/example_dags/example_branch_labels.py took 0.064 seconds
[2025-06-17T05:14:08.193+0000] {processor.py:186} INFO - Started process (PID=709) to work on /home/airflow/.local/lib/python3.12/site-packages/airflow/example_dags/example_branch_labels.py
[2025-06-17T05:14:08.194+0000] {processor.py:914} INFO - Processing file /home/airflow/.local/lib/python3.12/site-packages/airflow/example_dags/example_branch_labels.py for tasks to queue
[2025-06-17T05:14:08.195+0000] {logging_mixin.py:190} INFO - [2025-06-17T05:14:08.195+0000] {dagbag.py:588} INFO - Filling up the DagBag from /home/airflow/.local/lib/python3.12/site-packages/airflow/example_dags/example_branch_labels.py
[2025-06-17T05:14:08.204+0000] {processor.py:925} INFO - DAG(s) 'example_branch_labels' retrieved from /home/airflow/.local/lib/python3.12/site-packages/airflow/example_dags/example_branch_labels.py
[2025-06-17T05:14:08.221+0000] {logging_mixin.py:190} INFO - [2025-06-17T05:14:08.220+0000] {dag.py:3239} INFO - Sync 1 DAGs
[2025-06-17T05:14:08.255+0000] {logging_mixin.py:190} INFO - [2025-06-17T05:14:08.254+0000] {dag.py:4180} INFO - Setting next_dagrun for example_branch_labels to 2025-06-16 00:00:00+00:00, run_after=2025-06-17 00:00:00+00:00
[2025-06-17T05:14:08.276+0000] {processor.py:208} INFO - Processing /home/airflow/.local/lib/python3.12/site-packages/airflow/example_dags/example_branch_labels.py took 0.088 seconds
[2025-06-17T05:17:46.611+0000] {processor.py:186} INFO - Started process (PID=80) to work on /home/airflow/.local/lib/python3.12/site-packages/airflow/example_dags/example_branch_labels.py
[2025-06-17T05:17:46.611+0000] {processor.py:914} INFO - Processing file /home/airflow/.local/lib/python3.12/site-packages/airflow/example_dags/example_branch_labels.py for tasks to queue
[2025-06-17T05:17:46.612+0000] {logging_mixin.py:190} INFO - [2025-06-17T05:17:46.612+0000] {dagbag.py:588} INFO - Filling up the DagBag from /home/airflow/.local/lib/python3.12/site-packages/airflow/example_dags/example_branch_labels.py
[2025-06-17T05:17:46.621+0000] {processor.py:925} INFO - DAG(s) 'example_branch_labels' retrieved from /home/airflow/.local/lib/python3.12/site-packages/airflow/example_dags/example_branch_labels.py
[2025-06-17T05:17:46.710+0000] {logging_mixin.py:190} INFO - [2025-06-17T05:17:46.709+0000] {override.py:1912} INFO - Created Permission View: can read on DAG:example_branch_labels
[2025-06-17T05:17:46.719+0000] {logging_mixin.py:190} INFO - [2025-06-17T05:17:46.719+0000] {override.py:1912} INFO - Created Permission View: can delete on DAG:example_branch_labels
[2025-06-17T05:17:46.726+0000] {logging_mixin.py:190} INFO - [2025-06-17T05:17:46.726+0000] {override.py:1912} INFO - Created Permission View: can edit on DAG:example_branch_labels
[2025-06-17T05:17:46.735+0000] {logging_mixin.py:190} INFO - [2025-06-17T05:17:46.734+0000] {override.py:1912} INFO - Created Permission View: can read on DAG Run:example_branch_labels
[2025-06-17T05:17:46.741+0000] {logging_mixin.py:190} INFO - [2025-06-17T05:17:46.741+0000] {override.py:1912} INFO - Created Permission View: can delete on DAG Run:example_branch_labels
[2025-06-17T05:17:46.748+0000] {logging_mixin.py:190} INFO - [2025-06-17T05:17:46.748+0000] {override.py:1912} INFO - Created Permission View: menu access on DAG Run:example_branch_labels
[2025-06-17T05:17:46.755+0000] {logging_mixin.py:190} INFO - [2025-06-17T05:17:46.755+0000] {override.py:1912} INFO - Created Permission View: can create on DAG Run:example_branch_labels
[2025-06-17T05:17:46.756+0000] {logging_mixin.py:190} INFO - [2025-06-17T05:17:46.756+0000] {dag.py:3239} INFO - Sync 1 DAGs
[2025-06-17T05:17:46.765+0000] {logging_mixin.py:190} INFO - [2025-06-17T05:17:46.765+0000] {dag.py:3262} INFO - Creating ORM DAG for example_branch_labels
[2025-06-17T05:17:46.774+0000] {logging_mixin.py:190} INFO - [2025-06-17T05:17:46.774+0000] {dag.py:4180} INFO - Setting next_dagrun for example_branch_labels to 2025-06-16 00:00:00+00:00, run_after=2025-06-17 00:00:00+00:00
[2025-06-17T05:17:46.786+0000] {processor.py:208} INFO - Processing /home/airflow/.local/lib/python3.12/site-packages/airflow/example_dags/example_branch_labels.py took 0.180 seconds
[2025-06-17T05:19:14.414+0000] {processor.py:186} INFO - Started process (PID=80) to work on /home/airflow/.local/lib/python3.12/site-packages/airflow/example_dags/example_branch_labels.py
[2025-06-17T05:19:14.415+0000] {processor.py:914} INFO - Processing file /home/airflow/.local/lib/python3.12/site-packages/airflow/example_dags/example_branch_labels.py for tasks to queue
[2025-06-17T05:19:14.416+0000] {logging_mixin.py:190} INFO - [2025-06-17T05:19:14.416+0000] {dagbag.py:588} INFO - Filling up the DagBag from /home/airflow/.local/lib/python3.12/site-packages/airflow/example_dags/example_branch_labels.py
[2025-06-17T05:19:14.424+0000] {processor.py:925} INFO - DAG(s) 'example_branch_labels' retrieved from /home/airflow/.local/lib/python3.12/site-packages/airflow/example_dags/example_branch_labels.py
[2025-06-17T05:19:14.447+0000] {logging_mixin.py:190} INFO - [2025-06-17T05:19:14.446+0000] {dag.py:3239} INFO - Sync 1 DAGs
[2025-06-17T05:19:14.469+0000] {logging_mixin.py:190} INFO - [2025-06-17T05:19:14.469+0000] {dag.py:4180} INFO - Setting next_dagrun for example_branch_labels to 2025-06-16 00:00:00+00:00, run_after=2025-06-17 00:00:00+00:00
[2025-06-17T05:19:14.485+0000] {processor.py:208} INFO - Processing /home/airflow/.local/lib/python3.12/site-packages/airflow/example_dags/example_branch_labels.py took 0.076 seconds
[2025-06-17T05:19:44.927+0000] {processor.py:186} INFO - Started process (PID=143) to work on /home/airflow/.local/lib/python3.12/site-packages/airflow/example_dags/example_branch_labels.py
[2025-06-17T05:19:44.927+0000] {processor.py:914} INFO - Processing file /home/airflow/.local/lib/python3.12/site-packages/airflow/example_dags/example_branch_labels.py for tasks to queue
[2025-06-17T05:19:44.928+0000] {logging_mixin.py:190} INFO - [2025-06-17T05:19:44.928+0000] {dagbag.py:588} INFO - Filling up the DagBag from /home/airflow/.local/lib/python3.12/site-packages/airflow/example_dags/example_branch_labels.py
[2025-06-17T05:19:44.936+0000] {processor.py:925} INFO - DAG(s) 'example_branch_labels' retrieved from /home/airflow/.local/lib/python3.12/site-packages/airflow/example_dags/example_branch_labels.py
[2025-06-17T05:19:44.951+0000] {logging_mixin.py:190} INFO - [2025-06-17T05:19:44.951+0000] {dag.py:3239} INFO - Sync 1 DAGs
[2025-06-17T05:19:44.969+0000] {logging_mixin.py:190} INFO - [2025-06-17T05:19:44.968+0000] {dag.py:4180} INFO - Setting next_dagrun for example_branch_labels to 2025-06-16 00:00:00+00:00, run_after=2025-06-17 00:00:00+00:00
[2025-06-17T05:19:44.982+0000] {processor.py:208} INFO - Processing /home/airflow/.local/lib/python3.12/site-packages/airflow/example_dags/example_branch_labels.py took 0.061 seconds
[2025-06-17T05:21:33.543+0000] {processor.py:186} INFO - Started process (PID=80) to work on /home/airflow/.local/lib/python3.12/site-packages/airflow/example_dags/example_branch_labels.py
[2025-06-17T05:21:33.543+0000] {processor.py:914} INFO - Processing file /home/airflow/.local/lib/python3.12/site-packages/airflow/example_dags/example_branch_labels.py for tasks to queue
[2025-06-17T05:21:33.544+0000] {logging_mixin.py:190} INFO - [2025-06-17T05:21:33.544+0000] {dagbag.py:588} INFO - Filling up the DagBag from /home/airflow/.local/lib/python3.12/site-packages/airflow/example_dags/example_branch_labels.py
[2025-06-17T05:21:33.554+0000] {processor.py:925} INFO - DAG(s) 'example_branch_labels' retrieved from /home/airflow/.local/lib/python3.12/site-packages/airflow/example_dags/example_branch_labels.py
[2025-06-17T05:21:33.578+0000] {logging_mixin.py:190} INFO - [2025-06-17T05:21:33.578+0000] {dag.py:3239} INFO - Sync 1 DAGs
[2025-06-17T05:21:33.599+0000] {logging_mixin.py:190} INFO - [2025-06-17T05:21:33.599+0000] {dag.py:4180} INFO - Setting next_dagrun for example_branch_labels to 2025-06-16 00:00:00+00:00, run_after=2025-06-17 00:00:00+00:00
[2025-06-17T05:21:33.614+0000] {processor.py:208} INFO - Processing /home/airflow/.local/lib/python3.12/site-packages/airflow/example_dags/example_branch_labels.py took 0.076 seconds
[2025-06-17T05:22:04.907+0000] {processor.py:186} INFO - Started process (PID=143) to work on /home/airflow/.local/lib/python3.12/site-packages/airflow/example_dags/example_branch_labels.py
[2025-06-17T05:22:04.908+0000] {processor.py:914} INFO - Processing file /home/airflow/.local/lib/python3.12/site-packages/airflow/example_dags/example_branch_labels.py for tasks to queue
[2025-06-17T05:22:04.909+0000] {logging_mixin.py:190} INFO - [2025-06-17T05:22:04.908+0000] {dagbag.py:588} INFO - Filling up the DagBag from /home/airflow/.local/lib/python3.12/site-packages/airflow/example_dags/example_branch_labels.py
[2025-06-17T05:22:04.917+0000] {processor.py:925} INFO - DAG(s) 'example_branch_labels' retrieved from /home/airflow/.local/lib/python3.12/site-packages/airflow/example_dags/example_branch_labels.py
[2025-06-17T05:22:04.936+0000] {logging_mixin.py:190} INFO - [2025-06-17T05:22:04.936+0000] {dag.py:3239} INFO - Sync 1 DAGs
[2025-06-17T05:22:04.957+0000] {logging_mixin.py:190} INFO - [2025-06-17T05:22:04.957+0000] {dag.py:4180} INFO - Setting next_dagrun for example_branch_labels to 2025-06-16 00:00:00+00:00, run_after=2025-06-17 00:00:00+00:00
[2025-06-17T05:22:04.975+0000] {processor.py:208} INFO - Processing /home/airflow/.local/lib/python3.12/site-packages/airflow/example_dags/example_branch_labels.py took 0.072 seconds
[2025-06-17T05:22:35.677+0000] {processor.py:186} INFO - Started process (PID=206) to work on /home/airflow/.local/lib/python3.12/site-packages/airflow/example_dags/example_branch_labels.py
[2025-06-17T05:22:35.678+0000] {processor.py:914} INFO - Processing file /home/airflow/.local/lib/python3.12/site-packages/airflow/example_dags/example_branch_labels.py for tasks to queue
[2025-06-17T05:22:35.679+0000] {logging_mixin.py:190} INFO - [2025-06-17T05:22:35.678+0000] {dagbag.py:588} INFO - Filling up the DagBag from /home/airflow/.local/lib/python3.12/site-packages/airflow/example_dags/example_branch_labels.py
[2025-06-17T05:22:35.688+0000] {processor.py:925} INFO - DAG(s) 'example_branch_labels' retrieved from /home/airflow/.local/lib/python3.12/site-packages/airflow/example_dags/example_branch_labels.py
[2025-06-17T05:22:35.704+0000] {logging_mixin.py:190} INFO - [2025-06-17T05:22:35.703+0000] {dag.py:3239} INFO - Sync 1 DAGs
[2025-06-17T05:22:35.722+0000] {logging_mixin.py:190} INFO - [2025-06-17T05:22:35.722+0000] {dag.py:4180} INFO - Setting next_dagrun for example_branch_labels to 2025-06-16 00:00:00+00:00, run_after=2025-06-17 00:00:00+00:00
[2025-06-17T05:22:35.736+0000] {processor.py:208} INFO - Processing /home/airflow/.local/lib/python3.12/site-packages/airflow/example_dags/example_branch_labels.py took 0.063 seconds
[2025-06-17T05:23:06.491+0000] {processor.py:186} INFO - Started process (PID=268) to work on /home/airflow/.local/lib/python3.12/site-packages/airflow/example_dags/example_branch_labels.py
[2025-06-17T05:23:06.492+0000] {processor.py:914} INFO - Processing file /home/airflow/.local/lib/python3.12/site-packages/airflow/example_dags/example_branch_labels.py for tasks to queue
[2025-06-17T05:23:06.492+0000] {logging_mixin.py:190} INFO - [2025-06-17T05:23:06.492+0000] {dagbag.py:588} INFO - Filling up the DagBag from /home/airflow/.local/lib/python3.12/site-packages/airflow/example_dags/example_branch_labels.py
[2025-06-17T05:23:06.500+0000] {processor.py:925} INFO - DAG(s) 'example_branch_labels' retrieved from /home/airflow/.local/lib/python3.12/site-packages/airflow/example_dags/example_branch_labels.py
[2025-06-17T05:23:06.516+0000] {logging_mixin.py:190} INFO - [2025-06-17T05:23:06.515+0000] {dag.py:3239} INFO - Sync 1 DAGs
[2025-06-17T05:23:06.538+0000] {logging_mixin.py:190} INFO - [2025-06-17T05:23:06.538+0000] {dag.py:4180} INFO - Setting next_dagrun for example_branch_labels to 2025-06-16 00:00:00+00:00, run_after=2025-06-17 00:00:00+00:00
[2025-06-17T05:23:06.551+0000] {processor.py:208} INFO - Processing /home/airflow/.local/lib/python3.12/site-packages/airflow/example_dags/example_branch_labels.py took 0.065 seconds
[2025-06-17T05:23:37.953+0000] {processor.py:186} INFO - Started process (PID=332) to work on /home/airflow/.local/lib/python3.12/site-packages/airflow/example_dags/example_branch_labels.py
[2025-06-17T05:23:37.954+0000] {processor.py:914} INFO - Processing file /home/airflow/.local/lib/python3.12/site-packages/airflow/example_dags/example_branch_labels.py for tasks to queue
[2025-06-17T05:23:37.955+0000] {logging_mixin.py:190} INFO - [2025-06-17T05:23:37.955+0000] {dagbag.py:588} INFO - Filling up the DagBag from /home/airflow/.local/lib/python3.12/site-packages/airflow/example_dags/example_branch_labels.py
[2025-06-17T05:23:37.962+0000] {processor.py:925} INFO - DAG(s) 'example_branch_labels' retrieved from /home/airflow/.local/lib/python3.12/site-packages/airflow/example_dags/example_branch_labels.py
[2025-06-17T05:23:37.977+0000] {logging_mixin.py:190} INFO - [2025-06-17T05:23:37.977+0000] {dag.py:3239} INFO - Sync 1 DAGs
[2025-06-17T05:23:37.995+0000] {logging_mixin.py:190} INFO - [2025-06-17T05:23:37.995+0000] {dag.py:4180} INFO - Setting next_dagrun for example_branch_labels to 2025-06-16 00:00:00+00:00, run_after=2025-06-17 00:00:00+00:00
[2025-06-17T05:23:38.011+0000] {processor.py:208} INFO - Processing /home/airflow/.local/lib/python3.12/site-packages/airflow/example_dags/example_branch_labels.py took 0.063 seconds
