[2025-06-17T05:01:30.818+0000] {processor.py:186} INFO - Started process (PID=109) to work on /home/airflow/.local/lib/python3.12/site-packages/airflow/example_dags/example_short_circuit_decorator.py
[2025-06-17T05:01:30.818+0000] {processor.py:914} INFO - Processing file /home/airflow/.local/lib/python3.12/site-packages/airflow/example_dags/example_short_circuit_decorator.py for tasks to queue
[2025-06-17T05:01:30.819+0000] {logging_mixin.py:190} INFO - [2025-06-17T05:01:30.819+0000] {dagbag.py:588} INFO - Filling up the DagBag from /home/airflow/.local/lib/python3.12/site-packages/airflow/example_dags/example_short_circuit_decorator.py
[2025-06-17T05:01:30.827+0000] {processor.py:925} INFO - DAG(s) 'example_short_circuit_decorator' retrieved from /home/airflow/.local/lib/python3.12/site-packages/airflow/example_dags/example_short_circuit_decorator.py
[2025-06-17T05:01:30.915+0000] {logging_mixin.py:190} INFO - [2025-06-17T05:01:30.914+0000] {override.py:1912} INFO - Created Permission View: can read on DAG:example_short_circuit_decorator
[2025-06-17T05:01:30.924+0000] {logging_mixin.py:190} INFO - [2025-06-17T05:01:30.924+0000] {override.py:1912} INFO - Created Permission View: can edit on DAG:example_short_circuit_decorator
[2025-06-17T05:01:30.929+0000] {logging_mixin.py:190} INFO - [2025-06-17T05:01:30.929+0000] {override.py:1912} INFO - Created Permission View: can delete on DAG:example_short_circuit_decorator
[2025-06-17T05:01:30.937+0000] {logging_mixin.py:190} INFO - [2025-06-17T05:01:30.937+0000] {override.py:1912} INFO - Created Permission View: menu access on DAG Run:example_short_circuit_decorator
[2025-06-17T05:01:30.943+0000] {logging_mixin.py:190} INFO - [2025-06-17T05:01:30.943+0000] {override.py:1912} INFO - Created Permission View: can create on DAG Run:example_short_circuit_decorator
[2025-06-17T05:01:30.949+0000] {logging_mixin.py:190} INFO - [2025-06-17T05:01:30.949+0000] {override.py:1912} INFO - Created Permission View: can read on DAG Run:example_short_circuit_decorator
[2025-06-17T05:01:30.955+0000] {logging_mixin.py:190} INFO - [2025-06-17T05:01:30.955+0000] {override.py:1912} INFO - Created Permission View: can delete on DAG Run:example_short_circuit_decorator
[2025-06-17T05:01:30.956+0000] {logging_mixin.py:190} INFO - [2025-06-17T05:01:30.955+0000] {dag.py:3239} INFO - Sync 1 DAGs
[2025-06-17T05:01:30.965+0000] {logging_mixin.py:190} INFO - [2025-06-17T05:01:30.965+0000] {dag.py:3262} INFO - Creating ORM DAG for example_short_circuit_decorator
[2025-06-17T05:01:30.966+0000] {logging_mixin.py:190} INFO - [2025-06-17T05:01:30.965+0000] {dag.py:4180} INFO - Setting next_dagrun for example_short_circuit_decorator to None, run_after=None
[2025-06-17T05:01:30.978+0000] {processor.py:208} INFO - Processing /home/airflow/.local/lib/python3.12/site-packages/airflow/example_dags/example_short_circuit_decorator.py took 0.165 seconds
[2025-06-17T05:02:01.047+0000] {processor.py:186} INFO - Started process (PID=172) to work on /home/airflow/.local/lib/python3.12/site-packages/airflow/example_dags/example_short_circuit_decorator.py
[2025-06-17T05:02:01.047+0000] {processor.py:914} INFO - Processing file /home/airflow/.local/lib/python3.12/site-packages/airflow/example_dags/example_short_circuit_decorator.py for tasks to queue
[2025-06-17T05:02:01.048+0000] {logging_mixin.py:190} INFO - [2025-06-17T05:02:01.048+0000] {dagbag.py:588} INFO - Filling up the DagBag from /home/airflow/.local/lib/python3.12/site-packages/airflow/example_dags/example_short_circuit_decorator.py
[2025-06-17T05:02:01.056+0000] {processor.py:925} INFO - DAG(s) 'example_short_circuit_decorator' retrieved from /home/airflow/.local/lib/python3.12/site-packages/airflow/example_dags/example_short_circuit_decorator.py
[2025-06-17T05:02:01.074+0000] {logging_mixin.py:190} INFO - [2025-06-17T05:02:01.074+0000] {dag.py:3239} INFO - Sync 1 DAGs
[2025-06-17T05:02:01.087+0000] {logging_mixin.py:190} INFO - [2025-06-17T05:02:01.087+0000] {dag.py:4180} INFO - Setting next_dagrun for example_short_circuit_decorator to None, run_after=None
[2025-06-17T05:02:01.100+0000] {processor.py:208} INFO - Processing /home/airflow/.local/lib/python3.12/site-packages/airflow/example_dags/example_short_circuit_decorator.py took 0.059 seconds
[2025-06-17T05:02:31.643+0000] {processor.py:186} INFO - Started process (PID=235) to work on /home/airflow/.local/lib/python3.12/site-packages/airflow/example_dags/example_short_circuit_decorator.py
[2025-06-17T05:02:31.643+0000] {processor.py:914} INFO - Processing file /home/airflow/.local/lib/python3.12/site-packages/airflow/example_dags/example_short_circuit_decorator.py for tasks to queue
[2025-06-17T05:02:31.644+0000] {logging_mixin.py:190} INFO - [2025-06-17T05:02:31.644+0000] {dagbag.py:588} INFO - Filling up the DagBag from /home/airflow/.local/lib/python3.12/site-packages/airflow/example_dags/example_short_circuit_decorator.py
[2025-06-17T05:02:31.651+0000] {processor.py:925} INFO - DAG(s) 'example_short_circuit_decorator' retrieved from /home/airflow/.local/lib/python3.12/site-packages/airflow/example_dags/example_short_circuit_decorator.py
[2025-06-17T05:02:31.666+0000] {logging_mixin.py:190} INFO - [2025-06-17T05:02:31.666+0000] {dag.py:3239} INFO - Sync 1 DAGs
[2025-06-17T05:02:31.677+0000] {logging_mixin.py:190} INFO - [2025-06-17T05:02:31.677+0000] {dag.py:4180} INFO - Setting next_dagrun for example_short_circuit_decorator to None, run_after=None
[2025-06-17T05:02:31.690+0000] {processor.py:208} INFO - Processing /home/airflow/.local/lib/python3.12/site-packages/airflow/example_dags/example_short_circuit_decorator.py took 0.052 seconds
[2025-06-17T05:06:08.266+0000] {processor.py:186} INFO - Started process (PID=111) to work on /home/airflow/.local/lib/python3.12/site-packages/airflow/example_dags/example_short_circuit_decorator.py
[2025-06-17T05:06:08.267+0000] {processor.py:914} INFO - Processing file /home/airflow/.local/lib/python3.12/site-packages/airflow/example_dags/example_short_circuit_decorator.py for tasks to queue
[2025-06-17T05:06:08.268+0000] {logging_mixin.py:190} INFO - [2025-06-17T05:06:08.268+0000] {dagbag.py:588} INFO - Filling up the DagBag from /home/airflow/.local/lib/python3.12/site-packages/airflow/example_dags/example_short_circuit_decorator.py
[2025-06-17T05:06:08.277+0000] {processor.py:925} INFO - DAG(s) 'example_short_circuit_decorator' retrieved from /home/airflow/.local/lib/python3.12/site-packages/airflow/example_dags/example_short_circuit_decorator.py
[2025-06-17T05:06:08.294+0000] {logging_mixin.py:190} INFO - [2025-06-17T05:06:08.294+0000] {dag.py:3239} INFO - Sync 1 DAGs
[2025-06-17T05:06:08.305+0000] {logging_mixin.py:190} INFO - [2025-06-17T05:06:08.305+0000] {dag.py:4180} INFO - Setting next_dagrun for example_short_circuit_decorator to None, run_after=None
[2025-06-17T05:06:08.321+0000] {processor.py:208} INFO - Processing /home/airflow/.local/lib/python3.12/site-packages/airflow/example_dags/example_short_circuit_decorator.py took 0.059 seconds
[2025-06-17T05:06:39.389+0000] {processor.py:186} INFO - Started process (PID=174) to work on /home/airflow/.local/lib/python3.12/site-packages/airflow/example_dags/example_short_circuit_decorator.py
[2025-06-17T05:06:39.389+0000] {processor.py:914} INFO - Processing file /home/airflow/.local/lib/python3.12/site-packages/airflow/example_dags/example_short_circuit_decorator.py for tasks to queue
[2025-06-17T05:06:39.390+0000] {logging_mixin.py:190} INFO - [2025-06-17T05:06:39.390+0000] {dagbag.py:588} INFO - Filling up the DagBag from /home/airflow/.local/lib/python3.12/site-packages/airflow/example_dags/example_short_circuit_decorator.py
[2025-06-17T05:06:39.398+0000] {processor.py:925} INFO - DAG(s) 'example_short_circuit_decorator' retrieved from /home/airflow/.local/lib/python3.12/site-packages/airflow/example_dags/example_short_circuit_decorator.py
[2025-06-17T05:06:39.416+0000] {logging_mixin.py:190} INFO - [2025-06-17T05:06:39.415+0000] {dag.py:3239} INFO - Sync 1 DAGs
[2025-06-17T05:06:39.427+0000] {logging_mixin.py:190} INFO - [2025-06-17T05:06:39.426+0000] {dag.py:4180} INFO - Setting next_dagrun for example_short_circuit_decorator to None, run_after=None
[2025-06-17T05:06:39.442+0000] {processor.py:208} INFO - Processing /home/airflow/.local/lib/python3.12/site-packages/airflow/example_dags/example_short_circuit_decorator.py took 0.057 seconds
[2025-06-17T05:09:02.900+0000] {processor.py:186} INFO - Started process (PID=109) to work on /home/airflow/.local/lib/python3.12/site-packages/airflow/example_dags/example_short_circuit_decorator.py
[2025-06-17T05:09:02.900+0000] {processor.py:914} INFO - Processing file /home/airflow/.local/lib/python3.12/site-packages/airflow/example_dags/example_short_circuit_decorator.py for tasks to queue
[2025-06-17T05:09:02.901+0000] {logging_mixin.py:190} INFO - [2025-06-17T05:09:02.901+0000] {dagbag.py:588} INFO - Filling up the DagBag from /home/airflow/.local/lib/python3.12/site-packages/airflow/example_dags/example_short_circuit_decorator.py
[2025-06-17T05:09:02.910+0000] {processor.py:925} INFO - DAG(s) 'example_short_circuit_decorator' retrieved from /home/airflow/.local/lib/python3.12/site-packages/airflow/example_dags/example_short_circuit_decorator.py
[2025-06-17T05:09:02.933+0000] {logging_mixin.py:190} INFO - [2025-06-17T05:09:02.933+0000] {dag.py:3239} INFO - Sync 1 DAGs
[2025-06-17T05:09:02.945+0000] {logging_mixin.py:190} INFO - [2025-06-17T05:09:02.945+0000] {dag.py:4180} INFO - Setting next_dagrun for example_short_circuit_decorator to None, run_after=None
[2025-06-17T05:09:02.959+0000] {processor.py:208} INFO - Processing /home/airflow/.local/lib/python3.12/site-packages/airflow/example_dags/example_short_circuit_decorator.py took 0.064 seconds
[2025-06-17T05:09:33.631+0000] {processor.py:186} INFO - Started process (PID=172) to work on /home/airflow/.local/lib/python3.12/site-packages/airflow/example_dags/example_short_circuit_decorator.py
[2025-06-17T05:09:33.631+0000] {processor.py:914} INFO - Processing file /home/airflow/.local/lib/python3.12/site-packages/airflow/example_dags/example_short_circuit_decorator.py for tasks to queue
[2025-06-17T05:09:33.632+0000] {logging_mixin.py:190} INFO - [2025-06-17T05:09:33.632+0000] {dagbag.py:588} INFO - Filling up the DagBag from /home/airflow/.local/lib/python3.12/site-packages/airflow/example_dags/example_short_circuit_decorator.py
[2025-06-17T05:09:33.640+0000] {processor.py:925} INFO - DAG(s) 'example_short_circuit_decorator' retrieved from /home/airflow/.local/lib/python3.12/site-packages/airflow/example_dags/example_short_circuit_decorator.py
[2025-06-17T05:09:33.658+0000] {logging_mixin.py:190} INFO - [2025-06-17T05:09:33.658+0000] {dag.py:3239} INFO - Sync 1 DAGs
[2025-06-17T05:09:33.672+0000] {logging_mixin.py:190} INFO - [2025-06-17T05:09:33.672+0000] {dag.py:4180} INFO - Setting next_dagrun for example_short_circuit_decorator to None, run_after=None
[2025-06-17T05:09:33.691+0000] {processor.py:208} INFO - Processing /home/airflow/.local/lib/python3.12/site-packages/airflow/example_dags/example_short_circuit_decorator.py took 0.065 seconds
[2025-06-17T05:10:03.904+0000] {processor.py:186} INFO - Started process (PID=235) to work on /home/airflow/.local/lib/python3.12/site-packages/airflow/example_dags/example_short_circuit_decorator.py
[2025-06-17T05:10:03.905+0000] {processor.py:914} INFO - Processing file /home/airflow/.local/lib/python3.12/site-packages/airflow/example_dags/example_short_circuit_decorator.py for tasks to queue
[2025-06-17T05:10:03.906+0000] {logging_mixin.py:190} INFO - [2025-06-17T05:10:03.906+0000] {dagbag.py:588} INFO - Filling up the DagBag from /home/airflow/.local/lib/python3.12/site-packages/airflow/example_dags/example_short_circuit_decorator.py
[2025-06-17T05:10:03.914+0000] {processor.py:925} INFO - DAG(s) 'example_short_circuit_decorator' retrieved from /home/airflow/.local/lib/python3.12/site-packages/airflow/example_dags/example_short_circuit_decorator.py
[2025-06-17T05:10:03.930+0000] {logging_mixin.py:190} INFO - [2025-06-17T05:10:03.930+0000] {dag.py:3239} INFO - Sync 1 DAGs
[2025-06-17T05:10:03.941+0000] {logging_mixin.py:190} INFO - [2025-06-17T05:10:03.941+0000] {dag.py:4180} INFO - Setting next_dagrun for example_short_circuit_decorator to None, run_after=None
[2025-06-17T05:10:03.963+0000] {processor.py:208} INFO - Processing /home/airflow/.local/lib/python3.12/site-packages/airflow/example_dags/example_short_circuit_decorator.py took 0.063 seconds
[2025-06-17T05:10:35.091+0000] {processor.py:186} INFO - Started process (PID=298) to work on /home/airflow/.local/lib/python3.12/site-packages/airflow/example_dags/example_short_circuit_decorator.py
[2025-06-17T05:10:35.092+0000] {processor.py:914} INFO - Processing file /home/airflow/.local/lib/python3.12/site-packages/airflow/example_dags/example_short_circuit_decorator.py for tasks to queue
[2025-06-17T05:10:35.093+0000] {logging_mixin.py:190} INFO - [2025-06-17T05:10:35.093+0000] {dagbag.py:588} INFO - Filling up the DagBag from /home/airflow/.local/lib/python3.12/site-packages/airflow/example_dags/example_short_circuit_decorator.py
[2025-06-17T05:10:35.101+0000] {processor.py:925} INFO - DAG(s) 'example_short_circuit_decorator' retrieved from /home/airflow/.local/lib/python3.12/site-packages/airflow/example_dags/example_short_circuit_decorator.py
[2025-06-17T05:10:35.120+0000] {logging_mixin.py:190} INFO - [2025-06-17T05:10:35.120+0000] {dag.py:3239} INFO - Sync 1 DAGs
[2025-06-17T05:10:35.132+0000] {logging_mixin.py:190} INFO - [2025-06-17T05:10:35.132+0000] {dag.py:4180} INFO - Setting next_dagrun for example_short_circuit_decorator to None, run_after=None
[2025-06-17T05:10:35.148+0000] {processor.py:208} INFO - Processing /home/airflow/.local/lib/python3.12/site-packages/airflow/example_dags/example_short_circuit_decorator.py took 0.061 seconds
[2025-06-17T05:11:05.857+0000] {processor.py:186} INFO - Started process (PID=361) to work on /home/airflow/.local/lib/python3.12/site-packages/airflow/example_dags/example_short_circuit_decorator.py
[2025-06-17T05:11:05.857+0000] {processor.py:914} INFO - Processing file /home/airflow/.local/lib/python3.12/site-packages/airflow/example_dags/example_short_circuit_decorator.py for tasks to queue
[2025-06-17T05:11:05.858+0000] {logging_mixin.py:190} INFO - [2025-06-17T05:11:05.858+0000] {dagbag.py:588} INFO - Filling up the DagBag from /home/airflow/.local/lib/python3.12/site-packages/airflow/example_dags/example_short_circuit_decorator.py
[2025-06-17T05:11:05.866+0000] {processor.py:925} INFO - DAG(s) 'example_short_circuit_decorator' retrieved from /home/airflow/.local/lib/python3.12/site-packages/airflow/example_dags/example_short_circuit_decorator.py
[2025-06-17T05:11:05.883+0000] {logging_mixin.py:190} INFO - [2025-06-17T05:11:05.883+0000] {dag.py:3239} INFO - Sync 1 DAGs
[2025-06-17T05:11:05.893+0000] {logging_mixin.py:190} INFO - [2025-06-17T05:11:05.893+0000] {dag.py:4180} INFO - Setting next_dagrun for example_short_circuit_decorator to None, run_after=None
[2025-06-17T05:11:05.907+0000] {processor.py:208} INFO - Processing /home/airflow/.local/lib/python3.12/site-packages/airflow/example_dags/example_short_circuit_decorator.py took 0.055 seconds
[2025-06-17T05:11:36.992+0000] {processor.py:186} INFO - Started process (PID=424) to work on /home/airflow/.local/lib/python3.12/site-packages/airflow/example_dags/example_short_circuit_decorator.py
[2025-06-17T05:11:36.992+0000] {processor.py:914} INFO - Processing file /home/airflow/.local/lib/python3.12/site-packages/airflow/example_dags/example_short_circuit_decorator.py for tasks to queue
[2025-06-17T05:11:36.993+0000] {logging_mixin.py:190} INFO - [2025-06-17T05:11:36.993+0000] {dagbag.py:588} INFO - Filling up the DagBag from /home/airflow/.local/lib/python3.12/site-packages/airflow/example_dags/example_short_circuit_decorator.py
[2025-06-17T05:11:37.001+0000] {processor.py:925} INFO - DAG(s) 'example_short_circuit_decorator' retrieved from /home/airflow/.local/lib/python3.12/site-packages/airflow/example_dags/example_short_circuit_decorator.py
[2025-06-17T05:11:37.016+0000] {logging_mixin.py:190} INFO - [2025-06-17T05:11:37.016+0000] {dag.py:3239} INFO - Sync 1 DAGs
[2025-06-17T05:11:37.028+0000] {logging_mixin.py:190} INFO - [2025-06-17T05:11:37.028+0000] {dag.py:4180} INFO - Setting next_dagrun for example_short_circuit_decorator to None, run_after=None
[2025-06-17T05:11:37.043+0000] {processor.py:208} INFO - Processing /home/airflow/.local/lib/python3.12/site-packages/airflow/example_dags/example_short_circuit_decorator.py took 0.056 seconds
[2025-06-17T05:12:07.610+0000] {processor.py:186} INFO - Started process (PID=487) to work on /home/airflow/.local/lib/python3.12/site-packages/airflow/example_dags/example_short_circuit_decorator.py
[2025-06-17T05:12:07.611+0000] {processor.py:914} INFO - Processing file /home/airflow/.local/lib/python3.12/site-packages/airflow/example_dags/example_short_circuit_decorator.py for tasks to queue
[2025-06-17T05:12:07.612+0000] {logging_mixin.py:190} INFO - [2025-06-17T05:12:07.611+0000] {dagbag.py:588} INFO - Filling up the DagBag from /home/airflow/.local/lib/python3.12/site-packages/airflow/example_dags/example_short_circuit_decorator.py
[2025-06-17T05:12:07.619+0000] {processor.py:925} INFO - DAG(s) 'example_short_circuit_decorator' retrieved from /home/airflow/.local/lib/python3.12/site-packages/airflow/example_dags/example_short_circuit_decorator.py
[2025-06-17T05:12:07.636+0000] {logging_mixin.py:190} INFO - [2025-06-17T05:12:07.636+0000] {dag.py:3239} INFO - Sync 1 DAGs
[2025-06-17T05:12:07.648+0000] {logging_mixin.py:190} INFO - [2025-06-17T05:12:07.648+0000] {dag.py:4180} INFO - Setting next_dagrun for example_short_circuit_decorator to None, run_after=None
[2025-06-17T05:12:07.664+0000] {processor.py:208} INFO - Processing /home/airflow/.local/lib/python3.12/site-packages/airflow/example_dags/example_short_circuit_decorator.py took 0.058 seconds
[2025-06-17T05:12:38.044+0000] {processor.py:186} INFO - Started process (PID=550) to work on /home/airflow/.local/lib/python3.12/site-packages/airflow/example_dags/example_short_circuit_decorator.py
[2025-06-17T05:12:38.045+0000] {processor.py:914} INFO - Processing file /home/airflow/.local/lib/python3.12/site-packages/airflow/example_dags/example_short_circuit_decorator.py for tasks to queue
[2025-06-17T05:12:38.045+0000] {logging_mixin.py:190} INFO - [2025-06-17T05:12:38.045+0000] {dagbag.py:588} INFO - Filling up the DagBag from /home/airflow/.local/lib/python3.12/site-packages/airflow/example_dags/example_short_circuit_decorator.py
[2025-06-17T05:12:38.053+0000] {processor.py:925} INFO - DAG(s) 'example_short_circuit_decorator' retrieved from /home/airflow/.local/lib/python3.12/site-packages/airflow/example_dags/example_short_circuit_decorator.py
[2025-06-17T05:12:38.073+0000] {logging_mixin.py:190} INFO - [2025-06-17T05:12:38.072+0000] {dag.py:3239} INFO - Sync 1 DAGs
[2025-06-17T05:12:38.084+0000] {logging_mixin.py:190} INFO - [2025-06-17T05:12:38.084+0000] {dag.py:4180} INFO - Setting next_dagrun for example_short_circuit_decorator to None, run_after=None
[2025-06-17T05:12:38.100+0000] {processor.py:208} INFO - Processing /home/airflow/.local/lib/python3.12/site-packages/airflow/example_dags/example_short_circuit_decorator.py took 0.061 seconds
[2025-06-17T05:13:08.855+0000] {processor.py:186} INFO - Started process (PID=613) to work on /home/airflow/.local/lib/python3.12/site-packages/airflow/example_dags/example_short_circuit_decorator.py
[2025-06-17T05:13:08.856+0000] {processor.py:914} INFO - Processing file /home/airflow/.local/lib/python3.12/site-packages/airflow/example_dags/example_short_circuit_decorator.py for tasks to queue
[2025-06-17T05:13:08.857+0000] {logging_mixin.py:190} INFO - [2025-06-17T05:13:08.857+0000] {dagbag.py:588} INFO - Filling up the DagBag from /home/airflow/.local/lib/python3.12/site-packages/airflow/example_dags/example_short_circuit_decorator.py
[2025-06-17T05:13:08.865+0000] {processor.py:925} INFO - DAG(s) 'example_short_circuit_decorator' retrieved from /home/airflow/.local/lib/python3.12/site-packages/airflow/example_dags/example_short_circuit_decorator.py
[2025-06-17T05:13:08.882+0000] {logging_mixin.py:190} INFO - [2025-06-17T05:13:08.882+0000] {dag.py:3239} INFO - Sync 1 DAGs
[2025-06-17T05:13:08.893+0000] {logging_mixin.py:190} INFO - [2025-06-17T05:13:08.893+0000] {dag.py:4180} INFO - Setting next_dagrun for example_short_circuit_decorator to None, run_after=None
[2025-06-17T05:13:08.907+0000] {processor.py:208} INFO - Processing /home/airflow/.local/lib/python3.12/site-packages/airflow/example_dags/example_short_circuit_decorator.py took 0.056 seconds
[2025-06-17T05:13:39.407+0000] {processor.py:186} INFO - Started process (PID=677) to work on /home/airflow/.local/lib/python3.12/site-packages/airflow/example_dags/example_short_circuit_decorator.py
[2025-06-17T05:13:39.408+0000] {processor.py:914} INFO - Processing file /home/airflow/.local/lib/python3.12/site-packages/airflow/example_dags/example_short_circuit_decorator.py for tasks to queue
[2025-06-17T05:13:39.409+0000] {logging_mixin.py:190} INFO - [2025-06-17T05:13:39.408+0000] {dagbag.py:588} INFO - Filling up the DagBag from /home/airflow/.local/lib/python3.12/site-packages/airflow/example_dags/example_short_circuit_decorator.py
[2025-06-17T05:13:39.417+0000] {processor.py:925} INFO - DAG(s) 'example_short_circuit_decorator' retrieved from /home/airflow/.local/lib/python3.12/site-packages/airflow/example_dags/example_short_circuit_decorator.py
[2025-06-17T05:13:39.434+0000] {logging_mixin.py:190} INFO - [2025-06-17T05:13:39.433+0000] {dag.py:3239} INFO - Sync 1 DAGs
[2025-06-17T05:13:39.446+0000] {logging_mixin.py:190} INFO - [2025-06-17T05:13:39.446+0000] {dag.py:4180} INFO - Setting next_dagrun for example_short_circuit_decorator to None, run_after=None
[2025-06-17T05:13:39.460+0000] {processor.py:208} INFO - Processing /home/airflow/.local/lib/python3.12/site-packages/airflow/example_dags/example_short_circuit_decorator.py took 0.057 seconds
[2025-06-17T05:14:10.704+0000] {processor.py:186} INFO - Started process (PID=740) to work on /home/airflow/.local/lib/python3.12/site-packages/airflow/example_dags/example_short_circuit_decorator.py
[2025-06-17T05:14:10.705+0000] {processor.py:914} INFO - Processing file /home/airflow/.local/lib/python3.12/site-packages/airflow/example_dags/example_short_circuit_decorator.py for tasks to queue
[2025-06-17T05:14:10.706+0000] {logging_mixin.py:190} INFO - [2025-06-17T05:14:10.705+0000] {dagbag.py:588} INFO - Filling up the DagBag from /home/airflow/.local/lib/python3.12/site-packages/airflow/example_dags/example_short_circuit_decorator.py
[2025-06-17T05:14:10.713+0000] {processor.py:925} INFO - DAG(s) 'example_short_circuit_decorator' retrieved from /home/airflow/.local/lib/python3.12/site-packages/airflow/example_dags/example_short_circuit_decorator.py
[2025-06-17T05:14:10.730+0000] {logging_mixin.py:190} INFO - [2025-06-17T05:14:10.730+0000] {dag.py:3239} INFO - Sync 1 DAGs
[2025-06-17T05:14:10.747+0000] {logging_mixin.py:190} INFO - [2025-06-17T05:14:10.747+0000] {dag.py:4180} INFO - Setting next_dagrun for example_short_circuit_decorator to None, run_after=None
[2025-06-17T05:14:10.772+0000] {processor.py:208} INFO - Processing /home/airflow/.local/lib/python3.12/site-packages/airflow/example_dags/example_short_circuit_decorator.py took 0.073 seconds
[2025-06-17T05:17:50.674+0000] {processor.py:186} INFO - Started process (PID=110) to work on /home/airflow/.local/lib/python3.12/site-packages/airflow/example_dags/example_short_circuit_decorator.py
[2025-06-17T05:17:50.674+0000] {processor.py:914} INFO - Processing file /home/airflow/.local/lib/python3.12/site-packages/airflow/example_dags/example_short_circuit_decorator.py for tasks to queue
[2025-06-17T05:17:50.675+0000] {logging_mixin.py:190} INFO - [2025-06-17T05:17:50.675+0000] {dagbag.py:588} INFO - Filling up the DagBag from /home/airflow/.local/lib/python3.12/site-packages/airflow/example_dags/example_short_circuit_decorator.py
[2025-06-17T05:17:50.685+0000] {processor.py:925} INFO - DAG(s) 'example_short_circuit_decorator' retrieved from /home/airflow/.local/lib/python3.12/site-packages/airflow/example_dags/example_short_circuit_decorator.py
[2025-06-17T05:17:50.772+0000] {logging_mixin.py:190} INFO - [2025-06-17T05:17:50.771+0000] {override.py:1912} INFO - Created Permission View: can read on DAG:example_short_circuit_decorator
[2025-06-17T05:17:50.781+0000] {logging_mixin.py:190} INFO - [2025-06-17T05:17:50.781+0000] {override.py:1912} INFO - Created Permission View: can delete on DAG:example_short_circuit_decorator
[2025-06-17T05:17:50.787+0000] {logging_mixin.py:190} INFO - [2025-06-17T05:17:50.787+0000] {override.py:1912} INFO - Created Permission View: can edit on DAG:example_short_circuit_decorator
[2025-06-17T05:17:50.794+0000] {logging_mixin.py:190} INFO - [2025-06-17T05:17:50.794+0000] {override.py:1912} INFO - Created Permission View: can read on DAG Run:example_short_circuit_decorator
[2025-06-17T05:17:50.800+0000] {logging_mixin.py:190} INFO - [2025-06-17T05:17:50.800+0000] {override.py:1912} INFO - Created Permission View: can delete on DAG Run:example_short_circuit_decorator
[2025-06-17T05:17:50.807+0000] {logging_mixin.py:190} INFO - [2025-06-17T05:17:50.806+0000] {override.py:1912} INFO - Created Permission View: menu access on DAG Run:example_short_circuit_decorator
[2025-06-17T05:17:50.813+0000] {logging_mixin.py:190} INFO - [2025-06-17T05:17:50.813+0000] {override.py:1912} INFO - Created Permission View: can create on DAG Run:example_short_circuit_decorator
[2025-06-17T05:17:50.814+0000] {logging_mixin.py:190} INFO - [2025-06-17T05:17:50.814+0000] {dag.py:3239} INFO - Sync 1 DAGs
[2025-06-17T05:17:50.826+0000] {logging_mixin.py:190} INFO - [2025-06-17T05:17:50.825+0000] {dag.py:3262} INFO - Creating ORM DAG for example_short_circuit_decorator
[2025-06-17T05:17:50.826+0000] {logging_mixin.py:190} INFO - [2025-06-17T05:17:50.826+0000] {dag.py:4180} INFO - Setting next_dagrun for example_short_circuit_decorator to None, run_after=None
[2025-06-17T05:17:50.839+0000] {processor.py:208} INFO - Processing /home/airflow/.local/lib/python3.12/site-packages/airflow/example_dags/example_short_circuit_decorator.py took 0.170 seconds
[2025-06-17T05:19:17.222+0000] {processor.py:186} INFO - Started process (PID=110) to work on /home/airflow/.local/lib/python3.12/site-packages/airflow/example_dags/example_short_circuit_decorator.py
[2025-06-17T05:19:17.222+0000] {processor.py:914} INFO - Processing file /home/airflow/.local/lib/python3.12/site-packages/airflow/example_dags/example_short_circuit_decorator.py for tasks to queue
[2025-06-17T05:19:17.223+0000] {logging_mixin.py:190} INFO - [2025-06-17T05:19:17.223+0000] {dagbag.py:588} INFO - Filling up the DagBag from /home/airflow/.local/lib/python3.12/site-packages/airflow/example_dags/example_short_circuit_decorator.py
[2025-06-17T05:19:17.233+0000] {processor.py:925} INFO - DAG(s) 'example_short_circuit_decorator' retrieved from /home/airflow/.local/lib/python3.12/site-packages/airflow/example_dags/example_short_circuit_decorator.py
[2025-06-17T05:19:17.254+0000] {logging_mixin.py:190} INFO - [2025-06-17T05:19:17.254+0000] {dag.py:3239} INFO - Sync 1 DAGs
[2025-06-17T05:19:17.268+0000] {logging_mixin.py:190} INFO - [2025-06-17T05:19:17.267+0000] {dag.py:4180} INFO - Setting next_dagrun for example_short_circuit_decorator to None, run_after=None
[2025-06-17T05:19:17.286+0000] {processor.py:208} INFO - Processing /home/airflow/.local/lib/python3.12/site-packages/airflow/example_dags/example_short_circuit_decorator.py took 0.069 seconds
[2025-06-17T05:19:48.033+0000] {processor.py:186} INFO - Started process (PID=173) to work on /home/airflow/.local/lib/python3.12/site-packages/airflow/example_dags/example_short_circuit_decorator.py
[2025-06-17T05:19:48.034+0000] {processor.py:914} INFO - Processing file /home/airflow/.local/lib/python3.12/site-packages/airflow/example_dags/example_short_circuit_decorator.py for tasks to queue
[2025-06-17T05:19:48.035+0000] {logging_mixin.py:190} INFO - [2025-06-17T05:19:48.035+0000] {dagbag.py:588} INFO - Filling up the DagBag from /home/airflow/.local/lib/python3.12/site-packages/airflow/example_dags/example_short_circuit_decorator.py
[2025-06-17T05:19:48.044+0000] {processor.py:925} INFO - DAG(s) 'example_short_circuit_decorator' retrieved from /home/airflow/.local/lib/python3.12/site-packages/airflow/example_dags/example_short_circuit_decorator.py
[2025-06-17T05:19:48.062+0000] {logging_mixin.py:190} INFO - [2025-06-17T05:19:48.062+0000] {dag.py:3239} INFO - Sync 1 DAGs
[2025-06-17T05:19:48.075+0000] {logging_mixin.py:190} INFO - [2025-06-17T05:19:48.075+0000] {dag.py:4180} INFO - Setting next_dagrun for example_short_circuit_decorator to None, run_after=None
[2025-06-17T05:19:48.091+0000] {processor.py:208} INFO - Processing /home/airflow/.local/lib/python3.12/site-packages/airflow/example_dags/example_short_circuit_decorator.py took 0.063 seconds
[2025-06-17T05:21:36.060+0000] {processor.py:186} INFO - Started process (PID=110) to work on /home/airflow/.local/lib/python3.12/site-packages/airflow/example_dags/example_short_circuit_decorator.py
[2025-06-17T05:21:36.061+0000] {processor.py:914} INFO - Processing file /home/airflow/.local/lib/python3.12/site-packages/airflow/example_dags/example_short_circuit_decorator.py for tasks to queue
[2025-06-17T05:21:36.062+0000] {logging_mixin.py:190} INFO - [2025-06-17T05:21:36.062+0000] {dagbag.py:588} INFO - Filling up the DagBag from /home/airflow/.local/lib/python3.12/site-packages/airflow/example_dags/example_short_circuit_decorator.py
[2025-06-17T05:21:36.072+0000] {processor.py:925} INFO - DAG(s) 'example_short_circuit_decorator' retrieved from /home/airflow/.local/lib/python3.12/site-packages/airflow/example_dags/example_short_circuit_decorator.py
[2025-06-17T05:21:36.091+0000] {logging_mixin.py:190} INFO - [2025-06-17T05:21:36.091+0000] {dag.py:3239} INFO - Sync 1 DAGs
[2025-06-17T05:21:36.103+0000] {logging_mixin.py:190} INFO - [2025-06-17T05:21:36.103+0000] {dag.py:4180} INFO - Setting next_dagrun for example_short_circuit_decorator to None, run_after=None
[2025-06-17T05:21:36.120+0000] {processor.py:208} INFO - Processing /home/airflow/.local/lib/python3.12/site-packages/airflow/example_dags/example_short_circuit_decorator.py took 0.064 seconds
[2025-06-17T05:22:06.965+0000] {processor.py:186} INFO - Started process (PID=173) to work on /home/airflow/.local/lib/python3.12/site-packages/airflow/example_dags/example_short_circuit_decorator.py
[2025-06-17T05:22:06.965+0000] {processor.py:914} INFO - Processing file /home/airflow/.local/lib/python3.12/site-packages/airflow/example_dags/example_short_circuit_decorator.py for tasks to queue
[2025-06-17T05:22:06.966+0000] {logging_mixin.py:190} INFO - [2025-06-17T05:22:06.966+0000] {dagbag.py:588} INFO - Filling up the DagBag from /home/airflow/.local/lib/python3.12/site-packages/airflow/example_dags/example_short_circuit_decorator.py
[2025-06-17T05:22:06.974+0000] {processor.py:925} INFO - DAG(s) 'example_short_circuit_decorator' retrieved from /home/airflow/.local/lib/python3.12/site-packages/airflow/example_dags/example_short_circuit_decorator.py
[2025-06-17T05:22:06.990+0000] {logging_mixin.py:190} INFO - [2025-06-17T05:22:06.990+0000] {dag.py:3239} INFO - Sync 1 DAGs
[2025-06-17T05:22:07.002+0000] {logging_mixin.py:190} INFO - [2025-06-17T05:22:07.002+0000] {dag.py:4180} INFO - Setting next_dagrun for example_short_circuit_decorator to None, run_after=None
[2025-06-17T05:22:07.018+0000] {processor.py:208} INFO - Processing /home/airflow/.local/lib/python3.12/site-packages/airflow/example_dags/example_short_circuit_decorator.py took 0.058 seconds
[2025-06-17T05:22:37.866+0000] {processor.py:186} INFO - Started process (PID=236) to work on /home/airflow/.local/lib/python3.12/site-packages/airflow/example_dags/example_short_circuit_decorator.py
[2025-06-17T05:22:37.866+0000] {processor.py:914} INFO - Processing file /home/airflow/.local/lib/python3.12/site-packages/airflow/example_dags/example_short_circuit_decorator.py for tasks to queue
[2025-06-17T05:22:37.868+0000] {logging_mixin.py:190} INFO - [2025-06-17T05:22:37.867+0000] {dagbag.py:588} INFO - Filling up the DagBag from /home/airflow/.local/lib/python3.12/site-packages/airflow/example_dags/example_short_circuit_decorator.py
[2025-06-17T05:22:37.880+0000] {processor.py:925} INFO - DAG(s) 'example_short_circuit_decorator' retrieved from /home/airflow/.local/lib/python3.12/site-packages/airflow/example_dags/example_short_circuit_decorator.py
[2025-06-17T05:22:37.907+0000] {logging_mixin.py:190} INFO - [2025-06-17T05:22:37.906+0000] {dag.py:3239} INFO - Sync 1 DAGs
[2025-06-17T05:22:37.929+0000] {logging_mixin.py:190} INFO - [2025-06-17T05:22:37.928+0000] {dag.py:4180} INFO - Setting next_dagrun for example_short_circuit_decorator to None, run_after=None
[2025-06-17T05:22:37.949+0000] {processor.py:208} INFO - Processing /home/airflow/.local/lib/python3.12/site-packages/airflow/example_dags/example_short_circuit_decorator.py took 0.088 seconds
[2025-06-17T05:23:08.650+0000] {processor.py:186} INFO - Started process (PID=299) to work on /home/airflow/.local/lib/python3.12/site-packages/airflow/example_dags/example_short_circuit_decorator.py
[2025-06-17T05:23:08.650+0000] {processor.py:914} INFO - Processing file /home/airflow/.local/lib/python3.12/site-packages/airflow/example_dags/example_short_circuit_decorator.py for tasks to queue
[2025-06-17T05:23:08.651+0000] {logging_mixin.py:190} INFO - [2025-06-17T05:23:08.651+0000] {dagbag.py:588} INFO - Filling up the DagBag from /home/airflow/.local/lib/python3.12/site-packages/airflow/example_dags/example_short_circuit_decorator.py
[2025-06-17T05:23:08.659+0000] {processor.py:925} INFO - DAG(s) 'example_short_circuit_decorator' retrieved from /home/airflow/.local/lib/python3.12/site-packages/airflow/example_dags/example_short_circuit_decorator.py
[2025-06-17T05:23:08.676+0000] {logging_mixin.py:190} INFO - [2025-06-17T05:23:08.676+0000] {dag.py:3239} INFO - Sync 1 DAGs
[2025-06-17T05:23:08.688+0000] {logging_mixin.py:190} INFO - [2025-06-17T05:23:08.688+0000] {dag.py:4180} INFO - Setting next_dagrun for example_short_circuit_decorator to None, run_after=None
[2025-06-17T05:23:08.704+0000] {processor.py:208} INFO - Processing /home/airflow/.local/lib/python3.12/site-packages/airflow/example_dags/example_short_circuit_decorator.py took 0.058 seconds
[2025-06-17T05:23:39.861+0000] {processor.py:186} INFO - Started process (PID=362) to work on /home/airflow/.local/lib/python3.12/site-packages/airflow/example_dags/example_short_circuit_decorator.py
[2025-06-17T05:23:39.861+0000] {processor.py:914} INFO - Processing file /home/airflow/.local/lib/python3.12/site-packages/airflow/example_dags/example_short_circuit_decorator.py for tasks to queue
[2025-06-17T05:23:39.862+0000] {logging_mixin.py:190} INFO - [2025-06-17T05:23:39.862+0000] {dagbag.py:588} INFO - Filling up the DagBag from /home/airflow/.local/lib/python3.12/site-packages/airflow/example_dags/example_short_circuit_decorator.py
[2025-06-17T05:23:39.869+0000] {processor.py:925} INFO - DAG(s) 'example_short_circuit_decorator' retrieved from /home/airflow/.local/lib/python3.12/site-packages/airflow/example_dags/example_short_circuit_decorator.py
[2025-06-17T05:23:39.887+0000] {logging_mixin.py:190} INFO - [2025-06-17T05:23:39.886+0000] {dag.py:3239} INFO - Sync 1 DAGs
[2025-06-17T05:23:39.897+0000] {logging_mixin.py:190} INFO - [2025-06-17T05:23:39.897+0000] {dag.py:4180} INFO - Setting next_dagrun for example_short_circuit_decorator to None, run_after=None
[2025-06-17T05:23:39.912+0000] {processor.py:208} INFO - Processing /home/airflow/.local/lib/python3.12/site-packages/airflow/example_dags/example_short_circuit_decorator.py took 0.056 seconds
