[2025-06-17T05:01:23.901+0000] {processor.py:186} INFO - Started process (PID=60) to work on /home/airflow/.local/lib/python3.12/site-packages/airflow/example_dags/example_params_trigger_ui.py
[2025-06-17T05:01:23.901+0000] {processor.py:914} INFO - Processing file /home/airflow/.local/lib/python3.12/site-packages/airflow/example_dags/example_params_trigger_ui.py for tasks to queue
[2025-06-17T05:01:23.902+0000] {logging_mixin.py:190} INFO - [2025-06-17T05:01:23.902+0000] {dagbag.py:588} INFO - Filling up the DagBag from /home/airflow/.local/lib/python3.12/site-packages/airflow/example_dags/example_params_trigger_ui.py
[2025-06-17T05:01:23.913+0000] {processor.py:925} INFO - DAG(s) 'example_params_trigger_ui' retrieved from /home/airflow/.local/lib/python3.12/site-packages/airflow/example_dags/example_params_trigger_ui.py
[2025-06-17T05:01:24.027+0000] {logging_mixin.py:190} INFO - [2025-06-17T05:01:24.027+0000] {override.py:1912} INFO - Created Permission View: can read on DAG:example_params_trigger_ui
[2025-06-17T05:01:24.036+0000] {logging_mixin.py:190} INFO - [2025-06-17T05:01:24.036+0000] {override.py:1912} INFO - Created Permission View: can edit on DAG:example_params_trigger_ui
[2025-06-17T05:01:24.043+0000] {logging_mixin.py:190} INFO - [2025-06-17T05:01:24.042+0000] {override.py:1912} INFO - Created Permission View: can delete on DAG:example_params_trigger_ui
[2025-06-17T05:01:24.051+0000] {logging_mixin.py:190} INFO - [2025-06-17T05:01:24.051+0000] {override.py:1912} INFO - Created Permission View: menu access on DAG Run:example_params_trigger_ui
[2025-06-17T05:01:24.058+0000] {logging_mixin.py:190} INFO - [2025-06-17T05:01:24.058+0000] {override.py:1912} INFO - Created Permission View: can create on DAG Run:example_params_trigger_ui
[2025-06-17T05:01:24.066+0000] {logging_mixin.py:190} INFO - [2025-06-17T05:01:24.066+0000] {override.py:1912} INFO - Created Permission View: can read on DAG Run:example_params_trigger_ui
[2025-06-17T05:01:24.074+0000] {logging_mixin.py:190} INFO - [2025-06-17T05:01:24.074+0000] {override.py:1912} INFO - Created Permission View: can delete on DAG Run:example_params_trigger_ui
[2025-06-17T05:01:24.074+0000] {logging_mixin.py:190} INFO - [2025-06-17T05:01:24.074+0000] {dag.py:3239} INFO - Sync 1 DAGs
[2025-06-17T05:01:24.085+0000] {logging_mixin.py:190} INFO - [2025-06-17T05:01:24.085+0000] {dag.py:3262} INFO - Creating ORM DAG for example_params_trigger_ui
[2025-06-17T05:01:24.086+0000] {logging_mixin.py:190} INFO - [2025-06-17T05:01:24.085+0000] {dag.py:4180} INFO - Setting next_dagrun for example_params_trigger_ui to None, run_after=None
[2025-06-17T05:01:24.100+0000] {processor.py:208} INFO - Processing /home/airflow/.local/lib/python3.12/site-packages/airflow/example_dags/example_params_trigger_ui.py took 0.203 seconds
[2025-06-17T05:01:54.749+0000] {processor.py:186} INFO - Started process (PID=123) to work on /home/airflow/.local/lib/python3.12/site-packages/airflow/example_dags/example_params_trigger_ui.py
[2025-06-17T05:01:54.750+0000] {processor.py:914} INFO - Processing file /home/airflow/.local/lib/python3.12/site-packages/airflow/example_dags/example_params_trigger_ui.py for tasks to queue
[2025-06-17T05:01:54.751+0000] {logging_mixin.py:190} INFO - [2025-06-17T05:01:54.751+0000] {dagbag.py:588} INFO - Filling up the DagBag from /home/airflow/.local/lib/python3.12/site-packages/airflow/example_dags/example_params_trigger_ui.py
[2025-06-17T05:01:54.761+0000] {processor.py:925} INFO - DAG(s) 'example_params_trigger_ui' retrieved from /home/airflow/.local/lib/python3.12/site-packages/airflow/example_dags/example_params_trigger_ui.py
[2025-06-17T05:01:54.793+0000] {logging_mixin.py:190} INFO - [2025-06-17T05:01:54.793+0000] {dag.py:3239} INFO - Sync 1 DAGs
[2025-06-17T05:01:54.804+0000] {logging_mixin.py:190} INFO - [2025-06-17T05:01:54.804+0000] {dag.py:4180} INFO - Setting next_dagrun for example_params_trigger_ui to None, run_after=None
[2025-06-17T05:01:54.818+0000] {processor.py:208} INFO - Processing /home/airflow/.local/lib/python3.12/site-packages/airflow/example_dags/example_params_trigger_ui.py took 0.072 seconds
[2025-06-17T05:02:25.660+0000] {processor.py:186} INFO - Started process (PID=186) to work on /home/airflow/.local/lib/python3.12/site-packages/airflow/example_dags/example_params_trigger_ui.py
[2025-06-17T05:02:25.660+0000] {processor.py:914} INFO - Processing file /home/airflow/.local/lib/python3.12/site-packages/airflow/example_dags/example_params_trigger_ui.py for tasks to queue
[2025-06-17T05:02:25.661+0000] {logging_mixin.py:190} INFO - [2025-06-17T05:02:25.661+0000] {dagbag.py:588} INFO - Filling up the DagBag from /home/airflow/.local/lib/python3.12/site-packages/airflow/example_dags/example_params_trigger_ui.py
[2025-06-17T05:02:25.670+0000] {processor.py:925} INFO - DAG(s) 'example_params_trigger_ui' retrieved from /home/airflow/.local/lib/python3.12/site-packages/airflow/example_dags/example_params_trigger_ui.py
[2025-06-17T05:02:25.702+0000] {logging_mixin.py:190} INFO - [2025-06-17T05:02:25.702+0000] {dag.py:3239} INFO - Sync 1 DAGs
[2025-06-17T05:02:25.714+0000] {logging_mixin.py:190} INFO - [2025-06-17T05:02:25.714+0000] {dag.py:4180} INFO - Setting next_dagrun for example_params_trigger_ui to None, run_after=None
[2025-06-17T05:02:25.731+0000] {processor.py:208} INFO - Processing /home/airflow/.local/lib/python3.12/site-packages/airflow/example_dags/example_params_trigger_ui.py took 0.076 seconds
[2025-06-17T05:06:03.938+0000] {processor.py:186} INFO - Started process (PID=62) to work on /home/airflow/.local/lib/python3.12/site-packages/airflow/example_dags/example_params_trigger_ui.py
[2025-06-17T05:06:03.939+0000] {processor.py:914} INFO - Processing file /home/airflow/.local/lib/python3.12/site-packages/airflow/example_dags/example_params_trigger_ui.py for tasks to queue
[2025-06-17T05:06:03.940+0000] {logging_mixin.py:190} INFO - [2025-06-17T05:06:03.940+0000] {dagbag.py:588} INFO - Filling up the DagBag from /home/airflow/.local/lib/python3.12/site-packages/airflow/example_dags/example_params_trigger_ui.py
[2025-06-17T05:06:03.955+0000] {processor.py:925} INFO - DAG(s) 'example_params_trigger_ui' retrieved from /home/airflow/.local/lib/python3.12/site-packages/airflow/example_dags/example_params_trigger_ui.py
[2025-06-17T05:06:03.996+0000] {logging_mixin.py:190} INFO - [2025-06-17T05:06:03.996+0000] {dag.py:3239} INFO - Sync 1 DAGs
[2025-06-17T05:06:04.007+0000] {logging_mixin.py:190} INFO - [2025-06-17T05:06:04.007+0000] {dag.py:4180} INFO - Setting next_dagrun for example_params_trigger_ui to None, run_after=None
[2025-06-17T05:06:04.023+0000] {processor.py:208} INFO - Processing /home/airflow/.local/lib/python3.12/site-packages/airflow/example_dags/example_params_trigger_ui.py took 0.090 seconds
[2025-06-17T05:06:34.936+0000] {processor.py:186} INFO - Started process (PID=125) to work on /home/airflow/.local/lib/python3.12/site-packages/airflow/example_dags/example_params_trigger_ui.py
[2025-06-17T05:06:34.937+0000] {processor.py:914} INFO - Processing file /home/airflow/.local/lib/python3.12/site-packages/airflow/example_dags/example_params_trigger_ui.py for tasks to queue
[2025-06-17T05:06:34.938+0000] {logging_mixin.py:190} INFO - [2025-06-17T05:06:34.938+0000] {dagbag.py:588} INFO - Filling up the DagBag from /home/airflow/.local/lib/python3.12/site-packages/airflow/example_dags/example_params_trigger_ui.py
[2025-06-17T05:06:34.951+0000] {processor.py:925} INFO - DAG(s) 'example_params_trigger_ui' retrieved from /home/airflow/.local/lib/python3.12/site-packages/airflow/example_dags/example_params_trigger_ui.py
[2025-06-17T05:06:34.985+0000] {logging_mixin.py:190} INFO - [2025-06-17T05:06:34.985+0000] {dag.py:3239} INFO - Sync 1 DAGs
[2025-06-17T05:06:34.997+0000] {logging_mixin.py:190} INFO - [2025-06-17T05:06:34.997+0000] {dag.py:4180} INFO - Setting next_dagrun for example_params_trigger_ui to None, run_after=None
[2025-06-17T05:06:35.011+0000] {processor.py:208} INFO - Processing /home/airflow/.local/lib/python3.12/site-packages/airflow/example_dags/example_params_trigger_ui.py took 0.080 seconds
[2025-06-17T05:08:57.423+0000] {processor.py:186} INFO - Started process (PID=60) to work on /home/airflow/.local/lib/python3.12/site-packages/airflow/example_dags/example_params_trigger_ui.py
[2025-06-17T05:08:57.424+0000] {processor.py:914} INFO - Processing file /home/airflow/.local/lib/python3.12/site-packages/airflow/example_dags/example_params_trigger_ui.py for tasks to queue
[2025-06-17T05:08:57.425+0000] {logging_mixin.py:190} INFO - [2025-06-17T05:08:57.425+0000] {dagbag.py:588} INFO - Filling up the DagBag from /home/airflow/.local/lib/python3.12/site-packages/airflow/example_dags/example_params_trigger_ui.py
[2025-06-17T05:08:57.443+0000] {processor.py:925} INFO - DAG(s) 'example_params_trigger_ui' retrieved from /home/airflow/.local/lib/python3.12/site-packages/airflow/example_dags/example_params_trigger_ui.py
[2025-06-17T05:08:57.497+0000] {logging_mixin.py:190} INFO - [2025-06-17T05:08:57.496+0000] {dag.py:3239} INFO - Sync 1 DAGs
[2025-06-17T05:08:57.514+0000] {logging_mixin.py:190} INFO - [2025-06-17T05:08:57.514+0000] {dag.py:4180} INFO - Setting next_dagrun for example_params_trigger_ui to None, run_after=None
[2025-06-17T05:08:57.538+0000] {processor.py:208} INFO - Processing /home/airflow/.local/lib/python3.12/site-packages/airflow/example_dags/example_params_trigger_ui.py took 0.120 seconds
[2025-06-17T05:09:27.605+0000] {processor.py:186} INFO - Started process (PID=123) to work on /home/airflow/.local/lib/python3.12/site-packages/airflow/example_dags/example_params_trigger_ui.py
[2025-06-17T05:09:27.606+0000] {processor.py:914} INFO - Processing file /home/airflow/.local/lib/python3.12/site-packages/airflow/example_dags/example_params_trigger_ui.py for tasks to queue
[2025-06-17T05:09:27.607+0000] {logging_mixin.py:190} INFO - [2025-06-17T05:09:27.607+0000] {dagbag.py:588} INFO - Filling up the DagBag from /home/airflow/.local/lib/python3.12/site-packages/airflow/example_dags/example_params_trigger_ui.py
[2025-06-17T05:09:27.620+0000] {processor.py:925} INFO - DAG(s) 'example_params_trigger_ui' retrieved from /home/airflow/.local/lib/python3.12/site-packages/airflow/example_dags/example_params_trigger_ui.py
[2025-06-17T05:09:27.678+0000] {logging_mixin.py:190} INFO - [2025-06-17T05:09:27.678+0000] {dag.py:3239} INFO - Sync 1 DAGs
[2025-06-17T05:09:27.694+0000] {logging_mixin.py:190} INFO - [2025-06-17T05:09:27.693+0000] {dag.py:4180} INFO - Setting next_dagrun for example_params_trigger_ui to None, run_after=None
[2025-06-17T05:09:27.713+0000] {processor.py:208} INFO - Processing /home/airflow/.local/lib/python3.12/site-packages/airflow/example_dags/example_params_trigger_ui.py took 0.113 seconds
[2025-06-17T05:09:58.219+0000] {processor.py:186} INFO - Started process (PID=192) to work on /home/airflow/.local/lib/python3.12/site-packages/airflow/example_dags/example_params_trigger_ui.py
[2025-06-17T05:09:58.219+0000] {processor.py:914} INFO - Processing file /home/airflow/.local/lib/python3.12/site-packages/airflow/example_dags/example_params_trigger_ui.py for tasks to queue
[2025-06-17T05:09:58.220+0000] {logging_mixin.py:190} INFO - [2025-06-17T05:09:58.220+0000] {dagbag.py:588} INFO - Filling up the DagBag from /home/airflow/.local/lib/python3.12/site-packages/airflow/example_dags/example_params_trigger_ui.py
[2025-06-17T05:09:58.229+0000] {processor.py:925} INFO - DAG(s) 'example_params_trigger_ui' retrieved from /home/airflow/.local/lib/python3.12/site-packages/airflow/example_dags/example_params_trigger_ui.py
[2025-06-17T05:09:58.262+0000] {logging_mixin.py:190} INFO - [2025-06-17T05:09:58.262+0000] {dag.py:3239} INFO - Sync 1 DAGs
[2025-06-17T05:09:58.274+0000] {logging_mixin.py:190} INFO - [2025-06-17T05:09:58.274+0000] {dag.py:4180} INFO - Setting next_dagrun for example_params_trigger_ui to None, run_after=None
[2025-06-17T05:09:58.290+0000] {processor.py:208} INFO - Processing /home/airflow/.local/lib/python3.12/site-packages/airflow/example_dags/example_params_trigger_ui.py took 0.076 seconds
[2025-06-17T05:10:28.477+0000] {processor.py:186} INFO - Started process (PID=255) to work on /home/airflow/.local/lib/python3.12/site-packages/airflow/example_dags/example_params_trigger_ui.py
[2025-06-17T05:10:28.478+0000] {processor.py:914} INFO - Processing file /home/airflow/.local/lib/python3.12/site-packages/airflow/example_dags/example_params_trigger_ui.py for tasks to queue
[2025-06-17T05:10:28.479+0000] {logging_mixin.py:190} INFO - [2025-06-17T05:10:28.479+0000] {dagbag.py:588} INFO - Filling up the DagBag from /home/airflow/.local/lib/python3.12/site-packages/airflow/example_dags/example_params_trigger_ui.py
[2025-06-17T05:10:28.488+0000] {processor.py:925} INFO - DAG(s) 'example_params_trigger_ui' retrieved from /home/airflow/.local/lib/python3.12/site-packages/airflow/example_dags/example_params_trigger_ui.py
[2025-06-17T05:10:28.522+0000] {logging_mixin.py:190} INFO - [2025-06-17T05:10:28.522+0000] {dag.py:3239} INFO - Sync 1 DAGs
[2025-06-17T05:10:28.536+0000] {logging_mixin.py:190} INFO - [2025-06-17T05:10:28.536+0000] {dag.py:4180} INFO - Setting next_dagrun for example_params_trigger_ui to None, run_after=None
[2025-06-17T05:10:28.551+0000] {processor.py:208} INFO - Processing /home/airflow/.local/lib/python3.12/site-packages/airflow/example_dags/example_params_trigger_ui.py took 0.077 seconds
[2025-06-17T05:10:58.786+0000] {processor.py:186} INFO - Started process (PID=318) to work on /home/airflow/.local/lib/python3.12/site-packages/airflow/example_dags/example_params_trigger_ui.py
[2025-06-17T05:10:58.787+0000] {processor.py:914} INFO - Processing file /home/airflow/.local/lib/python3.12/site-packages/airflow/example_dags/example_params_trigger_ui.py for tasks to queue
[2025-06-17T05:10:58.788+0000] {logging_mixin.py:190} INFO - [2025-06-17T05:10:58.788+0000] {dagbag.py:588} INFO - Filling up the DagBag from /home/airflow/.local/lib/python3.12/site-packages/airflow/example_dags/example_params_trigger_ui.py
[2025-06-17T05:10:58.797+0000] {processor.py:925} INFO - DAG(s) 'example_params_trigger_ui' retrieved from /home/airflow/.local/lib/python3.12/site-packages/airflow/example_dags/example_params_trigger_ui.py
[2025-06-17T05:10:58.828+0000] {logging_mixin.py:190} INFO - [2025-06-17T05:10:58.828+0000] {dag.py:3239} INFO - Sync 1 DAGs
[2025-06-17T05:10:58.839+0000] {logging_mixin.py:190} INFO - [2025-06-17T05:10:58.839+0000] {dag.py:4180} INFO - Setting next_dagrun for example_params_trigger_ui to None, run_after=None
[2025-06-17T05:10:58.854+0000] {processor.py:208} INFO - Processing /home/airflow/.local/lib/python3.12/site-packages/airflow/example_dags/example_params_trigger_ui.py took 0.072 seconds
[2025-06-17T05:11:29.512+0000] {processor.py:186} INFO - Started process (PID=381) to work on /home/airflow/.local/lib/python3.12/site-packages/airflow/example_dags/example_params_trigger_ui.py
[2025-06-17T05:11:29.512+0000] {processor.py:914} INFO - Processing file /home/airflow/.local/lib/python3.12/site-packages/airflow/example_dags/example_params_trigger_ui.py for tasks to queue
[2025-06-17T05:11:29.513+0000] {logging_mixin.py:190} INFO - [2025-06-17T05:11:29.513+0000] {dagbag.py:588} INFO - Filling up the DagBag from /home/airflow/.local/lib/python3.12/site-packages/airflow/example_dags/example_params_trigger_ui.py
[2025-06-17T05:11:29.523+0000] {processor.py:925} INFO - DAG(s) 'example_params_trigger_ui' retrieved from /home/airflow/.local/lib/python3.12/site-packages/airflow/example_dags/example_params_trigger_ui.py
[2025-06-17T05:11:29.553+0000] {logging_mixin.py:190} INFO - [2025-06-17T05:11:29.553+0000] {dag.py:3239} INFO - Sync 1 DAGs
[2025-06-17T05:11:29.566+0000] {logging_mixin.py:190} INFO - [2025-06-17T05:11:29.566+0000] {dag.py:4180} INFO - Setting next_dagrun for example_params_trigger_ui to None, run_after=None
[2025-06-17T05:11:29.580+0000] {processor.py:208} INFO - Processing /home/airflow/.local/lib/python3.12/site-packages/airflow/example_dags/example_params_trigger_ui.py took 0.073 seconds
[2025-06-17T05:12:00.591+0000] {processor.py:186} INFO - Started process (PID=444) to work on /home/airflow/.local/lib/python3.12/site-packages/airflow/example_dags/example_params_trigger_ui.py
[2025-06-17T05:12:00.591+0000] {processor.py:914} INFO - Processing file /home/airflow/.local/lib/python3.12/site-packages/airflow/example_dags/example_params_trigger_ui.py for tasks to queue
[2025-06-17T05:12:00.592+0000] {logging_mixin.py:190} INFO - [2025-06-17T05:12:00.592+0000] {dagbag.py:588} INFO - Filling up the DagBag from /home/airflow/.local/lib/python3.12/site-packages/airflow/example_dags/example_params_trigger_ui.py
[2025-06-17T05:12:00.603+0000] {processor.py:925} INFO - DAG(s) 'example_params_trigger_ui' retrieved from /home/airflow/.local/lib/python3.12/site-packages/airflow/example_dags/example_params_trigger_ui.py
[2025-06-17T05:12:00.635+0000] {logging_mixin.py:190} INFO - [2025-06-17T05:12:00.635+0000] {dag.py:3239} INFO - Sync 1 DAGs
[2025-06-17T05:12:00.646+0000] {logging_mixin.py:190} INFO - [2025-06-17T05:12:00.646+0000] {dag.py:4180} INFO - Setting next_dagrun for example_params_trigger_ui to None, run_after=None
[2025-06-17T05:12:00.660+0000] {processor.py:208} INFO - Processing /home/airflow/.local/lib/python3.12/site-packages/airflow/example_dags/example_params_trigger_ui.py took 0.074 seconds
[2025-06-17T05:12:31.217+0000] {processor.py:186} INFO - Started process (PID=507) to work on /home/airflow/.local/lib/python3.12/site-packages/airflow/example_dags/example_params_trigger_ui.py
[2025-06-17T05:12:31.218+0000] {processor.py:914} INFO - Processing file /home/airflow/.local/lib/python3.12/site-packages/airflow/example_dags/example_params_trigger_ui.py for tasks to queue
[2025-06-17T05:12:31.219+0000] {logging_mixin.py:190} INFO - [2025-06-17T05:12:31.219+0000] {dagbag.py:588} INFO - Filling up the DagBag from /home/airflow/.local/lib/python3.12/site-packages/airflow/example_dags/example_params_trigger_ui.py
[2025-06-17T05:12:31.229+0000] {processor.py:925} INFO - DAG(s) 'example_params_trigger_ui' retrieved from /home/airflow/.local/lib/python3.12/site-packages/airflow/example_dags/example_params_trigger_ui.py
[2025-06-17T05:12:31.259+0000] {logging_mixin.py:190} INFO - [2025-06-17T05:12:31.258+0000] {dag.py:3239} INFO - Sync 1 DAGs
[2025-06-17T05:12:31.270+0000] {logging_mixin.py:190} INFO - [2025-06-17T05:12:31.270+0000] {dag.py:4180} INFO - Setting next_dagrun for example_params_trigger_ui to None, run_after=None
[2025-06-17T05:12:31.286+0000] {processor.py:208} INFO - Processing /home/airflow/.local/lib/python3.12/site-packages/airflow/example_dags/example_params_trigger_ui.py took 0.073 seconds
[2025-06-17T05:13:01.743+0000] {processor.py:186} INFO - Started process (PID=570) to work on /home/airflow/.local/lib/python3.12/site-packages/airflow/example_dags/example_params_trigger_ui.py
[2025-06-17T05:13:01.744+0000] {processor.py:914} INFO - Processing file /home/airflow/.local/lib/python3.12/site-packages/airflow/example_dags/example_params_trigger_ui.py for tasks to queue
[2025-06-17T05:13:01.745+0000] {logging_mixin.py:190} INFO - [2025-06-17T05:13:01.744+0000] {dagbag.py:588} INFO - Filling up the DagBag from /home/airflow/.local/lib/python3.12/site-packages/airflow/example_dags/example_params_trigger_ui.py
[2025-06-17T05:13:01.754+0000] {processor.py:925} INFO - DAG(s) 'example_params_trigger_ui' retrieved from /home/airflow/.local/lib/python3.12/site-packages/airflow/example_dags/example_params_trigger_ui.py
[2025-06-17T05:13:01.783+0000] {logging_mixin.py:190} INFO - [2025-06-17T05:13:01.783+0000] {dag.py:3239} INFO - Sync 1 DAGs
[2025-06-17T05:13:01.795+0000] {logging_mixin.py:190} INFO - [2025-06-17T05:13:01.794+0000] {dag.py:4180} INFO - Setting next_dagrun for example_params_trigger_ui to None, run_after=None
[2025-06-17T05:13:01.809+0000] {processor.py:208} INFO - Processing /home/airflow/.local/lib/python3.12/site-packages/airflow/example_dags/example_params_trigger_ui.py took 0.070 seconds
[2025-06-17T05:13:32.486+0000] {processor.py:186} INFO - Started process (PID=634) to work on /home/airflow/.local/lib/python3.12/site-packages/airflow/example_dags/example_params_trigger_ui.py
[2025-06-17T05:13:32.487+0000] {processor.py:914} INFO - Processing file /home/airflow/.local/lib/python3.12/site-packages/airflow/example_dags/example_params_trigger_ui.py for tasks to queue
[2025-06-17T05:13:32.488+0000] {logging_mixin.py:190} INFO - [2025-06-17T05:13:32.488+0000] {dagbag.py:588} INFO - Filling up the DagBag from /home/airflow/.local/lib/python3.12/site-packages/airflow/example_dags/example_params_trigger_ui.py
[2025-06-17T05:13:32.498+0000] {processor.py:925} INFO - DAG(s) 'example_params_trigger_ui' retrieved from /home/airflow/.local/lib/python3.12/site-packages/airflow/example_dags/example_params_trigger_ui.py
[2025-06-17T05:13:32.532+0000] {logging_mixin.py:190} INFO - [2025-06-17T05:13:32.532+0000] {dag.py:3239} INFO - Sync 1 DAGs
[2025-06-17T05:13:32.545+0000] {logging_mixin.py:190} INFO - [2025-06-17T05:13:32.545+0000] {dag.py:4180} INFO - Setting next_dagrun for example_params_trigger_ui to None, run_after=None
[2025-06-17T05:13:32.559+0000] {processor.py:208} INFO - Processing /home/airflow/.local/lib/python3.12/site-packages/airflow/example_dags/example_params_trigger_ui.py took 0.078 seconds
[2025-06-17T05:14:03.085+0000] {processor.py:186} INFO - Started process (PID=697) to work on /home/airflow/.local/lib/python3.12/site-packages/airflow/example_dags/example_params_trigger_ui.py
[2025-06-17T05:14:03.086+0000] {processor.py:914} INFO - Processing file /home/airflow/.local/lib/python3.12/site-packages/airflow/example_dags/example_params_trigger_ui.py for tasks to queue
[2025-06-17T05:14:03.087+0000] {logging_mixin.py:190} INFO - [2025-06-17T05:14:03.087+0000] {dagbag.py:588} INFO - Filling up the DagBag from /home/airflow/.local/lib/python3.12/site-packages/airflow/example_dags/example_params_trigger_ui.py
[2025-06-17T05:14:03.096+0000] {processor.py:925} INFO - DAG(s) 'example_params_trigger_ui' retrieved from /home/airflow/.local/lib/python3.12/site-packages/airflow/example_dags/example_params_trigger_ui.py
[2025-06-17T05:14:03.126+0000] {logging_mixin.py:190} INFO - [2025-06-17T05:14:03.125+0000] {dag.py:3239} INFO - Sync 1 DAGs
[2025-06-17T05:14:03.136+0000] {logging_mixin.py:190} INFO - [2025-06-17T05:14:03.136+0000] {dag.py:4180} INFO - Setting next_dagrun for example_params_trigger_ui to None, run_after=None
[2025-06-17T05:14:03.149+0000] {processor.py:208} INFO - Processing /home/airflow/.local/lib/python3.12/site-packages/airflow/example_dags/example_params_trigger_ui.py took 0.070 seconds
[2025-06-17T05:17:43.389+0000] {processor.py:186} INFO - Started process (PID=61) to work on /home/airflow/.local/lib/python3.12/site-packages/airflow/example_dags/example_params_trigger_ui.py
[2025-06-17T05:17:43.389+0000] {processor.py:914} INFO - Processing file /home/airflow/.local/lib/python3.12/site-packages/airflow/example_dags/example_params_trigger_ui.py for tasks to queue
[2025-06-17T05:17:43.391+0000] {logging_mixin.py:190} INFO - [2025-06-17T05:17:43.390+0000] {dagbag.py:588} INFO - Filling up the DagBag from /home/airflow/.local/lib/python3.12/site-packages/airflow/example_dags/example_params_trigger_ui.py
[2025-06-17T05:17:43.407+0000] {processor.py:925} INFO - DAG(s) 'example_params_trigger_ui' retrieved from /home/airflow/.local/lib/python3.12/site-packages/airflow/example_dags/example_params_trigger_ui.py
[2025-06-17T05:17:43.569+0000] {logging_mixin.py:190} INFO - [2025-06-17T05:17:43.568+0000] {override.py:1912} INFO - Created Permission View: can read on DAG:example_params_trigger_ui
[2025-06-17T05:17:43.581+0000] {logging_mixin.py:190} INFO - [2025-06-17T05:17:43.580+0000] {override.py:1912} INFO - Created Permission View: can delete on DAG:example_params_trigger_ui
[2025-06-17T05:17:43.589+0000] {logging_mixin.py:190} INFO - [2025-06-17T05:17:43.588+0000] {override.py:1912} INFO - Created Permission View: can edit on DAG:example_params_trigger_ui
[2025-06-17T05:17:43.599+0000] {logging_mixin.py:190} INFO - [2025-06-17T05:17:43.599+0000] {override.py:1912} INFO - Created Permission View: can read on DAG Run:example_params_trigger_ui
[2025-06-17T05:17:43.607+0000] {logging_mixin.py:190} INFO - [2025-06-17T05:17:43.607+0000] {override.py:1912} INFO - Created Permission View: can delete on DAG Run:example_params_trigger_ui
[2025-06-17T05:17:43.616+0000] {logging_mixin.py:190} INFO - [2025-06-17T05:17:43.615+0000] {override.py:1912} INFO - Created Permission View: menu access on DAG Run:example_params_trigger_ui
[2025-06-17T05:17:43.624+0000] {logging_mixin.py:190} INFO - [2025-06-17T05:17:43.624+0000] {override.py:1912} INFO - Created Permission View: can create on DAG Run:example_params_trigger_ui
[2025-06-17T05:17:43.625+0000] {logging_mixin.py:190} INFO - [2025-06-17T05:17:43.624+0000] {dag.py:3239} INFO - Sync 1 DAGs
[2025-06-17T05:17:43.640+0000] {logging_mixin.py:190} INFO - [2025-06-17T05:17:43.639+0000] {dag.py:3262} INFO - Creating ORM DAG for example_params_trigger_ui
[2025-06-17T05:17:43.640+0000] {logging_mixin.py:190} INFO - [2025-06-17T05:17:43.640+0000] {dag.py:4180} INFO - Setting next_dagrun for example_params_trigger_ui to None, run_after=None
[2025-06-17T05:17:43.660+0000] {processor.py:208} INFO - Processing /home/airflow/.local/lib/python3.12/site-packages/airflow/example_dags/example_params_trigger_ui.py took 0.278 seconds
[2025-06-17T05:19:12.088+0000] {processor.py:186} INFO - Started process (PID=61) to work on /home/airflow/.local/lib/python3.12/site-packages/airflow/example_dags/example_params_trigger_ui.py
[2025-06-17T05:19:12.089+0000] {processor.py:914} INFO - Processing file /home/airflow/.local/lib/python3.12/site-packages/airflow/example_dags/example_params_trigger_ui.py for tasks to queue
[2025-06-17T05:19:12.090+0000] {logging_mixin.py:190} INFO - [2025-06-17T05:19:12.090+0000] {dagbag.py:588} INFO - Filling up the DagBag from /home/airflow/.local/lib/python3.12/site-packages/airflow/example_dags/example_params_trigger_ui.py
[2025-06-17T05:19:12.105+0000] {processor.py:925} INFO - DAG(s) 'example_params_trigger_ui' retrieved from /home/airflow/.local/lib/python3.12/site-packages/airflow/example_dags/example_params_trigger_ui.py
[2025-06-17T05:19:12.150+0000] {logging_mixin.py:190} INFO - [2025-06-17T05:19:12.149+0000] {dag.py:3239} INFO - Sync 1 DAGs
[2025-06-17T05:19:12.161+0000] {logging_mixin.py:190} INFO - [2025-06-17T05:19:12.161+0000] {dag.py:4180} INFO - Setting next_dagrun for example_params_trigger_ui to None, run_after=None
[2025-06-17T05:19:12.178+0000] {processor.py:208} INFO - Processing /home/airflow/.local/lib/python3.12/site-packages/airflow/example_dags/example_params_trigger_ui.py took 0.096 seconds
[2025-06-17T05:19:42.876+0000] {processor.py:186} INFO - Started process (PID=124) to work on /home/airflow/.local/lib/python3.12/site-packages/airflow/example_dags/example_params_trigger_ui.py
[2025-06-17T05:19:42.876+0000] {processor.py:914} INFO - Processing file /home/airflow/.local/lib/python3.12/site-packages/airflow/example_dags/example_params_trigger_ui.py for tasks to queue
[2025-06-17T05:19:42.877+0000] {logging_mixin.py:190} INFO - [2025-06-17T05:19:42.877+0000] {dagbag.py:588} INFO - Filling up the DagBag from /home/airflow/.local/lib/python3.12/site-packages/airflow/example_dags/example_params_trigger_ui.py
[2025-06-17T05:19:42.888+0000] {processor.py:925} INFO - DAG(s) 'example_params_trigger_ui' retrieved from /home/airflow/.local/lib/python3.12/site-packages/airflow/example_dags/example_params_trigger_ui.py
[2025-06-17T05:19:42.921+0000] {logging_mixin.py:190} INFO - [2025-06-17T05:19:42.921+0000] {dag.py:3239} INFO - Sync 1 DAGs
[2025-06-17T05:19:42.933+0000] {logging_mixin.py:190} INFO - [2025-06-17T05:19:42.933+0000] {dag.py:4180} INFO - Setting next_dagrun for example_params_trigger_ui to None, run_after=None
[2025-06-17T05:19:42.950+0000] {processor.py:208} INFO - Processing /home/airflow/.local/lib/python3.12/site-packages/airflow/example_dags/example_params_trigger_ui.py took 0.079 seconds
[2025-06-17T05:21:31.140+0000] {processor.py:186} INFO - Started process (PID=61) to work on /home/airflow/.local/lib/python3.12/site-packages/airflow/example_dags/example_params_trigger_ui.py
[2025-06-17T05:21:31.141+0000] {processor.py:914} INFO - Processing file /home/airflow/.local/lib/python3.12/site-packages/airflow/example_dags/example_params_trigger_ui.py for tasks to queue
[2025-06-17T05:21:31.142+0000] {logging_mixin.py:190} INFO - [2025-06-17T05:21:31.142+0000] {dagbag.py:588} INFO - Filling up the DagBag from /home/airflow/.local/lib/python3.12/site-packages/airflow/example_dags/example_params_trigger_ui.py
[2025-06-17T05:21:31.157+0000] {processor.py:925} INFO - DAG(s) 'example_params_trigger_ui' retrieved from /home/airflow/.local/lib/python3.12/site-packages/airflow/example_dags/example_params_trigger_ui.py
[2025-06-17T05:21:31.201+0000] {logging_mixin.py:190} INFO - [2025-06-17T05:21:31.201+0000] {dag.py:3239} INFO - Sync 1 DAGs
[2025-06-17T05:21:31.211+0000] {logging_mixin.py:190} INFO - [2025-06-17T05:21:31.211+0000] {dag.py:4180} INFO - Setting next_dagrun for example_params_trigger_ui to None, run_after=None
[2025-06-17T05:21:31.227+0000] {processor.py:208} INFO - Processing /home/airflow/.local/lib/python3.12/site-packages/airflow/example_dags/example_params_trigger_ui.py took 0.092 seconds
[2025-06-17T05:22:01.702+0000] {processor.py:186} INFO - Started process (PID=124) to work on /home/airflow/.local/lib/python3.12/site-packages/airflow/example_dags/example_params_trigger_ui.py
[2025-06-17T05:22:01.703+0000] {processor.py:914} INFO - Processing file /home/airflow/.local/lib/python3.12/site-packages/airflow/example_dags/example_params_trigger_ui.py for tasks to queue
[2025-06-17T05:22:01.704+0000] {logging_mixin.py:190} INFO - [2025-06-17T05:22:01.704+0000] {dagbag.py:588} INFO - Filling up the DagBag from /home/airflow/.local/lib/python3.12/site-packages/airflow/example_dags/example_params_trigger_ui.py
[2025-06-17T05:22:01.714+0000] {processor.py:925} INFO - DAG(s) 'example_params_trigger_ui' retrieved from /home/airflow/.local/lib/python3.12/site-packages/airflow/example_dags/example_params_trigger_ui.py
[2025-06-17T05:22:01.749+0000] {logging_mixin.py:190} INFO - [2025-06-17T05:22:01.748+0000] {dag.py:3239} INFO - Sync 1 DAGs
[2025-06-17T05:22:01.760+0000] {logging_mixin.py:190} INFO - [2025-06-17T05:22:01.760+0000] {dag.py:4180} INFO - Setting next_dagrun for example_params_trigger_ui to None, run_after=None
[2025-06-17T05:22:01.774+0000] {processor.py:208} INFO - Processing /home/airflow/.local/lib/python3.12/site-packages/airflow/example_dags/example_params_trigger_ui.py took 0.078 seconds
[2025-06-17T05:22:32.557+0000] {processor.py:186} INFO - Started process (PID=193) to work on /home/airflow/.local/lib/python3.12/site-packages/airflow/example_dags/example_params_trigger_ui.py
[2025-06-17T05:22:32.557+0000] {processor.py:914} INFO - Processing file /home/airflow/.local/lib/python3.12/site-packages/airflow/example_dags/example_params_trigger_ui.py for tasks to queue
[2025-06-17T05:22:32.558+0000] {logging_mixin.py:190} INFO - [2025-06-17T05:22:32.558+0000] {dagbag.py:588} INFO - Filling up the DagBag from /home/airflow/.local/lib/python3.12/site-packages/airflow/example_dags/example_params_trigger_ui.py
[2025-06-17T05:22:32.567+0000] {processor.py:925} INFO - DAG(s) 'example_params_trigger_ui' retrieved from /home/airflow/.local/lib/python3.12/site-packages/airflow/example_dags/example_params_trigger_ui.py
[2025-06-17T05:22:32.598+0000] {logging_mixin.py:190} INFO - [2025-06-17T05:22:32.598+0000] {dag.py:3239} INFO - Sync 1 DAGs
[2025-06-17T05:22:32.608+0000] {logging_mixin.py:190} INFO - [2025-06-17T05:22:32.608+0000] {dag.py:4180} INFO - Setting next_dagrun for example_params_trigger_ui to None, run_after=None
[2025-06-17T05:22:32.622+0000] {processor.py:208} INFO - Processing /home/airflow/.local/lib/python3.12/site-packages/airflow/example_dags/example_params_trigger_ui.py took 0.070 seconds
[2025-06-17T05:23:03.605+0000] {processor.py:186} INFO - Started process (PID=256) to work on /home/airflow/.local/lib/python3.12/site-packages/airflow/example_dags/example_params_trigger_ui.py
[2025-06-17T05:23:03.606+0000] {processor.py:914} INFO - Processing file /home/airflow/.local/lib/python3.12/site-packages/airflow/example_dags/example_params_trigger_ui.py for tasks to queue
[2025-06-17T05:23:03.607+0000] {logging_mixin.py:190} INFO - [2025-06-17T05:23:03.607+0000] {dagbag.py:588} INFO - Filling up the DagBag from /home/airflow/.local/lib/python3.12/site-packages/airflow/example_dags/example_params_trigger_ui.py
[2025-06-17T05:23:03.618+0000] {processor.py:925} INFO - DAG(s) 'example_params_trigger_ui' retrieved from /home/airflow/.local/lib/python3.12/site-packages/airflow/example_dags/example_params_trigger_ui.py
[2025-06-17T05:23:03.649+0000] {logging_mixin.py:190} INFO - [2025-06-17T05:23:03.649+0000] {dag.py:3239} INFO - Sync 1 DAGs
[2025-06-17T05:23:03.660+0000] {logging_mixin.py:190} INFO - [2025-06-17T05:23:03.660+0000] {dag.py:4180} INFO - Setting next_dagrun for example_params_trigger_ui to None, run_after=None
[2025-06-17T05:23:03.674+0000] {processor.py:208} INFO - Processing /home/airflow/.local/lib/python3.12/site-packages/airflow/example_dags/example_params_trigger_ui.py took 0.074 seconds
[2025-06-17T05:23:34.354+0000] {processor.py:186} INFO - Started process (PID=319) to work on /home/airflow/.local/lib/python3.12/site-packages/airflow/example_dags/example_params_trigger_ui.py
[2025-06-17T05:23:34.354+0000] {processor.py:914} INFO - Processing file /home/airflow/.local/lib/python3.12/site-packages/airflow/example_dags/example_params_trigger_ui.py for tasks to queue
[2025-06-17T05:23:34.355+0000] {logging_mixin.py:190} INFO - [2025-06-17T05:23:34.355+0000] {dagbag.py:588} INFO - Filling up the DagBag from /home/airflow/.local/lib/python3.12/site-packages/airflow/example_dags/example_params_trigger_ui.py
[2025-06-17T05:23:34.364+0000] {processor.py:925} INFO - DAG(s) 'example_params_trigger_ui' retrieved from /home/airflow/.local/lib/python3.12/site-packages/airflow/example_dags/example_params_trigger_ui.py
[2025-06-17T05:23:34.396+0000] {logging_mixin.py:190} INFO - [2025-06-17T05:23:34.396+0000] {dag.py:3239} INFO - Sync 1 DAGs
[2025-06-17T05:23:34.408+0000] {logging_mixin.py:190} INFO - [2025-06-17T05:23:34.408+0000] {dag.py:4180} INFO - Setting next_dagrun for example_params_trigger_ui to None, run_after=None
[2025-06-17T05:23:34.422+0000] {processor.py:208} INFO - Processing /home/airflow/.local/lib/python3.12/site-packages/airflow/example_dags/example_params_trigger_ui.py took 0.072 seconds
