[2025-06-17T05:01:26.881+0000] {processor.py:186} INFO - Started process (PID=80) to work on /home/airflow/.local/lib/python3.12/site-packages/airflow/example_dags/example_python_operator.py
[2025-06-17T05:01:26.882+0000] {processor.py:914} INFO - Processing file /home/airflow/.local/lib/python3.12/site-packages/airflow/example_dags/example_python_operator.py for tasks to queue
[2025-06-17T05:01:26.883+0000] {logging_mixin.py:190} INFO - [2025-06-17T05:01:26.883+0000] {dagbag.py:588} INFO - Filling up the DagBag from /home/airflow/.local/lib/python3.12/site-packages/airflow/example_dags/example_python_operator.py
[2025-06-17T05:01:26.896+0000] {processor.py:925} INFO - DAG(s) 'example_python_operator' retrieved from /home/airflow/.local/lib/python3.12/site-packages/airflow/example_dags/example_python_operator.py
[2025-06-17T05:01:27.005+0000] {logging_mixin.py:190} INFO - [2025-06-17T05:01:27.004+0000] {override.py:1912} INFO - Created Permission View: can read on DAG:example_python_operator
[2025-06-17T05:01:27.014+0000] {logging_mixin.py:190} INFO - [2025-06-17T05:01:27.014+0000] {override.py:1912} INFO - Created Permission View: can edit on DAG:example_python_operator
[2025-06-17T05:01:27.021+0000] {logging_mixin.py:190} INFO - [2025-06-17T05:01:27.021+0000] {override.py:1912} INFO - Created Permission View: can delete on DAG:example_python_operator
[2025-06-17T05:01:27.030+0000] {logging_mixin.py:190} INFO - [2025-06-17T05:01:27.030+0000] {override.py:1912} INFO - Created Permission View: menu access on DAG Run:example_python_operator
[2025-06-17T05:01:27.036+0000] {logging_mixin.py:190} INFO - [2025-06-17T05:01:27.036+0000] {override.py:1912} INFO - Created Permission View: can create on DAG Run:example_python_operator
[2025-06-17T05:01:27.043+0000] {logging_mixin.py:190} INFO - [2025-06-17T05:01:27.043+0000] {override.py:1912} INFO - Created Permission View: can read on DAG Run:example_python_operator
[2025-06-17T05:01:27.048+0000] {logging_mixin.py:190} INFO - [2025-06-17T05:01:27.048+0000] {override.py:1912} INFO - Created Permission View: can delete on DAG Run:example_python_operator
[2025-06-17T05:01:27.049+0000] {logging_mixin.py:190} INFO - [2025-06-17T05:01:27.049+0000] {dag.py:3239} INFO - Sync 1 DAGs
[2025-06-17T05:01:27.060+0000] {logging_mixin.py:190} INFO - [2025-06-17T05:01:27.059+0000] {dag.py:3262} INFO - Creating ORM DAG for example_python_operator
[2025-06-17T05:01:27.060+0000] {logging_mixin.py:190} INFO - [2025-06-17T05:01:27.060+0000] {dag.py:4180} INFO - Setting next_dagrun for example_python_operator to None, run_after=None
[2025-06-17T05:01:27.072+0000] {processor.py:208} INFO - Processing /home/airflow/.local/lib/python3.12/site-packages/airflow/example_dags/example_python_operator.py took 0.197 seconds
[2025-06-17T05:01:57.810+0000] {processor.py:186} INFO - Started process (PID=143) to work on /home/airflow/.local/lib/python3.12/site-packages/airflow/example_dags/example_python_operator.py
[2025-06-17T05:01:57.811+0000] {processor.py:914} INFO - Processing file /home/airflow/.local/lib/python3.12/site-packages/airflow/example_dags/example_python_operator.py for tasks to queue
[2025-06-17T05:01:57.812+0000] {logging_mixin.py:190} INFO - [2025-06-17T05:01:57.811+0000] {dagbag.py:588} INFO - Filling up the DagBag from /home/airflow/.local/lib/python3.12/site-packages/airflow/example_dags/example_python_operator.py
[2025-06-17T05:01:57.821+0000] {processor.py:925} INFO - DAG(s) 'example_python_operator' retrieved from /home/airflow/.local/lib/python3.12/site-packages/airflow/example_dags/example_python_operator.py
[2025-06-17T05:01:57.838+0000] {logging_mixin.py:190} INFO - [2025-06-17T05:01:57.838+0000] {dag.py:3239} INFO - Sync 1 DAGs
[2025-06-17T05:01:57.850+0000] {logging_mixin.py:190} INFO - [2025-06-17T05:01:57.850+0000] {dag.py:4180} INFO - Setting next_dagrun for example_python_operator to None, run_after=None
[2025-06-17T05:01:57.864+0000] {processor.py:208} INFO - Processing /home/airflow/.local/lib/python3.12/site-packages/airflow/example_dags/example_python_operator.py took 0.059 seconds
[2025-06-17T05:02:28.746+0000] {processor.py:186} INFO - Started process (PID=206) to work on /home/airflow/.local/lib/python3.12/site-packages/airflow/example_dags/example_python_operator.py
[2025-06-17T05:02:28.747+0000] {processor.py:914} INFO - Processing file /home/airflow/.local/lib/python3.12/site-packages/airflow/example_dags/example_python_operator.py for tasks to queue
[2025-06-17T05:02:28.748+0000] {logging_mixin.py:190} INFO - [2025-06-17T05:02:28.748+0000] {dagbag.py:588} INFO - Filling up the DagBag from /home/airflow/.local/lib/python3.12/site-packages/airflow/example_dags/example_python_operator.py
[2025-06-17T05:02:28.759+0000] {processor.py:925} INFO - DAG(s) 'example_python_operator' retrieved from /home/airflow/.local/lib/python3.12/site-packages/airflow/example_dags/example_python_operator.py
[2025-06-17T05:02:28.776+0000] {logging_mixin.py:190} INFO - [2025-06-17T05:02:28.776+0000] {dag.py:3239} INFO - Sync 1 DAGs
[2025-06-17T05:02:28.787+0000] {logging_mixin.py:190} INFO - [2025-06-17T05:02:28.787+0000] {dag.py:4180} INFO - Setting next_dagrun for example_python_operator to None, run_after=None
[2025-06-17T05:02:28.800+0000] {processor.py:208} INFO - Processing /home/airflow/.local/lib/python3.12/site-packages/airflow/example_dags/example_python_operator.py took 0.059 seconds
[2025-06-17T05:06:06.001+0000] {processor.py:186} INFO - Started process (PID=76) to work on /home/airflow/.local/lib/python3.12/site-packages/airflow/example_dags/example_python_operator.py
[2025-06-17T05:06:06.002+0000] {processor.py:914} INFO - Processing file /home/airflow/.local/lib/python3.12/site-packages/airflow/example_dags/example_python_operator.py for tasks to queue
[2025-06-17T05:06:06.003+0000] {logging_mixin.py:190} INFO - [2025-06-17T05:06:06.003+0000] {dagbag.py:588} INFO - Filling up the DagBag from /home/airflow/.local/lib/python3.12/site-packages/airflow/example_dags/example_python_operator.py
[2025-06-17T05:06:06.013+0000] {processor.py:925} INFO - DAG(s) 'example_python_operator' retrieved from /home/airflow/.local/lib/python3.12/site-packages/airflow/example_dags/example_python_operator.py
[2025-06-17T05:06:06.098+0000] {logging_mixin.py:190} INFO - [2025-06-17T05:06:06.098+0000] {dag.py:3239} INFO - Sync 1 DAGs
[2025-06-17T05:06:06.108+0000] {logging_mixin.py:190} INFO - [2025-06-17T05:06:06.108+0000] {dag.py:4180} INFO - Setting next_dagrun for example_python_operator to None, run_after=None
[2025-06-17T05:06:06.123+0000] {processor.py:208} INFO - Processing /home/airflow/.local/lib/python3.12/site-packages/airflow/example_dags/example_python_operator.py took 0.126 seconds
[2025-06-17T05:06:37.187+0000] {processor.py:186} INFO - Started process (PID=145) to work on /home/airflow/.local/lib/python3.12/site-packages/airflow/example_dags/example_python_operator.py
[2025-06-17T05:06:37.187+0000] {processor.py:914} INFO - Processing file /home/airflow/.local/lib/python3.12/site-packages/airflow/example_dags/example_python_operator.py for tasks to queue
[2025-06-17T05:06:37.188+0000] {logging_mixin.py:190} INFO - [2025-06-17T05:06:37.188+0000] {dagbag.py:588} INFO - Filling up the DagBag from /home/airflow/.local/lib/python3.12/site-packages/airflow/example_dags/example_python_operator.py
[2025-06-17T05:06:37.198+0000] {processor.py:925} INFO - DAG(s) 'example_python_operator' retrieved from /home/airflow/.local/lib/python3.12/site-packages/airflow/example_dags/example_python_operator.py
[2025-06-17T05:06:37.214+0000] {logging_mixin.py:190} INFO - [2025-06-17T05:06:37.214+0000] {dag.py:3239} INFO - Sync 1 DAGs
[2025-06-17T05:06:37.228+0000] {logging_mixin.py:190} INFO - [2025-06-17T05:06:37.228+0000] {dag.py:4180} INFO - Setting next_dagrun for example_python_operator to None, run_after=None
[2025-06-17T05:06:37.242+0000] {processor.py:208} INFO - Processing /home/airflow/.local/lib/python3.12/site-packages/airflow/example_dags/example_python_operator.py took 0.060 seconds
[2025-06-17T05:09:00.034+0000] {processor.py:186} INFO - Started process (PID=80) to work on /home/airflow/.local/lib/python3.12/site-packages/airflow/example_dags/example_python_operator.py
[2025-06-17T05:09:00.035+0000] {processor.py:914} INFO - Processing file /home/airflow/.local/lib/python3.12/site-packages/airflow/example_dags/example_python_operator.py for tasks to queue
[2025-06-17T05:09:00.036+0000] {logging_mixin.py:190} INFO - [2025-06-17T05:09:00.036+0000] {dagbag.py:588} INFO - Filling up the DagBag from /home/airflow/.local/lib/python3.12/site-packages/airflow/example_dags/example_python_operator.py
[2025-06-17T05:09:00.046+0000] {processor.py:925} INFO - DAG(s) 'example_python_operator' retrieved from /home/airflow/.local/lib/python3.12/site-packages/airflow/example_dags/example_python_operator.py
[2025-06-17T05:09:00.132+0000] {logging_mixin.py:190} INFO - [2025-06-17T05:09:00.131+0000] {dag.py:3239} INFO - Sync 1 DAGs
[2025-06-17T05:09:00.143+0000] {logging_mixin.py:190} INFO - [2025-06-17T05:09:00.143+0000] {dag.py:4180} INFO - Setting next_dagrun for example_python_operator to None, run_after=None
[2025-06-17T05:09:00.159+0000] {processor.py:208} INFO - Processing /home/airflow/.local/lib/python3.12/site-packages/airflow/example_dags/example_python_operator.py took 0.129 seconds
[2025-06-17T05:09:30.862+0000] {processor.py:186} INFO - Started process (PID=143) to work on /home/airflow/.local/lib/python3.12/site-packages/airflow/example_dags/example_python_operator.py
[2025-06-17T05:09:30.862+0000] {processor.py:914} INFO - Processing file /home/airflow/.local/lib/python3.12/site-packages/airflow/example_dags/example_python_operator.py for tasks to queue
[2025-06-17T05:09:30.863+0000] {logging_mixin.py:190} INFO - [2025-06-17T05:09:30.863+0000] {dagbag.py:588} INFO - Filling up the DagBag from /home/airflow/.local/lib/python3.12/site-packages/airflow/example_dags/example_python_operator.py
[2025-06-17T05:09:30.873+0000] {processor.py:925} INFO - DAG(s) 'example_python_operator' retrieved from /home/airflow/.local/lib/python3.12/site-packages/airflow/example_dags/example_python_operator.py
[2025-06-17T05:09:30.889+0000] {logging_mixin.py:190} INFO - [2025-06-17T05:09:30.889+0000] {dag.py:3239} INFO - Sync 1 DAGs
[2025-06-17T05:09:30.901+0000] {logging_mixin.py:190} INFO - [2025-06-17T05:09:30.901+0000] {dag.py:4180} INFO - Setting next_dagrun for example_python_operator to None, run_after=None
[2025-06-17T05:09:30.919+0000] {processor.py:208} INFO - Processing /home/airflow/.local/lib/python3.12/site-packages/airflow/example_dags/example_python_operator.py took 0.062 seconds
[2025-06-17T05:10:01.497+0000] {processor.py:186} INFO - Started process (PID=206) to work on /home/airflow/.local/lib/python3.12/site-packages/airflow/example_dags/example_python_operator.py
[2025-06-17T05:10:01.498+0000] {processor.py:914} INFO - Processing file /home/airflow/.local/lib/python3.12/site-packages/airflow/example_dags/example_python_operator.py for tasks to queue
[2025-06-17T05:10:01.499+0000] {logging_mixin.py:190} INFO - [2025-06-17T05:10:01.498+0000] {dagbag.py:588} INFO - Filling up the DagBag from /home/airflow/.local/lib/python3.12/site-packages/airflow/example_dags/example_python_operator.py
[2025-06-17T05:10:01.508+0000] {processor.py:925} INFO - DAG(s) 'example_python_operator' retrieved from /home/airflow/.local/lib/python3.12/site-packages/airflow/example_dags/example_python_operator.py
[2025-06-17T05:10:01.526+0000] {logging_mixin.py:190} INFO - [2025-06-17T05:10:01.526+0000] {dag.py:3239} INFO - Sync 1 DAGs
[2025-06-17T05:10:01.538+0000] {logging_mixin.py:190} INFO - [2025-06-17T05:10:01.538+0000] {dag.py:4180} INFO - Setting next_dagrun for example_python_operator to None, run_after=None
[2025-06-17T05:10:01.553+0000] {processor.py:208} INFO - Processing /home/airflow/.local/lib/python3.12/site-packages/airflow/example_dags/example_python_operator.py took 0.061 seconds
[2025-06-17T05:10:32.521+0000] {processor.py:186} INFO - Started process (PID=268) to work on /home/airflow/.local/lib/python3.12/site-packages/airflow/example_dags/example_python_operator.py
[2025-06-17T05:10:32.521+0000] {processor.py:914} INFO - Processing file /home/airflow/.local/lib/python3.12/site-packages/airflow/example_dags/example_python_operator.py for tasks to queue
[2025-06-17T05:10:32.522+0000] {logging_mixin.py:190} INFO - [2025-06-17T05:10:32.522+0000] {dagbag.py:588} INFO - Filling up the DagBag from /home/airflow/.local/lib/python3.12/site-packages/airflow/example_dags/example_python_operator.py
[2025-06-17T05:10:32.531+0000] {processor.py:925} INFO - DAG(s) 'example_python_operator' retrieved from /home/airflow/.local/lib/python3.12/site-packages/airflow/example_dags/example_python_operator.py
[2025-06-17T05:10:32.547+0000] {logging_mixin.py:190} INFO - [2025-06-17T05:10:32.546+0000] {dag.py:3239} INFO - Sync 1 DAGs
[2025-06-17T05:10:32.557+0000] {logging_mixin.py:190} INFO - [2025-06-17T05:10:32.557+0000] {dag.py:4180} INFO - Setting next_dagrun for example_python_operator to None, run_after=None
[2025-06-17T05:10:32.572+0000] {processor.py:208} INFO - Processing /home/airflow/.local/lib/python3.12/site-packages/airflow/example_dags/example_python_operator.py took 0.055 seconds
[2025-06-17T05:11:03.876+0000] {processor.py:186} INFO - Started process (PID=331) to work on /home/airflow/.local/lib/python3.12/site-packages/airflow/example_dags/example_python_operator.py
[2025-06-17T05:11:03.876+0000] {processor.py:914} INFO - Processing file /home/airflow/.local/lib/python3.12/site-packages/airflow/example_dags/example_python_operator.py for tasks to queue
[2025-06-17T05:11:03.877+0000] {logging_mixin.py:190} INFO - [2025-06-17T05:11:03.877+0000] {dagbag.py:588} INFO - Filling up the DagBag from /home/airflow/.local/lib/python3.12/site-packages/airflow/example_dags/example_python_operator.py
[2025-06-17T05:11:03.886+0000] {processor.py:925} INFO - DAG(s) 'example_python_operator' retrieved from /home/airflow/.local/lib/python3.12/site-packages/airflow/example_dags/example_python_operator.py
[2025-06-17T05:11:03.902+0000] {logging_mixin.py:190} INFO - [2025-06-17T05:11:03.902+0000] {dag.py:3239} INFO - Sync 1 DAGs
[2025-06-17T05:11:03.913+0000] {logging_mixin.py:190} INFO - [2025-06-17T05:11:03.913+0000] {dag.py:4180} INFO - Setting next_dagrun for example_python_operator to None, run_after=None
[2025-06-17T05:11:03.928+0000] {processor.py:208} INFO - Processing /home/airflow/.local/lib/python3.12/site-packages/airflow/example_dags/example_python_operator.py took 0.056 seconds
[2025-06-17T05:11:34.609+0000] {processor.py:186} INFO - Started process (PID=394) to work on /home/airflow/.local/lib/python3.12/site-packages/airflow/example_dags/example_python_operator.py
[2025-06-17T05:11:34.610+0000] {processor.py:914} INFO - Processing file /home/airflow/.local/lib/python3.12/site-packages/airflow/example_dags/example_python_operator.py for tasks to queue
[2025-06-17T05:11:34.611+0000] {logging_mixin.py:190} INFO - [2025-06-17T05:11:34.610+0000] {dagbag.py:588} INFO - Filling up the DagBag from /home/airflow/.local/lib/python3.12/site-packages/airflow/example_dags/example_python_operator.py
[2025-06-17T05:11:34.620+0000] {processor.py:925} INFO - DAG(s) 'example_python_operator' retrieved from /home/airflow/.local/lib/python3.12/site-packages/airflow/example_dags/example_python_operator.py
[2025-06-17T05:11:34.638+0000] {logging_mixin.py:190} INFO - [2025-06-17T05:11:34.637+0000] {dag.py:3239} INFO - Sync 1 DAGs
[2025-06-17T05:11:34.649+0000] {logging_mixin.py:190} INFO - [2025-06-17T05:11:34.649+0000] {dag.py:4180} INFO - Setting next_dagrun for example_python_operator to None, run_after=None
[2025-06-17T05:11:34.664+0000] {processor.py:208} INFO - Processing /home/airflow/.local/lib/python3.12/site-packages/airflow/example_dags/example_python_operator.py took 0.059 seconds
[2025-06-17T05:12:05.543+0000] {processor.py:186} INFO - Started process (PID=457) to work on /home/airflow/.local/lib/python3.12/site-packages/airflow/example_dags/example_python_operator.py
[2025-06-17T05:12:05.544+0000] {processor.py:914} INFO - Processing file /home/airflow/.local/lib/python3.12/site-packages/airflow/example_dags/example_python_operator.py for tasks to queue
[2025-06-17T05:12:05.545+0000] {logging_mixin.py:190} INFO - [2025-06-17T05:12:05.544+0000] {dagbag.py:588} INFO - Filling up the DagBag from /home/airflow/.local/lib/python3.12/site-packages/airflow/example_dags/example_python_operator.py
[2025-06-17T05:12:05.554+0000] {processor.py:925} INFO - DAG(s) 'example_python_operator' retrieved from /home/airflow/.local/lib/python3.12/site-packages/airflow/example_dags/example_python_operator.py
[2025-06-17T05:12:05.571+0000] {logging_mixin.py:190} INFO - [2025-06-17T05:12:05.570+0000] {dag.py:3239} INFO - Sync 1 DAGs
[2025-06-17T05:12:05.582+0000] {logging_mixin.py:190} INFO - [2025-06-17T05:12:05.581+0000] {dag.py:4180} INFO - Setting next_dagrun for example_python_operator to None, run_after=None
[2025-06-17T05:12:05.597+0000] {processor.py:208} INFO - Processing /home/airflow/.local/lib/python3.12/site-packages/airflow/example_dags/example_python_operator.py took 0.058 seconds
[2025-06-17T05:12:36.175+0000] {processor.py:186} INFO - Started process (PID=520) to work on /home/airflow/.local/lib/python3.12/site-packages/airflow/example_dags/example_python_operator.py
[2025-06-17T05:12:36.176+0000] {processor.py:914} INFO - Processing file /home/airflow/.local/lib/python3.12/site-packages/airflow/example_dags/example_python_operator.py for tasks to queue
[2025-06-17T05:12:36.177+0000] {logging_mixin.py:190} INFO - [2025-06-17T05:12:36.177+0000] {dagbag.py:588} INFO - Filling up the DagBag from /home/airflow/.local/lib/python3.12/site-packages/airflow/example_dags/example_python_operator.py
[2025-06-17T05:12:36.186+0000] {processor.py:925} INFO - DAG(s) 'example_python_operator' retrieved from /home/airflow/.local/lib/python3.12/site-packages/airflow/example_dags/example_python_operator.py
[2025-06-17T05:12:36.202+0000] {logging_mixin.py:190} INFO - [2025-06-17T05:12:36.202+0000] {dag.py:3239} INFO - Sync 1 DAGs
[2025-06-17T05:12:36.213+0000] {logging_mixin.py:190} INFO - [2025-06-17T05:12:36.213+0000] {dag.py:4180} INFO - Setting next_dagrun for example_python_operator to None, run_after=None
[2025-06-17T05:12:36.226+0000] {processor.py:208} INFO - Processing /home/airflow/.local/lib/python3.12/site-packages/airflow/example_dags/example_python_operator.py took 0.055 seconds
[2025-06-17T05:13:06.806+0000] {processor.py:186} INFO - Started process (PID=583) to work on /home/airflow/.local/lib/python3.12/site-packages/airflow/example_dags/example_python_operator.py
[2025-06-17T05:13:06.807+0000] {processor.py:914} INFO - Processing file /home/airflow/.local/lib/python3.12/site-packages/airflow/example_dags/example_python_operator.py for tasks to queue
[2025-06-17T05:13:06.808+0000] {logging_mixin.py:190} INFO - [2025-06-17T05:13:06.807+0000] {dagbag.py:588} INFO - Filling up the DagBag from /home/airflow/.local/lib/python3.12/site-packages/airflow/example_dags/example_python_operator.py
[2025-06-17T05:13:06.817+0000] {processor.py:925} INFO - DAG(s) 'example_python_operator' retrieved from /home/airflow/.local/lib/python3.12/site-packages/airflow/example_dags/example_python_operator.py
[2025-06-17T05:13:06.832+0000] {logging_mixin.py:190} INFO - [2025-06-17T05:13:06.832+0000] {dag.py:3239} INFO - Sync 1 DAGs
[2025-06-17T05:13:06.843+0000] {logging_mixin.py:190} INFO - [2025-06-17T05:13:06.843+0000] {dag.py:4180} INFO - Setting next_dagrun for example_python_operator to None, run_after=None
[2025-06-17T05:13:06.858+0000] {processor.py:208} INFO - Processing /home/airflow/.local/lib/python3.12/site-packages/airflow/example_dags/example_python_operator.py took 0.057 seconds
[2025-06-17T05:13:37.486+0000] {processor.py:186} INFO - Started process (PID=647) to work on /home/airflow/.local/lib/python3.12/site-packages/airflow/example_dags/example_python_operator.py
[2025-06-17T05:13:37.486+0000] {processor.py:914} INFO - Processing file /home/airflow/.local/lib/python3.12/site-packages/airflow/example_dags/example_python_operator.py for tasks to queue
[2025-06-17T05:13:37.487+0000] {logging_mixin.py:190} INFO - [2025-06-17T05:13:37.487+0000] {dagbag.py:588} INFO - Filling up the DagBag from /home/airflow/.local/lib/python3.12/site-packages/airflow/example_dags/example_python_operator.py
[2025-06-17T05:13:37.498+0000] {processor.py:925} INFO - DAG(s) 'example_python_operator' retrieved from /home/airflow/.local/lib/python3.12/site-packages/airflow/example_dags/example_python_operator.py
[2025-06-17T05:13:37.516+0000] {logging_mixin.py:190} INFO - [2025-06-17T05:13:37.516+0000] {dag.py:3239} INFO - Sync 1 DAGs
[2025-06-17T05:13:37.529+0000] {logging_mixin.py:190} INFO - [2025-06-17T05:13:37.529+0000] {dag.py:4180} INFO - Setting next_dagrun for example_python_operator to None, run_after=None
[2025-06-17T05:13:37.543+0000] {processor.py:208} INFO - Processing /home/airflow/.local/lib/python3.12/site-packages/airflow/example_dags/example_python_operator.py took 0.063 seconds
[2025-06-17T05:14:08.221+0000] {processor.py:186} INFO - Started process (PID=710) to work on /home/airflow/.local/lib/python3.12/site-packages/airflow/example_dags/example_python_operator.py
[2025-06-17T05:14:08.221+0000] {processor.py:914} INFO - Processing file /home/airflow/.local/lib/python3.12/site-packages/airflow/example_dags/example_python_operator.py for tasks to queue
[2025-06-17T05:14:08.222+0000] {logging_mixin.py:190} INFO - [2025-06-17T05:14:08.222+0000] {dagbag.py:588} INFO - Filling up the DagBag from /home/airflow/.local/lib/python3.12/site-packages/airflow/example_dags/example_python_operator.py
[2025-06-17T05:14:08.236+0000] {processor.py:925} INFO - DAG(s) 'example_python_operator' retrieved from /home/airflow/.local/lib/python3.12/site-packages/airflow/example_dags/example_python_operator.py
[2025-06-17T05:14:08.258+0000] {logging_mixin.py:190} INFO - [2025-06-17T05:14:08.258+0000] {dag.py:3239} INFO - Sync 1 DAGs
[2025-06-17T05:14:08.275+0000] {logging_mixin.py:190} INFO - [2025-06-17T05:14:08.275+0000] {dag.py:4180} INFO - Setting next_dagrun for example_python_operator to None, run_after=None
[2025-06-17T05:14:08.296+0000] {processor.py:208} INFO - Processing /home/airflow/.local/lib/python3.12/site-packages/airflow/example_dags/example_python_operator.py took 0.080 seconds
[2025-06-17T05:17:46.642+0000] {processor.py:186} INFO - Started process (PID=81) to work on /home/airflow/.local/lib/python3.12/site-packages/airflow/example_dags/example_python_operator.py
[2025-06-17T05:17:46.642+0000] {processor.py:914} INFO - Processing file /home/airflow/.local/lib/python3.12/site-packages/airflow/example_dags/example_python_operator.py for tasks to queue
[2025-06-17T05:17:46.643+0000] {logging_mixin.py:190} INFO - [2025-06-17T05:17:46.643+0000] {dagbag.py:588} INFO - Filling up the DagBag from /home/airflow/.local/lib/python3.12/site-packages/airflow/example_dags/example_python_operator.py
[2025-06-17T05:17:46.653+0000] {processor.py:925} INFO - DAG(s) 'example_python_operator' retrieved from /home/airflow/.local/lib/python3.12/site-packages/airflow/example_dags/example_python_operator.py
[2025-06-17T05:17:46.745+0000] {logging_mixin.py:190} INFO - [2025-06-17T05:17:46.744+0000] {override.py:1912} INFO - Created Permission View: can read on DAG:example_python_operator
[2025-06-17T05:17:46.754+0000] {logging_mixin.py:190} INFO - [2025-06-17T05:17:46.754+0000] {override.py:1912} INFO - Created Permission View: can delete on DAG:example_python_operator
[2025-06-17T05:17:46.760+0000] {logging_mixin.py:190} INFO - [2025-06-17T05:17:46.759+0000] {override.py:1912} INFO - Created Permission View: can edit on DAG:example_python_operator
[2025-06-17T05:17:46.768+0000] {logging_mixin.py:190} INFO - [2025-06-17T05:17:46.767+0000] {override.py:1912} INFO - Created Permission View: can read on DAG Run:example_python_operator
[2025-06-17T05:17:46.773+0000] {logging_mixin.py:190} INFO - [2025-06-17T05:17:46.773+0000] {override.py:1912} INFO - Created Permission View: can delete on DAG Run:example_python_operator
[2025-06-17T05:17:46.779+0000] {logging_mixin.py:190} INFO - [2025-06-17T05:17:46.779+0000] {override.py:1912} INFO - Created Permission View: menu access on DAG Run:example_python_operator
[2025-06-17T05:17:46.786+0000] {logging_mixin.py:190} INFO - [2025-06-17T05:17:46.785+0000] {override.py:1912} INFO - Created Permission View: can create on DAG Run:example_python_operator
[2025-06-17T05:17:46.786+0000] {logging_mixin.py:190} INFO - [2025-06-17T05:17:46.786+0000] {dag.py:3239} INFO - Sync 1 DAGs
[2025-06-17T05:17:46.797+0000] {logging_mixin.py:190} INFO - [2025-06-17T05:17:46.797+0000] {dag.py:3262} INFO - Creating ORM DAG for example_python_operator
[2025-06-17T05:17:46.798+0000] {logging_mixin.py:190} INFO - [2025-06-17T05:17:46.798+0000] {dag.py:4180} INFO - Setting next_dagrun for example_python_operator to None, run_after=None
[2025-06-17T05:17:46.814+0000] {processor.py:208} INFO - Processing /home/airflow/.local/lib/python3.12/site-packages/airflow/example_dags/example_python_operator.py took 0.178 seconds
[2025-06-17T05:19:14.510+0000] {processor.py:186} INFO - Started process (PID=81) to work on /home/airflow/.local/lib/python3.12/site-packages/airflow/example_dags/example_python_operator.py
[2025-06-17T05:19:14.511+0000] {processor.py:914} INFO - Processing file /home/airflow/.local/lib/python3.12/site-packages/airflow/example_dags/example_python_operator.py for tasks to queue
[2025-06-17T05:19:14.512+0000] {logging_mixin.py:190} INFO - [2025-06-17T05:19:14.512+0000] {dagbag.py:588} INFO - Filling up the DagBag from /home/airflow/.local/lib/python3.12/site-packages/airflow/example_dags/example_python_operator.py
[2025-06-17T05:19:14.525+0000] {processor.py:925} INFO - DAG(s) 'example_python_operator' retrieved from /home/airflow/.local/lib/python3.12/site-packages/airflow/example_dags/example_python_operator.py
[2025-06-17T05:19:14.616+0000] {logging_mixin.py:190} INFO - [2025-06-17T05:19:14.616+0000] {dag.py:3239} INFO - Sync 1 DAGs
[2025-06-17T05:19:14.629+0000] {logging_mixin.py:190} INFO - [2025-06-17T05:19:14.629+0000] {dag.py:4180} INFO - Setting next_dagrun for example_python_operator to None, run_after=None
[2025-06-17T05:19:14.647+0000] {processor.py:208} INFO - Processing /home/airflow/.local/lib/python3.12/site-packages/airflow/example_dags/example_python_operator.py took 0.142 seconds
[2025-06-17T05:19:45.086+0000] {processor.py:186} INFO - Started process (PID=145) to work on /home/airflow/.local/lib/python3.12/site-packages/airflow/example_dags/example_python_operator.py
[2025-06-17T05:19:45.086+0000] {processor.py:914} INFO - Processing file /home/airflow/.local/lib/python3.12/site-packages/airflow/example_dags/example_python_operator.py for tasks to queue
[2025-06-17T05:19:45.087+0000] {logging_mixin.py:190} INFO - [2025-06-17T05:19:45.087+0000] {dagbag.py:588} INFO - Filling up the DagBag from /home/airflow/.local/lib/python3.12/site-packages/airflow/example_dags/example_python_operator.py
[2025-06-17T05:19:45.097+0000] {processor.py:925} INFO - DAG(s) 'example_python_operator' retrieved from /home/airflow/.local/lib/python3.12/site-packages/airflow/example_dags/example_python_operator.py
[2025-06-17T05:19:45.114+0000] {logging_mixin.py:190} INFO - [2025-06-17T05:19:45.114+0000] {dag.py:3239} INFO - Sync 1 DAGs
[2025-06-17T05:19:45.127+0000] {logging_mixin.py:190} INFO - [2025-06-17T05:19:45.126+0000] {dag.py:4180} INFO - Setting next_dagrun for example_python_operator to None, run_after=None
[2025-06-17T05:19:45.141+0000] {processor.py:208} INFO - Processing /home/airflow/.local/lib/python3.12/site-packages/airflow/example_dags/example_python_operator.py took 0.061 seconds
[2025-06-17T05:21:33.640+0000] {processor.py:186} INFO - Started process (PID=81) to work on /home/airflow/.local/lib/python3.12/site-packages/airflow/example_dags/example_python_operator.py
[2025-06-17T05:21:33.641+0000] {processor.py:914} INFO - Processing file /home/airflow/.local/lib/python3.12/site-packages/airflow/example_dags/example_python_operator.py for tasks to queue
[2025-06-17T05:21:33.642+0000] {logging_mixin.py:190} INFO - [2025-06-17T05:21:33.642+0000] {dagbag.py:588} INFO - Filling up the DagBag from /home/airflow/.local/lib/python3.12/site-packages/airflow/example_dags/example_python_operator.py
[2025-06-17T05:21:33.655+0000] {processor.py:925} INFO - DAG(s) 'example_python_operator' retrieved from /home/airflow/.local/lib/python3.12/site-packages/airflow/example_dags/example_python_operator.py
[2025-06-17T05:21:33.750+0000] {logging_mixin.py:190} INFO - [2025-06-17T05:21:33.750+0000] {dag.py:3239} INFO - Sync 1 DAGs
[2025-06-17T05:21:33.760+0000] {logging_mixin.py:190} INFO - [2025-06-17T05:21:33.760+0000] {dag.py:4180} INFO - Setting next_dagrun for example_python_operator to None, run_after=None
[2025-06-17T05:21:33.776+0000] {processor.py:208} INFO - Processing /home/airflow/.local/lib/python3.12/site-packages/airflow/example_dags/example_python_operator.py took 0.141 seconds
[2025-06-17T05:22:05.004+0000] {processor.py:186} INFO - Started process (PID=144) to work on /home/airflow/.local/lib/python3.12/site-packages/airflow/example_dags/example_python_operator.py
[2025-06-17T05:22:05.008+0000] {processor.py:914} INFO - Processing file /home/airflow/.local/lib/python3.12/site-packages/airflow/example_dags/example_python_operator.py for tasks to queue
[2025-06-17T05:22:05.011+0000] {logging_mixin.py:190} INFO - [2025-06-17T05:22:05.010+0000] {dagbag.py:588} INFO - Filling up the DagBag from /home/airflow/.local/lib/python3.12/site-packages/airflow/example_dags/example_python_operator.py
[2025-06-17T05:22:05.029+0000] {processor.py:925} INFO - DAG(s) 'example_python_operator' retrieved from /home/airflow/.local/lib/python3.12/site-packages/airflow/example_dags/example_python_operator.py
[2025-06-17T05:22:05.050+0000] {logging_mixin.py:190} INFO - [2025-06-17T05:22:05.049+0000] {dag.py:3239} INFO - Sync 1 DAGs
[2025-06-17T05:22:05.061+0000] {logging_mixin.py:190} INFO - [2025-06-17T05:22:05.061+0000] {dag.py:4180} INFO - Setting next_dagrun for example_python_operator to None, run_after=None
[2025-06-17T05:22:05.075+0000] {processor.py:208} INFO - Processing /home/airflow/.local/lib/python3.12/site-packages/airflow/example_dags/example_python_operator.py took 0.078 seconds
[2025-06-17T05:22:35.759+0000] {processor.py:186} INFO - Started process (PID=207) to work on /home/airflow/.local/lib/python3.12/site-packages/airflow/example_dags/example_python_operator.py
[2025-06-17T05:22:35.760+0000] {processor.py:914} INFO - Processing file /home/airflow/.local/lib/python3.12/site-packages/airflow/example_dags/example_python_operator.py for tasks to queue
[2025-06-17T05:22:35.761+0000] {logging_mixin.py:190} INFO - [2025-06-17T05:22:35.760+0000] {dagbag.py:588} INFO - Filling up the DagBag from /home/airflow/.local/lib/python3.12/site-packages/airflow/example_dags/example_python_operator.py
[2025-06-17T05:22:35.771+0000] {processor.py:925} INFO - DAG(s) 'example_python_operator' retrieved from /home/airflow/.local/lib/python3.12/site-packages/airflow/example_dags/example_python_operator.py
[2025-06-17T05:22:35.788+0000] {logging_mixin.py:190} INFO - [2025-06-17T05:22:35.788+0000] {dag.py:3239} INFO - Sync 1 DAGs
[2025-06-17T05:22:35.800+0000] {logging_mixin.py:190} INFO - [2025-06-17T05:22:35.800+0000] {dag.py:4180} INFO - Setting next_dagrun for example_python_operator to None, run_after=None
[2025-06-17T05:22:35.816+0000] {processor.py:208} INFO - Processing /home/airflow/.local/lib/python3.12/site-packages/airflow/example_dags/example_python_operator.py took 0.062 seconds
[2025-06-17T05:23:06.576+0000] {processor.py:186} INFO - Started process (PID=270) to work on /home/airflow/.local/lib/python3.12/site-packages/airflow/example_dags/example_python_operator.py
[2025-06-17T05:23:06.576+0000] {processor.py:914} INFO - Processing file /home/airflow/.local/lib/python3.12/site-packages/airflow/example_dags/example_python_operator.py for tasks to queue
[2025-06-17T05:23:06.577+0000] {logging_mixin.py:190} INFO - [2025-06-17T05:23:06.577+0000] {dagbag.py:588} INFO - Filling up the DagBag from /home/airflow/.local/lib/python3.12/site-packages/airflow/example_dags/example_python_operator.py
[2025-06-17T05:23:06.586+0000] {processor.py:925} INFO - DAG(s) 'example_python_operator' retrieved from /home/airflow/.local/lib/python3.12/site-packages/airflow/example_dags/example_python_operator.py
[2025-06-17T05:23:06.602+0000] {logging_mixin.py:190} INFO - [2025-06-17T05:23:06.601+0000] {dag.py:3239} INFO - Sync 1 DAGs
[2025-06-17T05:23:06.613+0000] {logging_mixin.py:190} INFO - [2025-06-17T05:23:06.613+0000] {dag.py:4180} INFO - Setting next_dagrun for example_python_operator to None, run_after=None
[2025-06-17T05:23:06.627+0000] {processor.py:208} INFO - Processing /home/airflow/.local/lib/python3.12/site-packages/airflow/example_dags/example_python_operator.py took 0.056 seconds
[2025-06-17T05:23:38.038+0000] {processor.py:186} INFO - Started process (PID=333) to work on /home/airflow/.local/lib/python3.12/site-packages/airflow/example_dags/example_python_operator.py
[2025-06-17T05:23:38.038+0000] {processor.py:914} INFO - Processing file /home/airflow/.local/lib/python3.12/site-packages/airflow/example_dags/example_python_operator.py for tasks to queue
[2025-06-17T05:23:38.039+0000] {logging_mixin.py:190} INFO - [2025-06-17T05:23:38.039+0000] {dagbag.py:588} INFO - Filling up the DagBag from /home/airflow/.local/lib/python3.12/site-packages/airflow/example_dags/example_python_operator.py
[2025-06-17T05:23:38.049+0000] {processor.py:925} INFO - DAG(s) 'example_python_operator' retrieved from /home/airflow/.local/lib/python3.12/site-packages/airflow/example_dags/example_python_operator.py
[2025-06-17T05:23:38.065+0000] {logging_mixin.py:190} INFO - [2025-06-17T05:23:38.065+0000] {dag.py:3239} INFO - Sync 1 DAGs
[2025-06-17T05:23:38.077+0000] {logging_mixin.py:190} INFO - [2025-06-17T05:23:38.077+0000] {dag.py:4180} INFO - Setting next_dagrun for example_python_operator to None, run_after=None
[2025-06-17T05:23:38.091+0000] {processor.py:208} INFO - Processing /home/airflow/.local/lib/python3.12/site-packages/airflow/example_dags/example_python_operator.py took 0.058 seconds
