[2025-06-17T05:01:30.629+0000] {processor.py:186} INFO - Started process (PID=107) to work on /home/airflow/.local/lib/python3.12/site-packages/airflow/example_dags/example_kubernetes_executor.py
[2025-06-17T05:01:30.629+0000] {processor.py:914} INFO - Processing file /home/airflow/.local/lib/python3.12/site-packages/airflow/example_dags/example_kubernetes_executor.py for tasks to queue
[2025-06-17T05:01:30.630+0000] {logging_mixin.py:190} INFO - [2025-06-17T05:01:30.630+0000] {dagbag.py:588} INFO - Filling up the DagBag from /home/airflow/.local/lib/python3.12/site-packages/airflow/example_dags/example_kubernetes_executor.py
[2025-06-17T05:01:30.642+0000] {processor.py:925} INFO - DAG(s) 'example_kubernetes_executor' retrieved from /home/airflow/.local/lib/python3.12/site-packages/airflow/example_dags/example_kubernetes_executor.py
[2025-06-17T05:01:30.728+0000] {logging_mixin.py:190} INFO - [2025-06-17T05:01:30.727+0000] {override.py:1912} INFO - Created Permission View: can read on DAG:example_kubernetes_executor
[2025-06-17T05:01:30.736+0000] {logging_mixin.py:190} INFO - [2025-06-17T05:01:30.735+0000] {override.py:1912} INFO - Created Permission View: can edit on DAG:example_kubernetes_executor
[2025-06-17T05:01:30.742+0000] {logging_mixin.py:190} INFO - [2025-06-17T05:01:30.742+0000] {override.py:1912} INFO - Created Permission View: can delete on DAG:example_kubernetes_executor
[2025-06-17T05:01:30.751+0000] {logging_mixin.py:190} INFO - [2025-06-17T05:01:30.750+0000] {override.py:1912} INFO - Created Permission View: menu access on DAG Run:example_kubernetes_executor
[2025-06-17T05:01:30.758+0000] {logging_mixin.py:190} INFO - [2025-06-17T05:01:30.757+0000] {override.py:1912} INFO - Created Permission View: can create on DAG Run:example_kubernetes_executor
[2025-06-17T05:01:30.763+0000] {logging_mixin.py:190} INFO - [2025-06-17T05:01:30.763+0000] {override.py:1912} INFO - Created Permission View: can read on DAG Run:example_kubernetes_executor
[2025-06-17T05:01:30.769+0000] {logging_mixin.py:190} INFO - [2025-06-17T05:01:30.769+0000] {override.py:1912} INFO - Created Permission View: can delete on DAG Run:example_kubernetes_executor
[2025-06-17T05:01:30.770+0000] {logging_mixin.py:190} INFO - [2025-06-17T05:01:30.770+0000] {dag.py:3239} INFO - Sync 1 DAGs
[2025-06-17T05:01:30.779+0000] {logging_mixin.py:190} INFO - [2025-06-17T05:01:30.779+0000] {dag.py:3262} INFO - Creating ORM DAG for example_kubernetes_executor
[2025-06-17T05:01:30.780+0000] {logging_mixin.py:190} INFO - [2025-06-17T05:01:30.780+0000] {dag.py:4180} INFO - Setting next_dagrun for example_kubernetes_executor to None, run_after=None
[2025-06-17T05:01:30.792+0000] {processor.py:208} INFO - Processing /home/airflow/.local/lib/python3.12/site-packages/airflow/example_dags/example_kubernetes_executor.py took 0.168 seconds
[2025-06-17T05:02:00.877+0000] {processor.py:186} INFO - Started process (PID=170) to work on /home/airflow/.local/lib/python3.12/site-packages/airflow/example_dags/example_kubernetes_executor.py
[2025-06-17T05:02:00.877+0000] {processor.py:914} INFO - Processing file /home/airflow/.local/lib/python3.12/site-packages/airflow/example_dags/example_kubernetes_executor.py for tasks to queue
[2025-06-17T05:02:00.878+0000] {logging_mixin.py:190} INFO - [2025-06-17T05:02:00.878+0000] {dagbag.py:588} INFO - Filling up the DagBag from /home/airflow/.local/lib/python3.12/site-packages/airflow/example_dags/example_kubernetes_executor.py
[2025-06-17T05:02:00.889+0000] {processor.py:925} INFO - DAG(s) 'example_kubernetes_executor' retrieved from /home/airflow/.local/lib/python3.12/site-packages/airflow/example_dags/example_kubernetes_executor.py
[2025-06-17T05:02:00.908+0000] {logging_mixin.py:190} INFO - [2025-06-17T05:02:00.907+0000] {dag.py:3239} INFO - Sync 1 DAGs
[2025-06-17T05:02:00.921+0000] {logging_mixin.py:190} INFO - [2025-06-17T05:02:00.921+0000] {dag.py:4180} INFO - Setting next_dagrun for example_kubernetes_executor to None, run_after=None
[2025-06-17T05:02:00.935+0000] {processor.py:208} INFO - Processing /home/airflow/.local/lib/python3.12/site-packages/airflow/example_dags/example_kubernetes_executor.py took 0.063 seconds
[2025-06-17T05:02:31.501+0000] {processor.py:186} INFO - Started process (PID=233) to work on /home/airflow/.local/lib/python3.12/site-packages/airflow/example_dags/example_kubernetes_executor.py
[2025-06-17T05:02:31.502+0000] {processor.py:914} INFO - Processing file /home/airflow/.local/lib/python3.12/site-packages/airflow/example_dags/example_kubernetes_executor.py for tasks to queue
[2025-06-17T05:02:31.503+0000] {logging_mixin.py:190} INFO - [2025-06-17T05:02:31.503+0000] {dagbag.py:588} INFO - Filling up the DagBag from /home/airflow/.local/lib/python3.12/site-packages/airflow/example_dags/example_kubernetes_executor.py
[2025-06-17T05:02:31.514+0000] {processor.py:925} INFO - DAG(s) 'example_kubernetes_executor' retrieved from /home/airflow/.local/lib/python3.12/site-packages/airflow/example_dags/example_kubernetes_executor.py
[2025-06-17T05:02:31.534+0000] {logging_mixin.py:190} INFO - [2025-06-17T05:02:31.534+0000] {dag.py:3239} INFO - Sync 1 DAGs
[2025-06-17T05:02:31.546+0000] {logging_mixin.py:190} INFO - [2025-06-17T05:02:31.546+0000] {dag.py:4180} INFO - Setting next_dagrun for example_kubernetes_executor to None, run_after=None
[2025-06-17T05:02:31.562+0000] {processor.py:208} INFO - Processing /home/airflow/.local/lib/python3.12/site-packages/airflow/example_dags/example_kubernetes_executor.py took 0.065 seconds
[2025-06-17T05:06:08.174+0000] {processor.py:186} INFO - Started process (PID=109) to work on /home/airflow/.local/lib/python3.12/site-packages/airflow/example_dags/example_kubernetes_executor.py
[2025-06-17T05:06:08.175+0000] {processor.py:914} INFO - Processing file /home/airflow/.local/lib/python3.12/site-packages/airflow/example_dags/example_kubernetes_executor.py for tasks to queue
[2025-06-17T05:06:08.176+0000] {logging_mixin.py:190} INFO - [2025-06-17T05:06:08.175+0000] {dagbag.py:588} INFO - Filling up the DagBag from /home/airflow/.local/lib/python3.12/site-packages/airflow/example_dags/example_kubernetes_executor.py
[2025-06-17T05:06:08.188+0000] {processor.py:925} INFO - DAG(s) 'example_kubernetes_executor' retrieved from /home/airflow/.local/lib/python3.12/site-packages/airflow/example_dags/example_kubernetes_executor.py
[2025-06-17T05:06:08.209+0000] {logging_mixin.py:190} INFO - [2025-06-17T05:06:08.209+0000] {dag.py:3239} INFO - Sync 1 DAGs
[2025-06-17T05:06:08.222+0000] {logging_mixin.py:190} INFO - [2025-06-17T05:06:08.222+0000] {dag.py:4180} INFO - Setting next_dagrun for example_kubernetes_executor to None, run_after=None
[2025-06-17T05:06:08.237+0000] {processor.py:208} INFO - Processing /home/airflow/.local/lib/python3.12/site-packages/airflow/example_dags/example_kubernetes_executor.py took 0.067 seconds
[2025-06-17T05:06:39.307+0000] {processor.py:186} INFO - Started process (PID=172) to work on /home/airflow/.local/lib/python3.12/site-packages/airflow/example_dags/example_kubernetes_executor.py
[2025-06-17T05:06:39.308+0000] {processor.py:914} INFO - Processing file /home/airflow/.local/lib/python3.12/site-packages/airflow/example_dags/example_kubernetes_executor.py for tasks to queue
[2025-06-17T05:06:39.309+0000] {logging_mixin.py:190} INFO - [2025-06-17T05:06:39.308+0000] {dagbag.py:588} INFO - Filling up the DagBag from /home/airflow/.local/lib/python3.12/site-packages/airflow/example_dags/example_kubernetes_executor.py
[2025-06-17T05:06:39.319+0000] {processor.py:925} INFO - DAG(s) 'example_kubernetes_executor' retrieved from /home/airflow/.local/lib/python3.12/site-packages/airflow/example_dags/example_kubernetes_executor.py
[2025-06-17T05:06:39.336+0000] {logging_mixin.py:190} INFO - [2025-06-17T05:06:39.335+0000] {dag.py:3239} INFO - Sync 1 DAGs
[2025-06-17T05:06:39.347+0000] {logging_mixin.py:190} INFO - [2025-06-17T05:06:39.346+0000] {dag.py:4180} INFO - Setting next_dagrun for example_kubernetes_executor to None, run_after=None
[2025-06-17T05:06:39.360+0000] {processor.py:208} INFO - Processing /home/airflow/.local/lib/python3.12/site-packages/airflow/example_dags/example_kubernetes_executor.py took 0.057 seconds
[2025-06-17T05:09:02.805+0000] {processor.py:186} INFO - Started process (PID=107) to work on /home/airflow/.local/lib/python3.12/site-packages/airflow/example_dags/example_kubernetes_executor.py
[2025-06-17T05:09:02.806+0000] {processor.py:914} INFO - Processing file /home/airflow/.local/lib/python3.12/site-packages/airflow/example_dags/example_kubernetes_executor.py for tasks to queue
[2025-06-17T05:09:02.807+0000] {logging_mixin.py:190} INFO - [2025-06-17T05:09:02.806+0000] {dagbag.py:588} INFO - Filling up the DagBag from /home/airflow/.local/lib/python3.12/site-packages/airflow/example_dags/example_kubernetes_executor.py
[2025-06-17T05:09:02.821+0000] {processor.py:925} INFO - DAG(s) 'example_kubernetes_executor' retrieved from /home/airflow/.local/lib/python3.12/site-packages/airflow/example_dags/example_kubernetes_executor.py
[2025-06-17T05:09:02.846+0000] {logging_mixin.py:190} INFO - [2025-06-17T05:09:02.846+0000] {dag.py:3239} INFO - Sync 1 DAGs
[2025-06-17T05:09:02.858+0000] {logging_mixin.py:190} INFO - [2025-06-17T05:09:02.858+0000] {dag.py:4180} INFO - Setting next_dagrun for example_kubernetes_executor to None, run_after=None
[2025-06-17T05:09:02.877+0000] {processor.py:208} INFO - Processing /home/airflow/.local/lib/python3.12/site-packages/airflow/example_dags/example_kubernetes_executor.py took 0.077 seconds
[2025-06-17T05:09:33.545+0000] {processor.py:186} INFO - Started process (PID=170) to work on /home/airflow/.local/lib/python3.12/site-packages/airflow/example_dags/example_kubernetes_executor.py
[2025-06-17T05:09:33.546+0000] {processor.py:914} INFO - Processing file /home/airflow/.local/lib/python3.12/site-packages/airflow/example_dags/example_kubernetes_executor.py for tasks to queue
[2025-06-17T05:09:33.547+0000] {logging_mixin.py:190} INFO - [2025-06-17T05:09:33.547+0000] {dagbag.py:588} INFO - Filling up the DagBag from /home/airflow/.local/lib/python3.12/site-packages/airflow/example_dags/example_kubernetes_executor.py
[2025-06-17T05:09:33.557+0000] {processor.py:925} INFO - DAG(s) 'example_kubernetes_executor' retrieved from /home/airflow/.local/lib/python3.12/site-packages/airflow/example_dags/example_kubernetes_executor.py
[2025-06-17T05:09:33.576+0000] {logging_mixin.py:190} INFO - [2025-06-17T05:09:33.575+0000] {dag.py:3239} INFO - Sync 1 DAGs
[2025-06-17T05:09:33.587+0000] {logging_mixin.py:190} INFO - [2025-06-17T05:09:33.587+0000] {dag.py:4180} INFO - Setting next_dagrun for example_kubernetes_executor to None, run_after=None
[2025-06-17T05:09:33.602+0000] {processor.py:208} INFO - Processing /home/airflow/.local/lib/python3.12/site-packages/airflow/example_dags/example_kubernetes_executor.py took 0.061 seconds
[2025-06-17T05:10:03.824+0000] {processor.py:186} INFO - Started process (PID=233) to work on /home/airflow/.local/lib/python3.12/site-packages/airflow/example_dags/example_kubernetes_executor.py
[2025-06-17T05:10:03.825+0000] {processor.py:914} INFO - Processing file /home/airflow/.local/lib/python3.12/site-packages/airflow/example_dags/example_kubernetes_executor.py for tasks to queue
[2025-06-17T05:10:03.826+0000] {logging_mixin.py:190} INFO - [2025-06-17T05:10:03.825+0000] {dagbag.py:588} INFO - Filling up the DagBag from /home/airflow/.local/lib/python3.12/site-packages/airflow/example_dags/example_kubernetes_executor.py
[2025-06-17T05:10:03.838+0000] {processor.py:925} INFO - DAG(s) 'example_kubernetes_executor' retrieved from /home/airflow/.local/lib/python3.12/site-packages/airflow/example_dags/example_kubernetes_executor.py
[2025-06-17T05:10:03.855+0000] {logging_mixin.py:190} INFO - [2025-06-17T05:10:03.855+0000] {dag.py:3239} INFO - Sync 1 DAGs
[2025-06-17T05:10:03.866+0000] {logging_mixin.py:190} INFO - [2025-06-17T05:10:03.866+0000] {dag.py:4180} INFO - Setting next_dagrun for example_kubernetes_executor to None, run_after=None
[2025-06-17T05:10:03.881+0000] {processor.py:208} INFO - Processing /home/airflow/.local/lib/python3.12/site-packages/airflow/example_dags/example_kubernetes_executor.py took 0.061 seconds
[2025-06-17T05:10:34.935+0000] {processor.py:186} INFO - Started process (PID=296) to work on /home/airflow/.local/lib/python3.12/site-packages/airflow/example_dags/example_kubernetes_executor.py
[2025-06-17T05:10:34.935+0000] {processor.py:914} INFO - Processing file /home/airflow/.local/lib/python3.12/site-packages/airflow/example_dags/example_kubernetes_executor.py for tasks to queue
[2025-06-17T05:10:34.936+0000] {logging_mixin.py:190} INFO - [2025-06-17T05:10:34.936+0000] {dagbag.py:588} INFO - Filling up the DagBag from /home/airflow/.local/lib/python3.12/site-packages/airflow/example_dags/example_kubernetes_executor.py
[2025-06-17T05:10:34.947+0000] {processor.py:925} INFO - DAG(s) 'example_kubernetes_executor' retrieved from /home/airflow/.local/lib/python3.12/site-packages/airflow/example_dags/example_kubernetes_executor.py
[2025-06-17T05:10:34.965+0000] {logging_mixin.py:190} INFO - [2025-06-17T05:10:34.965+0000] {dag.py:3239} INFO - Sync 1 DAGs
[2025-06-17T05:10:34.977+0000] {logging_mixin.py:190} INFO - [2025-06-17T05:10:34.977+0000] {dag.py:4180} INFO - Setting next_dagrun for example_kubernetes_executor to None, run_after=None
[2025-06-17T05:10:34.993+0000] {processor.py:208} INFO - Processing /home/airflow/.local/lib/python3.12/site-packages/airflow/example_dags/example_kubernetes_executor.py took 0.063 seconds
[2025-06-17T05:11:05.704+0000] {processor.py:186} INFO - Started process (PID=359) to work on /home/airflow/.local/lib/python3.12/site-packages/airflow/example_dags/example_kubernetes_executor.py
[2025-06-17T05:11:05.705+0000] {processor.py:914} INFO - Processing file /home/airflow/.local/lib/python3.12/site-packages/airflow/example_dags/example_kubernetes_executor.py for tasks to queue
[2025-06-17T05:11:05.706+0000] {logging_mixin.py:190} INFO - [2025-06-17T05:11:05.706+0000] {dagbag.py:588} INFO - Filling up the DagBag from /home/airflow/.local/lib/python3.12/site-packages/airflow/example_dags/example_kubernetes_executor.py
[2025-06-17T05:11:05.717+0000] {processor.py:925} INFO - DAG(s) 'example_kubernetes_executor' retrieved from /home/airflow/.local/lib/python3.12/site-packages/airflow/example_dags/example_kubernetes_executor.py
[2025-06-17T05:11:05.736+0000] {logging_mixin.py:190} INFO - [2025-06-17T05:11:05.736+0000] {dag.py:3239} INFO - Sync 1 DAGs
[2025-06-17T05:11:05.747+0000] {logging_mixin.py:190} INFO - [2025-06-17T05:11:05.747+0000] {dag.py:4180} INFO - Setting next_dagrun for example_kubernetes_executor to None, run_after=None
[2025-06-17T05:11:05.763+0000] {processor.py:208} INFO - Processing /home/airflow/.local/lib/python3.12/site-packages/airflow/example_dags/example_kubernetes_executor.py took 0.063 seconds
[2025-06-17T05:11:36.900+0000] {processor.py:186} INFO - Started process (PID=422) to work on /home/airflow/.local/lib/python3.12/site-packages/airflow/example_dags/example_kubernetes_executor.py
[2025-06-17T05:11:36.901+0000] {processor.py:914} INFO - Processing file /home/airflow/.local/lib/python3.12/site-packages/airflow/example_dags/example_kubernetes_executor.py for tasks to queue
[2025-06-17T05:11:36.902+0000] {logging_mixin.py:190} INFO - [2025-06-17T05:11:36.902+0000] {dagbag.py:588} INFO - Filling up the DagBag from /home/airflow/.local/lib/python3.12/site-packages/airflow/example_dags/example_kubernetes_executor.py
[2025-06-17T05:11:36.914+0000] {processor.py:925} INFO - DAG(s) 'example_kubernetes_executor' retrieved from /home/airflow/.local/lib/python3.12/site-packages/airflow/example_dags/example_kubernetes_executor.py
[2025-06-17T05:11:36.936+0000] {logging_mixin.py:190} INFO - [2025-06-17T05:11:36.936+0000] {dag.py:3239} INFO - Sync 1 DAGs
[2025-06-17T05:11:36.950+0000] {logging_mixin.py:190} INFO - [2025-06-17T05:11:36.950+0000] {dag.py:4180} INFO - Setting next_dagrun for example_kubernetes_executor to None, run_after=None
[2025-06-17T05:11:36.966+0000] {processor.py:208} INFO - Processing /home/airflow/.local/lib/python3.12/site-packages/airflow/example_dags/example_kubernetes_executor.py took 0.071 seconds
[2025-06-17T05:12:07.451+0000] {processor.py:186} INFO - Started process (PID=485) to work on /home/airflow/.local/lib/python3.12/site-packages/airflow/example_dags/example_kubernetes_executor.py
[2025-06-17T05:12:07.452+0000] {processor.py:914} INFO - Processing file /home/airflow/.local/lib/python3.12/site-packages/airflow/example_dags/example_kubernetes_executor.py for tasks to queue
[2025-06-17T05:12:07.453+0000] {logging_mixin.py:190} INFO - [2025-06-17T05:12:07.453+0000] {dagbag.py:588} INFO - Filling up the DagBag from /home/airflow/.local/lib/python3.12/site-packages/airflow/example_dags/example_kubernetes_executor.py
[2025-06-17T05:12:07.465+0000] {processor.py:925} INFO - DAG(s) 'example_kubernetes_executor' retrieved from /home/airflow/.local/lib/python3.12/site-packages/airflow/example_dags/example_kubernetes_executor.py
[2025-06-17T05:12:07.488+0000] {logging_mixin.py:190} INFO - [2025-06-17T05:12:07.487+0000] {dag.py:3239} INFO - Sync 1 DAGs
[2025-06-17T05:12:07.499+0000] {logging_mixin.py:190} INFO - [2025-06-17T05:12:07.499+0000] {dag.py:4180} INFO - Setting next_dagrun for example_kubernetes_executor to None, run_after=None
[2025-06-17T05:12:07.513+0000] {processor.py:208} INFO - Processing /home/airflow/.local/lib/python3.12/site-packages/airflow/example_dags/example_kubernetes_executor.py took 0.066 seconds
[2025-06-17T05:12:37.895+0000] {processor.py:186} INFO - Started process (PID=548) to work on /home/airflow/.local/lib/python3.12/site-packages/airflow/example_dags/example_kubernetes_executor.py
[2025-06-17T05:12:37.895+0000] {processor.py:914} INFO - Processing file /home/airflow/.local/lib/python3.12/site-packages/airflow/example_dags/example_kubernetes_executor.py for tasks to queue
[2025-06-17T05:12:37.896+0000] {logging_mixin.py:190} INFO - [2025-06-17T05:12:37.896+0000] {dagbag.py:588} INFO - Filling up the DagBag from /home/airflow/.local/lib/python3.12/site-packages/airflow/example_dags/example_kubernetes_executor.py
[2025-06-17T05:12:37.906+0000] {processor.py:925} INFO - DAG(s) 'example_kubernetes_executor' retrieved from /home/airflow/.local/lib/python3.12/site-packages/airflow/example_dags/example_kubernetes_executor.py
[2025-06-17T05:12:37.925+0000] {logging_mixin.py:190} INFO - [2025-06-17T05:12:37.925+0000] {dag.py:3239} INFO - Sync 1 DAGs
[2025-06-17T05:12:37.936+0000] {logging_mixin.py:190} INFO - [2025-06-17T05:12:37.936+0000] {dag.py:4180} INFO - Setting next_dagrun for example_kubernetes_executor to None, run_after=None
[2025-06-17T05:12:37.950+0000] {processor.py:208} INFO - Processing /home/airflow/.local/lib/python3.12/site-packages/airflow/example_dags/example_kubernetes_executor.py took 0.060 seconds
[2025-06-17T05:13:08.709+0000] {processor.py:186} INFO - Started process (PID=611) to work on /home/airflow/.local/lib/python3.12/site-packages/airflow/example_dags/example_kubernetes_executor.py
[2025-06-17T05:13:08.709+0000] {processor.py:914} INFO - Processing file /home/airflow/.local/lib/python3.12/site-packages/airflow/example_dags/example_kubernetes_executor.py for tasks to queue
[2025-06-17T05:13:08.710+0000] {logging_mixin.py:190} INFO - [2025-06-17T05:13:08.710+0000] {dagbag.py:588} INFO - Filling up the DagBag from /home/airflow/.local/lib/python3.12/site-packages/airflow/example_dags/example_kubernetes_executor.py
[2025-06-17T05:13:08.721+0000] {processor.py:925} INFO - DAG(s) 'example_kubernetes_executor' retrieved from /home/airflow/.local/lib/python3.12/site-packages/airflow/example_dags/example_kubernetes_executor.py
[2025-06-17T05:13:08.740+0000] {logging_mixin.py:190} INFO - [2025-06-17T05:13:08.740+0000] {dag.py:3239} INFO - Sync 1 DAGs
[2025-06-17T05:13:08.750+0000] {logging_mixin.py:190} INFO - [2025-06-17T05:13:08.750+0000] {dag.py:4180} INFO - Setting next_dagrun for example_kubernetes_executor to None, run_after=None
[2025-06-17T05:13:08.765+0000] {processor.py:208} INFO - Processing /home/airflow/.local/lib/python3.12/site-packages/airflow/example_dags/example_kubernetes_executor.py took 0.060 seconds
[2025-06-17T05:13:39.255+0000] {processor.py:186} INFO - Started process (PID=675) to work on /home/airflow/.local/lib/python3.12/site-packages/airflow/example_dags/example_kubernetes_executor.py
[2025-06-17T05:13:39.256+0000] {processor.py:914} INFO - Processing file /home/airflow/.local/lib/python3.12/site-packages/airflow/example_dags/example_kubernetes_executor.py for tasks to queue
[2025-06-17T05:13:39.257+0000] {logging_mixin.py:190} INFO - [2025-06-17T05:13:39.256+0000] {dagbag.py:588} INFO - Filling up the DagBag from /home/airflow/.local/lib/python3.12/site-packages/airflow/example_dags/example_kubernetes_executor.py
[2025-06-17T05:13:39.267+0000] {processor.py:925} INFO - DAG(s) 'example_kubernetes_executor' retrieved from /home/airflow/.local/lib/python3.12/site-packages/airflow/example_dags/example_kubernetes_executor.py
[2025-06-17T05:13:39.284+0000] {logging_mixin.py:190} INFO - [2025-06-17T05:13:39.284+0000] {dag.py:3239} INFO - Sync 1 DAGs
[2025-06-17T05:13:39.296+0000] {logging_mixin.py:190} INFO - [2025-06-17T05:13:39.296+0000] {dag.py:4180} INFO - Setting next_dagrun for example_kubernetes_executor to None, run_after=None
[2025-06-17T05:13:39.311+0000] {processor.py:208} INFO - Processing /home/airflow/.local/lib/python3.12/site-packages/airflow/example_dags/example_kubernetes_executor.py took 0.060 seconds
[2025-06-17T05:14:10.027+0000] {processor.py:186} INFO - Started process (PID=737) to work on /home/airflow/.local/lib/python3.12/site-packages/airflow/example_dags/example_kubernetes_executor.py
[2025-06-17T05:14:10.028+0000] {processor.py:914} INFO - Processing file /home/airflow/.local/lib/python3.12/site-packages/airflow/example_dags/example_kubernetes_executor.py for tasks to queue
[2025-06-17T05:14:10.029+0000] {logging_mixin.py:190} INFO - [2025-06-17T05:14:10.029+0000] {dagbag.py:588} INFO - Filling up the DagBag from /home/airflow/.local/lib/python3.12/site-packages/airflow/example_dags/example_kubernetes_executor.py
[2025-06-17T05:14:10.041+0000] {processor.py:925} INFO - DAG(s) 'example_kubernetes_executor' retrieved from /home/airflow/.local/lib/python3.12/site-packages/airflow/example_dags/example_kubernetes_executor.py
[2025-06-17T05:14:10.060+0000] {logging_mixin.py:190} INFO - [2025-06-17T05:14:10.060+0000] {dag.py:3239} INFO - Sync 1 DAGs
[2025-06-17T05:14:10.074+0000] {logging_mixin.py:190} INFO - [2025-06-17T05:14:10.074+0000] {dag.py:4180} INFO - Setting next_dagrun for example_kubernetes_executor to None, run_after=None
[2025-06-17T05:14:10.093+0000] {processor.py:208} INFO - Processing /home/airflow/.local/lib/python3.12/site-packages/airflow/example_dags/example_kubernetes_executor.py took 0.071 seconds
[2025-06-17T05:17:50.481+0000] {processor.py:186} INFO - Started process (PID=108) to work on /home/airflow/.local/lib/python3.12/site-packages/airflow/example_dags/example_kubernetes_executor.py
[2025-06-17T05:17:50.482+0000] {processor.py:914} INFO - Processing file /home/airflow/.local/lib/python3.12/site-packages/airflow/example_dags/example_kubernetes_executor.py for tasks to queue
[2025-06-17T05:17:50.483+0000] {logging_mixin.py:190} INFO - [2025-06-17T05:17:50.483+0000] {dagbag.py:588} INFO - Filling up the DagBag from /home/airflow/.local/lib/python3.12/site-packages/airflow/example_dags/example_kubernetes_executor.py
[2025-06-17T05:17:50.497+0000] {processor.py:925} INFO - DAG(s) 'example_kubernetes_executor' retrieved from /home/airflow/.local/lib/python3.12/site-packages/airflow/example_dags/example_kubernetes_executor.py
[2025-06-17T05:17:50.580+0000] {logging_mixin.py:190} INFO - [2025-06-17T05:17:50.579+0000] {override.py:1912} INFO - Created Permission View: can read on DAG:example_kubernetes_executor
[2025-06-17T05:17:50.589+0000] {logging_mixin.py:190} INFO - [2025-06-17T05:17:50.588+0000] {override.py:1912} INFO - Created Permission View: can delete on DAG:example_kubernetes_executor
[2025-06-17T05:17:50.594+0000] {logging_mixin.py:190} INFO - [2025-06-17T05:17:50.594+0000] {override.py:1912} INFO - Created Permission View: can edit on DAG:example_kubernetes_executor
[2025-06-17T05:17:50.602+0000] {logging_mixin.py:190} INFO - [2025-06-17T05:17:50.601+0000] {override.py:1912} INFO - Created Permission View: can read on DAG Run:example_kubernetes_executor
[2025-06-17T05:17:50.607+0000] {logging_mixin.py:190} INFO - [2025-06-17T05:17:50.607+0000] {override.py:1912} INFO - Created Permission View: can delete on DAG Run:example_kubernetes_executor
[2025-06-17T05:17:50.613+0000] {logging_mixin.py:190} INFO - [2025-06-17T05:17:50.613+0000] {override.py:1912} INFO - Created Permission View: menu access on DAG Run:example_kubernetes_executor
[2025-06-17T05:17:50.619+0000] {logging_mixin.py:190} INFO - [2025-06-17T05:17:50.618+0000] {override.py:1912} INFO - Created Permission View: can create on DAG Run:example_kubernetes_executor
[2025-06-17T05:17:50.619+0000] {logging_mixin.py:190} INFO - [2025-06-17T05:17:50.619+0000] {dag.py:3239} INFO - Sync 1 DAGs
[2025-06-17T05:17:50.628+0000] {logging_mixin.py:190} INFO - [2025-06-17T05:17:50.628+0000] {dag.py:3262} INFO - Creating ORM DAG for example_kubernetes_executor
[2025-06-17T05:17:50.629+0000] {logging_mixin.py:190} INFO - [2025-06-17T05:17:50.628+0000] {dag.py:4180} INFO - Setting next_dagrun for example_kubernetes_executor to None, run_after=None
[2025-06-17T05:17:50.642+0000] {processor.py:208} INFO - Processing /home/airflow/.local/lib/python3.12/site-packages/airflow/example_dags/example_kubernetes_executor.py took 0.166 seconds
[2025-06-17T05:19:17.138+0000] {processor.py:186} INFO - Started process (PID=108) to work on /home/airflow/.local/lib/python3.12/site-packages/airflow/example_dags/example_kubernetes_executor.py
[2025-06-17T05:19:17.138+0000] {processor.py:914} INFO - Processing file /home/airflow/.local/lib/python3.12/site-packages/airflow/example_dags/example_kubernetes_executor.py for tasks to queue
[2025-06-17T05:19:17.139+0000] {logging_mixin.py:190} INFO - [2025-06-17T05:19:17.139+0000] {dagbag.py:588} INFO - Filling up the DagBag from /home/airflow/.local/lib/python3.12/site-packages/airflow/example_dags/example_kubernetes_executor.py
[2025-06-17T05:19:17.152+0000] {processor.py:925} INFO - DAG(s) 'example_kubernetes_executor' retrieved from /home/airflow/.local/lib/python3.12/site-packages/airflow/example_dags/example_kubernetes_executor.py
[2025-06-17T05:19:17.173+0000] {logging_mixin.py:190} INFO - [2025-06-17T05:19:17.173+0000] {dag.py:3239} INFO - Sync 1 DAGs
[2025-06-17T05:19:17.186+0000] {logging_mixin.py:190} INFO - [2025-06-17T05:19:17.186+0000] {dag.py:4180} INFO - Setting next_dagrun for example_kubernetes_executor to None, run_after=None
[2025-06-17T05:19:17.202+0000] {processor.py:208} INFO - Processing /home/airflow/.local/lib/python3.12/site-packages/airflow/example_dags/example_kubernetes_executor.py took 0.068 seconds
[2025-06-17T05:19:47.946+0000] {processor.py:186} INFO - Started process (PID=171) to work on /home/airflow/.local/lib/python3.12/site-packages/airflow/example_dags/example_kubernetes_executor.py
[2025-06-17T05:19:47.947+0000] {processor.py:914} INFO - Processing file /home/airflow/.local/lib/python3.12/site-packages/airflow/example_dags/example_kubernetes_executor.py for tasks to queue
[2025-06-17T05:19:47.948+0000] {logging_mixin.py:190} INFO - [2025-06-17T05:19:47.947+0000] {dagbag.py:588} INFO - Filling up the DagBag from /home/airflow/.local/lib/python3.12/site-packages/airflow/example_dags/example_kubernetes_executor.py
[2025-06-17T05:19:47.960+0000] {processor.py:925} INFO - DAG(s) 'example_kubernetes_executor' retrieved from /home/airflow/.local/lib/python3.12/site-packages/airflow/example_dags/example_kubernetes_executor.py
[2025-06-17T05:19:47.977+0000] {logging_mixin.py:190} INFO - [2025-06-17T05:19:47.977+0000] {dag.py:3239} INFO - Sync 1 DAGs
[2025-06-17T05:19:47.989+0000] {logging_mixin.py:190} INFO - [2025-06-17T05:19:47.989+0000] {dag.py:4180} INFO - Setting next_dagrun for example_kubernetes_executor to None, run_after=None
[2025-06-17T05:19:48.006+0000] {processor.py:208} INFO - Processing /home/airflow/.local/lib/python3.12/site-packages/airflow/example_dags/example_kubernetes_executor.py took 0.065 seconds
[2025-06-17T05:21:35.974+0000] {processor.py:186} INFO - Started process (PID=108) to work on /home/airflow/.local/lib/python3.12/site-packages/airflow/example_dags/example_kubernetes_executor.py
[2025-06-17T05:21:35.975+0000] {processor.py:914} INFO - Processing file /home/airflow/.local/lib/python3.12/site-packages/airflow/example_dags/example_kubernetes_executor.py for tasks to queue
[2025-06-17T05:21:35.976+0000] {logging_mixin.py:190} INFO - [2025-06-17T05:21:35.976+0000] {dagbag.py:588} INFO - Filling up the DagBag from /home/airflow/.local/lib/python3.12/site-packages/airflow/example_dags/example_kubernetes_executor.py
[2025-06-17T05:21:35.990+0000] {processor.py:925} INFO - DAG(s) 'example_kubernetes_executor' retrieved from /home/airflow/.local/lib/python3.12/site-packages/airflow/example_dags/example_kubernetes_executor.py
[2025-06-17T05:21:36.011+0000] {logging_mixin.py:190} INFO - [2025-06-17T05:21:36.010+0000] {dag.py:3239} INFO - Sync 1 DAGs
[2025-06-17T05:21:36.023+0000] {logging_mixin.py:190} INFO - [2025-06-17T05:21:36.023+0000] {dag.py:4180} INFO - Setting next_dagrun for example_kubernetes_executor to None, run_after=None
[2025-06-17T05:21:36.040+0000] {processor.py:208} INFO - Processing /home/airflow/.local/lib/python3.12/site-packages/airflow/example_dags/example_kubernetes_executor.py took 0.070 seconds
[2025-06-17T05:22:06.881+0000] {processor.py:186} INFO - Started process (PID=171) to work on /home/airflow/.local/lib/python3.12/site-packages/airflow/example_dags/example_kubernetes_executor.py
[2025-06-17T05:22:06.882+0000] {processor.py:914} INFO - Processing file /home/airflow/.local/lib/python3.12/site-packages/airflow/example_dags/example_kubernetes_executor.py for tasks to queue
[2025-06-17T05:22:06.883+0000] {logging_mixin.py:190} INFO - [2025-06-17T05:22:06.883+0000] {dagbag.py:588} INFO - Filling up the DagBag from /home/airflow/.local/lib/python3.12/site-packages/airflow/example_dags/example_kubernetes_executor.py
[2025-06-17T05:22:06.894+0000] {processor.py:925} INFO - DAG(s) 'example_kubernetes_executor' retrieved from /home/airflow/.local/lib/python3.12/site-packages/airflow/example_dags/example_kubernetes_executor.py
[2025-06-17T05:22:06.912+0000] {logging_mixin.py:190} INFO - [2025-06-17T05:22:06.912+0000] {dag.py:3239} INFO - Sync 1 DAGs
[2025-06-17T05:22:06.924+0000] {logging_mixin.py:190} INFO - [2025-06-17T05:22:06.924+0000] {dag.py:4180} INFO - Setting next_dagrun for example_kubernetes_executor to None, run_after=None
[2025-06-17T05:22:06.940+0000] {processor.py:208} INFO - Processing /home/airflow/.local/lib/python3.12/site-packages/airflow/example_dags/example_kubernetes_executor.py took 0.063 seconds
[2025-06-17T05:22:37.763+0000] {processor.py:186} INFO - Started process (PID=234) to work on /home/airflow/.local/lib/python3.12/site-packages/airflow/example_dags/example_kubernetes_executor.py
[2025-06-17T05:22:37.764+0000] {processor.py:914} INFO - Processing file /home/airflow/.local/lib/python3.12/site-packages/airflow/example_dags/example_kubernetes_executor.py for tasks to queue
[2025-06-17T05:22:37.766+0000] {logging_mixin.py:190} INFO - [2025-06-17T05:22:37.765+0000] {dagbag.py:588} INFO - Filling up the DagBag from /home/airflow/.local/lib/python3.12/site-packages/airflow/example_dags/example_kubernetes_executor.py
[2025-06-17T05:22:37.778+0000] {processor.py:925} INFO - DAG(s) 'example_kubernetes_executor' retrieved from /home/airflow/.local/lib/python3.12/site-packages/airflow/example_dags/example_kubernetes_executor.py
[2025-06-17T05:22:37.803+0000] {logging_mixin.py:190} INFO - [2025-06-17T05:22:37.802+0000] {dag.py:3239} INFO - Sync 1 DAGs
[2025-06-17T05:22:37.815+0000] {logging_mixin.py:190} INFO - [2025-06-17T05:22:37.815+0000] {dag.py:4180} INFO - Setting next_dagrun for example_kubernetes_executor to None, run_after=None
[2025-06-17T05:22:37.833+0000] {processor.py:208} INFO - Processing /home/airflow/.local/lib/python3.12/site-packages/airflow/example_dags/example_kubernetes_executor.py took 0.075 seconds
[2025-06-17T05:23:08.566+0000] {processor.py:186} INFO - Started process (PID=297) to work on /home/airflow/.local/lib/python3.12/site-packages/airflow/example_dags/example_kubernetes_executor.py
[2025-06-17T05:23:08.567+0000] {processor.py:914} INFO - Processing file /home/airflow/.local/lib/python3.12/site-packages/airflow/example_dags/example_kubernetes_executor.py for tasks to queue
[2025-06-17T05:23:08.568+0000] {logging_mixin.py:190} INFO - [2025-06-17T05:23:08.568+0000] {dagbag.py:588} INFO - Filling up the DagBag from /home/airflow/.local/lib/python3.12/site-packages/airflow/example_dags/example_kubernetes_executor.py
[2025-06-17T05:23:08.578+0000] {processor.py:925} INFO - DAG(s) 'example_kubernetes_executor' retrieved from /home/airflow/.local/lib/python3.12/site-packages/airflow/example_dags/example_kubernetes_executor.py
[2025-06-17T05:23:08.595+0000] {logging_mixin.py:190} INFO - [2025-06-17T05:23:08.595+0000] {dag.py:3239} INFO - Sync 1 DAGs
[2025-06-17T05:23:08.606+0000] {logging_mixin.py:190} INFO - [2025-06-17T05:23:08.606+0000] {dag.py:4180} INFO - Setting next_dagrun for example_kubernetes_executor to None, run_after=None
[2025-06-17T05:23:08.621+0000] {processor.py:208} INFO - Processing /home/airflow/.local/lib/python3.12/site-packages/airflow/example_dags/example_kubernetes_executor.py took 0.060 seconds
[2025-06-17T05:23:39.783+0000] {processor.py:186} INFO - Started process (PID=360) to work on /home/airflow/.local/lib/python3.12/site-packages/airflow/example_dags/example_kubernetes_executor.py
[2025-06-17T05:23:39.784+0000] {processor.py:914} INFO - Processing file /home/airflow/.local/lib/python3.12/site-packages/airflow/example_dags/example_kubernetes_executor.py for tasks to queue
[2025-06-17T05:23:39.785+0000] {logging_mixin.py:190} INFO - [2025-06-17T05:23:39.784+0000] {dagbag.py:588} INFO - Filling up the DagBag from /home/airflow/.local/lib/python3.12/site-packages/airflow/example_dags/example_kubernetes_executor.py
[2025-06-17T05:23:39.795+0000] {processor.py:925} INFO - DAG(s) 'example_kubernetes_executor' retrieved from /home/airflow/.local/lib/python3.12/site-packages/airflow/example_dags/example_kubernetes_executor.py
[2025-06-17T05:23:39.814+0000] {logging_mixin.py:190} INFO - [2025-06-17T05:23:39.814+0000] {dag.py:3239} INFO - Sync 1 DAGs
[2025-06-17T05:23:39.826+0000] {logging_mixin.py:190} INFO - [2025-06-17T05:23:39.825+0000] {dag.py:4180} INFO - Setting next_dagrun for example_kubernetes_executor to None, run_after=None
[2025-06-17T05:23:39.842+0000] {processor.py:208} INFO - Processing /home/airflow/.local/lib/python3.12/site-packages/airflow/example_dags/example_kubernetes_executor.py took 0.063 seconds
