[2025-06-17T05:01:24.523+0000] {processor.py:186} INFO - Started process (PID=64) to work on /home/airflow/.local/lib/python3.12/site-packages/airflow/example_dags/example_inlet_event_extra.py
[2025-06-17T05:01:24.524+0000] {processor.py:914} INFO - Processing file /home/airflow/.local/lib/python3.12/site-packages/airflow/example_dags/example_inlet_event_extra.py for tasks to queue
[2025-06-17T05:01:24.525+0000] {logging_mixin.py:190} INFO - [2025-06-17T05:01:24.525+0000] {dagbag.py:588} INFO - Filling up the DagBag from /home/airflow/.local/lib/python3.12/site-packages/airflow/example_dags/example_inlet_event_extra.py
[2025-06-17T05:01:25.443+0000] {processor.py:925} INFO - DAG(s) 'read_dataset_event', 'read_dataset_event_from_classic' retrieved from /home/airflow/.local/lib/python3.12/site-packages/airflow/example_dags/example_inlet_event_extra.py
[2025-06-17T05:01:25.520+0000] {logging_mixin.py:190} INFO - [2025-06-17T05:01:25.520+0000] {override.py:1912} INFO - Created Permission View: can read on DAG:read_dataset_event
[2025-06-17T05:01:25.531+0000] {logging_mixin.py:190} INFO - [2025-06-17T05:01:25.530+0000] {override.py:1912} INFO - Created Permission View: can edit on DAG:read_dataset_event
[2025-06-17T05:01:25.537+0000] {logging_mixin.py:190} INFO - [2025-06-17T05:01:25.537+0000] {override.py:1912} INFO - Created Permission View: can delete on DAG:read_dataset_event
[2025-06-17T05:01:25.546+0000] {logging_mixin.py:190} INFO - [2025-06-17T05:01:25.546+0000] {override.py:1912} INFO - Created Permission View: menu access on DAG Run:read_dataset_event
[2025-06-17T05:01:25.552+0000] {logging_mixin.py:190} INFO - [2025-06-17T05:01:25.552+0000] {override.py:1912} INFO - Created Permission View: can create on DAG Run:read_dataset_event
[2025-06-17T05:01:25.558+0000] {logging_mixin.py:190} INFO - [2025-06-17T05:01:25.558+0000] {override.py:1912} INFO - Created Permission View: can read on DAG Run:read_dataset_event
[2025-06-17T05:01:25.565+0000] {logging_mixin.py:190} INFO - [2025-06-17T05:01:25.564+0000] {override.py:1912} INFO - Created Permission View: can delete on DAG Run:read_dataset_event
[2025-06-17T05:01:25.578+0000] {logging_mixin.py:190} INFO - [2025-06-17T05:01:25.578+0000] {override.py:1912} INFO - Created Permission View: can read on DAG:read_dataset_event_from_classic
[2025-06-17T05:01:25.585+0000] {logging_mixin.py:190} INFO - [2025-06-17T05:01:25.585+0000] {override.py:1912} INFO - Created Permission View: can edit on DAG:read_dataset_event_from_classic
[2025-06-17T05:01:25.592+0000] {logging_mixin.py:190} INFO - [2025-06-17T05:01:25.591+0000] {override.py:1912} INFO - Created Permission View: can delete on DAG:read_dataset_event_from_classic
[2025-06-17T05:01:25.599+0000] {logging_mixin.py:190} INFO - [2025-06-17T05:01:25.599+0000] {override.py:1912} INFO - Created Permission View: menu access on DAG Run:read_dataset_event_from_classic
[2025-06-17T05:01:25.606+0000] {logging_mixin.py:190} INFO - [2025-06-17T05:01:25.606+0000] {override.py:1912} INFO - Created Permission View: can create on DAG Run:read_dataset_event_from_classic
[2025-06-17T05:01:25.613+0000] {logging_mixin.py:190} INFO - [2025-06-17T05:01:25.613+0000] {override.py:1912} INFO - Created Permission View: can read on DAG Run:read_dataset_event_from_classic
[2025-06-17T05:01:25.620+0000] {logging_mixin.py:190} INFO - [2025-06-17T05:01:25.620+0000] {override.py:1912} INFO - Created Permission View: can delete on DAG Run:read_dataset_event_from_classic
[2025-06-17T05:01:25.620+0000] {logging_mixin.py:190} INFO - [2025-06-17T05:01:25.620+0000] {dag.py:3239} INFO - Sync 2 DAGs
[2025-06-17T05:01:25.630+0000] {logging_mixin.py:190} INFO - [2025-06-17T05:01:25.630+0000] {dag.py:3262} INFO - Creating ORM DAG for read_dataset_event_from_classic
[2025-06-17T05:01:25.631+0000] {logging_mixin.py:190} INFO - [2025-06-17T05:01:25.631+0000] {dag.py:3262} INFO - Creating ORM DAG for read_dataset_event
[2025-06-17T05:01:25.638+0000] {logging_mixin.py:190} INFO - [2025-06-17T05:01:25.638+0000] {dag.py:4180} INFO - Setting next_dagrun for read_dataset_event to 2025-06-16 00:00:00+00:00, run_after=2025-06-17 00:00:00+00:00
[2025-06-17T05:01:25.640+0000] {logging_mixin.py:190} INFO - [2025-06-17T05:01:25.639+0000] {dag.py:4180} INFO - Setting next_dagrun for read_dataset_event_from_classic to 2025-06-16 00:00:00+00:00, run_after=2025-06-17 00:00:00+00:00
[2025-06-17T05:01:25.653+0000] {processor.py:208} INFO - Processing /home/airflow/.local/lib/python3.12/site-packages/airflow/example_dags/example_inlet_event_extra.py took 1.134 seconds
[2025-06-17T05:01:55.899+0000] {processor.py:186} INFO - Started process (PID=127) to work on /home/airflow/.local/lib/python3.12/site-packages/airflow/example_dags/example_inlet_event_extra.py
[2025-06-17T05:01:55.900+0000] {processor.py:914} INFO - Processing file /home/airflow/.local/lib/python3.12/site-packages/airflow/example_dags/example_inlet_event_extra.py for tasks to queue
[2025-06-17T05:01:55.901+0000] {logging_mixin.py:190} INFO - [2025-06-17T05:01:55.901+0000] {dagbag.py:588} INFO - Filling up the DagBag from /home/airflow/.local/lib/python3.12/site-packages/airflow/example_dags/example_inlet_event_extra.py
[2025-06-17T05:01:56.320+0000] {processor.py:925} INFO - DAG(s) 'read_dataset_event', 'read_dataset_event_from_classic' retrieved from /home/airflow/.local/lib/python3.12/site-packages/airflow/example_dags/example_inlet_event_extra.py
[2025-06-17T05:01:56.336+0000] {logging_mixin.py:190} INFO - [2025-06-17T05:01:56.336+0000] {dag.py:3239} INFO - Sync 2 DAGs
[2025-06-17T05:01:56.352+0000] {logging_mixin.py:190} INFO - [2025-06-17T05:01:56.352+0000] {dag.py:4180} INFO - Setting next_dagrun for read_dataset_event to 2025-06-16 00:00:00+00:00, run_after=2025-06-17 00:00:00+00:00
[2025-06-17T05:01:56.355+0000] {logging_mixin.py:190} INFO - [2025-06-17T05:01:56.355+0000] {dag.py:4180} INFO - Setting next_dagrun for read_dataset_event_from_classic to 2025-06-16 00:00:00+00:00, run_after=2025-06-17 00:00:00+00:00
[2025-06-17T05:01:56.367+0000] {processor.py:208} INFO - Processing /home/airflow/.local/lib/python3.12/site-packages/airflow/example_dags/example_inlet_event_extra.py took 0.471 seconds
[2025-06-17T05:02:26.824+0000] {processor.py:186} INFO - Started process (PID=196) to work on /home/airflow/.local/lib/python3.12/site-packages/airflow/example_dags/example_inlet_event_extra.py
[2025-06-17T05:02:26.825+0000] {processor.py:914} INFO - Processing file /home/airflow/.local/lib/python3.12/site-packages/airflow/example_dags/example_inlet_event_extra.py for tasks to queue
[2025-06-17T05:02:26.826+0000] {logging_mixin.py:190} INFO - [2025-06-17T05:02:26.825+0000] {dagbag.py:588} INFO - Filling up the DagBag from /home/airflow/.local/lib/python3.12/site-packages/airflow/example_dags/example_inlet_event_extra.py
[2025-06-17T05:02:27.269+0000] {processor.py:925} INFO - DAG(s) 'read_dataset_event_from_classic', 'read_dataset_event' retrieved from /home/airflow/.local/lib/python3.12/site-packages/airflow/example_dags/example_inlet_event_extra.py
[2025-06-17T05:02:27.283+0000] {logging_mixin.py:190} INFO - [2025-06-17T05:02:27.283+0000] {dag.py:3239} INFO - Sync 2 DAGs
[2025-06-17T05:02:27.300+0000] {logging_mixin.py:190} INFO - [2025-06-17T05:02:27.300+0000] {dag.py:4180} INFO - Setting next_dagrun for read_dataset_event to 2025-06-16 00:00:00+00:00, run_after=2025-06-17 00:00:00+00:00
[2025-06-17T05:02:27.303+0000] {logging_mixin.py:190} INFO - [2025-06-17T05:02:27.303+0000] {dag.py:4180} INFO - Setting next_dagrun for read_dataset_event_from_classic to 2025-06-16 00:00:00+00:00, run_after=2025-06-17 00:00:00+00:00
[2025-06-17T05:02:27.315+0000] {processor.py:208} INFO - Processing /home/airflow/.local/lib/python3.12/site-packages/airflow/example_dags/example_inlet_event_extra.py took 0.496 seconds
[2025-06-17T05:06:04.180+0000] {processor.py:186} INFO - Started process (PID=66) to work on /home/airflow/.local/lib/python3.12/site-packages/airflow/example_dags/example_inlet_event_extra.py
[2025-06-17T05:06:04.181+0000] {processor.py:914} INFO - Processing file /home/airflow/.local/lib/python3.12/site-packages/airflow/example_dags/example_inlet_event_extra.py for tasks to queue
[2025-06-17T05:06:04.182+0000] {logging_mixin.py:190} INFO - [2025-06-17T05:06:04.181+0000] {dagbag.py:588} INFO - Filling up the DagBag from /home/airflow/.local/lib/python3.12/site-packages/airflow/example_dags/example_inlet_event_extra.py
[2025-06-17T05:06:05.196+0000] {processor.py:925} INFO - DAG(s) 'read_dataset_event', 'read_dataset_event_from_classic' retrieved from /home/airflow/.local/lib/python3.12/site-packages/airflow/example_dags/example_inlet_event_extra.py
[2025-06-17T05:06:05.215+0000] {logging_mixin.py:190} INFO - [2025-06-17T05:06:05.215+0000] {dag.py:3239} INFO - Sync 2 DAGs
[2025-06-17T05:06:05.235+0000] {logging_mixin.py:190} INFO - [2025-06-17T05:06:05.235+0000] {dag.py:4180} INFO - Setting next_dagrun for read_dataset_event to 2025-06-16 00:00:00+00:00, run_after=2025-06-17 00:00:00+00:00
[2025-06-17T05:06:05.239+0000] {logging_mixin.py:190} INFO - [2025-06-17T05:06:05.239+0000] {dag.py:4180} INFO - Setting next_dagrun for read_dataset_event_from_classic to 2025-06-16 00:00:00+00:00, run_after=2025-06-17 00:00:00+00:00
[2025-06-17T05:06:05.253+0000] {processor.py:208} INFO - Processing /home/airflow/.local/lib/python3.12/site-packages/airflow/example_dags/example_inlet_event_extra.py took 1.079 seconds
[2025-06-17T05:06:36.091+0000] {processor.py:186} INFO - Started process (PID=129) to work on /home/airflow/.local/lib/python3.12/site-packages/airflow/example_dags/example_inlet_event_extra.py
[2025-06-17T05:06:36.092+0000] {processor.py:914} INFO - Processing file /home/airflow/.local/lib/python3.12/site-packages/airflow/example_dags/example_inlet_event_extra.py for tasks to queue
[2025-06-17T05:06:36.093+0000] {logging_mixin.py:190} INFO - [2025-06-17T05:06:36.092+0000] {dagbag.py:588} INFO - Filling up the DagBag from /home/airflow/.local/lib/python3.12/site-packages/airflow/example_dags/example_inlet_event_extra.py
[2025-06-17T05:06:36.547+0000] {processor.py:925} INFO - DAG(s) 'read_dataset_event_from_classic', 'read_dataset_event' retrieved from /home/airflow/.local/lib/python3.12/site-packages/airflow/example_dags/example_inlet_event_extra.py
[2025-06-17T05:06:36.561+0000] {logging_mixin.py:190} INFO - [2025-06-17T05:06:36.561+0000] {dag.py:3239} INFO - Sync 2 DAGs
[2025-06-17T05:06:36.578+0000] {logging_mixin.py:190} INFO - [2025-06-17T05:06:36.578+0000] {dag.py:4180} INFO - Setting next_dagrun for read_dataset_event to 2025-06-16 00:00:00+00:00, run_after=2025-06-17 00:00:00+00:00
[2025-06-17T05:06:36.582+0000] {logging_mixin.py:190} INFO - [2025-06-17T05:06:36.582+0000] {dag.py:4180} INFO - Setting next_dagrun for read_dataset_event_from_classic to 2025-06-16 00:00:00+00:00, run_after=2025-06-17 00:00:00+00:00
[2025-06-17T05:06:36.603+0000] {processor.py:208} INFO - Processing /home/airflow/.local/lib/python3.12/site-packages/airflow/example_dags/example_inlet_event_extra.py took 0.516 seconds
[2025-06-17T05:08:57.789+0000] {processor.py:186} INFO - Started process (PID=70) to work on /home/airflow/.local/lib/python3.12/site-packages/airflow/example_dags/example_inlet_event_extra.py
[2025-06-17T05:08:57.790+0000] {processor.py:914} INFO - Processing file /home/airflow/.local/lib/python3.12/site-packages/airflow/example_dags/example_inlet_event_extra.py for tasks to queue
[2025-06-17T05:08:57.791+0000] {logging_mixin.py:190} INFO - [2025-06-17T05:08:57.791+0000] {dagbag.py:588} INFO - Filling up the DagBag from /home/airflow/.local/lib/python3.12/site-packages/airflow/example_dags/example_inlet_event_extra.py
[2025-06-17T05:08:59.194+0000] {processor.py:925} INFO - DAG(s) 'read_dataset_event', 'read_dataset_event_from_classic' retrieved from /home/airflow/.local/lib/python3.12/site-packages/airflow/example_dags/example_inlet_event_extra.py
[2025-06-17T05:08:59.214+0000] {logging_mixin.py:190} INFO - [2025-06-17T05:08:59.214+0000] {dag.py:3239} INFO - Sync 2 DAGs
[2025-06-17T05:08:59.246+0000] {logging_mixin.py:190} INFO - [2025-06-17T05:08:59.246+0000] {dag.py:4180} INFO - Setting next_dagrun for read_dataset_event to 2025-06-16 00:00:00+00:00, run_after=2025-06-17 00:00:00+00:00
[2025-06-17T05:08:59.253+0000] {logging_mixin.py:190} INFO - [2025-06-17T05:08:59.252+0000] {dag.py:4180} INFO - Setting next_dagrun for read_dataset_event_from_classic to 2025-06-16 00:00:00+00:00, run_after=2025-06-17 00:00:00+00:00
[2025-06-17T05:08:59.275+0000] {processor.py:208} INFO - Processing /home/airflow/.local/lib/python3.12/site-packages/airflow/example_dags/example_inlet_event_extra.py took 1.494 seconds
[2025-06-17T05:09:29.838+0000] {processor.py:186} INFO - Started process (PID=133) to work on /home/airflow/.local/lib/python3.12/site-packages/airflow/example_dags/example_inlet_event_extra.py
[2025-06-17T05:09:29.838+0000] {processor.py:914} INFO - Processing file /home/airflow/.local/lib/python3.12/site-packages/airflow/example_dags/example_inlet_event_extra.py for tasks to queue
[2025-06-17T05:09:29.839+0000] {logging_mixin.py:190} INFO - [2025-06-17T05:09:29.839+0000] {dagbag.py:588} INFO - Filling up the DagBag from /home/airflow/.local/lib/python3.12/site-packages/airflow/example_dags/example_inlet_event_extra.py
[2025-06-17T05:09:30.313+0000] {processor.py:925} INFO - DAG(s) 'read_dataset_event', 'read_dataset_event_from_classic' retrieved from /home/airflow/.local/lib/python3.12/site-packages/airflow/example_dags/example_inlet_event_extra.py
[2025-06-17T05:09:30.328+0000] {logging_mixin.py:190} INFO - [2025-06-17T05:09:30.328+0000] {dag.py:3239} INFO - Sync 2 DAGs
[2025-06-17T05:09:30.346+0000] {logging_mixin.py:190} INFO - [2025-06-17T05:09:30.346+0000] {dag.py:4180} INFO - Setting next_dagrun for read_dataset_event to 2025-06-16 00:00:00+00:00, run_after=2025-06-17 00:00:00+00:00
[2025-06-17T05:09:30.350+0000] {logging_mixin.py:190} INFO - [2025-06-17T05:09:30.350+0000] {dag.py:4180} INFO - Setting next_dagrun for read_dataset_event_from_classic to 2025-06-16 00:00:00+00:00, run_after=2025-06-17 00:00:00+00:00
[2025-06-17T05:09:30.364+0000] {processor.py:208} INFO - Processing /home/airflow/.local/lib/python3.12/site-packages/airflow/example_dags/example_inlet_event_extra.py took 0.530 seconds
[2025-06-17T05:10:00.396+0000] {processor.py:186} INFO - Started process (PID=195) to work on /home/airflow/.local/lib/python3.12/site-packages/airflow/example_dags/example_inlet_event_extra.py
[2025-06-17T05:10:00.397+0000] {processor.py:914} INFO - Processing file /home/airflow/.local/lib/python3.12/site-packages/airflow/example_dags/example_inlet_event_extra.py for tasks to queue
[2025-06-17T05:10:00.398+0000] {logging_mixin.py:190} INFO - [2025-06-17T05:10:00.398+0000] {dagbag.py:588} INFO - Filling up the DagBag from /home/airflow/.local/lib/python3.12/site-packages/airflow/example_dags/example_inlet_event_extra.py
[2025-06-17T05:10:00.793+0000] {processor.py:925} INFO - DAG(s) 'read_dataset_event_from_classic', 'read_dataset_event' retrieved from /home/airflow/.local/lib/python3.12/site-packages/airflow/example_dags/example_inlet_event_extra.py
[2025-06-17T05:10:00.808+0000] {logging_mixin.py:190} INFO - [2025-06-17T05:10:00.808+0000] {dag.py:3239} INFO - Sync 2 DAGs
[2025-06-17T05:10:00.825+0000] {logging_mixin.py:190} INFO - [2025-06-17T05:10:00.825+0000] {dag.py:4180} INFO - Setting next_dagrun for read_dataset_event to 2025-06-16 00:00:00+00:00, run_after=2025-06-17 00:00:00+00:00
[2025-06-17T05:10:00.829+0000] {logging_mixin.py:190} INFO - [2025-06-17T05:10:00.829+0000] {dag.py:4180} INFO - Setting next_dagrun for read_dataset_event_from_classic to 2025-06-16 00:00:00+00:00, run_after=2025-06-17 00:00:00+00:00
[2025-06-17T05:10:00.840+0000] {processor.py:208} INFO - Processing /home/airflow/.local/lib/python3.12/site-packages/airflow/example_dags/example_inlet_event_extra.py took 0.449 seconds
[2025-06-17T05:10:31.651+0000] {processor.py:186} INFO - Started process (PID=259) to work on /home/airflow/.local/lib/python3.12/site-packages/airflow/example_dags/example_inlet_event_extra.py
[2025-06-17T05:10:31.651+0000] {processor.py:914} INFO - Processing file /home/airflow/.local/lib/python3.12/site-packages/airflow/example_dags/example_inlet_event_extra.py for tasks to queue
[2025-06-17T05:10:31.652+0000] {logging_mixin.py:190} INFO - [2025-06-17T05:10:31.652+0000] {dagbag.py:588} INFO - Filling up the DagBag from /home/airflow/.local/lib/python3.12/site-packages/airflow/example_dags/example_inlet_event_extra.py
[2025-06-17T05:10:32.054+0000] {processor.py:925} INFO - DAG(s) 'read_dataset_event_from_classic', 'read_dataset_event' retrieved from /home/airflow/.local/lib/python3.12/site-packages/airflow/example_dags/example_inlet_event_extra.py
[2025-06-17T05:10:32.066+0000] {logging_mixin.py:190} INFO - [2025-06-17T05:10:32.066+0000] {dag.py:3239} INFO - Sync 2 DAGs
[2025-06-17T05:10:32.082+0000] {logging_mixin.py:190} INFO - [2025-06-17T05:10:32.082+0000] {dag.py:4180} INFO - Setting next_dagrun for read_dataset_event to 2025-06-16 00:00:00+00:00, run_after=2025-06-17 00:00:00+00:00
[2025-06-17T05:10:32.087+0000] {logging_mixin.py:190} INFO - [2025-06-17T05:10:32.087+0000] {dag.py:4180} INFO - Setting next_dagrun for read_dataset_event_from_classic to 2025-06-16 00:00:00+00:00, run_after=2025-06-17 00:00:00+00:00
[2025-06-17T05:10:32.107+0000] {processor.py:208} INFO - Processing /home/airflow/.local/lib/python3.12/site-packages/airflow/example_dags/example_inlet_event_extra.py took 0.461 seconds
[2025-06-17T05:11:02.942+0000] {processor.py:186} INFO - Started process (PID=322) to work on /home/airflow/.local/lib/python3.12/site-packages/airflow/example_dags/example_inlet_event_extra.py
[2025-06-17T05:11:02.943+0000] {processor.py:914} INFO - Processing file /home/airflow/.local/lib/python3.12/site-packages/airflow/example_dags/example_inlet_event_extra.py for tasks to queue
[2025-06-17T05:11:02.944+0000] {logging_mixin.py:190} INFO - [2025-06-17T05:11:02.944+0000] {dagbag.py:588} INFO - Filling up the DagBag from /home/airflow/.local/lib/python3.12/site-packages/airflow/example_dags/example_inlet_event_extra.py
[2025-06-17T05:11:03.398+0000] {processor.py:925} INFO - DAG(s) 'read_dataset_event_from_classic', 'read_dataset_event' retrieved from /home/airflow/.local/lib/python3.12/site-packages/airflow/example_dags/example_inlet_event_extra.py
[2025-06-17T05:11:03.412+0000] {logging_mixin.py:190} INFO - [2025-06-17T05:11:03.412+0000] {dag.py:3239} INFO - Sync 2 DAGs
[2025-06-17T05:11:03.429+0000] {logging_mixin.py:190} INFO - [2025-06-17T05:11:03.429+0000] {dag.py:4180} INFO - Setting next_dagrun for read_dataset_event to 2025-06-16 00:00:00+00:00, run_after=2025-06-17 00:00:00+00:00
[2025-06-17T05:11:03.434+0000] {logging_mixin.py:190} INFO - [2025-06-17T05:11:03.434+0000] {dag.py:4180} INFO - Setting next_dagrun for read_dataset_event_from_classic to 2025-06-16 00:00:00+00:00, run_after=2025-06-17 00:00:00+00:00
[2025-06-17T05:11:03.453+0000] {processor.py:208} INFO - Processing /home/airflow/.local/lib/python3.12/site-packages/airflow/example_dags/example_inlet_event_extra.py took 0.516 seconds
[2025-06-17T05:11:33.686+0000] {processor.py:186} INFO - Started process (PID=385) to work on /home/airflow/.local/lib/python3.12/site-packages/airflow/example_dags/example_inlet_event_extra.py
[2025-06-17T05:11:33.686+0000] {processor.py:914} INFO - Processing file /home/airflow/.local/lib/python3.12/site-packages/airflow/example_dags/example_inlet_event_extra.py for tasks to queue
[2025-06-17T05:11:33.687+0000] {logging_mixin.py:190} INFO - [2025-06-17T05:11:33.687+0000] {dagbag.py:588} INFO - Filling up the DagBag from /home/airflow/.local/lib/python3.12/site-packages/airflow/example_dags/example_inlet_event_extra.py
[2025-06-17T05:11:34.113+0000] {processor.py:925} INFO - DAG(s) 'read_dataset_event', 'read_dataset_event_from_classic' retrieved from /home/airflow/.local/lib/python3.12/site-packages/airflow/example_dags/example_inlet_event_extra.py
[2025-06-17T05:11:34.133+0000] {logging_mixin.py:190} INFO - [2025-06-17T05:11:34.132+0000] {dag.py:3239} INFO - Sync 2 DAGs
[2025-06-17T05:11:34.151+0000] {logging_mixin.py:190} INFO - [2025-06-17T05:11:34.151+0000] {dag.py:4180} INFO - Setting next_dagrun for read_dataset_event to 2025-06-16 00:00:00+00:00, run_after=2025-06-17 00:00:00+00:00
[2025-06-17T05:11:34.156+0000] {logging_mixin.py:190} INFO - [2025-06-17T05:11:34.156+0000] {dag.py:4180} INFO - Setting next_dagrun for read_dataset_event_from_classic to 2025-06-16 00:00:00+00:00, run_after=2025-06-17 00:00:00+00:00
[2025-06-17T05:11:34.177+0000] {processor.py:208} INFO - Processing /home/airflow/.local/lib/python3.12/site-packages/airflow/example_dags/example_inlet_event_extra.py took 0.496 seconds
[2025-06-17T05:12:04.760+0000] {processor.py:186} INFO - Started process (PID=448) to work on /home/airflow/.local/lib/python3.12/site-packages/airflow/example_dags/example_inlet_event_extra.py
[2025-06-17T05:12:04.760+0000] {processor.py:914} INFO - Processing file /home/airflow/.local/lib/python3.12/site-packages/airflow/example_dags/example_inlet_event_extra.py for tasks to queue
[2025-06-17T05:12:04.761+0000] {logging_mixin.py:190} INFO - [2025-06-17T05:12:04.761+0000] {dagbag.py:588} INFO - Filling up the DagBag from /home/airflow/.local/lib/python3.12/site-packages/airflow/example_dags/example_inlet_event_extra.py
[2025-06-17T05:12:05.169+0000] {processor.py:925} INFO - DAG(s) 'read_dataset_event_from_classic', 'read_dataset_event' retrieved from /home/airflow/.local/lib/python3.12/site-packages/airflow/example_dags/example_inlet_event_extra.py
[2025-06-17T05:12:05.181+0000] {logging_mixin.py:190} INFO - [2025-06-17T05:12:05.181+0000] {dag.py:3239} INFO - Sync 2 DAGs
[2025-06-17T05:12:05.197+0000] {logging_mixin.py:190} INFO - [2025-06-17T05:12:05.197+0000] {dag.py:4180} INFO - Setting next_dagrun for read_dataset_event to 2025-06-16 00:00:00+00:00, run_after=2025-06-17 00:00:00+00:00
[2025-06-17T05:12:05.201+0000] {logging_mixin.py:190} INFO - [2025-06-17T05:12:05.201+0000] {dag.py:4180} INFO - Setting next_dagrun for read_dataset_event_from_classic to 2025-06-16 00:00:00+00:00, run_after=2025-06-17 00:00:00+00:00
[2025-06-17T05:12:05.212+0000] {processor.py:208} INFO - Processing /home/airflow/.local/lib/python3.12/site-packages/airflow/example_dags/example_inlet_event_extra.py took 0.457 seconds
[2025-06-17T05:12:35.403+0000] {processor.py:186} INFO - Started process (PID=511) to work on /home/airflow/.local/lib/python3.12/site-packages/airflow/example_dags/example_inlet_event_extra.py
[2025-06-17T05:12:35.404+0000] {processor.py:914} INFO - Processing file /home/airflow/.local/lib/python3.12/site-packages/airflow/example_dags/example_inlet_event_extra.py for tasks to queue
[2025-06-17T05:12:35.404+0000] {logging_mixin.py:190} INFO - [2025-06-17T05:12:35.404+0000] {dagbag.py:588} INFO - Filling up the DagBag from /home/airflow/.local/lib/python3.12/site-packages/airflow/example_dags/example_inlet_event_extra.py
[2025-06-17T05:12:35.793+0000] {processor.py:925} INFO - DAG(s) 'read_dataset_event_from_classic', 'read_dataset_event' retrieved from /home/airflow/.local/lib/python3.12/site-packages/airflow/example_dags/example_inlet_event_extra.py
[2025-06-17T05:12:35.806+0000] {logging_mixin.py:190} INFO - [2025-06-17T05:12:35.806+0000] {dag.py:3239} INFO - Sync 2 DAGs
[2025-06-17T05:12:35.824+0000] {logging_mixin.py:190} INFO - [2025-06-17T05:12:35.823+0000] {dag.py:4180} INFO - Setting next_dagrun for read_dataset_event to 2025-06-16 00:00:00+00:00, run_after=2025-06-17 00:00:00+00:00
[2025-06-17T05:12:35.829+0000] {logging_mixin.py:190} INFO - [2025-06-17T05:12:35.829+0000] {dag.py:4180} INFO - Setting next_dagrun for read_dataset_event_from_classic to 2025-06-16 00:00:00+00:00, run_after=2025-06-17 00:00:00+00:00
[2025-06-17T05:12:35.843+0000] {processor.py:208} INFO - Processing /home/airflow/.local/lib/python3.12/site-packages/airflow/example_dags/example_inlet_event_extra.py took 0.443 seconds
[2025-06-17T05:13:05.910+0000] {processor.py:186} INFO - Started process (PID=574) to work on /home/airflow/.local/lib/python3.12/site-packages/airflow/example_dags/example_inlet_event_extra.py
[2025-06-17T05:13:05.910+0000] {processor.py:914} INFO - Processing file /home/airflow/.local/lib/python3.12/site-packages/airflow/example_dags/example_inlet_event_extra.py for tasks to queue
[2025-06-17T05:13:05.911+0000] {logging_mixin.py:190} INFO - [2025-06-17T05:13:05.911+0000] {dagbag.py:588} INFO - Filling up the DagBag from /home/airflow/.local/lib/python3.12/site-packages/airflow/example_dags/example_inlet_event_extra.py
[2025-06-17T05:13:06.343+0000] {processor.py:925} INFO - DAG(s) 'read_dataset_event_from_classic', 'read_dataset_event' retrieved from /home/airflow/.local/lib/python3.12/site-packages/airflow/example_dags/example_inlet_event_extra.py
[2025-06-17T05:13:06.358+0000] {logging_mixin.py:190} INFO - [2025-06-17T05:13:06.357+0000] {dag.py:3239} INFO - Sync 2 DAGs
[2025-06-17T05:13:06.373+0000] {logging_mixin.py:190} INFO - [2025-06-17T05:13:06.373+0000] {dag.py:4180} INFO - Setting next_dagrun for read_dataset_event to 2025-06-16 00:00:00+00:00, run_after=2025-06-17 00:00:00+00:00
[2025-06-17T05:13:06.377+0000] {logging_mixin.py:190} INFO - [2025-06-17T05:13:06.376+0000] {dag.py:4180} INFO - Setting next_dagrun for read_dataset_event_from_classic to 2025-06-16 00:00:00+00:00, run_after=2025-06-17 00:00:00+00:00
[2025-06-17T05:13:06.389+0000] {processor.py:208} INFO - Processing /home/airflow/.local/lib/python3.12/site-packages/airflow/example_dags/example_inlet_event_extra.py took 0.483 seconds
[2025-06-17T05:13:36.658+0000] {processor.py:186} INFO - Started process (PID=638) to work on /home/airflow/.local/lib/python3.12/site-packages/airflow/example_dags/example_inlet_event_extra.py
[2025-06-17T05:13:36.658+0000] {processor.py:914} INFO - Processing file /home/airflow/.local/lib/python3.12/site-packages/airflow/example_dags/example_inlet_event_extra.py for tasks to queue
[2025-06-17T05:13:36.659+0000] {logging_mixin.py:190} INFO - [2025-06-17T05:13:36.659+0000] {dagbag.py:588} INFO - Filling up the DagBag from /home/airflow/.local/lib/python3.12/site-packages/airflow/example_dags/example_inlet_event_extra.py
[2025-06-17T05:13:37.109+0000] {processor.py:925} INFO - DAG(s) 'read_dataset_event_from_classic', 'read_dataset_event' retrieved from /home/airflow/.local/lib/python3.12/site-packages/airflow/example_dags/example_inlet_event_extra.py
[2025-06-17T05:13:37.125+0000] {logging_mixin.py:190} INFO - [2025-06-17T05:13:37.124+0000] {dag.py:3239} INFO - Sync 2 DAGs
[2025-06-17T05:13:37.141+0000] {logging_mixin.py:190} INFO - [2025-06-17T05:13:37.141+0000] {dag.py:4180} INFO - Setting next_dagrun for read_dataset_event to 2025-06-16 00:00:00+00:00, run_after=2025-06-17 00:00:00+00:00
[2025-06-17T05:13:37.144+0000] {logging_mixin.py:190} INFO - [2025-06-17T05:13:37.144+0000] {dag.py:4180} INFO - Setting next_dagrun for read_dataset_event_from_classic to 2025-06-16 00:00:00+00:00, run_after=2025-06-17 00:00:00+00:00
[2025-06-17T05:13:37.156+0000] {processor.py:208} INFO - Processing /home/airflow/.local/lib/python3.12/site-packages/airflow/example_dags/example_inlet_event_extra.py took 0.503 seconds
[2025-06-17T05:14:07.403+0000] {processor.py:186} INFO - Started process (PID=701) to work on /home/airflow/.local/lib/python3.12/site-packages/airflow/example_dags/example_inlet_event_extra.py
[2025-06-17T05:14:07.404+0000] {processor.py:914} INFO - Processing file /home/airflow/.local/lib/python3.12/site-packages/airflow/example_dags/example_inlet_event_extra.py for tasks to queue
[2025-06-17T05:14:07.405+0000] {logging_mixin.py:190} INFO - [2025-06-17T05:14:07.405+0000] {dagbag.py:588} INFO - Filling up the DagBag from /home/airflow/.local/lib/python3.12/site-packages/airflow/example_dags/example_inlet_event_extra.py
[2025-06-17T05:14:07.877+0000] {processor.py:925} INFO - DAG(s) 'read_dataset_event', 'read_dataset_event_from_classic' retrieved from /home/airflow/.local/lib/python3.12/site-packages/airflow/example_dags/example_inlet_event_extra.py
[2025-06-17T05:14:07.893+0000] {logging_mixin.py:190} INFO - [2025-06-17T05:14:07.893+0000] {dag.py:3239} INFO - Sync 2 DAGs
[2025-06-17T05:14:07.911+0000] {logging_mixin.py:190} INFO - [2025-06-17T05:14:07.911+0000] {dag.py:4180} INFO - Setting next_dagrun for read_dataset_event to 2025-06-16 00:00:00+00:00, run_after=2025-06-17 00:00:00+00:00
[2025-06-17T05:14:07.914+0000] {logging_mixin.py:190} INFO - [2025-06-17T05:14:07.914+0000] {dag.py:4180} INFO - Setting next_dagrun for read_dataset_event_from_classic to 2025-06-16 00:00:00+00:00, run_after=2025-06-17 00:00:00+00:00
[2025-06-17T05:14:07.927+0000] {processor.py:208} INFO - Processing /home/airflow/.local/lib/python3.12/site-packages/airflow/example_dags/example_inlet_event_extra.py took 0.529 seconds
[2025-06-17T05:17:44.232+0000] {processor.py:186} INFO - Started process (PID=65) to work on /home/airflow/.local/lib/python3.12/site-packages/airflow/example_dags/example_inlet_event_extra.py
[2025-06-17T05:17:44.233+0000] {processor.py:914} INFO - Processing file /home/airflow/.local/lib/python3.12/site-packages/airflow/example_dags/example_inlet_event_extra.py for tasks to queue
[2025-06-17T05:17:44.235+0000] {logging_mixin.py:190} INFO - [2025-06-17T05:17:44.234+0000] {dagbag.py:588} INFO - Filling up the DagBag from /home/airflow/.local/lib/python3.12/site-packages/airflow/example_dags/example_inlet_event_extra.py
[2025-06-17T05:17:45.142+0000] {processor.py:925} INFO - DAG(s) 'read_dataset_event_from_classic', 'read_dataset_event' retrieved from /home/airflow/.local/lib/python3.12/site-packages/airflow/example_dags/example_inlet_event_extra.py
[2025-06-17T05:17:45.226+0000] {logging_mixin.py:190} INFO - [2025-06-17T05:17:45.225+0000] {override.py:1912} INFO - Created Permission View: can read on DAG:read_dataset_event_from_classic
[2025-06-17T05:17:45.236+0000] {logging_mixin.py:190} INFO - [2025-06-17T05:17:45.235+0000] {override.py:1912} INFO - Created Permission View: can delete on DAG:read_dataset_event_from_classic
[2025-06-17T05:17:45.242+0000] {logging_mixin.py:190} INFO - [2025-06-17T05:17:45.242+0000] {override.py:1912} INFO - Created Permission View: can edit on DAG:read_dataset_event_from_classic
[2025-06-17T05:17:45.250+0000] {logging_mixin.py:190} INFO - [2025-06-17T05:17:45.250+0000] {override.py:1912} INFO - Created Permission View: can read on DAG Run:read_dataset_event_from_classic
[2025-06-17T05:17:45.256+0000] {logging_mixin.py:190} INFO - [2025-06-17T05:17:45.256+0000] {override.py:1912} INFO - Created Permission View: can delete on DAG Run:read_dataset_event_from_classic
[2025-06-17T05:17:45.264+0000] {logging_mixin.py:190} INFO - [2025-06-17T05:17:45.263+0000] {override.py:1912} INFO - Created Permission View: menu access on DAG Run:read_dataset_event_from_classic
[2025-06-17T05:17:45.270+0000] {logging_mixin.py:190} INFO - [2025-06-17T05:17:45.269+0000] {override.py:1912} INFO - Created Permission View: can create on DAG Run:read_dataset_event_from_classic
[2025-06-17T05:17:45.281+0000] {logging_mixin.py:190} INFO - [2025-06-17T05:17:45.281+0000] {override.py:1912} INFO - Created Permission View: can read on DAG:read_dataset_event
[2025-06-17T05:17:45.288+0000] {logging_mixin.py:190} INFO - [2025-06-17T05:17:45.288+0000] {override.py:1912} INFO - Created Permission View: can delete on DAG:read_dataset_event
[2025-06-17T05:17:45.295+0000] {logging_mixin.py:190} INFO - [2025-06-17T05:17:45.294+0000] {override.py:1912} INFO - Created Permission View: can edit on DAG:read_dataset_event
[2025-06-17T05:17:45.304+0000] {logging_mixin.py:190} INFO - [2025-06-17T05:17:45.304+0000] {override.py:1912} INFO - Created Permission View: can read on DAG Run:read_dataset_event
[2025-06-17T05:17:45.312+0000] {logging_mixin.py:190} INFO - [2025-06-17T05:17:45.312+0000] {override.py:1912} INFO - Created Permission View: can delete on DAG Run:read_dataset_event
[2025-06-17T05:17:45.319+0000] {logging_mixin.py:190} INFO - [2025-06-17T05:17:45.319+0000] {override.py:1912} INFO - Created Permission View: menu access on DAG Run:read_dataset_event
[2025-06-17T05:17:45.326+0000] {logging_mixin.py:190} INFO - [2025-06-17T05:17:45.325+0000] {override.py:1912} INFO - Created Permission View: can create on DAG Run:read_dataset_event
[2025-06-17T05:17:45.326+0000] {logging_mixin.py:190} INFO - [2025-06-17T05:17:45.326+0000] {dag.py:3239} INFO - Sync 2 DAGs
[2025-06-17T05:17:45.337+0000] {logging_mixin.py:190} INFO - [2025-06-17T05:17:45.336+0000] {dag.py:3262} INFO - Creating ORM DAG for read_dataset_event_from_classic
[2025-06-17T05:17:45.338+0000] {logging_mixin.py:190} INFO - [2025-06-17T05:17:45.337+0000] {dag.py:3262} INFO - Creating ORM DAG for read_dataset_event
[2025-06-17T05:17:45.347+0000] {logging_mixin.py:190} INFO - [2025-06-17T05:17:45.347+0000] {dag.py:4180} INFO - Setting next_dagrun for read_dataset_event to 2025-06-16 00:00:00+00:00, run_after=2025-06-17 00:00:00+00:00
[2025-06-17T05:17:45.350+0000] {logging_mixin.py:190} INFO - [2025-06-17T05:17:45.349+0000] {dag.py:4180} INFO - Setting next_dagrun for read_dataset_event_from_classic to 2025-06-16 00:00:00+00:00, run_after=2025-06-17 00:00:00+00:00
[2025-06-17T05:17:45.367+0000] {processor.py:208} INFO - Processing /home/airflow/.local/lib/python3.12/site-packages/airflow/example_dags/example_inlet_event_extra.py took 1.142 seconds
[2025-06-17T05:19:12.341+0000] {processor.py:186} INFO - Started process (PID=65) to work on /home/airflow/.local/lib/python3.12/site-packages/airflow/example_dags/example_inlet_event_extra.py
[2025-06-17T05:19:12.341+0000] {processor.py:914} INFO - Processing file /home/airflow/.local/lib/python3.12/site-packages/airflow/example_dags/example_inlet_event_extra.py for tasks to queue
[2025-06-17T05:19:12.342+0000] {logging_mixin.py:190} INFO - [2025-06-17T05:19:12.342+0000] {dagbag.py:588} INFO - Filling up the DagBag from /home/airflow/.local/lib/python3.12/site-packages/airflow/example_dags/example_inlet_event_extra.py
[2025-06-17T05:19:13.666+0000] {processor.py:925} INFO - DAG(s) 'read_dataset_event_from_classic', 'read_dataset_event' retrieved from /home/airflow/.local/lib/python3.12/site-packages/airflow/example_dags/example_inlet_event_extra.py
[2025-06-17T05:19:13.688+0000] {logging_mixin.py:190} INFO - [2025-06-17T05:19:13.688+0000] {dag.py:3239} INFO - Sync 2 DAGs
[2025-06-17T05:19:13.710+0000] {logging_mixin.py:190} INFO - [2025-06-17T05:19:13.710+0000] {dag.py:4180} INFO - Setting next_dagrun for read_dataset_event to 2025-06-16 00:00:00+00:00, run_after=2025-06-17 00:00:00+00:00
[2025-06-17T05:19:13.715+0000] {logging_mixin.py:190} INFO - [2025-06-17T05:19:13.715+0000] {dag.py:4180} INFO - Setting next_dagrun for read_dataset_event_from_classic to 2025-06-16 00:00:00+00:00, run_after=2025-06-17 00:00:00+00:00
[2025-06-17T05:19:13.732+0000] {processor.py:208} INFO - Processing /home/airflow/.local/lib/python3.12/site-packages/airflow/example_dags/example_inlet_event_extra.py took 1.396 seconds
[2025-06-17T05:19:44.036+0000] {processor.py:186} INFO - Started process (PID=134) to work on /home/airflow/.local/lib/python3.12/site-packages/airflow/example_dags/example_inlet_event_extra.py
[2025-06-17T05:19:44.036+0000] {processor.py:914} INFO - Processing file /home/airflow/.local/lib/python3.12/site-packages/airflow/example_dags/example_inlet_event_extra.py for tasks to queue
[2025-06-17T05:19:44.037+0000] {logging_mixin.py:190} INFO - [2025-06-17T05:19:44.037+0000] {dagbag.py:588} INFO - Filling up the DagBag from /home/airflow/.local/lib/python3.12/site-packages/airflow/example_dags/example_inlet_event_extra.py
[2025-06-17T05:19:44.436+0000] {processor.py:925} INFO - DAG(s) 'read_dataset_event_from_classic', 'read_dataset_event' retrieved from /home/airflow/.local/lib/python3.12/site-packages/airflow/example_dags/example_inlet_event_extra.py
[2025-06-17T05:19:44.450+0000] {logging_mixin.py:190} INFO - [2025-06-17T05:19:44.450+0000] {dag.py:3239} INFO - Sync 2 DAGs
[2025-06-17T05:19:44.465+0000] {logging_mixin.py:190} INFO - [2025-06-17T05:19:44.465+0000] {dag.py:4180} INFO - Setting next_dagrun for read_dataset_event to 2025-06-16 00:00:00+00:00, run_after=2025-06-17 00:00:00+00:00
[2025-06-17T05:19:44.469+0000] {logging_mixin.py:190} INFO - [2025-06-17T05:19:44.469+0000] {dag.py:4180} INFO - Setting next_dagrun for read_dataset_event_from_classic to 2025-06-16 00:00:00+00:00, run_after=2025-06-17 00:00:00+00:00
[2025-06-17T05:19:44.489+0000] {processor.py:208} INFO - Processing /home/airflow/.local/lib/python3.12/site-packages/airflow/example_dags/example_inlet_event_extra.py took 0.459 seconds
[2025-06-17T05:21:31.414+0000] {processor.py:186} INFO - Started process (PID=65) to work on /home/airflow/.local/lib/python3.12/site-packages/airflow/example_dags/example_inlet_event_extra.py
[2025-06-17T05:21:31.414+0000] {processor.py:914} INFO - Processing file /home/airflow/.local/lib/python3.12/site-packages/airflow/example_dags/example_inlet_event_extra.py for tasks to queue
[2025-06-17T05:21:31.415+0000] {logging_mixin.py:190} INFO - [2025-06-17T05:21:31.415+0000] {dagbag.py:588} INFO - Filling up the DagBag from /home/airflow/.local/lib/python3.12/site-packages/airflow/example_dags/example_inlet_event_extra.py
[2025-06-17T05:21:32.832+0000] {processor.py:925} INFO - DAG(s) 'read_dataset_event', 'read_dataset_event_from_classic' retrieved from /home/airflow/.local/lib/python3.12/site-packages/airflow/example_dags/example_inlet_event_extra.py
[2025-06-17T05:21:32.853+0000] {logging_mixin.py:190} INFO - [2025-06-17T05:21:32.853+0000] {dag.py:3239} INFO - Sync 2 DAGs
[2025-06-17T05:21:32.872+0000] {logging_mixin.py:190} INFO - [2025-06-17T05:21:32.872+0000] {dag.py:4180} INFO - Setting next_dagrun for read_dataset_event to 2025-06-16 00:00:00+00:00, run_after=2025-06-17 00:00:00+00:00
[2025-06-17T05:21:32.876+0000] {logging_mixin.py:190} INFO - [2025-06-17T05:21:32.876+0000] {dag.py:4180} INFO - Setting next_dagrun for read_dataset_event_from_classic to 2025-06-16 00:00:00+00:00, run_after=2025-06-17 00:00:00+00:00
[2025-06-17T05:21:32.891+0000] {processor.py:208} INFO - Processing /home/airflow/.local/lib/python3.12/site-packages/airflow/example_dags/example_inlet_event_extra.py took 1.484 seconds
[2025-06-17T05:22:03.865+0000] {processor.py:186} INFO - Started process (PID=134) to work on /home/airflow/.local/lib/python3.12/site-packages/airflow/example_dags/example_inlet_event_extra.py
[2025-06-17T05:22:03.866+0000] {processor.py:914} INFO - Processing file /home/airflow/.local/lib/python3.12/site-packages/airflow/example_dags/example_inlet_event_extra.py for tasks to queue
[2025-06-17T05:22:03.867+0000] {logging_mixin.py:190} INFO - [2025-06-17T05:22:03.867+0000] {dagbag.py:588} INFO - Filling up the DagBag from /home/airflow/.local/lib/python3.12/site-packages/airflow/example_dags/example_inlet_event_extra.py
[2025-06-17T05:22:04.324+0000] {processor.py:925} INFO - DAG(s) 'read_dataset_event', 'read_dataset_event_from_classic' retrieved from /home/airflow/.local/lib/python3.12/site-packages/airflow/example_dags/example_inlet_event_extra.py
[2025-06-17T05:22:04.338+0000] {logging_mixin.py:190} INFO - [2025-06-17T05:22:04.338+0000] {dag.py:3239} INFO - Sync 2 DAGs
[2025-06-17T05:22:04.358+0000] {logging_mixin.py:190} INFO - [2025-06-17T05:22:04.358+0000] {dag.py:4180} INFO - Setting next_dagrun for read_dataset_event to 2025-06-16 00:00:00+00:00, run_after=2025-06-17 00:00:00+00:00
[2025-06-17T05:22:04.363+0000] {logging_mixin.py:190} INFO - [2025-06-17T05:22:04.362+0000] {dag.py:4180} INFO - Setting next_dagrun for read_dataset_event_from_classic to 2025-06-16 00:00:00+00:00, run_after=2025-06-17 00:00:00+00:00
[2025-06-17T05:22:04.386+0000] {processor.py:208} INFO - Processing /home/airflow/.local/lib/python3.12/site-packages/airflow/example_dags/example_inlet_event_extra.py took 0.525 seconds
[2025-06-17T05:22:34.720+0000] {processor.py:186} INFO - Started process (PID=197) to work on /home/airflow/.local/lib/python3.12/site-packages/airflow/example_dags/example_inlet_event_extra.py
[2025-06-17T05:22:34.720+0000] {processor.py:914} INFO - Processing file /home/airflow/.local/lib/python3.12/site-packages/airflow/example_dags/example_inlet_event_extra.py for tasks to queue
[2025-06-17T05:22:34.721+0000] {logging_mixin.py:190} INFO - [2025-06-17T05:22:34.721+0000] {dagbag.py:588} INFO - Filling up the DagBag from /home/airflow/.local/lib/python3.12/site-packages/airflow/example_dags/example_inlet_event_extra.py
[2025-06-17T05:22:35.168+0000] {processor.py:925} INFO - DAG(s) 'read_dataset_event', 'read_dataset_event_from_classic' retrieved from /home/airflow/.local/lib/python3.12/site-packages/airflow/example_dags/example_inlet_event_extra.py
[2025-06-17T05:22:35.185+0000] {logging_mixin.py:190} INFO - [2025-06-17T05:22:35.185+0000] {dag.py:3239} INFO - Sync 2 DAGs
[2025-06-17T05:22:35.205+0000] {logging_mixin.py:190} INFO - [2025-06-17T05:22:35.204+0000] {dag.py:4180} INFO - Setting next_dagrun for read_dataset_event to 2025-06-16 00:00:00+00:00, run_after=2025-06-17 00:00:00+00:00
[2025-06-17T05:22:35.209+0000] {logging_mixin.py:190} INFO - [2025-06-17T05:22:35.209+0000] {dag.py:4180} INFO - Setting next_dagrun for read_dataset_event_from_classic to 2025-06-16 00:00:00+00:00, run_after=2025-06-17 00:00:00+00:00
[2025-06-17T05:22:35.223+0000] {processor.py:208} INFO - Processing /home/airflow/.local/lib/python3.12/site-packages/airflow/example_dags/example_inlet_event_extra.py took 0.508 seconds
[2025-06-17T05:23:05.768+0000] {processor.py:186} INFO - Started process (PID=260) to work on /home/airflow/.local/lib/python3.12/site-packages/airflow/example_dags/example_inlet_event_extra.py
[2025-06-17T05:23:05.768+0000] {processor.py:914} INFO - Processing file /home/airflow/.local/lib/python3.12/site-packages/airflow/example_dags/example_inlet_event_extra.py for tasks to queue
[2025-06-17T05:23:05.769+0000] {logging_mixin.py:190} INFO - [2025-06-17T05:23:05.769+0000] {dagbag.py:588} INFO - Filling up the DagBag from /home/airflow/.local/lib/python3.12/site-packages/airflow/example_dags/example_inlet_event_extra.py
[2025-06-17T05:23:06.164+0000] {processor.py:925} INFO - DAG(s) 'read_dataset_event_from_classic', 'read_dataset_event' retrieved from /home/airflow/.local/lib/python3.12/site-packages/airflow/example_dags/example_inlet_event_extra.py
[2025-06-17T05:23:06.177+0000] {logging_mixin.py:190} INFO - [2025-06-17T05:23:06.177+0000] {dag.py:3239} INFO - Sync 2 DAGs
[2025-06-17T05:23:06.197+0000] {logging_mixin.py:190} INFO - [2025-06-17T05:23:06.197+0000] {dag.py:4180} INFO - Setting next_dagrun for read_dataset_event to 2025-06-16 00:00:00+00:00, run_after=2025-06-17 00:00:00+00:00
[2025-06-17T05:23:06.201+0000] {logging_mixin.py:190} INFO - [2025-06-17T05:23:06.201+0000] {dag.py:4180} INFO - Setting next_dagrun for read_dataset_event_from_classic to 2025-06-16 00:00:00+00:00, run_after=2025-06-17 00:00:00+00:00
[2025-06-17T05:23:06.215+0000] {processor.py:208} INFO - Processing /home/airflow/.local/lib/python3.12/site-packages/airflow/example_dags/example_inlet_event_extra.py took 0.451 seconds
[2025-06-17T05:23:36.509+0000] {processor.py:186} INFO - Started process (PID=323) to work on /home/airflow/.local/lib/python3.12/site-packages/airflow/example_dags/example_inlet_event_extra.py
[2025-06-17T05:23:36.509+0000] {processor.py:914} INFO - Processing file /home/airflow/.local/lib/python3.12/site-packages/airflow/example_dags/example_inlet_event_extra.py for tasks to queue
[2025-06-17T05:23:36.510+0000] {logging_mixin.py:190} INFO - [2025-06-17T05:23:36.510+0000] {dagbag.py:588} INFO - Filling up the DagBag from /home/airflow/.local/lib/python3.12/site-packages/airflow/example_dags/example_inlet_event_extra.py
[2025-06-17T05:23:36.993+0000] {processor.py:925} INFO - DAG(s) 'read_dataset_event', 'read_dataset_event_from_classic' retrieved from /home/airflow/.local/lib/python3.12/site-packages/airflow/example_dags/example_inlet_event_extra.py
[2025-06-17T05:23:37.008+0000] {logging_mixin.py:190} INFO - [2025-06-17T05:23:37.007+0000] {dag.py:3239} INFO - Sync 2 DAGs
[2025-06-17T05:23:37.027+0000] {logging_mixin.py:190} INFO - [2025-06-17T05:23:37.027+0000] {dag.py:4180} INFO - Setting next_dagrun for read_dataset_event to 2025-06-16 00:00:00+00:00, run_after=2025-06-17 00:00:00+00:00
[2025-06-17T05:23:37.032+0000] {logging_mixin.py:190} INFO - [2025-06-17T05:23:37.031+0000] {dag.py:4180} INFO - Setting next_dagrun for read_dataset_event_from_classic to 2025-06-16 00:00:00+00:00, run_after=2025-06-17 00:00:00+00:00
[2025-06-17T05:23:37.044+0000] {processor.py:208} INFO - Processing /home/airflow/.local/lib/python3.12/site-packages/airflow/example_dags/example_inlet_event_extra.py took 0.541 seconds
