[2025-06-17T05:01:30.763+0000] {processor.py:186} INFO - Started process (PID=108) to work on /home/airflow/.local/lib/python3.12/site-packages/airflow/example_dags/tutorial_dag.py
[2025-06-17T05:01:30.763+0000] {processor.py:914} INFO - Processing file /home/airflow/.local/lib/python3.12/site-packages/airflow/example_dags/tutorial_dag.py for tasks to queue
[2025-06-17T05:01:30.764+0000] {logging_mixin.py:190} INFO - [2025-06-17T05:01:30.764+0000] {dagbag.py:588} INFO - Filling up the DagBag from /home/airflow/.local/lib/python3.12/site-packages/airflow/example_dags/tutorial_dag.py
[2025-06-17T05:01:30.771+0000] {processor.py:925} INFO - DAG(s) 'tutorial_dag' retrieved from /home/airflow/.local/lib/python3.12/site-packages/airflow/example_dags/tutorial_dag.py
[2025-06-17T05:01:30.856+0000] {logging_mixin.py:190} INFO - [2025-06-17T05:01:30.855+0000] {override.py:1912} INFO - Created Permission View: can read on DAG:tutorial_dag
[2025-06-17T05:01:30.865+0000] {logging_mixin.py:190} INFO - [2025-06-17T05:01:30.865+0000] {override.py:1912} INFO - Created Permission View: can edit on DAG:tutorial_dag
[2025-06-17T05:01:30.872+0000] {logging_mixin.py:190} INFO - [2025-06-17T05:01:30.872+0000] {override.py:1912} INFO - Created Permission View: can delete on DAG:tutorial_dag
[2025-06-17T05:01:30.881+0000] {logging_mixin.py:190} INFO - [2025-06-17T05:01:30.881+0000] {override.py:1912} INFO - Created Permission View: menu access on DAG Run:tutorial_dag
[2025-06-17T05:01:30.890+0000] {logging_mixin.py:190} INFO - [2025-06-17T05:01:30.889+0000] {override.py:1912} INFO - Created Permission View: can create on DAG Run:tutorial_dag
[2025-06-17T05:01:30.898+0000] {logging_mixin.py:190} INFO - [2025-06-17T05:01:30.898+0000] {override.py:1912} INFO - Created Permission View: can read on DAG Run:tutorial_dag
[2025-06-17T05:01:30.903+0000] {logging_mixin.py:190} INFO - [2025-06-17T05:01:30.903+0000] {override.py:1912} INFO - Created Permission View: can delete on DAG Run:tutorial_dag
[2025-06-17T05:01:30.904+0000] {logging_mixin.py:190} INFO - [2025-06-17T05:01:30.904+0000] {dag.py:3239} INFO - Sync 1 DAGs
[2025-06-17T05:01:30.913+0000] {logging_mixin.py:190} INFO - [2025-06-17T05:01:30.913+0000] {dag.py:3262} INFO - Creating ORM DAG for tutorial_dag
[2025-06-17T05:01:30.914+0000] {logging_mixin.py:190} INFO - [2025-06-17T05:01:30.914+0000] {dag.py:4180} INFO - Setting next_dagrun for tutorial_dag to None, run_after=None
[2025-06-17T05:01:30.926+0000] {processor.py:208} INFO - Processing /home/airflow/.local/lib/python3.12/site-packages/airflow/example_dags/tutorial_dag.py took 0.168 seconds
[2025-06-17T05:02:00.964+0000] {processor.py:186} INFO - Started process (PID=171) to work on /home/airflow/.local/lib/python3.12/site-packages/airflow/example_dags/tutorial_dag.py
[2025-06-17T05:02:00.964+0000] {processor.py:914} INFO - Processing file /home/airflow/.local/lib/python3.12/site-packages/airflow/example_dags/tutorial_dag.py for tasks to queue
[2025-06-17T05:02:00.965+0000] {logging_mixin.py:190} INFO - [2025-06-17T05:02:00.965+0000] {dagbag.py:588} INFO - Filling up the DagBag from /home/airflow/.local/lib/python3.12/site-packages/airflow/example_dags/tutorial_dag.py
[2025-06-17T05:02:00.971+0000] {processor.py:925} INFO - DAG(s) 'tutorial_dag' retrieved from /home/airflow/.local/lib/python3.12/site-packages/airflow/example_dags/tutorial_dag.py
[2025-06-17T05:02:00.985+0000] {logging_mixin.py:190} INFO - [2025-06-17T05:02:00.985+0000] {dag.py:3239} INFO - Sync 1 DAGs
[2025-06-17T05:02:00.997+0000] {logging_mixin.py:190} INFO - [2025-06-17T05:02:00.997+0000] {dag.py:4180} INFO - Setting next_dagrun for tutorial_dag to None, run_after=None
[2025-06-17T05:02:01.013+0000] {processor.py:208} INFO - Processing /home/airflow/.local/lib/python3.12/site-packages/airflow/example_dags/tutorial_dag.py took 0.053 seconds
[2025-06-17T05:02:31.585+0000] {processor.py:186} INFO - Started process (PID=234) to work on /home/airflow/.local/lib/python3.12/site-packages/airflow/example_dags/tutorial_dag.py
[2025-06-17T05:02:31.586+0000] {processor.py:914} INFO - Processing file /home/airflow/.local/lib/python3.12/site-packages/airflow/example_dags/tutorial_dag.py for tasks to queue
[2025-06-17T05:02:31.587+0000] {logging_mixin.py:190} INFO - [2025-06-17T05:02:31.586+0000] {dagbag.py:588} INFO - Filling up the DagBag from /home/airflow/.local/lib/python3.12/site-packages/airflow/example_dags/tutorial_dag.py
[2025-06-17T05:02:31.592+0000] {processor.py:925} INFO - DAG(s) 'tutorial_dag' retrieved from /home/airflow/.local/lib/python3.12/site-packages/airflow/example_dags/tutorial_dag.py
[2025-06-17T05:02:31.607+0000] {logging_mixin.py:190} INFO - [2025-06-17T05:02:31.607+0000] {dag.py:3239} INFO - Sync 1 DAGs
[2025-06-17T05:02:31.619+0000] {logging_mixin.py:190} INFO - [2025-06-17T05:02:31.619+0000] {dag.py:4180} INFO - Setting next_dagrun for tutorial_dag to None, run_after=None
[2025-06-17T05:02:31.634+0000] {processor.py:208} INFO - Processing /home/airflow/.local/lib/python3.12/site-packages/airflow/example_dags/tutorial_dag.py took 0.054 seconds
[2025-06-17T05:06:08.266+0000] {processor.py:186} INFO - Started process (PID=110) to work on /home/airflow/.local/lib/python3.12/site-packages/airflow/example_dags/tutorial_dag.py
[2025-06-17T05:06:08.267+0000] {processor.py:914} INFO - Processing file /home/airflow/.local/lib/python3.12/site-packages/airflow/example_dags/tutorial_dag.py for tasks to queue
[2025-06-17T05:06:08.268+0000] {logging_mixin.py:190} INFO - [2025-06-17T05:06:08.268+0000] {dagbag.py:588} INFO - Filling up the DagBag from /home/airflow/.local/lib/python3.12/site-packages/airflow/example_dags/tutorial_dag.py
[2025-06-17T05:06:08.277+0000] {processor.py:925} INFO - DAG(s) 'tutorial_dag' retrieved from /home/airflow/.local/lib/python3.12/site-packages/airflow/example_dags/tutorial_dag.py
[2025-06-17T05:06:08.291+0000] {logging_mixin.py:190} INFO - [2025-06-17T05:06:08.291+0000] {dag.py:3239} INFO - Sync 1 DAGs
[2025-06-17T05:06:08.304+0000] {logging_mixin.py:190} INFO - [2025-06-17T05:06:08.304+0000] {dag.py:4180} INFO - Setting next_dagrun for tutorial_dag to None, run_after=None
[2025-06-17T05:06:08.320+0000] {processor.py:208} INFO - Processing /home/airflow/.local/lib/python3.12/site-packages/airflow/example_dags/tutorial_dag.py took 0.060 seconds
[2025-06-17T05:06:39.388+0000] {processor.py:186} INFO - Started process (PID=173) to work on /home/airflow/.local/lib/python3.12/site-packages/airflow/example_dags/tutorial_dag.py
[2025-06-17T05:06:39.389+0000] {processor.py:914} INFO - Processing file /home/airflow/.local/lib/python3.12/site-packages/airflow/example_dags/tutorial_dag.py for tasks to queue
[2025-06-17T05:06:39.390+0000] {logging_mixin.py:190} INFO - [2025-06-17T05:06:39.390+0000] {dagbag.py:588} INFO - Filling up the DagBag from /home/airflow/.local/lib/python3.12/site-packages/airflow/example_dags/tutorial_dag.py
[2025-06-17T05:06:39.396+0000] {processor.py:925} INFO - DAG(s) 'tutorial_dag' retrieved from /home/airflow/.local/lib/python3.12/site-packages/airflow/example_dags/tutorial_dag.py
[2025-06-17T05:06:39.410+0000] {logging_mixin.py:190} INFO - [2025-06-17T05:06:39.410+0000] {dag.py:3239} INFO - Sync 1 DAGs
[2025-06-17T05:06:39.422+0000] {logging_mixin.py:190} INFO - [2025-06-17T05:06:39.422+0000] {dag.py:4180} INFO - Setting next_dagrun for tutorial_dag to None, run_after=None
[2025-06-17T05:06:39.438+0000] {processor.py:208} INFO - Processing /home/airflow/.local/lib/python3.12/site-packages/airflow/example_dags/tutorial_dag.py took 0.054 seconds
[2025-06-17T05:09:02.806+0000] {processor.py:186} INFO - Started process (PID=108) to work on /home/airflow/.local/lib/python3.12/site-packages/airflow/example_dags/tutorial_dag.py
[2025-06-17T05:09:02.807+0000] {processor.py:914} INFO - Processing file /home/airflow/.local/lib/python3.12/site-packages/airflow/example_dags/tutorial_dag.py for tasks to queue
[2025-06-17T05:09:02.808+0000] {logging_mixin.py:190} INFO - [2025-06-17T05:09:02.807+0000] {dagbag.py:588} INFO - Filling up the DagBag from /home/airflow/.local/lib/python3.12/site-packages/airflow/example_dags/tutorial_dag.py
[2025-06-17T05:09:02.815+0000] {processor.py:925} INFO - DAG(s) 'tutorial_dag' retrieved from /home/airflow/.local/lib/python3.12/site-packages/airflow/example_dags/tutorial_dag.py
[2025-06-17T05:09:02.832+0000] {logging_mixin.py:190} INFO - [2025-06-17T05:09:02.832+0000] {dag.py:3239} INFO - Sync 1 DAGs
[2025-06-17T05:09:02.849+0000] {logging_mixin.py:190} INFO - [2025-06-17T05:09:02.848+0000] {dag.py:4180} INFO - Setting next_dagrun for tutorial_dag to None, run_after=None
[2025-06-17T05:09:02.865+0000] {processor.py:208} INFO - Processing /home/airflow/.local/lib/python3.12/site-packages/airflow/example_dags/tutorial_dag.py took 0.064 seconds
[2025-06-17T05:09:33.628+0000] {processor.py:186} INFO - Started process (PID=171) to work on /home/airflow/.local/lib/python3.12/site-packages/airflow/example_dags/tutorial_dag.py
[2025-06-17T05:09:33.629+0000] {processor.py:914} INFO - Processing file /home/airflow/.local/lib/python3.12/site-packages/airflow/example_dags/tutorial_dag.py for tasks to queue
[2025-06-17T05:09:33.630+0000] {logging_mixin.py:190} INFO - [2025-06-17T05:09:33.630+0000] {dagbag.py:588} INFO - Filling up the DagBag from /home/airflow/.local/lib/python3.12/site-packages/airflow/example_dags/tutorial_dag.py
[2025-06-17T05:09:33.635+0000] {processor.py:925} INFO - DAG(s) 'tutorial_dag' retrieved from /home/airflow/.local/lib/python3.12/site-packages/airflow/example_dags/tutorial_dag.py
[2025-06-17T05:09:33.650+0000] {logging_mixin.py:190} INFO - [2025-06-17T05:09:33.650+0000] {dag.py:3239} INFO - Sync 1 DAGs
[2025-06-17T05:09:33.664+0000] {logging_mixin.py:190} INFO - [2025-06-17T05:09:33.664+0000] {dag.py:4180} INFO - Setting next_dagrun for tutorial_dag to None, run_after=None
[2025-06-17T05:09:33.682+0000] {processor.py:208} INFO - Processing /home/airflow/.local/lib/python3.12/site-packages/airflow/example_dags/tutorial_dag.py took 0.059 seconds
[2025-06-17T05:10:03.885+0000] {processor.py:186} INFO - Started process (PID=234) to work on /home/airflow/.local/lib/python3.12/site-packages/airflow/example_dags/tutorial_dag.py
[2025-06-17T05:10:03.886+0000] {processor.py:914} INFO - Processing file /home/airflow/.local/lib/python3.12/site-packages/airflow/example_dags/tutorial_dag.py for tasks to queue
[2025-06-17T05:10:03.887+0000] {logging_mixin.py:190} INFO - [2025-06-17T05:10:03.887+0000] {dagbag.py:588} INFO - Filling up the DagBag from /home/airflow/.local/lib/python3.12/site-packages/airflow/example_dags/tutorial_dag.py
[2025-06-17T05:10:03.893+0000] {processor.py:925} INFO - DAG(s) 'tutorial_dag' retrieved from /home/airflow/.local/lib/python3.12/site-packages/airflow/example_dags/tutorial_dag.py
[2025-06-17T05:10:03.907+0000] {logging_mixin.py:190} INFO - [2025-06-17T05:10:03.907+0000] {dag.py:3239} INFO - Sync 1 DAGs
[2025-06-17T05:10:03.918+0000] {logging_mixin.py:190} INFO - [2025-06-17T05:10:03.918+0000] {dag.py:4180} INFO - Setting next_dagrun for tutorial_dag to None, run_after=None
[2025-06-17T05:10:03.932+0000] {processor.py:208} INFO - Processing /home/airflow/.local/lib/python3.12/site-packages/airflow/example_dags/tutorial_dag.py took 0.051 seconds
[2025-06-17T05:10:35.016+0000] {processor.py:186} INFO - Started process (PID=297) to work on /home/airflow/.local/lib/python3.12/site-packages/airflow/example_dags/tutorial_dag.py
[2025-06-17T05:10:35.017+0000] {processor.py:914} INFO - Processing file /home/airflow/.local/lib/python3.12/site-packages/airflow/example_dags/tutorial_dag.py for tasks to queue
[2025-06-17T05:10:35.018+0000] {logging_mixin.py:190} INFO - [2025-06-17T05:10:35.017+0000] {dagbag.py:588} INFO - Filling up the DagBag from /home/airflow/.local/lib/python3.12/site-packages/airflow/example_dags/tutorial_dag.py
[2025-06-17T05:10:35.024+0000] {processor.py:925} INFO - DAG(s) 'tutorial_dag' retrieved from /home/airflow/.local/lib/python3.12/site-packages/airflow/example_dags/tutorial_dag.py
[2025-06-17T05:10:35.038+0000] {logging_mixin.py:190} INFO - [2025-06-17T05:10:35.038+0000] {dag.py:3239} INFO - Sync 1 DAGs
[2025-06-17T05:10:35.049+0000] {logging_mixin.py:190} INFO - [2025-06-17T05:10:35.049+0000] {dag.py:4180} INFO - Setting next_dagrun for tutorial_dag to None, run_after=None
[2025-06-17T05:10:35.064+0000] {processor.py:208} INFO - Processing /home/airflow/.local/lib/python3.12/site-packages/airflow/example_dags/tutorial_dag.py took 0.053 seconds
[2025-06-17T05:11:05.785+0000] {processor.py:186} INFO - Started process (PID=360) to work on /home/airflow/.local/lib/python3.12/site-packages/airflow/example_dags/tutorial_dag.py
[2025-06-17T05:11:05.786+0000] {processor.py:914} INFO - Processing file /home/airflow/.local/lib/python3.12/site-packages/airflow/example_dags/tutorial_dag.py for tasks to queue
[2025-06-17T05:11:05.787+0000] {logging_mixin.py:190} INFO - [2025-06-17T05:11:05.787+0000] {dagbag.py:588} INFO - Filling up the DagBag from /home/airflow/.local/lib/python3.12/site-packages/airflow/example_dags/tutorial_dag.py
[2025-06-17T05:11:05.793+0000] {processor.py:925} INFO - DAG(s) 'tutorial_dag' retrieved from /home/airflow/.local/lib/python3.12/site-packages/airflow/example_dags/tutorial_dag.py
[2025-06-17T05:11:05.807+0000] {logging_mixin.py:190} INFO - [2025-06-17T05:11:05.806+0000] {dag.py:3239} INFO - Sync 1 DAGs
[2025-06-17T05:11:05.818+0000] {logging_mixin.py:190} INFO - [2025-06-17T05:11:05.818+0000] {dag.py:4180} INFO - Setting next_dagrun for tutorial_dag to None, run_after=None
[2025-06-17T05:11:05.833+0000] {processor.py:208} INFO - Processing /home/airflow/.local/lib/python3.12/site-packages/airflow/example_dags/tutorial_dag.py took 0.052 seconds
[2025-06-17T05:11:36.979+0000] {processor.py:186} INFO - Started process (PID=423) to work on /home/airflow/.local/lib/python3.12/site-packages/airflow/example_dags/tutorial_dag.py
[2025-06-17T05:11:36.980+0000] {processor.py:914} INFO - Processing file /home/airflow/.local/lib/python3.12/site-packages/airflow/example_dags/tutorial_dag.py for tasks to queue
[2025-06-17T05:11:36.981+0000] {logging_mixin.py:190} INFO - [2025-06-17T05:11:36.980+0000] {dagbag.py:588} INFO - Filling up the DagBag from /home/airflow/.local/lib/python3.12/site-packages/airflow/example_dags/tutorial_dag.py
[2025-06-17T05:11:36.986+0000] {processor.py:925} INFO - DAG(s) 'tutorial_dag' retrieved from /home/airflow/.local/lib/python3.12/site-packages/airflow/example_dags/tutorial_dag.py
[2025-06-17T05:11:37.000+0000] {logging_mixin.py:190} INFO - [2025-06-17T05:11:37.000+0000] {dag.py:3239} INFO - Sync 1 DAGs
[2025-06-17T05:11:37.012+0000] {logging_mixin.py:190} INFO - [2025-06-17T05:11:37.011+0000] {dag.py:4180} INFO - Setting next_dagrun for tutorial_dag to None, run_after=None
[2025-06-17T05:11:37.026+0000] {processor.py:208} INFO - Processing /home/airflow/.local/lib/python3.12/site-packages/airflow/example_dags/tutorial_dag.py took 0.051 seconds
[2025-06-17T05:12:07.538+0000] {processor.py:186} INFO - Started process (PID=486) to work on /home/airflow/.local/lib/python3.12/site-packages/airflow/example_dags/tutorial_dag.py
[2025-06-17T05:12:07.538+0000] {processor.py:914} INFO - Processing file /home/airflow/.local/lib/python3.12/site-packages/airflow/example_dags/tutorial_dag.py for tasks to queue
[2025-06-17T05:12:07.539+0000] {logging_mixin.py:190} INFO - [2025-06-17T05:12:07.539+0000] {dagbag.py:588} INFO - Filling up the DagBag from /home/airflow/.local/lib/python3.12/site-packages/airflow/example_dags/tutorial_dag.py
[2025-06-17T05:12:07.545+0000] {processor.py:925} INFO - DAG(s) 'tutorial_dag' retrieved from /home/airflow/.local/lib/python3.12/site-packages/airflow/example_dags/tutorial_dag.py
[2025-06-17T05:12:07.559+0000] {logging_mixin.py:190} INFO - [2025-06-17T05:12:07.559+0000] {dag.py:3239} INFO - Sync 1 DAGs
[2025-06-17T05:12:07.570+0000] {logging_mixin.py:190} INFO - [2025-06-17T05:12:07.570+0000] {dag.py:4180} INFO - Setting next_dagrun for tutorial_dag to None, run_after=None
[2025-06-17T05:12:07.587+0000] {processor.py:208} INFO - Processing /home/airflow/.local/lib/python3.12/site-packages/airflow/example_dags/tutorial_dag.py took 0.054 seconds
[2025-06-17T05:12:37.972+0000] {processor.py:186} INFO - Started process (PID=549) to work on /home/airflow/.local/lib/python3.12/site-packages/airflow/example_dags/tutorial_dag.py
[2025-06-17T05:12:37.972+0000] {processor.py:914} INFO - Processing file /home/airflow/.local/lib/python3.12/site-packages/airflow/example_dags/tutorial_dag.py for tasks to queue
[2025-06-17T05:12:37.973+0000] {logging_mixin.py:190} INFO - [2025-06-17T05:12:37.973+0000] {dagbag.py:588} INFO - Filling up the DagBag from /home/airflow/.local/lib/python3.12/site-packages/airflow/example_dags/tutorial_dag.py
[2025-06-17T05:12:37.979+0000] {processor.py:925} INFO - DAG(s) 'tutorial_dag' retrieved from /home/airflow/.local/lib/python3.12/site-packages/airflow/example_dags/tutorial_dag.py
[2025-06-17T05:12:37.994+0000] {logging_mixin.py:190} INFO - [2025-06-17T05:12:37.994+0000] {dag.py:3239} INFO - Sync 1 DAGs
[2025-06-17T05:12:38.005+0000] {logging_mixin.py:190} INFO - [2025-06-17T05:12:38.005+0000] {dag.py:4180} INFO - Setting next_dagrun for tutorial_dag to None, run_after=None
[2025-06-17T05:12:38.020+0000] {processor.py:208} INFO - Processing /home/airflow/.local/lib/python3.12/site-packages/airflow/example_dags/tutorial_dag.py took 0.053 seconds
[2025-06-17T05:13:08.788+0000] {processor.py:186} INFO - Started process (PID=612) to work on /home/airflow/.local/lib/python3.12/site-packages/airflow/example_dags/tutorial_dag.py
[2025-06-17T05:13:08.789+0000] {processor.py:914} INFO - Processing file /home/airflow/.local/lib/python3.12/site-packages/airflow/example_dags/tutorial_dag.py for tasks to queue
[2025-06-17T05:13:08.790+0000] {logging_mixin.py:190} INFO - [2025-06-17T05:13:08.789+0000] {dagbag.py:588} INFO - Filling up the DagBag from /home/airflow/.local/lib/python3.12/site-packages/airflow/example_dags/tutorial_dag.py
[2025-06-17T05:13:08.795+0000] {processor.py:925} INFO - DAG(s) 'tutorial_dag' retrieved from /home/airflow/.local/lib/python3.12/site-packages/airflow/example_dags/tutorial_dag.py
[2025-06-17T05:13:08.809+0000] {logging_mixin.py:190} INFO - [2025-06-17T05:13:08.809+0000] {dag.py:3239} INFO - Sync 1 DAGs
[2025-06-17T05:13:08.820+0000] {logging_mixin.py:190} INFO - [2025-06-17T05:13:08.819+0000] {dag.py:4180} INFO - Setting next_dagrun for tutorial_dag to None, run_after=None
[2025-06-17T05:13:08.834+0000] {processor.py:208} INFO - Processing /home/airflow/.local/lib/python3.12/site-packages/airflow/example_dags/tutorial_dag.py took 0.050 seconds
[2025-06-17T05:13:39.335+0000] {processor.py:186} INFO - Started process (PID=676) to work on /home/airflow/.local/lib/python3.12/site-packages/airflow/example_dags/tutorial_dag.py
[2025-06-17T05:13:39.335+0000] {processor.py:914} INFO - Processing file /home/airflow/.local/lib/python3.12/site-packages/airflow/example_dags/tutorial_dag.py for tasks to queue
[2025-06-17T05:13:39.337+0000] {logging_mixin.py:190} INFO - [2025-06-17T05:13:39.336+0000] {dagbag.py:588} INFO - Filling up the DagBag from /home/airflow/.local/lib/python3.12/site-packages/airflow/example_dags/tutorial_dag.py
[2025-06-17T05:13:39.342+0000] {processor.py:925} INFO - DAG(s) 'tutorial_dag' retrieved from /home/airflow/.local/lib/python3.12/site-packages/airflow/example_dags/tutorial_dag.py
[2025-06-17T05:13:39.356+0000] {logging_mixin.py:190} INFO - [2025-06-17T05:13:39.356+0000] {dag.py:3239} INFO - Sync 1 DAGs
[2025-06-17T05:13:39.368+0000] {logging_mixin.py:190} INFO - [2025-06-17T05:13:39.368+0000] {dag.py:4180} INFO - Setting next_dagrun for tutorial_dag to None, run_after=None
[2025-06-17T05:13:39.384+0000] {processor.py:208} INFO - Processing /home/airflow/.local/lib/python3.12/site-packages/airflow/example_dags/tutorial_dag.py took 0.054 seconds
[2025-06-17T05:14:10.036+0000] {processor.py:186} INFO - Started process (PID=738) to work on /home/airflow/.local/lib/python3.12/site-packages/airflow/example_dags/tutorial_dag.py
[2025-06-17T05:14:10.036+0000] {processor.py:914} INFO - Processing file /home/airflow/.local/lib/python3.12/site-packages/airflow/example_dags/tutorial_dag.py for tasks to queue
[2025-06-17T05:14:10.037+0000] {logging_mixin.py:190} INFO - [2025-06-17T05:14:10.037+0000] {dagbag.py:588} INFO - Filling up the DagBag from /home/airflow/.local/lib/python3.12/site-packages/airflow/example_dags/tutorial_dag.py
[2025-06-17T05:14:10.043+0000] {processor.py:925} INFO - DAG(s) 'tutorial_dag' retrieved from /home/airflow/.local/lib/python3.12/site-packages/airflow/example_dags/tutorial_dag.py
[2025-06-17T05:14:10.058+0000] {logging_mixin.py:190} INFO - [2025-06-17T05:14:10.058+0000] {dag.py:3239} INFO - Sync 1 DAGs
[2025-06-17T05:14:10.074+0000] {logging_mixin.py:190} INFO - [2025-06-17T05:14:10.074+0000] {dag.py:4180} INFO - Setting next_dagrun for tutorial_dag to None, run_after=None
[2025-06-17T05:14:10.091+0000] {processor.py:208} INFO - Processing /home/airflow/.local/lib/python3.12/site-packages/airflow/example_dags/tutorial_dag.py took 0.060 seconds
[2025-06-17T05:17:50.483+0000] {processor.py:186} INFO - Started process (PID=109) to work on /home/airflow/.local/lib/python3.12/site-packages/airflow/example_dags/tutorial_dag.py
[2025-06-17T05:17:50.483+0000] {processor.py:914} INFO - Processing file /home/airflow/.local/lib/python3.12/site-packages/airflow/example_dags/tutorial_dag.py for tasks to queue
[2025-06-17T05:17:50.484+0000] {logging_mixin.py:190} INFO - [2025-06-17T05:17:50.484+0000] {dagbag.py:588} INFO - Filling up the DagBag from /home/airflow/.local/lib/python3.12/site-packages/airflow/example_dags/tutorial_dag.py
[2025-06-17T05:17:50.491+0000] {processor.py:925} INFO - DAG(s) 'tutorial_dag' retrieved from /home/airflow/.local/lib/python3.12/site-packages/airflow/example_dags/tutorial_dag.py
[2025-06-17T05:17:50.574+0000] {logging_mixin.py:190} INFO - [2025-06-17T05:17:50.573+0000] {override.py:1912} INFO - Created Permission View: can read on DAG:tutorial_dag
[2025-06-17T05:17:50.584+0000] {logging_mixin.py:190} INFO - [2025-06-17T05:17:50.584+0000] {override.py:1912} INFO - Created Permission View: can delete on DAG:tutorial_dag
[2025-06-17T05:17:50.590+0000] {logging_mixin.py:190} INFO - [2025-06-17T05:17:50.590+0000] {override.py:1912} INFO - Created Permission View: can edit on DAG:tutorial_dag
[2025-06-17T05:17:50.600+0000] {logging_mixin.py:190} INFO - [2025-06-17T05:17:50.600+0000] {override.py:1912} INFO - Created Permission View: can read on DAG Run:tutorial_dag
[2025-06-17T05:17:50.606+0000] {logging_mixin.py:190} INFO - [2025-06-17T05:17:50.606+0000] {override.py:1912} INFO - Created Permission View: can delete on DAG Run:tutorial_dag
[2025-06-17T05:17:50.611+0000] {logging_mixin.py:190} INFO - [2025-06-17T05:17:50.611+0000] {override.py:1912} INFO - Created Permission View: menu access on DAG Run:tutorial_dag
[2025-06-17T05:17:50.617+0000] {logging_mixin.py:190} INFO - [2025-06-17T05:17:50.617+0000] {override.py:1912} INFO - Created Permission View: can create on DAG Run:tutorial_dag
[2025-06-17T05:17:50.618+0000] {logging_mixin.py:190} INFO - [2025-06-17T05:17:50.618+0000] {dag.py:3239} INFO - Sync 1 DAGs
[2025-06-17T05:17:50.627+0000] {logging_mixin.py:190} INFO - [2025-06-17T05:17:50.627+0000] {dag.py:3262} INFO - Creating ORM DAG for tutorial_dag
[2025-06-17T05:17:50.628+0000] {logging_mixin.py:190} INFO - [2025-06-17T05:17:50.628+0000] {dag.py:4180} INFO - Setting next_dagrun for tutorial_dag to None, run_after=None
[2025-06-17T05:17:50.641+0000] {processor.py:208} INFO - Processing /home/airflow/.local/lib/python3.12/site-packages/airflow/example_dags/tutorial_dag.py took 0.162 seconds
[2025-06-17T05:19:17.143+0000] {processor.py:186} INFO - Started process (PID=109) to work on /home/airflow/.local/lib/python3.12/site-packages/airflow/example_dags/tutorial_dag.py
[2025-06-17T05:19:17.143+0000] {processor.py:914} INFO - Processing file /home/airflow/.local/lib/python3.12/site-packages/airflow/example_dags/tutorial_dag.py for tasks to queue
[2025-06-17T05:19:17.144+0000] {logging_mixin.py:190} INFO - [2025-06-17T05:19:17.144+0000] {dagbag.py:588} INFO - Filling up the DagBag from /home/airflow/.local/lib/python3.12/site-packages/airflow/example_dags/tutorial_dag.py
[2025-06-17T05:19:17.150+0000] {processor.py:925} INFO - DAG(s) 'tutorial_dag' retrieved from /home/airflow/.local/lib/python3.12/site-packages/airflow/example_dags/tutorial_dag.py
[2025-06-17T05:19:17.167+0000] {logging_mixin.py:190} INFO - [2025-06-17T05:19:17.166+0000] {dag.py:3239} INFO - Sync 1 DAGs
[2025-06-17T05:19:17.181+0000] {logging_mixin.py:190} INFO - [2025-06-17T05:19:17.180+0000] {dag.py:4180} INFO - Setting next_dagrun for tutorial_dag to None, run_after=None
[2025-06-17T05:19:17.195+0000] {processor.py:208} INFO - Processing /home/airflow/.local/lib/python3.12/site-packages/airflow/example_dags/tutorial_dag.py took 0.057 seconds
[2025-06-17T05:19:47.967+0000] {processor.py:186} INFO - Started process (PID=172) to work on /home/airflow/.local/lib/python3.12/site-packages/airflow/example_dags/tutorial_dag.py
[2025-06-17T05:19:47.968+0000] {processor.py:914} INFO - Processing file /home/airflow/.local/lib/python3.12/site-packages/airflow/example_dags/tutorial_dag.py for tasks to queue
[2025-06-17T05:19:47.969+0000] {logging_mixin.py:190} INFO - [2025-06-17T05:19:47.968+0000] {dagbag.py:588} INFO - Filling up the DagBag from /home/airflow/.local/lib/python3.12/site-packages/airflow/example_dags/tutorial_dag.py
[2025-06-17T05:19:47.974+0000] {processor.py:925} INFO - DAG(s) 'tutorial_dag' retrieved from /home/airflow/.local/lib/python3.12/site-packages/airflow/example_dags/tutorial_dag.py
[2025-06-17T05:19:47.989+0000] {logging_mixin.py:190} INFO - [2025-06-17T05:19:47.988+0000] {dag.py:3239} INFO - Sync 1 DAGs
[2025-06-17T05:19:48.002+0000] {logging_mixin.py:190} INFO - [2025-06-17T05:19:48.002+0000] {dag.py:4180} INFO - Setting next_dagrun for tutorial_dag to None, run_after=None
[2025-06-17T05:19:48.019+0000] {processor.py:208} INFO - Processing /home/airflow/.local/lib/python3.12/site-packages/airflow/example_dags/tutorial_dag.py took 0.057 seconds
[2025-06-17T05:21:35.976+0000] {processor.py:186} INFO - Started process (PID=109) to work on /home/airflow/.local/lib/python3.12/site-packages/airflow/example_dags/tutorial_dag.py
[2025-06-17T05:21:35.976+0000] {processor.py:914} INFO - Processing file /home/airflow/.local/lib/python3.12/site-packages/airflow/example_dags/tutorial_dag.py for tasks to queue
[2025-06-17T05:21:35.977+0000] {logging_mixin.py:190} INFO - [2025-06-17T05:21:35.977+0000] {dagbag.py:588} INFO - Filling up the DagBag from /home/airflow/.local/lib/python3.12/site-packages/airflow/example_dags/tutorial_dag.py
[2025-06-17T05:21:35.985+0000] {processor.py:925} INFO - DAG(s) 'tutorial_dag' retrieved from /home/airflow/.local/lib/python3.12/site-packages/airflow/example_dags/tutorial_dag.py
[2025-06-17T05:21:36.001+0000] {logging_mixin.py:190} INFO - [2025-06-17T05:21:36.001+0000] {dag.py:3239} INFO - Sync 1 DAGs
[2025-06-17T05:21:36.014+0000] {logging_mixin.py:190} INFO - [2025-06-17T05:21:36.014+0000] {dag.py:4180} INFO - Setting next_dagrun for tutorial_dag to None, run_after=None
[2025-06-17T05:21:36.033+0000] {processor.py:208} INFO - Processing /home/airflow/.local/lib/python3.12/site-packages/airflow/example_dags/tutorial_dag.py took 0.062 seconds
[2025-06-17T05:22:06.951+0000] {processor.py:186} INFO - Started process (PID=172) to work on /home/airflow/.local/lib/python3.12/site-packages/airflow/example_dags/tutorial_dag.py
[2025-06-17T05:22:06.952+0000] {processor.py:914} INFO - Processing file /home/airflow/.local/lib/python3.12/site-packages/airflow/example_dags/tutorial_dag.py for tasks to queue
[2025-06-17T05:22:06.953+0000] {logging_mixin.py:190} INFO - [2025-06-17T05:22:06.953+0000] {dagbag.py:588} INFO - Filling up the DagBag from /home/airflow/.local/lib/python3.12/site-packages/airflow/example_dags/tutorial_dag.py
[2025-06-17T05:22:06.959+0000] {processor.py:925} INFO - DAG(s) 'tutorial_dag' retrieved from /home/airflow/.local/lib/python3.12/site-packages/airflow/example_dags/tutorial_dag.py
[2025-06-17T05:22:06.973+0000] {logging_mixin.py:190} INFO - [2025-06-17T05:22:06.972+0000] {dag.py:3239} INFO - Sync 1 DAGs
[2025-06-17T05:22:06.984+0000] {logging_mixin.py:190} INFO - [2025-06-17T05:22:06.984+0000] {dag.py:4180} INFO - Setting next_dagrun for tutorial_dag to None, run_after=None
[2025-06-17T05:22:06.998+0000] {processor.py:208} INFO - Processing /home/airflow/.local/lib/python3.12/site-packages/airflow/example_dags/tutorial_dag.py took 0.051 seconds
[2025-06-17T05:22:37.865+0000] {processor.py:186} INFO - Started process (PID=235) to work on /home/airflow/.local/lib/python3.12/site-packages/airflow/example_dags/tutorial_dag.py
[2025-06-17T05:22:37.866+0000] {processor.py:914} INFO - Processing file /home/airflow/.local/lib/python3.12/site-packages/airflow/example_dags/tutorial_dag.py for tasks to queue
[2025-06-17T05:22:37.867+0000] {logging_mixin.py:190} INFO - [2025-06-17T05:22:37.867+0000] {dagbag.py:588} INFO - Filling up the DagBag from /home/airflow/.local/lib/python3.12/site-packages/airflow/example_dags/tutorial_dag.py
[2025-06-17T05:22:37.878+0000] {processor.py:925} INFO - DAG(s) 'tutorial_dag' retrieved from /home/airflow/.local/lib/python3.12/site-packages/airflow/example_dags/tutorial_dag.py
[2025-06-17T05:22:37.903+0000] {logging_mixin.py:190} INFO - [2025-06-17T05:22:37.903+0000] {dag.py:3239} INFO - Sync 1 DAGs
[2025-06-17T05:22:37.923+0000] {logging_mixin.py:190} INFO - [2025-06-17T05:22:37.923+0000] {dag.py:4180} INFO - Setting next_dagrun for tutorial_dag to None, run_after=None
[2025-06-17T05:22:37.947+0000] {processor.py:208} INFO - Processing /home/airflow/.local/lib/python3.12/site-packages/airflow/example_dags/tutorial_dag.py took 0.087 seconds
[2025-06-17T05:23:08.649+0000] {processor.py:186} INFO - Started process (PID=298) to work on /home/airflow/.local/lib/python3.12/site-packages/airflow/example_dags/tutorial_dag.py
[2025-06-17T05:23:08.649+0000] {processor.py:914} INFO - Processing file /home/airflow/.local/lib/python3.12/site-packages/airflow/example_dags/tutorial_dag.py for tasks to queue
[2025-06-17T05:23:08.650+0000] {logging_mixin.py:190} INFO - [2025-06-17T05:23:08.650+0000] {dagbag.py:588} INFO - Filling up the DagBag from /home/airflow/.local/lib/python3.12/site-packages/airflow/example_dags/tutorial_dag.py
[2025-06-17T05:23:08.656+0000] {processor.py:925} INFO - DAG(s) 'tutorial_dag' retrieved from /home/airflow/.local/lib/python3.12/site-packages/airflow/example_dags/tutorial_dag.py
[2025-06-17T05:23:08.672+0000] {logging_mixin.py:190} INFO - [2025-06-17T05:23:08.671+0000] {dag.py:3239} INFO - Sync 1 DAGs
[2025-06-17T05:23:08.683+0000] {logging_mixin.py:190} INFO - [2025-06-17T05:23:08.683+0000] {dag.py:4180} INFO - Setting next_dagrun for tutorial_dag to None, run_after=None
[2025-06-17T05:23:08.699+0000] {processor.py:208} INFO - Processing /home/airflow/.local/lib/python3.12/site-packages/airflow/example_dags/tutorial_dag.py took 0.055 seconds
[2025-06-17T05:23:39.785+0000] {processor.py:186} INFO - Started process (PID=361) to work on /home/airflow/.local/lib/python3.12/site-packages/airflow/example_dags/tutorial_dag.py
[2025-06-17T05:23:39.785+0000] {processor.py:914} INFO - Processing file /home/airflow/.local/lib/python3.12/site-packages/airflow/example_dags/tutorial_dag.py for tasks to queue
[2025-06-17T05:23:39.786+0000] {logging_mixin.py:190} INFO - [2025-06-17T05:23:39.786+0000] {dagbag.py:588} INFO - Filling up the DagBag from /home/airflow/.local/lib/python3.12/site-packages/airflow/example_dags/tutorial_dag.py
[2025-06-17T05:23:39.791+0000] {processor.py:925} INFO - DAG(s) 'tutorial_dag' retrieved from /home/airflow/.local/lib/python3.12/site-packages/airflow/example_dags/tutorial_dag.py
[2025-06-17T05:23:39.807+0000] {logging_mixin.py:190} INFO - [2025-06-17T05:23:39.806+0000] {dag.py:3239} INFO - Sync 1 DAGs
[2025-06-17T05:23:39.818+0000] {logging_mixin.py:190} INFO - [2025-06-17T05:23:39.818+0000] {dag.py:4180} INFO - Setting next_dagrun for tutorial_dag to None, run_after=None
[2025-06-17T05:23:39.833+0000] {processor.py:208} INFO - Processing /home/airflow/.local/lib/python3.12/site-packages/airflow/example_dags/tutorial_dag.py took 0.053 seconds
