[2025-06-17T05:01:28.389+0000] {processor.py:186} INFO - Started process (PID=94) to work on /home/airflow/.local/lib/python3.12/site-packages/airflow/example_dags/tutorial_taskflow_templates.py
[2025-06-17T05:01:28.390+0000] {processor.py:914} INFO - Processing file /home/airflow/.local/lib/python3.12/site-packages/airflow/example_dags/tutorial_taskflow_templates.py for tasks to queue
[2025-06-17T05:01:28.390+0000] {logging_mixin.py:190} INFO - [2025-06-17T05:01:28.390+0000] {dagbag.py:588} INFO - Filling up the DagBag from /home/airflow/.local/lib/python3.12/site-packages/airflow/example_dags/tutorial_taskflow_templates.py
[2025-06-17T05:01:28.401+0000] {processor.py:925} INFO - DAG(s) 'tutorial_taskflow_templates' retrieved from /home/airflow/.local/lib/python3.12/site-packages/airflow/example_dags/tutorial_taskflow_templates.py
[2025-06-17T05:01:28.482+0000] {logging_mixin.py:190} INFO - [2025-06-17T05:01:28.481+0000] {override.py:1912} INFO - Created Permission View: can read on DAG:tutorial_taskflow_templates
[2025-06-17T05:01:28.491+0000] {logging_mixin.py:190} INFO - [2025-06-17T05:01:28.491+0000] {override.py:1912} INFO - Created Permission View: can edit on DAG:tutorial_taskflow_templates
[2025-06-17T05:01:28.496+0000] {logging_mixin.py:190} INFO - [2025-06-17T05:01:28.496+0000] {override.py:1912} INFO - Created Permission View: can delete on DAG:tutorial_taskflow_templates
[2025-06-17T05:01:28.503+0000] {logging_mixin.py:190} INFO - [2025-06-17T05:01:28.503+0000] {override.py:1912} INFO - Created Permission View: menu access on DAG Run:tutorial_taskflow_templates
[2025-06-17T05:01:28.508+0000] {logging_mixin.py:190} INFO - [2025-06-17T05:01:28.508+0000] {override.py:1912} INFO - Created Permission View: can create on DAG Run:tutorial_taskflow_templates
[2025-06-17T05:01:28.514+0000] {logging_mixin.py:190} INFO - [2025-06-17T05:01:28.514+0000] {override.py:1912} INFO - Created Permission View: can read on DAG Run:tutorial_taskflow_templates
[2025-06-17T05:01:28.520+0000] {logging_mixin.py:190} INFO - [2025-06-17T05:01:28.520+0000] {override.py:1912} INFO - Created Permission View: can delete on DAG Run:tutorial_taskflow_templates
[2025-06-17T05:01:28.521+0000] {logging_mixin.py:190} INFO - [2025-06-17T05:01:28.521+0000] {dag.py:3239} INFO - Sync 1 DAGs
[2025-06-17T05:01:28.531+0000] {logging_mixin.py:190} INFO - [2025-06-17T05:01:28.531+0000] {dag.py:3262} INFO - Creating ORM DAG for tutorial_taskflow_templates
[2025-06-17T05:01:28.538+0000] {logging_mixin.py:190} INFO - [2025-06-17T05:01:28.538+0000] {dag.py:4180} INFO - Setting next_dagrun for tutorial_taskflow_templates to 2025-06-16 00:00:00+00:00, run_after=2025-06-17 00:00:00+00:00
[2025-06-17T05:01:28.550+0000] {processor.py:208} INFO - Processing /home/airflow/.local/lib/python3.12/site-packages/airflow/example_dags/tutorial_taskflow_templates.py took 0.165 seconds
[2025-06-17T05:01:58.627+0000] {processor.py:186} INFO - Started process (PID=156) to work on /home/airflow/.local/lib/python3.12/site-packages/airflow/example_dags/tutorial_taskflow_templates.py
[2025-06-17T05:01:58.627+0000] {processor.py:914} INFO - Processing file /home/airflow/.local/lib/python3.12/site-packages/airflow/example_dags/tutorial_taskflow_templates.py for tasks to queue
[2025-06-17T05:01:58.628+0000] {logging_mixin.py:190} INFO - [2025-06-17T05:01:58.628+0000] {dagbag.py:588} INFO - Filling up the DagBag from /home/airflow/.local/lib/python3.12/site-packages/airflow/example_dags/tutorial_taskflow_templates.py
[2025-06-17T05:01:58.638+0000] {processor.py:925} INFO - DAG(s) 'tutorial_taskflow_templates' retrieved from /home/airflow/.local/lib/python3.12/site-packages/airflow/example_dags/tutorial_taskflow_templates.py
[2025-06-17T05:01:58.652+0000] {logging_mixin.py:190} INFO - [2025-06-17T05:01:58.652+0000] {dag.py:3239} INFO - Sync 1 DAGs
[2025-06-17T05:01:58.669+0000] {logging_mixin.py:190} INFO - [2025-06-17T05:01:58.669+0000] {dag.py:4180} INFO - Setting next_dagrun for tutorial_taskflow_templates to 2025-06-16 00:00:00+00:00, run_after=2025-06-17 00:00:00+00:00
[2025-06-17T05:01:58.682+0000] {processor.py:208} INFO - Processing /home/airflow/.local/lib/python3.12/site-packages/airflow/example_dags/tutorial_taskflow_templates.py took 0.060 seconds
[2025-06-17T05:02:29.429+0000] {processor.py:186} INFO - Started process (PID=219) to work on /home/airflow/.local/lib/python3.12/site-packages/airflow/example_dags/tutorial_taskflow_templates.py
[2025-06-17T05:02:29.430+0000] {processor.py:914} INFO - Processing file /home/airflow/.local/lib/python3.12/site-packages/airflow/example_dags/tutorial_taskflow_templates.py for tasks to queue
[2025-06-17T05:02:29.431+0000] {logging_mixin.py:190} INFO - [2025-06-17T05:02:29.430+0000] {dagbag.py:588} INFO - Filling up the DagBag from /home/airflow/.local/lib/python3.12/site-packages/airflow/example_dags/tutorial_taskflow_templates.py
[2025-06-17T05:02:29.440+0000] {processor.py:925} INFO - DAG(s) 'tutorial_taskflow_templates' retrieved from /home/airflow/.local/lib/python3.12/site-packages/airflow/example_dags/tutorial_taskflow_templates.py
[2025-06-17T05:02:29.454+0000] {logging_mixin.py:190} INFO - [2025-06-17T05:02:29.454+0000] {dag.py:3239} INFO - Sync 1 DAGs
[2025-06-17T05:02:29.471+0000] {logging_mixin.py:190} INFO - [2025-06-17T05:02:29.471+0000] {dag.py:4180} INFO - Setting next_dagrun for tutorial_taskflow_templates to 2025-06-16 00:00:00+00:00, run_after=2025-06-17 00:00:00+00:00
[2025-06-17T05:02:29.485+0000] {processor.py:208} INFO - Processing /home/airflow/.local/lib/python3.12/site-packages/airflow/example_dags/tutorial_taskflow_templates.py took 0.060 seconds
[2025-06-17T05:06:06.773+0000] {processor.py:186} INFO - Started process (PID=96) to work on /home/airflow/.local/lib/python3.12/site-packages/airflow/example_dags/tutorial_taskflow_templates.py
[2025-06-17T05:06:06.774+0000] {processor.py:914} INFO - Processing file /home/airflow/.local/lib/python3.12/site-packages/airflow/example_dags/tutorial_taskflow_templates.py for tasks to queue
[2025-06-17T05:06:06.775+0000] {logging_mixin.py:190} INFO - [2025-06-17T05:06:06.775+0000] {dagbag.py:588} INFO - Filling up the DagBag from /home/airflow/.local/lib/python3.12/site-packages/airflow/example_dags/tutorial_taskflow_templates.py
[2025-06-17T05:06:06.788+0000] {processor.py:925} INFO - DAG(s) 'tutorial_taskflow_templates' retrieved from /home/airflow/.local/lib/python3.12/site-packages/airflow/example_dags/tutorial_taskflow_templates.py
[2025-06-17T05:06:06.804+0000] {logging_mixin.py:190} INFO - [2025-06-17T05:06:06.803+0000] {dag.py:3239} INFO - Sync 1 DAGs
[2025-06-17T05:06:06.829+0000] {logging_mixin.py:190} INFO - [2025-06-17T05:06:06.829+0000] {dag.py:4180} INFO - Setting next_dagrun for tutorial_taskflow_templates to 2025-06-16 00:00:00+00:00, run_after=2025-06-17 00:00:00+00:00
[2025-06-17T05:06:06.844+0000] {processor.py:208} INFO - Processing /home/airflow/.local/lib/python3.12/site-packages/airflow/example_dags/tutorial_taskflow_templates.py took 0.075 seconds
[2025-06-17T05:06:37.916+0000] {processor.py:186} INFO - Started process (PID=158) to work on /home/airflow/.local/lib/python3.12/site-packages/airflow/example_dags/tutorial_taskflow_templates.py
[2025-06-17T05:06:37.917+0000] {processor.py:914} INFO - Processing file /home/airflow/.local/lib/python3.12/site-packages/airflow/example_dags/tutorial_taskflow_templates.py for tasks to queue
[2025-06-17T05:06:37.918+0000] {logging_mixin.py:190} INFO - [2025-06-17T05:06:37.918+0000] {dagbag.py:588} INFO - Filling up the DagBag from /home/airflow/.local/lib/python3.12/site-packages/airflow/example_dags/tutorial_taskflow_templates.py
[2025-06-17T05:06:37.929+0000] {processor.py:925} INFO - DAG(s) 'tutorial_taskflow_templates' retrieved from /home/airflow/.local/lib/python3.12/site-packages/airflow/example_dags/tutorial_taskflow_templates.py
[2025-06-17T05:06:37.942+0000] {logging_mixin.py:190} INFO - [2025-06-17T05:06:37.942+0000] {dag.py:3239} INFO - Sync 1 DAGs
[2025-06-17T05:06:37.959+0000] {logging_mixin.py:190} INFO - [2025-06-17T05:06:37.959+0000] {dag.py:4180} INFO - Setting next_dagrun for tutorial_taskflow_templates to 2025-06-16 00:00:00+00:00, run_after=2025-06-17 00:00:00+00:00
[2025-06-17T05:06:37.972+0000] {processor.py:208} INFO - Processing /home/airflow/.local/lib/python3.12/site-packages/airflow/example_dags/tutorial_taskflow_templates.py took 0.062 seconds
[2025-06-17T05:09:01.385+0000] {processor.py:186} INFO - Started process (PID=94) to work on /home/airflow/.local/lib/python3.12/site-packages/airflow/example_dags/tutorial_taskflow_templates.py
[2025-06-17T05:09:01.386+0000] {processor.py:914} INFO - Processing file /home/airflow/.local/lib/python3.12/site-packages/airflow/example_dags/tutorial_taskflow_templates.py for tasks to queue
[2025-06-17T05:09:01.387+0000] {logging_mixin.py:190} INFO - [2025-06-17T05:09:01.387+0000] {dagbag.py:588} INFO - Filling up the DagBag from /home/airflow/.local/lib/python3.12/site-packages/airflow/example_dags/tutorial_taskflow_templates.py
[2025-06-17T05:09:01.401+0000] {processor.py:925} INFO - DAG(s) 'tutorial_taskflow_templates' retrieved from /home/airflow/.local/lib/python3.12/site-packages/airflow/example_dags/tutorial_taskflow_templates.py
[2025-06-17T05:09:01.419+0000] {logging_mixin.py:190} INFO - [2025-06-17T05:09:01.418+0000] {dag.py:3239} INFO - Sync 1 DAGs
[2025-06-17T05:09:01.439+0000] {logging_mixin.py:190} INFO - [2025-06-17T05:09:01.438+0000] {dag.py:4180} INFO - Setting next_dagrun for tutorial_taskflow_templates to 2025-06-16 00:00:00+00:00, run_after=2025-06-17 00:00:00+00:00
[2025-06-17T05:09:01.455+0000] {processor.py:208} INFO - Processing /home/airflow/.local/lib/python3.12/site-packages/airflow/example_dags/tutorial_taskflow_templates.py took 0.075 seconds
[2025-06-17T05:09:31.541+0000] {processor.py:186} INFO - Started process (PID=157) to work on /home/airflow/.local/lib/python3.12/site-packages/airflow/example_dags/tutorial_taskflow_templates.py
[2025-06-17T05:09:31.542+0000] {processor.py:914} INFO - Processing file /home/airflow/.local/lib/python3.12/site-packages/airflow/example_dags/tutorial_taskflow_templates.py for tasks to queue
[2025-06-17T05:09:31.543+0000] {logging_mixin.py:190} INFO - [2025-06-17T05:09:31.542+0000] {dagbag.py:588} INFO - Filling up the DagBag from /home/airflow/.local/lib/python3.12/site-packages/airflow/example_dags/tutorial_taskflow_templates.py
[2025-06-17T05:09:31.552+0000] {processor.py:925} INFO - DAG(s) 'tutorial_taskflow_templates' retrieved from /home/airflow/.local/lib/python3.12/site-packages/airflow/example_dags/tutorial_taskflow_templates.py
[2025-06-17T05:09:31.566+0000] {logging_mixin.py:190} INFO - [2025-06-17T05:09:31.566+0000] {dag.py:3239} INFO - Sync 1 DAGs
[2025-06-17T05:09:31.584+0000] {logging_mixin.py:190} INFO - [2025-06-17T05:09:31.584+0000] {dag.py:4180} INFO - Setting next_dagrun for tutorial_taskflow_templates to 2025-06-16 00:00:00+00:00, run_after=2025-06-17 00:00:00+00:00
[2025-06-17T05:09:31.599+0000] {processor.py:208} INFO - Processing /home/airflow/.local/lib/python3.12/site-packages/airflow/example_dags/tutorial_taskflow_templates.py took 0.062 seconds
[2025-06-17T05:10:02.407+0000] {processor.py:186} INFO - Started process (PID=220) to work on /home/airflow/.local/lib/python3.12/site-packages/airflow/example_dags/tutorial_taskflow_templates.py
[2025-06-17T05:10:02.408+0000] {processor.py:914} INFO - Processing file /home/airflow/.local/lib/python3.12/site-packages/airflow/example_dags/tutorial_taskflow_templates.py for tasks to queue
[2025-06-17T05:10:02.409+0000] {logging_mixin.py:190} INFO - [2025-06-17T05:10:02.409+0000] {dagbag.py:588} INFO - Filling up the DagBag from /home/airflow/.local/lib/python3.12/site-packages/airflow/example_dags/tutorial_taskflow_templates.py
[2025-06-17T05:10:02.421+0000] {processor.py:925} INFO - DAG(s) 'tutorial_taskflow_templates' retrieved from /home/airflow/.local/lib/python3.12/site-packages/airflow/example_dags/tutorial_taskflow_templates.py
[2025-06-17T05:10:02.439+0000] {logging_mixin.py:190} INFO - [2025-06-17T05:10:02.438+0000] {dag.py:3239} INFO - Sync 1 DAGs
[2025-06-17T05:10:02.458+0000] {logging_mixin.py:190} INFO - [2025-06-17T05:10:02.458+0000] {dag.py:4180} INFO - Setting next_dagrun for tutorial_taskflow_templates to 2025-06-16 00:00:00+00:00, run_after=2025-06-17 00:00:00+00:00
[2025-06-17T05:10:02.474+0000] {processor.py:208} INFO - Processing /home/airflow/.local/lib/python3.12/site-packages/airflow/example_dags/tutorial_taskflow_templates.py took 0.072 seconds
[2025-06-17T05:10:33.722+0000] {processor.py:186} INFO - Started process (PID=282) to work on /home/airflow/.local/lib/python3.12/site-packages/airflow/example_dags/tutorial_taskflow_templates.py
[2025-06-17T05:10:33.723+0000] {processor.py:914} INFO - Processing file /home/airflow/.local/lib/python3.12/site-packages/airflow/example_dags/tutorial_taskflow_templates.py for tasks to queue
[2025-06-17T05:10:33.724+0000] {logging_mixin.py:190} INFO - [2025-06-17T05:10:33.724+0000] {dagbag.py:588} INFO - Filling up the DagBag from /home/airflow/.local/lib/python3.12/site-packages/airflow/example_dags/tutorial_taskflow_templates.py
[2025-06-17T05:10:33.734+0000] {processor.py:925} INFO - DAG(s) 'tutorial_taskflow_templates' retrieved from /home/airflow/.local/lib/python3.12/site-packages/airflow/example_dags/tutorial_taskflow_templates.py
[2025-06-17T05:10:33.749+0000] {logging_mixin.py:190} INFO - [2025-06-17T05:10:33.749+0000] {dag.py:3239} INFO - Sync 1 DAGs
[2025-06-17T05:10:33.769+0000] {logging_mixin.py:190} INFO - [2025-06-17T05:10:33.769+0000] {dag.py:4180} INFO - Setting next_dagrun for tutorial_taskflow_templates to 2025-06-16 00:00:00+00:00, run_after=2025-06-17 00:00:00+00:00
[2025-06-17T05:10:33.784+0000] {processor.py:208} INFO - Processing /home/airflow/.local/lib/python3.12/site-packages/airflow/example_dags/tutorial_taskflow_templates.py took 0.067 seconds
[2025-06-17T05:11:04.736+0000] {processor.py:186} INFO - Started process (PID=345) to work on /home/airflow/.local/lib/python3.12/site-packages/airflow/example_dags/tutorial_taskflow_templates.py
[2025-06-17T05:11:04.737+0000] {processor.py:914} INFO - Processing file /home/airflow/.local/lib/python3.12/site-packages/airflow/example_dags/tutorial_taskflow_templates.py for tasks to queue
[2025-06-17T05:11:04.738+0000] {logging_mixin.py:190} INFO - [2025-06-17T05:11:04.738+0000] {dagbag.py:588} INFO - Filling up the DagBag from /home/airflow/.local/lib/python3.12/site-packages/airflow/example_dags/tutorial_taskflow_templates.py
[2025-06-17T05:11:04.749+0000] {processor.py:925} INFO - DAG(s) 'tutorial_taskflow_templates' retrieved from /home/airflow/.local/lib/python3.12/site-packages/airflow/example_dags/tutorial_taskflow_templates.py
[2025-06-17T05:11:04.762+0000] {logging_mixin.py:190} INFO - [2025-06-17T05:11:04.762+0000] {dag.py:3239} INFO - Sync 1 DAGs
[2025-06-17T05:11:04.780+0000] {logging_mixin.py:190} INFO - [2025-06-17T05:11:04.780+0000] {dag.py:4180} INFO - Setting next_dagrun for tutorial_taskflow_templates to 2025-06-16 00:00:00+00:00, run_after=2025-06-17 00:00:00+00:00
[2025-06-17T05:11:04.793+0000] {processor.py:208} INFO - Processing /home/airflow/.local/lib/python3.12/site-packages/airflow/example_dags/tutorial_taskflow_templates.py took 0.061 seconds
[2025-06-17T05:11:35.546+0000] {processor.py:186} INFO - Started process (PID=408) to work on /home/airflow/.local/lib/python3.12/site-packages/airflow/example_dags/tutorial_taskflow_templates.py
[2025-06-17T05:11:35.547+0000] {processor.py:914} INFO - Processing file /home/airflow/.local/lib/python3.12/site-packages/airflow/example_dags/tutorial_taskflow_templates.py for tasks to queue
[2025-06-17T05:11:35.548+0000] {logging_mixin.py:190} INFO - [2025-06-17T05:11:35.547+0000] {dagbag.py:588} INFO - Filling up the DagBag from /home/airflow/.local/lib/python3.12/site-packages/airflow/example_dags/tutorial_taskflow_templates.py
[2025-06-17T05:11:35.559+0000] {processor.py:925} INFO - DAG(s) 'tutorial_taskflow_templates' retrieved from /home/airflow/.local/lib/python3.12/site-packages/airflow/example_dags/tutorial_taskflow_templates.py
[2025-06-17T05:11:35.574+0000] {logging_mixin.py:190} INFO - [2025-06-17T05:11:35.574+0000] {dag.py:3239} INFO - Sync 1 DAGs
[2025-06-17T05:11:35.592+0000] {logging_mixin.py:190} INFO - [2025-06-17T05:11:35.592+0000] {dag.py:4180} INFO - Setting next_dagrun for tutorial_taskflow_templates to 2025-06-16 00:00:00+00:00, run_after=2025-06-17 00:00:00+00:00
[2025-06-17T05:11:35.607+0000] {processor.py:208} INFO - Processing /home/airflow/.local/lib/python3.12/site-packages/airflow/example_dags/tutorial_taskflow_templates.py took 0.065 seconds
[2025-06-17T05:12:06.429+0000] {processor.py:186} INFO - Started process (PID=472) to work on /home/airflow/.local/lib/python3.12/site-packages/airflow/example_dags/tutorial_taskflow_templates.py
[2025-06-17T05:12:06.430+0000] {processor.py:914} INFO - Processing file /home/airflow/.local/lib/python3.12/site-packages/airflow/example_dags/tutorial_taskflow_templates.py for tasks to queue
[2025-06-17T05:12:06.431+0000] {logging_mixin.py:190} INFO - [2025-06-17T05:12:06.431+0000] {dagbag.py:588} INFO - Filling up the DagBag from /home/airflow/.local/lib/python3.12/site-packages/airflow/example_dags/tutorial_taskflow_templates.py
[2025-06-17T05:12:06.441+0000] {processor.py:925} INFO - DAG(s) 'tutorial_taskflow_templates' retrieved from /home/airflow/.local/lib/python3.12/site-packages/airflow/example_dags/tutorial_taskflow_templates.py
[2025-06-17T05:12:06.457+0000] {logging_mixin.py:190} INFO - [2025-06-17T05:12:06.457+0000] {dag.py:3239} INFO - Sync 1 DAGs
[2025-06-17T05:12:06.478+0000] {logging_mixin.py:190} INFO - [2025-06-17T05:12:06.477+0000] {dag.py:4180} INFO - Setting next_dagrun for tutorial_taskflow_templates to 2025-06-16 00:00:00+00:00, run_after=2025-06-17 00:00:00+00:00
[2025-06-17T05:12:06.493+0000] {processor.py:208} INFO - Processing /home/airflow/.local/lib/python3.12/site-packages/airflow/example_dags/tutorial_taskflow_templates.py took 0.069 seconds
[2025-06-17T05:12:36.951+0000] {processor.py:186} INFO - Started process (PID=534) to work on /home/airflow/.local/lib/python3.12/site-packages/airflow/example_dags/tutorial_taskflow_templates.py
[2025-06-17T05:12:36.952+0000] {processor.py:914} INFO - Processing file /home/airflow/.local/lib/python3.12/site-packages/airflow/example_dags/tutorial_taskflow_templates.py for tasks to queue
[2025-06-17T05:12:36.953+0000] {logging_mixin.py:190} INFO - [2025-06-17T05:12:36.952+0000] {dagbag.py:588} INFO - Filling up the DagBag from /home/airflow/.local/lib/python3.12/site-packages/airflow/example_dags/tutorial_taskflow_templates.py
[2025-06-17T05:12:36.963+0000] {processor.py:925} INFO - DAG(s) 'tutorial_taskflow_templates' retrieved from /home/airflow/.local/lib/python3.12/site-packages/airflow/example_dags/tutorial_taskflow_templates.py
[2025-06-17T05:12:36.981+0000] {logging_mixin.py:190} INFO - [2025-06-17T05:12:36.981+0000] {dag.py:3239} INFO - Sync 1 DAGs
[2025-06-17T05:12:37.000+0000] {logging_mixin.py:190} INFO - [2025-06-17T05:12:37.000+0000] {dag.py:4180} INFO - Setting next_dagrun for tutorial_taskflow_templates to 2025-06-16 00:00:00+00:00, run_after=2025-06-17 00:00:00+00:00
[2025-06-17T05:12:37.015+0000] {processor.py:208} INFO - Processing /home/airflow/.local/lib/python3.12/site-packages/airflow/example_dags/tutorial_taskflow_templates.py took 0.069 seconds
[2025-06-17T05:13:07.737+0000] {processor.py:186} INFO - Started process (PID=597) to work on /home/airflow/.local/lib/python3.12/site-packages/airflow/example_dags/tutorial_taskflow_templates.py
[2025-06-17T05:13:07.737+0000] {processor.py:914} INFO - Processing file /home/airflow/.local/lib/python3.12/site-packages/airflow/example_dags/tutorial_taskflow_templates.py for tasks to queue
[2025-06-17T05:13:07.738+0000] {logging_mixin.py:190} INFO - [2025-06-17T05:13:07.738+0000] {dagbag.py:588} INFO - Filling up the DagBag from /home/airflow/.local/lib/python3.12/site-packages/airflow/example_dags/tutorial_taskflow_templates.py
[2025-06-17T05:13:07.748+0000] {processor.py:925} INFO - DAG(s) 'tutorial_taskflow_templates' retrieved from /home/airflow/.local/lib/python3.12/site-packages/airflow/example_dags/tutorial_taskflow_templates.py
[2025-06-17T05:13:07.762+0000] {logging_mixin.py:190} INFO - [2025-06-17T05:13:07.762+0000] {dag.py:3239} INFO - Sync 1 DAGs
[2025-06-17T05:13:07.779+0000] {logging_mixin.py:190} INFO - [2025-06-17T05:13:07.779+0000] {dag.py:4180} INFO - Setting next_dagrun for tutorial_taskflow_templates to 2025-06-16 00:00:00+00:00, run_after=2025-06-17 00:00:00+00:00
[2025-06-17T05:13:07.792+0000] {processor.py:208} INFO - Processing /home/airflow/.local/lib/python3.12/site-packages/airflow/example_dags/tutorial_taskflow_templates.py took 0.059 seconds
[2025-06-17T05:13:38.295+0000] {processor.py:186} INFO - Started process (PID=661) to work on /home/airflow/.local/lib/python3.12/site-packages/airflow/example_dags/tutorial_taskflow_templates.py
[2025-06-17T05:13:38.296+0000] {processor.py:914} INFO - Processing file /home/airflow/.local/lib/python3.12/site-packages/airflow/example_dags/tutorial_taskflow_templates.py for tasks to queue
[2025-06-17T05:13:38.297+0000] {logging_mixin.py:190} INFO - [2025-06-17T05:13:38.297+0000] {dagbag.py:588} INFO - Filling up the DagBag from /home/airflow/.local/lib/python3.12/site-packages/airflow/example_dags/tutorial_taskflow_templates.py
[2025-06-17T05:13:38.307+0000] {processor.py:925} INFO - DAG(s) 'tutorial_taskflow_templates' retrieved from /home/airflow/.local/lib/python3.12/site-packages/airflow/example_dags/tutorial_taskflow_templates.py
[2025-06-17T05:13:38.321+0000] {logging_mixin.py:190} INFO - [2025-06-17T05:13:38.321+0000] {dag.py:3239} INFO - Sync 1 DAGs
[2025-06-17T05:13:38.341+0000] {logging_mixin.py:190} INFO - [2025-06-17T05:13:38.341+0000] {dag.py:4180} INFO - Setting next_dagrun for tutorial_taskflow_templates to 2025-06-16 00:00:00+00:00, run_after=2025-06-17 00:00:00+00:00
[2025-06-17T05:13:38.356+0000] {processor.py:208} INFO - Processing /home/airflow/.local/lib/python3.12/site-packages/airflow/example_dags/tutorial_taskflow_templates.py took 0.065 seconds
[2025-06-17T05:14:08.997+0000] {processor.py:186} INFO - Started process (PID=724) to work on /home/airflow/.local/lib/python3.12/site-packages/airflow/example_dags/tutorial_taskflow_templates.py
[2025-06-17T05:14:08.997+0000] {processor.py:914} INFO - Processing file /home/airflow/.local/lib/python3.12/site-packages/airflow/example_dags/tutorial_taskflow_templates.py for tasks to queue
[2025-06-17T05:14:08.998+0000] {logging_mixin.py:190} INFO - [2025-06-17T05:14:08.998+0000] {dagbag.py:588} INFO - Filling up the DagBag from /home/airflow/.local/lib/python3.12/site-packages/airflow/example_dags/tutorial_taskflow_templates.py
[2025-06-17T05:14:09.009+0000] {processor.py:925} INFO - DAG(s) 'tutorial_taskflow_templates' retrieved from /home/airflow/.local/lib/python3.12/site-packages/airflow/example_dags/tutorial_taskflow_templates.py
[2025-06-17T05:14:09.026+0000] {logging_mixin.py:190} INFO - [2025-06-17T05:14:09.026+0000] {dag.py:3239} INFO - Sync 1 DAGs
[2025-06-17T05:14:09.047+0000] {logging_mixin.py:190} INFO - [2025-06-17T05:14:09.046+0000] {dag.py:4180} INFO - Setting next_dagrun for tutorial_taskflow_templates to 2025-06-16 00:00:00+00:00, run_after=2025-06-17 00:00:00+00:00
[2025-06-17T05:14:09.063+0000] {processor.py:208} INFO - Processing /home/airflow/.local/lib/python3.12/site-packages/airflow/example_dags/tutorial_taskflow_templates.py took 0.071 seconds
[2025-06-17T05:17:48.172+0000] {processor.py:186} INFO - Started process (PID=95) to work on /home/airflow/.local/lib/python3.12/site-packages/airflow/example_dags/tutorial_taskflow_templates.py
[2025-06-17T05:17:48.172+0000] {processor.py:914} INFO - Processing file /home/airflow/.local/lib/python3.12/site-packages/airflow/example_dags/tutorial_taskflow_templates.py for tasks to queue
[2025-06-17T05:17:48.173+0000] {logging_mixin.py:190} INFO - [2025-06-17T05:17:48.173+0000] {dagbag.py:588} INFO - Filling up the DagBag from /home/airflow/.local/lib/python3.12/site-packages/airflow/example_dags/tutorial_taskflow_templates.py
[2025-06-17T05:17:48.184+0000] {processor.py:925} INFO - DAG(s) 'tutorial_taskflow_templates' retrieved from /home/airflow/.local/lib/python3.12/site-packages/airflow/example_dags/tutorial_taskflow_templates.py
[2025-06-17T05:17:48.264+0000] {logging_mixin.py:190} INFO - [2025-06-17T05:17:48.263+0000] {override.py:1912} INFO - Created Permission View: can read on DAG:tutorial_taskflow_templates
[2025-06-17T05:17:48.274+0000] {logging_mixin.py:190} INFO - [2025-06-17T05:17:48.274+0000] {override.py:1912} INFO - Created Permission View: can delete on DAG:tutorial_taskflow_templates
[2025-06-17T05:17:48.282+0000] {logging_mixin.py:190} INFO - [2025-06-17T05:17:48.281+0000] {override.py:1912} INFO - Created Permission View: can edit on DAG:tutorial_taskflow_templates
[2025-06-17T05:17:48.289+0000] {logging_mixin.py:190} INFO - [2025-06-17T05:17:48.289+0000] {override.py:1912} INFO - Created Permission View: can read on DAG Run:tutorial_taskflow_templates
[2025-06-17T05:17:48.295+0000] {logging_mixin.py:190} INFO - [2025-06-17T05:17:48.295+0000] {override.py:1912} INFO - Created Permission View: can delete on DAG Run:tutorial_taskflow_templates
[2025-06-17T05:17:48.301+0000] {logging_mixin.py:190} INFO - [2025-06-17T05:17:48.301+0000] {override.py:1912} INFO - Created Permission View: menu access on DAG Run:tutorial_taskflow_templates
[2025-06-17T05:17:48.307+0000] {logging_mixin.py:190} INFO - [2025-06-17T05:17:48.306+0000] {override.py:1912} INFO - Created Permission View: can create on DAG Run:tutorial_taskflow_templates
[2025-06-17T05:17:48.307+0000] {logging_mixin.py:190} INFO - [2025-06-17T05:17:48.307+0000] {dag.py:3239} INFO - Sync 1 DAGs
[2025-06-17T05:17:48.317+0000] {logging_mixin.py:190} INFO - [2025-06-17T05:17:48.317+0000] {dag.py:3262} INFO - Creating ORM DAG for tutorial_taskflow_templates
[2025-06-17T05:17:48.325+0000] {logging_mixin.py:190} INFO - [2025-06-17T05:17:48.325+0000] {dag.py:4180} INFO - Setting next_dagrun for tutorial_taskflow_templates to 2025-06-16 00:00:00+00:00, run_after=2025-06-17 00:00:00+00:00
[2025-06-17T05:17:48.339+0000] {processor.py:208} INFO - Processing /home/airflow/.local/lib/python3.12/site-packages/airflow/example_dags/tutorial_taskflow_templates.py took 0.171 seconds
[2025-06-17T05:19:15.846+0000] {processor.py:186} INFO - Started process (PID=95) to work on /home/airflow/.local/lib/python3.12/site-packages/airflow/example_dags/tutorial_taskflow_templates.py
[2025-06-17T05:19:15.847+0000] {processor.py:914} INFO - Processing file /home/airflow/.local/lib/python3.12/site-packages/airflow/example_dags/tutorial_taskflow_templates.py for tasks to queue
[2025-06-17T05:19:15.848+0000] {logging_mixin.py:190} INFO - [2025-06-17T05:19:15.848+0000] {dagbag.py:588} INFO - Filling up the DagBag from /home/airflow/.local/lib/python3.12/site-packages/airflow/example_dags/tutorial_taskflow_templates.py
[2025-06-17T05:19:15.859+0000] {processor.py:925} INFO - DAG(s) 'tutorial_taskflow_templates' retrieved from /home/airflow/.local/lib/python3.12/site-packages/airflow/example_dags/tutorial_taskflow_templates.py
[2025-06-17T05:19:15.874+0000] {logging_mixin.py:190} INFO - [2025-06-17T05:19:15.874+0000] {dag.py:3239} INFO - Sync 1 DAGs
[2025-06-17T05:19:15.894+0000] {logging_mixin.py:190} INFO - [2025-06-17T05:19:15.894+0000] {dag.py:4180} INFO - Setting next_dagrun for tutorial_taskflow_templates to 2025-06-16 00:00:00+00:00, run_after=2025-06-17 00:00:00+00:00
[2025-06-17T05:19:15.910+0000] {processor.py:208} INFO - Processing /home/airflow/.local/lib/python3.12/site-packages/airflow/example_dags/tutorial_taskflow_templates.py took 0.068 seconds
[2025-06-17T05:19:46.696+0000] {processor.py:186} INFO - Started process (PID=158) to work on /home/airflow/.local/lib/python3.12/site-packages/airflow/example_dags/tutorial_taskflow_templates.py
[2025-06-17T05:19:46.697+0000] {processor.py:914} INFO - Processing file /home/airflow/.local/lib/python3.12/site-packages/airflow/example_dags/tutorial_taskflow_templates.py for tasks to queue
[2025-06-17T05:19:46.698+0000] {logging_mixin.py:190} INFO - [2025-06-17T05:19:46.697+0000] {dagbag.py:588} INFO - Filling up the DagBag from /home/airflow/.local/lib/python3.12/site-packages/airflow/example_dags/tutorial_taskflow_templates.py
[2025-06-17T05:19:46.709+0000] {processor.py:925} INFO - DAG(s) 'tutorial_taskflow_templates' retrieved from /home/airflow/.local/lib/python3.12/site-packages/airflow/example_dags/tutorial_taskflow_templates.py
[2025-06-17T05:19:46.725+0000] {logging_mixin.py:190} INFO - [2025-06-17T05:19:46.725+0000] {dag.py:3239} INFO - Sync 1 DAGs
[2025-06-17T05:19:46.748+0000] {logging_mixin.py:190} INFO - [2025-06-17T05:19:46.748+0000] {dag.py:4180} INFO - Setting next_dagrun for tutorial_taskflow_templates to 2025-06-16 00:00:00+00:00, run_after=2025-06-17 00:00:00+00:00
[2025-06-17T05:19:46.774+0000] {processor.py:208} INFO - Processing /home/airflow/.local/lib/python3.12/site-packages/airflow/example_dags/tutorial_taskflow_templates.py took 0.083 seconds
[2025-06-17T05:21:34.922+0000] {processor.py:186} INFO - Started process (PID=95) to work on /home/airflow/.local/lib/python3.12/site-packages/airflow/example_dags/tutorial_taskflow_templates.py
[2025-06-17T05:21:34.923+0000] {processor.py:914} INFO - Processing file /home/airflow/.local/lib/python3.12/site-packages/airflow/example_dags/tutorial_taskflow_templates.py for tasks to queue
[2025-06-17T05:21:34.924+0000] {logging_mixin.py:190} INFO - [2025-06-17T05:21:34.923+0000] {dagbag.py:588} INFO - Filling up the DagBag from /home/airflow/.local/lib/python3.12/site-packages/airflow/example_dags/tutorial_taskflow_templates.py
[2025-06-17T05:21:34.935+0000] {processor.py:925} INFO - DAG(s) 'tutorial_taskflow_templates' retrieved from /home/airflow/.local/lib/python3.12/site-packages/airflow/example_dags/tutorial_taskflow_templates.py
[2025-06-17T05:21:34.952+0000] {logging_mixin.py:190} INFO - [2025-06-17T05:21:34.952+0000] {dag.py:3239} INFO - Sync 1 DAGs
[2025-06-17T05:21:34.971+0000] {logging_mixin.py:190} INFO - [2025-06-17T05:21:34.971+0000] {dag.py:4180} INFO - Setting next_dagrun for tutorial_taskflow_templates to 2025-06-16 00:00:00+00:00, run_after=2025-06-17 00:00:00+00:00
[2025-06-17T05:21:34.984+0000] {processor.py:208} INFO - Processing /home/airflow/.local/lib/python3.12/site-packages/airflow/example_dags/tutorial_taskflow_templates.py took 0.066 seconds
[2025-06-17T05:22:05.718+0000] {processor.py:186} INFO - Started process (PID=158) to work on /home/airflow/.local/lib/python3.12/site-packages/airflow/example_dags/tutorial_taskflow_templates.py
[2025-06-17T05:22:05.719+0000] {processor.py:914} INFO - Processing file /home/airflow/.local/lib/python3.12/site-packages/airflow/example_dags/tutorial_taskflow_templates.py for tasks to queue
[2025-06-17T05:22:05.720+0000] {logging_mixin.py:190} INFO - [2025-06-17T05:22:05.719+0000] {dagbag.py:588} INFO - Filling up the DagBag from /home/airflow/.local/lib/python3.12/site-packages/airflow/example_dags/tutorial_taskflow_templates.py
[2025-06-17T05:22:05.729+0000] {processor.py:925} INFO - DAG(s) 'tutorial_taskflow_templates' retrieved from /home/airflow/.local/lib/python3.12/site-packages/airflow/example_dags/tutorial_taskflow_templates.py
[2025-06-17T05:22:05.745+0000] {logging_mixin.py:190} INFO - [2025-06-17T05:22:05.745+0000] {dag.py:3239} INFO - Sync 1 DAGs
[2025-06-17T05:22:05.765+0000] {logging_mixin.py:190} INFO - [2025-06-17T05:22:05.765+0000] {dag.py:4180} INFO - Setting next_dagrun for tutorial_taskflow_templates to 2025-06-16 00:00:00+00:00, run_after=2025-06-17 00:00:00+00:00
[2025-06-17T05:22:05.781+0000] {processor.py:208} INFO - Processing /home/airflow/.local/lib/python3.12/site-packages/airflow/example_dags/tutorial_taskflow_templates.py took 0.068 seconds
[2025-06-17T05:22:36.457+0000] {processor.py:186} INFO - Started process (PID=220) to work on /home/airflow/.local/lib/python3.12/site-packages/airflow/example_dags/tutorial_taskflow_templates.py
[2025-06-17T05:22:36.458+0000] {processor.py:914} INFO - Processing file /home/airflow/.local/lib/python3.12/site-packages/airflow/example_dags/tutorial_taskflow_templates.py for tasks to queue
[2025-06-17T05:22:36.459+0000] {logging_mixin.py:190} INFO - [2025-06-17T05:22:36.459+0000] {dagbag.py:588} INFO - Filling up the DagBag from /home/airflow/.local/lib/python3.12/site-packages/airflow/example_dags/tutorial_taskflow_templates.py
[2025-06-17T05:22:36.471+0000] {processor.py:925} INFO - DAG(s) 'tutorial_taskflow_templates' retrieved from /home/airflow/.local/lib/python3.12/site-packages/airflow/example_dags/tutorial_taskflow_templates.py
[2025-06-17T05:22:36.489+0000] {logging_mixin.py:190} INFO - [2025-06-17T05:22:36.488+0000] {dag.py:3239} INFO - Sync 1 DAGs
[2025-06-17T05:22:36.508+0000] {logging_mixin.py:190} INFO - [2025-06-17T05:22:36.508+0000] {dag.py:4180} INFO - Setting next_dagrun for tutorial_taskflow_templates to 2025-06-16 00:00:00+00:00, run_after=2025-06-17 00:00:00+00:00
[2025-06-17T05:22:36.527+0000] {processor.py:208} INFO - Processing /home/airflow/.local/lib/python3.12/site-packages/airflow/example_dags/tutorial_taskflow_templates.py took 0.074 seconds
[2025-06-17T05:23:07.383+0000] {processor.py:186} INFO - Started process (PID=284) to work on /home/airflow/.local/lib/python3.12/site-packages/airflow/example_dags/tutorial_taskflow_templates.py
[2025-06-17T05:23:07.384+0000] {processor.py:914} INFO - Processing file /home/airflow/.local/lib/python3.12/site-packages/airflow/example_dags/tutorial_taskflow_templates.py for tasks to queue
[2025-06-17T05:23:07.385+0000] {logging_mixin.py:190} INFO - [2025-06-17T05:23:07.385+0000] {dagbag.py:588} INFO - Filling up the DagBag from /home/airflow/.local/lib/python3.12/site-packages/airflow/example_dags/tutorial_taskflow_templates.py
[2025-06-17T05:23:07.396+0000] {processor.py:925} INFO - DAG(s) 'tutorial_taskflow_templates' retrieved from /home/airflow/.local/lib/python3.12/site-packages/airflow/example_dags/tutorial_taskflow_templates.py
[2025-06-17T05:23:07.413+0000] {logging_mixin.py:190} INFO - [2025-06-17T05:23:07.412+0000] {dag.py:3239} INFO - Sync 1 DAGs
[2025-06-17T05:23:07.433+0000] {logging_mixin.py:190} INFO - [2025-06-17T05:23:07.432+0000] {dag.py:4180} INFO - Setting next_dagrun for tutorial_taskflow_templates to 2025-06-16 00:00:00+00:00, run_after=2025-06-17 00:00:00+00:00
[2025-06-17T05:23:07.449+0000] {processor.py:208} INFO - Processing /home/airflow/.local/lib/python3.12/site-packages/airflow/example_dags/tutorial_taskflow_templates.py took 0.071 seconds
[2025-06-17T05:23:38.683+0000] {processor.py:186} INFO - Started process (PID=347) to work on /home/airflow/.local/lib/python3.12/site-packages/airflow/example_dags/tutorial_taskflow_templates.py
[2025-06-17T05:23:38.684+0000] {processor.py:914} INFO - Processing file /home/airflow/.local/lib/python3.12/site-packages/airflow/example_dags/tutorial_taskflow_templates.py for tasks to queue
[2025-06-17T05:23:38.685+0000] {logging_mixin.py:190} INFO - [2025-06-17T05:23:38.684+0000] {dagbag.py:588} INFO - Filling up the DagBag from /home/airflow/.local/lib/python3.12/site-packages/airflow/example_dags/tutorial_taskflow_templates.py
[2025-06-17T05:23:38.694+0000] {processor.py:925} INFO - DAG(s) 'tutorial_taskflow_templates' retrieved from /home/airflow/.local/lib/python3.12/site-packages/airflow/example_dags/tutorial_taskflow_templates.py
[2025-06-17T05:23:38.709+0000] {logging_mixin.py:190} INFO - [2025-06-17T05:23:38.708+0000] {dag.py:3239} INFO - Sync 1 DAGs
[2025-06-17T05:23:38.726+0000] {logging_mixin.py:190} INFO - [2025-06-17T05:23:38.726+0000] {dag.py:4180} INFO - Setting next_dagrun for tutorial_taskflow_templates to 2025-06-16 00:00:00+00:00, run_after=2025-06-17 00:00:00+00:00
[2025-06-17T05:23:38.739+0000] {processor.py:208} INFO - Processing /home/airflow/.local/lib/python3.12/site-packages/airflow/example_dags/tutorial_taskflow_templates.py took 0.061 seconds
