[2025-06-17T05:01:24.330+0000] {processor.py:186} INFO - Started process (PID=63) to work on /home/airflow/.local/lib/python3.12/site-packages/airflow/example_dags/tutorial_taskflow_api.py
[2025-06-17T05:01:24.331+0000] {processor.py:914} INFO - Processing file /home/airflow/.local/lib/python3.12/site-packages/airflow/example_dags/tutorial_taskflow_api.py for tasks to queue
[2025-06-17T05:01:24.332+0000] {logging_mixin.py:190} INFO - [2025-06-17T05:01:24.332+0000] {dagbag.py:588} INFO - Filling up the DagBag from /home/airflow/.local/lib/python3.12/site-packages/airflow/example_dags/tutorial_taskflow_api.py
[2025-06-17T05:01:24.340+0000] {processor.py:925} INFO - DAG(s) 'tutorial_taskflow_api' retrieved from /home/airflow/.local/lib/python3.12/site-packages/airflow/example_dags/tutorial_taskflow_api.py
[2025-06-17T05:01:24.430+0000] {logging_mixin.py:190} INFO - [2025-06-17T05:01:24.429+0000] {override.py:1912} INFO - Created Permission View: can read on DAG:tutorial_taskflow_api
[2025-06-17T05:01:24.439+0000] {logging_mixin.py:190} INFO - [2025-06-17T05:01:24.439+0000] {override.py:1912} INFO - Created Permission View: can edit on DAG:tutorial_taskflow_api
[2025-06-17T05:01:24.445+0000] {logging_mixin.py:190} INFO - [2025-06-17T05:01:24.445+0000] {override.py:1912} INFO - Created Permission View: can delete on DAG:tutorial_taskflow_api
[2025-06-17T05:01:24.454+0000] {logging_mixin.py:190} INFO - [2025-06-17T05:01:24.453+0000] {override.py:1912} INFO - Created Permission View: menu access on DAG Run:tutorial_taskflow_api
[2025-06-17T05:01:24.461+0000] {logging_mixin.py:190} INFO - [2025-06-17T05:01:24.461+0000] {override.py:1912} INFO - Created Permission View: can create on DAG Run:tutorial_taskflow_api
[2025-06-17T05:01:24.469+0000] {logging_mixin.py:190} INFO - [2025-06-17T05:01:24.468+0000] {override.py:1912} INFO - Created Permission View: can read on DAG Run:tutorial_taskflow_api
[2025-06-17T05:01:24.476+0000] {logging_mixin.py:190} INFO - [2025-06-17T05:01:24.475+0000] {override.py:1912} INFO - Created Permission View: can delete on DAG Run:tutorial_taskflow_api
[2025-06-17T05:01:24.476+0000] {logging_mixin.py:190} INFO - [2025-06-17T05:01:24.476+0000] {dag.py:3239} INFO - Sync 1 DAGs
[2025-06-17T05:01:24.486+0000] {logging_mixin.py:190} INFO - [2025-06-17T05:01:24.485+0000] {dag.py:3262} INFO - Creating ORM DAG for tutorial_taskflow_api
[2025-06-17T05:01:24.486+0000] {logging_mixin.py:190} INFO - [2025-06-17T05:01:24.486+0000] {dag.py:4180} INFO - Setting next_dagrun for tutorial_taskflow_api to None, run_after=None
[2025-06-17T05:01:24.500+0000] {processor.py:208} INFO - Processing /home/airflow/.local/lib/python3.12/site-packages/airflow/example_dags/tutorial_taskflow_api.py took 0.175 seconds
[2025-06-17T05:01:54.840+0000] {processor.py:186} INFO - Started process (PID=125) to work on /home/airflow/.local/lib/python3.12/site-packages/airflow/example_dags/tutorial_taskflow_api.py
[2025-06-17T05:01:54.841+0000] {processor.py:914} INFO - Processing file /home/airflow/.local/lib/python3.12/site-packages/airflow/example_dags/tutorial_taskflow_api.py for tasks to queue
[2025-06-17T05:01:54.841+0000] {logging_mixin.py:190} INFO - [2025-06-17T05:01:54.841+0000] {dagbag.py:588} INFO - Filling up the DagBag from /home/airflow/.local/lib/python3.12/site-packages/airflow/example_dags/tutorial_taskflow_api.py
[2025-06-17T05:01:54.847+0000] {processor.py:925} INFO - DAG(s) 'tutorial_taskflow_api' retrieved from /home/airflow/.local/lib/python3.12/site-packages/airflow/example_dags/tutorial_taskflow_api.py
[2025-06-17T05:01:54.860+0000] {logging_mixin.py:190} INFO - [2025-06-17T05:01:54.860+0000] {dag.py:3239} INFO - Sync 1 DAGs
[2025-06-17T05:01:54.872+0000] {logging_mixin.py:190} INFO - [2025-06-17T05:01:54.871+0000] {dag.py:4180} INFO - Setting next_dagrun for tutorial_taskflow_api to None, run_after=None
[2025-06-17T05:01:54.884+0000] {processor.py:208} INFO - Processing /home/airflow/.local/lib/python3.12/site-packages/airflow/example_dags/tutorial_taskflow_api.py took 0.049 seconds
[2025-06-17T05:02:25.760+0000] {processor.py:186} INFO - Started process (PID=188) to work on /home/airflow/.local/lib/python3.12/site-packages/airflow/example_dags/tutorial_taskflow_api.py
[2025-06-17T05:02:25.761+0000] {processor.py:914} INFO - Processing file /home/airflow/.local/lib/python3.12/site-packages/airflow/example_dags/tutorial_taskflow_api.py for tasks to queue
[2025-06-17T05:02:25.762+0000] {logging_mixin.py:190} INFO - [2025-06-17T05:02:25.761+0000] {dagbag.py:588} INFO - Filling up the DagBag from /home/airflow/.local/lib/python3.12/site-packages/airflow/example_dags/tutorial_taskflow_api.py
[2025-06-17T05:02:25.768+0000] {processor.py:925} INFO - DAG(s) 'tutorial_taskflow_api' retrieved from /home/airflow/.local/lib/python3.12/site-packages/airflow/example_dags/tutorial_taskflow_api.py
[2025-06-17T05:02:25.783+0000] {logging_mixin.py:190} INFO - [2025-06-17T05:02:25.783+0000] {dag.py:3239} INFO - Sync 1 DAGs
[2025-06-17T05:02:25.794+0000] {logging_mixin.py:190} INFO - [2025-06-17T05:02:25.794+0000] {dag.py:4180} INFO - Setting next_dagrun for tutorial_taskflow_api to None, run_after=None
[2025-06-17T05:02:25.809+0000] {processor.py:208} INFO - Processing /home/airflow/.local/lib/python3.12/site-packages/airflow/example_dags/tutorial_taskflow_api.py took 0.054 seconds
[2025-06-17T05:06:04.091+0000] {processor.py:186} INFO - Started process (PID=65) to work on /home/airflow/.local/lib/python3.12/site-packages/airflow/example_dags/tutorial_taskflow_api.py
[2025-06-17T05:06:04.091+0000] {processor.py:914} INFO - Processing file /home/airflow/.local/lib/python3.12/site-packages/airflow/example_dags/tutorial_taskflow_api.py for tasks to queue
[2025-06-17T05:06:04.092+0000] {logging_mixin.py:190} INFO - [2025-06-17T05:06:04.092+0000] {dagbag.py:588} INFO - Filling up the DagBag from /home/airflow/.local/lib/python3.12/site-packages/airflow/example_dags/tutorial_taskflow_api.py
[2025-06-17T05:06:04.102+0000] {processor.py:925} INFO - DAG(s) 'tutorial_taskflow_api' retrieved from /home/airflow/.local/lib/python3.12/site-packages/airflow/example_dags/tutorial_taskflow_api.py
[2025-06-17T05:06:04.120+0000] {logging_mixin.py:190} INFO - [2025-06-17T05:06:04.120+0000] {dag.py:3239} INFO - Sync 1 DAGs
[2025-06-17T05:06:04.132+0000] {logging_mixin.py:190} INFO - [2025-06-17T05:06:04.132+0000] {dag.py:4180} INFO - Setting next_dagrun for tutorial_taskflow_api to None, run_after=None
[2025-06-17T05:06:04.157+0000] {processor.py:208} INFO - Processing /home/airflow/.local/lib/python3.12/site-packages/airflow/example_dags/tutorial_taskflow_api.py took 0.071 seconds
[2025-06-17T05:06:35.035+0000] {processor.py:186} INFO - Started process (PID=127) to work on /home/airflow/.local/lib/python3.12/site-packages/airflow/example_dags/tutorial_taskflow_api.py
[2025-06-17T05:06:35.035+0000] {processor.py:914} INFO - Processing file /home/airflow/.local/lib/python3.12/site-packages/airflow/example_dags/tutorial_taskflow_api.py for tasks to queue
[2025-06-17T05:06:35.036+0000] {logging_mixin.py:190} INFO - [2025-06-17T05:06:35.036+0000] {dagbag.py:588} INFO - Filling up the DagBag from /home/airflow/.local/lib/python3.12/site-packages/airflow/example_dags/tutorial_taskflow_api.py
[2025-06-17T05:06:35.043+0000] {processor.py:925} INFO - DAG(s) 'tutorial_taskflow_api' retrieved from /home/airflow/.local/lib/python3.12/site-packages/airflow/example_dags/tutorial_taskflow_api.py
[2025-06-17T05:06:35.057+0000] {logging_mixin.py:190} INFO - [2025-06-17T05:06:35.057+0000] {dag.py:3239} INFO - Sync 1 DAGs
[2025-06-17T05:06:35.069+0000] {logging_mixin.py:190} INFO - [2025-06-17T05:06:35.069+0000] {dag.py:4180} INFO - Setting next_dagrun for tutorial_taskflow_api to None, run_after=None
[2025-06-17T05:06:35.085+0000] {processor.py:208} INFO - Processing /home/airflow/.local/lib/python3.12/site-packages/airflow/example_dags/tutorial_taskflow_api.py took 0.055 seconds
[2025-06-17T05:08:57.638+0000] {processor.py:186} INFO - Started process (PID=69) to work on /home/airflow/.local/lib/python3.12/site-packages/airflow/example_dags/tutorial_taskflow_api.py
[2025-06-17T05:08:57.639+0000] {processor.py:914} INFO - Processing file /home/airflow/.local/lib/python3.12/site-packages/airflow/example_dags/tutorial_taskflow_api.py for tasks to queue
[2025-06-17T05:08:57.643+0000] {logging_mixin.py:190} INFO - [2025-06-17T05:08:57.643+0000] {dagbag.py:588} INFO - Filling up the DagBag from /home/airflow/.local/lib/python3.12/site-packages/airflow/example_dags/tutorial_taskflow_api.py
[2025-06-17T05:08:57.659+0000] {processor.py:925} INFO - DAG(s) 'tutorial_taskflow_api' retrieved from /home/airflow/.local/lib/python3.12/site-packages/airflow/example_dags/tutorial_taskflow_api.py
[2025-06-17T05:08:57.695+0000] {logging_mixin.py:190} INFO - [2025-06-17T05:08:57.695+0000] {dag.py:3239} INFO - Sync 1 DAGs
[2025-06-17T05:08:57.721+0000] {logging_mixin.py:190} INFO - [2025-06-17T05:08:57.720+0000] {dag.py:4180} INFO - Setting next_dagrun for tutorial_taskflow_api to None, run_after=None
[2025-06-17T05:08:57.752+0000] {processor.py:208} INFO - Processing /home/airflow/.local/lib/python3.12/site-packages/airflow/example_dags/tutorial_taskflow_api.py took 0.121 seconds
[2025-06-17T05:09:27.820+0000] {processor.py:186} INFO - Started process (PID=131) to work on /home/airflow/.local/lib/python3.12/site-packages/airflow/example_dags/tutorial_taskflow_api.py
[2025-06-17T05:09:27.821+0000] {processor.py:914} INFO - Processing file /home/airflow/.local/lib/python3.12/site-packages/airflow/example_dags/tutorial_taskflow_api.py for tasks to queue
[2025-06-17T05:09:27.822+0000] {logging_mixin.py:190} INFO - [2025-06-17T05:09:27.822+0000] {dagbag.py:588} INFO - Filling up the DagBag from /home/airflow/.local/lib/python3.12/site-packages/airflow/example_dags/tutorial_taskflow_api.py
[2025-06-17T05:09:27.829+0000] {processor.py:925} INFO - DAG(s) 'tutorial_taskflow_api' retrieved from /home/airflow/.local/lib/python3.12/site-packages/airflow/example_dags/tutorial_taskflow_api.py
[2025-06-17T05:09:27.844+0000] {logging_mixin.py:190} INFO - [2025-06-17T05:09:27.843+0000] {dag.py:3239} INFO - Sync 1 DAGs
[2025-06-17T05:09:27.855+0000] {logging_mixin.py:190} INFO - [2025-06-17T05:09:27.855+0000] {dag.py:4180} INFO - Setting next_dagrun for tutorial_taskflow_api to None, run_after=None
[2025-06-17T05:09:27.870+0000] {processor.py:208} INFO - Processing /home/airflow/.local/lib/python3.12/site-packages/airflow/example_dags/tutorial_taskflow_api.py took 0.054 seconds
[2025-06-17T05:09:58.315+0000] {processor.py:186} INFO - Started process (PID=194) to work on /home/airflow/.local/lib/python3.12/site-packages/airflow/example_dags/tutorial_taskflow_api.py
[2025-06-17T05:09:58.315+0000] {processor.py:914} INFO - Processing file /home/airflow/.local/lib/python3.12/site-packages/airflow/example_dags/tutorial_taskflow_api.py for tasks to queue
[2025-06-17T05:09:58.316+0000] {logging_mixin.py:190} INFO - [2025-06-17T05:09:58.316+0000] {dagbag.py:588} INFO - Filling up the DagBag from /home/airflow/.local/lib/python3.12/site-packages/airflow/example_dags/tutorial_taskflow_api.py
[2025-06-17T05:09:58.323+0000] {processor.py:925} INFO - DAG(s) 'tutorial_taskflow_api' retrieved from /home/airflow/.local/lib/python3.12/site-packages/airflow/example_dags/tutorial_taskflow_api.py
[2025-06-17T05:09:58.337+0000] {logging_mixin.py:190} INFO - [2025-06-17T05:09:58.337+0000] {dag.py:3239} INFO - Sync 1 DAGs
[2025-06-17T05:09:58.348+0000] {logging_mixin.py:190} INFO - [2025-06-17T05:09:58.348+0000] {dag.py:4180} INFO - Setting next_dagrun for tutorial_taskflow_api to None, run_after=None
[2025-06-17T05:09:58.362+0000] {processor.py:208} INFO - Processing /home/airflow/.local/lib/python3.12/site-packages/airflow/example_dags/tutorial_taskflow_api.py took 0.053 seconds
[2025-06-17T05:10:28.575+0000] {processor.py:186} INFO - Started process (PID=257) to work on /home/airflow/.local/lib/python3.12/site-packages/airflow/example_dags/tutorial_taskflow_api.py
[2025-06-17T05:10:28.576+0000] {processor.py:914} INFO - Processing file /home/airflow/.local/lib/python3.12/site-packages/airflow/example_dags/tutorial_taskflow_api.py for tasks to queue
[2025-06-17T05:10:28.576+0000] {logging_mixin.py:190} INFO - [2025-06-17T05:10:28.576+0000] {dagbag.py:588} INFO - Filling up the DagBag from /home/airflow/.local/lib/python3.12/site-packages/airflow/example_dags/tutorial_taskflow_api.py
[2025-06-17T05:10:28.583+0000] {processor.py:925} INFO - DAG(s) 'tutorial_taskflow_api' retrieved from /home/airflow/.local/lib/python3.12/site-packages/airflow/example_dags/tutorial_taskflow_api.py
[2025-06-17T05:10:28.597+0000] {logging_mixin.py:190} INFO - [2025-06-17T05:10:28.597+0000] {dag.py:3239} INFO - Sync 1 DAGs
[2025-06-17T05:10:28.608+0000] {logging_mixin.py:190} INFO - [2025-06-17T05:10:28.608+0000] {dag.py:4180} INFO - Setting next_dagrun for tutorial_taskflow_api to None, run_after=None
[2025-06-17T05:10:28.622+0000] {processor.py:208} INFO - Processing /home/airflow/.local/lib/python3.12/site-packages/airflow/example_dags/tutorial_taskflow_api.py took 0.051 seconds
[2025-06-17T05:10:58.878+0000] {processor.py:186} INFO - Started process (PID=320) to work on /home/airflow/.local/lib/python3.12/site-packages/airflow/example_dags/tutorial_taskflow_api.py
[2025-06-17T05:10:58.878+0000] {processor.py:914} INFO - Processing file /home/airflow/.local/lib/python3.12/site-packages/airflow/example_dags/tutorial_taskflow_api.py for tasks to queue
[2025-06-17T05:10:58.879+0000] {logging_mixin.py:190} INFO - [2025-06-17T05:10:58.879+0000] {dagbag.py:588} INFO - Filling up the DagBag from /home/airflow/.local/lib/python3.12/site-packages/airflow/example_dags/tutorial_taskflow_api.py
[2025-06-17T05:10:58.885+0000] {processor.py:925} INFO - DAG(s) 'tutorial_taskflow_api' retrieved from /home/airflow/.local/lib/python3.12/site-packages/airflow/example_dags/tutorial_taskflow_api.py
[2025-06-17T05:10:58.899+0000] {logging_mixin.py:190} INFO - [2025-06-17T05:10:58.899+0000] {dag.py:3239} INFO - Sync 1 DAGs
[2025-06-17T05:10:58.911+0000] {logging_mixin.py:190} INFO - [2025-06-17T05:10:58.910+0000] {dag.py:4180} INFO - Setting next_dagrun for tutorial_taskflow_api to None, run_after=None
[2025-06-17T05:10:58.923+0000] {processor.py:208} INFO - Processing /home/airflow/.local/lib/python3.12/site-packages/airflow/example_dags/tutorial_taskflow_api.py took 0.051 seconds
[2025-06-17T05:11:29.603+0000] {processor.py:186} INFO - Started process (PID=383) to work on /home/airflow/.local/lib/python3.12/site-packages/airflow/example_dags/tutorial_taskflow_api.py
[2025-06-17T05:11:29.604+0000] {processor.py:914} INFO - Processing file /home/airflow/.local/lib/python3.12/site-packages/airflow/example_dags/tutorial_taskflow_api.py for tasks to queue
[2025-06-17T05:11:29.605+0000] {logging_mixin.py:190} INFO - [2025-06-17T05:11:29.604+0000] {dagbag.py:588} INFO - Filling up the DagBag from /home/airflow/.local/lib/python3.12/site-packages/airflow/example_dags/tutorial_taskflow_api.py
[2025-06-17T05:11:29.611+0000] {processor.py:925} INFO - DAG(s) 'tutorial_taskflow_api' retrieved from /home/airflow/.local/lib/python3.12/site-packages/airflow/example_dags/tutorial_taskflow_api.py
[2025-06-17T05:11:29.625+0000] {logging_mixin.py:190} INFO - [2025-06-17T05:11:29.625+0000] {dag.py:3239} INFO - Sync 1 DAGs
[2025-06-17T05:11:29.636+0000] {logging_mixin.py:190} INFO - [2025-06-17T05:11:29.636+0000] {dag.py:4180} INFO - Setting next_dagrun for tutorial_taskflow_api to None, run_after=None
[2025-06-17T05:11:29.650+0000] {processor.py:208} INFO - Processing /home/airflow/.local/lib/python3.12/site-packages/airflow/example_dags/tutorial_taskflow_api.py took 0.051 seconds
[2025-06-17T05:12:00.685+0000] {processor.py:186} INFO - Started process (PID=446) to work on /home/airflow/.local/lib/python3.12/site-packages/airflow/example_dags/tutorial_taskflow_api.py
[2025-06-17T05:12:00.685+0000] {processor.py:914} INFO - Processing file /home/airflow/.local/lib/python3.12/site-packages/airflow/example_dags/tutorial_taskflow_api.py for tasks to queue
[2025-06-17T05:12:00.686+0000] {logging_mixin.py:190} INFO - [2025-06-17T05:12:00.686+0000] {dagbag.py:588} INFO - Filling up the DagBag from /home/airflow/.local/lib/python3.12/site-packages/airflow/example_dags/tutorial_taskflow_api.py
[2025-06-17T05:12:00.693+0000] {processor.py:925} INFO - DAG(s) 'tutorial_taskflow_api' retrieved from /home/airflow/.local/lib/python3.12/site-packages/airflow/example_dags/tutorial_taskflow_api.py
[2025-06-17T05:12:00.708+0000] {logging_mixin.py:190} INFO - [2025-06-17T05:12:00.708+0000] {dag.py:3239} INFO - Sync 1 DAGs
[2025-06-17T05:12:00.721+0000] {logging_mixin.py:190} INFO - [2025-06-17T05:12:00.721+0000] {dag.py:4180} INFO - Setting next_dagrun for tutorial_taskflow_api to None, run_after=None
[2025-06-17T05:12:00.735+0000] {processor.py:208} INFO - Processing /home/airflow/.local/lib/python3.12/site-packages/airflow/example_dags/tutorial_taskflow_api.py took 0.055 seconds
[2025-06-17T05:12:31.310+0000] {processor.py:186} INFO - Started process (PID=509) to work on /home/airflow/.local/lib/python3.12/site-packages/airflow/example_dags/tutorial_taskflow_api.py
[2025-06-17T05:12:31.311+0000] {processor.py:914} INFO - Processing file /home/airflow/.local/lib/python3.12/site-packages/airflow/example_dags/tutorial_taskflow_api.py for tasks to queue
[2025-06-17T05:12:31.312+0000] {logging_mixin.py:190} INFO - [2025-06-17T05:12:31.312+0000] {dagbag.py:588} INFO - Filling up the DagBag from /home/airflow/.local/lib/python3.12/site-packages/airflow/example_dags/tutorial_taskflow_api.py
[2025-06-17T05:12:31.318+0000] {processor.py:925} INFO - DAG(s) 'tutorial_taskflow_api' retrieved from /home/airflow/.local/lib/python3.12/site-packages/airflow/example_dags/tutorial_taskflow_api.py
[2025-06-17T05:12:31.332+0000] {logging_mixin.py:190} INFO - [2025-06-17T05:12:31.332+0000] {dag.py:3239} INFO - Sync 1 DAGs
[2025-06-17T05:12:31.343+0000] {logging_mixin.py:190} INFO - [2025-06-17T05:12:31.343+0000] {dag.py:4180} INFO - Setting next_dagrun for tutorial_taskflow_api to None, run_after=None
[2025-06-17T05:12:31.357+0000] {processor.py:208} INFO - Processing /home/airflow/.local/lib/python3.12/site-packages/airflow/example_dags/tutorial_taskflow_api.py took 0.051 seconds
[2025-06-17T05:13:01.833+0000] {processor.py:186} INFO - Started process (PID=572) to work on /home/airflow/.local/lib/python3.12/site-packages/airflow/example_dags/tutorial_taskflow_api.py
[2025-06-17T05:13:01.834+0000] {processor.py:914} INFO - Processing file /home/airflow/.local/lib/python3.12/site-packages/airflow/example_dags/tutorial_taskflow_api.py for tasks to queue
[2025-06-17T05:13:01.834+0000] {logging_mixin.py:190} INFO - [2025-06-17T05:13:01.834+0000] {dagbag.py:588} INFO - Filling up the DagBag from /home/airflow/.local/lib/python3.12/site-packages/airflow/example_dags/tutorial_taskflow_api.py
[2025-06-17T05:13:01.841+0000] {processor.py:925} INFO - DAG(s) 'tutorial_taskflow_api' retrieved from /home/airflow/.local/lib/python3.12/site-packages/airflow/example_dags/tutorial_taskflow_api.py
[2025-06-17T05:13:01.854+0000] {logging_mixin.py:190} INFO - [2025-06-17T05:13:01.853+0000] {dag.py:3239} INFO - Sync 1 DAGs
[2025-06-17T05:13:01.866+0000] {logging_mixin.py:190} INFO - [2025-06-17T05:13:01.866+0000] {dag.py:4180} INFO - Setting next_dagrun for tutorial_taskflow_api to None, run_after=None
[2025-06-17T05:13:01.879+0000] {processor.py:208} INFO - Processing /home/airflow/.local/lib/python3.12/site-packages/airflow/example_dags/tutorial_taskflow_api.py took 0.050 seconds
[2025-06-17T05:13:32.584+0000] {processor.py:186} INFO - Started process (PID=636) to work on /home/airflow/.local/lib/python3.12/site-packages/airflow/example_dags/tutorial_taskflow_api.py
[2025-06-17T05:13:32.585+0000] {processor.py:914} INFO - Processing file /home/airflow/.local/lib/python3.12/site-packages/airflow/example_dags/tutorial_taskflow_api.py for tasks to queue
[2025-06-17T05:13:32.586+0000] {logging_mixin.py:190} INFO - [2025-06-17T05:13:32.586+0000] {dagbag.py:588} INFO - Filling up the DagBag from /home/airflow/.local/lib/python3.12/site-packages/airflow/example_dags/tutorial_taskflow_api.py
[2025-06-17T05:13:32.593+0000] {processor.py:925} INFO - DAG(s) 'tutorial_taskflow_api' retrieved from /home/airflow/.local/lib/python3.12/site-packages/airflow/example_dags/tutorial_taskflow_api.py
[2025-06-17T05:13:32.608+0000] {logging_mixin.py:190} INFO - [2025-06-17T05:13:32.608+0000] {dag.py:3239} INFO - Sync 1 DAGs
[2025-06-17T05:13:32.622+0000] {logging_mixin.py:190} INFO - [2025-06-17T05:13:32.621+0000] {dag.py:4180} INFO - Setting next_dagrun for tutorial_taskflow_api to None, run_after=None
[2025-06-17T05:13:32.637+0000] {processor.py:208} INFO - Processing /home/airflow/.local/lib/python3.12/site-packages/airflow/example_dags/tutorial_taskflow_api.py took 0.058 seconds
[2025-06-17T05:14:03.172+0000] {processor.py:186} INFO - Started process (PID=699) to work on /home/airflow/.local/lib/python3.12/site-packages/airflow/example_dags/tutorial_taskflow_api.py
[2025-06-17T05:14:03.173+0000] {processor.py:914} INFO - Processing file /home/airflow/.local/lib/python3.12/site-packages/airflow/example_dags/tutorial_taskflow_api.py for tasks to queue
[2025-06-17T05:14:03.174+0000] {logging_mixin.py:190} INFO - [2025-06-17T05:14:03.174+0000] {dagbag.py:588} INFO - Filling up the DagBag from /home/airflow/.local/lib/python3.12/site-packages/airflow/example_dags/tutorial_taskflow_api.py
[2025-06-17T05:14:03.180+0000] {processor.py:925} INFO - DAG(s) 'tutorial_taskflow_api' retrieved from /home/airflow/.local/lib/python3.12/site-packages/airflow/example_dags/tutorial_taskflow_api.py
[2025-06-17T05:14:03.193+0000] {logging_mixin.py:190} INFO - [2025-06-17T05:14:03.193+0000] {dag.py:3239} INFO - Sync 1 DAGs
[2025-06-17T05:14:03.206+0000] {logging_mixin.py:190} INFO - [2025-06-17T05:14:03.206+0000] {dag.py:4180} INFO - Setting next_dagrun for tutorial_taskflow_api to None, run_after=None
[2025-06-17T05:14:03.218+0000] {processor.py:208} INFO - Processing /home/airflow/.local/lib/python3.12/site-packages/airflow/example_dags/tutorial_taskflow_api.py took 0.050 seconds
[2025-06-17T05:17:43.997+0000] {processor.py:186} INFO - Started process (PID=64) to work on /home/airflow/.local/lib/python3.12/site-packages/airflow/example_dags/tutorial_taskflow_api.py
[2025-06-17T05:17:43.998+0000] {processor.py:914} INFO - Processing file /home/airflow/.local/lib/python3.12/site-packages/airflow/example_dags/tutorial_taskflow_api.py for tasks to queue
[2025-06-17T05:17:43.999+0000] {logging_mixin.py:190} INFO - [2025-06-17T05:17:43.998+0000] {dagbag.py:588} INFO - Filling up the DagBag from /home/airflow/.local/lib/python3.12/site-packages/airflow/example_dags/tutorial_taskflow_api.py
[2025-06-17T05:17:44.009+0000] {processor.py:925} INFO - DAG(s) 'tutorial_taskflow_api' retrieved from /home/airflow/.local/lib/python3.12/site-packages/airflow/example_dags/tutorial_taskflow_api.py
[2025-06-17T05:17:44.117+0000] {logging_mixin.py:190} INFO - [2025-06-17T05:17:44.116+0000] {override.py:1912} INFO - Created Permission View: can read on DAG:tutorial_taskflow_api
[2025-06-17T05:17:44.127+0000] {logging_mixin.py:190} INFO - [2025-06-17T05:17:44.127+0000] {override.py:1912} INFO - Created Permission View: can delete on DAG:tutorial_taskflow_api
[2025-06-17T05:17:44.135+0000] {logging_mixin.py:190} INFO - [2025-06-17T05:17:44.135+0000] {override.py:1912} INFO - Created Permission View: can edit on DAG:tutorial_taskflow_api
[2025-06-17T05:17:44.145+0000] {logging_mixin.py:190} INFO - [2025-06-17T05:17:44.144+0000] {override.py:1912} INFO - Created Permission View: can read on DAG Run:tutorial_taskflow_api
[2025-06-17T05:17:44.153+0000] {logging_mixin.py:190} INFO - [2025-06-17T05:17:44.153+0000] {override.py:1912} INFO - Created Permission View: can delete on DAG Run:tutorial_taskflow_api
[2025-06-17T05:17:44.160+0000] {logging_mixin.py:190} INFO - [2025-06-17T05:17:44.160+0000] {override.py:1912} INFO - Created Permission View: menu access on DAG Run:tutorial_taskflow_api
[2025-06-17T05:17:44.167+0000] {logging_mixin.py:190} INFO - [2025-06-17T05:17:44.167+0000] {override.py:1912} INFO - Created Permission View: can create on DAG Run:tutorial_taskflow_api
[2025-06-17T05:17:44.168+0000] {logging_mixin.py:190} INFO - [2025-06-17T05:17:44.168+0000] {dag.py:3239} INFO - Sync 1 DAGs
[2025-06-17T05:17:44.181+0000] {logging_mixin.py:190} INFO - [2025-06-17T05:17:44.181+0000] {dag.py:3262} INFO - Creating ORM DAG for tutorial_taskflow_api
[2025-06-17T05:17:44.182+0000] {logging_mixin.py:190} INFO - [2025-06-17T05:17:44.182+0000] {dag.py:4180} INFO - Setting next_dagrun for tutorial_taskflow_api to None, run_after=None
[2025-06-17T05:17:44.199+0000] {processor.py:208} INFO - Processing /home/airflow/.local/lib/python3.12/site-packages/airflow/example_dags/tutorial_taskflow_api.py took 0.208 seconds
[2025-06-17T05:19:12.243+0000] {processor.py:186} INFO - Started process (PID=64) to work on /home/airflow/.local/lib/python3.12/site-packages/airflow/example_dags/tutorial_taskflow_api.py
[2025-06-17T05:19:12.244+0000] {processor.py:914} INFO - Processing file /home/airflow/.local/lib/python3.12/site-packages/airflow/example_dags/tutorial_taskflow_api.py for tasks to queue
[2025-06-17T05:19:12.245+0000] {logging_mixin.py:190} INFO - [2025-06-17T05:19:12.245+0000] {dagbag.py:588} INFO - Filling up the DagBag from /home/airflow/.local/lib/python3.12/site-packages/airflow/example_dags/tutorial_taskflow_api.py
[2025-06-17T05:19:12.257+0000] {processor.py:925} INFO - DAG(s) 'tutorial_taskflow_api' retrieved from /home/airflow/.local/lib/python3.12/site-packages/airflow/example_dags/tutorial_taskflow_api.py
[2025-06-17T05:19:12.284+0000] {logging_mixin.py:190} INFO - [2025-06-17T05:19:12.283+0000] {dag.py:3239} INFO - Sync 1 DAGs
[2025-06-17T05:19:12.298+0000] {logging_mixin.py:190} INFO - [2025-06-17T05:19:12.298+0000] {dag.py:4180} INFO - Setting next_dagrun for tutorial_taskflow_api to None, run_after=None
[2025-06-17T05:19:12.316+0000] {processor.py:208} INFO - Processing /home/airflow/.local/lib/python3.12/site-packages/airflow/example_dags/tutorial_taskflow_api.py took 0.079 seconds
[2025-06-17T05:19:42.975+0000] {processor.py:186} INFO - Started process (PID=126) to work on /home/airflow/.local/lib/python3.12/site-packages/airflow/example_dags/tutorial_taskflow_api.py
[2025-06-17T05:19:42.976+0000] {processor.py:914} INFO - Processing file /home/airflow/.local/lib/python3.12/site-packages/airflow/example_dags/tutorial_taskflow_api.py for tasks to queue
[2025-06-17T05:19:42.977+0000] {logging_mixin.py:190} INFO - [2025-06-17T05:19:42.977+0000] {dagbag.py:588} INFO - Filling up the DagBag from /home/airflow/.local/lib/python3.12/site-packages/airflow/example_dags/tutorial_taskflow_api.py
[2025-06-17T05:19:42.983+0000] {processor.py:925} INFO - DAG(s) 'tutorial_taskflow_api' retrieved from /home/airflow/.local/lib/python3.12/site-packages/airflow/example_dags/tutorial_taskflow_api.py
[2025-06-17T05:19:42.997+0000] {logging_mixin.py:190} INFO - [2025-06-17T05:19:42.996+0000] {dag.py:3239} INFO - Sync 1 DAGs
[2025-06-17T05:19:43.010+0000] {logging_mixin.py:190} INFO - [2025-06-17T05:19:43.010+0000] {dag.py:4180} INFO - Setting next_dagrun for tutorial_taskflow_api to None, run_after=None
[2025-06-17T05:19:43.026+0000] {processor.py:208} INFO - Processing /home/airflow/.local/lib/python3.12/site-packages/airflow/example_dags/tutorial_taskflow_api.py took 0.054 seconds
[2025-06-17T05:21:31.300+0000] {processor.py:186} INFO - Started process (PID=64) to work on /home/airflow/.local/lib/python3.12/site-packages/airflow/example_dags/tutorial_taskflow_api.py
[2025-06-17T05:21:31.301+0000] {processor.py:914} INFO - Processing file /home/airflow/.local/lib/python3.12/site-packages/airflow/example_dags/tutorial_taskflow_api.py for tasks to queue
[2025-06-17T05:21:31.302+0000] {logging_mixin.py:190} INFO - [2025-06-17T05:21:31.302+0000] {dagbag.py:588} INFO - Filling up the DagBag from /home/airflow/.local/lib/python3.12/site-packages/airflow/example_dags/tutorial_taskflow_api.py
[2025-06-17T05:21:31.316+0000] {processor.py:925} INFO - DAG(s) 'tutorial_taskflow_api' retrieved from /home/airflow/.local/lib/python3.12/site-packages/airflow/example_dags/tutorial_taskflow_api.py
[2025-06-17T05:21:31.344+0000] {logging_mixin.py:190} INFO - [2025-06-17T05:21:31.343+0000] {dag.py:3239} INFO - Sync 1 DAGs
[2025-06-17T05:21:31.359+0000] {logging_mixin.py:190} INFO - [2025-06-17T05:21:31.359+0000] {dag.py:4180} INFO - Setting next_dagrun for tutorial_taskflow_api to None, run_after=None
[2025-06-17T05:21:31.381+0000] {processor.py:208} INFO - Processing /home/airflow/.local/lib/python3.12/site-packages/airflow/example_dags/tutorial_taskflow_api.py took 0.086 seconds
[2025-06-17T05:22:01.797+0000] {processor.py:186} INFO - Started process (PID=126) to work on /home/airflow/.local/lib/python3.12/site-packages/airflow/example_dags/tutorial_taskflow_api.py
[2025-06-17T05:22:01.798+0000] {processor.py:914} INFO - Processing file /home/airflow/.local/lib/python3.12/site-packages/airflow/example_dags/tutorial_taskflow_api.py for tasks to queue
[2025-06-17T05:22:01.799+0000] {logging_mixin.py:190} INFO - [2025-06-17T05:22:01.799+0000] {dagbag.py:588} INFO - Filling up the DagBag from /home/airflow/.local/lib/python3.12/site-packages/airflow/example_dags/tutorial_taskflow_api.py
[2025-06-17T05:22:01.807+0000] {processor.py:925} INFO - DAG(s) 'tutorial_taskflow_api' retrieved from /home/airflow/.local/lib/python3.12/site-packages/airflow/example_dags/tutorial_taskflow_api.py
[2025-06-17T05:22:01.825+0000] {logging_mixin.py:190} INFO - [2025-06-17T05:22:01.825+0000] {dag.py:3239} INFO - Sync 1 DAGs
[2025-06-17T05:22:01.840+0000] {logging_mixin.py:190} INFO - [2025-06-17T05:22:01.840+0000] {dag.py:4180} INFO - Setting next_dagrun for tutorial_taskflow_api to None, run_after=None
[2025-06-17T05:22:01.854+0000] {processor.py:208} INFO - Processing /home/airflow/.local/lib/python3.12/site-packages/airflow/example_dags/tutorial_taskflow_api.py took 0.061 seconds
[2025-06-17T05:22:32.646+0000] {processor.py:186} INFO - Started process (PID=195) to work on /home/airflow/.local/lib/python3.12/site-packages/airflow/example_dags/tutorial_taskflow_api.py
[2025-06-17T05:22:32.647+0000] {processor.py:914} INFO - Processing file /home/airflow/.local/lib/python3.12/site-packages/airflow/example_dags/tutorial_taskflow_api.py for tasks to queue
[2025-06-17T05:22:32.648+0000] {logging_mixin.py:190} INFO - [2025-06-17T05:22:32.648+0000] {dagbag.py:588} INFO - Filling up the DagBag from /home/airflow/.local/lib/python3.12/site-packages/airflow/example_dags/tutorial_taskflow_api.py
[2025-06-17T05:22:32.655+0000] {processor.py:925} INFO - DAG(s) 'tutorial_taskflow_api' retrieved from /home/airflow/.local/lib/python3.12/site-packages/airflow/example_dags/tutorial_taskflow_api.py
[2025-06-17T05:22:32.669+0000] {logging_mixin.py:190} INFO - [2025-06-17T05:22:32.669+0000] {dag.py:3239} INFO - Sync 1 DAGs
[2025-06-17T05:22:32.681+0000] {logging_mixin.py:190} INFO - [2025-06-17T05:22:32.680+0000] {dag.py:4180} INFO - Setting next_dagrun for tutorial_taskflow_api to None, run_after=None
[2025-06-17T05:22:32.695+0000] {processor.py:208} INFO - Processing /home/airflow/.local/lib/python3.12/site-packages/airflow/example_dags/tutorial_taskflow_api.py took 0.053 seconds
[2025-06-17T05:23:03.698+0000] {processor.py:186} INFO - Started process (PID=258) to work on /home/airflow/.local/lib/python3.12/site-packages/airflow/example_dags/tutorial_taskflow_api.py
[2025-06-17T05:23:03.699+0000] {processor.py:914} INFO - Processing file /home/airflow/.local/lib/python3.12/site-packages/airflow/example_dags/tutorial_taskflow_api.py for tasks to queue
[2025-06-17T05:23:03.700+0000] {logging_mixin.py:190} INFO - [2025-06-17T05:23:03.699+0000] {dagbag.py:588} INFO - Filling up the DagBag from /home/airflow/.local/lib/python3.12/site-packages/airflow/example_dags/tutorial_taskflow_api.py
[2025-06-17T05:23:03.706+0000] {processor.py:925} INFO - DAG(s) 'tutorial_taskflow_api' retrieved from /home/airflow/.local/lib/python3.12/site-packages/airflow/example_dags/tutorial_taskflow_api.py
[2025-06-17T05:23:03.720+0000] {logging_mixin.py:190} INFO - [2025-06-17T05:23:03.720+0000] {dag.py:3239} INFO - Sync 1 DAGs
[2025-06-17T05:23:03.732+0000] {logging_mixin.py:190} INFO - [2025-06-17T05:23:03.732+0000] {dag.py:4180} INFO - Setting next_dagrun for tutorial_taskflow_api to None, run_after=None
[2025-06-17T05:23:03.747+0000] {processor.py:208} INFO - Processing /home/airflow/.local/lib/python3.12/site-packages/airflow/example_dags/tutorial_taskflow_api.py took 0.053 seconds
[2025-06-17T05:23:34.444+0000] {processor.py:186} INFO - Started process (PID=321) to work on /home/airflow/.local/lib/python3.12/site-packages/airflow/example_dags/tutorial_taskflow_api.py
[2025-06-17T05:23:34.444+0000] {processor.py:914} INFO - Processing file /home/airflow/.local/lib/python3.12/site-packages/airflow/example_dags/tutorial_taskflow_api.py for tasks to queue
[2025-06-17T05:23:34.445+0000] {logging_mixin.py:190} INFO - [2025-06-17T05:23:34.445+0000] {dagbag.py:588} INFO - Filling up the DagBag from /home/airflow/.local/lib/python3.12/site-packages/airflow/example_dags/tutorial_taskflow_api.py
[2025-06-17T05:23:34.452+0000] {processor.py:925} INFO - DAG(s) 'tutorial_taskflow_api' retrieved from /home/airflow/.local/lib/python3.12/site-packages/airflow/example_dags/tutorial_taskflow_api.py
[2025-06-17T05:23:34.467+0000] {logging_mixin.py:190} INFO - [2025-06-17T05:23:34.467+0000] {dag.py:3239} INFO - Sync 1 DAGs
[2025-06-17T05:23:34.480+0000] {logging_mixin.py:190} INFO - [2025-06-17T05:23:34.480+0000] {dag.py:4180} INFO - Setting next_dagrun for tutorial_taskflow_api to None, run_after=None
[2025-06-17T05:23:34.493+0000] {processor.py:208} INFO - Processing /home/airflow/.local/lib/python3.12/site-packages/airflow/example_dags/tutorial_taskflow_api.py took 0.053 seconds
