[2025-06-17T05:01:27.888+0000] {processor.py:186} INFO - Started process (PID=89) to work on /home/airflow/.local/lib/python3.12/site-packages/airflow/example_dags/tutorial.py
[2025-06-17T05:01:27.888+0000] {processor.py:914} INFO - Processing file /home/airflow/.local/lib/python3.12/site-packages/airflow/example_dags/tutorial.py for tasks to queue
[2025-06-17T05:01:27.889+0000] {logging_mixin.py:190} INFO - [2025-06-17T05:01:27.889+0000] {dagbag.py:588} INFO - Filling up the DagBag from /home/airflow/.local/lib/python3.12/site-packages/airflow/example_dags/tutorial.py
[2025-06-17T05:01:27.898+0000] {processor.py:925} INFO - DAG(s) 'tutorial' retrieved from /home/airflow/.local/lib/python3.12/site-packages/airflow/example_dags/tutorial.py
[2025-06-17T05:01:27.976+0000] {logging_mixin.py:190} INFO - [2025-06-17T05:01:27.976+0000] {override.py:1912} INFO - Created Permission View: can read on DAG:tutorial
[2025-06-17T05:01:27.984+0000] {logging_mixin.py:190} INFO - [2025-06-17T05:01:27.984+0000] {override.py:1912} INFO - Created Permission View: can edit on DAG:tutorial
[2025-06-17T05:01:27.990+0000] {logging_mixin.py:190} INFO - [2025-06-17T05:01:27.990+0000] {override.py:1912} INFO - Created Permission View: can delete on DAG:tutorial
[2025-06-17T05:01:27.998+0000] {logging_mixin.py:190} INFO - [2025-06-17T05:01:27.998+0000] {override.py:1912} INFO - Created Permission View: menu access on DAG Run:tutorial
[2025-06-17T05:01:28.004+0000] {logging_mixin.py:190} INFO - [2025-06-17T05:01:28.004+0000] {override.py:1912} INFO - Created Permission View: can create on DAG Run:tutorial
[2025-06-17T05:01:28.010+0000] {logging_mixin.py:190} INFO - [2025-06-17T05:01:28.010+0000] {override.py:1912} INFO - Created Permission View: can read on DAG Run:tutorial
[2025-06-17T05:01:28.016+0000] {logging_mixin.py:190} INFO - [2025-06-17T05:01:28.016+0000] {override.py:1912} INFO - Created Permission View: can delete on DAG Run:tutorial
[2025-06-17T05:01:28.017+0000] {logging_mixin.py:190} INFO - [2025-06-17T05:01:28.017+0000] {dag.py:3239} INFO - Sync 1 DAGs
[2025-06-17T05:01:28.029+0000] {logging_mixin.py:190} INFO - [2025-06-17T05:01:28.029+0000] {dag.py:3262} INFO - Creating ORM DAG for tutorial
[2025-06-17T05:01:28.038+0000] {logging_mixin.py:190} INFO - [2025-06-17T05:01:28.038+0000] {dag.py:4180} INFO - Setting next_dagrun for tutorial to 2025-06-16 00:00:00+00:00, run_after=2025-06-17 00:00:00+00:00
[2025-06-17T05:01:28.051+0000] {processor.py:208} INFO - Processing /home/airflow/.local/lib/python3.12/site-packages/airflow/example_dags/tutorial.py took 0.168 seconds
[2025-06-17T05:01:58.388+0000] {processor.py:186} INFO - Started process (PID=152) to work on /home/airflow/.local/lib/python3.12/site-packages/airflow/example_dags/tutorial.py
[2025-06-17T05:01:58.389+0000] {processor.py:914} INFO - Processing file /home/airflow/.local/lib/python3.12/site-packages/airflow/example_dags/tutorial.py for tasks to queue
[2025-06-17T05:01:58.390+0000] {logging_mixin.py:190} INFO - [2025-06-17T05:01:58.389+0000] {dagbag.py:588} INFO - Filling up the DagBag from /home/airflow/.local/lib/python3.12/site-packages/airflow/example_dags/tutorial.py
[2025-06-17T05:01:58.396+0000] {processor.py:925} INFO - DAG(s) 'tutorial' retrieved from /home/airflow/.local/lib/python3.12/site-packages/airflow/example_dags/tutorial.py
[2025-06-17T05:01:58.410+0000] {logging_mixin.py:190} INFO - [2025-06-17T05:01:58.410+0000] {dag.py:3239} INFO - Sync 1 DAGs
[2025-06-17T05:01:58.427+0000] {logging_mixin.py:190} INFO - [2025-06-17T05:01:58.426+0000] {dag.py:4180} INFO - Setting next_dagrun for tutorial to 2025-06-16 00:00:00+00:00, run_after=2025-06-17 00:00:00+00:00
[2025-06-17T05:01:58.440+0000] {processor.py:208} INFO - Processing /home/airflow/.local/lib/python3.12/site-packages/airflow/example_dags/tutorial.py took 0.056 seconds
[2025-06-17T05:02:29.268+0000] {processor.py:186} INFO - Started process (PID=215) to work on /home/airflow/.local/lib/python3.12/site-packages/airflow/example_dags/tutorial.py
[2025-06-17T05:02:29.269+0000] {processor.py:914} INFO - Processing file /home/airflow/.local/lib/python3.12/site-packages/airflow/example_dags/tutorial.py for tasks to queue
[2025-06-17T05:02:29.270+0000] {logging_mixin.py:190} INFO - [2025-06-17T05:02:29.269+0000] {dagbag.py:588} INFO - Filling up the DagBag from /home/airflow/.local/lib/python3.12/site-packages/airflow/example_dags/tutorial.py
[2025-06-17T05:02:29.276+0000] {processor.py:925} INFO - DAG(s) 'tutorial' retrieved from /home/airflow/.local/lib/python3.12/site-packages/airflow/example_dags/tutorial.py
[2025-06-17T05:02:29.290+0000] {logging_mixin.py:190} INFO - [2025-06-17T05:02:29.290+0000] {dag.py:3239} INFO - Sync 1 DAGs
[2025-06-17T05:02:29.306+0000] {logging_mixin.py:190} INFO - [2025-06-17T05:02:29.306+0000] {dag.py:4180} INFO - Setting next_dagrun for tutorial to 2025-06-16 00:00:00+00:00, run_after=2025-06-17 00:00:00+00:00
[2025-06-17T05:02:29.321+0000] {processor.py:208} INFO - Processing /home/airflow/.local/lib/python3.12/site-packages/airflow/example_dags/tutorial.py took 0.058 seconds
[2025-06-17T05:06:06.551+0000] {processor.py:186} INFO - Started process (PID=85) to work on /home/airflow/.local/lib/python3.12/site-packages/airflow/example_dags/tutorial.py
[2025-06-17T05:06:06.551+0000] {processor.py:914} INFO - Processing file /home/airflow/.local/lib/python3.12/site-packages/airflow/example_dags/tutorial.py for tasks to queue
[2025-06-17T05:06:06.552+0000] {logging_mixin.py:190} INFO - [2025-06-17T05:06:06.552+0000] {dagbag.py:588} INFO - Filling up the DagBag from /home/airflow/.local/lib/python3.12/site-packages/airflow/example_dags/tutorial.py
[2025-06-17T05:06:06.559+0000] {processor.py:925} INFO - DAG(s) 'tutorial' retrieved from /home/airflow/.local/lib/python3.12/site-packages/airflow/example_dags/tutorial.py
[2025-06-17T05:06:06.576+0000] {logging_mixin.py:190} INFO - [2025-06-17T05:06:06.576+0000] {dag.py:3239} INFO - Sync 1 DAGs
[2025-06-17T05:06:06.595+0000] {logging_mixin.py:190} INFO - [2025-06-17T05:06:06.594+0000] {dag.py:4180} INFO - Setting next_dagrun for tutorial to 2025-06-16 00:00:00+00:00, run_after=2025-06-17 00:00:00+00:00
[2025-06-17T05:06:06.610+0000] {processor.py:208} INFO - Processing /home/airflow/.local/lib/python3.12/site-packages/airflow/example_dags/tutorial.py took 0.064 seconds
[2025-06-17T05:06:37.672+0000] {processor.py:186} INFO - Started process (PID=154) to work on /home/airflow/.local/lib/python3.12/site-packages/airflow/example_dags/tutorial.py
[2025-06-17T05:06:37.673+0000] {processor.py:914} INFO - Processing file /home/airflow/.local/lib/python3.12/site-packages/airflow/example_dags/tutorial.py for tasks to queue
[2025-06-17T05:06:37.674+0000] {logging_mixin.py:190} INFO - [2025-06-17T05:06:37.674+0000] {dagbag.py:588} INFO - Filling up the DagBag from /home/airflow/.local/lib/python3.12/site-packages/airflow/example_dags/tutorial.py
[2025-06-17T05:06:37.681+0000] {processor.py:925} INFO - DAG(s) 'tutorial' retrieved from /home/airflow/.local/lib/python3.12/site-packages/airflow/example_dags/tutorial.py
[2025-06-17T05:06:37.695+0000] {logging_mixin.py:190} INFO - [2025-06-17T05:06:37.695+0000] {dag.py:3239} INFO - Sync 1 DAGs
[2025-06-17T05:06:37.714+0000] {logging_mixin.py:190} INFO - [2025-06-17T05:06:37.714+0000] {dag.py:4180} INFO - Setting next_dagrun for tutorial to 2025-06-16 00:00:00+00:00, run_after=2025-06-17 00:00:00+00:00
[2025-06-17T05:06:37.729+0000] {processor.py:208} INFO - Processing /home/airflow/.local/lib/python3.12/site-packages/airflow/example_dags/tutorial.py took 0.062 seconds
[2025-06-17T05:09:00.551+0000] {processor.py:186} INFO - Started process (PID=89) to work on /home/airflow/.local/lib/python3.12/site-packages/airflow/example_dags/tutorial.py
[2025-06-17T05:09:00.552+0000] {processor.py:914} INFO - Processing file /home/airflow/.local/lib/python3.12/site-packages/airflow/example_dags/tutorial.py for tasks to queue
[2025-06-17T05:09:00.553+0000] {logging_mixin.py:190} INFO - [2025-06-17T05:09:00.553+0000] {dagbag.py:588} INFO - Filling up the DagBag from /home/airflow/.local/lib/python3.12/site-packages/airflow/example_dags/tutorial.py
[2025-06-17T05:09:00.561+0000] {processor.py:925} INFO - DAG(s) 'tutorial' retrieved from /home/airflow/.local/lib/python3.12/site-packages/airflow/example_dags/tutorial.py
[2025-06-17T05:09:00.576+0000] {logging_mixin.py:190} INFO - [2025-06-17T05:09:00.576+0000] {dag.py:3239} INFO - Sync 1 DAGs
[2025-06-17T05:09:00.597+0000] {logging_mixin.py:190} INFO - [2025-06-17T05:09:00.597+0000] {dag.py:4180} INFO - Setting next_dagrun for tutorial to 2025-06-16 00:00:00+00:00, run_after=2025-06-17 00:00:00+00:00
[2025-06-17T05:09:00.614+0000] {processor.py:208} INFO - Processing /home/airflow/.local/lib/python3.12/site-packages/airflow/example_dags/tutorial.py took 0.068 seconds
[2025-06-17T05:09:31.339+0000] {processor.py:186} INFO - Started process (PID=152) to work on /home/airflow/.local/lib/python3.12/site-packages/airflow/example_dags/tutorial.py
[2025-06-17T05:09:31.339+0000] {processor.py:914} INFO - Processing file /home/airflow/.local/lib/python3.12/site-packages/airflow/example_dags/tutorial.py for tasks to queue
[2025-06-17T05:09:31.340+0000] {logging_mixin.py:190} INFO - [2025-06-17T05:09:31.340+0000] {dagbag.py:588} INFO - Filling up the DagBag from /home/airflow/.local/lib/python3.12/site-packages/airflow/example_dags/tutorial.py
[2025-06-17T05:09:31.347+0000] {processor.py:925} INFO - DAG(s) 'tutorial' retrieved from /home/airflow/.local/lib/python3.12/site-packages/airflow/example_dags/tutorial.py
[2025-06-17T05:09:31.361+0000] {logging_mixin.py:190} INFO - [2025-06-17T05:09:31.361+0000] {dag.py:3239} INFO - Sync 1 DAGs
[2025-06-17T05:09:31.379+0000] {logging_mixin.py:190} INFO - [2025-06-17T05:09:31.379+0000] {dag.py:4180} INFO - Setting next_dagrun for tutorial to 2025-06-16 00:00:00+00:00, run_after=2025-06-17 00:00:00+00:00
[2025-06-17T05:09:31.393+0000] {processor.py:208} INFO - Processing /home/airflow/.local/lib/python3.12/site-packages/airflow/example_dags/tutorial.py took 0.058 seconds
[2025-06-17T05:10:02.139+0000] {processor.py:186} INFO - Started process (PID=215) to work on /home/airflow/.local/lib/python3.12/site-packages/airflow/example_dags/tutorial.py
[2025-06-17T05:10:02.139+0000] {processor.py:914} INFO - Processing file /home/airflow/.local/lib/python3.12/site-packages/airflow/example_dags/tutorial.py for tasks to queue
[2025-06-17T05:10:02.140+0000] {logging_mixin.py:190} INFO - [2025-06-17T05:10:02.140+0000] {dagbag.py:588} INFO - Filling up the DagBag from /home/airflow/.local/lib/python3.12/site-packages/airflow/example_dags/tutorial.py
[2025-06-17T05:10:02.147+0000] {processor.py:925} INFO - DAG(s) 'tutorial' retrieved from /home/airflow/.local/lib/python3.12/site-packages/airflow/example_dags/tutorial.py
[2025-06-17T05:10:02.162+0000] {logging_mixin.py:190} INFO - [2025-06-17T05:10:02.161+0000] {dag.py:3239} INFO - Sync 1 DAGs
[2025-06-17T05:10:02.178+0000] {logging_mixin.py:190} INFO - [2025-06-17T05:10:02.178+0000] {dag.py:4180} INFO - Setting next_dagrun for tutorial to 2025-06-16 00:00:00+00:00, run_after=2025-06-17 00:00:00+00:00
[2025-06-17T05:10:02.192+0000] {processor.py:208} INFO - Processing /home/airflow/.local/lib/python3.12/site-packages/airflow/example_dags/tutorial.py took 0.058 seconds
[2025-06-17T05:10:33.474+0000] {processor.py:186} INFO - Started process (PID=278) to work on /home/airflow/.local/lib/python3.12/site-packages/airflow/example_dags/tutorial.py
[2025-06-17T05:10:33.475+0000] {processor.py:914} INFO - Processing file /home/airflow/.local/lib/python3.12/site-packages/airflow/example_dags/tutorial.py for tasks to queue
[2025-06-17T05:10:33.476+0000] {logging_mixin.py:190} INFO - [2025-06-17T05:10:33.475+0000] {dagbag.py:588} INFO - Filling up the DagBag from /home/airflow/.local/lib/python3.12/site-packages/airflow/example_dags/tutorial.py
[2025-06-17T05:10:33.482+0000] {processor.py:925} INFO - DAG(s) 'tutorial' retrieved from /home/airflow/.local/lib/python3.12/site-packages/airflow/example_dags/tutorial.py
[2025-06-17T05:10:33.496+0000] {logging_mixin.py:190} INFO - [2025-06-17T05:10:33.496+0000] {dag.py:3239} INFO - Sync 1 DAGs
[2025-06-17T05:10:33.514+0000] {logging_mixin.py:190} INFO - [2025-06-17T05:10:33.513+0000] {dag.py:4180} INFO - Setting next_dagrun for tutorial to 2025-06-16 00:00:00+00:00, run_after=2025-06-17 00:00:00+00:00
[2025-06-17T05:10:33.529+0000] {processor.py:208} INFO - Processing /home/airflow/.local/lib/python3.12/site-packages/airflow/example_dags/tutorial.py took 0.059 seconds
[2025-06-17T05:11:04.580+0000] {processor.py:186} INFO - Started process (PID=341) to work on /home/airflow/.local/lib/python3.12/site-packages/airflow/example_dags/tutorial.py
[2025-06-17T05:11:04.581+0000] {processor.py:914} INFO - Processing file /home/airflow/.local/lib/python3.12/site-packages/airflow/example_dags/tutorial.py for tasks to queue
[2025-06-17T05:11:04.582+0000] {logging_mixin.py:190} INFO - [2025-06-17T05:11:04.581+0000] {dagbag.py:588} INFO - Filling up the DagBag from /home/airflow/.local/lib/python3.12/site-packages/airflow/example_dags/tutorial.py
[2025-06-17T05:11:04.588+0000] {processor.py:925} INFO - DAG(s) 'tutorial' retrieved from /home/airflow/.local/lib/python3.12/site-packages/airflow/example_dags/tutorial.py
[2025-06-17T05:11:04.602+0000] {logging_mixin.py:190} INFO - [2025-06-17T05:11:04.601+0000] {dag.py:3239} INFO - Sync 1 DAGs
[2025-06-17T05:11:04.618+0000] {logging_mixin.py:190} INFO - [2025-06-17T05:11:04.618+0000] {dag.py:4180} INFO - Setting next_dagrun for tutorial to 2025-06-16 00:00:00+00:00, run_after=2025-06-17 00:00:00+00:00
[2025-06-17T05:11:04.634+0000] {processor.py:208} INFO - Processing /home/airflow/.local/lib/python3.12/site-packages/airflow/example_dags/tutorial.py took 0.058 seconds
[2025-06-17T05:11:35.307+0000] {processor.py:186} INFO - Started process (PID=404) to work on /home/airflow/.local/lib/python3.12/site-packages/airflow/example_dags/tutorial.py
[2025-06-17T05:11:35.308+0000] {processor.py:914} INFO - Processing file /home/airflow/.local/lib/python3.12/site-packages/airflow/example_dags/tutorial.py for tasks to queue
[2025-06-17T05:11:35.309+0000] {logging_mixin.py:190} INFO - [2025-06-17T05:11:35.309+0000] {dagbag.py:588} INFO - Filling up the DagBag from /home/airflow/.local/lib/python3.12/site-packages/airflow/example_dags/tutorial.py
[2025-06-17T05:11:35.317+0000] {processor.py:925} INFO - DAG(s) 'tutorial' retrieved from /home/airflow/.local/lib/python3.12/site-packages/airflow/example_dags/tutorial.py
[2025-06-17T05:11:35.332+0000] {logging_mixin.py:190} INFO - [2025-06-17T05:11:35.331+0000] {dag.py:3239} INFO - Sync 1 DAGs
[2025-06-17T05:11:35.353+0000] {logging_mixin.py:190} INFO - [2025-06-17T05:11:35.353+0000] {dag.py:4180} INFO - Setting next_dagrun for tutorial to 2025-06-16 00:00:00+00:00, run_after=2025-06-17 00:00:00+00:00
[2025-06-17T05:11:35.369+0000] {processor.py:208} INFO - Processing /home/airflow/.local/lib/python3.12/site-packages/airflow/example_dags/tutorial.py took 0.066 seconds
[2025-06-17T05:12:06.208+0000] {processor.py:186} INFO - Started process (PID=467) to work on /home/airflow/.local/lib/python3.12/site-packages/airflow/example_dags/tutorial.py
[2025-06-17T05:12:06.209+0000] {processor.py:914} INFO - Processing file /home/airflow/.local/lib/python3.12/site-packages/airflow/example_dags/tutorial.py for tasks to queue
[2025-06-17T05:12:06.210+0000] {logging_mixin.py:190} INFO - [2025-06-17T05:12:06.210+0000] {dagbag.py:588} INFO - Filling up the DagBag from /home/airflow/.local/lib/python3.12/site-packages/airflow/example_dags/tutorial.py
[2025-06-17T05:12:06.218+0000] {processor.py:925} INFO - DAG(s) 'tutorial' retrieved from /home/airflow/.local/lib/python3.12/site-packages/airflow/example_dags/tutorial.py
[2025-06-17T05:12:06.232+0000] {logging_mixin.py:190} INFO - [2025-06-17T05:12:06.232+0000] {dag.py:3239} INFO - Sync 1 DAGs
[2025-06-17T05:12:06.249+0000] {logging_mixin.py:190} INFO - [2025-06-17T05:12:06.249+0000] {dag.py:4180} INFO - Setting next_dagrun for tutorial to 2025-06-16 00:00:00+00:00, run_after=2025-06-17 00:00:00+00:00
[2025-06-17T05:12:06.263+0000] {processor.py:208} INFO - Processing /home/airflow/.local/lib/python3.12/site-packages/airflow/example_dags/tutorial.py took 0.060 seconds
[2025-06-17T05:12:36.786+0000] {processor.py:186} INFO - Started process (PID=530) to work on /home/airflow/.local/lib/python3.12/site-packages/airflow/example_dags/tutorial.py
[2025-06-17T05:12:36.787+0000] {processor.py:914} INFO - Processing file /home/airflow/.local/lib/python3.12/site-packages/airflow/example_dags/tutorial.py for tasks to queue
[2025-06-17T05:12:36.788+0000] {logging_mixin.py:190} INFO - [2025-06-17T05:12:36.788+0000] {dagbag.py:588} INFO - Filling up the DagBag from /home/airflow/.local/lib/python3.12/site-packages/airflow/example_dags/tutorial.py
[2025-06-17T05:12:36.795+0000] {processor.py:925} INFO - DAG(s) 'tutorial' retrieved from /home/airflow/.local/lib/python3.12/site-packages/airflow/example_dags/tutorial.py
[2025-06-17T05:12:36.810+0000] {logging_mixin.py:190} INFO - [2025-06-17T05:12:36.809+0000] {dag.py:3239} INFO - Sync 1 DAGs
[2025-06-17T05:12:36.826+0000] {logging_mixin.py:190} INFO - [2025-06-17T05:12:36.826+0000] {dag.py:4180} INFO - Setting next_dagrun for tutorial to 2025-06-16 00:00:00+00:00, run_after=2025-06-17 00:00:00+00:00
[2025-06-17T05:12:36.839+0000] {processor.py:208} INFO - Processing /home/airflow/.local/lib/python3.12/site-packages/airflow/example_dags/tutorial.py took 0.057 seconds
[2025-06-17T05:13:07.479+0000] {processor.py:186} INFO - Started process (PID=593) to work on /home/airflow/.local/lib/python3.12/site-packages/airflow/example_dags/tutorial.py
[2025-06-17T05:13:07.480+0000] {processor.py:914} INFO - Processing file /home/airflow/.local/lib/python3.12/site-packages/airflow/example_dags/tutorial.py for tasks to queue
[2025-06-17T05:13:07.481+0000] {logging_mixin.py:190} INFO - [2025-06-17T05:13:07.480+0000] {dagbag.py:588} INFO - Filling up the DagBag from /home/airflow/.local/lib/python3.12/site-packages/airflow/example_dags/tutorial.py
[2025-06-17T05:13:07.488+0000] {processor.py:925} INFO - DAG(s) 'tutorial' retrieved from /home/airflow/.local/lib/python3.12/site-packages/airflow/example_dags/tutorial.py
[2025-06-17T05:13:07.506+0000] {logging_mixin.py:190} INFO - [2025-06-17T05:13:07.505+0000] {dag.py:3239} INFO - Sync 1 DAGs
[2025-06-17T05:13:07.534+0000] {logging_mixin.py:190} INFO - [2025-06-17T05:13:07.534+0000] {dag.py:4180} INFO - Setting next_dagrun for tutorial to 2025-06-16 00:00:00+00:00, run_after=2025-06-17 00:00:00+00:00
[2025-06-17T05:13:07.549+0000] {processor.py:208} INFO - Processing /home/airflow/.local/lib/python3.12/site-packages/airflow/example_dags/tutorial.py took 0.075 seconds
[2025-06-17T05:13:37.966+0000] {processor.py:186} INFO - Started process (PID=657) to work on /home/airflow/.local/lib/python3.12/site-packages/airflow/example_dags/tutorial.py
[2025-06-17T05:13:37.966+0000] {processor.py:914} INFO - Processing file /home/airflow/.local/lib/python3.12/site-packages/airflow/example_dags/tutorial.py for tasks to queue
[2025-06-17T05:13:37.967+0000] {logging_mixin.py:190} INFO - [2025-06-17T05:13:37.967+0000] {dagbag.py:588} INFO - Filling up the DagBag from /home/airflow/.local/lib/python3.12/site-packages/airflow/example_dags/tutorial.py
[2025-06-17T05:13:37.974+0000] {processor.py:925} INFO - DAG(s) 'tutorial' retrieved from /home/airflow/.local/lib/python3.12/site-packages/airflow/example_dags/tutorial.py
[2025-06-17T05:13:37.988+0000] {logging_mixin.py:190} INFO - [2025-06-17T05:13:37.988+0000] {dag.py:3239} INFO - Sync 1 DAGs
[2025-06-17T05:13:38.005+0000] {logging_mixin.py:190} INFO - [2025-06-17T05:13:38.005+0000] {dag.py:4180} INFO - Setting next_dagrun for tutorial to 2025-06-16 00:00:00+00:00, run_after=2025-06-17 00:00:00+00:00
[2025-06-17T05:13:38.019+0000] {processor.py:208} INFO - Processing /home/airflow/.local/lib/python3.12/site-packages/airflow/example_dags/tutorial.py took 0.059 seconds
[2025-06-17T05:14:08.667+0000] {processor.py:186} INFO - Started process (PID=719) to work on /home/airflow/.local/lib/python3.12/site-packages/airflow/example_dags/tutorial.py
[2025-06-17T05:14:08.668+0000] {processor.py:914} INFO - Processing file /home/airflow/.local/lib/python3.12/site-packages/airflow/example_dags/tutorial.py for tasks to queue
[2025-06-17T05:14:08.669+0000] {logging_mixin.py:190} INFO - [2025-06-17T05:14:08.669+0000] {dagbag.py:588} INFO - Filling up the DagBag from /home/airflow/.local/lib/python3.12/site-packages/airflow/example_dags/tutorial.py
[2025-06-17T05:14:08.676+0000] {processor.py:925} INFO - DAG(s) 'tutorial' retrieved from /home/airflow/.local/lib/python3.12/site-packages/airflow/example_dags/tutorial.py
[2025-06-17T05:14:08.690+0000] {logging_mixin.py:190} INFO - [2025-06-17T05:14:08.690+0000] {dag.py:3239} INFO - Sync 1 DAGs
[2025-06-17T05:14:08.708+0000] {logging_mixin.py:190} INFO - [2025-06-17T05:14:08.708+0000] {dag.py:4180} INFO - Setting next_dagrun for tutorial to 2025-06-16 00:00:00+00:00, run_after=2025-06-17 00:00:00+00:00
[2025-06-17T05:14:08.722+0000] {processor.py:208} INFO - Processing /home/airflow/.local/lib/python3.12/site-packages/airflow/example_dags/tutorial.py took 0.060 seconds
[2025-06-17T05:17:47.708+0000] {processor.py:186} INFO - Started process (PID=90) to work on /home/airflow/.local/lib/python3.12/site-packages/airflow/example_dags/tutorial.py
[2025-06-17T05:17:47.709+0000] {processor.py:914} INFO - Processing file /home/airflow/.local/lib/python3.12/site-packages/airflow/example_dags/tutorial.py for tasks to queue
[2025-06-17T05:17:47.709+0000] {logging_mixin.py:190} INFO - [2025-06-17T05:17:47.709+0000] {dagbag.py:588} INFO - Filling up the DagBag from /home/airflow/.local/lib/python3.12/site-packages/airflow/example_dags/tutorial.py
[2025-06-17T05:17:47.717+0000] {processor.py:925} INFO - DAG(s) 'tutorial' retrieved from /home/airflow/.local/lib/python3.12/site-packages/airflow/example_dags/tutorial.py
[2025-06-17T05:17:47.795+0000] {logging_mixin.py:190} INFO - [2025-06-17T05:17:47.795+0000] {override.py:1912} INFO - Created Permission View: can read on DAG:tutorial
[2025-06-17T05:17:47.803+0000] {logging_mixin.py:190} INFO - [2025-06-17T05:17:47.803+0000] {override.py:1912} INFO - Created Permission View: can delete on DAG:tutorial
[2025-06-17T05:17:47.809+0000] {logging_mixin.py:190} INFO - [2025-06-17T05:17:47.809+0000] {override.py:1912} INFO - Created Permission View: can edit on DAG:tutorial
[2025-06-17T05:17:47.816+0000] {logging_mixin.py:190} INFO - [2025-06-17T05:17:47.816+0000] {override.py:1912} INFO - Created Permission View: can read on DAG Run:tutorial
[2025-06-17T05:17:47.822+0000] {logging_mixin.py:190} INFO - [2025-06-17T05:17:47.822+0000] {override.py:1912} INFO - Created Permission View: can delete on DAG Run:tutorial
[2025-06-17T05:17:47.829+0000] {logging_mixin.py:190} INFO - [2025-06-17T05:17:47.828+0000] {override.py:1912} INFO - Created Permission View: menu access on DAG Run:tutorial
[2025-06-17T05:17:47.834+0000] {logging_mixin.py:190} INFO - [2025-06-17T05:17:47.834+0000] {override.py:1912} INFO - Created Permission View: can create on DAG Run:tutorial
[2025-06-17T05:17:47.835+0000] {logging_mixin.py:190} INFO - [2025-06-17T05:17:47.835+0000] {dag.py:3239} INFO - Sync 1 DAGs
[2025-06-17T05:17:47.844+0000] {logging_mixin.py:190} INFO - [2025-06-17T05:17:47.844+0000] {dag.py:3262} INFO - Creating ORM DAG for tutorial
[2025-06-17T05:17:47.851+0000] {logging_mixin.py:190} INFO - [2025-06-17T05:17:47.851+0000] {dag.py:4180} INFO - Setting next_dagrun for tutorial to 2025-06-16 00:00:00+00:00, run_after=2025-06-17 00:00:00+00:00
[2025-06-17T05:17:47.862+0000] {processor.py:208} INFO - Processing /home/airflow/.local/lib/python3.12/site-packages/airflow/example_dags/tutorial.py took 0.160 seconds
[2025-06-17T05:19:15.045+0000] {processor.py:186} INFO - Started process (PID=90) to work on /home/airflow/.local/lib/python3.12/site-packages/airflow/example_dags/tutorial.py
[2025-06-17T05:19:15.046+0000] {processor.py:914} INFO - Processing file /home/airflow/.local/lib/python3.12/site-packages/airflow/example_dags/tutorial.py for tasks to queue
[2025-06-17T05:19:15.047+0000] {logging_mixin.py:190} INFO - [2025-06-17T05:19:15.047+0000] {dagbag.py:588} INFO - Filling up the DagBag from /home/airflow/.local/lib/python3.12/site-packages/airflow/example_dags/tutorial.py
[2025-06-17T05:19:15.057+0000] {processor.py:925} INFO - DAG(s) 'tutorial' retrieved from /home/airflow/.local/lib/python3.12/site-packages/airflow/example_dags/tutorial.py
[2025-06-17T05:19:15.072+0000] {logging_mixin.py:190} INFO - [2025-06-17T05:19:15.072+0000] {dag.py:3239} INFO - Sync 1 DAGs
[2025-06-17T05:19:15.091+0000] {logging_mixin.py:190} INFO - [2025-06-17T05:19:15.091+0000] {dag.py:4180} INFO - Setting next_dagrun for tutorial to 2025-06-16 00:00:00+00:00, run_after=2025-06-17 00:00:00+00:00
[2025-06-17T05:19:15.108+0000] {processor.py:208} INFO - Processing /home/airflow/.local/lib/python3.12/site-packages/airflow/example_dags/tutorial.py took 0.069 seconds
[2025-06-17T05:19:45.517+0000] {processor.py:186} INFO - Started process (PID=153) to work on /home/airflow/.local/lib/python3.12/site-packages/airflow/example_dags/tutorial.py
[2025-06-17T05:19:45.517+0000] {processor.py:914} INFO - Processing file /home/airflow/.local/lib/python3.12/site-packages/airflow/example_dags/tutorial.py for tasks to queue
[2025-06-17T05:19:45.519+0000] {logging_mixin.py:190} INFO - [2025-06-17T05:19:45.518+0000] {dagbag.py:588} INFO - Filling up the DagBag from /home/airflow/.local/lib/python3.12/site-packages/airflow/example_dags/tutorial.py
[2025-06-17T05:19:45.526+0000] {processor.py:925} INFO - DAG(s) 'tutorial' retrieved from /home/airflow/.local/lib/python3.12/site-packages/airflow/example_dags/tutorial.py
[2025-06-17T05:19:45.541+0000] {logging_mixin.py:190} INFO - [2025-06-17T05:19:45.541+0000] {dag.py:3239} INFO - Sync 1 DAGs
[2025-06-17T05:19:45.558+0000] {logging_mixin.py:190} INFO - [2025-06-17T05:19:45.558+0000] {dag.py:4180} INFO - Setting next_dagrun for tutorial to 2025-06-16 00:00:00+00:00, run_after=2025-06-17 00:00:00+00:00
[2025-06-17T05:19:45.573+0000] {processor.py:208} INFO - Processing /home/airflow/.local/lib/python3.12/site-packages/airflow/example_dags/tutorial.py took 0.064 seconds
[2025-06-17T05:21:34.169+0000] {processor.py:186} INFO - Started process (PID=90) to work on /home/airflow/.local/lib/python3.12/site-packages/airflow/example_dags/tutorial.py
[2025-06-17T05:21:34.170+0000] {processor.py:914} INFO - Processing file /home/airflow/.local/lib/python3.12/site-packages/airflow/example_dags/tutorial.py for tasks to queue
[2025-06-17T05:21:34.171+0000] {logging_mixin.py:190} INFO - [2025-06-17T05:21:34.171+0000] {dagbag.py:588} INFO - Filling up the DagBag from /home/airflow/.local/lib/python3.12/site-packages/airflow/example_dags/tutorial.py
[2025-06-17T05:21:34.178+0000] {processor.py:925} INFO - DAG(s) 'tutorial' retrieved from /home/airflow/.local/lib/python3.12/site-packages/airflow/example_dags/tutorial.py
[2025-06-17T05:21:34.193+0000] {logging_mixin.py:190} INFO - [2025-06-17T05:21:34.192+0000] {dag.py:3239} INFO - Sync 1 DAGs
[2025-06-17T05:21:34.210+0000] {logging_mixin.py:190} INFO - [2025-06-17T05:21:34.210+0000] {dag.py:4180} INFO - Setting next_dagrun for tutorial to 2025-06-16 00:00:00+00:00, run_after=2025-06-17 00:00:00+00:00
[2025-06-17T05:21:34.226+0000] {processor.py:208} INFO - Processing /home/airflow/.local/lib/python3.12/site-packages/airflow/example_dags/tutorial.py took 0.061 seconds
[2025-06-17T05:22:05.491+0000] {processor.py:186} INFO - Started process (PID=153) to work on /home/airflow/.local/lib/python3.12/site-packages/airflow/example_dags/tutorial.py
[2025-06-17T05:22:05.492+0000] {processor.py:914} INFO - Processing file /home/airflow/.local/lib/python3.12/site-packages/airflow/example_dags/tutorial.py for tasks to queue
[2025-06-17T05:22:05.493+0000] {logging_mixin.py:190} INFO - [2025-06-17T05:22:05.493+0000] {dagbag.py:588} INFO - Filling up the DagBag from /home/airflow/.local/lib/python3.12/site-packages/airflow/example_dags/tutorial.py
[2025-06-17T05:22:05.505+0000] {processor.py:925} INFO - DAG(s) 'tutorial' retrieved from /home/airflow/.local/lib/python3.12/site-packages/airflow/example_dags/tutorial.py
[2025-06-17T05:22:05.524+0000] {logging_mixin.py:190} INFO - [2025-06-17T05:22:05.523+0000] {dag.py:3239} INFO - Sync 1 DAGs
[2025-06-17T05:22:05.542+0000] {logging_mixin.py:190} INFO - [2025-06-17T05:22:05.541+0000] {dag.py:4180} INFO - Setting next_dagrun for tutorial to 2025-06-16 00:00:00+00:00, run_after=2025-06-17 00:00:00+00:00
[2025-06-17T05:22:05.557+0000] {processor.py:208} INFO - Processing /home/airflow/.local/lib/python3.12/site-packages/airflow/example_dags/tutorial.py took 0.072 seconds
[2025-06-17T05:22:36.286+0000] {processor.py:186} INFO - Started process (PID=216) to work on /home/airflow/.local/lib/python3.12/site-packages/airflow/example_dags/tutorial.py
[2025-06-17T05:22:36.287+0000] {processor.py:914} INFO - Processing file /home/airflow/.local/lib/python3.12/site-packages/airflow/example_dags/tutorial.py for tasks to queue
[2025-06-17T05:22:36.288+0000] {logging_mixin.py:190} INFO - [2025-06-17T05:22:36.288+0000] {dagbag.py:588} INFO - Filling up the DagBag from /home/airflow/.local/lib/python3.12/site-packages/airflow/example_dags/tutorial.py
[2025-06-17T05:22:36.295+0000] {processor.py:925} INFO - DAG(s) 'tutorial' retrieved from /home/airflow/.local/lib/python3.12/site-packages/airflow/example_dags/tutorial.py
[2025-06-17T05:22:36.310+0000] {logging_mixin.py:190} INFO - [2025-06-17T05:22:36.310+0000] {dag.py:3239} INFO - Sync 1 DAGs
[2025-06-17T05:22:36.328+0000] {logging_mixin.py:190} INFO - [2025-06-17T05:22:36.328+0000] {dag.py:4180} INFO - Setting next_dagrun for tutorial to 2025-06-16 00:00:00+00:00, run_after=2025-06-17 00:00:00+00:00
[2025-06-17T05:22:36.344+0000] {processor.py:208} INFO - Processing /home/airflow/.local/lib/python3.12/site-packages/airflow/example_dags/tutorial.py took 0.062 seconds
[2025-06-17T05:23:07.181+0000] {processor.py:186} INFO - Started process (PID=279) to work on /home/airflow/.local/lib/python3.12/site-packages/airflow/example_dags/tutorial.py
[2025-06-17T05:23:07.182+0000] {processor.py:914} INFO - Processing file /home/airflow/.local/lib/python3.12/site-packages/airflow/example_dags/tutorial.py for tasks to queue
[2025-06-17T05:23:07.183+0000] {logging_mixin.py:190} INFO - [2025-06-17T05:23:07.182+0000] {dagbag.py:588} INFO - Filling up the DagBag from /home/airflow/.local/lib/python3.12/site-packages/airflow/example_dags/tutorial.py
[2025-06-17T05:23:07.190+0000] {processor.py:925} INFO - DAG(s) 'tutorial' retrieved from /home/airflow/.local/lib/python3.12/site-packages/airflow/example_dags/tutorial.py
[2025-06-17T05:23:07.205+0000] {logging_mixin.py:190} INFO - [2025-06-17T05:23:07.205+0000] {dag.py:3239} INFO - Sync 1 DAGs
[2025-06-17T05:23:07.223+0000] {logging_mixin.py:190} INFO - [2025-06-17T05:23:07.223+0000] {dag.py:4180} INFO - Setting next_dagrun for tutorial to 2025-06-16 00:00:00+00:00, run_after=2025-06-17 00:00:00+00:00
[2025-06-17T05:23:07.237+0000] {processor.py:208} INFO - Processing /home/airflow/.local/lib/python3.12/site-packages/airflow/example_dags/tutorial.py took 0.061 seconds
[2025-06-17T05:23:38.454+0000] {processor.py:186} INFO - Started process (PID=342) to work on /home/airflow/.local/lib/python3.12/site-packages/airflow/example_dags/tutorial.py
[2025-06-17T05:23:38.455+0000] {processor.py:914} INFO - Processing file /home/airflow/.local/lib/python3.12/site-packages/airflow/example_dags/tutorial.py for tasks to queue
[2025-06-17T05:23:38.456+0000] {logging_mixin.py:190} INFO - [2025-06-17T05:23:38.456+0000] {dagbag.py:588} INFO - Filling up the DagBag from /home/airflow/.local/lib/python3.12/site-packages/airflow/example_dags/tutorial.py
[2025-06-17T05:23:38.464+0000] {processor.py:925} INFO - DAG(s) 'tutorial' retrieved from /home/airflow/.local/lib/python3.12/site-packages/airflow/example_dags/tutorial.py
[2025-06-17T05:23:38.479+0000] {logging_mixin.py:190} INFO - [2025-06-17T05:23:38.479+0000] {dag.py:3239} INFO - Sync 1 DAGs
[2025-06-17T05:23:38.498+0000] {logging_mixin.py:190} INFO - [2025-06-17T05:23:38.497+0000] {dag.py:4180} INFO - Setting next_dagrun for tutorial to 2025-06-16 00:00:00+00:00, run_after=2025-06-17 00:00:00+00:00
[2025-06-17T05:23:38.511+0000] {processor.py:208} INFO - Processing /home/airflow/.local/lib/python3.12/site-packages/airflow/example_dags/tutorial.py took 0.063 seconds
