[2025-06-17T05:01:30.048+0000] {processor.py:186} INFO - Started process (PID=101) to work on /home/airflow/.local/lib/python3.12/site-packages/airflow/example_dags/tutorial_objectstorage.py
[2025-06-17T05:01:30.049+0000] {processor.py:914} INFO - Processing file /home/airflow/.local/lib/python3.12/site-packages/airflow/example_dags/tutorial_objectstorage.py for tasks to queue
[2025-06-17T05:01:30.050+0000] {logging_mixin.py:190} INFO - [2025-06-17T05:01:30.050+0000] {dagbag.py:588} INFO - Filling up the DagBag from /home/airflow/.local/lib/python3.12/site-packages/airflow/example_dags/tutorial_objectstorage.py
[2025-06-17T05:01:30.060+0000] {processor.py:925} INFO - DAG(s) 'tutorial_objectstorage' retrieved from /home/airflow/.local/lib/python3.12/site-packages/airflow/example_dags/tutorial_objectstorage.py
[2025-06-17T05:01:30.145+0000] {logging_mixin.py:190} INFO - [2025-06-17T05:01:30.145+0000] {override.py:1912} INFO - Created Permission View: can read on DAG:tutorial_objectstorage
[2025-06-17T05:01:30.155+0000] {logging_mixin.py:190} INFO - [2025-06-17T05:01:30.155+0000] {override.py:1912} INFO - Created Permission View: can edit on DAG:tutorial_objectstorage
[2025-06-17T05:01:30.162+0000] {logging_mixin.py:190} INFO - [2025-06-17T05:01:30.161+0000] {override.py:1912} INFO - Created Permission View: can delete on DAG:tutorial_objectstorage
[2025-06-17T05:01:30.170+0000] {logging_mixin.py:190} INFO - [2025-06-17T05:01:30.170+0000] {override.py:1912} INFO - Created Permission View: menu access on DAG Run:tutorial_objectstorage
[2025-06-17T05:01:30.177+0000] {logging_mixin.py:190} INFO - [2025-06-17T05:01:30.177+0000] {override.py:1912} INFO - Created Permission View: can create on DAG Run:tutorial_objectstorage
[2025-06-17T05:01:30.183+0000] {logging_mixin.py:190} INFO - [2025-06-17T05:01:30.183+0000] {override.py:1912} INFO - Created Permission View: can read on DAG Run:tutorial_objectstorage
[2025-06-17T05:01:30.189+0000] {logging_mixin.py:190} INFO - [2025-06-17T05:01:30.188+0000] {override.py:1912} INFO - Created Permission View: can delete on DAG Run:tutorial_objectstorage
[2025-06-17T05:01:30.189+0000] {logging_mixin.py:190} INFO - [2025-06-17T05:01:30.189+0000] {dag.py:3239} INFO - Sync 1 DAGs
[2025-06-17T05:01:30.199+0000] {logging_mixin.py:190} INFO - [2025-06-17T05:01:30.199+0000] {dag.py:3262} INFO - Creating ORM DAG for tutorial_objectstorage
[2025-06-17T05:01:30.200+0000] {logging_mixin.py:190} INFO - [2025-06-17T05:01:30.199+0000] {dag.py:4180} INFO - Setting next_dagrun for tutorial_objectstorage to None, run_after=None
[2025-06-17T05:01:30.213+0000] {processor.py:208} INFO - Processing /home/airflow/.local/lib/python3.12/site-packages/airflow/example_dags/tutorial_objectstorage.py took 0.170 seconds
[2025-06-17T05:02:00.348+0000] {processor.py:186} INFO - Started process (PID=164) to work on /home/airflow/.local/lib/python3.12/site-packages/airflow/example_dags/tutorial_objectstorage.py
[2025-06-17T05:02:00.348+0000] {processor.py:914} INFO - Processing file /home/airflow/.local/lib/python3.12/site-packages/airflow/example_dags/tutorial_objectstorage.py for tasks to queue
[2025-06-17T05:02:00.349+0000] {logging_mixin.py:190} INFO - [2025-06-17T05:02:00.349+0000] {dagbag.py:588} INFO - Filling up the DagBag from /home/airflow/.local/lib/python3.12/site-packages/airflow/example_dags/tutorial_objectstorage.py
[2025-06-17T05:02:00.356+0000] {processor.py:925} INFO - DAG(s) 'tutorial_objectstorage' retrieved from /home/airflow/.local/lib/python3.12/site-packages/airflow/example_dags/tutorial_objectstorage.py
[2025-06-17T05:02:00.371+0000] {logging_mixin.py:190} INFO - [2025-06-17T05:02:00.370+0000] {dag.py:3239} INFO - Sync 1 DAGs
[2025-06-17T05:02:00.382+0000] {logging_mixin.py:190} INFO - [2025-06-17T05:02:00.382+0000] {dag.py:4180} INFO - Setting next_dagrun for tutorial_objectstorage to None, run_after=None
[2025-06-17T05:02:00.397+0000] {processor.py:208} INFO - Processing /home/airflow/.local/lib/python3.12/site-packages/airflow/example_dags/tutorial_objectstorage.py took 0.054 seconds
[2025-06-17T05:02:31.023+0000] {processor.py:186} INFO - Started process (PID=226) to work on /home/airflow/.local/lib/python3.12/site-packages/airflow/example_dags/tutorial_objectstorage.py
[2025-06-17T05:02:31.024+0000] {processor.py:914} INFO - Processing file /home/airflow/.local/lib/python3.12/site-packages/airflow/example_dags/tutorial_objectstorage.py for tasks to queue
[2025-06-17T05:02:31.025+0000] {logging_mixin.py:190} INFO - [2025-06-17T05:02:31.025+0000] {dagbag.py:588} INFO - Filling up the DagBag from /home/airflow/.local/lib/python3.12/site-packages/airflow/example_dags/tutorial_objectstorage.py
[2025-06-17T05:02:31.032+0000] {processor.py:925} INFO - DAG(s) 'tutorial_objectstorage' retrieved from /home/airflow/.local/lib/python3.12/site-packages/airflow/example_dags/tutorial_objectstorage.py
[2025-06-17T05:02:31.046+0000] {logging_mixin.py:190} INFO - [2025-06-17T05:02:31.046+0000] {dag.py:3239} INFO - Sync 1 DAGs
[2025-06-17T05:02:31.057+0000] {logging_mixin.py:190} INFO - [2025-06-17T05:02:31.056+0000] {dag.py:4180} INFO - Setting next_dagrun for tutorial_objectstorage to None, run_after=None
[2025-06-17T05:02:31.071+0000] {processor.py:208} INFO - Processing /home/airflow/.local/lib/python3.12/site-packages/airflow/example_dags/tutorial_objectstorage.py took 0.052 seconds
[2025-06-17T05:06:07.814+0000] {processor.py:186} INFO - Started process (PID=103) to work on /home/airflow/.local/lib/python3.12/site-packages/airflow/example_dags/tutorial_objectstorage.py
[2025-06-17T05:06:07.815+0000] {processor.py:914} INFO - Processing file /home/airflow/.local/lib/python3.12/site-packages/airflow/example_dags/tutorial_objectstorage.py for tasks to queue
[2025-06-17T05:06:07.816+0000] {logging_mixin.py:190} INFO - [2025-06-17T05:06:07.816+0000] {dagbag.py:588} INFO - Filling up the DagBag from /home/airflow/.local/lib/python3.12/site-packages/airflow/example_dags/tutorial_objectstorage.py
[2025-06-17T05:06:07.825+0000] {processor.py:925} INFO - DAG(s) 'tutorial_objectstorage' retrieved from /home/airflow/.local/lib/python3.12/site-packages/airflow/example_dags/tutorial_objectstorage.py
[2025-06-17T05:06:07.841+0000] {logging_mixin.py:190} INFO - [2025-06-17T05:06:07.840+0000] {dag.py:3239} INFO - Sync 1 DAGs
[2025-06-17T05:06:07.853+0000] {logging_mixin.py:190} INFO - [2025-06-17T05:06:07.853+0000] {dag.py:4180} INFO - Setting next_dagrun for tutorial_objectstorage to None, run_after=None
[2025-06-17T05:06:07.869+0000] {processor.py:208} INFO - Processing /home/airflow/.local/lib/python3.12/site-packages/airflow/example_dags/tutorial_objectstorage.py took 0.059 seconds
[2025-06-17T05:06:38.976+0000] {processor.py:186} INFO - Started process (PID=166) to work on /home/airflow/.local/lib/python3.12/site-packages/airflow/example_dags/tutorial_objectstorage.py
[2025-06-17T05:06:38.976+0000] {processor.py:914} INFO - Processing file /home/airflow/.local/lib/python3.12/site-packages/airflow/example_dags/tutorial_objectstorage.py for tasks to queue
[2025-06-17T05:06:38.977+0000] {logging_mixin.py:190} INFO - [2025-06-17T05:06:38.977+0000] {dagbag.py:588} INFO - Filling up the DagBag from /home/airflow/.local/lib/python3.12/site-packages/airflow/example_dags/tutorial_objectstorage.py
[2025-06-17T05:06:38.984+0000] {processor.py:925} INFO - DAG(s) 'tutorial_objectstorage' retrieved from /home/airflow/.local/lib/python3.12/site-packages/airflow/example_dags/tutorial_objectstorage.py
[2025-06-17T05:06:38.999+0000] {logging_mixin.py:190} INFO - [2025-06-17T05:06:38.999+0000] {dag.py:3239} INFO - Sync 1 DAGs
[2025-06-17T05:06:39.011+0000] {logging_mixin.py:190} INFO - [2025-06-17T05:06:39.011+0000] {dag.py:4180} INFO - Setting next_dagrun for tutorial_objectstorage to None, run_after=None
[2025-06-17T05:06:39.026+0000] {processor.py:208} INFO - Processing /home/airflow/.local/lib/python3.12/site-packages/airflow/example_dags/tutorial_objectstorage.py took 0.055 seconds
[2025-06-17T05:09:02.467+0000] {processor.py:186} INFO - Started process (PID=101) to work on /home/airflow/.local/lib/python3.12/site-packages/airflow/example_dags/tutorial_objectstorage.py
[2025-06-17T05:09:02.467+0000] {processor.py:914} INFO - Processing file /home/airflow/.local/lib/python3.12/site-packages/airflow/example_dags/tutorial_objectstorage.py for tasks to queue
[2025-06-17T05:09:02.468+0000] {logging_mixin.py:190} INFO - [2025-06-17T05:09:02.468+0000] {dagbag.py:588} INFO - Filling up the DagBag from /home/airflow/.local/lib/python3.12/site-packages/airflow/example_dags/tutorial_objectstorage.py
[2025-06-17T05:09:02.478+0000] {processor.py:925} INFO - DAG(s) 'tutorial_objectstorage' retrieved from /home/airflow/.local/lib/python3.12/site-packages/airflow/example_dags/tutorial_objectstorage.py
[2025-06-17T05:09:02.494+0000] {logging_mixin.py:190} INFO - [2025-06-17T05:09:02.493+0000] {dag.py:3239} INFO - Sync 1 DAGs
[2025-06-17T05:09:02.505+0000] {logging_mixin.py:190} INFO - [2025-06-17T05:09:02.505+0000] {dag.py:4180} INFO - Setting next_dagrun for tutorial_objectstorage to None, run_after=None
[2025-06-17T05:09:02.520+0000] {processor.py:208} INFO - Processing /home/airflow/.local/lib/python3.12/site-packages/airflow/example_dags/tutorial_objectstorage.py took 0.058 seconds
[2025-06-17T05:09:33.217+0000] {processor.py:186} INFO - Started process (PID=164) to work on /home/airflow/.local/lib/python3.12/site-packages/airflow/example_dags/tutorial_objectstorage.py
[2025-06-17T05:09:33.217+0000] {processor.py:914} INFO - Processing file /home/airflow/.local/lib/python3.12/site-packages/airflow/example_dags/tutorial_objectstorage.py for tasks to queue
[2025-06-17T05:09:33.219+0000] {logging_mixin.py:190} INFO - [2025-06-17T05:09:33.218+0000] {dagbag.py:588} INFO - Filling up the DagBag from /home/airflow/.local/lib/python3.12/site-packages/airflow/example_dags/tutorial_objectstorage.py
[2025-06-17T05:09:33.227+0000] {processor.py:925} INFO - DAG(s) 'tutorial_objectstorage' retrieved from /home/airflow/.local/lib/python3.12/site-packages/airflow/example_dags/tutorial_objectstorage.py
[2025-06-17T05:09:33.243+0000] {logging_mixin.py:190} INFO - [2025-06-17T05:09:33.242+0000] {dag.py:3239} INFO - Sync 1 DAGs
[2025-06-17T05:09:33.255+0000] {logging_mixin.py:190} INFO - [2025-06-17T05:09:33.254+0000] {dag.py:4180} INFO - Setting next_dagrun for tutorial_objectstorage to None, run_after=None
[2025-06-17T05:09:33.273+0000] {processor.py:208} INFO - Processing /home/airflow/.local/lib/python3.12/site-packages/airflow/example_dags/tutorial_objectstorage.py took 0.062 seconds
[2025-06-17T05:10:03.356+0000] {processor.py:186} INFO - Started process (PID=227) to work on /home/airflow/.local/lib/python3.12/site-packages/airflow/example_dags/tutorial_objectstorage.py
[2025-06-17T05:10:03.357+0000] {processor.py:914} INFO - Processing file /home/airflow/.local/lib/python3.12/site-packages/airflow/example_dags/tutorial_objectstorage.py for tasks to queue
[2025-06-17T05:10:03.358+0000] {logging_mixin.py:190} INFO - [2025-06-17T05:10:03.358+0000] {dagbag.py:588} INFO - Filling up the DagBag from /home/airflow/.local/lib/python3.12/site-packages/airflow/example_dags/tutorial_objectstorage.py
[2025-06-17T05:10:03.367+0000] {processor.py:925} INFO - DAG(s) 'tutorial_objectstorage' retrieved from /home/airflow/.local/lib/python3.12/site-packages/airflow/example_dags/tutorial_objectstorage.py
[2025-06-17T05:10:03.382+0000] {logging_mixin.py:190} INFO - [2025-06-17T05:10:03.381+0000] {dag.py:3239} INFO - Sync 1 DAGs
[2025-06-17T05:10:03.394+0000] {logging_mixin.py:190} INFO - [2025-06-17T05:10:03.394+0000] {dag.py:4180} INFO - Setting next_dagrun for tutorial_objectstorage to None, run_after=None
[2025-06-17T05:10:03.411+0000] {processor.py:208} INFO - Processing /home/airflow/.local/lib/python3.12/site-packages/airflow/example_dags/tutorial_objectstorage.py took 0.059 seconds
[2025-06-17T05:10:34.537+0000] {processor.py:186} INFO - Started process (PID=289) to work on /home/airflow/.local/lib/python3.12/site-packages/airflow/example_dags/tutorial_objectstorage.py
[2025-06-17T05:10:34.538+0000] {processor.py:914} INFO - Processing file /home/airflow/.local/lib/python3.12/site-packages/airflow/example_dags/tutorial_objectstorage.py for tasks to queue
[2025-06-17T05:10:34.539+0000] {logging_mixin.py:190} INFO - [2025-06-17T05:10:34.538+0000] {dagbag.py:588} INFO - Filling up the DagBag from /home/airflow/.local/lib/python3.12/site-packages/airflow/example_dags/tutorial_objectstorage.py
[2025-06-17T05:10:34.546+0000] {processor.py:925} INFO - DAG(s) 'tutorial_objectstorage' retrieved from /home/airflow/.local/lib/python3.12/site-packages/airflow/example_dags/tutorial_objectstorage.py
[2025-06-17T05:10:34.560+0000] {logging_mixin.py:190} INFO - [2025-06-17T05:10:34.559+0000] {dag.py:3239} INFO - Sync 1 DAGs
[2025-06-17T05:10:34.569+0000] {logging_mixin.py:190} INFO - [2025-06-17T05:10:34.569+0000] {dag.py:4180} INFO - Setting next_dagrun for tutorial_objectstorage to None, run_after=None
[2025-06-17T05:10:34.583+0000] {processor.py:208} INFO - Processing /home/airflow/.local/lib/python3.12/site-packages/airflow/example_dags/tutorial_objectstorage.py took 0.050 seconds
[2025-06-17T05:11:05.325+0000] {processor.py:186} INFO - Started process (PID=352) to work on /home/airflow/.local/lib/python3.12/site-packages/airflow/example_dags/tutorial_objectstorage.py
[2025-06-17T05:11:05.326+0000] {processor.py:914} INFO - Processing file /home/airflow/.local/lib/python3.12/site-packages/airflow/example_dags/tutorial_objectstorage.py for tasks to queue
[2025-06-17T05:11:05.327+0000] {logging_mixin.py:190} INFO - [2025-06-17T05:11:05.326+0000] {dagbag.py:588} INFO - Filling up the DagBag from /home/airflow/.local/lib/python3.12/site-packages/airflow/example_dags/tutorial_objectstorage.py
[2025-06-17T05:11:05.337+0000] {processor.py:925} INFO - DAG(s) 'tutorial_objectstorage' retrieved from /home/airflow/.local/lib/python3.12/site-packages/airflow/example_dags/tutorial_objectstorage.py
[2025-06-17T05:11:05.352+0000] {logging_mixin.py:190} INFO - [2025-06-17T05:11:05.351+0000] {dag.py:3239} INFO - Sync 1 DAGs
[2025-06-17T05:11:05.362+0000] {logging_mixin.py:190} INFO - [2025-06-17T05:11:05.362+0000] {dag.py:4180} INFO - Setting next_dagrun for tutorial_objectstorage to None, run_after=None
[2025-06-17T05:11:05.377+0000] {processor.py:208} INFO - Processing /home/airflow/.local/lib/python3.12/site-packages/airflow/example_dags/tutorial_objectstorage.py took 0.057 seconds
[2025-06-17T05:11:36.140+0000] {processor.py:186} INFO - Started process (PID=415) to work on /home/airflow/.local/lib/python3.12/site-packages/airflow/example_dags/tutorial_objectstorage.py
[2025-06-17T05:11:36.141+0000] {processor.py:914} INFO - Processing file /home/airflow/.local/lib/python3.12/site-packages/airflow/example_dags/tutorial_objectstorage.py for tasks to queue
[2025-06-17T05:11:36.142+0000] {logging_mixin.py:190} INFO - [2025-06-17T05:11:36.142+0000] {dagbag.py:588} INFO - Filling up the DagBag from /home/airflow/.local/lib/python3.12/site-packages/airflow/example_dags/tutorial_objectstorage.py
[2025-06-17T05:11:36.151+0000] {processor.py:925} INFO - DAG(s) 'tutorial_objectstorage' retrieved from /home/airflow/.local/lib/python3.12/site-packages/airflow/example_dags/tutorial_objectstorage.py
[2025-06-17T05:11:36.167+0000] {logging_mixin.py:190} INFO - [2025-06-17T05:11:36.167+0000] {dag.py:3239} INFO - Sync 1 DAGs
[2025-06-17T05:11:36.178+0000] {logging_mixin.py:190} INFO - [2025-06-17T05:11:36.178+0000] {dag.py:4180} INFO - Setting next_dagrun for tutorial_objectstorage to None, run_after=None
[2025-06-17T05:11:36.192+0000] {processor.py:208} INFO - Processing /home/airflow/.local/lib/python3.12/site-packages/airflow/example_dags/tutorial_objectstorage.py took 0.058 seconds
[2025-06-17T05:12:07.005+0000] {processor.py:186} INFO - Started process (PID=478) to work on /home/airflow/.local/lib/python3.12/site-packages/airflow/example_dags/tutorial_objectstorage.py
[2025-06-17T05:12:07.005+0000] {processor.py:914} INFO - Processing file /home/airflow/.local/lib/python3.12/site-packages/airflow/example_dags/tutorial_objectstorage.py for tasks to queue
[2025-06-17T05:12:07.007+0000] {logging_mixin.py:190} INFO - [2025-06-17T05:12:07.006+0000] {dagbag.py:588} INFO - Filling up the DagBag from /home/airflow/.local/lib/python3.12/site-packages/airflow/example_dags/tutorial_objectstorage.py
[2025-06-17T05:12:07.017+0000] {processor.py:925} INFO - DAG(s) 'tutorial_objectstorage' retrieved from /home/airflow/.local/lib/python3.12/site-packages/airflow/example_dags/tutorial_objectstorage.py
[2025-06-17T05:12:07.035+0000] {logging_mixin.py:190} INFO - [2025-06-17T05:12:07.035+0000] {dag.py:3239} INFO - Sync 1 DAGs
[2025-06-17T05:12:07.046+0000] {logging_mixin.py:190} INFO - [2025-06-17T05:12:07.046+0000] {dag.py:4180} INFO - Setting next_dagrun for tutorial_objectstorage to None, run_after=None
[2025-06-17T05:12:07.063+0000] {processor.py:208} INFO - Processing /home/airflow/.local/lib/python3.12/site-packages/airflow/example_dags/tutorial_objectstorage.py took 0.064 seconds
[2025-06-17T05:12:37.518+0000] {processor.py:186} INFO - Started process (PID=541) to work on /home/airflow/.local/lib/python3.12/site-packages/airflow/example_dags/tutorial_objectstorage.py
[2025-06-17T05:12:37.519+0000] {processor.py:914} INFO - Processing file /home/airflow/.local/lib/python3.12/site-packages/airflow/example_dags/tutorial_objectstorage.py for tasks to queue
[2025-06-17T05:12:37.520+0000] {logging_mixin.py:190} INFO - [2025-06-17T05:12:37.519+0000] {dagbag.py:588} INFO - Filling up the DagBag from /home/airflow/.local/lib/python3.12/site-packages/airflow/example_dags/tutorial_objectstorage.py
[2025-06-17T05:12:37.527+0000] {processor.py:925} INFO - DAG(s) 'tutorial_objectstorage' retrieved from /home/airflow/.local/lib/python3.12/site-packages/airflow/example_dags/tutorial_objectstorage.py
[2025-06-17T05:12:37.540+0000] {logging_mixin.py:190} INFO - [2025-06-17T05:12:37.540+0000] {dag.py:3239} INFO - Sync 1 DAGs
[2025-06-17T05:12:37.550+0000] {logging_mixin.py:190} INFO - [2025-06-17T05:12:37.550+0000] {dag.py:4180} INFO - Setting next_dagrun for tutorial_objectstorage to None, run_after=None
[2025-06-17T05:12:37.565+0000] {processor.py:208} INFO - Processing /home/airflow/.local/lib/python3.12/site-packages/airflow/example_dags/tutorial_objectstorage.py took 0.051 seconds
[2025-06-17T05:13:08.304+0000] {processor.py:186} INFO - Started process (PID=604) to work on /home/airflow/.local/lib/python3.12/site-packages/airflow/example_dags/tutorial_objectstorage.py
[2025-06-17T05:13:08.305+0000] {processor.py:914} INFO - Processing file /home/airflow/.local/lib/python3.12/site-packages/airflow/example_dags/tutorial_objectstorage.py for tasks to queue
[2025-06-17T05:13:08.306+0000] {logging_mixin.py:190} INFO - [2025-06-17T05:13:08.306+0000] {dagbag.py:588} INFO - Filling up the DagBag from /home/airflow/.local/lib/python3.12/site-packages/airflow/example_dags/tutorial_objectstorage.py
[2025-06-17T05:13:08.316+0000] {processor.py:925} INFO - DAG(s) 'tutorial_objectstorage' retrieved from /home/airflow/.local/lib/python3.12/site-packages/airflow/example_dags/tutorial_objectstorage.py
[2025-06-17T05:13:08.329+0000] {logging_mixin.py:190} INFO - [2025-06-17T05:13:08.329+0000] {dag.py:3239} INFO - Sync 1 DAGs
[2025-06-17T05:13:08.341+0000] {logging_mixin.py:190} INFO - [2025-06-17T05:13:08.340+0000] {dag.py:4180} INFO - Setting next_dagrun for tutorial_objectstorage to None, run_after=None
[2025-06-17T05:13:08.362+0000] {processor.py:208} INFO - Processing /home/airflow/.local/lib/python3.12/site-packages/airflow/example_dags/tutorial_objectstorage.py took 0.062 seconds
[2025-06-17T05:13:38.758+0000] {processor.py:186} INFO - Started process (PID=668) to work on /home/airflow/.local/lib/python3.12/site-packages/airflow/example_dags/tutorial_objectstorage.py
[2025-06-17T05:13:38.758+0000] {processor.py:914} INFO - Processing file /home/airflow/.local/lib/python3.12/site-packages/airflow/example_dags/tutorial_objectstorage.py for tasks to queue
[2025-06-17T05:13:38.760+0000] {logging_mixin.py:190} INFO - [2025-06-17T05:13:38.759+0000] {dagbag.py:588} INFO - Filling up the DagBag from /home/airflow/.local/lib/python3.12/site-packages/airflow/example_dags/tutorial_objectstorage.py
[2025-06-17T05:13:38.770+0000] {processor.py:925} INFO - DAG(s) 'tutorial_objectstorage' retrieved from /home/airflow/.local/lib/python3.12/site-packages/airflow/example_dags/tutorial_objectstorage.py
[2025-06-17T05:13:38.784+0000] {logging_mixin.py:190} INFO - [2025-06-17T05:13:38.784+0000] {dag.py:3239} INFO - Sync 1 DAGs
[2025-06-17T05:13:38.795+0000] {logging_mixin.py:190} INFO - [2025-06-17T05:13:38.795+0000] {dag.py:4180} INFO - Setting next_dagrun for tutorial_objectstorage to None, run_after=None
[2025-06-17T05:13:38.809+0000] {processor.py:208} INFO - Processing /home/airflow/.local/lib/python3.12/site-packages/airflow/example_dags/tutorial_objectstorage.py took 0.056 seconds
[2025-06-17T05:14:09.595+0000] {processor.py:186} INFO - Started process (PID=731) to work on /home/airflow/.local/lib/python3.12/site-packages/airflow/example_dags/tutorial_objectstorage.py
[2025-06-17T05:14:09.595+0000] {processor.py:914} INFO - Processing file /home/airflow/.local/lib/python3.12/site-packages/airflow/example_dags/tutorial_objectstorage.py for tasks to queue
[2025-06-17T05:14:09.596+0000] {logging_mixin.py:190} INFO - [2025-06-17T05:14:09.596+0000] {dagbag.py:588} INFO - Filling up the DagBag from /home/airflow/.local/lib/python3.12/site-packages/airflow/example_dags/tutorial_objectstorage.py
[2025-06-17T05:14:09.604+0000] {processor.py:925} INFO - DAG(s) 'tutorial_objectstorage' retrieved from /home/airflow/.local/lib/python3.12/site-packages/airflow/example_dags/tutorial_objectstorage.py
[2025-06-17T05:14:09.617+0000] {logging_mixin.py:190} INFO - [2025-06-17T05:14:09.617+0000] {dag.py:3239} INFO - Sync 1 DAGs
[2025-06-17T05:14:09.628+0000] {logging_mixin.py:190} INFO - [2025-06-17T05:14:09.628+0000] {dag.py:4180} INFO - Setting next_dagrun for tutorial_objectstorage to None, run_after=None
[2025-06-17T05:14:09.644+0000] {processor.py:208} INFO - Processing /home/airflow/.local/lib/python3.12/site-packages/airflow/example_dags/tutorial_objectstorage.py took 0.053 seconds
[2025-06-17T05:17:49.719+0000] {processor.py:186} INFO - Started process (PID=102) to work on /home/airflow/.local/lib/python3.12/site-packages/airflow/example_dags/tutorial_objectstorage.py
[2025-06-17T05:17:49.720+0000] {processor.py:914} INFO - Processing file /home/airflow/.local/lib/python3.12/site-packages/airflow/example_dags/tutorial_objectstorage.py for tasks to queue
[2025-06-17T05:17:49.721+0000] {logging_mixin.py:190} INFO - [2025-06-17T05:17:49.721+0000] {dagbag.py:588} INFO - Filling up the DagBag from /home/airflow/.local/lib/python3.12/site-packages/airflow/example_dags/tutorial_objectstorage.py
[2025-06-17T05:17:49.729+0000] {processor.py:925} INFO - DAG(s) 'tutorial_objectstorage' retrieved from /home/airflow/.local/lib/python3.12/site-packages/airflow/example_dags/tutorial_objectstorage.py
[2025-06-17T05:17:49.806+0000] {logging_mixin.py:190} INFO - [2025-06-17T05:17:49.805+0000] {override.py:1912} INFO - Created Permission View: can read on DAG:tutorial_objectstorage
[2025-06-17T05:17:49.815+0000] {logging_mixin.py:190} INFO - [2025-06-17T05:17:49.814+0000] {override.py:1912} INFO - Created Permission View: can delete on DAG:tutorial_objectstorage
[2025-06-17T05:17:49.820+0000] {logging_mixin.py:190} INFO - [2025-06-17T05:17:49.820+0000] {override.py:1912} INFO - Created Permission View: can edit on DAG:tutorial_objectstorage
[2025-06-17T05:17:49.828+0000] {logging_mixin.py:190} INFO - [2025-06-17T05:17:49.828+0000] {override.py:1912} INFO - Created Permission View: can read on DAG Run:tutorial_objectstorage
[2025-06-17T05:17:49.834+0000] {logging_mixin.py:190} INFO - [2025-06-17T05:17:49.834+0000] {override.py:1912} INFO - Created Permission View: can delete on DAG Run:tutorial_objectstorage
[2025-06-17T05:17:49.840+0000] {logging_mixin.py:190} INFO - [2025-06-17T05:17:49.840+0000] {override.py:1912} INFO - Created Permission View: menu access on DAG Run:tutorial_objectstorage
[2025-06-17T05:17:49.846+0000] {logging_mixin.py:190} INFO - [2025-06-17T05:17:49.846+0000] {override.py:1912} INFO - Created Permission View: can create on DAG Run:tutorial_objectstorage
[2025-06-17T05:17:49.846+0000] {logging_mixin.py:190} INFO - [2025-06-17T05:17:49.846+0000] {dag.py:3239} INFO - Sync 1 DAGs
[2025-06-17T05:17:49.857+0000] {logging_mixin.py:190} INFO - [2025-06-17T05:17:49.857+0000] {dag.py:3262} INFO - Creating ORM DAG for tutorial_objectstorage
[2025-06-17T05:17:49.858+0000] {logging_mixin.py:190} INFO - [2025-06-17T05:17:49.857+0000] {dag.py:4180} INFO - Setting next_dagrun for tutorial_objectstorage to None, run_after=None
[2025-06-17T05:17:49.873+0000] {processor.py:208} INFO - Processing /home/airflow/.local/lib/python3.12/site-packages/airflow/example_dags/tutorial_objectstorage.py took 0.158 seconds
[2025-06-17T05:19:16.817+0000] {processor.py:186} INFO - Started process (PID=102) to work on /home/airflow/.local/lib/python3.12/site-packages/airflow/example_dags/tutorial_objectstorage.py
[2025-06-17T05:19:16.818+0000] {processor.py:914} INFO - Processing file /home/airflow/.local/lib/python3.12/site-packages/airflow/example_dags/tutorial_objectstorage.py for tasks to queue
[2025-06-17T05:19:16.819+0000] {logging_mixin.py:190} INFO - [2025-06-17T05:19:16.818+0000] {dagbag.py:588} INFO - Filling up the DagBag from /home/airflow/.local/lib/python3.12/site-packages/airflow/example_dags/tutorial_objectstorage.py
[2025-06-17T05:19:16.827+0000] {processor.py:925} INFO - DAG(s) 'tutorial_objectstorage' retrieved from /home/airflow/.local/lib/python3.12/site-packages/airflow/example_dags/tutorial_objectstorage.py
[2025-06-17T05:19:16.842+0000] {logging_mixin.py:190} INFO - [2025-06-17T05:19:16.842+0000] {dag.py:3239} INFO - Sync 1 DAGs
[2025-06-17T05:19:16.854+0000] {logging_mixin.py:190} INFO - [2025-06-17T05:19:16.854+0000] {dag.py:4180} INFO - Setting next_dagrun for tutorial_objectstorage to None, run_after=None
[2025-06-17T05:19:16.869+0000] {processor.py:208} INFO - Processing /home/airflow/.local/lib/python3.12/site-packages/airflow/example_dags/tutorial_objectstorage.py took 0.056 seconds
[2025-06-17T05:19:47.591+0000] {processor.py:186} INFO - Started process (PID=165) to work on /home/airflow/.local/lib/python3.12/site-packages/airflow/example_dags/tutorial_objectstorage.py
[2025-06-17T05:19:47.592+0000] {processor.py:914} INFO - Processing file /home/airflow/.local/lib/python3.12/site-packages/airflow/example_dags/tutorial_objectstorage.py for tasks to queue
[2025-06-17T05:19:47.593+0000] {logging_mixin.py:190} INFO - [2025-06-17T05:19:47.593+0000] {dagbag.py:588} INFO - Filling up the DagBag from /home/airflow/.local/lib/python3.12/site-packages/airflow/example_dags/tutorial_objectstorage.py
[2025-06-17T05:19:47.602+0000] {processor.py:925} INFO - DAG(s) 'tutorial_objectstorage' retrieved from /home/airflow/.local/lib/python3.12/site-packages/airflow/example_dags/tutorial_objectstorage.py
[2025-06-17T05:19:47.617+0000] {logging_mixin.py:190} INFO - [2025-06-17T05:19:47.617+0000] {dag.py:3239} INFO - Sync 1 DAGs
[2025-06-17T05:19:47.631+0000] {logging_mixin.py:190} INFO - [2025-06-17T05:19:47.631+0000] {dag.py:4180} INFO - Setting next_dagrun for tutorial_objectstorage to None, run_after=None
[2025-06-17T05:19:47.653+0000] {processor.py:208} INFO - Processing /home/airflow/.local/lib/python3.12/site-packages/airflow/example_dags/tutorial_objectstorage.py took 0.066 seconds
[2025-06-17T05:21:35.646+0000] {processor.py:186} INFO - Started process (PID=102) to work on /home/airflow/.local/lib/python3.12/site-packages/airflow/example_dags/tutorial_objectstorage.py
[2025-06-17T05:21:35.647+0000] {processor.py:914} INFO - Processing file /home/airflow/.local/lib/python3.12/site-packages/airflow/example_dags/tutorial_objectstorage.py for tasks to queue
[2025-06-17T05:21:35.648+0000] {logging_mixin.py:190} INFO - [2025-06-17T05:21:35.648+0000] {dagbag.py:588} INFO - Filling up the DagBag from /home/airflow/.local/lib/python3.12/site-packages/airflow/example_dags/tutorial_objectstorage.py
[2025-06-17T05:21:35.656+0000] {processor.py:925} INFO - DAG(s) 'tutorial_objectstorage' retrieved from /home/airflow/.local/lib/python3.12/site-packages/airflow/example_dags/tutorial_objectstorage.py
[2025-06-17T05:21:35.672+0000] {logging_mixin.py:190} INFO - [2025-06-17T05:21:35.672+0000] {dag.py:3239} INFO - Sync 1 DAGs
[2025-06-17T05:21:35.686+0000] {logging_mixin.py:190} INFO - [2025-06-17T05:21:35.686+0000] {dag.py:4180} INFO - Setting next_dagrun for tutorial_objectstorage to None, run_after=None
[2025-06-17T05:21:35.702+0000] {processor.py:208} INFO - Processing /home/airflow/.local/lib/python3.12/site-packages/airflow/example_dags/tutorial_objectstorage.py took 0.060 seconds
[2025-06-17T05:22:06.540+0000] {processor.py:186} INFO - Started process (PID=165) to work on /home/airflow/.local/lib/python3.12/site-packages/airflow/example_dags/tutorial_objectstorage.py
[2025-06-17T05:22:06.540+0000] {processor.py:914} INFO - Processing file /home/airflow/.local/lib/python3.12/site-packages/airflow/example_dags/tutorial_objectstorage.py for tasks to queue
[2025-06-17T05:22:06.541+0000] {logging_mixin.py:190} INFO - [2025-06-17T05:22:06.541+0000] {dagbag.py:588} INFO - Filling up the DagBag from /home/airflow/.local/lib/python3.12/site-packages/airflow/example_dags/tutorial_objectstorage.py
[2025-06-17T05:22:06.549+0000] {processor.py:925} INFO - DAG(s) 'tutorial_objectstorage' retrieved from /home/airflow/.local/lib/python3.12/site-packages/airflow/example_dags/tutorial_objectstorage.py
[2025-06-17T05:22:06.562+0000] {logging_mixin.py:190} INFO - [2025-06-17T05:22:06.562+0000] {dag.py:3239} INFO - Sync 1 DAGs
[2025-06-17T05:22:06.574+0000] {logging_mixin.py:190} INFO - [2025-06-17T05:22:06.573+0000] {dag.py:4180} INFO - Setting next_dagrun for tutorial_objectstorage to None, run_after=None
[2025-06-17T05:22:06.588+0000] {processor.py:208} INFO - Processing /home/airflow/.local/lib/python3.12/site-packages/airflow/example_dags/tutorial_objectstorage.py took 0.053 seconds
[2025-06-17T05:22:37.399+0000] {processor.py:186} INFO - Started process (PID=228) to work on /home/airflow/.local/lib/python3.12/site-packages/airflow/example_dags/tutorial_objectstorage.py
[2025-06-17T05:22:37.400+0000] {processor.py:914} INFO - Processing file /home/airflow/.local/lib/python3.12/site-packages/airflow/example_dags/tutorial_objectstorage.py for tasks to queue
[2025-06-17T05:22:37.401+0000] {logging_mixin.py:190} INFO - [2025-06-17T05:22:37.401+0000] {dagbag.py:588} INFO - Filling up the DagBag from /home/airflow/.local/lib/python3.12/site-packages/airflow/example_dags/tutorial_objectstorage.py
[2025-06-17T05:22:37.410+0000] {processor.py:925} INFO - DAG(s) 'tutorial_objectstorage' retrieved from /home/airflow/.local/lib/python3.12/site-packages/airflow/example_dags/tutorial_objectstorage.py
[2025-06-17T05:22:37.428+0000] {logging_mixin.py:190} INFO - [2025-06-17T05:22:37.428+0000] {dag.py:3239} INFO - Sync 1 DAGs
[2025-06-17T05:22:37.441+0000] {logging_mixin.py:190} INFO - [2025-06-17T05:22:37.441+0000] {dag.py:4180} INFO - Setting next_dagrun for tutorial_objectstorage to None, run_after=None
[2025-06-17T05:22:37.459+0000] {processor.py:208} INFO - Processing /home/airflow/.local/lib/python3.12/site-packages/airflow/example_dags/tutorial_objectstorage.py took 0.065 seconds
[2025-06-17T05:23:08.224+0000] {processor.py:186} INFO - Started process (PID=291) to work on /home/airflow/.local/lib/python3.12/site-packages/airflow/example_dags/tutorial_objectstorage.py
[2025-06-17T05:23:08.224+0000] {processor.py:914} INFO - Processing file /home/airflow/.local/lib/python3.12/site-packages/airflow/example_dags/tutorial_objectstorage.py for tasks to queue
[2025-06-17T05:23:08.225+0000] {logging_mixin.py:190} INFO - [2025-06-17T05:23:08.225+0000] {dagbag.py:588} INFO - Filling up the DagBag from /home/airflow/.local/lib/python3.12/site-packages/airflow/example_dags/tutorial_objectstorage.py
[2025-06-17T05:23:08.233+0000] {processor.py:925} INFO - DAG(s) 'tutorial_objectstorage' retrieved from /home/airflow/.local/lib/python3.12/site-packages/airflow/example_dags/tutorial_objectstorage.py
[2025-06-17T05:23:08.247+0000] {logging_mixin.py:190} INFO - [2025-06-17T05:23:08.247+0000] {dag.py:3239} INFO - Sync 1 DAGs
[2025-06-17T05:23:08.258+0000] {logging_mixin.py:190} INFO - [2025-06-17T05:23:08.258+0000] {dag.py:4180} INFO - Setting next_dagrun for tutorial_objectstorage to None, run_after=None
[2025-06-17T05:23:08.273+0000] {processor.py:208} INFO - Processing /home/airflow/.local/lib/python3.12/site-packages/airflow/example_dags/tutorial_objectstorage.py took 0.054 seconds
[2025-06-17T05:23:39.467+0000] {processor.py:186} INFO - Started process (PID=354) to work on /home/airflow/.local/lib/python3.12/site-packages/airflow/example_dags/tutorial_objectstorage.py
[2025-06-17T05:23:39.467+0000] {processor.py:914} INFO - Processing file /home/airflow/.local/lib/python3.12/site-packages/airflow/example_dags/tutorial_objectstorage.py for tasks to queue
[2025-06-17T05:23:39.468+0000] {logging_mixin.py:190} INFO - [2025-06-17T05:23:39.468+0000] {dagbag.py:588} INFO - Filling up the DagBag from /home/airflow/.local/lib/python3.12/site-packages/airflow/example_dags/tutorial_objectstorage.py
[2025-06-17T05:23:39.477+0000] {processor.py:925} INFO - DAG(s) 'tutorial_objectstorage' retrieved from /home/airflow/.local/lib/python3.12/site-packages/airflow/example_dags/tutorial_objectstorage.py
[2025-06-17T05:23:39.492+0000] {logging_mixin.py:190} INFO - [2025-06-17T05:23:39.492+0000] {dag.py:3239} INFO - Sync 1 DAGs
[2025-06-17T05:23:39.504+0000] {logging_mixin.py:190} INFO - [2025-06-17T05:23:39.504+0000] {dag.py:4180} INFO - Setting next_dagrun for tutorial_objectstorage to None, run_after=None
[2025-06-17T05:23:39.520+0000] {processor.py:208} INFO - Processing /home/airflow/.local/lib/python3.12/site-packages/airflow/example_dags/tutorial_objectstorage.py took 0.058 seconds
