[2025-06-16T13:59:26.449+0000] {processor.py:186} INFO - Started process (PID=87) to work on /home/airflow/.local/lib/python3.12/site-packages/airflow/example_dags/example_latest_only.py
[2025-06-16T13:59:26.451+0000] {processor.py:914} INFO - Processing file /home/airflow/.local/lib/python3.12/site-packages/airflow/example_dags/example_latest_only.py for tasks to queue
[2025-06-16T13:59:26.455+0000] {logging_mixin.py:190} INFO - [2025-06-16T13:59:26.455+0000] {dagbag.py:588} INFO - Filling up the DagBag from /home/airflow/.local/lib/python3.12/site-packages/airflow/example_dags/example_latest_only.py
[2025-06-16T13:59:26.463+0000] {processor.py:925} INFO - DAG(s) 'latest_only' retrieved from /home/airflow/.local/lib/python3.12/site-packages/airflow/example_dags/example_latest_only.py
[2025-06-16T13:59:26.551+0000] {logging_mixin.py:190} INFO - [2025-06-16T13:59:26.551+0000] {override.py:1912} INFO - Created Permission View: can delete on DAG:latest_only
[2025-06-16T13:59:26.561+0000] {logging_mixin.py:190} INFO - [2025-06-16T13:59:26.561+0000] {override.py:1912} INFO - Created Permission View: can read on DAG:latest_only
[2025-06-16T13:59:26.569+0000] {logging_mixin.py:190} INFO - [2025-06-16T13:59:26.569+0000] {override.py:1912} INFO - Created Permission View: can edit on DAG:latest_only
[2025-06-16T13:59:26.578+0000] {logging_mixin.py:190} INFO - [2025-06-16T13:59:26.578+0000] {override.py:1912} INFO - Created Permission View: can delete on DAG Run:latest_only
[2025-06-16T13:59:26.592+0000] {logging_mixin.py:190} INFO - [2025-06-16T13:59:26.591+0000] {override.py:1912} INFO - Created Permission View: can create on DAG Run:latest_only
[2025-06-16T13:59:26.607+0000] {logging_mixin.py:190} INFO - [2025-06-16T13:59:26.607+0000] {override.py:1912} INFO - Created Permission View: can read on DAG Run:latest_only
[2025-06-16T13:59:26.618+0000] {logging_mixin.py:190} INFO - [2025-06-16T13:59:26.617+0000] {override.py:1912} INFO - Created Permission View: menu access on DAG Run:latest_only
[2025-06-16T13:59:26.621+0000] {logging_mixin.py:190} INFO - [2025-06-16T13:59:26.621+0000] {dag.py:3239} INFO - Sync 1 DAGs
[2025-06-16T13:59:26.639+0000] {logging_mixin.py:190} INFO - [2025-06-16T13:59:26.639+0000] {dag.py:3262} INFO - Creating ORM DAG for latest_only
[2025-06-16T13:59:26.651+0000] {logging_mixin.py:190} INFO - [2025-06-16T13:59:26.650+0000] {dag.py:4180} INFO - Setting next_dagrun for latest_only to 2025-06-16 08:00:00+00:00, run_after=2025-06-16 12:00:00+00:00
[2025-06-16T13:59:26.675+0000] {processor.py:208} INFO - Processing /home/airflow/.local/lib/python3.12/site-packages/airflow/example_dags/example_latest_only.py took 0.230 seconds
[2025-06-16T13:59:57.228+0000] {processor.py:186} INFO - Started process (PID=150) to work on /home/airflow/.local/lib/python3.12/site-packages/airflow/example_dags/example_latest_only.py
[2025-06-16T13:59:57.231+0000] {processor.py:914} INFO - Processing file /home/airflow/.local/lib/python3.12/site-packages/airflow/example_dags/example_latest_only.py for tasks to queue
[2025-06-16T13:59:57.233+0000] {logging_mixin.py:190} INFO - [2025-06-16T13:59:57.233+0000] {dagbag.py:588} INFO - Filling up the DagBag from /home/airflow/.local/lib/python3.12/site-packages/airflow/example_dags/example_latest_only.py
[2025-06-16T13:59:57.237+0000] {processor.py:925} INFO - DAG(s) 'latest_only' retrieved from /home/airflow/.local/lib/python3.12/site-packages/airflow/example_dags/example_latest_only.py
[2025-06-16T13:59:57.254+0000] {logging_mixin.py:190} INFO - [2025-06-16T13:59:57.254+0000] {dag.py:3239} INFO - Sync 1 DAGs
[2025-06-16T13:59:57.270+0000] {logging_mixin.py:190} INFO - [2025-06-16T13:59:57.270+0000] {dag.py:4180} INFO - Setting next_dagrun for latest_only to 2025-06-16 08:00:00+00:00, run_after=2025-06-16 12:00:00+00:00
[2025-06-16T13:59:57.288+0000] {processor.py:208} INFO - Processing /home/airflow/.local/lib/python3.12/site-packages/airflow/example_dags/example_latest_only.py took 0.064 seconds
[2025-06-16T14:00:27.333+0000] {processor.py:186} INFO - Started process (PID=213) to work on /home/airflow/.local/lib/python3.12/site-packages/airflow/example_dags/example_latest_only.py
[2025-06-16T14:00:27.336+0000] {processor.py:914} INFO - Processing file /home/airflow/.local/lib/python3.12/site-packages/airflow/example_dags/example_latest_only.py for tasks to queue
[2025-06-16T14:00:27.338+0000] {logging_mixin.py:190} INFO - [2025-06-16T14:00:27.338+0000] {dagbag.py:588} INFO - Filling up the DagBag from /home/airflow/.local/lib/python3.12/site-packages/airflow/example_dags/example_latest_only.py
[2025-06-16T14:00:27.344+0000] {processor.py:925} INFO - DAG(s) 'latest_only' retrieved from /home/airflow/.local/lib/python3.12/site-packages/airflow/example_dags/example_latest_only.py
[2025-06-16T14:00:27.359+0000] {logging_mixin.py:190} INFO - [2025-06-16T14:00:27.359+0000] {dag.py:3239} INFO - Sync 1 DAGs
[2025-06-16T14:00:27.373+0000] {logging_mixin.py:190} INFO - [2025-06-16T14:00:27.373+0000] {dag.py:4180} INFO - Setting next_dagrun for latest_only to 2025-06-16 08:00:00+00:00, run_after=2025-06-16 12:00:00+00:00
[2025-06-16T14:00:27.387+0000] {processor.py:208} INFO - Processing /home/airflow/.local/lib/python3.12/site-packages/airflow/example_dags/example_latest_only.py took 0.057 seconds
[2025-06-16T14:00:58.297+0000] {processor.py:186} INFO - Started process (PID=275) to work on /home/airflow/.local/lib/python3.12/site-packages/airflow/example_dags/example_latest_only.py
[2025-06-16T14:00:58.298+0000] {processor.py:914} INFO - Processing file /home/airflow/.local/lib/python3.12/site-packages/airflow/example_dags/example_latest_only.py for tasks to queue
[2025-06-16T14:00:58.301+0000] {logging_mixin.py:190} INFO - [2025-06-16T14:00:58.301+0000] {dagbag.py:588} INFO - Filling up the DagBag from /home/airflow/.local/lib/python3.12/site-packages/airflow/example_dags/example_latest_only.py
[2025-06-16T14:00:58.308+0000] {processor.py:925} INFO - DAG(s) 'latest_only' retrieved from /home/airflow/.local/lib/python3.12/site-packages/airflow/example_dags/example_latest_only.py
[2025-06-16T14:00:58.325+0000] {logging_mixin.py:190} INFO - [2025-06-16T14:00:58.324+0000] {dag.py:3239} INFO - Sync 1 DAGs
[2025-06-16T14:00:58.340+0000] {logging_mixin.py:190} INFO - [2025-06-16T14:00:58.340+0000] {dag.py:4180} INFO - Setting next_dagrun for latest_only to 2025-06-16 08:00:00+00:00, run_after=2025-06-16 12:00:00+00:00
[2025-06-16T14:00:58.352+0000] {processor.py:208} INFO - Processing /home/airflow/.local/lib/python3.12/site-packages/airflow/example_dags/example_latest_only.py took 0.059 seconds
[2025-06-16T14:01:28.588+0000] {processor.py:186} INFO - Started process (PID=337) to work on /home/airflow/.local/lib/python3.12/site-packages/airflow/example_dags/example_latest_only.py
[2025-06-16T14:01:28.590+0000] {processor.py:914} INFO - Processing file /home/airflow/.local/lib/python3.12/site-packages/airflow/example_dags/example_latest_only.py for tasks to queue
[2025-06-16T14:01:28.592+0000] {logging_mixin.py:190} INFO - [2025-06-16T14:01:28.592+0000] {dagbag.py:588} INFO - Filling up the DagBag from /home/airflow/.local/lib/python3.12/site-packages/airflow/example_dags/example_latest_only.py
[2025-06-16T14:01:28.597+0000] {processor.py:925} INFO - DAG(s) 'latest_only' retrieved from /home/airflow/.local/lib/python3.12/site-packages/airflow/example_dags/example_latest_only.py
[2025-06-16T14:01:28.614+0000] {logging_mixin.py:190} INFO - [2025-06-16T14:01:28.614+0000] {dag.py:3239} INFO - Sync 1 DAGs
[2025-06-16T14:01:28.627+0000] {logging_mixin.py:190} INFO - [2025-06-16T14:01:28.627+0000] {dag.py:4180} INFO - Setting next_dagrun for latest_only to 2025-06-16 08:00:00+00:00, run_after=2025-06-16 12:00:00+00:00
[2025-06-16T14:01:28.640+0000] {processor.py:208} INFO - Processing /home/airflow/.local/lib/python3.12/site-packages/airflow/example_dags/example_latest_only.py took 0.055 seconds
[2025-06-16T14:01:59.256+0000] {processor.py:186} INFO - Started process (PID=400) to work on /home/airflow/.local/lib/python3.12/site-packages/airflow/example_dags/example_latest_only.py
[2025-06-16T14:01:59.258+0000] {processor.py:914} INFO - Processing file /home/airflow/.local/lib/python3.12/site-packages/airflow/example_dags/example_latest_only.py for tasks to queue
[2025-06-16T14:01:59.262+0000] {logging_mixin.py:190} INFO - [2025-06-16T14:01:59.262+0000] {dagbag.py:588} INFO - Filling up the DagBag from /home/airflow/.local/lib/python3.12/site-packages/airflow/example_dags/example_latest_only.py
[2025-06-16T14:01:59.268+0000] {processor.py:925} INFO - DAG(s) 'latest_only' retrieved from /home/airflow/.local/lib/python3.12/site-packages/airflow/example_dags/example_latest_only.py
[2025-06-16T14:01:59.284+0000] {logging_mixin.py:190} INFO - [2025-06-16T14:01:59.283+0000] {dag.py:3239} INFO - Sync 1 DAGs
[2025-06-16T14:01:59.304+0000] {logging_mixin.py:190} INFO - [2025-06-16T14:01:59.304+0000] {dag.py:4180} INFO - Setting next_dagrun for latest_only to 2025-06-16 08:00:00+00:00, run_after=2025-06-16 12:00:00+00:00
[2025-06-16T14:01:59.316+0000] {processor.py:208} INFO - Processing /home/airflow/.local/lib/python3.12/site-packages/airflow/example_dags/example_latest_only.py took 0.063 seconds
[2025-06-16T14:02:29.697+0000] {processor.py:186} INFO - Started process (PID=462) to work on /home/airflow/.local/lib/python3.12/site-packages/airflow/example_dags/example_latest_only.py
[2025-06-16T14:02:29.699+0000] {processor.py:914} INFO - Processing file /home/airflow/.local/lib/python3.12/site-packages/airflow/example_dags/example_latest_only.py for tasks to queue
[2025-06-16T14:02:29.700+0000] {logging_mixin.py:190} INFO - [2025-06-16T14:02:29.700+0000] {dagbag.py:588} INFO - Filling up the DagBag from /home/airflow/.local/lib/python3.12/site-packages/airflow/example_dags/example_latest_only.py
[2025-06-16T14:02:29.704+0000] {processor.py:925} INFO - DAG(s) 'latest_only' retrieved from /home/airflow/.local/lib/python3.12/site-packages/airflow/example_dags/example_latest_only.py
[2025-06-16T14:02:29.715+0000] {logging_mixin.py:190} INFO - [2025-06-16T14:02:29.715+0000] {dag.py:3239} INFO - Sync 1 DAGs
[2025-06-16T14:02:29.726+0000] {logging_mixin.py:190} INFO - [2025-06-16T14:02:29.726+0000] {dag.py:4180} INFO - Setting next_dagrun for latest_only to 2025-06-16 08:00:00+00:00, run_after=2025-06-16 12:00:00+00:00
[2025-06-16T14:02:29.735+0000] {processor.py:208} INFO - Processing /home/airflow/.local/lib/python3.12/site-packages/airflow/example_dags/example_latest_only.py took 0.040 seconds
[2025-06-16T14:03:00.760+0000] {processor.py:186} INFO - Started process (PID=525) to work on /home/airflow/.local/lib/python3.12/site-packages/airflow/example_dags/example_latest_only.py
[2025-06-16T14:03:00.761+0000] {processor.py:914} INFO - Processing file /home/airflow/.local/lib/python3.12/site-packages/airflow/example_dags/example_latest_only.py for tasks to queue
[2025-06-16T14:03:00.762+0000] {logging_mixin.py:190} INFO - [2025-06-16T14:03:00.762+0000] {dagbag.py:588} INFO - Filling up the DagBag from /home/airflow/.local/lib/python3.12/site-packages/airflow/example_dags/example_latest_only.py
[2025-06-16T14:03:00.766+0000] {processor.py:925} INFO - DAG(s) 'latest_only' retrieved from /home/airflow/.local/lib/python3.12/site-packages/airflow/example_dags/example_latest_only.py
[2025-06-16T14:03:00.777+0000] {logging_mixin.py:190} INFO - [2025-06-16T14:03:00.776+0000] {dag.py:3239} INFO - Sync 1 DAGs
[2025-06-16T14:03:00.789+0000] {logging_mixin.py:190} INFO - [2025-06-16T14:03:00.788+0000] {dag.py:4180} INFO - Setting next_dagrun for latest_only to 2025-06-16 08:00:00+00:00, run_after=2025-06-16 12:00:00+00:00
[2025-06-16T14:03:00.798+0000] {processor.py:208} INFO - Processing /home/airflow/.local/lib/python3.12/site-packages/airflow/example_dags/example_latest_only.py took 0.041 seconds
[2025-06-16T14:05:30.505+0000] {processor.py:186} INFO - Started process (PID=550) to work on /home/airflow/.local/lib/python3.12/site-packages/airflow/example_dags/example_latest_only.py
[2025-06-16T14:05:30.506+0000] {processor.py:914} INFO - Processing file /home/airflow/.local/lib/python3.12/site-packages/airflow/example_dags/example_latest_only.py for tasks to queue
[2025-06-16T14:05:30.508+0000] {logging_mixin.py:190} INFO - [2025-06-16T14:05:30.508+0000] {dagbag.py:588} INFO - Filling up the DagBag from /home/airflow/.local/lib/python3.12/site-packages/airflow/example_dags/example_latest_only.py
[2025-06-16T14:05:30.515+0000] {processor.py:925} INFO - DAG(s) 'latest_only' retrieved from /home/airflow/.local/lib/python3.12/site-packages/airflow/example_dags/example_latest_only.py
[2025-06-16T14:05:30.533+0000] {logging_mixin.py:190} INFO - [2025-06-16T14:05:30.533+0000] {dag.py:3239} INFO - Sync 1 DAGs
[2025-06-16T14:05:30.548+0000] {logging_mixin.py:190} INFO - [2025-06-16T14:05:30.548+0000] {dag.py:4180} INFO - Setting next_dagrun for latest_only to 2025-06-16 08:00:00+00:00, run_after=2025-06-16 12:00:00+00:00
[2025-06-16T14:05:30.562+0000] {processor.py:208} INFO - Processing /home/airflow/.local/lib/python3.12/site-packages/airflow/example_dags/example_latest_only.py took 0.061 seconds
[2025-06-16T14:06:01.356+0000] {processor.py:186} INFO - Started process (PID=613) to work on /home/airflow/.local/lib/python3.12/site-packages/airflow/example_dags/example_latest_only.py
[2025-06-16T14:06:01.357+0000] {processor.py:914} INFO - Processing file /home/airflow/.local/lib/python3.12/site-packages/airflow/example_dags/example_latest_only.py for tasks to queue
[2025-06-16T14:06:01.361+0000] {logging_mixin.py:190} INFO - [2025-06-16T14:06:01.361+0000] {dagbag.py:588} INFO - Filling up the DagBag from /home/airflow/.local/lib/python3.12/site-packages/airflow/example_dags/example_latest_only.py
[2025-06-16T14:06:01.368+0000] {processor.py:925} INFO - DAG(s) 'latest_only' retrieved from /home/airflow/.local/lib/python3.12/site-packages/airflow/example_dags/example_latest_only.py
[2025-06-16T14:06:01.384+0000] {logging_mixin.py:190} INFO - [2025-06-16T14:06:01.384+0000] {dag.py:3239} INFO - Sync 1 DAGs
[2025-06-16T14:06:01.396+0000] {logging_mixin.py:190} INFO - [2025-06-16T14:06:01.396+0000] {dag.py:4180} INFO - Setting next_dagrun for latest_only to 2025-06-16 08:00:00+00:00, run_after=2025-06-16 12:00:00+00:00
[2025-06-16T14:06:01.407+0000] {processor.py:208} INFO - Processing /home/airflow/.local/lib/python3.12/site-packages/airflow/example_dags/example_latest_only.py took 0.055 seconds
[2025-06-16T14:06:32.126+0000] {processor.py:186} INFO - Started process (PID=676) to work on /home/airflow/.local/lib/python3.12/site-packages/airflow/example_dags/example_latest_only.py
[2025-06-16T14:06:32.129+0000] {processor.py:914} INFO - Processing file /home/airflow/.local/lib/python3.12/site-packages/airflow/example_dags/example_latest_only.py for tasks to queue
[2025-06-16T14:06:32.131+0000] {logging_mixin.py:190} INFO - [2025-06-16T14:06:32.131+0000] {dagbag.py:588} INFO - Filling up the DagBag from /home/airflow/.local/lib/python3.12/site-packages/airflow/example_dags/example_latest_only.py
[2025-06-16T14:06:32.136+0000] {processor.py:925} INFO - DAG(s) 'latest_only' retrieved from /home/airflow/.local/lib/python3.12/site-packages/airflow/example_dags/example_latest_only.py
[2025-06-16T14:06:32.151+0000] {logging_mixin.py:190} INFO - [2025-06-16T14:06:32.151+0000] {dag.py:3239} INFO - Sync 1 DAGs
[2025-06-16T14:06:32.165+0000] {logging_mixin.py:190} INFO - [2025-06-16T14:06:32.165+0000] {dag.py:4180} INFO - Setting next_dagrun for latest_only to 2025-06-16 08:00:00+00:00, run_after=2025-06-16 12:00:00+00:00
[2025-06-16T14:06:32.176+0000] {processor.py:208} INFO - Processing /home/airflow/.local/lib/python3.12/site-packages/airflow/example_dags/example_latest_only.py took 0.054 seconds
[2025-06-16T14:07:03.159+0000] {processor.py:186} INFO - Started process (PID=739) to work on /home/airflow/.local/lib/python3.12/site-packages/airflow/example_dags/example_latest_only.py
[2025-06-16T14:07:03.160+0000] {processor.py:914} INFO - Processing file /home/airflow/.local/lib/python3.12/site-packages/airflow/example_dags/example_latest_only.py for tasks to queue
[2025-06-16T14:07:03.162+0000] {logging_mixin.py:190} INFO - [2025-06-16T14:07:03.162+0000] {dagbag.py:588} INFO - Filling up the DagBag from /home/airflow/.local/lib/python3.12/site-packages/airflow/example_dags/example_latest_only.py
[2025-06-16T14:07:03.169+0000] {processor.py:925} INFO - DAG(s) 'latest_only' retrieved from /home/airflow/.local/lib/python3.12/site-packages/airflow/example_dags/example_latest_only.py
[2025-06-16T14:07:03.187+0000] {logging_mixin.py:190} INFO - [2025-06-16T14:07:03.187+0000] {dag.py:3239} INFO - Sync 1 DAGs
[2025-06-16T14:07:03.202+0000] {logging_mixin.py:190} INFO - [2025-06-16T14:07:03.202+0000] {dag.py:4180} INFO - Setting next_dagrun for latest_only to 2025-06-16 08:00:00+00:00, run_after=2025-06-16 12:00:00+00:00
[2025-06-16T14:07:03.217+0000] {processor.py:208} INFO - Processing /home/airflow/.local/lib/python3.12/site-packages/airflow/example_dags/example_latest_only.py took 0.061 seconds
[2025-06-16T14:07:33.912+0000] {processor.py:186} INFO - Started process (PID=801) to work on /home/airflow/.local/lib/python3.12/site-packages/airflow/example_dags/example_latest_only.py
[2025-06-16T14:07:33.915+0000] {processor.py:914} INFO - Processing file /home/airflow/.local/lib/python3.12/site-packages/airflow/example_dags/example_latest_only.py for tasks to queue
[2025-06-16T14:07:33.917+0000] {logging_mixin.py:190} INFO - [2025-06-16T14:07:33.917+0000] {dagbag.py:588} INFO - Filling up the DagBag from /home/airflow/.local/lib/python3.12/site-packages/airflow/example_dags/example_latest_only.py
[2025-06-16T14:07:33.924+0000] {processor.py:925} INFO - DAG(s) 'latest_only' retrieved from /home/airflow/.local/lib/python3.12/site-packages/airflow/example_dags/example_latest_only.py
[2025-06-16T14:07:33.953+0000] {logging_mixin.py:190} INFO - [2025-06-16T14:07:33.953+0000] {dag.py:3239} INFO - Sync 1 DAGs
[2025-06-16T14:07:33.994+0000] {logging_mixin.py:190} INFO - [2025-06-16T14:07:33.993+0000] {dag.py:4180} INFO - Setting next_dagrun for latest_only to 2025-06-16 08:00:00+00:00, run_after=2025-06-16 12:00:00+00:00
[2025-06-16T14:07:34.024+0000] {processor.py:208} INFO - Processing /home/airflow/.local/lib/python3.12/site-packages/airflow/example_dags/example_latest_only.py took 0.116 seconds
[2025-06-16T14:08:05.339+0000] {processor.py:186} INFO - Started process (PID=863) to work on /home/airflow/.local/lib/python3.12/site-packages/airflow/example_dags/example_latest_only.py
[2025-06-16T14:08:05.340+0000] {processor.py:914} INFO - Processing file /home/airflow/.local/lib/python3.12/site-packages/airflow/example_dags/example_latest_only.py for tasks to queue
[2025-06-16T14:08:05.343+0000] {logging_mixin.py:190} INFO - [2025-06-16T14:08:05.343+0000] {dagbag.py:588} INFO - Filling up the DagBag from /home/airflow/.local/lib/python3.12/site-packages/airflow/example_dags/example_latest_only.py
[2025-06-16T14:08:05.348+0000] {processor.py:925} INFO - DAG(s) 'latest_only' retrieved from /home/airflow/.local/lib/python3.12/site-packages/airflow/example_dags/example_latest_only.py
[2025-06-16T14:08:05.366+0000] {logging_mixin.py:190} INFO - [2025-06-16T14:08:05.366+0000] {dag.py:3239} INFO - Sync 1 DAGs
[2025-06-16T14:08:05.382+0000] {logging_mixin.py:190} INFO - [2025-06-16T14:08:05.382+0000] {dag.py:4180} INFO - Setting next_dagrun for latest_only to 2025-06-16 08:00:00+00:00, run_after=2025-06-16 12:00:00+00:00
[2025-06-16T14:08:05.399+0000] {processor.py:208} INFO - Processing /home/airflow/.local/lib/python3.12/site-packages/airflow/example_dags/example_latest_only.py took 0.064 seconds
[2025-06-16T14:08:36.378+0000] {processor.py:186} INFO - Started process (PID=926) to work on /home/airflow/.local/lib/python3.12/site-packages/airflow/example_dags/example_latest_only.py
[2025-06-16T14:08:36.380+0000] {processor.py:914} INFO - Processing file /home/airflow/.local/lib/python3.12/site-packages/airflow/example_dags/example_latest_only.py for tasks to queue
[2025-06-16T14:08:36.383+0000] {logging_mixin.py:190} INFO - [2025-06-16T14:08:36.383+0000] {dagbag.py:588} INFO - Filling up the DagBag from /home/airflow/.local/lib/python3.12/site-packages/airflow/example_dags/example_latest_only.py
[2025-06-16T14:08:36.389+0000] {processor.py:925} INFO - DAG(s) 'latest_only' retrieved from /home/airflow/.local/lib/python3.12/site-packages/airflow/example_dags/example_latest_only.py
[2025-06-16T14:08:36.404+0000] {logging_mixin.py:190} INFO - [2025-06-16T14:08:36.404+0000] {dag.py:3239} INFO - Sync 1 DAGs
[2025-06-16T14:08:36.416+0000] {logging_mixin.py:190} INFO - [2025-06-16T14:08:36.416+0000] {dag.py:4180} INFO - Setting next_dagrun for latest_only to 2025-06-16 08:00:00+00:00, run_after=2025-06-16 12:00:00+00:00
[2025-06-16T14:08:36.427+0000] {processor.py:208} INFO - Processing /home/airflow/.local/lib/python3.12/site-packages/airflow/example_dags/example_latest_only.py took 0.052 seconds
[2025-06-16T14:09:07.449+0000] {processor.py:186} INFO - Started process (PID=989) to work on /home/airflow/.local/lib/python3.12/site-packages/airflow/example_dags/example_latest_only.py
[2025-06-16T14:09:07.451+0000] {processor.py:914} INFO - Processing file /home/airflow/.local/lib/python3.12/site-packages/airflow/example_dags/example_latest_only.py for tasks to queue
[2025-06-16T14:09:07.453+0000] {logging_mixin.py:190} INFO - [2025-06-16T14:09:07.453+0000] {dagbag.py:588} INFO - Filling up the DagBag from /home/airflow/.local/lib/python3.12/site-packages/airflow/example_dags/example_latest_only.py
[2025-06-16T14:09:07.459+0000] {processor.py:925} INFO - DAG(s) 'latest_only' retrieved from /home/airflow/.local/lib/python3.12/site-packages/airflow/example_dags/example_latest_only.py
[2025-06-16T14:09:07.479+0000] {logging_mixin.py:190} INFO - [2025-06-16T14:09:07.479+0000] {dag.py:3239} INFO - Sync 1 DAGs
[2025-06-16T14:09:07.507+0000] {logging_mixin.py:190} INFO - [2025-06-16T14:09:07.507+0000] {dag.py:4180} INFO - Setting next_dagrun for latest_only to 2025-06-16 08:00:00+00:00, run_after=2025-06-16 12:00:00+00:00
[2025-06-16T14:09:07.524+0000] {processor.py:208} INFO - Processing /home/airflow/.local/lib/python3.12/site-packages/airflow/example_dags/example_latest_only.py took 0.079 seconds
[2025-06-16T14:09:38.253+0000] {processor.py:186} INFO - Started process (PID=1052) to work on /home/airflow/.local/lib/python3.12/site-packages/airflow/example_dags/example_latest_only.py
[2025-06-16T14:09:38.255+0000] {processor.py:914} INFO - Processing file /home/airflow/.local/lib/python3.12/site-packages/airflow/example_dags/example_latest_only.py for tasks to queue
[2025-06-16T14:09:38.257+0000] {logging_mixin.py:190} INFO - [2025-06-16T14:09:38.257+0000] {dagbag.py:588} INFO - Filling up the DagBag from /home/airflow/.local/lib/python3.12/site-packages/airflow/example_dags/example_latest_only.py
[2025-06-16T14:09:38.265+0000] {processor.py:925} INFO - DAG(s) 'latest_only' retrieved from /home/airflow/.local/lib/python3.12/site-packages/airflow/example_dags/example_latest_only.py
[2025-06-16T14:09:38.281+0000] {logging_mixin.py:190} INFO - [2025-06-16T14:09:38.281+0000] {dag.py:3239} INFO - Sync 1 DAGs
[2025-06-16T14:09:38.299+0000] {logging_mixin.py:190} INFO - [2025-06-16T14:09:38.299+0000] {dag.py:4180} INFO - Setting next_dagrun for latest_only to 2025-06-16 08:00:00+00:00, run_after=2025-06-16 12:00:00+00:00
[2025-06-16T14:09:38.310+0000] {processor.py:208} INFO - Processing /home/airflow/.local/lib/python3.12/site-packages/airflow/example_dags/example_latest_only.py took 0.061 seconds
[2025-06-16T14:10:50.763+0000] {processor.py:186} INFO - Started process (PID=1115) to work on /home/airflow/.local/lib/python3.12/site-packages/airflow/example_dags/example_latest_only.py
[2025-06-16T14:10:50.765+0000] {processor.py:914} INFO - Processing file /home/airflow/.local/lib/python3.12/site-packages/airflow/example_dags/example_latest_only.py for tasks to queue
[2025-06-16T14:10:50.769+0000] {logging_mixin.py:190} INFO - [2025-06-16T14:10:50.769+0000] {dagbag.py:588} INFO - Filling up the DagBag from /home/airflow/.local/lib/python3.12/site-packages/airflow/example_dags/example_latest_only.py
[2025-06-16T14:10:50.773+0000] {processor.py:925} INFO - DAG(s) 'latest_only' retrieved from /home/airflow/.local/lib/python3.12/site-packages/airflow/example_dags/example_latest_only.py
[2025-06-16T14:10:50.788+0000] {logging_mixin.py:190} INFO - [2025-06-16T14:10:50.788+0000] {dag.py:3239} INFO - Sync 1 DAGs
[2025-06-16T14:10:50.804+0000] {logging_mixin.py:190} INFO - [2025-06-16T14:10:50.804+0000] {dag.py:4180} INFO - Setting next_dagrun for latest_only to 2025-06-16 08:00:00+00:00, run_after=2025-06-16 12:00:00+00:00
[2025-06-16T14:10:50.820+0000] {processor.py:208} INFO - Processing /home/airflow/.local/lib/python3.12/site-packages/airflow/example_dags/example_latest_only.py took 0.060 seconds
[2025-06-16T14:11:40.498+0000] {processor.py:186} INFO - Started process (PID=1178) to work on /home/airflow/.local/lib/python3.12/site-packages/airflow/example_dags/example_latest_only.py
[2025-06-16T14:11:40.501+0000] {processor.py:914} INFO - Processing file /home/airflow/.local/lib/python3.12/site-packages/airflow/example_dags/example_latest_only.py for tasks to queue
[2025-06-16T14:11:40.504+0000] {logging_mixin.py:190} INFO - [2025-06-16T14:11:40.504+0000] {dagbag.py:588} INFO - Filling up the DagBag from /home/airflow/.local/lib/python3.12/site-packages/airflow/example_dags/example_latest_only.py
[2025-06-16T14:11:40.514+0000] {processor.py:925} INFO - DAG(s) 'latest_only' retrieved from /home/airflow/.local/lib/python3.12/site-packages/airflow/example_dags/example_latest_only.py
[2025-06-16T14:11:40.557+0000] {logging_mixin.py:190} INFO - [2025-06-16T14:11:40.557+0000] {dag.py:3239} INFO - Sync 1 DAGs
[2025-06-16T14:11:40.588+0000] {logging_mixin.py:190} INFO - [2025-06-16T14:11:40.587+0000] {dag.py:4180} INFO - Setting next_dagrun for latest_only to 2025-06-16 08:00:00+00:00, run_after=2025-06-16 12:00:00+00:00
[2025-06-16T14:11:40.633+0000] {processor.py:208} INFO - Processing /home/airflow/.local/lib/python3.12/site-packages/airflow/example_dags/example_latest_only.py took 0.142 seconds
[2025-06-16T14:12:10.891+0000] {processor.py:186} INFO - Started process (PID=1241) to work on /home/airflow/.local/lib/python3.12/site-packages/airflow/example_dags/example_latest_only.py
[2025-06-16T14:12:10.894+0000] {processor.py:914} INFO - Processing file /home/airflow/.local/lib/python3.12/site-packages/airflow/example_dags/example_latest_only.py for tasks to queue
[2025-06-16T14:12:10.895+0000] {logging_mixin.py:190} INFO - [2025-06-16T14:12:10.895+0000] {dagbag.py:588} INFO - Filling up the DagBag from /home/airflow/.local/lib/python3.12/site-packages/airflow/example_dags/example_latest_only.py
[2025-06-16T14:12:10.900+0000] {processor.py:925} INFO - DAG(s) 'latest_only' retrieved from /home/airflow/.local/lib/python3.12/site-packages/airflow/example_dags/example_latest_only.py
[2025-06-16T14:12:10.917+0000] {logging_mixin.py:190} INFO - [2025-06-16T14:12:10.917+0000] {dag.py:3239} INFO - Sync 1 DAGs
[2025-06-16T14:12:10.934+0000] {logging_mixin.py:190} INFO - [2025-06-16T14:12:10.934+0000] {dag.py:4180} INFO - Setting next_dagrun for latest_only to 2025-06-16 08:00:00+00:00, run_after=2025-06-16 12:00:00+00:00
[2025-06-16T14:12:10.948+0000] {processor.py:208} INFO - Processing /home/airflow/.local/lib/python3.12/site-packages/airflow/example_dags/example_latest_only.py took 0.061 seconds
[2025-06-16T14:12:41.763+0000] {processor.py:186} INFO - Started process (PID=1304) to work on /home/airflow/.local/lib/python3.12/site-packages/airflow/example_dags/example_latest_only.py
[2025-06-16T14:12:41.764+0000] {processor.py:914} INFO - Processing file /home/airflow/.local/lib/python3.12/site-packages/airflow/example_dags/example_latest_only.py for tasks to queue
[2025-06-16T14:12:41.768+0000] {logging_mixin.py:190} INFO - [2025-06-16T14:12:41.768+0000] {dagbag.py:588} INFO - Filling up the DagBag from /home/airflow/.local/lib/python3.12/site-packages/airflow/example_dags/example_latest_only.py
[2025-06-16T14:12:41.777+0000] {processor.py:925} INFO - DAG(s) 'latest_only' retrieved from /home/airflow/.local/lib/python3.12/site-packages/airflow/example_dags/example_latest_only.py
[2025-06-16T14:12:41.798+0000] {logging_mixin.py:190} INFO - [2025-06-16T14:12:41.798+0000] {dag.py:3239} INFO - Sync 1 DAGs
[2025-06-16T14:12:41.810+0000] {logging_mixin.py:190} INFO - [2025-06-16T14:12:41.810+0000] {dag.py:4180} INFO - Setting next_dagrun for latest_only to 2025-06-16 08:00:00+00:00, run_after=2025-06-16 12:00:00+00:00
[2025-06-16T14:12:41.824+0000] {processor.py:208} INFO - Processing /home/airflow/.local/lib/python3.12/site-packages/airflow/example_dags/example_latest_only.py took 0.066 seconds
[2025-06-16T14:13:12.437+0000] {processor.py:186} INFO - Started process (PID=1367) to work on /home/airflow/.local/lib/python3.12/site-packages/airflow/example_dags/example_latest_only.py
[2025-06-16T14:13:12.438+0000] {processor.py:914} INFO - Processing file /home/airflow/.local/lib/python3.12/site-packages/airflow/example_dags/example_latest_only.py for tasks to queue
[2025-06-16T14:13:12.440+0000] {logging_mixin.py:190} INFO - [2025-06-16T14:13:12.440+0000] {dagbag.py:588} INFO - Filling up the DagBag from /home/airflow/.local/lib/python3.12/site-packages/airflow/example_dags/example_latest_only.py
[2025-06-16T14:13:12.445+0000] {processor.py:925} INFO - DAG(s) 'latest_only' retrieved from /home/airflow/.local/lib/python3.12/site-packages/airflow/example_dags/example_latest_only.py
[2025-06-16T14:13:12.458+0000] {logging_mixin.py:190} INFO - [2025-06-16T14:13:12.458+0000] {dag.py:3239} INFO - Sync 1 DAGs
[2025-06-16T14:13:12.473+0000] {logging_mixin.py:190} INFO - [2025-06-16T14:13:12.473+0000] {dag.py:4180} INFO - Setting next_dagrun for latest_only to 2025-06-16 08:00:00+00:00, run_after=2025-06-16 12:00:00+00:00
[2025-06-16T14:13:12.486+0000] {processor.py:208} INFO - Processing /home/airflow/.local/lib/python3.12/site-packages/airflow/example_dags/example_latest_only.py took 0.053 seconds
[2025-06-16T14:13:43.133+0000] {processor.py:186} INFO - Started process (PID=1430) to work on /home/airflow/.local/lib/python3.12/site-packages/airflow/example_dags/example_latest_only.py
[2025-06-16T14:13:43.136+0000] {processor.py:914} INFO - Processing file /home/airflow/.local/lib/python3.12/site-packages/airflow/example_dags/example_latest_only.py for tasks to queue
[2025-06-16T14:13:43.138+0000] {logging_mixin.py:190} INFO - [2025-06-16T14:13:43.138+0000] {dagbag.py:588} INFO - Filling up the DagBag from /home/airflow/.local/lib/python3.12/site-packages/airflow/example_dags/example_latest_only.py
[2025-06-16T14:13:43.143+0000] {processor.py:925} INFO - DAG(s) 'latest_only' retrieved from /home/airflow/.local/lib/python3.12/site-packages/airflow/example_dags/example_latest_only.py
[2025-06-16T14:13:43.162+0000] {logging_mixin.py:190} INFO - [2025-06-16T14:13:43.162+0000] {dag.py:3239} INFO - Sync 1 DAGs
[2025-06-16T14:13:43.178+0000] {logging_mixin.py:190} INFO - [2025-06-16T14:13:43.178+0000] {dag.py:4180} INFO - Setting next_dagrun for latest_only to 2025-06-16 08:00:00+00:00, run_after=2025-06-16 12:00:00+00:00
[2025-06-16T14:13:43.190+0000] {processor.py:208} INFO - Processing /home/airflow/.local/lib/python3.12/site-packages/airflow/example_dags/example_latest_only.py took 0.060 seconds
[2025-06-16T14:14:14.536+0000] {processor.py:186} INFO - Started process (PID=1493) to work on /home/airflow/.local/lib/python3.12/site-packages/airflow/example_dags/example_latest_only.py
[2025-06-16T14:14:14.538+0000] {processor.py:914} INFO - Processing file /home/airflow/.local/lib/python3.12/site-packages/airflow/example_dags/example_latest_only.py for tasks to queue
[2025-06-16T14:14:14.540+0000] {logging_mixin.py:190} INFO - [2025-06-16T14:14:14.540+0000] {dagbag.py:588} INFO - Filling up the DagBag from /home/airflow/.local/lib/python3.12/site-packages/airflow/example_dags/example_latest_only.py
[2025-06-16T14:14:14.545+0000] {processor.py:925} INFO - DAG(s) 'latest_only' retrieved from /home/airflow/.local/lib/python3.12/site-packages/airflow/example_dags/example_latest_only.py
[2025-06-16T14:14:14.559+0000] {logging_mixin.py:190} INFO - [2025-06-16T14:14:14.559+0000] {dag.py:3239} INFO - Sync 1 DAGs
[2025-06-16T14:14:14.578+0000] {logging_mixin.py:190} INFO - [2025-06-16T14:14:14.578+0000] {dag.py:4180} INFO - Setting next_dagrun for latest_only to 2025-06-16 08:00:00+00:00, run_after=2025-06-16 12:00:00+00:00
[2025-06-16T14:14:14.600+0000] {processor.py:208} INFO - Processing /home/airflow/.local/lib/python3.12/site-packages/airflow/example_dags/example_latest_only.py took 0.069 seconds
[2025-06-16T15:07:18.528+0000] {processor.py:186} INFO - Started process (PID=1556) to work on /home/airflow/.local/lib/python3.12/site-packages/airflow/example_dags/example_latest_only.py
[2025-06-16T15:07:18.529+0000] {processor.py:914} INFO - Processing file /home/airflow/.local/lib/python3.12/site-packages/airflow/example_dags/example_latest_only.py for tasks to queue
[2025-06-16T15:07:18.532+0000] {logging_mixin.py:190} INFO - [2025-06-16T15:07:18.531+0000] {dagbag.py:588} INFO - Filling up the DagBag from /home/airflow/.local/lib/python3.12/site-packages/airflow/example_dags/example_latest_only.py
[2025-06-16T15:07:18.537+0000] {processor.py:925} INFO - DAG(s) 'latest_only' retrieved from /home/airflow/.local/lib/python3.12/site-packages/airflow/example_dags/example_latest_only.py
[2025-06-16T15:07:18.551+0000] {logging_mixin.py:190} INFO - [2025-06-16T15:07:18.551+0000] {dag.py:3239} INFO - Sync 1 DAGs
[2025-06-16T15:07:18.567+0000] {logging_mixin.py:190} INFO - [2025-06-16T15:07:18.567+0000] {dag.py:4180} INFO - Setting next_dagrun for latest_only to 2025-06-16 08:00:00+00:00, run_after=2025-06-16 12:00:00+00:00
[2025-06-16T15:07:18.578+0000] {processor.py:208} INFO - Processing /home/airflow/.local/lib/python3.12/site-packages/airflow/example_dags/example_latest_only.py took 0.053 seconds
[2025-06-16T15:57:50.569+0000] {processor.py:186} INFO - Started process (PID=1619) to work on /home/airflow/.local/lib/python3.12/site-packages/airflow/example_dags/example_latest_only.py
[2025-06-16T15:57:50.571+0000] {processor.py:914} INFO - Processing file /home/airflow/.local/lib/python3.12/site-packages/airflow/example_dags/example_latest_only.py for tasks to queue
[2025-06-16T15:57:50.573+0000] {logging_mixin.py:190} INFO - [2025-06-16T15:57:50.573+0000] {dagbag.py:588} INFO - Filling up the DagBag from /home/airflow/.local/lib/python3.12/site-packages/airflow/example_dags/example_latest_only.py
[2025-06-16T15:57:50.580+0000] {processor.py:925} INFO - DAG(s) 'latest_only' retrieved from /home/airflow/.local/lib/python3.12/site-packages/airflow/example_dags/example_latest_only.py
[2025-06-16T15:57:50.599+0000] {logging_mixin.py:190} INFO - [2025-06-16T15:57:50.599+0000] {dag.py:3239} INFO - Sync 1 DAGs
[2025-06-16T15:57:50.627+0000] {logging_mixin.py:190} INFO - [2025-06-16T15:57:50.627+0000] {dag.py:4180} INFO - Setting next_dagrun for latest_only to 2025-06-16 08:00:00+00:00, run_after=2025-06-16 12:00:00+00:00
[2025-06-16T15:57:50.650+0000] {processor.py:208} INFO - Processing /home/airflow/.local/lib/python3.12/site-packages/airflow/example_dags/example_latest_only.py took 0.086 seconds
[2025-06-16T17:08:54.211+0000] {processor.py:186} INFO - Started process (PID=1683) to work on /home/airflow/.local/lib/python3.12/site-packages/airflow/example_dags/example_latest_only.py
[2025-06-16T17:08:54.213+0000] {processor.py:914} INFO - Processing file /home/airflow/.local/lib/python3.12/site-packages/airflow/example_dags/example_latest_only.py for tasks to queue
[2025-06-16T17:08:54.216+0000] {logging_mixin.py:190} INFO - [2025-06-16T17:08:54.216+0000] {dagbag.py:588} INFO - Filling up the DagBag from /home/airflow/.local/lib/python3.12/site-packages/airflow/example_dags/example_latest_only.py
[2025-06-16T17:08:54.225+0000] {processor.py:925} INFO - DAG(s) 'latest_only' retrieved from /home/airflow/.local/lib/python3.12/site-packages/airflow/example_dags/example_latest_only.py
[2025-06-16T17:08:54.251+0000] {logging_mixin.py:190} INFO - [2025-06-16T17:08:54.251+0000] {dag.py:3239} INFO - Sync 1 DAGs
[2025-06-16T17:08:54.276+0000] {logging_mixin.py:190} INFO - [2025-06-16T17:08:54.276+0000] {dag.py:4180} INFO - Setting next_dagrun for latest_only to 2025-06-16 12:00:00+00:00, run_after=2025-06-16 16:00:00+00:00
[2025-06-16T17:08:54.297+0000] {processor.py:208} INFO - Processing /home/airflow/.local/lib/python3.12/site-packages/airflow/example_dags/example_latest_only.py took 0.090 seconds
[2025-06-16T18:08:29.254+0000] {processor.py:186} INFO - Started process (PID=1746) to work on /home/airflow/.local/lib/python3.12/site-packages/airflow/example_dags/example_latest_only.py
[2025-06-16T18:08:29.257+0000] {processor.py:914} INFO - Processing file /home/airflow/.local/lib/python3.12/site-packages/airflow/example_dags/example_latest_only.py for tasks to queue
[2025-06-16T18:08:29.260+0000] {logging_mixin.py:190} INFO - [2025-06-16T18:08:29.259+0000] {dagbag.py:588} INFO - Filling up the DagBag from /home/airflow/.local/lib/python3.12/site-packages/airflow/example_dags/example_latest_only.py
[2025-06-16T18:08:29.269+0000] {processor.py:925} INFO - DAG(s) 'latest_only' retrieved from /home/airflow/.local/lib/python3.12/site-packages/airflow/example_dags/example_latest_only.py
[2025-06-16T18:08:29.320+0000] {logging_mixin.py:190} INFO - [2025-06-16T18:08:29.320+0000] {dag.py:3239} INFO - Sync 1 DAGs
[2025-06-16T18:08:29.345+0000] {logging_mixin.py:190} INFO - [2025-06-16T18:08:29.345+0000] {dag.py:4180} INFO - Setting next_dagrun for latest_only to 2025-06-16 12:00:00+00:00, run_after=2025-06-16 16:00:00+00:00
[2025-06-16T18:08:29.388+0000] {processor.py:208} INFO - Processing /home/airflow/.local/lib/python3.12/site-packages/airflow/example_dags/example_latest_only.py took 0.139 seconds
[2025-06-16T19:23:34.844+0000] {processor.py:186} INFO - Started process (PID=1815) to work on /home/airflow/.local/lib/python3.12/site-packages/airflow/example_dags/example_latest_only.py
[2025-06-16T19:23:34.849+0000] {processor.py:914} INFO - Processing file /home/airflow/.local/lib/python3.12/site-packages/airflow/example_dags/example_latest_only.py for tasks to queue
[2025-06-16T19:23:34.855+0000] {logging_mixin.py:190} INFO - [2025-06-16T19:23:34.854+0000] {dagbag.py:588} INFO - Filling up the DagBag from /home/airflow/.local/lib/python3.12/site-packages/airflow/example_dags/example_latest_only.py
[2025-06-16T19:23:34.914+0000] {processor.py:925} INFO - DAG(s) 'latest_only' retrieved from /home/airflow/.local/lib/python3.12/site-packages/airflow/example_dags/example_latest_only.py
[2025-06-16T19:23:35.278+0000] {logging_mixin.py:190} INFO - [2025-06-16T19:23:35.275+0000] {dag.py:3239} INFO - Sync 1 DAGs
[2025-06-16T19:23:35.409+0000] {logging_mixin.py:190} INFO - [2025-06-16T19:23:35.408+0000] {dag.py:4180} INFO - Setting next_dagrun for latest_only to 2025-06-16 12:00:00+00:00, run_after=2025-06-16 16:00:00+00:00
[2025-06-16T19:23:35.892+0000] {processor.py:208} INFO - Processing /home/airflow/.local/lib/python3.12/site-packages/airflow/example_dags/example_latest_only.py took 1.061 seconds
