[2025-06-16T13:59:20.199+0000] {processor.py:186} INFO - Started process (PID=58) to work on /home/airflow/.local/lib/python3.12/site-packages/airflow/example_dags/example_branch_operator.py
[2025-06-16T13:59:20.202+0000] {processor.py:914} INFO - Processing file /home/airflow/.local/lib/python3.12/site-packages/airflow/example_dags/example_branch_operator.py for tasks to queue
[2025-06-16T13:59:20.208+0000] {logging_mixin.py:190} INFO - [2025-06-16T13:59:20.207+0000] {dagbag.py:588} INFO - Filling up the DagBag from /home/airflow/.local/lib/python3.12/site-packages/airflow/example_dags/example_branch_operator.py
[2025-06-16T13:59:20.262+0000] {processor.py:925} INFO - DAG(s) 'example_branch_operator' retrieved from /home/airflow/.local/lib/python3.12/site-packages/airflow/example_dags/example_branch_operator.py
[2025-06-16T13:59:20.510+0000] {logging_mixin.py:190} INFO - [2025-06-16T13:59:20.510+0000] {override.py:1912} INFO - Created Permission View: can delete on DAG:example_branch_operator
[2025-06-16T13:59:20.524+0000] {logging_mixin.py:190} INFO - [2025-06-16T13:59:20.524+0000] {override.py:1912} INFO - Created Permission View: can read on DAG:example_branch_operator
[2025-06-16T13:59:20.536+0000] {logging_mixin.py:190} INFO - [2025-06-16T13:59:20.536+0000] {override.py:1912} INFO - Created Permission View: can edit on DAG:example_branch_operator
[2025-06-16T13:59:20.550+0000] {logging_mixin.py:190} INFO - [2025-06-16T13:59:20.550+0000] {override.py:1912} INFO - Created Permission View: can delete on DAG Run:example_branch_operator
[2025-06-16T13:59:20.562+0000] {logging_mixin.py:190} INFO - [2025-06-16T13:59:20.562+0000] {override.py:1912} INFO - Created Permission View: can create on DAG Run:example_branch_operator
[2025-06-16T13:59:20.576+0000] {logging_mixin.py:190} INFO - [2025-06-16T13:59:20.576+0000] {override.py:1912} INFO - Created Permission View: can read on DAG Run:example_branch_operator
[2025-06-16T13:59:20.594+0000] {logging_mixin.py:190} INFO - [2025-06-16T13:59:20.593+0000] {override.py:1912} INFO - Created Permission View: menu access on DAG Run:example_branch_operator
[2025-06-16T13:59:20.596+0000] {logging_mixin.py:190} INFO - [2025-06-16T13:59:20.596+0000] {dag.py:3239} INFO - Sync 1 DAGs
[2025-06-16T13:59:20.615+0000] {logging_mixin.py:190} INFO - [2025-06-16T13:59:20.615+0000] {dag.py:3262} INFO - Creating ORM DAG for example_branch_operator
[2025-06-16T13:59:20.627+0000] {logging_mixin.py:190} INFO - [2025-06-16T13:59:20.627+0000] {dag.py:4180} INFO - Setting next_dagrun for example_branch_operator to 2025-06-15 00:00:00+00:00, run_after=2025-06-16 00:00:00+00:00
[2025-06-16T13:59:20.647+0000] {processor.py:208} INFO - Processing /home/airflow/.local/lib/python3.12/site-packages/airflow/example_dags/example_branch_operator.py took 0.463 seconds
[2025-06-16T13:59:51.484+0000] {processor.py:186} INFO - Started process (PID=121) to work on /home/airflow/.local/lib/python3.12/site-packages/airflow/example_dags/example_branch_operator.py
[2025-06-16T13:59:51.485+0000] {processor.py:914} INFO - Processing file /home/airflow/.local/lib/python3.12/site-packages/airflow/example_dags/example_branch_operator.py for tasks to queue
[2025-06-16T13:59:51.487+0000] {logging_mixin.py:190} INFO - [2025-06-16T13:59:51.487+0000] {dagbag.py:588} INFO - Filling up the DagBag from /home/airflow/.local/lib/python3.12/site-packages/airflow/example_dags/example_branch_operator.py
[2025-06-16T13:59:51.507+0000] {processor.py:925} INFO - DAG(s) 'example_branch_operator' retrieved from /home/airflow/.local/lib/python3.12/site-packages/airflow/example_dags/example_branch_operator.py
[2025-06-16T13:59:51.534+0000] {logging_mixin.py:190} INFO - [2025-06-16T13:59:51.534+0000] {dag.py:3239} INFO - Sync 1 DAGs
[2025-06-16T13:59:51.563+0000] {logging_mixin.py:190} INFO - [2025-06-16T13:59:51.563+0000] {dag.py:4180} INFO - Setting next_dagrun for example_branch_operator to 2025-06-15 00:00:00+00:00, run_after=2025-06-16 00:00:00+00:00
[2025-06-16T13:59:51.586+0000] {processor.py:208} INFO - Processing /home/airflow/.local/lib/python3.12/site-packages/airflow/example_dags/example_branch_operator.py took 0.107 seconds
[2025-06-16T14:00:21.889+0000] {processor.py:186} INFO - Started process (PID=190) to work on /home/airflow/.local/lib/python3.12/site-packages/airflow/example_dags/example_branch_operator.py
[2025-06-16T14:00:21.893+0000] {processor.py:914} INFO - Processing file /home/airflow/.local/lib/python3.12/site-packages/airflow/example_dags/example_branch_operator.py for tasks to queue
[2025-06-16T14:00:21.900+0000] {logging_mixin.py:190} INFO - [2025-06-16T14:00:21.900+0000] {dagbag.py:588} INFO - Filling up the DagBag from /home/airflow/.local/lib/python3.12/site-packages/airflow/example_dags/example_branch_operator.py
[2025-06-16T14:00:21.918+0000] {processor.py:925} INFO - DAG(s) 'example_branch_operator' retrieved from /home/airflow/.local/lib/python3.12/site-packages/airflow/example_dags/example_branch_operator.py
[2025-06-16T14:00:21.944+0000] {logging_mixin.py:190} INFO - [2025-06-16T14:00:21.943+0000] {dag.py:3239} INFO - Sync 1 DAGs
[2025-06-16T14:00:21.965+0000] {logging_mixin.py:190} INFO - [2025-06-16T14:00:21.965+0000] {dag.py:4180} INFO - Setting next_dagrun for example_branch_operator to 2025-06-15 00:00:00+00:00, run_after=2025-06-16 00:00:00+00:00
[2025-06-16T14:00:21.981+0000] {processor.py:208} INFO - Processing /home/airflow/.local/lib/python3.12/site-packages/airflow/example_dags/example_branch_operator.py took 0.099 seconds
[2025-06-16T14:00:52.092+0000] {processor.py:186} INFO - Started process (PID=252) to work on /home/airflow/.local/lib/python3.12/site-packages/airflow/example_dags/example_branch_operator.py
[2025-06-16T14:00:52.093+0000] {processor.py:914} INFO - Processing file /home/airflow/.local/lib/python3.12/site-packages/airflow/example_dags/example_branch_operator.py for tasks to queue
[2025-06-16T14:00:52.095+0000] {logging_mixin.py:190} INFO - [2025-06-16T14:00:52.095+0000] {dagbag.py:588} INFO - Filling up the DagBag from /home/airflow/.local/lib/python3.12/site-packages/airflow/example_dags/example_branch_operator.py
[2025-06-16T14:00:52.115+0000] {processor.py:925} INFO - DAG(s) 'example_branch_operator' retrieved from /home/airflow/.local/lib/python3.12/site-packages/airflow/example_dags/example_branch_operator.py
[2025-06-16T14:00:52.140+0000] {logging_mixin.py:190} INFO - [2025-06-16T14:00:52.140+0000] {dag.py:3239} INFO - Sync 1 DAGs
[2025-06-16T14:00:52.161+0000] {logging_mixin.py:190} INFO - [2025-06-16T14:00:52.160+0000] {dag.py:4180} INFO - Setting next_dagrun for example_branch_operator to 2025-06-15 00:00:00+00:00, run_after=2025-06-16 00:00:00+00:00
[2025-06-16T14:00:52.175+0000] {processor.py:208} INFO - Processing /home/airflow/.local/lib/python3.12/site-packages/airflow/example_dags/example_branch_operator.py took 0.088 seconds
[2025-06-16T14:01:22.490+0000] {processor.py:186} INFO - Started process (PID=315) to work on /home/airflow/.local/lib/python3.12/site-packages/airflow/example_dags/example_branch_operator.py
[2025-06-16T14:01:22.492+0000] {processor.py:914} INFO - Processing file /home/airflow/.local/lib/python3.12/site-packages/airflow/example_dags/example_branch_operator.py for tasks to queue
[2025-06-16T14:01:22.494+0000] {logging_mixin.py:190} INFO - [2025-06-16T14:01:22.494+0000] {dagbag.py:588} INFO - Filling up the DagBag from /home/airflow/.local/lib/python3.12/site-packages/airflow/example_dags/example_branch_operator.py
[2025-06-16T14:01:22.521+0000] {processor.py:925} INFO - DAG(s) 'example_branch_operator' retrieved from /home/airflow/.local/lib/python3.12/site-packages/airflow/example_dags/example_branch_operator.py
[2025-06-16T14:01:22.548+0000] {logging_mixin.py:190} INFO - [2025-06-16T14:01:22.547+0000] {dag.py:3239} INFO - Sync 1 DAGs
[2025-06-16T14:01:22.570+0000] {logging_mixin.py:190} INFO - [2025-06-16T14:01:22.570+0000] {dag.py:4180} INFO - Setting next_dagrun for example_branch_operator to 2025-06-15 00:00:00+00:00, run_after=2025-06-16 00:00:00+00:00
[2025-06-16T14:01:22.586+0000] {processor.py:208} INFO - Processing /home/airflow/.local/lib/python3.12/site-packages/airflow/example_dags/example_branch_operator.py took 0.101 seconds
[2025-06-16T14:01:53.220+0000] {processor.py:186} INFO - Started process (PID=378) to work on /home/airflow/.local/lib/python3.12/site-packages/airflow/example_dags/example_branch_operator.py
[2025-06-16T14:01:53.222+0000] {processor.py:914} INFO - Processing file /home/airflow/.local/lib/python3.12/site-packages/airflow/example_dags/example_branch_operator.py for tasks to queue
[2025-06-16T14:01:53.224+0000] {logging_mixin.py:190} INFO - [2025-06-16T14:01:53.224+0000] {dagbag.py:588} INFO - Filling up the DagBag from /home/airflow/.local/lib/python3.12/site-packages/airflow/example_dags/example_branch_operator.py
[2025-06-16T14:01:53.243+0000] {processor.py:925} INFO - DAG(s) 'example_branch_operator' retrieved from /home/airflow/.local/lib/python3.12/site-packages/airflow/example_dags/example_branch_operator.py
[2025-06-16T14:01:53.266+0000] {logging_mixin.py:190} INFO - [2025-06-16T14:01:53.266+0000] {dag.py:3239} INFO - Sync 1 DAGs
[2025-06-16T14:01:53.288+0000] {logging_mixin.py:190} INFO - [2025-06-16T14:01:53.288+0000] {dag.py:4180} INFO - Setting next_dagrun for example_branch_operator to 2025-06-15 00:00:00+00:00, run_after=2025-06-16 00:00:00+00:00
[2025-06-16T14:01:53.305+0000] {processor.py:208} INFO - Processing /home/airflow/.local/lib/python3.12/site-packages/airflow/example_dags/example_branch_operator.py took 0.092 seconds
[2025-06-16T14:02:23.923+0000] {processor.py:186} INFO - Started process (PID=440) to work on /home/airflow/.local/lib/python3.12/site-packages/airflow/example_dags/example_branch_operator.py
[2025-06-16T14:02:23.926+0000] {processor.py:914} INFO - Processing file /home/airflow/.local/lib/python3.12/site-packages/airflow/example_dags/example_branch_operator.py for tasks to queue
[2025-06-16T14:02:23.930+0000] {logging_mixin.py:190} INFO - [2025-06-16T14:02:23.930+0000] {dagbag.py:588} INFO - Filling up the DagBag from /home/airflow/.local/lib/python3.12/site-packages/airflow/example_dags/example_branch_operator.py
[2025-06-16T14:02:23.958+0000] {processor.py:925} INFO - DAG(s) 'example_branch_operator' retrieved from /home/airflow/.local/lib/python3.12/site-packages/airflow/example_dags/example_branch_operator.py
[2025-06-16T14:02:23.982+0000] {logging_mixin.py:190} INFO - [2025-06-16T14:02:23.982+0000] {dag.py:3239} INFO - Sync 1 DAGs
[2025-06-16T14:02:24.007+0000] {logging_mixin.py:190} INFO - [2025-06-16T14:02:24.007+0000] {dag.py:4180} INFO - Setting next_dagrun for example_branch_operator to 2025-06-15 00:00:00+00:00, run_after=2025-06-16 00:00:00+00:00
[2025-06-16T14:02:24.025+0000] {processor.py:208} INFO - Processing /home/airflow/.local/lib/python3.12/site-packages/airflow/example_dags/example_branch_operator.py took 0.110 seconds
[2025-06-16T14:02:54.576+0000] {processor.py:186} INFO - Started process (PID=503) to work on /home/airflow/.local/lib/python3.12/site-packages/airflow/example_dags/example_branch_operator.py
[2025-06-16T14:02:54.578+0000] {processor.py:914} INFO - Processing file /home/airflow/.local/lib/python3.12/site-packages/airflow/example_dags/example_branch_operator.py for tasks to queue
[2025-06-16T14:02:54.582+0000] {logging_mixin.py:190} INFO - [2025-06-16T14:02:54.582+0000] {dagbag.py:588} INFO - Filling up the DagBag from /home/airflow/.local/lib/python3.12/site-packages/airflow/example_dags/example_branch_operator.py
[2025-06-16T14:02:54.600+0000] {processor.py:925} INFO - DAG(s) 'example_branch_operator' retrieved from /home/airflow/.local/lib/python3.12/site-packages/airflow/example_dags/example_branch_operator.py
[2025-06-16T14:02:54.633+0000] {logging_mixin.py:190} INFO - [2025-06-16T14:02:54.633+0000] {dag.py:3239} INFO - Sync 1 DAGs
[2025-06-16T14:02:54.656+0000] {logging_mixin.py:190} INFO - [2025-06-16T14:02:54.656+0000] {dag.py:4180} INFO - Setting next_dagrun for example_branch_operator to 2025-06-15 00:00:00+00:00, run_after=2025-06-16 00:00:00+00:00
[2025-06-16T14:02:54.674+0000] {processor.py:208} INFO - Processing /home/airflow/.local/lib/python3.12/site-packages/airflow/example_dags/example_branch_operator.py took 0.105 seconds
[2025-06-16T14:05:29.120+0000] {processor.py:186} INFO - Started process (PID=527) to work on /home/airflow/.local/lib/python3.12/site-packages/airflow/example_dags/example_branch_operator.py
[2025-06-16T14:05:29.121+0000] {processor.py:914} INFO - Processing file /home/airflow/.local/lib/python3.12/site-packages/airflow/example_dags/example_branch_operator.py for tasks to queue
[2025-06-16T14:05:29.124+0000] {logging_mixin.py:190} INFO - [2025-06-16T14:05:29.124+0000] {dagbag.py:588} INFO - Filling up the DagBag from /home/airflow/.local/lib/python3.12/site-packages/airflow/example_dags/example_branch_operator.py
[2025-06-16T14:05:29.147+0000] {processor.py:925} INFO - DAG(s) 'example_branch_operator' retrieved from /home/airflow/.local/lib/python3.12/site-packages/airflow/example_dags/example_branch_operator.py
[2025-06-16T14:05:29.168+0000] {logging_mixin.py:190} INFO - [2025-06-16T14:05:29.168+0000] {dag.py:3239} INFO - Sync 1 DAGs
[2025-06-16T14:05:29.186+0000] {logging_mixin.py:190} INFO - [2025-06-16T14:05:29.186+0000] {dag.py:4180} INFO - Setting next_dagrun for example_branch_operator to 2025-06-15 00:00:00+00:00, run_after=2025-06-16 00:00:00+00:00
[2025-06-16T14:05:29.200+0000] {processor.py:208} INFO - Processing /home/airflow/.local/lib/python3.12/site-packages/airflow/example_dags/example_branch_operator.py took 0.085 seconds
[2025-06-16T14:06:00.079+0000] {processor.py:186} INFO - Started process (PID=590) to work on /home/airflow/.local/lib/python3.12/site-packages/airflow/example_dags/example_branch_operator.py
[2025-06-16T14:06:00.081+0000] {processor.py:914} INFO - Processing file /home/airflow/.local/lib/python3.12/site-packages/airflow/example_dags/example_branch_operator.py for tasks to queue
[2025-06-16T14:06:00.085+0000] {logging_mixin.py:190} INFO - [2025-06-16T14:06:00.085+0000] {dagbag.py:588} INFO - Filling up the DagBag from /home/airflow/.local/lib/python3.12/site-packages/airflow/example_dags/example_branch_operator.py
[2025-06-16T14:06:00.103+0000] {processor.py:925} INFO - DAG(s) 'example_branch_operator' retrieved from /home/airflow/.local/lib/python3.12/site-packages/airflow/example_dags/example_branch_operator.py
[2025-06-16T14:06:00.130+0000] {logging_mixin.py:190} INFO - [2025-06-16T14:06:00.130+0000] {dag.py:3239} INFO - Sync 1 DAGs
[2025-06-16T14:06:00.147+0000] {logging_mixin.py:190} INFO - [2025-06-16T14:06:00.147+0000] {dag.py:4180} INFO - Setting next_dagrun for example_branch_operator to 2025-06-15 00:00:00+00:00, run_after=2025-06-16 00:00:00+00:00
[2025-06-16T14:06:00.160+0000] {processor.py:208} INFO - Processing /home/airflow/.local/lib/python3.12/site-packages/airflow/example_dags/example_branch_operator.py took 0.087 seconds
[2025-06-16T14:06:30.802+0000] {processor.py:186} INFO - Started process (PID=653) to work on /home/airflow/.local/lib/python3.12/site-packages/airflow/example_dags/example_branch_operator.py
[2025-06-16T14:06:30.804+0000] {processor.py:914} INFO - Processing file /home/airflow/.local/lib/python3.12/site-packages/airflow/example_dags/example_branch_operator.py for tasks to queue
[2025-06-16T14:06:30.806+0000] {logging_mixin.py:190} INFO - [2025-06-16T14:06:30.806+0000] {dagbag.py:588} INFO - Filling up the DagBag from /home/airflow/.local/lib/python3.12/site-packages/airflow/example_dags/example_branch_operator.py
[2025-06-16T14:06:30.828+0000] {processor.py:925} INFO - DAG(s) 'example_branch_operator' retrieved from /home/airflow/.local/lib/python3.12/site-packages/airflow/example_dags/example_branch_operator.py
[2025-06-16T14:06:30.857+0000] {logging_mixin.py:190} INFO - [2025-06-16T14:06:30.857+0000] {dag.py:3239} INFO - Sync 1 DAGs
[2025-06-16T14:06:30.874+0000] {logging_mixin.py:190} INFO - [2025-06-16T14:06:30.874+0000] {dag.py:4180} INFO - Setting next_dagrun for example_branch_operator to 2025-06-15 00:00:00+00:00, run_after=2025-06-16 00:00:00+00:00
[2025-06-16T14:06:30.889+0000] {processor.py:208} INFO - Processing /home/airflow/.local/lib/python3.12/site-packages/airflow/example_dags/example_branch_operator.py took 0.093 seconds
[2025-06-16T14:07:01.457+0000] {processor.py:186} INFO - Started process (PID=716) to work on /home/airflow/.local/lib/python3.12/site-packages/airflow/example_dags/example_branch_operator.py
[2025-06-16T14:07:01.459+0000] {processor.py:914} INFO - Processing file /home/airflow/.local/lib/python3.12/site-packages/airflow/example_dags/example_branch_operator.py for tasks to queue
[2025-06-16T14:07:01.469+0000] {logging_mixin.py:190} INFO - [2025-06-16T14:07:01.469+0000] {dagbag.py:588} INFO - Filling up the DagBag from /home/airflow/.local/lib/python3.12/site-packages/airflow/example_dags/example_branch_operator.py
[2025-06-16T14:07:01.497+0000] {processor.py:925} INFO - DAG(s) 'example_branch_operator' retrieved from /home/airflow/.local/lib/python3.12/site-packages/airflow/example_dags/example_branch_operator.py
[2025-06-16T14:07:01.534+0000] {logging_mixin.py:190} INFO - [2025-06-16T14:07:01.534+0000] {dag.py:3239} INFO - Sync 1 DAGs
[2025-06-16T14:07:01.567+0000] {logging_mixin.py:190} INFO - [2025-06-16T14:07:01.567+0000] {dag.py:4180} INFO - Setting next_dagrun for example_branch_operator to 2025-06-15 00:00:00+00:00, run_after=2025-06-16 00:00:00+00:00
[2025-06-16T14:07:01.595+0000] {processor.py:208} INFO - Processing /home/airflow/.local/lib/python3.12/site-packages/airflow/example_dags/example_branch_operator.py took 0.147 seconds
[2025-06-16T14:07:32.437+0000] {processor.py:186} INFO - Started process (PID=778) to work on /home/airflow/.local/lib/python3.12/site-packages/airflow/example_dags/example_branch_operator.py
[2025-06-16T14:07:32.438+0000] {processor.py:914} INFO - Processing file /home/airflow/.local/lib/python3.12/site-packages/airflow/example_dags/example_branch_operator.py for tasks to queue
[2025-06-16T14:07:32.441+0000] {logging_mixin.py:190} INFO - [2025-06-16T14:07:32.441+0000] {dagbag.py:588} INFO - Filling up the DagBag from /home/airflow/.local/lib/python3.12/site-packages/airflow/example_dags/example_branch_operator.py
[2025-06-16T14:07:32.462+0000] {processor.py:925} INFO - DAG(s) 'example_branch_operator' retrieved from /home/airflow/.local/lib/python3.12/site-packages/airflow/example_dags/example_branch_operator.py
[2025-06-16T14:07:32.493+0000] {logging_mixin.py:190} INFO - [2025-06-16T14:07:32.493+0000] {dag.py:3239} INFO - Sync 1 DAGs
[2025-06-16T14:07:32.512+0000] {logging_mixin.py:190} INFO - [2025-06-16T14:07:32.512+0000] {dag.py:4180} INFO - Setting next_dagrun for example_branch_operator to 2025-06-15 00:00:00+00:00, run_after=2025-06-16 00:00:00+00:00
[2025-06-16T14:07:32.527+0000] {processor.py:208} INFO - Processing /home/airflow/.local/lib/python3.12/site-packages/airflow/example_dags/example_branch_operator.py took 0.095 seconds
[2025-06-16T14:08:02.794+0000] {processor.py:186} INFO - Started process (PID=840) to work on /home/airflow/.local/lib/python3.12/site-packages/airflow/example_dags/example_branch_operator.py
[2025-06-16T14:08:02.796+0000] {processor.py:914} INFO - Processing file /home/airflow/.local/lib/python3.12/site-packages/airflow/example_dags/example_branch_operator.py for tasks to queue
[2025-06-16T14:08:02.799+0000] {logging_mixin.py:190} INFO - [2025-06-16T14:08:02.798+0000] {dagbag.py:588} INFO - Filling up the DagBag from /home/airflow/.local/lib/python3.12/site-packages/airflow/example_dags/example_branch_operator.py
[2025-06-16T14:08:02.828+0000] {processor.py:925} INFO - DAG(s) 'example_branch_operator' retrieved from /home/airflow/.local/lib/python3.12/site-packages/airflow/example_dags/example_branch_operator.py
[2025-06-16T14:08:02.853+0000] {logging_mixin.py:190} INFO - [2025-06-16T14:08:02.853+0000] {dag.py:3239} INFO - Sync 1 DAGs
[2025-06-16T14:08:02.877+0000] {logging_mixin.py:190} INFO - [2025-06-16T14:08:02.877+0000] {dag.py:4180} INFO - Setting next_dagrun for example_branch_operator to 2025-06-15 00:00:00+00:00, run_after=2025-06-16 00:00:00+00:00
[2025-06-16T14:08:02.900+0000] {processor.py:208} INFO - Processing /home/airflow/.local/lib/python3.12/site-packages/airflow/example_dags/example_branch_operator.py took 0.111 seconds
[2025-06-16T14:08:33.074+0000] {processor.py:186} INFO - Started process (PID=903) to work on /home/airflow/.local/lib/python3.12/site-packages/airflow/example_dags/example_branch_operator.py
[2025-06-16T14:08:33.076+0000] {processor.py:914} INFO - Processing file /home/airflow/.local/lib/python3.12/site-packages/airflow/example_dags/example_branch_operator.py for tasks to queue
[2025-06-16T14:08:33.079+0000] {logging_mixin.py:190} INFO - [2025-06-16T14:08:33.078+0000] {dagbag.py:588} INFO - Filling up the DagBag from /home/airflow/.local/lib/python3.12/site-packages/airflow/example_dags/example_branch_operator.py
[2025-06-16T14:08:33.100+0000] {processor.py:925} INFO - DAG(s) 'example_branch_operator' retrieved from /home/airflow/.local/lib/python3.12/site-packages/airflow/example_dags/example_branch_operator.py
[2025-06-16T14:08:33.123+0000] {logging_mixin.py:190} INFO - [2025-06-16T14:08:33.123+0000] {dag.py:3239} INFO - Sync 1 DAGs
[2025-06-16T14:08:33.142+0000] {logging_mixin.py:190} INFO - [2025-06-16T14:08:33.142+0000] {dag.py:4180} INFO - Setting next_dagrun for example_branch_operator to 2025-06-15 00:00:00+00:00, run_after=2025-06-16 00:00:00+00:00
[2025-06-16T14:08:33.159+0000] {processor.py:208} INFO - Processing /home/airflow/.local/lib/python3.12/site-packages/airflow/example_dags/example_branch_operator.py took 0.091 seconds
[2025-06-16T14:09:04.146+0000] {processor.py:186} INFO - Started process (PID=966) to work on /home/airflow/.local/lib/python3.12/site-packages/airflow/example_dags/example_branch_operator.py
[2025-06-16T14:09:04.148+0000] {processor.py:914} INFO - Processing file /home/airflow/.local/lib/python3.12/site-packages/airflow/example_dags/example_branch_operator.py for tasks to queue
[2025-06-16T14:09:04.151+0000] {logging_mixin.py:190} INFO - [2025-06-16T14:09:04.151+0000] {dagbag.py:588} INFO - Filling up the DagBag from /home/airflow/.local/lib/python3.12/site-packages/airflow/example_dags/example_branch_operator.py
[2025-06-16T14:09:04.179+0000] {processor.py:925} INFO - DAG(s) 'example_branch_operator' retrieved from /home/airflow/.local/lib/python3.12/site-packages/airflow/example_dags/example_branch_operator.py
[2025-06-16T14:09:04.205+0000] {logging_mixin.py:190} INFO - [2025-06-16T14:09:04.205+0000] {dag.py:3239} INFO - Sync 1 DAGs
[2025-06-16T14:09:04.223+0000] {logging_mixin.py:190} INFO - [2025-06-16T14:09:04.222+0000] {dag.py:4180} INFO - Setting next_dagrun for example_branch_operator to 2025-06-15 00:00:00+00:00, run_after=2025-06-16 00:00:00+00:00
[2025-06-16T14:09:04.240+0000] {processor.py:208} INFO - Processing /home/airflow/.local/lib/python3.12/site-packages/airflow/example_dags/example_branch_operator.py took 0.100 seconds
[2025-06-16T14:09:35.090+0000] {processor.py:186} INFO - Started process (PID=1029) to work on /home/airflow/.local/lib/python3.12/site-packages/airflow/example_dags/example_branch_operator.py
[2025-06-16T14:09:35.091+0000] {processor.py:914} INFO - Processing file /home/airflow/.local/lib/python3.12/site-packages/airflow/example_dags/example_branch_operator.py for tasks to queue
[2025-06-16T14:09:35.095+0000] {logging_mixin.py:190} INFO - [2025-06-16T14:09:35.095+0000] {dagbag.py:588} INFO - Filling up the DagBag from /home/airflow/.local/lib/python3.12/site-packages/airflow/example_dags/example_branch_operator.py
[2025-06-16T14:09:35.122+0000] {processor.py:925} INFO - DAG(s) 'example_branch_operator' retrieved from /home/airflow/.local/lib/python3.12/site-packages/airflow/example_dags/example_branch_operator.py
[2025-06-16T14:09:35.142+0000] {logging_mixin.py:190} INFO - [2025-06-16T14:09:35.142+0000] {dag.py:3239} INFO - Sync 1 DAGs
[2025-06-16T14:09:35.164+0000] {logging_mixin.py:190} INFO - [2025-06-16T14:09:35.164+0000] {dag.py:4180} INFO - Setting next_dagrun for example_branch_operator to 2025-06-15 00:00:00+00:00, run_after=2025-06-16 00:00:00+00:00
[2025-06-16T14:09:35.177+0000] {processor.py:208} INFO - Processing /home/airflow/.local/lib/python3.12/site-packages/airflow/example_dags/example_branch_operator.py took 0.095 seconds
[2025-06-16T14:10:49.301+0000] {processor.py:186} INFO - Started process (PID=1092) to work on /home/airflow/.local/lib/python3.12/site-packages/airflow/example_dags/example_branch_operator.py
[2025-06-16T14:10:49.303+0000] {processor.py:914} INFO - Processing file /home/airflow/.local/lib/python3.12/site-packages/airflow/example_dags/example_branch_operator.py for tasks to queue
[2025-06-16T14:10:49.309+0000] {logging_mixin.py:190} INFO - [2025-06-16T14:10:49.308+0000] {dagbag.py:588} INFO - Filling up the DagBag from /home/airflow/.local/lib/python3.12/site-packages/airflow/example_dags/example_branch_operator.py
[2025-06-16T14:10:49.334+0000] {processor.py:925} INFO - DAG(s) 'example_branch_operator' retrieved from /home/airflow/.local/lib/python3.12/site-packages/airflow/example_dags/example_branch_operator.py
[2025-06-16T14:10:49.363+0000] {logging_mixin.py:190} INFO - [2025-06-16T14:10:49.363+0000] {dag.py:3239} INFO - Sync 1 DAGs
[2025-06-16T14:10:49.386+0000] {logging_mixin.py:190} INFO - [2025-06-16T14:10:49.386+0000] {dag.py:4180} INFO - Setting next_dagrun for example_branch_operator to 2025-06-15 00:00:00+00:00, run_after=2025-06-16 00:00:00+00:00
[2025-06-16T14:10:49.401+0000] {processor.py:208} INFO - Processing /home/airflow/.local/lib/python3.12/site-packages/airflow/example_dags/example_branch_operator.py took 0.113 seconds
[2025-06-16T14:11:38.266+0000] {processor.py:186} INFO - Started process (PID=1155) to work on /home/airflow/.local/lib/python3.12/site-packages/airflow/example_dags/example_branch_operator.py
[2025-06-16T14:11:38.272+0000] {processor.py:914} INFO - Processing file /home/airflow/.local/lib/python3.12/site-packages/airflow/example_dags/example_branch_operator.py for tasks to queue
[2025-06-16T14:11:38.281+0000] {logging_mixin.py:190} INFO - [2025-06-16T14:11:38.280+0000] {dagbag.py:588} INFO - Filling up the DagBag from /home/airflow/.local/lib/python3.12/site-packages/airflow/example_dags/example_branch_operator.py
[2025-06-16T14:11:38.329+0000] {processor.py:925} INFO - DAG(s) 'example_branch_operator' retrieved from /home/airflow/.local/lib/python3.12/site-packages/airflow/example_dags/example_branch_operator.py
[2025-06-16T14:11:38.377+0000] {logging_mixin.py:190} INFO - [2025-06-16T14:11:38.377+0000] {dag.py:3239} INFO - Sync 1 DAGs
[2025-06-16T14:11:38.410+0000] {logging_mixin.py:190} INFO - [2025-06-16T14:11:38.409+0000] {dag.py:4180} INFO - Setting next_dagrun for example_branch_operator to 2025-06-15 00:00:00+00:00, run_after=2025-06-16 00:00:00+00:00
[2025-06-16T14:11:38.429+0000] {processor.py:208} INFO - Processing /home/airflow/.local/lib/python3.12/site-packages/airflow/example_dags/example_branch_operator.py took 0.178 seconds
[2025-06-16T14:12:09.061+0000] {processor.py:186} INFO - Started process (PID=1218) to work on /home/airflow/.local/lib/python3.12/site-packages/airflow/example_dags/example_branch_operator.py
[2025-06-16T14:12:09.064+0000] {processor.py:914} INFO - Processing file /home/airflow/.local/lib/python3.12/site-packages/airflow/example_dags/example_branch_operator.py for tasks to queue
[2025-06-16T14:12:09.069+0000] {logging_mixin.py:190} INFO - [2025-06-16T14:12:09.069+0000] {dagbag.py:588} INFO - Filling up the DagBag from /home/airflow/.local/lib/python3.12/site-packages/airflow/example_dags/example_branch_operator.py
[2025-06-16T14:12:09.091+0000] {processor.py:925} INFO - DAG(s) 'example_branch_operator' retrieved from /home/airflow/.local/lib/python3.12/site-packages/airflow/example_dags/example_branch_operator.py
[2025-06-16T14:12:09.121+0000] {logging_mixin.py:190} INFO - [2025-06-16T14:12:09.121+0000] {dag.py:3239} INFO - Sync 1 DAGs
[2025-06-16T14:12:09.145+0000] {logging_mixin.py:190} INFO - [2025-06-16T14:12:09.145+0000] {dag.py:4180} INFO - Setting next_dagrun for example_branch_operator to 2025-06-15 00:00:00+00:00, run_after=2025-06-16 00:00:00+00:00
[2025-06-16T14:12:09.163+0000] {processor.py:208} INFO - Processing /home/airflow/.local/lib/python3.12/site-packages/airflow/example_dags/example_branch_operator.py took 0.106 seconds
[2025-06-16T14:12:39.362+0000] {processor.py:186} INFO - Started process (PID=1281) to work on /home/airflow/.local/lib/python3.12/site-packages/airflow/example_dags/example_branch_operator.py
[2025-06-16T14:12:39.366+0000] {processor.py:914} INFO - Processing file /home/airflow/.local/lib/python3.12/site-packages/airflow/example_dags/example_branch_operator.py for tasks to queue
[2025-06-16T14:12:39.376+0000] {logging_mixin.py:190} INFO - [2025-06-16T14:12:39.371+0000] {dagbag.py:588} INFO - Filling up the DagBag from /home/airflow/.local/lib/python3.12/site-packages/airflow/example_dags/example_branch_operator.py
[2025-06-16T14:12:39.409+0000] {processor.py:925} INFO - DAG(s) 'example_branch_operator' retrieved from /home/airflow/.local/lib/python3.12/site-packages/airflow/example_dags/example_branch_operator.py
[2025-06-16T14:12:39.429+0000] {logging_mixin.py:190} INFO - [2025-06-16T14:12:39.429+0000] {dag.py:3239} INFO - Sync 1 DAGs
[2025-06-16T14:12:39.446+0000] {logging_mixin.py:190} INFO - [2025-06-16T14:12:39.446+0000] {dag.py:4180} INFO - Setting next_dagrun for example_branch_operator to 2025-06-15 00:00:00+00:00, run_after=2025-06-16 00:00:00+00:00
[2025-06-16T14:12:39.459+0000] {processor.py:208} INFO - Processing /home/airflow/.local/lib/python3.12/site-packages/airflow/example_dags/example_branch_operator.py took 0.103 seconds
[2025-06-16T14:13:10.085+0000] {processor.py:186} INFO - Started process (PID=1344) to work on /home/airflow/.local/lib/python3.12/site-packages/airflow/example_dags/example_branch_operator.py
[2025-06-16T14:13:10.088+0000] {processor.py:914} INFO - Processing file /home/airflow/.local/lib/python3.12/site-packages/airflow/example_dags/example_branch_operator.py for tasks to queue
[2025-06-16T14:13:10.093+0000] {logging_mixin.py:190} INFO - [2025-06-16T14:13:10.093+0000] {dagbag.py:588} INFO - Filling up the DagBag from /home/airflow/.local/lib/python3.12/site-packages/airflow/example_dags/example_branch_operator.py
[2025-06-16T14:13:10.118+0000] {processor.py:925} INFO - DAG(s) 'example_branch_operator' retrieved from /home/airflow/.local/lib/python3.12/site-packages/airflow/example_dags/example_branch_operator.py
[2025-06-16T14:13:10.144+0000] {logging_mixin.py:190} INFO - [2025-06-16T14:13:10.143+0000] {dag.py:3239} INFO - Sync 1 DAGs
[2025-06-16T14:13:10.164+0000] {logging_mixin.py:190} INFO - [2025-06-16T14:13:10.164+0000] {dag.py:4180} INFO - Setting next_dagrun for example_branch_operator to 2025-06-15 00:00:00+00:00, run_after=2025-06-16 00:00:00+00:00
[2025-06-16T14:13:10.182+0000] {processor.py:208} INFO - Processing /home/airflow/.local/lib/python3.12/site-packages/airflow/example_dags/example_branch_operator.py took 0.105 seconds
[2025-06-16T14:13:40.737+0000] {processor.py:186} INFO - Started process (PID=1407) to work on /home/airflow/.local/lib/python3.12/site-packages/airflow/example_dags/example_branch_operator.py
[2025-06-16T14:13:40.739+0000] {processor.py:914} INFO - Processing file /home/airflow/.local/lib/python3.12/site-packages/airflow/example_dags/example_branch_operator.py for tasks to queue
[2025-06-16T14:13:40.741+0000] {logging_mixin.py:190} INFO - [2025-06-16T14:13:40.741+0000] {dagbag.py:588} INFO - Filling up the DagBag from /home/airflow/.local/lib/python3.12/site-packages/airflow/example_dags/example_branch_operator.py
[2025-06-16T14:13:40.767+0000] {processor.py:925} INFO - DAG(s) 'example_branch_operator' retrieved from /home/airflow/.local/lib/python3.12/site-packages/airflow/example_dags/example_branch_operator.py
[2025-06-16T14:13:40.789+0000] {logging_mixin.py:190} INFO - [2025-06-16T14:13:40.789+0000] {dag.py:3239} INFO - Sync 1 DAGs
[2025-06-16T14:13:40.806+0000] {logging_mixin.py:190} INFO - [2025-06-16T14:13:40.806+0000] {dag.py:4180} INFO - Setting next_dagrun for example_branch_operator to 2025-06-15 00:00:00+00:00, run_after=2025-06-16 00:00:00+00:00
[2025-06-16T14:13:40.821+0000] {processor.py:208} INFO - Processing /home/airflow/.local/lib/python3.12/site-packages/airflow/example_dags/example_branch_operator.py took 0.089 seconds
[2025-06-16T14:14:11.457+0000] {processor.py:186} INFO - Started process (PID=1470) to work on /home/airflow/.local/lib/python3.12/site-packages/airflow/example_dags/example_branch_operator.py
[2025-06-16T14:14:11.460+0000] {processor.py:914} INFO - Processing file /home/airflow/.local/lib/python3.12/site-packages/airflow/example_dags/example_branch_operator.py for tasks to queue
[2025-06-16T14:14:11.464+0000] {logging_mixin.py:190} INFO - [2025-06-16T14:14:11.464+0000] {dagbag.py:588} INFO - Filling up the DagBag from /home/airflow/.local/lib/python3.12/site-packages/airflow/example_dags/example_branch_operator.py
[2025-06-16T14:14:11.494+0000] {processor.py:925} INFO - DAG(s) 'example_branch_operator' retrieved from /home/airflow/.local/lib/python3.12/site-packages/airflow/example_dags/example_branch_operator.py
[2025-06-16T14:14:11.531+0000] {logging_mixin.py:190} INFO - [2025-06-16T14:14:11.531+0000] {dag.py:3239} INFO - Sync 1 DAGs
[2025-06-16T14:14:11.558+0000] {logging_mixin.py:190} INFO - [2025-06-16T14:14:11.558+0000] {dag.py:4180} INFO - Setting next_dagrun for example_branch_operator to 2025-06-15 00:00:00+00:00, run_after=2025-06-16 00:00:00+00:00
[2025-06-16T14:14:11.594+0000] {processor.py:208} INFO - Processing /home/airflow/.local/lib/python3.12/site-packages/airflow/example_dags/example_branch_operator.py took 0.151 seconds
[2025-06-16T15:07:17.294+0000] {processor.py:186} INFO - Started process (PID=1533) to work on /home/airflow/.local/lib/python3.12/site-packages/airflow/example_dags/example_branch_operator.py
[2025-06-16T15:07:17.296+0000] {processor.py:914} INFO - Processing file /home/airflow/.local/lib/python3.12/site-packages/airflow/example_dags/example_branch_operator.py for tasks to queue
[2025-06-16T15:07:17.301+0000] {logging_mixin.py:190} INFO - [2025-06-16T15:07:17.301+0000] {dagbag.py:588} INFO - Filling up the DagBag from /home/airflow/.local/lib/python3.12/site-packages/airflow/example_dags/example_branch_operator.py
[2025-06-16T15:07:17.326+0000] {processor.py:925} INFO - DAG(s) 'example_branch_operator' retrieved from /home/airflow/.local/lib/python3.12/site-packages/airflow/example_dags/example_branch_operator.py
[2025-06-16T15:07:17.343+0000] {logging_mixin.py:190} INFO - [2025-06-16T15:07:17.343+0000] {dag.py:3239} INFO - Sync 1 DAGs
[2025-06-16T15:07:17.358+0000] {logging_mixin.py:190} INFO - [2025-06-16T15:07:17.358+0000] {dag.py:4180} INFO - Setting next_dagrun for example_branch_operator to 2025-06-15 00:00:00+00:00, run_after=2025-06-16 00:00:00+00:00
[2025-06-16T15:07:17.369+0000] {processor.py:208} INFO - Processing /home/airflow/.local/lib/python3.12/site-packages/airflow/example_dags/example_branch_operator.py took 0.081 seconds
[2025-06-16T15:57:45.637+0000] {processor.py:186} INFO - Started process (PID=1596) to work on /home/airflow/.local/lib/python3.12/site-packages/airflow/example_dags/example_branch_operator.py
[2025-06-16T15:57:45.639+0000] {processor.py:914} INFO - Processing file /home/airflow/.local/lib/python3.12/site-packages/airflow/example_dags/example_branch_operator.py for tasks to queue
[2025-06-16T15:57:45.651+0000] {logging_mixin.py:190} INFO - [2025-06-16T15:57:45.650+0000] {dagbag.py:588} INFO - Filling up the DagBag from /home/airflow/.local/lib/python3.12/site-packages/airflow/example_dags/example_branch_operator.py
[2025-06-16T15:57:45.691+0000] {processor.py:925} INFO - DAG(s) 'example_branch_operator' retrieved from /home/airflow/.local/lib/python3.12/site-packages/airflow/example_dags/example_branch_operator.py
[2025-06-16T15:57:45.728+0000] {logging_mixin.py:190} INFO - [2025-06-16T15:57:45.727+0000] {dag.py:3239} INFO - Sync 1 DAGs
[2025-06-16T15:57:45.751+0000] {logging_mixin.py:190} INFO - [2025-06-16T15:57:45.751+0000] {dag.py:4180} INFO - Setting next_dagrun for example_branch_operator to 2025-06-15 00:00:00+00:00, run_after=2025-06-16 00:00:00+00:00
[2025-06-16T15:57:45.779+0000] {processor.py:208} INFO - Processing /home/airflow/.local/lib/python3.12/site-packages/airflow/example_dags/example_branch_operator.py took 0.147 seconds
[2025-06-16T17:08:51.731+0000] {processor.py:186} INFO - Started process (PID=1660) to work on /home/airflow/.local/lib/python3.12/site-packages/airflow/example_dags/example_branch_operator.py
[2025-06-16T17:08:51.737+0000] {processor.py:914} INFO - Processing file /home/airflow/.local/lib/python3.12/site-packages/airflow/example_dags/example_branch_operator.py for tasks to queue
[2025-06-16T17:08:51.760+0000] {logging_mixin.py:190} INFO - [2025-06-16T17:08:51.757+0000] {dagbag.py:588} INFO - Filling up the DagBag from /home/airflow/.local/lib/python3.12/site-packages/airflow/example_dags/example_branch_operator.py
[2025-06-16T17:08:51.809+0000] {processor.py:925} INFO - DAG(s) 'example_branch_operator' retrieved from /home/airflow/.local/lib/python3.12/site-packages/airflow/example_dags/example_branch_operator.py
[2025-06-16T17:08:51.836+0000] {logging_mixin.py:190} INFO - [2025-06-16T17:08:51.836+0000] {dag.py:3239} INFO - Sync 1 DAGs
[2025-06-16T17:08:51.890+0000] {logging_mixin.py:190} INFO - [2025-06-16T17:08:51.890+0000] {dag.py:4180} INFO - Setting next_dagrun for example_branch_operator to 2025-06-15 00:00:00+00:00, run_after=2025-06-16 00:00:00+00:00
[2025-06-16T17:08:51.916+0000] {processor.py:208} INFO - Processing /home/airflow/.local/lib/python3.12/site-packages/airflow/example_dags/example_branch_operator.py took 0.209 seconds
[2025-06-16T18:08:23.460+0000] {processor.py:186} INFO - Started process (PID=1723) to work on /home/airflow/.local/lib/python3.12/site-packages/airflow/example_dags/example_branch_operator.py
[2025-06-16T18:08:23.462+0000] {processor.py:914} INFO - Processing file /home/airflow/.local/lib/python3.12/site-packages/airflow/example_dags/example_branch_operator.py for tasks to queue
[2025-06-16T18:08:23.475+0000] {logging_mixin.py:190} INFO - [2025-06-16T18:08:23.474+0000] {dagbag.py:588} INFO - Filling up the DagBag from /home/airflow/.local/lib/python3.12/site-packages/airflow/example_dags/example_branch_operator.py
[2025-06-16T18:08:23.511+0000] {processor.py:925} INFO - DAG(s) 'example_branch_operator' retrieved from /home/airflow/.local/lib/python3.12/site-packages/airflow/example_dags/example_branch_operator.py
[2025-06-16T18:08:23.540+0000] {logging_mixin.py:190} INFO - [2025-06-16T18:08:23.539+0000] {dag.py:3239} INFO - Sync 1 DAGs
[2025-06-16T18:08:23.560+0000] {logging_mixin.py:190} INFO - [2025-06-16T18:08:23.560+0000] {dag.py:4180} INFO - Setting next_dagrun for example_branch_operator to 2025-06-15 00:00:00+00:00, run_after=2025-06-16 00:00:00+00:00
[2025-06-16T18:08:23.582+0000] {processor.py:208} INFO - Processing /home/airflow/.local/lib/python3.12/site-packages/airflow/example_dags/example_branch_operator.py took 0.131 seconds
[2025-06-16T19:23:07.987+0000] {processor.py:186} INFO - Started process (PID=1786) to work on /home/airflow/.local/lib/python3.12/site-packages/airflow/example_dags/example_branch_operator.py
[2025-06-16T19:23:07.991+0000] {processor.py:914} INFO - Processing file /home/airflow/.local/lib/python3.12/site-packages/airflow/example_dags/example_branch_operator.py for tasks to queue
[2025-06-16T19:23:08.005+0000] {logging_mixin.py:190} INFO - [2025-06-16T19:23:07.999+0000] {dagbag.py:588} INFO - Filling up the DagBag from /home/airflow/.local/lib/python3.12/site-packages/airflow/example_dags/example_branch_operator.py
[2025-06-16T19:23:08.058+0000] {processor.py:925} INFO - DAG(s) 'example_branch_operator' retrieved from /home/airflow/.local/lib/python3.12/site-packages/airflow/example_dags/example_branch_operator.py
[2025-06-16T19:23:08.127+0000] {logging_mixin.py:190} INFO - [2025-06-16T19:23:08.126+0000] {dag.py:3239} INFO - Sync 1 DAGs
[2025-06-16T19:23:08.189+0000] {logging_mixin.py:190} INFO - [2025-06-16T19:23:08.188+0000] {dag.py:4180} INFO - Setting next_dagrun for example_branch_operator to 2025-06-15 00:00:00+00:00, run_after=2025-06-16 00:00:00+00:00
[2025-06-16T19:23:08.252+0000] {processor.py:208} INFO - Processing /home/airflow/.local/lib/python3.12/site-packages/airflow/example_dags/example_branch_operator.py took 0.321 seconds
