[2025-06-16T13:59:27.216+0000] {processor.py:186} INFO - Started process (PID=91) to work on /home/airflow/.local/lib/python3.12/site-packages/airflow/example_dags/example_branch_python_dop_operator_3.py
[2025-06-16T13:59:27.220+0000] {processor.py:914} INFO - Processing file /home/airflow/.local/lib/python3.12/site-packages/airflow/example_dags/example_branch_python_dop_operator_3.py for tasks to queue
[2025-06-16T13:59:27.226+0000] {logging_mixin.py:190} INFO - [2025-06-16T13:59:27.225+0000] {dagbag.py:588} INFO - Filling up the DagBag from /home/airflow/.local/lib/python3.12/site-packages/airflow/example_dags/example_branch_python_dop_operator_3.py
[2025-06-16T13:59:27.241+0000] {processor.py:925} INFO - DAG(s) 'example_branch_dop_operator_v3' retrieved from /home/airflow/.local/lib/python3.12/site-packages/airflow/example_dags/example_branch_python_dop_operator_3.py
[2025-06-16T13:59:27.369+0000] {logging_mixin.py:190} INFO - [2025-06-16T13:59:27.368+0000] {override.py:1912} INFO - Created Permission View: can delete on DAG:example_branch_dop_operator_v3
[2025-06-16T13:59:27.390+0000] {logging_mixin.py:190} INFO - [2025-06-16T13:59:27.389+0000] {override.py:1912} INFO - Created Permission View: can read on DAG:example_branch_dop_operator_v3
[2025-06-16T13:59:27.407+0000] {logging_mixin.py:190} INFO - [2025-06-16T13:59:27.406+0000] {override.py:1912} INFO - Created Permission View: can edit on DAG:example_branch_dop_operator_v3
[2025-06-16T13:59:27.422+0000] {logging_mixin.py:190} INFO - [2025-06-16T13:59:27.421+0000] {override.py:1912} INFO - Created Permission View: can delete on DAG Run:example_branch_dop_operator_v3
[2025-06-16T13:59:27.437+0000] {logging_mixin.py:190} INFO - [2025-06-16T13:59:27.436+0000] {override.py:1912} INFO - Created Permission View: can create on DAG Run:example_branch_dop_operator_v3
[2025-06-16T13:59:27.452+0000] {logging_mixin.py:190} INFO - [2025-06-16T13:59:27.452+0000] {override.py:1912} INFO - Created Permission View: can read on DAG Run:example_branch_dop_operator_v3
[2025-06-16T13:59:27.466+0000] {logging_mixin.py:190} INFO - [2025-06-16T13:59:27.466+0000] {override.py:1912} INFO - Created Permission View: menu access on DAG Run:example_branch_dop_operator_v3
[2025-06-16T13:59:27.468+0000] {logging_mixin.py:190} INFO - [2025-06-16T13:59:27.468+0000] {dag.py:3239} INFO - Sync 1 DAGs
[2025-06-16T13:59:27.486+0000] {logging_mixin.py:190} INFO - [2025-06-16T13:59:27.486+0000] {dag.py:3262} INFO - Creating ORM DAG for example_branch_dop_operator_v3
[2025-06-16T13:59:27.502+0000] {logging_mixin.py:190} INFO - [2025-06-16T13:59:27.502+0000] {dag.py:4180} INFO - Setting next_dagrun for example_branch_dop_operator_v3 to 2025-06-16 13:58:00+00:00, run_after=2025-06-16 13:59:00+00:00
[2025-06-16T13:59:27.531+0000] {processor.py:208} INFO - Processing /home/airflow/.local/lib/python3.12/site-packages/airflow/example_dags/example_branch_python_dop_operator_3.py took 0.319 seconds
[2025-06-16T13:59:58.400+0000] {processor.py:186} INFO - Started process (PID=154) to work on /home/airflow/.local/lib/python3.12/site-packages/airflow/example_dags/example_branch_python_dop_operator_3.py
[2025-06-16T13:59:58.402+0000] {processor.py:914} INFO - Processing file /home/airflow/.local/lib/python3.12/site-packages/airflow/example_dags/example_branch_python_dop_operator_3.py for tasks to queue
[2025-06-16T13:59:58.405+0000] {logging_mixin.py:190} INFO - [2025-06-16T13:59:58.405+0000] {dagbag.py:588} INFO - Filling up the DagBag from /home/airflow/.local/lib/python3.12/site-packages/airflow/example_dags/example_branch_python_dop_operator_3.py
[2025-06-16T13:59:58.416+0000] {processor.py:925} INFO - DAG(s) 'example_branch_dop_operator_v3' retrieved from /home/airflow/.local/lib/python3.12/site-packages/airflow/example_dags/example_branch_python_dop_operator_3.py
[2025-06-16T13:59:58.445+0000] {logging_mixin.py:190} INFO - [2025-06-16T13:59:58.445+0000] {dag.py:3239} INFO - Sync 1 DAGs
[2025-06-16T13:59:58.471+0000] {logging_mixin.py:190} INFO - [2025-06-16T13:59:58.471+0000] {dag.py:4180} INFO - Setting next_dagrun for example_branch_dop_operator_v3 to 2025-06-16 13:58:00+00:00, run_after=2025-06-16 13:59:00+00:00
[2025-06-16T13:59:58.492+0000] {processor.py:208} INFO - Processing /home/airflow/.local/lib/python3.12/site-packages/airflow/example_dags/example_branch_python_dop_operator_3.py took 0.096 seconds
[2025-06-16T14:00:28.554+0000] {processor.py:186} INFO - Started process (PID=216) to work on /home/airflow/.local/lib/python3.12/site-packages/airflow/example_dags/example_branch_python_dop_operator_3.py
[2025-06-16T14:00:28.557+0000] {processor.py:914} INFO - Processing file /home/airflow/.local/lib/python3.12/site-packages/airflow/example_dags/example_branch_python_dop_operator_3.py for tasks to queue
[2025-06-16T14:00:28.562+0000] {logging_mixin.py:190} INFO - [2025-06-16T14:00:28.562+0000] {dagbag.py:588} INFO - Filling up the DagBag from /home/airflow/.local/lib/python3.12/site-packages/airflow/example_dags/example_branch_python_dop_operator_3.py
[2025-06-16T14:00:28.576+0000] {processor.py:925} INFO - DAG(s) 'example_branch_dop_operator_v3' retrieved from /home/airflow/.local/lib/python3.12/site-packages/airflow/example_dags/example_branch_python_dop_operator_3.py
[2025-06-16T14:00:28.599+0000] {logging_mixin.py:190} INFO - [2025-06-16T14:00:28.599+0000] {dag.py:3239} INFO - Sync 1 DAGs
[2025-06-16T14:00:28.619+0000] {logging_mixin.py:190} INFO - [2025-06-16T14:00:28.618+0000] {dag.py:4180} INFO - Setting next_dagrun for example_branch_dop_operator_v3 to 2025-06-16 13:59:00+00:00, run_after=2025-06-16 14:00:00+00:00
[2025-06-16T14:00:28.631+0000] {processor.py:208} INFO - Processing /home/airflow/.local/lib/python3.12/site-packages/airflow/example_dags/example_branch_python_dop_operator_3.py took 0.085 seconds
[2025-06-16T14:00:59.489+0000] {processor.py:186} INFO - Started process (PID=278) to work on /home/airflow/.local/lib/python3.12/site-packages/airflow/example_dags/example_branch_python_dop_operator_3.py
[2025-06-16T14:00:59.492+0000] {processor.py:914} INFO - Processing file /home/airflow/.local/lib/python3.12/site-packages/airflow/example_dags/example_branch_python_dop_operator_3.py for tasks to queue
[2025-06-16T14:00:59.496+0000] {logging_mixin.py:190} INFO - [2025-06-16T14:00:59.495+0000] {dagbag.py:588} INFO - Filling up the DagBag from /home/airflow/.local/lib/python3.12/site-packages/airflow/example_dags/example_branch_python_dop_operator_3.py
[2025-06-16T14:00:59.507+0000] {processor.py:925} INFO - DAG(s) 'example_branch_dop_operator_v3' retrieved from /home/airflow/.local/lib/python3.12/site-packages/airflow/example_dags/example_branch_python_dop_operator_3.py
[2025-06-16T14:00:59.524+0000] {logging_mixin.py:190} INFO - [2025-06-16T14:00:59.524+0000] {dag.py:3239} INFO - Sync 1 DAGs
[2025-06-16T14:00:59.540+0000] {logging_mixin.py:190} INFO - [2025-06-16T14:00:59.539+0000] {dag.py:4180} INFO - Setting next_dagrun for example_branch_dop_operator_v3 to 2025-06-16 13:59:00+00:00, run_after=2025-06-16 14:00:00+00:00
[2025-06-16T14:00:59.553+0000] {processor.py:208} INFO - Processing /home/airflow/.local/lib/python3.12/site-packages/airflow/example_dags/example_branch_python_dop_operator_3.py took 0.073 seconds
[2025-06-16T14:01:30.223+0000] {processor.py:186} INFO - Started process (PID=341) to work on /home/airflow/.local/lib/python3.12/site-packages/airflow/example_dags/example_branch_python_dop_operator_3.py
[2025-06-16T14:01:30.225+0000] {processor.py:914} INFO - Processing file /home/airflow/.local/lib/python3.12/site-packages/airflow/example_dags/example_branch_python_dop_operator_3.py for tasks to queue
[2025-06-16T14:01:30.228+0000] {logging_mixin.py:190} INFO - [2025-06-16T14:01:30.227+0000] {dagbag.py:588} INFO - Filling up the DagBag from /home/airflow/.local/lib/python3.12/site-packages/airflow/example_dags/example_branch_python_dop_operator_3.py
[2025-06-16T14:01:30.237+0000] {processor.py:925} INFO - DAG(s) 'example_branch_dop_operator_v3' retrieved from /home/airflow/.local/lib/python3.12/site-packages/airflow/example_dags/example_branch_python_dop_operator_3.py
[2025-06-16T14:01:30.251+0000] {logging_mixin.py:190} INFO - [2025-06-16T14:01:30.251+0000] {dag.py:3239} INFO - Sync 1 DAGs
[2025-06-16T14:01:30.266+0000] {logging_mixin.py:190} INFO - [2025-06-16T14:01:30.266+0000] {dag.py:4180} INFO - Setting next_dagrun for example_branch_dop_operator_v3 to 2025-06-16 14:00:00+00:00, run_after=2025-06-16 14:01:00+00:00
[2025-06-16T14:01:30.278+0000] {processor.py:208} INFO - Processing /home/airflow/.local/lib/python3.12/site-packages/airflow/example_dags/example_branch_python_dop_operator_3.py took 0.059 seconds
[2025-06-16T14:02:00.893+0000] {processor.py:186} INFO - Started process (PID=404) to work on /home/airflow/.local/lib/python3.12/site-packages/airflow/example_dags/example_branch_python_dop_operator_3.py
[2025-06-16T14:02:00.896+0000] {processor.py:914} INFO - Processing file /home/airflow/.local/lib/python3.12/site-packages/airflow/example_dags/example_branch_python_dop_operator_3.py for tasks to queue
[2025-06-16T14:02:00.900+0000] {logging_mixin.py:190} INFO - [2025-06-16T14:02:00.900+0000] {dagbag.py:588} INFO - Filling up the DagBag from /home/airflow/.local/lib/python3.12/site-packages/airflow/example_dags/example_branch_python_dop_operator_3.py
[2025-06-16T14:02:00.909+0000] {processor.py:925} INFO - DAG(s) 'example_branch_dop_operator_v3' retrieved from /home/airflow/.local/lib/python3.12/site-packages/airflow/example_dags/example_branch_python_dop_operator_3.py
[2025-06-16T14:02:00.925+0000] {logging_mixin.py:190} INFO - [2025-06-16T14:02:00.925+0000] {dag.py:3239} INFO - Sync 1 DAGs
[2025-06-16T14:02:00.943+0000] {logging_mixin.py:190} INFO - [2025-06-16T14:02:00.943+0000] {dag.py:4180} INFO - Setting next_dagrun for example_branch_dop_operator_v3 to 2025-06-16 14:01:00+00:00, run_after=2025-06-16 14:02:00+00:00
[2025-06-16T14:02:00.961+0000] {processor.py:208} INFO - Processing /home/airflow/.local/lib/python3.12/site-packages/airflow/example_dags/example_branch_python_dop_operator_3.py took 0.077 seconds
[2025-06-16T14:02:32.268+0000] {processor.py:186} INFO - Started process (PID=466) to work on /home/airflow/.local/lib/python3.12/site-packages/airflow/example_dags/example_branch_python_dop_operator_3.py
[2025-06-16T14:02:32.272+0000] {processor.py:914} INFO - Processing file /home/airflow/.local/lib/python3.12/site-packages/airflow/example_dags/example_branch_python_dop_operator_3.py for tasks to queue
[2025-06-16T14:02:32.283+0000] {logging_mixin.py:190} INFO - [2025-06-16T14:02:32.282+0000] {dagbag.py:588} INFO - Filling up the DagBag from /home/airflow/.local/lib/python3.12/site-packages/airflow/example_dags/example_branch_python_dop_operator_3.py
[2025-06-16T14:02:32.311+0000] {processor.py:925} INFO - DAG(s) 'example_branch_dop_operator_v3' retrieved from /home/airflow/.local/lib/python3.12/site-packages/airflow/example_dags/example_branch_python_dop_operator_3.py
[2025-06-16T14:02:32.359+0000] {logging_mixin.py:190} INFO - [2025-06-16T14:02:32.358+0000] {dag.py:3239} INFO - Sync 1 DAGs
[2025-06-16T14:02:32.399+0000] {logging_mixin.py:190} INFO - [2025-06-16T14:02:32.399+0000] {dag.py:4180} INFO - Setting next_dagrun for example_branch_dop_operator_v3 to 2025-06-16 14:01:00+00:00, run_after=2025-06-16 14:02:00+00:00
[2025-06-16T14:02:32.431+0000] {processor.py:208} INFO - Processing /home/airflow/.local/lib/python3.12/site-packages/airflow/example_dags/example_branch_python_dop_operator_3.py took 0.189 seconds
[2025-06-16T14:05:30.683+0000] {processor.py:186} INFO - Started process (PID=554) to work on /home/airflow/.local/lib/python3.12/site-packages/airflow/example_dags/example_branch_python_dop_operator_3.py
[2025-06-16T14:05:30.686+0000] {processor.py:914} INFO - Processing file /home/airflow/.local/lib/python3.12/site-packages/airflow/example_dags/example_branch_python_dop_operator_3.py for tasks to queue
[2025-06-16T14:05:30.689+0000] {logging_mixin.py:190} INFO - [2025-06-16T14:05:30.689+0000] {dagbag.py:588} INFO - Filling up the DagBag from /home/airflow/.local/lib/python3.12/site-packages/airflow/example_dags/example_branch_python_dop_operator_3.py
[2025-06-16T14:05:30.698+0000] {processor.py:925} INFO - DAG(s) 'example_branch_dop_operator_v3' retrieved from /home/airflow/.local/lib/python3.12/site-packages/airflow/example_dags/example_branch_python_dop_operator_3.py
[2025-06-16T14:05:30.716+0000] {logging_mixin.py:190} INFO - [2025-06-16T14:05:30.716+0000] {dag.py:3239} INFO - Sync 1 DAGs
[2025-06-16T14:05:30.733+0000] {logging_mixin.py:190} INFO - [2025-06-16T14:05:30.732+0000] {dag.py:4180} INFO - Setting next_dagrun for example_branch_dop_operator_v3 to 2025-06-16 14:04:00+00:00, run_after=2025-06-16 14:05:00+00:00
[2025-06-16T14:05:30.744+0000] {processor.py:208} INFO - Processing /home/airflow/.local/lib/python3.12/site-packages/airflow/example_dags/example_branch_python_dop_operator_3.py took 0.067 seconds
[2025-06-16T14:06:01.515+0000] {processor.py:186} INFO - Started process (PID=617) to work on /home/airflow/.local/lib/python3.12/site-packages/airflow/example_dags/example_branch_python_dop_operator_3.py
[2025-06-16T14:06:01.519+0000] {processor.py:914} INFO - Processing file /home/airflow/.local/lib/python3.12/site-packages/airflow/example_dags/example_branch_python_dop_operator_3.py for tasks to queue
[2025-06-16T14:06:01.521+0000] {logging_mixin.py:190} INFO - [2025-06-16T14:06:01.521+0000] {dagbag.py:588} INFO - Filling up the DagBag from /home/airflow/.local/lib/python3.12/site-packages/airflow/example_dags/example_branch_python_dop_operator_3.py
[2025-06-16T14:06:01.527+0000] {processor.py:925} INFO - DAG(s) 'example_branch_dop_operator_v3' retrieved from /home/airflow/.local/lib/python3.12/site-packages/airflow/example_dags/example_branch_python_dop_operator_3.py
[2025-06-16T14:06:01.539+0000] {logging_mixin.py:190} INFO - [2025-06-16T14:06:01.539+0000] {dag.py:3239} INFO - Sync 1 DAGs
[2025-06-16T14:06:01.554+0000] {logging_mixin.py:190} INFO - [2025-06-16T14:06:01.554+0000] {dag.py:4180} INFO - Setting next_dagrun for example_branch_dop_operator_v3 to 2025-06-16 14:05:00+00:00, run_after=2025-06-16 14:06:00+00:00
[2025-06-16T14:06:01.566+0000] {processor.py:208} INFO - Processing /home/airflow/.local/lib/python3.12/site-packages/airflow/example_dags/example_branch_python_dop_operator_3.py took 0.054 seconds
[2025-06-16T14:06:32.278+0000] {processor.py:186} INFO - Started process (PID=680) to work on /home/airflow/.local/lib/python3.12/site-packages/airflow/example_dags/example_branch_python_dop_operator_3.py
[2025-06-16T14:06:32.279+0000] {processor.py:914} INFO - Processing file /home/airflow/.local/lib/python3.12/site-packages/airflow/example_dags/example_branch_python_dop_operator_3.py for tasks to queue
[2025-06-16T14:06:32.282+0000] {logging_mixin.py:190} INFO - [2025-06-16T14:06:32.282+0000] {dagbag.py:588} INFO - Filling up the DagBag from /home/airflow/.local/lib/python3.12/site-packages/airflow/example_dags/example_branch_python_dop_operator_3.py
[2025-06-16T14:06:32.289+0000] {processor.py:925} INFO - DAG(s) 'example_branch_dop_operator_v3' retrieved from /home/airflow/.local/lib/python3.12/site-packages/airflow/example_dags/example_branch_python_dop_operator_3.py
[2025-06-16T14:06:32.300+0000] {logging_mixin.py:190} INFO - [2025-06-16T14:06:32.300+0000] {dag.py:3239} INFO - Sync 1 DAGs
[2025-06-16T14:06:32.314+0000] {logging_mixin.py:190} INFO - [2025-06-16T14:06:32.314+0000] {dag.py:4180} INFO - Setting next_dagrun for example_branch_dop_operator_v3 to 2025-06-16 14:05:00+00:00, run_after=2025-06-16 14:06:00+00:00
[2025-06-16T14:06:32.323+0000] {processor.py:208} INFO - Processing /home/airflow/.local/lib/python3.12/site-packages/airflow/example_dags/example_branch_python_dop_operator_3.py took 0.049 seconds
[2025-06-16T14:07:03.300+0000] {processor.py:186} INFO - Started process (PID=742) to work on /home/airflow/.local/lib/python3.12/site-packages/airflow/example_dags/example_branch_python_dop_operator_3.py
[2025-06-16T14:07:03.302+0000] {processor.py:914} INFO - Processing file /home/airflow/.local/lib/python3.12/site-packages/airflow/example_dags/example_branch_python_dop_operator_3.py for tasks to queue
[2025-06-16T14:07:03.303+0000] {logging_mixin.py:190} INFO - [2025-06-16T14:07:03.303+0000] {dagbag.py:588} INFO - Filling up the DagBag from /home/airflow/.local/lib/python3.12/site-packages/airflow/example_dags/example_branch_python_dop_operator_3.py
[2025-06-16T14:07:03.312+0000] {processor.py:925} INFO - DAG(s) 'example_branch_dop_operator_v3' retrieved from /home/airflow/.local/lib/python3.12/site-packages/airflow/example_dags/example_branch_python_dop_operator_3.py
[2025-06-16T14:07:03.330+0000] {logging_mixin.py:190} INFO - [2025-06-16T14:07:03.330+0000] {dag.py:3239} INFO - Sync 1 DAGs
[2025-06-16T14:07:03.345+0000] {logging_mixin.py:190} INFO - [2025-06-16T14:07:03.344+0000] {dag.py:4180} INFO - Setting next_dagrun for example_branch_dop_operator_v3 to 2025-06-16 14:06:00+00:00, run_after=2025-06-16 14:07:00+00:00
[2025-06-16T14:07:03.355+0000] {processor.py:208} INFO - Processing /home/airflow/.local/lib/python3.12/site-packages/airflow/example_dags/example_branch_python_dop_operator_3.py took 0.059 seconds
[2025-06-16T14:07:34.122+0000] {processor.py:186} INFO - Started process (PID=804) to work on /home/airflow/.local/lib/python3.12/site-packages/airflow/example_dags/example_branch_python_dop_operator_3.py
[2025-06-16T14:07:34.124+0000] {processor.py:914} INFO - Processing file /home/airflow/.local/lib/python3.12/site-packages/airflow/example_dags/example_branch_python_dop_operator_3.py for tasks to queue
[2025-06-16T14:07:34.127+0000] {logging_mixin.py:190} INFO - [2025-06-16T14:07:34.127+0000] {dagbag.py:588} INFO - Filling up the DagBag from /home/airflow/.local/lib/python3.12/site-packages/airflow/example_dags/example_branch_python_dop_operator_3.py
[2025-06-16T14:07:34.134+0000] {processor.py:925} INFO - DAG(s) 'example_branch_dop_operator_v3' retrieved from /home/airflow/.local/lib/python3.12/site-packages/airflow/example_dags/example_branch_python_dop_operator_3.py
[2025-06-16T14:07:34.157+0000] {logging_mixin.py:190} INFO - [2025-06-16T14:07:34.156+0000] {dag.py:3239} INFO - Sync 1 DAGs
[2025-06-16T14:07:34.188+0000] {logging_mixin.py:190} INFO - [2025-06-16T14:07:34.188+0000] {dag.py:4180} INFO - Setting next_dagrun for example_branch_dop_operator_v3 to 2025-06-16 14:06:00+00:00, run_after=2025-06-16 14:07:00+00:00
[2025-06-16T14:07:34.207+0000] {processor.py:208} INFO - Processing /home/airflow/.local/lib/python3.12/site-packages/airflow/example_dags/example_branch_python_dop_operator_3.py took 0.091 seconds
[2025-06-16T14:08:05.478+0000] {processor.py:186} INFO - Started process (PID=866) to work on /home/airflow/.local/lib/python3.12/site-packages/airflow/example_dags/example_branch_python_dop_operator_3.py
[2025-06-16T14:08:05.479+0000] {processor.py:914} INFO - Processing file /home/airflow/.local/lib/python3.12/site-packages/airflow/example_dags/example_branch_python_dop_operator_3.py for tasks to queue
[2025-06-16T14:08:05.481+0000] {logging_mixin.py:190} INFO - [2025-06-16T14:08:05.481+0000] {dagbag.py:588} INFO - Filling up the DagBag from /home/airflow/.local/lib/python3.12/site-packages/airflow/example_dags/example_branch_python_dop_operator_3.py
[2025-06-16T14:08:05.489+0000] {processor.py:925} INFO - DAG(s) 'example_branch_dop_operator_v3' retrieved from /home/airflow/.local/lib/python3.12/site-packages/airflow/example_dags/example_branch_python_dop_operator_3.py
[2025-06-16T14:08:05.503+0000] {logging_mixin.py:190} INFO - [2025-06-16T14:08:05.503+0000] {dag.py:3239} INFO - Sync 1 DAGs
[2025-06-16T14:08:05.522+0000] {logging_mixin.py:190} INFO - [2025-06-16T14:08:05.522+0000] {dag.py:4180} INFO - Setting next_dagrun for example_branch_dop_operator_v3 to 2025-06-16 14:07:00+00:00, run_after=2025-06-16 14:08:00+00:00
[2025-06-16T14:08:05.536+0000] {processor.py:208} INFO - Processing /home/airflow/.local/lib/python3.12/site-packages/airflow/example_dags/example_branch_python_dop_operator_3.py took 0.062 seconds
[2025-06-16T14:08:36.479+0000] {processor.py:186} INFO - Started process (PID=929) to work on /home/airflow/.local/lib/python3.12/site-packages/airflow/example_dags/example_branch_python_dop_operator_3.py
[2025-06-16T14:08:36.480+0000] {processor.py:914} INFO - Processing file /home/airflow/.local/lib/python3.12/site-packages/airflow/example_dags/example_branch_python_dop_operator_3.py for tasks to queue
[2025-06-16T14:08:36.482+0000] {logging_mixin.py:190} INFO - [2025-06-16T14:08:36.482+0000] {dagbag.py:588} INFO - Filling up the DagBag from /home/airflow/.local/lib/python3.12/site-packages/airflow/example_dags/example_branch_python_dop_operator_3.py
[2025-06-16T14:08:36.489+0000] {processor.py:925} INFO - DAG(s) 'example_branch_dop_operator_v3' retrieved from /home/airflow/.local/lib/python3.12/site-packages/airflow/example_dags/example_branch_python_dop_operator_3.py
[2025-06-16T14:08:36.505+0000] {logging_mixin.py:190} INFO - [2025-06-16T14:08:36.504+0000] {dag.py:3239} INFO - Sync 1 DAGs
[2025-06-16T14:08:36.521+0000] {logging_mixin.py:190} INFO - [2025-06-16T14:08:36.520+0000] {dag.py:4180} INFO - Setting next_dagrun for example_branch_dop_operator_v3 to 2025-06-16 14:07:00+00:00, run_after=2025-06-16 14:08:00+00:00
[2025-06-16T14:08:36.532+0000] {processor.py:208} INFO - Processing /home/airflow/.local/lib/python3.12/site-packages/airflow/example_dags/example_branch_python_dop_operator_3.py took 0.057 seconds
[2025-06-16T14:09:07.718+0000] {processor.py:186} INFO - Started process (PID=993) to work on /home/airflow/.local/lib/python3.12/site-packages/airflow/example_dags/example_branch_python_dop_operator_3.py
[2025-06-16T14:09:07.720+0000] {processor.py:914} INFO - Processing file /home/airflow/.local/lib/python3.12/site-packages/airflow/example_dags/example_branch_python_dop_operator_3.py for tasks to queue
[2025-06-16T14:09:07.722+0000] {logging_mixin.py:190} INFO - [2025-06-16T14:09:07.722+0000] {dagbag.py:588} INFO - Filling up the DagBag from /home/airflow/.local/lib/python3.12/site-packages/airflow/example_dags/example_branch_python_dop_operator_3.py
[2025-06-16T14:09:07.730+0000] {processor.py:925} INFO - DAG(s) 'example_branch_dop_operator_v3' retrieved from /home/airflow/.local/lib/python3.12/site-packages/airflow/example_dags/example_branch_python_dop_operator_3.py
[2025-06-16T14:09:07.742+0000] {logging_mixin.py:190} INFO - [2025-06-16T14:09:07.741+0000] {dag.py:3239} INFO - Sync 1 DAGs
[2025-06-16T14:09:07.756+0000] {logging_mixin.py:190} INFO - [2025-06-16T14:09:07.756+0000] {dag.py:4180} INFO - Setting next_dagrun for example_branch_dop_operator_v3 to 2025-06-16 14:08:00+00:00, run_after=2025-06-16 14:09:00+00:00
[2025-06-16T14:09:07.767+0000] {processor.py:208} INFO - Processing /home/airflow/.local/lib/python3.12/site-packages/airflow/example_dags/example_branch_python_dop_operator_3.py took 0.052 seconds
[2025-06-16T14:09:38.475+0000] {processor.py:186} INFO - Started process (PID=1055) to work on /home/airflow/.local/lib/python3.12/site-packages/airflow/example_dags/example_branch_python_dop_operator_3.py
[2025-06-16T14:09:38.476+0000] {processor.py:914} INFO - Processing file /home/airflow/.local/lib/python3.12/site-packages/airflow/example_dags/example_branch_python_dop_operator_3.py for tasks to queue
[2025-06-16T14:09:38.480+0000] {logging_mixin.py:190} INFO - [2025-06-16T14:09:38.480+0000] {dagbag.py:588} INFO - Filling up the DagBag from /home/airflow/.local/lib/python3.12/site-packages/airflow/example_dags/example_branch_python_dop_operator_3.py
[2025-06-16T14:09:38.488+0000] {processor.py:925} INFO - DAG(s) 'example_branch_dop_operator_v3' retrieved from /home/airflow/.local/lib/python3.12/site-packages/airflow/example_dags/example_branch_python_dop_operator_3.py
[2025-06-16T14:09:38.502+0000] {logging_mixin.py:190} INFO - [2025-06-16T14:09:38.502+0000] {dag.py:3239} INFO - Sync 1 DAGs
[2025-06-16T14:09:38.517+0000] {logging_mixin.py:190} INFO - [2025-06-16T14:09:38.517+0000] {dag.py:4180} INFO - Setting next_dagrun for example_branch_dop_operator_v3 to 2025-06-16 14:08:00+00:00, run_after=2025-06-16 14:09:00+00:00
[2025-06-16T14:09:38.527+0000] {processor.py:208} INFO - Processing /home/airflow/.local/lib/python3.12/site-packages/airflow/example_dags/example_branch_python_dop_operator_3.py took 0.056 seconds
[2025-06-16T14:10:50.956+0000] {processor.py:186} INFO - Started process (PID=1119) to work on /home/airflow/.local/lib/python3.12/site-packages/airflow/example_dags/example_branch_python_dop_operator_3.py
[2025-06-16T14:10:50.958+0000] {processor.py:914} INFO - Processing file /home/airflow/.local/lib/python3.12/site-packages/airflow/example_dags/example_branch_python_dop_operator_3.py for tasks to queue
[2025-06-16T14:10:50.960+0000] {logging_mixin.py:190} INFO - [2025-06-16T14:10:50.960+0000] {dagbag.py:588} INFO - Filling up the DagBag from /home/airflow/.local/lib/python3.12/site-packages/airflow/example_dags/example_branch_python_dop_operator_3.py
[2025-06-16T14:10:50.966+0000] {processor.py:925} INFO - DAG(s) 'example_branch_dop_operator_v3' retrieved from /home/airflow/.local/lib/python3.12/site-packages/airflow/example_dags/example_branch_python_dop_operator_3.py
[2025-06-16T14:10:50.982+0000] {logging_mixin.py:190} INFO - [2025-06-16T14:10:50.982+0000] {dag.py:3239} INFO - Sync 1 DAGs
[2025-06-16T14:10:51.000+0000] {logging_mixin.py:190} INFO - [2025-06-16T14:10:51.000+0000] {dag.py:4180} INFO - Setting next_dagrun for example_branch_dop_operator_v3 to 2025-06-16 14:09:00+00:00, run_after=2025-06-16 14:10:00+00:00
[2025-06-16T14:10:51.011+0000] {processor.py:208} INFO - Processing /home/airflow/.local/lib/python3.12/site-packages/airflow/example_dags/example_branch_python_dop_operator_3.py took 0.058 seconds
[2025-06-16T14:11:40.851+0000] {processor.py:186} INFO - Started process (PID=1182) to work on /home/airflow/.local/lib/python3.12/site-packages/airflow/example_dags/example_branch_python_dop_operator_3.py
[2025-06-16T14:11:40.853+0000] {processor.py:914} INFO - Processing file /home/airflow/.local/lib/python3.12/site-packages/airflow/example_dags/example_branch_python_dop_operator_3.py for tasks to queue
[2025-06-16T14:11:40.857+0000] {logging_mixin.py:190} INFO - [2025-06-16T14:11:40.857+0000] {dagbag.py:588} INFO - Filling up the DagBag from /home/airflow/.local/lib/python3.12/site-packages/airflow/example_dags/example_branch_python_dop_operator_3.py
[2025-06-16T14:11:40.868+0000] {processor.py:925} INFO - DAG(s) 'example_branch_dop_operator_v3' retrieved from /home/airflow/.local/lib/python3.12/site-packages/airflow/example_dags/example_branch_python_dop_operator_3.py
[2025-06-16T14:11:40.909+0000] {logging_mixin.py:190} INFO - [2025-06-16T14:11:40.909+0000] {dag.py:3239} INFO - Sync 1 DAGs
[2025-06-16T14:11:40.950+0000] {logging_mixin.py:190} INFO - [2025-06-16T14:11:40.950+0000] {dag.py:4180} INFO - Setting next_dagrun for example_branch_dop_operator_v3 to 2025-06-16 14:10:00+00:00, run_after=2025-06-16 14:11:00+00:00
[2025-06-16T14:11:40.969+0000] {processor.py:208} INFO - Processing /home/airflow/.local/lib/python3.12/site-packages/airflow/example_dags/example_branch_python_dop_operator_3.py took 0.121 seconds
[2025-06-16T14:12:11.012+0000] {processor.py:186} INFO - Started process (PID=1244) to work on /home/airflow/.local/lib/python3.12/site-packages/airflow/example_dags/example_branch_python_dop_operator_3.py
[2025-06-16T14:12:11.014+0000] {processor.py:914} INFO - Processing file /home/airflow/.local/lib/python3.12/site-packages/airflow/example_dags/example_branch_python_dop_operator_3.py for tasks to queue
[2025-06-16T14:12:11.016+0000] {logging_mixin.py:190} INFO - [2025-06-16T14:12:11.016+0000] {dagbag.py:588} INFO - Filling up the DagBag from /home/airflow/.local/lib/python3.12/site-packages/airflow/example_dags/example_branch_python_dop_operator_3.py
[2025-06-16T14:12:11.023+0000] {processor.py:925} INFO - DAG(s) 'example_branch_dop_operator_v3' retrieved from /home/airflow/.local/lib/python3.12/site-packages/airflow/example_dags/example_branch_python_dop_operator_3.py
[2025-06-16T14:12:11.041+0000] {logging_mixin.py:190} INFO - [2025-06-16T14:12:11.041+0000] {dag.py:3239} INFO - Sync 1 DAGs
[2025-06-16T14:12:11.059+0000] {logging_mixin.py:190} INFO - [2025-06-16T14:12:11.059+0000] {dag.py:4180} INFO - Setting next_dagrun for example_branch_dop_operator_v3 to 2025-06-16 14:11:00+00:00, run_after=2025-06-16 14:12:00+00:00
[2025-06-16T14:12:11.069+0000] {processor.py:208} INFO - Processing /home/airflow/.local/lib/python3.12/site-packages/airflow/example_dags/example_branch_python_dop_operator_3.py took 0.060 seconds
[2025-06-16T14:12:41.919+0000] {processor.py:186} INFO - Started process (PID=1307) to work on /home/airflow/.local/lib/python3.12/site-packages/airflow/example_dags/example_branch_python_dop_operator_3.py
[2025-06-16T14:12:41.921+0000] {processor.py:914} INFO - Processing file /home/airflow/.local/lib/python3.12/site-packages/airflow/example_dags/example_branch_python_dop_operator_3.py for tasks to queue
[2025-06-16T14:12:41.923+0000] {logging_mixin.py:190} INFO - [2025-06-16T14:12:41.923+0000] {dagbag.py:588} INFO - Filling up the DagBag from /home/airflow/.local/lib/python3.12/site-packages/airflow/example_dags/example_branch_python_dop_operator_3.py
[2025-06-16T14:12:41.930+0000] {processor.py:925} INFO - DAG(s) 'example_branch_dop_operator_v3' retrieved from /home/airflow/.local/lib/python3.12/site-packages/airflow/example_dags/example_branch_python_dop_operator_3.py
[2025-06-16T14:12:41.940+0000] {logging_mixin.py:190} INFO - [2025-06-16T14:12:41.940+0000] {dag.py:3239} INFO - Sync 1 DAGs
[2025-06-16T14:12:41.953+0000] {logging_mixin.py:190} INFO - [2025-06-16T14:12:41.953+0000] {dag.py:4180} INFO - Setting next_dagrun for example_branch_dop_operator_v3 to 2025-06-16 14:11:00+00:00, run_after=2025-06-16 14:12:00+00:00
[2025-06-16T14:12:41.968+0000] {processor.py:208} INFO - Processing /home/airflow/.local/lib/python3.12/site-packages/airflow/example_dags/example_branch_python_dop_operator_3.py took 0.052 seconds
[2025-06-16T14:13:12.540+0000] {processor.py:186} INFO - Started process (PID=1370) to work on /home/airflow/.local/lib/python3.12/site-packages/airflow/example_dags/example_branch_python_dop_operator_3.py
[2025-06-16T14:13:12.541+0000] {processor.py:914} INFO - Processing file /home/airflow/.local/lib/python3.12/site-packages/airflow/example_dags/example_branch_python_dop_operator_3.py for tasks to queue
[2025-06-16T14:13:12.544+0000] {logging_mixin.py:190} INFO - [2025-06-16T14:13:12.543+0000] {dagbag.py:588} INFO - Filling up the DagBag from /home/airflow/.local/lib/python3.12/site-packages/airflow/example_dags/example_branch_python_dop_operator_3.py
[2025-06-16T14:13:12.550+0000] {processor.py:925} INFO - DAG(s) 'example_branch_dop_operator_v3' retrieved from /home/airflow/.local/lib/python3.12/site-packages/airflow/example_dags/example_branch_python_dop_operator_3.py
[2025-06-16T14:13:12.563+0000] {logging_mixin.py:190} INFO - [2025-06-16T14:13:12.563+0000] {dag.py:3239} INFO - Sync 1 DAGs
[2025-06-16T14:13:12.580+0000] {logging_mixin.py:190} INFO - [2025-06-16T14:13:12.580+0000] {dag.py:4180} INFO - Setting next_dagrun for example_branch_dop_operator_v3 to 2025-06-16 14:12:00+00:00, run_after=2025-06-16 14:13:00+00:00
[2025-06-16T14:13:12.589+0000] {processor.py:208} INFO - Processing /home/airflow/.local/lib/python3.12/site-packages/airflow/example_dags/example_branch_python_dop_operator_3.py took 0.053 seconds
[2025-06-16T14:13:43.227+0000] {processor.py:186} INFO - Started process (PID=1433) to work on /home/airflow/.local/lib/python3.12/site-packages/airflow/example_dags/example_branch_python_dop_operator_3.py
[2025-06-16T14:13:43.229+0000] {processor.py:914} INFO - Processing file /home/airflow/.local/lib/python3.12/site-packages/airflow/example_dags/example_branch_python_dop_operator_3.py for tasks to queue
[2025-06-16T14:13:43.230+0000] {logging_mixin.py:190} INFO - [2025-06-16T14:13:43.230+0000] {dagbag.py:588} INFO - Filling up the DagBag from /home/airflow/.local/lib/python3.12/site-packages/airflow/example_dags/example_branch_python_dop_operator_3.py
[2025-06-16T14:13:43.237+0000] {processor.py:925} INFO - DAG(s) 'example_branch_dop_operator_v3' retrieved from /home/airflow/.local/lib/python3.12/site-packages/airflow/example_dags/example_branch_python_dop_operator_3.py
[2025-06-16T14:13:43.248+0000] {logging_mixin.py:190} INFO - [2025-06-16T14:13:43.248+0000] {dag.py:3239} INFO - Sync 1 DAGs
[2025-06-16T14:13:43.265+0000] {logging_mixin.py:190} INFO - [2025-06-16T14:13:43.265+0000] {dag.py:4180} INFO - Setting next_dagrun for example_branch_dop_operator_v3 to 2025-06-16 14:12:00+00:00, run_after=2025-06-16 14:13:00+00:00
[2025-06-16T14:13:43.278+0000] {processor.py:208} INFO - Processing /home/airflow/.local/lib/python3.12/site-packages/airflow/example_dags/example_branch_python_dop_operator_3.py took 0.054 seconds
[2025-06-16T14:14:14.740+0000] {processor.py:186} INFO - Started process (PID=1496) to work on /home/airflow/.local/lib/python3.12/site-packages/airflow/example_dags/example_branch_python_dop_operator_3.py
[2025-06-16T14:14:14.741+0000] {processor.py:914} INFO - Processing file /home/airflow/.local/lib/python3.12/site-packages/airflow/example_dags/example_branch_python_dop_operator_3.py for tasks to queue
[2025-06-16T14:14:14.746+0000] {logging_mixin.py:190} INFO - [2025-06-16T14:14:14.746+0000] {dagbag.py:588} INFO - Filling up the DagBag from /home/airflow/.local/lib/python3.12/site-packages/airflow/example_dags/example_branch_python_dop_operator_3.py
[2025-06-16T14:14:14.754+0000] {processor.py:925} INFO - DAG(s) 'example_branch_dop_operator_v3' retrieved from /home/airflow/.local/lib/python3.12/site-packages/airflow/example_dags/example_branch_python_dop_operator_3.py
[2025-06-16T14:14:14.770+0000] {logging_mixin.py:190} INFO - [2025-06-16T14:14:14.770+0000] {dag.py:3239} INFO - Sync 1 DAGs
[2025-06-16T14:14:14.788+0000] {logging_mixin.py:190} INFO - [2025-06-16T14:14:14.787+0000] {dag.py:4180} INFO - Setting next_dagrun for example_branch_dop_operator_v3 to 2025-06-16 14:13:00+00:00, run_after=2025-06-16 14:14:00+00:00
[2025-06-16T14:14:14.802+0000] {processor.py:208} INFO - Processing /home/airflow/.local/lib/python3.12/site-packages/airflow/example_dags/example_branch_python_dop_operator_3.py took 0.067 seconds
[2025-06-16T15:07:18.679+0000] {processor.py:186} INFO - Started process (PID=1560) to work on /home/airflow/.local/lib/python3.12/site-packages/airflow/example_dags/example_branch_python_dop_operator_3.py
[2025-06-16T15:07:18.681+0000] {processor.py:914} INFO - Processing file /home/airflow/.local/lib/python3.12/site-packages/airflow/example_dags/example_branch_python_dop_operator_3.py for tasks to queue
[2025-06-16T15:07:18.682+0000] {logging_mixin.py:190} INFO - [2025-06-16T15:07:18.682+0000] {dagbag.py:588} INFO - Filling up the DagBag from /home/airflow/.local/lib/python3.12/site-packages/airflow/example_dags/example_branch_python_dop_operator_3.py
[2025-06-16T15:07:18.689+0000] {processor.py:925} INFO - DAG(s) 'example_branch_dop_operator_v3' retrieved from /home/airflow/.local/lib/python3.12/site-packages/airflow/example_dags/example_branch_python_dop_operator_3.py
[2025-06-16T15:07:18.704+0000] {logging_mixin.py:190} INFO - [2025-06-16T15:07:18.704+0000] {dag.py:3239} INFO - Sync 1 DAGs
[2025-06-16T15:07:18.721+0000] {logging_mixin.py:190} INFO - [2025-06-16T15:07:18.721+0000] {dag.py:4180} INFO - Setting next_dagrun for example_branch_dop_operator_v3 to 2025-06-16 15:06:00+00:00, run_after=2025-06-16 15:07:00+00:00
[2025-06-16T15:07:18.733+0000] {processor.py:208} INFO - Processing /home/airflow/.local/lib/python3.12/site-packages/airflow/example_dags/example_branch_python_dop_operator_3.py took 0.057 seconds
[2025-06-16T15:57:50.848+0000] {processor.py:186} INFO - Started process (PID=1623) to work on /home/airflow/.local/lib/python3.12/site-packages/airflow/example_dags/example_branch_python_dop_operator_3.py
[2025-06-16T15:57:50.852+0000] {processor.py:914} INFO - Processing file /home/airflow/.local/lib/python3.12/site-packages/airflow/example_dags/example_branch_python_dop_operator_3.py for tasks to queue
[2025-06-16T15:57:50.856+0000] {logging_mixin.py:190} INFO - [2025-06-16T15:57:50.856+0000] {dagbag.py:588} INFO - Filling up the DagBag from /home/airflow/.local/lib/python3.12/site-packages/airflow/example_dags/example_branch_python_dop_operator_3.py
[2025-06-16T15:57:50.871+0000] {processor.py:925} INFO - DAG(s) 'example_branch_dop_operator_v3' retrieved from /home/airflow/.local/lib/python3.12/site-packages/airflow/example_dags/example_branch_python_dop_operator_3.py
[2025-06-16T15:57:50.900+0000] {logging_mixin.py:190} INFO - [2025-06-16T15:57:50.899+0000] {dag.py:3239} INFO - Sync 1 DAGs
[2025-06-16T15:57:50.929+0000] {logging_mixin.py:190} INFO - [2025-06-16T15:57:50.929+0000] {dag.py:4180} INFO - Setting next_dagrun for example_branch_dop_operator_v3 to 2025-06-16 15:56:00+00:00, run_after=2025-06-16 15:57:00+00:00
[2025-06-16T15:57:50.952+0000] {processor.py:208} INFO - Processing /home/airflow/.local/lib/python3.12/site-packages/airflow/example_dags/example_branch_python_dop_operator_3.py took 0.108 seconds
[2025-06-16T17:08:54.526+0000] {processor.py:186} INFO - Started process (PID=1687) to work on /home/airflow/.local/lib/python3.12/site-packages/airflow/example_dags/example_branch_python_dop_operator_3.py
[2025-06-16T17:08:54.530+0000] {processor.py:914} INFO - Processing file /home/airflow/.local/lib/python3.12/site-packages/airflow/example_dags/example_branch_python_dop_operator_3.py for tasks to queue
[2025-06-16T17:08:54.535+0000] {logging_mixin.py:190} INFO - [2025-06-16T17:08:54.535+0000] {dagbag.py:588} INFO - Filling up the DagBag from /home/airflow/.local/lib/python3.12/site-packages/airflow/example_dags/example_branch_python_dop_operator_3.py
[2025-06-16T17:08:54.549+0000] {processor.py:925} INFO - DAG(s) 'example_branch_dop_operator_v3' retrieved from /home/airflow/.local/lib/python3.12/site-packages/airflow/example_dags/example_branch_python_dop_operator_3.py
[2025-06-16T17:08:54.589+0000] {logging_mixin.py:190} INFO - [2025-06-16T17:08:54.589+0000] {dag.py:3239} INFO - Sync 1 DAGs
[2025-06-16T17:08:54.613+0000] {logging_mixin.py:190} INFO - [2025-06-16T17:08:54.613+0000] {dag.py:4180} INFO - Setting next_dagrun for example_branch_dop_operator_v3 to 2025-06-16 17:07:00+00:00, run_after=2025-06-16 17:08:00+00:00
[2025-06-16T17:08:54.628+0000] {processor.py:208} INFO - Processing /home/airflow/.local/lib/python3.12/site-packages/airflow/example_dags/example_branch_python_dop_operator_3.py took 0.109 seconds
[2025-06-16T18:08:29.692+0000] {processor.py:186} INFO - Started process (PID=1750) to work on /home/airflow/.local/lib/python3.12/site-packages/airflow/example_dags/example_branch_python_dop_operator_3.py
[2025-06-16T18:08:29.695+0000] {processor.py:914} INFO - Processing file /home/airflow/.local/lib/python3.12/site-packages/airflow/example_dags/example_branch_python_dop_operator_3.py for tasks to queue
[2025-06-16T18:08:29.699+0000] {logging_mixin.py:190} INFO - [2025-06-16T18:08:29.699+0000] {dagbag.py:588} INFO - Filling up the DagBag from /home/airflow/.local/lib/python3.12/site-packages/airflow/example_dags/example_branch_python_dop_operator_3.py
[2025-06-16T18:08:29.715+0000] {processor.py:925} INFO - DAG(s) 'example_branch_dop_operator_v3' retrieved from /home/airflow/.local/lib/python3.12/site-packages/airflow/example_dags/example_branch_python_dop_operator_3.py
[2025-06-16T18:08:29.751+0000] {logging_mixin.py:190} INFO - [2025-06-16T18:08:29.751+0000] {dag.py:3239} INFO - Sync 1 DAGs
[2025-06-16T18:08:29.787+0000] {logging_mixin.py:190} INFO - [2025-06-16T18:08:29.787+0000] {dag.py:4180} INFO - Setting next_dagrun for example_branch_dop_operator_v3 to 2025-06-16 18:07:00+00:00, run_after=2025-06-16 18:08:00+00:00
[2025-06-16T18:08:29.823+0000] {processor.py:208} INFO - Processing /home/airflow/.local/lib/python3.12/site-packages/airflow/example_dags/example_branch_python_dop_operator_3.py took 0.146 seconds
[2025-06-16T19:23:36.419+0000] {processor.py:186} INFO - Started process (PID=1819) to work on /home/airflow/.local/lib/python3.12/site-packages/airflow/example_dags/example_branch_python_dop_operator_3.py
[2025-06-16T19:23:36.425+0000] {processor.py:914} INFO - Processing file /home/airflow/.local/lib/python3.12/site-packages/airflow/example_dags/example_branch_python_dop_operator_3.py for tasks to queue
[2025-06-16T19:23:36.434+0000] {logging_mixin.py:190} INFO - [2025-06-16T19:23:36.433+0000] {dagbag.py:588} INFO - Filling up the DagBag from /home/airflow/.local/lib/python3.12/site-packages/airflow/example_dags/example_branch_python_dop_operator_3.py
[2025-06-16T19:23:36.451+0000] {processor.py:925} INFO - DAG(s) 'example_branch_dop_operator_v3' retrieved from /home/airflow/.local/lib/python3.12/site-packages/airflow/example_dags/example_branch_python_dop_operator_3.py
[2025-06-16T19:23:36.501+0000] {logging_mixin.py:190} INFO - [2025-06-16T19:23:36.501+0000] {dag.py:3239} INFO - Sync 1 DAGs
[2025-06-16T19:23:36.581+0000] {logging_mixin.py:190} INFO - [2025-06-16T19:23:36.581+0000] {dag.py:4180} INFO - Setting next_dagrun for example_branch_dop_operator_v3 to 2025-06-16 19:22:00+00:00, run_after=2025-06-16 19:23:00+00:00
[2025-06-16T19:23:36.691+0000] {processor.py:208} INFO - Processing /home/airflow/.local/lib/python3.12/site-packages/airflow/example_dags/example_branch_python_dop_operator_3.py took 0.278 seconds
