[2025-06-16T13:59:33.754+0000] {processor.py:186} INFO - Started process (PID=110) to work on /home/airflow/.local/lib/python3.12/site-packages/airflow/example_dags/example_sensor_decorator.py
[2025-06-16T13:59:33.764+0000] {processor.py:914} INFO - Processing file /home/airflow/.local/lib/python3.12/site-packages/airflow/example_dags/example_sensor_decorator.py for tasks to queue
[2025-06-16T13:59:33.779+0000] {logging_mixin.py:190} INFO - [2025-06-16T13:59:33.778+0000] {dagbag.py:588} INFO - Filling up the DagBag from /home/airflow/.local/lib/python3.12/site-packages/airflow/example_dags/example_sensor_decorator.py
[2025-06-16T13:59:33.823+0000] {processor.py:925} INFO - DAG(s) 'example_sensor_decorator' retrieved from /home/airflow/.local/lib/python3.12/site-packages/airflow/example_dags/example_sensor_decorator.py
[2025-06-16T13:59:33.995+0000] {logging_mixin.py:190} INFO - [2025-06-16T13:59:33.994+0000] {override.py:1912} INFO - Created Permission View: can delete on DAG:example_sensor_decorator
[2025-06-16T13:59:34.020+0000] {logging_mixin.py:190} INFO - [2025-06-16T13:59:34.019+0000] {override.py:1912} INFO - Created Permission View: can read on DAG:example_sensor_decorator
[2025-06-16T13:59:34.029+0000] {logging_mixin.py:190} INFO - [2025-06-16T13:59:34.028+0000] {override.py:1912} INFO - Created Permission View: can edit on DAG:example_sensor_decorator
[2025-06-16T13:59:34.053+0000] {logging_mixin.py:190} INFO - [2025-06-16T13:59:34.052+0000] {override.py:1912} INFO - Created Permission View: can delete on DAG Run:example_sensor_decorator
[2025-06-16T13:59:34.061+0000] {logging_mixin.py:190} INFO - [2025-06-16T13:59:34.061+0000] {override.py:1912} INFO - Created Permission View: can create on DAG Run:example_sensor_decorator
[2025-06-16T13:59:34.070+0000] {logging_mixin.py:190} INFO - [2025-06-16T13:59:34.070+0000] {override.py:1912} INFO - Created Permission View: can read on DAG Run:example_sensor_decorator
[2025-06-16T13:59:34.095+0000] {logging_mixin.py:190} INFO - [2025-06-16T13:59:34.092+0000] {override.py:1912} INFO - Created Permission View: menu access on DAG Run:example_sensor_decorator
[2025-06-16T13:59:34.108+0000] {logging_mixin.py:190} INFO - [2025-06-16T13:59:34.105+0000] {dag.py:3239} INFO - Sync 1 DAGs
[2025-06-16T13:59:34.133+0000] {logging_mixin.py:190} INFO - [2025-06-16T13:59:34.133+0000] {dag.py:3262} INFO - Creating ORM DAG for example_sensor_decorator
[2025-06-16T13:59:34.140+0000] {logging_mixin.py:190} INFO - [2025-06-16T13:59:34.140+0000] {dag.py:4180} INFO - Setting next_dagrun for example_sensor_decorator to None, run_after=None
[2025-06-16T13:59:34.234+0000] {processor.py:208} INFO - Processing /home/airflow/.local/lib/python3.12/site-packages/airflow/example_dags/example_sensor_decorator.py took 0.520 seconds
[2025-06-16T14:00:05.009+0000] {processor.py:186} INFO - Started process (PID=173) to work on /home/airflow/.local/lib/python3.12/site-packages/airflow/example_dags/example_sensor_decorator.py
[2025-06-16T14:00:05.011+0000] {processor.py:914} INFO - Processing file /home/airflow/.local/lib/python3.12/site-packages/airflow/example_dags/example_sensor_decorator.py for tasks to queue
[2025-06-16T14:00:05.014+0000] {logging_mixin.py:190} INFO - [2025-06-16T14:00:05.014+0000] {dagbag.py:588} INFO - Filling up the DagBag from /home/airflow/.local/lib/python3.12/site-packages/airflow/example_dags/example_sensor_decorator.py
[2025-06-16T14:00:05.022+0000] {processor.py:925} INFO - DAG(s) 'example_sensor_decorator' retrieved from /home/airflow/.local/lib/python3.12/site-packages/airflow/example_dags/example_sensor_decorator.py
[2025-06-16T14:00:05.044+0000] {logging_mixin.py:190} INFO - [2025-06-16T14:00:05.044+0000] {dag.py:3239} INFO - Sync 1 DAGs
[2025-06-16T14:00:05.057+0000] {logging_mixin.py:190} INFO - [2025-06-16T14:00:05.057+0000] {dag.py:4180} INFO - Setting next_dagrun for example_sensor_decorator to None, run_after=None
[2025-06-16T14:00:05.070+0000] {processor.py:208} INFO - Processing /home/airflow/.local/lib/python3.12/site-packages/airflow/example_dags/example_sensor_decorator.py took 0.066 seconds
[2025-06-16T14:00:35.281+0000] {processor.py:186} INFO - Started process (PID=235) to work on /home/airflow/.local/lib/python3.12/site-packages/airflow/example_dags/example_sensor_decorator.py
[2025-06-16T14:00:35.284+0000] {processor.py:914} INFO - Processing file /home/airflow/.local/lib/python3.12/site-packages/airflow/example_dags/example_sensor_decorator.py for tasks to queue
[2025-06-16T14:00:35.287+0000] {logging_mixin.py:190} INFO - [2025-06-16T14:00:35.287+0000] {dagbag.py:588} INFO - Filling up the DagBag from /home/airflow/.local/lib/python3.12/site-packages/airflow/example_dags/example_sensor_decorator.py
[2025-06-16T14:00:35.301+0000] {processor.py:925} INFO - DAG(s) 'example_sensor_decorator' retrieved from /home/airflow/.local/lib/python3.12/site-packages/airflow/example_dags/example_sensor_decorator.py
[2025-06-16T14:00:35.335+0000] {logging_mixin.py:190} INFO - [2025-06-16T14:00:35.334+0000] {dag.py:3239} INFO - Sync 1 DAGs
[2025-06-16T14:00:35.362+0000] {logging_mixin.py:190} INFO - [2025-06-16T14:00:35.362+0000] {dag.py:4180} INFO - Setting next_dagrun for example_sensor_decorator to None, run_after=None
[2025-06-16T14:00:35.379+0000] {processor.py:208} INFO - Processing /home/airflow/.local/lib/python3.12/site-packages/airflow/example_dags/example_sensor_decorator.py took 0.107 seconds
[2025-06-16T14:01:05.787+0000] {processor.py:186} INFO - Started process (PID=297) to work on /home/airflow/.local/lib/python3.12/site-packages/airflow/example_dags/example_sensor_decorator.py
[2025-06-16T14:01:05.790+0000] {processor.py:914} INFO - Processing file /home/airflow/.local/lib/python3.12/site-packages/airflow/example_dags/example_sensor_decorator.py for tasks to queue
[2025-06-16T14:01:05.794+0000] {logging_mixin.py:190} INFO - [2025-06-16T14:01:05.793+0000] {dagbag.py:588} INFO - Filling up the DagBag from /home/airflow/.local/lib/python3.12/site-packages/airflow/example_dags/example_sensor_decorator.py
[2025-06-16T14:01:05.804+0000] {processor.py:925} INFO - DAG(s) 'example_sensor_decorator' retrieved from /home/airflow/.local/lib/python3.12/site-packages/airflow/example_dags/example_sensor_decorator.py
[2025-06-16T14:01:05.823+0000] {logging_mixin.py:190} INFO - [2025-06-16T14:01:05.823+0000] {dag.py:3239} INFO - Sync 1 DAGs
[2025-06-16T14:01:05.834+0000] {logging_mixin.py:190} INFO - [2025-06-16T14:01:05.834+0000] {dag.py:4180} INFO - Setting next_dagrun for example_sensor_decorator to None, run_after=None
[2025-06-16T14:01:05.848+0000] {processor.py:208} INFO - Processing /home/airflow/.local/lib/python3.12/site-packages/airflow/example_dags/example_sensor_decorator.py took 0.071 seconds
[2025-06-16T14:01:36.541+0000] {processor.py:186} INFO - Started process (PID=360) to work on /home/airflow/.local/lib/python3.12/site-packages/airflow/example_dags/example_sensor_decorator.py
[2025-06-16T14:01:36.544+0000] {processor.py:914} INFO - Processing file /home/airflow/.local/lib/python3.12/site-packages/airflow/example_dags/example_sensor_decorator.py for tasks to queue
[2025-06-16T14:01:36.549+0000] {logging_mixin.py:190} INFO - [2025-06-16T14:01:36.549+0000] {dagbag.py:588} INFO - Filling up the DagBag from /home/airflow/.local/lib/python3.12/site-packages/airflow/example_dags/example_sensor_decorator.py
[2025-06-16T14:01:36.559+0000] {processor.py:925} INFO - DAG(s) 'example_sensor_decorator' retrieved from /home/airflow/.local/lib/python3.12/site-packages/airflow/example_dags/example_sensor_decorator.py
[2025-06-16T14:01:36.579+0000] {logging_mixin.py:190} INFO - [2025-06-16T14:01:36.579+0000] {dag.py:3239} INFO - Sync 1 DAGs
[2025-06-16T14:01:36.588+0000] {logging_mixin.py:190} INFO - [2025-06-16T14:01:36.588+0000] {dag.py:4180} INFO - Setting next_dagrun for example_sensor_decorator to None, run_after=None
[2025-06-16T14:01:36.602+0000] {processor.py:208} INFO - Processing /home/airflow/.local/lib/python3.12/site-packages/airflow/example_dags/example_sensor_decorator.py took 0.071 seconds
[2025-06-16T14:02:07.197+0000] {processor.py:186} INFO - Started process (PID=423) to work on /home/airflow/.local/lib/python3.12/site-packages/airflow/example_dags/example_sensor_decorator.py
[2025-06-16T14:02:07.200+0000] {processor.py:914} INFO - Processing file /home/airflow/.local/lib/python3.12/site-packages/airflow/example_dags/example_sensor_decorator.py for tasks to queue
[2025-06-16T14:02:07.204+0000] {logging_mixin.py:190} INFO - [2025-06-16T14:02:07.204+0000] {dagbag.py:588} INFO - Filling up the DagBag from /home/airflow/.local/lib/python3.12/site-packages/airflow/example_dags/example_sensor_decorator.py
[2025-06-16T14:02:07.212+0000] {processor.py:925} INFO - DAG(s) 'example_sensor_decorator' retrieved from /home/airflow/.local/lib/python3.12/site-packages/airflow/example_dags/example_sensor_decorator.py
[2025-06-16T14:02:07.230+0000] {logging_mixin.py:190} INFO - [2025-06-16T14:02:07.230+0000] {dag.py:3239} INFO - Sync 1 DAGs
[2025-06-16T14:02:07.239+0000] {logging_mixin.py:190} INFO - [2025-06-16T14:02:07.239+0000] {dag.py:4180} INFO - Setting next_dagrun for example_sensor_decorator to None, run_after=None
[2025-06-16T14:02:07.252+0000] {processor.py:208} INFO - Processing /home/airflow/.local/lib/python3.12/site-packages/airflow/example_dags/example_sensor_decorator.py took 0.063 seconds
[2025-06-16T14:02:37.893+0000] {processor.py:186} INFO - Started process (PID=485) to work on /home/airflow/.local/lib/python3.12/site-packages/airflow/example_dags/example_sensor_decorator.py
[2025-06-16T14:02:37.896+0000] {processor.py:914} INFO - Processing file /home/airflow/.local/lib/python3.12/site-packages/airflow/example_dags/example_sensor_decorator.py for tasks to queue
[2025-06-16T14:02:37.899+0000] {logging_mixin.py:190} INFO - [2025-06-16T14:02:37.899+0000] {dagbag.py:588} INFO - Filling up the DagBag from /home/airflow/.local/lib/python3.12/site-packages/airflow/example_dags/example_sensor_decorator.py
[2025-06-16T14:02:37.910+0000] {processor.py:925} INFO - DAG(s) 'example_sensor_decorator' retrieved from /home/airflow/.local/lib/python3.12/site-packages/airflow/example_dags/example_sensor_decorator.py
[2025-06-16T14:02:37.930+0000] {logging_mixin.py:190} INFO - [2025-06-16T14:02:37.930+0000] {dag.py:3239} INFO - Sync 1 DAGs
[2025-06-16T14:02:37.940+0000] {logging_mixin.py:190} INFO - [2025-06-16T14:02:37.940+0000] {dag.py:4180} INFO - Setting next_dagrun for example_sensor_decorator to None, run_after=None
[2025-06-16T14:02:37.957+0000] {processor.py:208} INFO - Processing /home/airflow/.local/lib/python3.12/site-packages/airflow/example_dags/example_sensor_decorator.py took 0.073 seconds
[2025-06-16T14:05:32.212+0000] {processor.py:186} INFO - Started process (PID=573) to work on /home/airflow/.local/lib/python3.12/site-packages/airflow/example_dags/example_sensor_decorator.py
[2025-06-16T14:05:32.214+0000] {processor.py:914} INFO - Processing file /home/airflow/.local/lib/python3.12/site-packages/airflow/example_dags/example_sensor_decorator.py for tasks to queue
[2025-06-16T14:05:32.215+0000] {logging_mixin.py:190} INFO - [2025-06-16T14:05:32.215+0000] {dagbag.py:588} INFO - Filling up the DagBag from /home/airflow/.local/lib/python3.12/site-packages/airflow/example_dags/example_sensor_decorator.py
[2025-06-16T14:05:32.221+0000] {processor.py:925} INFO - DAG(s) 'example_sensor_decorator' retrieved from /home/airflow/.local/lib/python3.12/site-packages/airflow/example_dags/example_sensor_decorator.py
[2025-06-16T14:05:32.233+0000] {logging_mixin.py:190} INFO - [2025-06-16T14:05:32.233+0000] {dag.py:3239} INFO - Sync 1 DAGs
[2025-06-16T14:05:32.241+0000] {logging_mixin.py:190} INFO - [2025-06-16T14:05:32.241+0000] {dag.py:4180} INFO - Setting next_dagrun for example_sensor_decorator to None, run_after=None
[2025-06-16T14:05:32.256+0000] {processor.py:208} INFO - Processing /home/airflow/.local/lib/python3.12/site-packages/airflow/example_dags/example_sensor_decorator.py took 0.048 seconds
[2025-06-16T14:06:02.925+0000] {processor.py:186} INFO - Started process (PID=636) to work on /home/airflow/.local/lib/python3.12/site-packages/airflow/example_dags/example_sensor_decorator.py
[2025-06-16T14:06:02.927+0000] {processor.py:914} INFO - Processing file /home/airflow/.local/lib/python3.12/site-packages/airflow/example_dags/example_sensor_decorator.py for tasks to queue
[2025-06-16T14:06:02.929+0000] {logging_mixin.py:190} INFO - [2025-06-16T14:06:02.929+0000] {dagbag.py:588} INFO - Filling up the DagBag from /home/airflow/.local/lib/python3.12/site-packages/airflow/example_dags/example_sensor_decorator.py
[2025-06-16T14:06:02.934+0000] {processor.py:925} INFO - DAG(s) 'example_sensor_decorator' retrieved from /home/airflow/.local/lib/python3.12/site-packages/airflow/example_dags/example_sensor_decorator.py
[2025-06-16T14:06:02.948+0000] {logging_mixin.py:190} INFO - [2025-06-16T14:06:02.948+0000] {dag.py:3239} INFO - Sync 1 DAGs
[2025-06-16T14:06:02.958+0000] {logging_mixin.py:190} INFO - [2025-06-16T14:06:02.958+0000] {dag.py:4180} INFO - Setting next_dagrun for example_sensor_decorator to None, run_after=None
[2025-06-16T14:06:02.972+0000] {processor.py:208} INFO - Processing /home/airflow/.local/lib/python3.12/site-packages/airflow/example_dags/example_sensor_decorator.py took 0.051 seconds
[2025-06-16T14:06:33.612+0000] {processor.py:186} INFO - Started process (PID=699) to work on /home/airflow/.local/lib/python3.12/site-packages/airflow/example_dags/example_sensor_decorator.py
[2025-06-16T14:06:33.614+0000] {processor.py:914} INFO - Processing file /home/airflow/.local/lib/python3.12/site-packages/airflow/example_dags/example_sensor_decorator.py for tasks to queue
[2025-06-16T14:06:33.616+0000] {logging_mixin.py:190} INFO - [2025-06-16T14:06:33.615+0000] {dagbag.py:588} INFO - Filling up the DagBag from /home/airflow/.local/lib/python3.12/site-packages/airflow/example_dags/example_sensor_decorator.py
[2025-06-16T14:06:33.621+0000] {processor.py:925} INFO - DAG(s) 'example_sensor_decorator' retrieved from /home/airflow/.local/lib/python3.12/site-packages/airflow/example_dags/example_sensor_decorator.py
[2025-06-16T14:06:33.633+0000] {logging_mixin.py:190} INFO - [2025-06-16T14:06:33.632+0000] {dag.py:3239} INFO - Sync 1 DAGs
[2025-06-16T14:06:33.643+0000] {logging_mixin.py:190} INFO - [2025-06-16T14:06:33.643+0000] {dag.py:4180} INFO - Setting next_dagrun for example_sensor_decorator to None, run_after=None
[2025-06-16T14:06:33.655+0000] {processor.py:208} INFO - Processing /home/airflow/.local/lib/python3.12/site-packages/airflow/example_dags/example_sensor_decorator.py took 0.046 seconds
[2025-06-16T14:07:04.675+0000] {processor.py:186} INFO - Started process (PID=762) to work on /home/airflow/.local/lib/python3.12/site-packages/airflow/example_dags/example_sensor_decorator.py
[2025-06-16T14:07:04.677+0000] {processor.py:914} INFO - Processing file /home/airflow/.local/lib/python3.12/site-packages/airflow/example_dags/example_sensor_decorator.py for tasks to queue
[2025-06-16T14:07:04.678+0000] {logging_mixin.py:190} INFO - [2025-06-16T14:07:04.678+0000] {dagbag.py:588} INFO - Filling up the DagBag from /home/airflow/.local/lib/python3.12/site-packages/airflow/example_dags/example_sensor_decorator.py
[2025-06-16T14:07:04.684+0000] {processor.py:925} INFO - DAG(s) 'example_sensor_decorator' retrieved from /home/airflow/.local/lib/python3.12/site-packages/airflow/example_dags/example_sensor_decorator.py
[2025-06-16T14:07:04.696+0000] {logging_mixin.py:190} INFO - [2025-06-16T14:07:04.695+0000] {dag.py:3239} INFO - Sync 1 DAGs
[2025-06-16T14:07:04.704+0000] {logging_mixin.py:190} INFO - [2025-06-16T14:07:04.704+0000] {dag.py:4180} INFO - Setting next_dagrun for example_sensor_decorator to None, run_after=None
[2025-06-16T14:07:04.716+0000] {processor.py:208} INFO - Processing /home/airflow/.local/lib/python3.12/site-packages/airflow/example_dags/example_sensor_decorator.py took 0.044 seconds
[2025-06-16T14:07:35.882+0000] {processor.py:186} INFO - Started process (PID=824) to work on /home/airflow/.local/lib/python3.12/site-packages/airflow/example_dags/example_sensor_decorator.py
[2025-06-16T14:07:35.883+0000] {processor.py:914} INFO - Processing file /home/airflow/.local/lib/python3.12/site-packages/airflow/example_dags/example_sensor_decorator.py for tasks to queue
[2025-06-16T14:07:35.886+0000] {logging_mixin.py:190} INFO - [2025-06-16T14:07:35.886+0000] {dagbag.py:588} INFO - Filling up the DagBag from /home/airflow/.local/lib/python3.12/site-packages/airflow/example_dags/example_sensor_decorator.py
[2025-06-16T14:07:35.892+0000] {processor.py:925} INFO - DAG(s) 'example_sensor_decorator' retrieved from /home/airflow/.local/lib/python3.12/site-packages/airflow/example_dags/example_sensor_decorator.py
[2025-06-16T14:07:35.910+0000] {logging_mixin.py:190} INFO - [2025-06-16T14:07:35.910+0000] {dag.py:3239} INFO - Sync 1 DAGs
[2025-06-16T14:07:35.919+0000] {logging_mixin.py:190} INFO - [2025-06-16T14:07:35.919+0000] {dag.py:4180} INFO - Setting next_dagrun for example_sensor_decorator to None, run_after=None
[2025-06-16T14:07:35.932+0000] {processor.py:208} INFO - Processing /home/airflow/.local/lib/python3.12/site-packages/airflow/example_dags/example_sensor_decorator.py took 0.053 seconds
[2025-06-16T14:08:07.413+0000] {processor.py:186} INFO - Started process (PID=886) to work on /home/airflow/.local/lib/python3.12/site-packages/airflow/example_dags/example_sensor_decorator.py
[2025-06-16T14:08:07.414+0000] {processor.py:914} INFO - Processing file /home/airflow/.local/lib/python3.12/site-packages/airflow/example_dags/example_sensor_decorator.py for tasks to queue
[2025-06-16T14:08:07.416+0000] {logging_mixin.py:190} INFO - [2025-06-16T14:08:07.416+0000] {dagbag.py:588} INFO - Filling up the DagBag from /home/airflow/.local/lib/python3.12/site-packages/airflow/example_dags/example_sensor_decorator.py
[2025-06-16T14:08:07.421+0000] {processor.py:925} INFO - DAG(s) 'example_sensor_decorator' retrieved from /home/airflow/.local/lib/python3.12/site-packages/airflow/example_dags/example_sensor_decorator.py
[2025-06-16T14:08:07.436+0000] {logging_mixin.py:190} INFO - [2025-06-16T14:08:07.436+0000] {dag.py:3239} INFO - Sync 1 DAGs
[2025-06-16T14:08:07.446+0000] {logging_mixin.py:190} INFO - [2025-06-16T14:08:07.445+0000] {dag.py:4180} INFO - Setting next_dagrun for example_sensor_decorator to None, run_after=None
[2025-06-16T14:08:07.464+0000] {processor.py:208} INFO - Processing /home/airflow/.local/lib/python3.12/site-packages/airflow/example_dags/example_sensor_decorator.py took 0.054 seconds
[2025-06-16T14:08:38.302+0000] {processor.py:186} INFO - Started process (PID=949) to work on /home/airflow/.local/lib/python3.12/site-packages/airflow/example_dags/example_sensor_decorator.py
[2025-06-16T14:08:38.304+0000] {processor.py:914} INFO - Processing file /home/airflow/.local/lib/python3.12/site-packages/airflow/example_dags/example_sensor_decorator.py for tasks to queue
[2025-06-16T14:08:38.306+0000] {logging_mixin.py:190} INFO - [2025-06-16T14:08:38.305+0000] {dagbag.py:588} INFO - Filling up the DagBag from /home/airflow/.local/lib/python3.12/site-packages/airflow/example_dags/example_sensor_decorator.py
[2025-06-16T14:08:38.313+0000] {processor.py:925} INFO - DAG(s) 'example_sensor_decorator' retrieved from /home/airflow/.local/lib/python3.12/site-packages/airflow/example_dags/example_sensor_decorator.py
[2025-06-16T14:08:38.329+0000] {logging_mixin.py:190} INFO - [2025-06-16T14:08:38.329+0000] {dag.py:3239} INFO - Sync 1 DAGs
[2025-06-16T14:08:38.338+0000] {logging_mixin.py:190} INFO - [2025-06-16T14:08:38.338+0000] {dag.py:4180} INFO - Setting next_dagrun for example_sensor_decorator to None, run_after=None
[2025-06-16T14:08:38.359+0000] {processor.py:208} INFO - Processing /home/airflow/.local/lib/python3.12/site-packages/airflow/example_dags/example_sensor_decorator.py took 0.061 seconds
[2025-06-16T14:09:09.199+0000] {processor.py:186} INFO - Started process (PID=1012) to work on /home/airflow/.local/lib/python3.12/site-packages/airflow/example_dags/example_sensor_decorator.py
[2025-06-16T14:09:09.200+0000] {processor.py:914} INFO - Processing file /home/airflow/.local/lib/python3.12/site-packages/airflow/example_dags/example_sensor_decorator.py for tasks to queue
[2025-06-16T14:09:09.202+0000] {logging_mixin.py:190} INFO - [2025-06-16T14:09:09.202+0000] {dagbag.py:588} INFO - Filling up the DagBag from /home/airflow/.local/lib/python3.12/site-packages/airflow/example_dags/example_sensor_decorator.py
[2025-06-16T14:09:09.208+0000] {processor.py:925} INFO - DAG(s) 'example_sensor_decorator' retrieved from /home/airflow/.local/lib/python3.12/site-packages/airflow/example_dags/example_sensor_decorator.py
[2025-06-16T14:09:09.222+0000] {logging_mixin.py:190} INFO - [2025-06-16T14:09:09.222+0000] {dag.py:3239} INFO - Sync 1 DAGs
[2025-06-16T14:09:09.234+0000] {logging_mixin.py:190} INFO - [2025-06-16T14:09:09.234+0000] {dag.py:4180} INFO - Setting next_dagrun for example_sensor_decorator to None, run_after=None
[2025-06-16T14:09:09.246+0000] {processor.py:208} INFO - Processing /home/airflow/.local/lib/python3.12/site-packages/airflow/example_dags/example_sensor_decorator.py took 0.050 seconds
[2025-06-16T14:09:39.911+0000] {processor.py:186} INFO - Started process (PID=1074) to work on /home/airflow/.local/lib/python3.12/site-packages/airflow/example_dags/example_sensor_decorator.py
[2025-06-16T14:09:39.913+0000] {processor.py:914} INFO - Processing file /home/airflow/.local/lib/python3.12/site-packages/airflow/example_dags/example_sensor_decorator.py for tasks to queue
[2025-06-16T14:09:39.916+0000] {logging_mixin.py:190} INFO - [2025-06-16T14:09:39.916+0000] {dagbag.py:588} INFO - Filling up the DagBag from /home/airflow/.local/lib/python3.12/site-packages/airflow/example_dags/example_sensor_decorator.py
[2025-06-16T14:09:39.933+0000] {processor.py:925} INFO - DAG(s) 'example_sensor_decorator' retrieved from /home/airflow/.local/lib/python3.12/site-packages/airflow/example_dags/example_sensor_decorator.py
[2025-06-16T14:09:39.963+0000] {logging_mixin.py:190} INFO - [2025-06-16T14:09:39.963+0000] {dag.py:3239} INFO - Sync 1 DAGs
[2025-06-16T14:09:39.979+0000] {logging_mixin.py:190} INFO - [2025-06-16T14:09:39.979+0000] {dag.py:4180} INFO - Setting next_dagrun for example_sensor_decorator to None, run_after=None
[2025-06-16T14:09:39.994+0000] {processor.py:208} INFO - Processing /home/airflow/.local/lib/python3.12/site-packages/airflow/example_dags/example_sensor_decorator.py took 0.087 seconds
[2025-06-16T14:10:52.364+0000] {processor.py:186} INFO - Started process (PID=1138) to work on /home/airflow/.local/lib/python3.12/site-packages/airflow/example_dags/example_sensor_decorator.py
[2025-06-16T14:10:52.367+0000] {processor.py:914} INFO - Processing file /home/airflow/.local/lib/python3.12/site-packages/airflow/example_dags/example_sensor_decorator.py for tasks to queue
[2025-06-16T14:10:52.368+0000] {logging_mixin.py:190} INFO - [2025-06-16T14:10:52.368+0000] {dagbag.py:588} INFO - Filling up the DagBag from /home/airflow/.local/lib/python3.12/site-packages/airflow/example_dags/example_sensor_decorator.py
[2025-06-16T14:10:52.373+0000] {processor.py:925} INFO - DAG(s) 'example_sensor_decorator' retrieved from /home/airflow/.local/lib/python3.12/site-packages/airflow/example_dags/example_sensor_decorator.py
[2025-06-16T14:10:52.385+0000] {logging_mixin.py:190} INFO - [2025-06-16T14:10:52.385+0000] {dag.py:3239} INFO - Sync 1 DAGs
[2025-06-16T14:10:52.393+0000] {logging_mixin.py:190} INFO - [2025-06-16T14:10:52.393+0000] {dag.py:4180} INFO - Setting next_dagrun for example_sensor_decorator to None, run_after=None
[2025-06-16T14:10:52.404+0000] {processor.py:208} INFO - Processing /home/airflow/.local/lib/python3.12/site-packages/airflow/example_dags/example_sensor_decorator.py took 0.042 seconds
[2025-06-16T14:11:43.821+0000] {processor.py:186} INFO - Started process (PID=1201) to work on /home/airflow/.local/lib/python3.12/site-packages/airflow/example_dags/example_sensor_decorator.py
[2025-06-16T14:11:43.824+0000] {processor.py:914} INFO - Processing file /home/airflow/.local/lib/python3.12/site-packages/airflow/example_dags/example_sensor_decorator.py for tasks to queue
[2025-06-16T14:11:43.828+0000] {logging_mixin.py:190} INFO - [2025-06-16T14:11:43.828+0000] {dagbag.py:588} INFO - Filling up the DagBag from /home/airflow/.local/lib/python3.12/site-packages/airflow/example_dags/example_sensor_decorator.py
[2025-06-16T14:11:43.856+0000] {processor.py:925} INFO - DAG(s) 'example_sensor_decorator' retrieved from /home/airflow/.local/lib/python3.12/site-packages/airflow/example_dags/example_sensor_decorator.py
[2025-06-16T14:11:43.896+0000] {logging_mixin.py:190} INFO - [2025-06-16T14:11:43.896+0000] {dag.py:3239} INFO - Sync 1 DAGs
[2025-06-16T14:11:43.926+0000] {logging_mixin.py:190} INFO - [2025-06-16T14:11:43.925+0000] {dag.py:4180} INFO - Setting next_dagrun for example_sensor_decorator to None, run_after=None
[2025-06-16T14:11:43.964+0000] {processor.py:208} INFO - Processing /home/airflow/.local/lib/python3.12/site-packages/airflow/example_dags/example_sensor_decorator.py took 0.146 seconds
[2025-06-16T14:12:14.592+0000] {processor.py:186} INFO - Started process (PID=1264) to work on /home/airflow/.local/lib/python3.12/site-packages/airflow/example_dags/example_sensor_decorator.py
[2025-06-16T14:12:14.595+0000] {processor.py:914} INFO - Processing file /home/airflow/.local/lib/python3.12/site-packages/airflow/example_dags/example_sensor_decorator.py for tasks to queue
[2025-06-16T14:12:14.597+0000] {logging_mixin.py:190} INFO - [2025-06-16T14:12:14.597+0000] {dagbag.py:588} INFO - Filling up the DagBag from /home/airflow/.local/lib/python3.12/site-packages/airflow/example_dags/example_sensor_decorator.py
[2025-06-16T14:12:14.603+0000] {processor.py:925} INFO - DAG(s) 'example_sensor_decorator' retrieved from /home/airflow/.local/lib/python3.12/site-packages/airflow/example_dags/example_sensor_decorator.py
[2025-06-16T14:12:14.616+0000] {logging_mixin.py:190} INFO - [2025-06-16T14:12:14.616+0000] {dag.py:3239} INFO - Sync 1 DAGs
[2025-06-16T14:12:14.624+0000] {logging_mixin.py:190} INFO - [2025-06-16T14:12:14.624+0000] {dag.py:4180} INFO - Setting next_dagrun for example_sensor_decorator to None, run_after=None
[2025-06-16T14:12:14.636+0000] {processor.py:208} INFO - Processing /home/airflow/.local/lib/python3.12/site-packages/airflow/example_dags/example_sensor_decorator.py took 0.047 seconds
[2025-06-16T14:12:45.301+0000] {processor.py:186} INFO - Started process (PID=1327) to work on /home/airflow/.local/lib/python3.12/site-packages/airflow/example_dags/example_sensor_decorator.py
[2025-06-16T14:12:45.302+0000] {processor.py:914} INFO - Processing file /home/airflow/.local/lib/python3.12/site-packages/airflow/example_dags/example_sensor_decorator.py for tasks to queue
[2025-06-16T14:12:45.304+0000] {logging_mixin.py:190} INFO - [2025-06-16T14:12:45.304+0000] {dagbag.py:588} INFO - Filling up the DagBag from /home/airflow/.local/lib/python3.12/site-packages/airflow/example_dags/example_sensor_decorator.py
[2025-06-16T14:12:45.310+0000] {processor.py:925} INFO - DAG(s) 'example_sensor_decorator' retrieved from /home/airflow/.local/lib/python3.12/site-packages/airflow/example_dags/example_sensor_decorator.py
[2025-06-16T14:12:45.321+0000] {logging_mixin.py:190} INFO - [2025-06-16T14:12:45.321+0000] {dag.py:3239} INFO - Sync 1 DAGs
[2025-06-16T14:12:45.330+0000] {logging_mixin.py:190} INFO - [2025-06-16T14:12:45.330+0000] {dag.py:4180} INFO - Setting next_dagrun for example_sensor_decorator to None, run_after=None
[2025-06-16T14:12:45.341+0000] {processor.py:208} INFO - Processing /home/airflow/.local/lib/python3.12/site-packages/airflow/example_dags/example_sensor_decorator.py took 0.044 seconds
[2025-06-16T14:13:15.915+0000] {processor.py:186} INFO - Started process (PID=1390) to work on /home/airflow/.local/lib/python3.12/site-packages/airflow/example_dags/example_sensor_decorator.py
[2025-06-16T14:13:15.917+0000] {processor.py:914} INFO - Processing file /home/airflow/.local/lib/python3.12/site-packages/airflow/example_dags/example_sensor_decorator.py for tasks to queue
[2025-06-16T14:13:15.919+0000] {logging_mixin.py:190} INFO - [2025-06-16T14:13:15.918+0000] {dagbag.py:588} INFO - Filling up the DagBag from /home/airflow/.local/lib/python3.12/site-packages/airflow/example_dags/example_sensor_decorator.py
[2025-06-16T14:13:15.924+0000] {processor.py:925} INFO - DAG(s) 'example_sensor_decorator' retrieved from /home/airflow/.local/lib/python3.12/site-packages/airflow/example_dags/example_sensor_decorator.py
[2025-06-16T14:13:15.937+0000] {logging_mixin.py:190} INFO - [2025-06-16T14:13:15.937+0000] {dag.py:3239} INFO - Sync 1 DAGs
[2025-06-16T14:13:15.946+0000] {logging_mixin.py:190} INFO - [2025-06-16T14:13:15.945+0000] {dag.py:4180} INFO - Setting next_dagrun for example_sensor_decorator to None, run_after=None
[2025-06-16T14:13:15.956+0000] {processor.py:208} INFO - Processing /home/airflow/.local/lib/python3.12/site-packages/airflow/example_dags/example_sensor_decorator.py took 0.044 seconds
[2025-06-16T14:13:46.651+0000] {processor.py:186} INFO - Started process (PID=1453) to work on /home/airflow/.local/lib/python3.12/site-packages/airflow/example_dags/example_sensor_decorator.py
[2025-06-16T14:13:46.652+0000] {processor.py:914} INFO - Processing file /home/airflow/.local/lib/python3.12/site-packages/airflow/example_dags/example_sensor_decorator.py for tasks to queue
[2025-06-16T14:13:46.654+0000] {logging_mixin.py:190} INFO - [2025-06-16T14:13:46.654+0000] {dagbag.py:588} INFO - Filling up the DagBag from /home/airflow/.local/lib/python3.12/site-packages/airflow/example_dags/example_sensor_decorator.py
[2025-06-16T14:13:46.660+0000] {processor.py:925} INFO - DAG(s) 'example_sensor_decorator' retrieved from /home/airflow/.local/lib/python3.12/site-packages/airflow/example_dags/example_sensor_decorator.py
[2025-06-16T14:13:46.674+0000] {logging_mixin.py:190} INFO - [2025-06-16T14:13:46.674+0000] {dag.py:3239} INFO - Sync 1 DAGs
[2025-06-16T14:13:46.683+0000] {logging_mixin.py:190} INFO - [2025-06-16T14:13:46.683+0000] {dag.py:4180} INFO - Setting next_dagrun for example_sensor_decorator to None, run_after=None
[2025-06-16T14:13:46.695+0000] {processor.py:208} INFO - Processing /home/airflow/.local/lib/python3.12/site-packages/airflow/example_dags/example_sensor_decorator.py took 0.048 seconds
[2025-06-16T14:14:21.009+0000] {processor.py:186} INFO - Started process (PID=1516) to work on /home/airflow/.local/lib/python3.12/site-packages/airflow/example_dags/example_sensor_decorator.py
[2025-06-16T14:14:21.011+0000] {processor.py:914} INFO - Processing file /home/airflow/.local/lib/python3.12/site-packages/airflow/example_dags/example_sensor_decorator.py for tasks to queue
[2025-06-16T14:14:21.014+0000] {logging_mixin.py:190} INFO - [2025-06-16T14:14:21.014+0000] {dagbag.py:588} INFO - Filling up the DagBag from /home/airflow/.local/lib/python3.12/site-packages/airflow/example_dags/example_sensor_decorator.py
[2025-06-16T14:14:21.022+0000] {processor.py:925} INFO - DAG(s) 'example_sensor_decorator' retrieved from /home/airflow/.local/lib/python3.12/site-packages/airflow/example_dags/example_sensor_decorator.py
[2025-06-16T14:14:21.039+0000] {logging_mixin.py:190} INFO - [2025-06-16T14:14:21.039+0000] {dag.py:3239} INFO - Sync 1 DAGs
[2025-06-16T14:14:21.050+0000] {logging_mixin.py:190} INFO - [2025-06-16T14:14:21.050+0000] {dag.py:4180} INFO - Setting next_dagrun for example_sensor_decorator to None, run_after=None
[2025-06-16T14:14:21.063+0000] {processor.py:208} INFO - Processing /home/airflow/.local/lib/python3.12/site-packages/airflow/example_dags/example_sensor_decorator.py took 0.058 seconds
[2025-06-16T15:07:19.984+0000] {processor.py:186} INFO - Started process (PID=1579) to work on /home/airflow/.local/lib/python3.12/site-packages/airflow/example_dags/example_sensor_decorator.py
[2025-06-16T15:07:19.986+0000] {processor.py:914} INFO - Processing file /home/airflow/.local/lib/python3.12/site-packages/airflow/example_dags/example_sensor_decorator.py for tasks to queue
[2025-06-16T15:07:19.989+0000] {logging_mixin.py:190} INFO - [2025-06-16T15:07:19.989+0000] {dagbag.py:588} INFO - Filling up the DagBag from /home/airflow/.local/lib/python3.12/site-packages/airflow/example_dags/example_sensor_decorator.py
[2025-06-16T15:07:19.995+0000] {processor.py:925} INFO - DAG(s) 'example_sensor_decorator' retrieved from /home/airflow/.local/lib/python3.12/site-packages/airflow/example_dags/example_sensor_decorator.py
[2025-06-16T15:07:20.009+0000] {logging_mixin.py:190} INFO - [2025-06-16T15:07:20.009+0000] {dag.py:3239} INFO - Sync 1 DAGs
[2025-06-16T15:07:20.020+0000] {logging_mixin.py:190} INFO - [2025-06-16T15:07:20.020+0000] {dag.py:4180} INFO - Setting next_dagrun for example_sensor_decorator to None, run_after=None
[2025-06-16T15:07:20.034+0000] {processor.py:208} INFO - Processing /home/airflow/.local/lib/python3.12/site-packages/airflow/example_dags/example_sensor_decorator.py took 0.053 seconds
[2025-06-16T15:57:53.207+0000] {processor.py:186} INFO - Started process (PID=1642) to work on /home/airflow/.local/lib/python3.12/site-packages/airflow/example_dags/example_sensor_decorator.py
[2025-06-16T15:57:53.209+0000] {processor.py:914} INFO - Processing file /home/airflow/.local/lib/python3.12/site-packages/airflow/example_dags/example_sensor_decorator.py for tasks to queue
[2025-06-16T15:57:53.212+0000] {logging_mixin.py:190} INFO - [2025-06-16T15:57:53.212+0000] {dagbag.py:588} INFO - Filling up the DagBag from /home/airflow/.local/lib/python3.12/site-packages/airflow/example_dags/example_sensor_decorator.py
[2025-06-16T15:57:53.223+0000] {processor.py:925} INFO - DAG(s) 'example_sensor_decorator' retrieved from /home/airflow/.local/lib/python3.12/site-packages/airflow/example_dags/example_sensor_decorator.py
[2025-06-16T15:57:53.238+0000] {logging_mixin.py:190} INFO - [2025-06-16T15:57:53.238+0000] {dag.py:3239} INFO - Sync 1 DAGs
[2025-06-16T15:57:53.247+0000] {logging_mixin.py:190} INFO - [2025-06-16T15:57:53.247+0000] {dag.py:4180} INFO - Setting next_dagrun for example_sensor_decorator to None, run_after=None
[2025-06-16T15:57:53.260+0000] {processor.py:208} INFO - Processing /home/airflow/.local/lib/python3.12/site-packages/airflow/example_dags/example_sensor_decorator.py took 0.056 seconds
[2025-06-16T17:09:00.477+0000] {processor.py:186} INFO - Started process (PID=1706) to work on /home/airflow/.local/lib/python3.12/site-packages/airflow/example_dags/example_sensor_decorator.py
[2025-06-16T17:09:00.480+0000] {processor.py:914} INFO - Processing file /home/airflow/.local/lib/python3.12/site-packages/airflow/example_dags/example_sensor_decorator.py for tasks to queue
[2025-06-16T17:09:00.482+0000] {logging_mixin.py:190} INFO - [2025-06-16T17:09:00.481+0000] {dagbag.py:588} INFO - Filling up the DagBag from /home/airflow/.local/lib/python3.12/site-packages/airflow/example_dags/example_sensor_decorator.py
[2025-06-16T17:09:00.489+0000] {processor.py:925} INFO - DAG(s) 'example_sensor_decorator' retrieved from /home/airflow/.local/lib/python3.12/site-packages/airflow/example_dags/example_sensor_decorator.py
[2025-06-16T17:09:00.503+0000] {logging_mixin.py:190} INFO - [2025-06-16T17:09:00.503+0000] {dag.py:3239} INFO - Sync 1 DAGs
[2025-06-16T17:09:00.513+0000] {logging_mixin.py:190} INFO - [2025-06-16T17:09:00.513+0000] {dag.py:4180} INFO - Setting next_dagrun for example_sensor_decorator to None, run_after=None
[2025-06-16T17:09:00.526+0000] {processor.py:208} INFO - Processing /home/airflow/.local/lib/python3.12/site-packages/airflow/example_dags/example_sensor_decorator.py took 0.053 seconds
[2025-06-16T18:08:42.714+0000] {processor.py:186} INFO - Started process (PID=1769) to work on /home/airflow/.local/lib/python3.12/site-packages/airflow/example_dags/example_sensor_decorator.py
[2025-06-16T18:08:42.743+0000] {processor.py:914} INFO - Processing file /home/airflow/.local/lib/python3.12/site-packages/airflow/example_dags/example_sensor_decorator.py for tasks to queue
[2025-06-16T18:08:42.756+0000] {logging_mixin.py:190} INFO - [2025-06-16T18:08:42.753+0000] {dagbag.py:588} INFO - Filling up the DagBag from /home/airflow/.local/lib/python3.12/site-packages/airflow/example_dags/example_sensor_decorator.py
[2025-06-16T18:08:42.807+0000] {processor.py:925} INFO - DAG(s) 'example_sensor_decorator' retrieved from /home/airflow/.local/lib/python3.12/site-packages/airflow/example_dags/example_sensor_decorator.py
[2025-06-16T18:08:42.842+0000] {logging_mixin.py:190} INFO - [2025-06-16T18:08:42.841+0000] {dag.py:3239} INFO - Sync 1 DAGs
[2025-06-16T18:08:42.873+0000] {logging_mixin.py:190} INFO - [2025-06-16T18:08:42.872+0000] {dag.py:4180} INFO - Setting next_dagrun for example_sensor_decorator to None, run_after=None
[2025-06-16T18:08:42.944+0000] {processor.py:208} INFO - Processing /home/airflow/.local/lib/python3.12/site-packages/airflow/example_dags/example_sensor_decorator.py took 0.245 seconds
[2025-06-16T23:58:50.216+0000] {processor.py:186} INFO - Started process (PID=1838) to work on /home/airflow/.local/lib/python3.12/site-packages/airflow/example_dags/example_sensor_decorator.py
[2025-06-16T23:58:50.224+0000] {processor.py:914} INFO - Processing file /home/airflow/.local/lib/python3.12/site-packages/airflow/example_dags/example_sensor_decorator.py for tasks to queue
[2025-06-16T23:58:50.239+0000] {logging_mixin.py:190} INFO - [2025-06-16T23:58:50.235+0000] {dagbag.py:588} INFO - Filling up the DagBag from /home/airflow/.local/lib/python3.12/site-packages/airflow/example_dags/example_sensor_decorator.py
[2025-06-16T23:58:50.268+0000] {processor.py:925} INFO - DAG(s) 'example_sensor_decorator' retrieved from /home/airflow/.local/lib/python3.12/site-packages/airflow/example_dags/example_sensor_decorator.py
[2025-06-16T23:58:50.387+0000] {logging_mixin.py:190} INFO - [2025-06-16T23:58:50.386+0000] {dag.py:3239} INFO - Sync 1 DAGs
[2025-06-16T23:58:50.530+0000] {logging_mixin.py:190} INFO - [2025-06-16T23:58:50.530+0000] {dag.py:4180} INFO - Setting next_dagrun for example_sensor_decorator to None, run_after=None
[2025-06-16T23:58:50.669+0000] {processor.py:208} INFO - Processing /home/airflow/.local/lib/python3.12/site-packages/airflow/example_dags/example_sensor_decorator.py took 0.462 seconds
