[2025-06-16T13:59:29.163+0000] {processor.py:186} INFO - Started process (PID=100) to work on /home/airflow/.local/lib/python3.12/site-packages/airflow/example_dags/example_dataset_alias_with_no_taskflow.py
[2025-06-16T13:59:29.168+0000] {processor.py:914} INFO - Processing file /home/airflow/.local/lib/python3.12/site-packages/airflow/example_dags/example_dataset_alias_with_no_taskflow.py for tasks to queue
[2025-06-16T13:59:29.180+0000] {logging_mixin.py:190} INFO - [2025-06-16T13:59:29.180+0000] {dagbag.py:588} INFO - Filling up the DagBag from /home/airflow/.local/lib/python3.12/site-packages/airflow/example_dags/example_dataset_alias_with_no_taskflow.py
[2025-06-16T13:59:29.907+0000] {processor.py:925} INFO - DAG(s) 'dataset_alias_example_alias_consumer_with_no_taskflow', 'dataset_s3_bucket_producer_with_no_taskflow', 'dataset_s3_bucket_consumer_with_no_taskflow', 'dataset_alias_example_alias_producer_with_no_taskflow' retrieved from /home/airflow/.local/lib/python3.12/site-packages/airflow/example_dags/example_dataset_alias_with_no_taskflow.py
[2025-06-16T13:59:30.052+0000] {logging_mixin.py:190} INFO - [2025-06-16T13:59:30.051+0000] {override.py:1912} INFO - Created Permission View: can delete on DAG:dataset_alias_example_alias_consumer_with_no_taskflow
[2025-06-16T13:59:30.072+0000] {logging_mixin.py:190} INFO - [2025-06-16T13:59:30.072+0000] {override.py:1912} INFO - Created Permission View: can read on DAG:dataset_alias_example_alias_consumer_with_no_taskflow
[2025-06-16T13:59:30.086+0000] {logging_mixin.py:190} INFO - [2025-06-16T13:59:30.086+0000] {override.py:1912} INFO - Created Permission View: can edit on DAG:dataset_alias_example_alias_consumer_with_no_taskflow
[2025-06-16T13:59:30.108+0000] {logging_mixin.py:190} INFO - [2025-06-16T13:59:30.107+0000] {override.py:1912} INFO - Created Permission View: can delete on DAG Run:dataset_alias_example_alias_consumer_with_no_taskflow
[2025-06-16T13:59:30.133+0000] {logging_mixin.py:190} INFO - [2025-06-16T13:59:30.132+0000] {override.py:1912} INFO - Created Permission View: can create on DAG Run:dataset_alias_example_alias_consumer_with_no_taskflow
[2025-06-16T13:59:30.150+0000] {logging_mixin.py:190} INFO - [2025-06-16T13:59:30.150+0000] {override.py:1912} INFO - Created Permission View: can read on DAG Run:dataset_alias_example_alias_consumer_with_no_taskflow
[2025-06-16T13:59:30.176+0000] {logging_mixin.py:190} INFO - [2025-06-16T13:59:30.176+0000] {override.py:1912} INFO - Created Permission View: menu access on DAG Run:dataset_alias_example_alias_consumer_with_no_taskflow
[2025-06-16T13:59:30.210+0000] {logging_mixin.py:190} INFO - [2025-06-16T13:59:30.210+0000] {override.py:1912} INFO - Created Permission View: can delete on DAG:dataset_s3_bucket_producer_with_no_taskflow
[2025-06-16T13:59:30.228+0000] {logging_mixin.py:190} INFO - [2025-06-16T13:59:30.227+0000] {override.py:1912} INFO - Created Permission View: can read on DAG:dataset_s3_bucket_producer_with_no_taskflow
[2025-06-16T13:59:30.251+0000] {logging_mixin.py:190} INFO - [2025-06-16T13:59:30.250+0000] {override.py:1912} INFO - Created Permission View: can edit on DAG:dataset_s3_bucket_producer_with_no_taskflow
[2025-06-16T13:59:30.271+0000] {logging_mixin.py:190} INFO - [2025-06-16T13:59:30.271+0000] {override.py:1912} INFO - Created Permission View: can delete on DAG Run:dataset_s3_bucket_producer_with_no_taskflow
[2025-06-16T13:59:30.280+0000] {logging_mixin.py:190} INFO - [2025-06-16T13:59:30.280+0000] {override.py:1912} INFO - Created Permission View: can create on DAG Run:dataset_s3_bucket_producer_with_no_taskflow
[2025-06-16T13:59:30.295+0000] {logging_mixin.py:190} INFO - [2025-06-16T13:59:30.294+0000] {override.py:1912} INFO - Created Permission View: can read on DAG Run:dataset_s3_bucket_producer_with_no_taskflow
[2025-06-16T13:59:30.306+0000] {logging_mixin.py:190} INFO - [2025-06-16T13:59:30.306+0000] {override.py:1912} INFO - Created Permission View: menu access on DAG Run:dataset_s3_bucket_producer_with_no_taskflow
[2025-06-16T13:59:30.339+0000] {logging_mixin.py:190} INFO - [2025-06-16T13:59:30.339+0000] {override.py:1912} INFO - Created Permission View: can delete on DAG:dataset_s3_bucket_consumer_with_no_taskflow
[2025-06-16T13:59:30.353+0000] {logging_mixin.py:190} INFO - [2025-06-16T13:59:30.353+0000] {override.py:1912} INFO - Created Permission View: can read on DAG:dataset_s3_bucket_consumer_with_no_taskflow
[2025-06-16T13:59:30.365+0000] {logging_mixin.py:190} INFO - [2025-06-16T13:59:30.365+0000] {override.py:1912} INFO - Created Permission View: can edit on DAG:dataset_s3_bucket_consumer_with_no_taskflow
[2025-06-16T13:59:30.381+0000] {logging_mixin.py:190} INFO - [2025-06-16T13:59:30.380+0000] {override.py:1912} INFO - Created Permission View: can delete on DAG Run:dataset_s3_bucket_consumer_with_no_taskflow
[2025-06-16T13:59:30.391+0000] {logging_mixin.py:190} INFO - [2025-06-16T13:59:30.391+0000] {override.py:1912} INFO - Created Permission View: can create on DAG Run:dataset_s3_bucket_consumer_with_no_taskflow
[2025-06-16T13:59:30.403+0000] {logging_mixin.py:190} INFO - [2025-06-16T13:59:30.403+0000] {override.py:1912} INFO - Created Permission View: can read on DAG Run:dataset_s3_bucket_consumer_with_no_taskflow
[2025-06-16T13:59:30.415+0000] {logging_mixin.py:190} INFO - [2025-06-16T13:59:30.415+0000] {override.py:1912} INFO - Created Permission View: menu access on DAG Run:dataset_s3_bucket_consumer_with_no_taskflow
[2025-06-16T13:59:30.438+0000] {logging_mixin.py:190} INFO - [2025-06-16T13:59:30.438+0000] {override.py:1912} INFO - Created Permission View: can delete on DAG:dataset_alias_example_alias_producer_with_no_taskflow
[2025-06-16T13:59:30.450+0000] {logging_mixin.py:190} INFO - [2025-06-16T13:59:30.449+0000] {override.py:1912} INFO - Created Permission View: can read on DAG:dataset_alias_example_alias_producer_with_no_taskflow
[2025-06-16T13:59:30.460+0000] {logging_mixin.py:190} INFO - [2025-06-16T13:59:30.459+0000] {override.py:1912} INFO - Created Permission View: can edit on DAG:dataset_alias_example_alias_producer_with_no_taskflow
[2025-06-16T13:59:30.481+0000] {logging_mixin.py:190} INFO - [2025-06-16T13:59:30.480+0000] {override.py:1912} INFO - Created Permission View: can delete on DAG Run:dataset_alias_example_alias_producer_with_no_taskflow
[2025-06-16T13:59:30.497+0000] {logging_mixin.py:190} INFO - [2025-06-16T13:59:30.496+0000] {override.py:1912} INFO - Created Permission View: can create on DAG Run:dataset_alias_example_alias_producer_with_no_taskflow
[2025-06-16T13:59:30.516+0000] {logging_mixin.py:190} INFO - [2025-06-16T13:59:30.516+0000] {override.py:1912} INFO - Created Permission View: can read on DAG Run:dataset_alias_example_alias_producer_with_no_taskflow
[2025-06-16T13:59:30.530+0000] {logging_mixin.py:190} INFO - [2025-06-16T13:59:30.530+0000] {override.py:1912} INFO - Created Permission View: menu access on DAG Run:dataset_alias_example_alias_producer_with_no_taskflow
[2025-06-16T13:59:30.534+0000] {logging_mixin.py:190} INFO - [2025-06-16T13:59:30.533+0000] {dag.py:3239} INFO - Sync 4 DAGs
[2025-06-16T13:59:30.556+0000] {logging_mixin.py:190} INFO - [2025-06-16T13:59:30.555+0000] {dag.py:3262} INFO - Creating ORM DAG for dataset_s3_bucket_producer_with_no_taskflow
[2025-06-16T13:59:30.559+0000] {logging_mixin.py:190} INFO - [2025-06-16T13:59:30.559+0000] {dag.py:3262} INFO - Creating ORM DAG for dataset_alias_example_alias_consumer_with_no_taskflow
[2025-06-16T13:59:30.563+0000] {logging_mixin.py:190} INFO - [2025-06-16T13:59:30.563+0000] {dag.py:3262} INFO - Creating ORM DAG for dataset_alias_example_alias_producer_with_no_taskflow
[2025-06-16T13:59:30.566+0000] {logging_mixin.py:190} INFO - [2025-06-16T13:59:30.566+0000] {dag.py:3262} INFO - Creating ORM DAG for dataset_s3_bucket_consumer_with_no_taskflow
[2025-06-16T13:59:30.581+0000] {logging_mixin.py:190} INFO - [2025-06-16T13:59:30.581+0000] {dag.py:4180} INFO - Setting next_dagrun for dataset_alias_example_alias_consumer_with_no_taskflow to None, run_after=None
[2025-06-16T13:59:30.586+0000] {logging_mixin.py:190} INFO - [2025-06-16T13:59:30.585+0000] {dag.py:4180} INFO - Setting next_dagrun for dataset_alias_example_alias_producer_with_no_taskflow to None, run_after=None
[2025-06-16T13:59:30.592+0000] {logging_mixin.py:190} INFO - [2025-06-16T13:59:30.592+0000] {dag.py:4180} INFO - Setting next_dagrun for dataset_s3_bucket_consumer_with_no_taskflow to None, run_after=None
[2025-06-16T13:59:30.595+0000] {logging_mixin.py:190} INFO - [2025-06-16T13:59:30.595+0000] {dag.py:4180} INFO - Setting next_dagrun for dataset_s3_bucket_producer_with_no_taskflow to None, run_after=None
[2025-06-16T13:59:30.643+0000] {processor.py:208} INFO - Processing /home/airflow/.local/lib/python3.12/site-packages/airflow/example_dags/example_dataset_alias_with_no_taskflow.py took 1.489 seconds
[2025-06-16T14:00:01.529+0000] {processor.py:186} INFO - Started process (PID=163) to work on /home/airflow/.local/lib/python3.12/site-packages/airflow/example_dags/example_dataset_alias_with_no_taskflow.py
[2025-06-16T14:00:01.533+0000] {processor.py:914} INFO - Processing file /home/airflow/.local/lib/python3.12/site-packages/airflow/example_dags/example_dataset_alias_with_no_taskflow.py for tasks to queue
[2025-06-16T14:00:01.539+0000] {logging_mixin.py:190} INFO - [2025-06-16T14:00:01.539+0000] {dagbag.py:588} INFO - Filling up the DagBag from /home/airflow/.local/lib/python3.12/site-packages/airflow/example_dags/example_dataset_alias_with_no_taskflow.py
[2025-06-16T14:00:02.105+0000] {processor.py:925} INFO - DAG(s) 'dataset_s3_bucket_producer_with_no_taskflow', 'dataset_alias_example_alias_consumer_with_no_taskflow', 'dataset_alias_example_alias_producer_with_no_taskflow', 'dataset_s3_bucket_consumer_with_no_taskflow' retrieved from /home/airflow/.local/lib/python3.12/site-packages/airflow/example_dags/example_dataset_alias_with_no_taskflow.py
[2025-06-16T14:00:02.118+0000] {logging_mixin.py:190} INFO - [2025-06-16T14:00:02.118+0000] {dag.py:3239} INFO - Sync 4 DAGs
[2025-06-16T14:00:02.134+0000] {logging_mixin.py:190} INFO - [2025-06-16T14:00:02.134+0000] {dag.py:4180} INFO - Setting next_dagrun for dataset_alias_example_alias_consumer_with_no_taskflow to None, run_after=None
[2025-06-16T14:00:02.138+0000] {logging_mixin.py:190} INFO - [2025-06-16T14:00:02.138+0000] {dag.py:4180} INFO - Setting next_dagrun for dataset_alias_example_alias_producer_with_no_taskflow to None, run_after=None
[2025-06-16T14:00:02.139+0000] {logging_mixin.py:190} INFO - [2025-06-16T14:00:02.139+0000] {dag.py:4180} INFO - Setting next_dagrun for dataset_s3_bucket_consumer_with_no_taskflow to None, run_after=None
[2025-06-16T14:00:02.141+0000] {logging_mixin.py:190} INFO - [2025-06-16T14:00:02.140+0000] {dag.py:4180} INFO - Setting next_dagrun for dataset_s3_bucket_producer_with_no_taskflow to None, run_after=None
[2025-06-16T14:00:02.153+0000] {processor.py:208} INFO - Processing /home/airflow/.local/lib/python3.12/site-packages/airflow/example_dags/example_dataset_alias_with_no_taskflow.py took 0.633 seconds
[2025-06-16T14:00:32.279+0000] {processor.py:186} INFO - Started process (PID=226) to work on /home/airflow/.local/lib/python3.12/site-packages/airflow/example_dags/example_dataset_alias_with_no_taskflow.py
[2025-06-16T14:00:32.283+0000] {processor.py:914} INFO - Processing file /home/airflow/.local/lib/python3.12/site-packages/airflow/example_dags/example_dataset_alias_with_no_taskflow.py for tasks to queue
[2025-06-16T14:00:32.286+0000] {logging_mixin.py:190} INFO - [2025-06-16T14:00:32.285+0000] {dagbag.py:588} INFO - Filling up the DagBag from /home/airflow/.local/lib/python3.12/site-packages/airflow/example_dags/example_dataset_alias_with_no_taskflow.py
[2025-06-16T14:00:32.846+0000] {processor.py:925} INFO - DAG(s) 'dataset_s3_bucket_producer_with_no_taskflow', 'dataset_alias_example_alias_consumer_with_no_taskflow', 'dataset_alias_example_alias_producer_with_no_taskflow', 'dataset_s3_bucket_consumer_with_no_taskflow' retrieved from /home/airflow/.local/lib/python3.12/site-packages/airflow/example_dags/example_dataset_alias_with_no_taskflow.py
[2025-06-16T14:00:32.860+0000] {logging_mixin.py:190} INFO - [2025-06-16T14:00:32.859+0000] {dag.py:3239} INFO - Sync 4 DAGs
[2025-06-16T14:00:32.875+0000] {logging_mixin.py:190} INFO - [2025-06-16T14:00:32.875+0000] {dag.py:4180} INFO - Setting next_dagrun for dataset_alias_example_alias_consumer_with_no_taskflow to None, run_after=None
[2025-06-16T14:00:32.878+0000] {logging_mixin.py:190} INFO - [2025-06-16T14:00:32.878+0000] {dag.py:4180} INFO - Setting next_dagrun for dataset_alias_example_alias_producer_with_no_taskflow to None, run_after=None
[2025-06-16T14:00:32.879+0000] {logging_mixin.py:190} INFO - [2025-06-16T14:00:32.879+0000] {dag.py:4180} INFO - Setting next_dagrun for dataset_s3_bucket_consumer_with_no_taskflow to None, run_after=None
[2025-06-16T14:00:32.881+0000] {logging_mixin.py:190} INFO - [2025-06-16T14:00:32.881+0000] {dag.py:4180} INFO - Setting next_dagrun for dataset_s3_bucket_producer_with_no_taskflow to None, run_after=None
[2025-06-16T14:00:32.894+0000] {processor.py:208} INFO - Processing /home/airflow/.local/lib/python3.12/site-packages/airflow/example_dags/example_dataset_alias_with_no_taskflow.py took 0.624 seconds
[2025-06-16T14:01:03.104+0000] {processor.py:186} INFO - Started process (PID=288) to work on /home/airflow/.local/lib/python3.12/site-packages/airflow/example_dags/example_dataset_alias_with_no_taskflow.py
[2025-06-16T14:01:03.109+0000] {processor.py:914} INFO - Processing file /home/airflow/.local/lib/python3.12/site-packages/airflow/example_dags/example_dataset_alias_with_no_taskflow.py for tasks to queue
[2025-06-16T14:01:03.112+0000] {logging_mixin.py:190} INFO - [2025-06-16T14:01:03.112+0000] {dagbag.py:588} INFO - Filling up the DagBag from /home/airflow/.local/lib/python3.12/site-packages/airflow/example_dags/example_dataset_alias_with_no_taskflow.py
[2025-06-16T14:01:03.485+0000] {processor.py:925} INFO - DAG(s) 'dataset_alias_example_alias_consumer_with_no_taskflow', 'dataset_alias_example_alias_producer_with_no_taskflow', 'dataset_s3_bucket_producer_with_no_taskflow', 'dataset_s3_bucket_consumer_with_no_taskflow' retrieved from /home/airflow/.local/lib/python3.12/site-packages/airflow/example_dags/example_dataset_alias_with_no_taskflow.py
[2025-06-16T14:01:03.502+0000] {logging_mixin.py:190} INFO - [2025-06-16T14:01:03.501+0000] {dag.py:3239} INFO - Sync 4 DAGs
[2025-06-16T14:01:03.514+0000] {logging_mixin.py:190} INFO - [2025-06-16T14:01:03.513+0000] {dag.py:4180} INFO - Setting next_dagrun for dataset_alias_example_alias_consumer_with_no_taskflow to None, run_after=None
[2025-06-16T14:01:03.516+0000] {logging_mixin.py:190} INFO - [2025-06-16T14:01:03.516+0000] {dag.py:4180} INFO - Setting next_dagrun for dataset_alias_example_alias_producer_with_no_taskflow to None, run_after=None
[2025-06-16T14:01:03.518+0000] {logging_mixin.py:190} INFO - [2025-06-16T14:01:03.518+0000] {dag.py:4180} INFO - Setting next_dagrun for dataset_s3_bucket_consumer_with_no_taskflow to None, run_after=None
[2025-06-16T14:01:03.519+0000] {logging_mixin.py:190} INFO - [2025-06-16T14:01:03.519+0000] {dag.py:4180} INFO - Setting next_dagrun for dataset_s3_bucket_producer_with_no_taskflow to None, run_after=None
[2025-06-16T14:01:03.530+0000] {processor.py:208} INFO - Processing /home/airflow/.local/lib/python3.12/site-packages/airflow/example_dags/example_dataset_alias_with_no_taskflow.py took 0.433 seconds
[2025-06-16T14:01:33.801+0000] {processor.py:186} INFO - Started process (PID=351) to work on /home/airflow/.local/lib/python3.12/site-packages/airflow/example_dags/example_dataset_alias_with_no_taskflow.py
[2025-06-16T14:01:33.804+0000] {processor.py:914} INFO - Processing file /home/airflow/.local/lib/python3.12/site-packages/airflow/example_dags/example_dataset_alias_with_no_taskflow.py for tasks to queue
[2025-06-16T14:01:33.810+0000] {logging_mixin.py:190} INFO - [2025-06-16T14:01:33.810+0000] {dagbag.py:588} INFO - Filling up the DagBag from /home/airflow/.local/lib/python3.12/site-packages/airflow/example_dags/example_dataset_alias_with_no_taskflow.py
[2025-06-16T14:01:34.330+0000] {processor.py:925} INFO - DAG(s) 'dataset_s3_bucket_producer_with_no_taskflow', 'dataset_s3_bucket_consumer_with_no_taskflow', 'dataset_alias_example_alias_consumer_with_no_taskflow', 'dataset_alias_example_alias_producer_with_no_taskflow' retrieved from /home/airflow/.local/lib/python3.12/site-packages/airflow/example_dags/example_dataset_alias_with_no_taskflow.py
[2025-06-16T14:01:34.346+0000] {logging_mixin.py:190} INFO - [2025-06-16T14:01:34.346+0000] {dag.py:3239} INFO - Sync 4 DAGs
[2025-06-16T14:01:34.365+0000] {logging_mixin.py:190} INFO - [2025-06-16T14:01:34.365+0000] {dag.py:4180} INFO - Setting next_dagrun for dataset_alias_example_alias_consumer_with_no_taskflow to None, run_after=None
[2025-06-16T14:01:34.369+0000] {logging_mixin.py:190} INFO - [2025-06-16T14:01:34.369+0000] {dag.py:4180} INFO - Setting next_dagrun for dataset_alias_example_alias_producer_with_no_taskflow to None, run_after=None
[2025-06-16T14:01:34.372+0000] {logging_mixin.py:190} INFO - [2025-06-16T14:01:34.372+0000] {dag.py:4180} INFO - Setting next_dagrun for dataset_s3_bucket_consumer_with_no_taskflow to None, run_after=None
[2025-06-16T14:01:34.376+0000] {logging_mixin.py:190} INFO - [2025-06-16T14:01:34.376+0000] {dag.py:4180} INFO - Setting next_dagrun for dataset_s3_bucket_producer_with_no_taskflow to None, run_after=None
[2025-06-16T14:01:34.391+0000] {processor.py:208} INFO - Processing /home/airflow/.local/lib/python3.12/site-packages/airflow/example_dags/example_dataset_alias_with_no_taskflow.py took 0.600 seconds
[2025-06-16T14:02:04.466+0000] {processor.py:186} INFO - Started process (PID=414) to work on /home/airflow/.local/lib/python3.12/site-packages/airflow/example_dags/example_dataset_alias_with_no_taskflow.py
[2025-06-16T14:02:04.468+0000] {processor.py:914} INFO - Processing file /home/airflow/.local/lib/python3.12/site-packages/airflow/example_dags/example_dataset_alias_with_no_taskflow.py for tasks to queue
[2025-06-16T14:02:04.471+0000] {logging_mixin.py:190} INFO - [2025-06-16T14:02:04.471+0000] {dagbag.py:588} INFO - Filling up the DagBag from /home/airflow/.local/lib/python3.12/site-packages/airflow/example_dags/example_dataset_alias_with_no_taskflow.py
[2025-06-16T14:02:04.933+0000] {processor.py:925} INFO - DAG(s) 'dataset_s3_bucket_consumer_with_no_taskflow', 'dataset_s3_bucket_producer_with_no_taskflow', 'dataset_alias_example_alias_consumer_with_no_taskflow', 'dataset_alias_example_alias_producer_with_no_taskflow' retrieved from /home/airflow/.local/lib/python3.12/site-packages/airflow/example_dags/example_dataset_alias_with_no_taskflow.py
[2025-06-16T14:02:04.954+0000] {logging_mixin.py:190} INFO - [2025-06-16T14:02:04.954+0000] {dag.py:3239} INFO - Sync 4 DAGs
[2025-06-16T14:02:04.972+0000] {logging_mixin.py:190} INFO - [2025-06-16T14:02:04.972+0000] {dag.py:4180} INFO - Setting next_dagrun for dataset_alias_example_alias_consumer_with_no_taskflow to None, run_after=None
[2025-06-16T14:02:04.977+0000] {logging_mixin.py:190} INFO - [2025-06-16T14:02:04.977+0000] {dag.py:4180} INFO - Setting next_dagrun for dataset_alias_example_alias_producer_with_no_taskflow to None, run_after=None
[2025-06-16T14:02:04.982+0000] {logging_mixin.py:190} INFO - [2025-06-16T14:02:04.982+0000] {dag.py:4180} INFO - Setting next_dagrun for dataset_s3_bucket_consumer_with_no_taskflow to None, run_after=None
[2025-06-16T14:02:04.985+0000] {logging_mixin.py:190} INFO - [2025-06-16T14:02:04.985+0000] {dag.py:4180} INFO - Setting next_dagrun for dataset_s3_bucket_producer_with_no_taskflow to None, run_after=None
[2025-06-16T14:02:05.007+0000] {processor.py:208} INFO - Processing /home/airflow/.local/lib/python3.12/site-packages/airflow/example_dags/example_dataset_alias_with_no_taskflow.py took 0.551 seconds
[2025-06-16T14:02:35.069+0000] {processor.py:186} INFO - Started process (PID=481) to work on /home/airflow/.local/lib/python3.12/site-packages/airflow/example_dags/example_dataset_alias_with_no_taskflow.py
[2025-06-16T14:02:35.072+0000] {processor.py:914} INFO - Processing file /home/airflow/.local/lib/python3.12/site-packages/airflow/example_dags/example_dataset_alias_with_no_taskflow.py for tasks to queue
[2025-06-16T14:02:35.075+0000] {logging_mixin.py:190} INFO - [2025-06-16T14:02:35.075+0000] {dagbag.py:588} INFO - Filling up the DagBag from /home/airflow/.local/lib/python3.12/site-packages/airflow/example_dags/example_dataset_alias_with_no_taskflow.py
[2025-06-16T14:02:35.613+0000] {processor.py:925} INFO - DAG(s) 'dataset_s3_bucket_producer_with_no_taskflow', 'dataset_s3_bucket_consumer_with_no_taskflow', 'dataset_alias_example_alias_producer_with_no_taskflow', 'dataset_alias_example_alias_consumer_with_no_taskflow' retrieved from /home/airflow/.local/lib/python3.12/site-packages/airflow/example_dags/example_dataset_alias_with_no_taskflow.py
[2025-06-16T14:02:35.628+0000] {logging_mixin.py:190} INFO - [2025-06-16T14:02:35.628+0000] {dag.py:3239} INFO - Sync 4 DAGs
[2025-06-16T14:02:35.643+0000] {logging_mixin.py:190} INFO - [2025-06-16T14:02:35.642+0000] {dag.py:4180} INFO - Setting next_dagrun for dataset_alias_example_alias_consumer_with_no_taskflow to None, run_after=None
[2025-06-16T14:02:35.646+0000] {logging_mixin.py:190} INFO - [2025-06-16T14:02:35.645+0000] {dag.py:4180} INFO - Setting next_dagrun for dataset_alias_example_alias_producer_with_no_taskflow to None, run_after=None
[2025-06-16T14:02:35.652+0000] {logging_mixin.py:190} INFO - [2025-06-16T14:02:35.652+0000] {dag.py:4180} INFO - Setting next_dagrun for dataset_s3_bucket_consumer_with_no_taskflow to None, run_after=None
[2025-06-16T14:02:35.654+0000] {logging_mixin.py:190} INFO - [2025-06-16T14:02:35.654+0000] {dag.py:4180} INFO - Setting next_dagrun for dataset_s3_bucket_producer_with_no_taskflow to None, run_after=None
[2025-06-16T14:02:35.665+0000] {processor.py:208} INFO - Processing /home/airflow/.local/lib/python3.12/site-packages/airflow/example_dags/example_dataset_alias_with_no_taskflow.py took 0.603 seconds
[2025-06-16T14:05:31.237+0000] {processor.py:186} INFO - Started process (PID=563) to work on /home/airflow/.local/lib/python3.12/site-packages/airflow/example_dags/example_dataset_alias_with_no_taskflow.py
[2025-06-16T14:05:31.240+0000] {processor.py:914} INFO - Processing file /home/airflow/.local/lib/python3.12/site-packages/airflow/example_dags/example_dataset_alias_with_no_taskflow.py for tasks to queue
[2025-06-16T14:05:31.242+0000] {logging_mixin.py:190} INFO - [2025-06-16T14:05:31.242+0000] {dagbag.py:588} INFO - Filling up the DagBag from /home/airflow/.local/lib/python3.12/site-packages/airflow/example_dags/example_dataset_alias_with_no_taskflow.py
[2025-06-16T14:05:31.642+0000] {processor.py:925} INFO - DAG(s) 'dataset_s3_bucket_consumer_with_no_taskflow', 'dataset_alias_example_alias_consumer_with_no_taskflow', 'dataset_s3_bucket_producer_with_no_taskflow', 'dataset_alias_example_alias_producer_with_no_taskflow' retrieved from /home/airflow/.local/lib/python3.12/site-packages/airflow/example_dags/example_dataset_alias_with_no_taskflow.py
[2025-06-16T14:05:31.677+0000] {logging_mixin.py:190} INFO - [2025-06-16T14:05:31.677+0000] {dag.py:3239} INFO - Sync 4 DAGs
[2025-06-16T14:05:31.690+0000] {logging_mixin.py:190} INFO - [2025-06-16T14:05:31.690+0000] {dag.py:4180} INFO - Setting next_dagrun for dataset_alias_example_alias_consumer_with_no_taskflow to None, run_after=None
[2025-06-16T14:05:31.693+0000] {logging_mixin.py:190} INFO - [2025-06-16T14:05:31.693+0000] {dag.py:4180} INFO - Setting next_dagrun for dataset_alias_example_alias_producer_with_no_taskflow to None, run_after=None
[2025-06-16T14:05:31.695+0000] {logging_mixin.py:190} INFO - [2025-06-16T14:05:31.695+0000] {dag.py:4180} INFO - Setting next_dagrun for dataset_s3_bucket_consumer_with_no_taskflow to None, run_after=None
[2025-06-16T14:05:31.697+0000] {logging_mixin.py:190} INFO - [2025-06-16T14:05:31.696+0000] {dag.py:4180} INFO - Setting next_dagrun for dataset_s3_bucket_producer_with_no_taskflow to None, run_after=None
[2025-06-16T14:05:31.708+0000] {processor.py:208} INFO - Processing /home/airflow/.local/lib/python3.12/site-packages/airflow/example_dags/example_dataset_alias_with_no_taskflow.py took 0.475 seconds
[2025-06-16T14:06:02.058+0000] {processor.py:186} INFO - Started process (PID=626) to work on /home/airflow/.local/lib/python3.12/site-packages/airflow/example_dags/example_dataset_alias_with_no_taskflow.py
[2025-06-16T14:06:02.063+0000] {processor.py:914} INFO - Processing file /home/airflow/.local/lib/python3.12/site-packages/airflow/example_dags/example_dataset_alias_with_no_taskflow.py for tasks to queue
[2025-06-16T14:06:02.065+0000] {logging_mixin.py:190} INFO - [2025-06-16T14:06:02.064+0000] {dagbag.py:588} INFO - Filling up the DagBag from /home/airflow/.local/lib/python3.12/site-packages/airflow/example_dags/example_dataset_alias_with_no_taskflow.py
[2025-06-16T14:06:02.430+0000] {processor.py:925} INFO - DAG(s) 'dataset_s3_bucket_producer_with_no_taskflow', 'dataset_alias_example_alias_consumer_with_no_taskflow', 'dataset_s3_bucket_consumer_with_no_taskflow', 'dataset_alias_example_alias_producer_with_no_taskflow' retrieved from /home/airflow/.local/lib/python3.12/site-packages/airflow/example_dags/example_dataset_alias_with_no_taskflow.py
[2025-06-16T14:06:02.448+0000] {logging_mixin.py:190} INFO - [2025-06-16T14:06:02.448+0000] {dag.py:3239} INFO - Sync 4 DAGs
[2025-06-16T14:06:02.463+0000] {logging_mixin.py:190} INFO - [2025-06-16T14:06:02.463+0000] {dag.py:4180} INFO - Setting next_dagrun for dataset_alias_example_alias_consumer_with_no_taskflow to None, run_after=None
[2025-06-16T14:06:02.466+0000] {logging_mixin.py:190} INFO - [2025-06-16T14:06:02.466+0000] {dag.py:4180} INFO - Setting next_dagrun for dataset_alias_example_alias_producer_with_no_taskflow to None, run_after=None
[2025-06-16T14:06:02.468+0000] {logging_mixin.py:190} INFO - [2025-06-16T14:06:02.468+0000] {dag.py:4180} INFO - Setting next_dagrun for dataset_s3_bucket_consumer_with_no_taskflow to None, run_after=None
[2025-06-16T14:06:02.470+0000] {logging_mixin.py:190} INFO - [2025-06-16T14:06:02.470+0000] {dag.py:4180} INFO - Setting next_dagrun for dataset_s3_bucket_producer_with_no_taskflow to None, run_after=None
[2025-06-16T14:06:02.483+0000] {processor.py:208} INFO - Processing /home/airflow/.local/lib/python3.12/site-packages/airflow/example_dags/example_dataset_alias_with_no_taskflow.py took 0.428 seconds
[2025-06-16T14:06:32.784+0000] {processor.py:186} INFO - Started process (PID=689) to work on /home/airflow/.local/lib/python3.12/site-packages/airflow/example_dags/example_dataset_alias_with_no_taskflow.py
[2025-06-16T14:06:32.786+0000] {processor.py:914} INFO - Processing file /home/airflow/.local/lib/python3.12/site-packages/airflow/example_dags/example_dataset_alias_with_no_taskflow.py for tasks to queue
[2025-06-16T14:06:32.787+0000] {logging_mixin.py:190} INFO - [2025-06-16T14:06:32.787+0000] {dagbag.py:588} INFO - Filling up the DagBag from /home/airflow/.local/lib/python3.12/site-packages/airflow/example_dags/example_dataset_alias_with_no_taskflow.py
[2025-06-16T14:06:33.145+0000] {processor.py:925} INFO - DAG(s) 'dataset_s3_bucket_consumer_with_no_taskflow', 'dataset_alias_example_alias_consumer_with_no_taskflow', 'dataset_alias_example_alias_producer_with_no_taskflow', 'dataset_s3_bucket_producer_with_no_taskflow' retrieved from /home/airflow/.local/lib/python3.12/site-packages/airflow/example_dags/example_dataset_alias_with_no_taskflow.py
[2025-06-16T14:06:33.159+0000] {logging_mixin.py:190} INFO - [2025-06-16T14:06:33.159+0000] {dag.py:3239} INFO - Sync 4 DAGs
[2025-06-16T14:06:33.176+0000] {logging_mixin.py:190} INFO - [2025-06-16T14:06:33.176+0000] {dag.py:4180} INFO - Setting next_dagrun for dataset_alias_example_alias_consumer_with_no_taskflow to None, run_after=None
[2025-06-16T14:06:33.179+0000] {logging_mixin.py:190} INFO - [2025-06-16T14:06:33.179+0000] {dag.py:4180} INFO - Setting next_dagrun for dataset_alias_example_alias_producer_with_no_taskflow to None, run_after=None
[2025-06-16T14:06:33.181+0000] {logging_mixin.py:190} INFO - [2025-06-16T14:06:33.181+0000] {dag.py:4180} INFO - Setting next_dagrun for dataset_s3_bucket_consumer_with_no_taskflow to None, run_after=None
[2025-06-16T14:06:33.182+0000] {logging_mixin.py:190} INFO - [2025-06-16T14:06:33.182+0000] {dag.py:4180} INFO - Setting next_dagrun for dataset_s3_bucket_producer_with_no_taskflow to None, run_after=None
[2025-06-16T14:06:33.196+0000] {processor.py:208} INFO - Processing /home/airflow/.local/lib/python3.12/site-packages/airflow/example_dags/example_dataset_alias_with_no_taskflow.py took 0.416 seconds
[2025-06-16T14:07:03.828+0000] {processor.py:186} INFO - Started process (PID=752) to work on /home/airflow/.local/lib/python3.12/site-packages/airflow/example_dags/example_dataset_alias_with_no_taskflow.py
[2025-06-16T14:07:03.831+0000] {processor.py:914} INFO - Processing file /home/airflow/.local/lib/python3.12/site-packages/airflow/example_dags/example_dataset_alias_with_no_taskflow.py for tasks to queue
[2025-06-16T14:07:03.833+0000] {logging_mixin.py:190} INFO - [2025-06-16T14:07:03.833+0000] {dagbag.py:588} INFO - Filling up the DagBag from /home/airflow/.local/lib/python3.12/site-packages/airflow/example_dags/example_dataset_alias_with_no_taskflow.py
[2025-06-16T14:07:04.166+0000] {processor.py:925} INFO - DAG(s) 'dataset_alias_example_alias_producer_with_no_taskflow', 'dataset_s3_bucket_producer_with_no_taskflow', 'dataset_alias_example_alias_consumer_with_no_taskflow', 'dataset_s3_bucket_consumer_with_no_taskflow' retrieved from /home/airflow/.local/lib/python3.12/site-packages/airflow/example_dags/example_dataset_alias_with_no_taskflow.py
[2025-06-16T14:07:04.182+0000] {logging_mixin.py:190} INFO - [2025-06-16T14:07:04.182+0000] {dag.py:3239} INFO - Sync 4 DAGs
[2025-06-16T14:07:04.197+0000] {logging_mixin.py:190} INFO - [2025-06-16T14:07:04.197+0000] {dag.py:4180} INFO - Setting next_dagrun for dataset_alias_example_alias_consumer_with_no_taskflow to None, run_after=None
[2025-06-16T14:07:04.200+0000] {logging_mixin.py:190} INFO - [2025-06-16T14:07:04.200+0000] {dag.py:4180} INFO - Setting next_dagrun for dataset_alias_example_alias_producer_with_no_taskflow to None, run_after=None
[2025-06-16T14:07:04.202+0000] {logging_mixin.py:190} INFO - [2025-06-16T14:07:04.202+0000] {dag.py:4180} INFO - Setting next_dagrun for dataset_s3_bucket_consumer_with_no_taskflow to None, run_after=None
[2025-06-16T14:07:04.204+0000] {logging_mixin.py:190} INFO - [2025-06-16T14:07:04.204+0000] {dag.py:4180} INFO - Setting next_dagrun for dataset_s3_bucket_producer_with_no_taskflow to None, run_after=None
[2025-06-16T14:07:04.219+0000] {processor.py:208} INFO - Processing /home/airflow/.local/lib/python3.12/site-packages/airflow/example_dags/example_dataset_alias_with_no_taskflow.py took 0.394 seconds
[2025-06-16T14:07:34.847+0000] {processor.py:186} INFO - Started process (PID=814) to work on /home/airflow/.local/lib/python3.12/site-packages/airflow/example_dags/example_dataset_alias_with_no_taskflow.py
[2025-06-16T14:07:34.849+0000] {processor.py:914} INFO - Processing file /home/airflow/.local/lib/python3.12/site-packages/airflow/example_dags/example_dataset_alias_with_no_taskflow.py for tasks to queue
[2025-06-16T14:07:34.852+0000] {logging_mixin.py:190} INFO - [2025-06-16T14:07:34.852+0000] {dagbag.py:588} INFO - Filling up the DagBag from /home/airflow/.local/lib/python3.12/site-packages/airflow/example_dags/example_dataset_alias_with_no_taskflow.py
[2025-06-16T14:07:35.179+0000] {processor.py:925} INFO - DAG(s) 'dataset_s3_bucket_producer_with_no_taskflow', 'dataset_alias_example_alias_producer_with_no_taskflow', 'dataset_s3_bucket_consumer_with_no_taskflow', 'dataset_alias_example_alias_consumer_with_no_taskflow' retrieved from /home/airflow/.local/lib/python3.12/site-packages/airflow/example_dags/example_dataset_alias_with_no_taskflow.py
[2025-06-16T14:07:35.189+0000] {logging_mixin.py:190} INFO - [2025-06-16T14:07:35.189+0000] {dag.py:3239} INFO - Sync 4 DAGs
[2025-06-16T14:07:35.201+0000] {logging_mixin.py:190} INFO - [2025-06-16T14:07:35.201+0000] {dag.py:4180} INFO - Setting next_dagrun for dataset_alias_example_alias_consumer_with_no_taskflow to None, run_after=None
[2025-06-16T14:07:35.203+0000] {logging_mixin.py:190} INFO - [2025-06-16T14:07:35.203+0000] {dag.py:4180} INFO - Setting next_dagrun for dataset_alias_example_alias_producer_with_no_taskflow to None, run_after=None
[2025-06-16T14:07:35.205+0000] {logging_mixin.py:190} INFO - [2025-06-16T14:07:35.205+0000] {dag.py:4180} INFO - Setting next_dagrun for dataset_s3_bucket_consumer_with_no_taskflow to None, run_after=None
[2025-06-16T14:07:35.206+0000] {logging_mixin.py:190} INFO - [2025-06-16T14:07:35.206+0000] {dag.py:4180} INFO - Setting next_dagrun for dataset_s3_bucket_producer_with_no_taskflow to None, run_after=None
[2025-06-16T14:07:35.216+0000] {processor.py:208} INFO - Processing /home/airflow/.local/lib/python3.12/site-packages/airflow/example_dags/example_dataset_alias_with_no_taskflow.py took 0.372 seconds
[2025-06-16T14:08:06.138+0000] {processor.py:186} INFO - Started process (PID=876) to work on /home/airflow/.local/lib/python3.12/site-packages/airflow/example_dags/example_dataset_alias_with_no_taskflow.py
[2025-06-16T14:08:06.140+0000] {processor.py:914} INFO - Processing file /home/airflow/.local/lib/python3.12/site-packages/airflow/example_dags/example_dataset_alias_with_no_taskflow.py for tasks to queue
[2025-06-16T14:08:06.146+0000] {logging_mixin.py:190} INFO - [2025-06-16T14:08:06.145+0000] {dagbag.py:588} INFO - Filling up the DagBag from /home/airflow/.local/lib/python3.12/site-packages/airflow/example_dags/example_dataset_alias_with_no_taskflow.py
[2025-06-16T14:08:06.573+0000] {processor.py:925} INFO - DAG(s) 'dataset_s3_bucket_producer_with_no_taskflow', 'dataset_alias_example_alias_producer_with_no_taskflow', 'dataset_s3_bucket_consumer_with_no_taskflow', 'dataset_alias_example_alias_consumer_with_no_taskflow' retrieved from /home/airflow/.local/lib/python3.12/site-packages/airflow/example_dags/example_dataset_alias_with_no_taskflow.py
[2025-06-16T14:08:06.593+0000] {logging_mixin.py:190} INFO - [2025-06-16T14:08:06.593+0000] {dag.py:3239} INFO - Sync 4 DAGs
[2025-06-16T14:08:06.606+0000] {logging_mixin.py:190} INFO - [2025-06-16T14:08:06.606+0000] {dag.py:4180} INFO - Setting next_dagrun for dataset_alias_example_alias_consumer_with_no_taskflow to None, run_after=None
[2025-06-16T14:08:06.608+0000] {logging_mixin.py:190} INFO - [2025-06-16T14:08:06.608+0000] {dag.py:4180} INFO - Setting next_dagrun for dataset_alias_example_alias_producer_with_no_taskflow to None, run_after=None
[2025-06-16T14:08:06.611+0000] {logging_mixin.py:190} INFO - [2025-06-16T14:08:06.611+0000] {dag.py:4180} INFO - Setting next_dagrun for dataset_s3_bucket_consumer_with_no_taskflow to None, run_after=None
[2025-06-16T14:08:06.613+0000] {logging_mixin.py:190} INFO - [2025-06-16T14:08:06.613+0000] {dag.py:4180} INFO - Setting next_dagrun for dataset_s3_bucket_producer_with_no_taskflow to None, run_after=None
[2025-06-16T14:08:06.631+0000] {processor.py:208} INFO - Processing /home/airflow/.local/lib/python3.12/site-packages/airflow/example_dags/example_dataset_alias_with_no_taskflow.py took 0.498 seconds
[2025-06-16T14:08:37.236+0000] {processor.py:186} INFO - Started process (PID=944) to work on /home/airflow/.local/lib/python3.12/site-packages/airflow/example_dags/example_dataset_alias_with_no_taskflow.py
[2025-06-16T14:08:37.238+0000] {processor.py:914} INFO - Processing file /home/airflow/.local/lib/python3.12/site-packages/airflow/example_dags/example_dataset_alias_with_no_taskflow.py for tasks to queue
[2025-06-16T14:08:37.239+0000] {logging_mixin.py:190} INFO - [2025-06-16T14:08:37.239+0000] {dagbag.py:588} INFO - Filling up the DagBag from /home/airflow/.local/lib/python3.12/site-packages/airflow/example_dags/example_dataset_alias_with_no_taskflow.py
[2025-06-16T14:08:37.578+0000] {processor.py:925} INFO - DAG(s) 'dataset_alias_example_alias_producer_with_no_taskflow', 'dataset_s3_bucket_consumer_with_no_taskflow', 'dataset_alias_example_alias_consumer_with_no_taskflow', 'dataset_s3_bucket_producer_with_no_taskflow' retrieved from /home/airflow/.local/lib/python3.12/site-packages/airflow/example_dags/example_dataset_alias_with_no_taskflow.py
[2025-06-16T14:08:37.596+0000] {logging_mixin.py:190} INFO - [2025-06-16T14:08:37.595+0000] {dag.py:3239} INFO - Sync 4 DAGs
[2025-06-16T14:08:37.617+0000] {logging_mixin.py:190} INFO - [2025-06-16T14:08:37.617+0000] {dag.py:4180} INFO - Setting next_dagrun for dataset_alias_example_alias_consumer_with_no_taskflow to None, run_after=None
[2025-06-16T14:08:37.622+0000] {logging_mixin.py:190} INFO - [2025-06-16T14:08:37.622+0000] {dag.py:4180} INFO - Setting next_dagrun for dataset_alias_example_alias_producer_with_no_taskflow to None, run_after=None
[2025-06-16T14:08:37.625+0000] {logging_mixin.py:190} INFO - [2025-06-16T14:08:37.625+0000] {dag.py:4180} INFO - Setting next_dagrun for dataset_s3_bucket_consumer_with_no_taskflow to None, run_after=None
[2025-06-16T14:08:37.638+0000] {logging_mixin.py:190} INFO - [2025-06-16T14:08:37.637+0000] {dag.py:4180} INFO - Setting next_dagrun for dataset_s3_bucket_producer_with_no_taskflow to None, run_after=None
[2025-06-16T14:08:37.660+0000] {processor.py:208} INFO - Processing /home/airflow/.local/lib/python3.12/site-packages/airflow/example_dags/example_dataset_alias_with_no_taskflow.py took 0.428 seconds
[2025-06-16T14:09:08.253+0000] {processor.py:186} INFO - Started process (PID=1003) to work on /home/airflow/.local/lib/python3.12/site-packages/airflow/example_dags/example_dataset_alias_with_no_taskflow.py
[2025-06-16T14:09:08.254+0000] {processor.py:914} INFO - Processing file /home/airflow/.local/lib/python3.12/site-packages/airflow/example_dags/example_dataset_alias_with_no_taskflow.py for tasks to queue
[2025-06-16T14:09:08.256+0000] {logging_mixin.py:190} INFO - [2025-06-16T14:09:08.255+0000] {dagbag.py:588} INFO - Filling up the DagBag from /home/airflow/.local/lib/python3.12/site-packages/airflow/example_dags/example_dataset_alias_with_no_taskflow.py
[2025-06-16T14:09:08.631+0000] {processor.py:925} INFO - DAG(s) 'dataset_s3_bucket_consumer_with_no_taskflow', 'dataset_s3_bucket_producer_with_no_taskflow', 'dataset_alias_example_alias_producer_with_no_taskflow', 'dataset_alias_example_alias_consumer_with_no_taskflow' retrieved from /home/airflow/.local/lib/python3.12/site-packages/airflow/example_dags/example_dataset_alias_with_no_taskflow.py
[2025-06-16T14:09:08.644+0000] {logging_mixin.py:190} INFO - [2025-06-16T14:09:08.644+0000] {dag.py:3239} INFO - Sync 4 DAGs
[2025-06-16T14:09:08.661+0000] {logging_mixin.py:190} INFO - [2025-06-16T14:09:08.661+0000] {dag.py:4180} INFO - Setting next_dagrun for dataset_alias_example_alias_consumer_with_no_taskflow to None, run_after=None
[2025-06-16T14:09:08.665+0000] {logging_mixin.py:190} INFO - [2025-06-16T14:09:08.665+0000] {dag.py:4180} INFO - Setting next_dagrun for dataset_alias_example_alias_producer_with_no_taskflow to None, run_after=None
[2025-06-16T14:09:08.667+0000] {logging_mixin.py:190} INFO - [2025-06-16T14:09:08.667+0000] {dag.py:4180} INFO - Setting next_dagrun for dataset_s3_bucket_consumer_with_no_taskflow to None, run_after=None
[2025-06-16T14:09:08.669+0000] {logging_mixin.py:190} INFO - [2025-06-16T14:09:08.669+0000] {dag.py:4180} INFO - Setting next_dagrun for dataset_s3_bucket_producer_with_no_taskflow to None, run_after=None
[2025-06-16T14:09:08.684+0000] {processor.py:208} INFO - Processing /home/airflow/.local/lib/python3.12/site-packages/airflow/example_dags/example_dataset_alias_with_no_taskflow.py took 0.434 seconds
[2025-06-16T14:09:39.272+0000] {processor.py:186} INFO - Started process (PID=1069) to work on /home/airflow/.local/lib/python3.12/site-packages/airflow/example_dags/example_dataset_alias_with_no_taskflow.py
[2025-06-16T14:09:39.274+0000] {processor.py:914} INFO - Processing file /home/airflow/.local/lib/python3.12/site-packages/airflow/example_dags/example_dataset_alias_with_no_taskflow.py for tasks to queue
[2025-06-16T14:09:39.276+0000] {logging_mixin.py:190} INFO - [2025-06-16T14:09:39.275+0000] {dagbag.py:588} INFO - Filling up the DagBag from /home/airflow/.local/lib/python3.12/site-packages/airflow/example_dags/example_dataset_alias_with_no_taskflow.py
[2025-06-16T14:09:39.682+0000] {processor.py:925} INFO - DAG(s) 'dataset_s3_bucket_producer_with_no_taskflow', 'dataset_s3_bucket_consumer_with_no_taskflow', 'dataset_alias_example_alias_consumer_with_no_taskflow', 'dataset_alias_example_alias_producer_with_no_taskflow' retrieved from /home/airflow/.local/lib/python3.12/site-packages/airflow/example_dags/example_dataset_alias_with_no_taskflow.py
[2025-06-16T14:09:39.704+0000] {logging_mixin.py:190} INFO - [2025-06-16T14:09:39.704+0000] {dag.py:3239} INFO - Sync 4 DAGs
[2025-06-16T14:09:39.720+0000] {logging_mixin.py:190} INFO - [2025-06-16T14:09:39.720+0000] {dag.py:4180} INFO - Setting next_dagrun for dataset_alias_example_alias_consumer_with_no_taskflow to None, run_after=None
[2025-06-16T14:09:39.723+0000] {logging_mixin.py:190} INFO - [2025-06-16T14:09:39.723+0000] {dag.py:4180} INFO - Setting next_dagrun for dataset_alias_example_alias_producer_with_no_taskflow to None, run_after=None
[2025-06-16T14:09:39.725+0000] {logging_mixin.py:190} INFO - [2025-06-16T14:09:39.725+0000] {dag.py:4180} INFO - Setting next_dagrun for dataset_s3_bucket_consumer_with_no_taskflow to None, run_after=None
[2025-06-16T14:09:39.728+0000] {logging_mixin.py:190} INFO - [2025-06-16T14:09:39.728+0000] {dag.py:4180} INFO - Setting next_dagrun for dataset_s3_bucket_producer_with_no_taskflow to None, run_after=None
[2025-06-16T14:09:39.742+0000] {processor.py:208} INFO - Processing /home/airflow/.local/lib/python3.12/site-packages/airflow/example_dags/example_dataset_alias_with_no_taskflow.py took 0.473 seconds
[2025-06-16T14:10:51.480+0000] {processor.py:186} INFO - Started process (PID=1128) to work on /home/airflow/.local/lib/python3.12/site-packages/airflow/example_dags/example_dataset_alias_with_no_taskflow.py
[2025-06-16T14:10:51.481+0000] {processor.py:914} INFO - Processing file /home/airflow/.local/lib/python3.12/site-packages/airflow/example_dags/example_dataset_alias_with_no_taskflow.py for tasks to queue
[2025-06-16T14:10:51.483+0000] {logging_mixin.py:190} INFO - [2025-06-16T14:10:51.483+0000] {dagbag.py:588} INFO - Filling up the DagBag from /home/airflow/.local/lib/python3.12/site-packages/airflow/example_dags/example_dataset_alias_with_no_taskflow.py
[2025-06-16T14:10:51.911+0000] {processor.py:925} INFO - DAG(s) 'dataset_s3_bucket_producer_with_no_taskflow', 'dataset_alias_example_alias_consumer_with_no_taskflow', 'dataset_s3_bucket_consumer_with_no_taskflow', 'dataset_alias_example_alias_producer_with_no_taskflow' retrieved from /home/airflow/.local/lib/python3.12/site-packages/airflow/example_dags/example_dataset_alias_with_no_taskflow.py
[2025-06-16T14:10:51.929+0000] {logging_mixin.py:190} INFO - [2025-06-16T14:10:51.929+0000] {dag.py:3239} INFO - Sync 4 DAGs
[2025-06-16T14:10:51.946+0000] {logging_mixin.py:190} INFO - [2025-06-16T14:10:51.946+0000] {dag.py:4180} INFO - Setting next_dagrun for dataset_alias_example_alias_consumer_with_no_taskflow to None, run_after=None
[2025-06-16T14:10:51.949+0000] {logging_mixin.py:190} INFO - [2025-06-16T14:10:51.949+0000] {dag.py:4180} INFO - Setting next_dagrun for dataset_alias_example_alias_producer_with_no_taskflow to None, run_after=None
[2025-06-16T14:10:51.951+0000] {logging_mixin.py:190} INFO - [2025-06-16T14:10:51.951+0000] {dag.py:4180} INFO - Setting next_dagrun for dataset_s3_bucket_consumer_with_no_taskflow to None, run_after=None
[2025-06-16T14:10:51.954+0000] {logging_mixin.py:190} INFO - [2025-06-16T14:10:51.954+0000] {dag.py:4180} INFO - Setting next_dagrun for dataset_s3_bucket_producer_with_no_taskflow to None, run_after=None
[2025-06-16T14:10:51.970+0000] {processor.py:208} INFO - Processing /home/airflow/.local/lib/python3.12/site-packages/airflow/example_dags/example_dataset_alias_with_no_taskflow.py took 0.494 seconds
[2025-06-16T14:11:42.047+0000] {processor.py:186} INFO - Started process (PID=1191) to work on /home/airflow/.local/lib/python3.12/site-packages/airflow/example_dags/example_dataset_alias_with_no_taskflow.py
[2025-06-16T14:11:42.050+0000] {processor.py:914} INFO - Processing file /home/airflow/.local/lib/python3.12/site-packages/airflow/example_dags/example_dataset_alias_with_no_taskflow.py for tasks to queue
[2025-06-16T14:11:42.054+0000] {logging_mixin.py:190} INFO - [2025-06-16T14:11:42.053+0000] {dagbag.py:588} INFO - Filling up the DagBag from /home/airflow/.local/lib/python3.12/site-packages/airflow/example_dags/example_dataset_alias_with_no_taskflow.py
[2025-06-16T14:11:42.880+0000] {processor.py:925} INFO - DAG(s) 'dataset_s3_bucket_consumer_with_no_taskflow', 'dataset_s3_bucket_producer_with_no_taskflow', 'dataset_alias_example_alias_producer_with_no_taskflow', 'dataset_alias_example_alias_consumer_with_no_taskflow' retrieved from /home/airflow/.local/lib/python3.12/site-packages/airflow/example_dags/example_dataset_alias_with_no_taskflow.py
[2025-06-16T14:11:42.940+0000] {logging_mixin.py:190} INFO - [2025-06-16T14:11:42.937+0000] {dag.py:3239} INFO - Sync 4 DAGs
[2025-06-16T14:11:42.991+0000] {logging_mixin.py:190} INFO - [2025-06-16T14:11:42.991+0000] {dag.py:4180} INFO - Setting next_dagrun for dataset_alias_example_alias_consumer_with_no_taskflow to None, run_after=None
[2025-06-16T14:11:43.003+0000] {logging_mixin.py:190} INFO - [2025-06-16T14:11:43.002+0000] {dag.py:4180} INFO - Setting next_dagrun for dataset_alias_example_alias_producer_with_no_taskflow to None, run_after=None
[2025-06-16T14:11:43.007+0000] {logging_mixin.py:190} INFO - [2025-06-16T14:11:43.007+0000] {dag.py:4180} INFO - Setting next_dagrun for dataset_s3_bucket_consumer_with_no_taskflow to None, run_after=None
[2025-06-16T14:11:43.013+0000] {logging_mixin.py:190} INFO - [2025-06-16T14:11:43.012+0000] {dag.py:4180} INFO - Setting next_dagrun for dataset_s3_bucket_producer_with_no_taskflow to None, run_after=None
[2025-06-16T14:11:43.054+0000] {processor.py:208} INFO - Processing /home/airflow/.local/lib/python3.12/site-packages/airflow/example_dags/example_dataset_alias_with_no_taskflow.py took 1.014 seconds
[2025-06-16T14:12:13.750+0000] {processor.py:186} INFO - Started process (PID=1254) to work on /home/airflow/.local/lib/python3.12/site-packages/airflow/example_dags/example_dataset_alias_with_no_taskflow.py
[2025-06-16T14:12:13.756+0000] {processor.py:914} INFO - Processing file /home/airflow/.local/lib/python3.12/site-packages/airflow/example_dags/example_dataset_alias_with_no_taskflow.py for tasks to queue
[2025-06-16T14:12:13.759+0000] {logging_mixin.py:190} INFO - [2025-06-16T14:12:13.758+0000] {dagbag.py:588} INFO - Filling up the DagBag from /home/airflow/.local/lib/python3.12/site-packages/airflow/example_dags/example_dataset_alias_with_no_taskflow.py
[2025-06-16T14:12:14.160+0000] {processor.py:925} INFO - DAG(s) 'dataset_alias_example_alias_producer_with_no_taskflow', 'dataset_s3_bucket_producer_with_no_taskflow', 'dataset_s3_bucket_consumer_with_no_taskflow', 'dataset_alias_example_alias_consumer_with_no_taskflow' retrieved from /home/airflow/.local/lib/python3.12/site-packages/airflow/example_dags/example_dataset_alias_with_no_taskflow.py
[2025-06-16T14:12:14.178+0000] {logging_mixin.py:190} INFO - [2025-06-16T14:12:14.177+0000] {dag.py:3239} INFO - Sync 4 DAGs
[2025-06-16T14:12:14.191+0000] {logging_mixin.py:190} INFO - [2025-06-16T14:12:14.191+0000] {dag.py:4180} INFO - Setting next_dagrun for dataset_alias_example_alias_consumer_with_no_taskflow to None, run_after=None
[2025-06-16T14:12:14.193+0000] {logging_mixin.py:190} INFO - [2025-06-16T14:12:14.193+0000] {dag.py:4180} INFO - Setting next_dagrun for dataset_alias_example_alias_producer_with_no_taskflow to None, run_after=None
[2025-06-16T14:12:14.195+0000] {logging_mixin.py:190} INFO - [2025-06-16T14:12:14.195+0000] {dag.py:4180} INFO - Setting next_dagrun for dataset_s3_bucket_consumer_with_no_taskflow to None, run_after=None
[2025-06-16T14:12:14.197+0000] {logging_mixin.py:190} INFO - [2025-06-16T14:12:14.196+0000] {dag.py:4180} INFO - Setting next_dagrun for dataset_s3_bucket_producer_with_no_taskflow to None, run_after=None
[2025-06-16T14:12:14.217+0000] {processor.py:208} INFO - Processing /home/airflow/.local/lib/python3.12/site-packages/airflow/example_dags/example_dataset_alias_with_no_taskflow.py took 0.475 seconds
[2025-06-16T14:12:44.514+0000] {processor.py:186} INFO - Started process (PID=1317) to work on /home/airflow/.local/lib/python3.12/site-packages/airflow/example_dags/example_dataset_alias_with_no_taskflow.py
[2025-06-16T14:12:44.521+0000] {processor.py:914} INFO - Processing file /home/airflow/.local/lib/python3.12/site-packages/airflow/example_dags/example_dataset_alias_with_no_taskflow.py for tasks to queue
[2025-06-16T14:12:44.526+0000] {logging_mixin.py:190} INFO - [2025-06-16T14:12:44.526+0000] {dagbag.py:588} INFO - Filling up the DagBag from /home/airflow/.local/lib/python3.12/site-packages/airflow/example_dags/example_dataset_alias_with_no_taskflow.py
[2025-06-16T14:12:44.906+0000] {processor.py:925} INFO - DAG(s) 'dataset_s3_bucket_consumer_with_no_taskflow', 'dataset_alias_example_alias_producer_with_no_taskflow', 'dataset_s3_bucket_producer_with_no_taskflow', 'dataset_alias_example_alias_consumer_with_no_taskflow' retrieved from /home/airflow/.local/lib/python3.12/site-packages/airflow/example_dags/example_dataset_alias_with_no_taskflow.py
[2025-06-16T14:12:44.922+0000] {logging_mixin.py:190} INFO - [2025-06-16T14:12:44.922+0000] {dag.py:3239} INFO - Sync 4 DAGs
[2025-06-16T14:12:44.943+0000] {logging_mixin.py:190} INFO - [2025-06-16T14:12:44.943+0000] {dag.py:4180} INFO - Setting next_dagrun for dataset_alias_example_alias_consumer_with_no_taskflow to None, run_after=None
[2025-06-16T14:12:44.945+0000] {logging_mixin.py:190} INFO - [2025-06-16T14:12:44.945+0000] {dag.py:4180} INFO - Setting next_dagrun for dataset_alias_example_alias_producer_with_no_taskflow to None, run_after=None
[2025-06-16T14:12:44.947+0000] {logging_mixin.py:190} INFO - [2025-06-16T14:12:44.947+0000] {dag.py:4180} INFO - Setting next_dagrun for dataset_s3_bucket_consumer_with_no_taskflow to None, run_after=None
[2025-06-16T14:12:44.950+0000] {logging_mixin.py:190} INFO - [2025-06-16T14:12:44.950+0000] {dag.py:4180} INFO - Setting next_dagrun for dataset_s3_bucket_producer_with_no_taskflow to None, run_after=None
[2025-06-16T14:12:44.968+0000] {processor.py:208} INFO - Processing /home/airflow/.local/lib/python3.12/site-packages/airflow/example_dags/example_dataset_alias_with_no_taskflow.py took 0.464 seconds
[2025-06-16T14:13:15.165+0000] {processor.py:186} INFO - Started process (PID=1380) to work on /home/airflow/.local/lib/python3.12/site-packages/airflow/example_dags/example_dataset_alias_with_no_taskflow.py
[2025-06-16T14:13:15.170+0000] {processor.py:914} INFO - Processing file /home/airflow/.local/lib/python3.12/site-packages/airflow/example_dags/example_dataset_alias_with_no_taskflow.py for tasks to queue
[2025-06-16T14:13:15.175+0000] {logging_mixin.py:190} INFO - [2025-06-16T14:13:15.174+0000] {dagbag.py:588} INFO - Filling up the DagBag from /home/airflow/.local/lib/python3.12/site-packages/airflow/example_dags/example_dataset_alias_with_no_taskflow.py
[2025-06-16T14:13:15.518+0000] {processor.py:925} INFO - DAG(s) 'dataset_alias_example_alias_producer_with_no_taskflow', 'dataset_s3_bucket_producer_with_no_taskflow', 'dataset_s3_bucket_consumer_with_no_taskflow', 'dataset_alias_example_alias_consumer_with_no_taskflow' retrieved from /home/airflow/.local/lib/python3.12/site-packages/airflow/example_dags/example_dataset_alias_with_no_taskflow.py
[2025-06-16T14:13:15.533+0000] {logging_mixin.py:190} INFO - [2025-06-16T14:13:15.532+0000] {dag.py:3239} INFO - Sync 4 DAGs
[2025-06-16T14:13:15.546+0000] {logging_mixin.py:190} INFO - [2025-06-16T14:13:15.545+0000] {dag.py:4180} INFO - Setting next_dagrun for dataset_alias_example_alias_consumer_with_no_taskflow to None, run_after=None
[2025-06-16T14:13:15.548+0000] {logging_mixin.py:190} INFO - [2025-06-16T14:13:15.548+0000] {dag.py:4180} INFO - Setting next_dagrun for dataset_alias_example_alias_producer_with_no_taskflow to None, run_after=None
[2025-06-16T14:13:15.551+0000] {logging_mixin.py:190} INFO - [2025-06-16T14:13:15.551+0000] {dag.py:4180} INFO - Setting next_dagrun for dataset_s3_bucket_consumer_with_no_taskflow to None, run_after=None
[2025-06-16T14:13:15.552+0000] {logging_mixin.py:190} INFO - [2025-06-16T14:13:15.552+0000] {dag.py:4180} INFO - Setting next_dagrun for dataset_s3_bucket_producer_with_no_taskflow to None, run_after=None
[2025-06-16T14:13:15.568+0000] {processor.py:208} INFO - Processing /home/airflow/.local/lib/python3.12/site-packages/airflow/example_dags/example_dataset_alias_with_no_taskflow.py took 0.412 seconds
[2025-06-16T14:13:45.870+0000] {processor.py:186} INFO - Started process (PID=1443) to work on /home/airflow/.local/lib/python3.12/site-packages/airflow/example_dags/example_dataset_alias_with_no_taskflow.py
[2025-06-16T14:13:45.872+0000] {processor.py:914} INFO - Processing file /home/airflow/.local/lib/python3.12/site-packages/airflow/example_dags/example_dataset_alias_with_no_taskflow.py for tasks to queue
[2025-06-16T14:13:45.876+0000] {logging_mixin.py:190} INFO - [2025-06-16T14:13:45.875+0000] {dagbag.py:588} INFO - Filling up the DagBag from /home/airflow/.local/lib/python3.12/site-packages/airflow/example_dags/example_dataset_alias_with_no_taskflow.py
[2025-06-16T14:13:46.220+0000] {processor.py:925} INFO - DAG(s) 'dataset_alias_example_alias_consumer_with_no_taskflow', 'dataset_s3_bucket_consumer_with_no_taskflow', 'dataset_s3_bucket_producer_with_no_taskflow', 'dataset_alias_example_alias_producer_with_no_taskflow' retrieved from /home/airflow/.local/lib/python3.12/site-packages/airflow/example_dags/example_dataset_alias_with_no_taskflow.py
[2025-06-16T14:13:46.237+0000] {logging_mixin.py:190} INFO - [2025-06-16T14:13:46.237+0000] {dag.py:3239} INFO - Sync 4 DAGs
[2025-06-16T14:13:46.251+0000] {logging_mixin.py:190} INFO - [2025-06-16T14:13:46.251+0000] {dag.py:4180} INFO - Setting next_dagrun for dataset_alias_example_alias_consumer_with_no_taskflow to None, run_after=None
[2025-06-16T14:13:46.254+0000] {logging_mixin.py:190} INFO - [2025-06-16T14:13:46.254+0000] {dag.py:4180} INFO - Setting next_dagrun for dataset_alias_example_alias_producer_with_no_taskflow to None, run_after=None
[2025-06-16T14:13:46.255+0000] {logging_mixin.py:190} INFO - [2025-06-16T14:13:46.255+0000] {dag.py:4180} INFO - Setting next_dagrun for dataset_s3_bucket_consumer_with_no_taskflow to None, run_after=None
[2025-06-16T14:13:46.257+0000] {logging_mixin.py:190} INFO - [2025-06-16T14:13:46.257+0000] {dag.py:4180} INFO - Setting next_dagrun for dataset_s3_bucket_producer_with_no_taskflow to None, run_after=None
[2025-06-16T14:13:46.272+0000] {processor.py:208} INFO - Processing /home/airflow/.local/lib/python3.12/site-packages/airflow/example_dags/example_dataset_alias_with_no_taskflow.py took 0.410 seconds
[2025-06-16T14:14:16.736+0000] {processor.py:186} INFO - Started process (PID=1506) to work on /home/airflow/.local/lib/python3.12/site-packages/airflow/example_dags/example_dataset_alias_with_no_taskflow.py
[2025-06-16T14:14:16.778+0000] {processor.py:914} INFO - Processing file /home/airflow/.local/lib/python3.12/site-packages/airflow/example_dags/example_dataset_alias_with_no_taskflow.py for tasks to queue
[2025-06-16T14:14:16.827+0000] {logging_mixin.py:190} INFO - [2025-06-16T14:14:16.823+0000] {dagbag.py:588} INFO - Filling up the DagBag from /home/airflow/.local/lib/python3.12/site-packages/airflow/example_dags/example_dataset_alias_with_no_taskflow.py
[2025-06-16T14:14:18.004+0000] {processor.py:925} INFO - DAG(s) 'dataset_alias_example_alias_producer_with_no_taskflow', 'dataset_alias_example_alias_consumer_with_no_taskflow', 'dataset_s3_bucket_producer_with_no_taskflow', 'dataset_s3_bucket_consumer_with_no_taskflow' retrieved from /home/airflow/.local/lib/python3.12/site-packages/airflow/example_dags/example_dataset_alias_with_no_taskflow.py
[2025-06-16T14:14:18.029+0000] {logging_mixin.py:190} INFO - [2025-06-16T14:14:18.028+0000] {dag.py:3239} INFO - Sync 4 DAGs
[2025-06-16T14:14:18.051+0000] {logging_mixin.py:190} INFO - [2025-06-16T14:14:18.051+0000] {dag.py:4180} INFO - Setting next_dagrun for dataset_alias_example_alias_consumer_with_no_taskflow to None, run_after=None
[2025-06-16T14:14:18.057+0000] {logging_mixin.py:190} INFO - [2025-06-16T14:14:18.056+0000] {dag.py:4180} INFO - Setting next_dagrun for dataset_alias_example_alias_producer_with_no_taskflow to None, run_after=None
[2025-06-16T14:14:18.062+0000] {logging_mixin.py:190} INFO - [2025-06-16T14:14:18.062+0000] {dag.py:4180} INFO - Setting next_dagrun for dataset_s3_bucket_consumer_with_no_taskflow to None, run_after=None
[2025-06-16T14:14:18.065+0000] {logging_mixin.py:190} INFO - [2025-06-16T14:14:18.065+0000] {dag.py:4180} INFO - Setting next_dagrun for dataset_s3_bucket_producer_with_no_taskflow to None, run_after=None
[2025-06-16T14:14:18.103+0000] {processor.py:208} INFO - Processing /home/airflow/.local/lib/python3.12/site-packages/airflow/example_dags/example_dataset_alias_with_no_taskflow.py took 1.412 seconds
[2025-06-16T15:07:19.191+0000] {processor.py:186} INFO - Started process (PID=1569) to work on /home/airflow/.local/lib/python3.12/site-packages/airflow/example_dags/example_dataset_alias_with_no_taskflow.py
[2025-06-16T15:07:19.194+0000] {processor.py:914} INFO - Processing file /home/airflow/.local/lib/python3.12/site-packages/airflow/example_dags/example_dataset_alias_with_no_taskflow.py for tasks to queue
[2025-06-16T15:07:19.196+0000] {logging_mixin.py:190} INFO - [2025-06-16T15:07:19.195+0000] {dagbag.py:588} INFO - Filling up the DagBag from /home/airflow/.local/lib/python3.12/site-packages/airflow/example_dags/example_dataset_alias_with_no_taskflow.py
[2025-06-16T15:07:19.535+0000] {processor.py:925} INFO - DAG(s) 'dataset_s3_bucket_producer_with_no_taskflow', 'dataset_s3_bucket_consumer_with_no_taskflow', 'dataset_alias_example_alias_producer_with_no_taskflow', 'dataset_alias_example_alias_consumer_with_no_taskflow' retrieved from /home/airflow/.local/lib/python3.12/site-packages/airflow/example_dags/example_dataset_alias_with_no_taskflow.py
[2025-06-16T15:07:19.546+0000] {logging_mixin.py:190} INFO - [2025-06-16T15:07:19.546+0000] {dag.py:3239} INFO - Sync 4 DAGs
[2025-06-16T15:07:19.559+0000] {logging_mixin.py:190} INFO - [2025-06-16T15:07:19.559+0000] {dag.py:4180} INFO - Setting next_dagrun for dataset_alias_example_alias_consumer_with_no_taskflow to None, run_after=None
[2025-06-16T15:07:19.562+0000] {logging_mixin.py:190} INFO - [2025-06-16T15:07:19.562+0000] {dag.py:4180} INFO - Setting next_dagrun for dataset_alias_example_alias_producer_with_no_taskflow to None, run_after=None
[2025-06-16T15:07:19.564+0000] {logging_mixin.py:190} INFO - [2025-06-16T15:07:19.564+0000] {dag.py:4180} INFO - Setting next_dagrun for dataset_s3_bucket_consumer_with_no_taskflow to None, run_after=None
[2025-06-16T15:07:19.566+0000] {logging_mixin.py:190} INFO - [2025-06-16T15:07:19.566+0000] {dag.py:4180} INFO - Setting next_dagrun for dataset_s3_bucket_producer_with_no_taskflow to None, run_after=None
[2025-06-16T15:07:19.584+0000] {processor.py:208} INFO - Processing /home/airflow/.local/lib/python3.12/site-packages/airflow/example_dags/example_dataset_alias_with_no_taskflow.py took 0.396 seconds
[2025-06-16T15:57:51.798+0000] {processor.py:186} INFO - Started process (PID=1632) to work on /home/airflow/.local/lib/python3.12/site-packages/airflow/example_dags/example_dataset_alias_with_no_taskflow.py
[2025-06-16T15:57:51.801+0000] {processor.py:914} INFO - Processing file /home/airflow/.local/lib/python3.12/site-packages/airflow/example_dags/example_dataset_alias_with_no_taskflow.py for tasks to queue
[2025-06-16T15:57:51.804+0000] {logging_mixin.py:190} INFO - [2025-06-16T15:57:51.804+0000] {dagbag.py:588} INFO - Filling up the DagBag from /home/airflow/.local/lib/python3.12/site-packages/airflow/example_dags/example_dataset_alias_with_no_taskflow.py
[2025-06-16T15:57:52.259+0000] {processor.py:925} INFO - DAG(s) 'dataset_alias_example_alias_consumer_with_no_taskflow', 'dataset_s3_bucket_producer_with_no_taskflow', 'dataset_s3_bucket_consumer_with_no_taskflow', 'dataset_alias_example_alias_producer_with_no_taskflow' retrieved from /home/airflow/.local/lib/python3.12/site-packages/airflow/example_dags/example_dataset_alias_with_no_taskflow.py
[2025-06-16T15:57:52.293+0000] {logging_mixin.py:190} INFO - [2025-06-16T15:57:52.292+0000] {dag.py:3239} INFO - Sync 4 DAGs
[2025-06-16T15:57:52.315+0000] {logging_mixin.py:190} INFO - [2025-06-16T15:57:52.314+0000] {dag.py:4180} INFO - Setting next_dagrun for dataset_alias_example_alias_consumer_with_no_taskflow to None, run_after=None
[2025-06-16T15:57:52.320+0000] {logging_mixin.py:190} INFO - [2025-06-16T15:57:52.320+0000] {dag.py:4180} INFO - Setting next_dagrun for dataset_alias_example_alias_producer_with_no_taskflow to None, run_after=None
[2025-06-16T15:57:52.323+0000] {logging_mixin.py:190} INFO - [2025-06-16T15:57:52.323+0000] {dag.py:4180} INFO - Setting next_dagrun for dataset_s3_bucket_consumer_with_no_taskflow to None, run_after=None
[2025-06-16T15:57:52.325+0000] {logging_mixin.py:190} INFO - [2025-06-16T15:57:52.325+0000] {dag.py:4180} INFO - Setting next_dagrun for dataset_s3_bucket_producer_with_no_taskflow to None, run_after=None
[2025-06-16T15:57:52.345+0000] {processor.py:208} INFO - Processing /home/airflow/.local/lib/python3.12/site-packages/airflow/example_dags/example_dataset_alias_with_no_taskflow.py took 0.553 seconds
[2025-06-16T17:08:58.670+0000] {processor.py:186} INFO - Started process (PID=1696) to work on /home/airflow/.local/lib/python3.12/site-packages/airflow/example_dags/example_dataset_alias_with_no_taskflow.py
[2025-06-16T17:08:58.673+0000] {processor.py:914} INFO - Processing file /home/airflow/.local/lib/python3.12/site-packages/airflow/example_dags/example_dataset_alias_with_no_taskflow.py for tasks to queue
[2025-06-16T17:08:58.675+0000] {logging_mixin.py:190} INFO - [2025-06-16T17:08:58.675+0000] {dagbag.py:588} INFO - Filling up the DagBag from /home/airflow/.local/lib/python3.12/site-packages/airflow/example_dags/example_dataset_alias_with_no_taskflow.py
[2025-06-16T17:08:59.825+0000] {processor.py:925} INFO - DAG(s) 'dataset_alias_example_alias_consumer_with_no_taskflow', 'dataset_s3_bucket_producer_with_no_taskflow', 'dataset_s3_bucket_consumer_with_no_taskflow', 'dataset_alias_example_alias_producer_with_no_taskflow' retrieved from /home/airflow/.local/lib/python3.12/site-packages/airflow/example_dags/example_dataset_alias_with_no_taskflow.py
[2025-06-16T17:08:59.858+0000] {logging_mixin.py:190} INFO - [2025-06-16T17:08:59.858+0000] {dag.py:3239} INFO - Sync 4 DAGs
[2025-06-16T17:08:59.882+0000] {logging_mixin.py:190} INFO - [2025-06-16T17:08:59.882+0000] {dag.py:4180} INFO - Setting next_dagrun for dataset_alias_example_alias_consumer_with_no_taskflow to None, run_after=None
[2025-06-16T17:08:59.884+0000] {logging_mixin.py:190} INFO - [2025-06-16T17:08:59.884+0000] {dag.py:4180} INFO - Setting next_dagrun for dataset_alias_example_alias_producer_with_no_taskflow to None, run_after=None
[2025-06-16T17:08:59.886+0000] {logging_mixin.py:190} INFO - [2025-06-16T17:08:59.886+0000] {dag.py:4180} INFO - Setting next_dagrun for dataset_s3_bucket_consumer_with_no_taskflow to None, run_after=None
[2025-06-16T17:08:59.887+0000] {logging_mixin.py:190} INFO - [2025-06-16T17:08:59.887+0000] {dag.py:4180} INFO - Setting next_dagrun for dataset_s3_bucket_producer_with_no_taskflow to None, run_after=None
[2025-06-16T17:08:59.903+0000] {processor.py:208} INFO - Processing /home/airflow/.local/lib/python3.12/site-packages/airflow/example_dags/example_dataset_alias_with_no_taskflow.py took 1.238 seconds
[2025-06-16T18:08:32.844+0000] {processor.py:186} INFO - Started process (PID=1759) to work on /home/airflow/.local/lib/python3.12/site-packages/airflow/example_dags/example_dataset_alias_with_no_taskflow.py
[2025-06-16T18:08:32.850+0000] {processor.py:914} INFO - Processing file /home/airflow/.local/lib/python3.12/site-packages/airflow/example_dags/example_dataset_alias_with_no_taskflow.py for tasks to queue
[2025-06-16T18:08:32.865+0000] {logging_mixin.py:190} INFO - [2025-06-16T18:08:32.864+0000] {dagbag.py:588} INFO - Filling up the DagBag from /home/airflow/.local/lib/python3.12/site-packages/airflow/example_dags/example_dataset_alias_with_no_taskflow.py
[2025-06-16T18:08:36.219+0000] {processor.py:925} INFO - DAG(s) 'dataset_s3_bucket_producer_with_no_taskflow', 'dataset_s3_bucket_consumer_with_no_taskflow', 'dataset_alias_example_alias_producer_with_no_taskflow', 'dataset_alias_example_alias_consumer_with_no_taskflow' retrieved from /home/airflow/.local/lib/python3.12/site-packages/airflow/example_dags/example_dataset_alias_with_no_taskflow.py
[2025-06-16T18:08:36.284+0000] {logging_mixin.py:190} INFO - [2025-06-16T18:08:36.282+0000] {dag.py:3239} INFO - Sync 4 DAGs
[2025-06-16T18:08:36.438+0000] {logging_mixin.py:190} INFO - [2025-06-16T18:08:36.438+0000] {dag.py:4180} INFO - Setting next_dagrun for dataset_alias_example_alias_consumer_with_no_taskflow to None, run_after=None
[2025-06-16T18:08:36.447+0000] {logging_mixin.py:190} INFO - [2025-06-16T18:08:36.446+0000] {dag.py:4180} INFO - Setting next_dagrun for dataset_alias_example_alias_producer_with_no_taskflow to None, run_after=None
[2025-06-16T18:08:36.455+0000] {logging_mixin.py:190} INFO - [2025-06-16T18:08:36.455+0000] {dag.py:4180} INFO - Setting next_dagrun for dataset_s3_bucket_consumer_with_no_taskflow to None, run_after=None
[2025-06-16T18:08:36.459+0000] {logging_mixin.py:190} INFO - [2025-06-16T18:08:36.458+0000] {dag.py:4180} INFO - Setting next_dagrun for dataset_s3_bucket_producer_with_no_taskflow to None, run_after=None
[2025-06-16T18:08:36.575+0000] {processor.py:208} INFO - Processing /home/airflow/.local/lib/python3.12/site-packages/airflow/example_dags/example_dataset_alias_with_no_taskflow.py took 3.757 seconds
[2025-06-16T23:58:46.204+0000] {processor.py:186} INFO - Started process (PID=1828) to work on /home/airflow/.local/lib/python3.12/site-packages/airflow/example_dags/example_dataset_alias_with_no_taskflow.py
[2025-06-16T23:58:46.208+0000] {processor.py:914} INFO - Processing file /home/airflow/.local/lib/python3.12/site-packages/airflow/example_dags/example_dataset_alias_with_no_taskflow.py for tasks to queue
[2025-06-16T23:58:46.213+0000] {logging_mixin.py:190} INFO - [2025-06-16T23:58:46.212+0000] {dagbag.py:588} INFO - Filling up the DagBag from /home/airflow/.local/lib/python3.12/site-packages/airflow/example_dags/example_dataset_alias_with_no_taskflow.py
[2025-06-16T23:58:48.158+0000] {processor.py:925} INFO - DAG(s) 'dataset_s3_bucket_producer_with_no_taskflow', 'dataset_s3_bucket_consumer_with_no_taskflow', 'dataset_alias_example_alias_producer_with_no_taskflow', 'dataset_alias_example_alias_consumer_with_no_taskflow' retrieved from /home/airflow/.local/lib/python3.12/site-packages/airflow/example_dags/example_dataset_alias_with_no_taskflow.py
[2025-06-16T23:58:48.207+0000] {logging_mixin.py:190} INFO - [2025-06-16T23:58:48.206+0000] {dag.py:3239} INFO - Sync 4 DAGs
[2025-06-16T23:58:48.303+0000] {logging_mixin.py:190} INFO - [2025-06-16T23:58:48.302+0000] {dag.py:4180} INFO - Setting next_dagrun for dataset_alias_example_alias_consumer_with_no_taskflow to None, run_after=None
[2025-06-16T23:58:48.328+0000] {logging_mixin.py:190} INFO - [2025-06-16T23:58:48.327+0000] {dag.py:4180} INFO - Setting next_dagrun for dataset_alias_example_alias_producer_with_no_taskflow to None, run_after=None
[2025-06-16T23:58:48.338+0000] {logging_mixin.py:190} INFO - [2025-06-16T23:58:48.337+0000] {dag.py:4180} INFO - Setting next_dagrun for dataset_s3_bucket_consumer_with_no_taskflow to None, run_after=None
[2025-06-16T23:58:48.344+0000] {logging_mixin.py:190} INFO - [2025-06-16T23:58:48.343+0000] {dag.py:4180} INFO - Setting next_dagrun for dataset_s3_bucket_producer_with_no_taskflow to None, run_after=None
[2025-06-16T23:58:48.406+0000] {processor.py:208} INFO - Processing /home/airflow/.local/lib/python3.12/site-packages/airflow/example_dags/example_dataset_alias_with_no_taskflow.py took 2.210 seconds
