[2025-06-16T13:59:22.128+0000] {processor.py:186} INFO - Started process (PID=73) to work on /home/airflow/.local/lib/python3.12/site-packages/airflow/example_dags/example_sla_dag.py
[2025-06-16T13:59:22.131+0000] {processor.py:914} INFO - Processing file /home/airflow/.local/lib/python3.12/site-packages/airflow/example_dags/example_sla_dag.py for tasks to queue
[2025-06-16T13:59:22.134+0000] {logging_mixin.py:190} INFO - [2025-06-16T13:59:22.133+0000] {dagbag.py:588} INFO - Filling up the DagBag from /home/airflow/.local/lib/python3.12/site-packages/airflow/example_dags/example_sla_dag.py
[2025-06-16T13:59:22.142+0000] {processor.py:925} INFO - DAG(s) 'example_sla_dag' retrieved from /home/airflow/.local/lib/python3.12/site-packages/airflow/example_dags/example_sla_dag.py
[2025-06-16T13:59:22.223+0000] {logging_mixin.py:190} INFO - [2025-06-16T13:59:22.222+0000] {override.py:1912} INFO - Created Permission View: can delete on DAG:example_sla_dag
[2025-06-16T13:59:22.232+0000] {logging_mixin.py:190} INFO - [2025-06-16T13:59:22.232+0000] {override.py:1912} INFO - Created Permission View: can read on DAG:example_sla_dag
[2025-06-16T13:59:22.240+0000] {logging_mixin.py:190} INFO - [2025-06-16T13:59:22.240+0000] {override.py:1912} INFO - Created Permission View: can edit on DAG:example_sla_dag
[2025-06-16T13:59:22.250+0000] {logging_mixin.py:190} INFO - [2025-06-16T13:59:22.249+0000] {override.py:1912} INFO - Created Permission View: can delete on DAG Run:example_sla_dag
[2025-06-16T13:59:22.256+0000] {logging_mixin.py:190} INFO - [2025-06-16T13:59:22.256+0000] {override.py:1912} INFO - Created Permission View: can create on DAG Run:example_sla_dag
[2025-06-16T13:59:22.264+0000] {logging_mixin.py:190} INFO - [2025-06-16T13:59:22.264+0000] {override.py:1912} INFO - Created Permission View: can read on DAG Run:example_sla_dag
[2025-06-16T13:59:22.271+0000] {logging_mixin.py:190} INFO - [2025-06-16T13:59:22.271+0000] {override.py:1912} INFO - Created Permission View: menu access on DAG Run:example_sla_dag
[2025-06-16T13:59:22.273+0000] {logging_mixin.py:190} INFO - [2025-06-16T13:59:22.273+0000] {dag.py:3239} INFO - Sync 1 DAGs
[2025-06-16T13:59:22.284+0000] {logging_mixin.py:190} INFO - [2025-06-16T13:59:22.283+0000] {dag.py:3262} INFO - Creating ORM DAG for example_sla_dag
[2025-06-16T13:59:22.294+0000] {logging_mixin.py:190} INFO - [2025-06-16T13:59:22.293+0000] {dag.py:4180} INFO - Setting next_dagrun for example_sla_dag to 2025-06-16 13:56:00+00:00, run_after=2025-06-16 13:58:00+00:00
[2025-06-16T13:59:22.307+0000] {processor.py:208} INFO - Processing /home/airflow/.local/lib/python3.12/site-packages/airflow/example_dags/example_sla_dag.py took 0.182 seconds
[2025-06-16T13:59:53.018+0000] {processor.py:186} INFO - Started process (PID=135) to work on /home/airflow/.local/lib/python3.12/site-packages/airflow/example_dags/example_sla_dag.py
[2025-06-16T13:59:53.020+0000] {processor.py:914} INFO - Processing file /home/airflow/.local/lib/python3.12/site-packages/airflow/example_dags/example_sla_dag.py for tasks to queue
[2025-06-16T13:59:53.023+0000] {logging_mixin.py:190} INFO - [2025-06-16T13:59:53.023+0000] {dagbag.py:588} INFO - Filling up the DagBag from /home/airflow/.local/lib/python3.12/site-packages/airflow/example_dags/example_sla_dag.py
[2025-06-16T13:59:53.032+0000] {processor.py:925} INFO - DAG(s) 'example_sla_dag' retrieved from /home/airflow/.local/lib/python3.12/site-packages/airflow/example_dags/example_sla_dag.py
[2025-06-16T13:59:53.050+0000] {logging_mixin.py:190} INFO - [2025-06-16T13:59:53.050+0000] {dag.py:3239} INFO - Sync 1 DAGs
[2025-06-16T13:59:53.073+0000] {logging_mixin.py:190} INFO - [2025-06-16T13:59:53.073+0000] {dag.py:4180} INFO - Setting next_dagrun for example_sla_dag to 2025-06-16 13:56:00+00:00, run_after=2025-06-16 13:58:00+00:00
[2025-06-16T13:59:53.085+0000] {processor.py:208} INFO - Processing /home/airflow/.local/lib/python3.12/site-packages/airflow/example_dags/example_sla_dag.py took 0.071 seconds
[2025-06-16T14:00:23.255+0000] {processor.py:186} INFO - Started process (PID=198) to work on /home/airflow/.local/lib/python3.12/site-packages/airflow/example_dags/example_sla_dag.py
[2025-06-16T14:00:23.259+0000] {processor.py:914} INFO - Processing file /home/airflow/.local/lib/python3.12/site-packages/airflow/example_dags/example_sla_dag.py for tasks to queue
[2025-06-16T14:00:23.261+0000] {logging_mixin.py:190} INFO - [2025-06-16T14:00:23.261+0000] {dagbag.py:588} INFO - Filling up the DagBag from /home/airflow/.local/lib/python3.12/site-packages/airflow/example_dags/example_sla_dag.py
[2025-06-16T14:00:23.271+0000] {processor.py:925} INFO - DAG(s) 'example_sla_dag' retrieved from /home/airflow/.local/lib/python3.12/site-packages/airflow/example_dags/example_sla_dag.py
[2025-06-16T14:00:23.294+0000] {logging_mixin.py:190} INFO - [2025-06-16T14:00:23.294+0000] {dag.py:3239} INFO - Sync 1 DAGs
[2025-06-16T14:00:23.310+0000] {logging_mixin.py:190} INFO - [2025-06-16T14:00:23.310+0000] {dag.py:4180} INFO - Setting next_dagrun for example_sla_dag to 2025-06-16 13:58:00+00:00, run_after=2025-06-16 14:00:00+00:00
[2025-06-16T14:00:23.322+0000] {processor.py:208} INFO - Processing /home/airflow/.local/lib/python3.12/site-packages/airflow/example_dags/example_sla_dag.py took 0.072 seconds
[2025-06-16T14:00:53.436+0000] {processor.py:186} INFO - Started process (PID=260) to work on /home/airflow/.local/lib/python3.12/site-packages/airflow/example_dags/example_sla_dag.py
[2025-06-16T14:00:53.438+0000] {processor.py:914} INFO - Processing file /home/airflow/.local/lib/python3.12/site-packages/airflow/example_dags/example_sla_dag.py for tasks to queue
[2025-06-16T14:00:53.442+0000] {logging_mixin.py:190} INFO - [2025-06-16T14:00:53.442+0000] {dagbag.py:588} INFO - Filling up the DagBag from /home/airflow/.local/lib/python3.12/site-packages/airflow/example_dags/example_sla_dag.py
[2025-06-16T14:00:53.454+0000] {processor.py:925} INFO - DAG(s) 'example_sla_dag' retrieved from /home/airflow/.local/lib/python3.12/site-packages/airflow/example_dags/example_sla_dag.py
[2025-06-16T14:00:53.473+0000] {logging_mixin.py:190} INFO - [2025-06-16T14:00:53.473+0000] {dag.py:3239} INFO - Sync 1 DAGs
[2025-06-16T14:00:53.490+0000] {logging_mixin.py:190} INFO - [2025-06-16T14:00:53.490+0000] {dag.py:4180} INFO - Setting next_dagrun for example_sla_dag to 2025-06-16 13:58:00+00:00, run_after=2025-06-16 14:00:00+00:00
[2025-06-16T14:00:53.503+0000] {processor.py:208} INFO - Processing /home/airflow/.local/lib/python3.12/site-packages/airflow/example_dags/example_sla_dag.py took 0.073 seconds
[2025-06-16T14:01:23.954+0000] {processor.py:186} INFO - Started process (PID=323) to work on /home/airflow/.local/lib/python3.12/site-packages/airflow/example_dags/example_sla_dag.py
[2025-06-16T14:01:23.956+0000] {processor.py:914} INFO - Processing file /home/airflow/.local/lib/python3.12/site-packages/airflow/example_dags/example_sla_dag.py for tasks to queue
[2025-06-16T14:01:23.959+0000] {logging_mixin.py:190} INFO - [2025-06-16T14:01:23.958+0000] {dagbag.py:588} INFO - Filling up the DagBag from /home/airflow/.local/lib/python3.12/site-packages/airflow/example_dags/example_sla_dag.py
[2025-06-16T14:01:23.968+0000] {processor.py:925} INFO - DAG(s) 'example_sla_dag' retrieved from /home/airflow/.local/lib/python3.12/site-packages/airflow/example_dags/example_sla_dag.py
[2025-06-16T14:01:23.984+0000] {logging_mixin.py:190} INFO - [2025-06-16T14:01:23.984+0000] {dag.py:3239} INFO - Sync 1 DAGs
[2025-06-16T14:01:24.002+0000] {logging_mixin.py:190} INFO - [2025-06-16T14:01:24.002+0000] {dag.py:4180} INFO - Setting next_dagrun for example_sla_dag to 2025-06-16 13:58:00+00:00, run_after=2025-06-16 14:00:00+00:00
[2025-06-16T14:01:24.013+0000] {processor.py:208} INFO - Processing /home/airflow/.local/lib/python3.12/site-packages/airflow/example_dags/example_sla_dag.py took 0.066 seconds
[2025-06-16T14:01:54.529+0000] {processor.py:186} INFO - Started process (PID=386) to work on /home/airflow/.local/lib/python3.12/site-packages/airflow/example_dags/example_sla_dag.py
[2025-06-16T14:01:54.531+0000] {processor.py:914} INFO - Processing file /home/airflow/.local/lib/python3.12/site-packages/airflow/example_dags/example_sla_dag.py for tasks to queue
[2025-06-16T14:01:54.534+0000] {logging_mixin.py:190} INFO - [2025-06-16T14:01:54.534+0000] {dagbag.py:588} INFO - Filling up the DagBag from /home/airflow/.local/lib/python3.12/site-packages/airflow/example_dags/example_sla_dag.py
[2025-06-16T14:01:54.547+0000] {processor.py:925} INFO - DAG(s) 'example_sla_dag' retrieved from /home/airflow/.local/lib/python3.12/site-packages/airflow/example_dags/example_sla_dag.py
[2025-06-16T14:01:54.578+0000] {logging_mixin.py:190} INFO - [2025-06-16T14:01:54.578+0000] {dag.py:3239} INFO - Sync 1 DAGs
[2025-06-16T14:01:54.607+0000] {logging_mixin.py:190} INFO - [2025-06-16T14:01:54.606+0000] {dag.py:4180} INFO - Setting next_dagrun for example_sla_dag to 2025-06-16 13:58:00+00:00, run_after=2025-06-16 14:00:00+00:00
[2025-06-16T14:01:54.631+0000] {processor.py:208} INFO - Processing /home/airflow/.local/lib/python3.12/site-packages/airflow/example_dags/example_sla_dag.py took 0.106 seconds
[2025-06-16T14:02:25.437+0000] {processor.py:186} INFO - Started process (PID=448) to work on /home/airflow/.local/lib/python3.12/site-packages/airflow/example_dags/example_sla_dag.py
[2025-06-16T14:02:25.440+0000] {processor.py:914} INFO - Processing file /home/airflow/.local/lib/python3.12/site-packages/airflow/example_dags/example_sla_dag.py for tasks to queue
[2025-06-16T14:02:25.448+0000] {logging_mixin.py:190} INFO - [2025-06-16T14:02:25.448+0000] {dagbag.py:588} INFO - Filling up the DagBag from /home/airflow/.local/lib/python3.12/site-packages/airflow/example_dags/example_sla_dag.py
[2025-06-16T14:02:25.472+0000] {processor.py:925} INFO - DAG(s) 'example_sla_dag' retrieved from /home/airflow/.local/lib/python3.12/site-packages/airflow/example_dags/example_sla_dag.py
[2025-06-16T14:02:25.521+0000] {logging_mixin.py:190} INFO - [2025-06-16T14:02:25.521+0000] {dag.py:3239} INFO - Sync 1 DAGs
[2025-06-16T14:02:25.555+0000] {logging_mixin.py:190} INFO - [2025-06-16T14:02:25.555+0000] {dag.py:4180} INFO - Setting next_dagrun for example_sla_dag to 2025-06-16 14:00:00+00:00, run_after=2025-06-16 14:02:00+00:00
[2025-06-16T14:02:25.577+0000] {processor.py:208} INFO - Processing /home/airflow/.local/lib/python3.12/site-packages/airflow/example_dags/example_sla_dag.py took 0.154 seconds
[2025-06-16T14:02:55.945+0000] {processor.py:186} INFO - Started process (PID=511) to work on /home/airflow/.local/lib/python3.12/site-packages/airflow/example_dags/example_sla_dag.py
[2025-06-16T14:02:55.947+0000] {processor.py:914} INFO - Processing file /home/airflow/.local/lib/python3.12/site-packages/airflow/example_dags/example_sla_dag.py for tasks to queue
[2025-06-16T14:02:55.949+0000] {logging_mixin.py:190} INFO - [2025-06-16T14:02:55.949+0000] {dagbag.py:588} INFO - Filling up the DagBag from /home/airflow/.local/lib/python3.12/site-packages/airflow/example_dags/example_sla_dag.py
[2025-06-16T14:02:55.959+0000] {processor.py:925} INFO - DAG(s) 'example_sla_dag' retrieved from /home/airflow/.local/lib/python3.12/site-packages/airflow/example_dags/example_sla_dag.py
[2025-06-16T14:02:55.973+0000] {logging_mixin.py:190} INFO - [2025-06-16T14:02:55.972+0000] {dag.py:3239} INFO - Sync 1 DAGs
[2025-06-16T14:02:55.989+0000] {logging_mixin.py:190} INFO - [2025-06-16T14:02:55.989+0000] {dag.py:4180} INFO - Setting next_dagrun for example_sla_dag to 2025-06-16 14:00:00+00:00, run_after=2025-06-16 14:02:00+00:00
[2025-06-16T14:02:56.004+0000] {processor.py:208} INFO - Processing /home/airflow/.local/lib/python3.12/site-packages/airflow/example_dags/example_sla_dag.py took 0.065 seconds
[2025-06-16T14:05:29.539+0000] {processor.py:186} INFO - Started process (PID=536) to work on /home/airflow/.local/lib/python3.12/site-packages/airflow/example_dags/example_sla_dag.py
[2025-06-16T14:05:29.542+0000] {processor.py:914} INFO - Processing file /home/airflow/.local/lib/python3.12/site-packages/airflow/example_dags/example_sla_dag.py for tasks to queue
[2025-06-16T14:05:29.545+0000] {logging_mixin.py:190} INFO - [2025-06-16T14:05:29.545+0000] {dagbag.py:588} INFO - Filling up the DagBag from /home/airflow/.local/lib/python3.12/site-packages/airflow/example_dags/example_sla_dag.py
[2025-06-16T14:05:29.553+0000] {processor.py:925} INFO - DAG(s) 'example_sla_dag' retrieved from /home/airflow/.local/lib/python3.12/site-packages/airflow/example_dags/example_sla_dag.py
[2025-06-16T14:05:29.565+0000] {logging_mixin.py:190} INFO - [2025-06-16T14:05:29.565+0000] {dag.py:3239} INFO - Sync 1 DAGs
[2025-06-16T14:05:29.579+0000] {logging_mixin.py:190} INFO - [2025-06-16T14:05:29.579+0000] {dag.py:4180} INFO - Setting next_dagrun for example_sla_dag to 2025-06-16 14:02:00+00:00, run_after=2025-06-16 14:04:00+00:00
[2025-06-16T14:05:29.589+0000] {processor.py:208} INFO - Processing /home/airflow/.local/lib/python3.12/site-packages/airflow/example_dags/example_sla_dag.py took 0.056 seconds
[2025-06-16T14:06:00.426+0000] {processor.py:186} INFO - Started process (PID=598) to work on /home/airflow/.local/lib/python3.12/site-packages/airflow/example_dags/example_sla_dag.py
[2025-06-16T14:06:00.427+0000] {processor.py:914} INFO - Processing file /home/airflow/.local/lib/python3.12/site-packages/airflow/example_dags/example_sla_dag.py for tasks to queue
[2025-06-16T14:06:00.430+0000] {logging_mixin.py:190} INFO - [2025-06-16T14:06:00.429+0000] {dagbag.py:588} INFO - Filling up the DagBag from /home/airflow/.local/lib/python3.12/site-packages/airflow/example_dags/example_sla_dag.py
[2025-06-16T14:06:00.436+0000] {processor.py:925} INFO - DAG(s) 'example_sla_dag' retrieved from /home/airflow/.local/lib/python3.12/site-packages/airflow/example_dags/example_sla_dag.py
[2025-06-16T14:06:00.456+0000] {logging_mixin.py:190} INFO - [2025-06-16T14:06:00.456+0000] {dag.py:3239} INFO - Sync 1 DAGs
[2025-06-16T14:06:00.474+0000] {logging_mixin.py:190} INFO - [2025-06-16T14:06:00.474+0000] {dag.py:4180} INFO - Setting next_dagrun for example_sla_dag to 2025-06-16 14:04:00+00:00, run_after=2025-06-16 14:06:00+00:00
[2025-06-16T14:06:00.486+0000] {processor.py:208} INFO - Processing /home/airflow/.local/lib/python3.12/site-packages/airflow/example_dags/example_sla_dag.py took 0.063 seconds
[2025-06-16T14:06:31.155+0000] {processor.py:186} INFO - Started process (PID=661) to work on /home/airflow/.local/lib/python3.12/site-packages/airflow/example_dags/example_sla_dag.py
[2025-06-16T14:06:31.157+0000] {processor.py:914} INFO - Processing file /home/airflow/.local/lib/python3.12/site-packages/airflow/example_dags/example_sla_dag.py for tasks to queue
[2025-06-16T14:06:31.159+0000] {logging_mixin.py:190} INFO - [2025-06-16T14:06:31.159+0000] {dagbag.py:588} INFO - Filling up the DagBag from /home/airflow/.local/lib/python3.12/site-packages/airflow/example_dags/example_sla_dag.py
[2025-06-16T14:06:31.166+0000] {processor.py:925} INFO - DAG(s) 'example_sla_dag' retrieved from /home/airflow/.local/lib/python3.12/site-packages/airflow/example_dags/example_sla_dag.py
[2025-06-16T14:06:31.181+0000] {logging_mixin.py:190} INFO - [2025-06-16T14:06:31.181+0000] {dag.py:3239} INFO - Sync 1 DAGs
[2025-06-16T14:06:31.198+0000] {logging_mixin.py:190} INFO - [2025-06-16T14:06:31.198+0000] {dag.py:4180} INFO - Setting next_dagrun for example_sla_dag to 2025-06-16 14:04:00+00:00, run_after=2025-06-16 14:06:00+00:00
[2025-06-16T14:06:31.207+0000] {processor.py:208} INFO - Processing /home/airflow/.local/lib/python3.12/site-packages/airflow/example_dags/example_sla_dag.py took 0.055 seconds
[2025-06-16T14:07:02.203+0000] {processor.py:186} INFO - Started process (PID=724) to work on /home/airflow/.local/lib/python3.12/site-packages/airflow/example_dags/example_sla_dag.py
[2025-06-16T14:07:02.204+0000] {processor.py:914} INFO - Processing file /home/airflow/.local/lib/python3.12/site-packages/airflow/example_dags/example_sla_dag.py for tasks to queue
[2025-06-16T14:07:02.209+0000] {logging_mixin.py:190} INFO - [2025-06-16T14:07:02.208+0000] {dagbag.py:588} INFO - Filling up the DagBag from /home/airflow/.local/lib/python3.12/site-packages/airflow/example_dags/example_sla_dag.py
[2025-06-16T14:07:02.216+0000] {processor.py:925} INFO - DAG(s) 'example_sla_dag' retrieved from /home/airflow/.local/lib/python3.12/site-packages/airflow/example_dags/example_sla_dag.py
[2025-06-16T14:07:02.232+0000] {logging_mixin.py:190} INFO - [2025-06-16T14:07:02.232+0000] {dag.py:3239} INFO - Sync 1 DAGs
[2025-06-16T14:07:02.249+0000] {logging_mixin.py:190} INFO - [2025-06-16T14:07:02.248+0000] {dag.py:4180} INFO - Setting next_dagrun for example_sla_dag to 2025-06-16 14:04:00+00:00, run_after=2025-06-16 14:06:00+00:00
[2025-06-16T14:07:02.260+0000] {processor.py:208} INFO - Processing /home/airflow/.local/lib/python3.12/site-packages/airflow/example_dags/example_sla_dag.py took 0.061 seconds
[2025-06-16T14:07:32.828+0000] {processor.py:186} INFO - Started process (PID=786) to work on /home/airflow/.local/lib/python3.12/site-packages/airflow/example_dags/example_sla_dag.py
[2025-06-16T14:07:32.831+0000] {processor.py:914} INFO - Processing file /home/airflow/.local/lib/python3.12/site-packages/airflow/example_dags/example_sla_dag.py for tasks to queue
[2025-06-16T14:07:32.833+0000] {logging_mixin.py:190} INFO - [2025-06-16T14:07:32.833+0000] {dagbag.py:588} INFO - Filling up the DagBag from /home/airflow/.local/lib/python3.12/site-packages/airflow/example_dags/example_sla_dag.py
[2025-06-16T14:07:32.841+0000] {processor.py:925} INFO - DAG(s) 'example_sla_dag' retrieved from /home/airflow/.local/lib/python3.12/site-packages/airflow/example_dags/example_sla_dag.py
[2025-06-16T14:07:32.859+0000] {logging_mixin.py:190} INFO - [2025-06-16T14:07:32.859+0000] {dag.py:3239} INFO - Sync 1 DAGs
[2025-06-16T14:07:32.880+0000] {logging_mixin.py:190} INFO - [2025-06-16T14:07:32.880+0000] {dag.py:4180} INFO - Setting next_dagrun for example_sla_dag to 2025-06-16 14:04:00+00:00, run_after=2025-06-16 14:06:00+00:00
[2025-06-16T14:07:32.899+0000] {processor.py:208} INFO - Processing /home/airflow/.local/lib/python3.12/site-packages/airflow/example_dags/example_sla_dag.py took 0.074 seconds
[2025-06-16T14:08:03.179+0000] {processor.py:186} INFO - Started process (PID=848) to work on /home/airflow/.local/lib/python3.12/site-packages/airflow/example_dags/example_sla_dag.py
[2025-06-16T14:08:03.180+0000] {processor.py:914} INFO - Processing file /home/airflow/.local/lib/python3.12/site-packages/airflow/example_dags/example_sla_dag.py for tasks to queue
[2025-06-16T14:08:03.181+0000] {logging_mixin.py:190} INFO - [2025-06-16T14:08:03.181+0000] {dagbag.py:588} INFO - Filling up the DagBag from /home/airflow/.local/lib/python3.12/site-packages/airflow/example_dags/example_sla_dag.py
[2025-06-16T14:08:03.188+0000] {processor.py:925} INFO - DAG(s) 'example_sla_dag' retrieved from /home/airflow/.local/lib/python3.12/site-packages/airflow/example_dags/example_sla_dag.py
[2025-06-16T14:08:03.199+0000] {logging_mixin.py:190} INFO - [2025-06-16T14:08:03.199+0000] {dag.py:3239} INFO - Sync 1 DAGs
[2025-06-16T14:08:03.213+0000] {logging_mixin.py:190} INFO - [2025-06-16T14:08:03.213+0000] {dag.py:4180} INFO - Setting next_dagrun for example_sla_dag to 2025-06-16 14:06:00+00:00, run_after=2025-06-16 14:08:00+00:00
[2025-06-16T14:08:03.225+0000] {processor.py:208} INFO - Processing /home/airflow/.local/lib/python3.12/site-packages/airflow/example_dags/example_sla_dag.py took 0.048 seconds
[2025-06-16T14:08:33.420+0000] {processor.py:186} INFO - Started process (PID=911) to work on /home/airflow/.local/lib/python3.12/site-packages/airflow/example_dags/example_sla_dag.py
[2025-06-16T14:08:33.422+0000] {processor.py:914} INFO - Processing file /home/airflow/.local/lib/python3.12/site-packages/airflow/example_dags/example_sla_dag.py for tasks to queue
[2025-06-16T14:08:33.424+0000] {logging_mixin.py:190} INFO - [2025-06-16T14:08:33.423+0000] {dagbag.py:588} INFO - Filling up the DagBag from /home/airflow/.local/lib/python3.12/site-packages/airflow/example_dags/example_sla_dag.py
[2025-06-16T14:08:33.430+0000] {processor.py:925} INFO - DAG(s) 'example_sla_dag' retrieved from /home/airflow/.local/lib/python3.12/site-packages/airflow/example_dags/example_sla_dag.py
[2025-06-16T14:08:33.443+0000] {logging_mixin.py:190} INFO - [2025-06-16T14:08:33.443+0000] {dag.py:3239} INFO - Sync 1 DAGs
[2025-06-16T14:08:33.461+0000] {logging_mixin.py:190} INFO - [2025-06-16T14:08:33.461+0000] {dag.py:4180} INFO - Setting next_dagrun for example_sla_dag to 2025-06-16 14:06:00+00:00, run_after=2025-06-16 14:08:00+00:00
[2025-06-16T14:08:33.473+0000] {processor.py:208} INFO - Processing /home/airflow/.local/lib/python3.12/site-packages/airflow/example_dags/example_sla_dag.py took 0.056 seconds
[2025-06-16T14:09:04.491+0000] {processor.py:186} INFO - Started process (PID=974) to work on /home/airflow/.local/lib/python3.12/site-packages/airflow/example_dags/example_sla_dag.py
[2025-06-16T14:09:04.493+0000] {processor.py:914} INFO - Processing file /home/airflow/.local/lib/python3.12/site-packages/airflow/example_dags/example_sla_dag.py for tasks to queue
[2025-06-16T14:09:04.494+0000] {logging_mixin.py:190} INFO - [2025-06-16T14:09:04.494+0000] {dagbag.py:588} INFO - Filling up the DagBag from /home/airflow/.local/lib/python3.12/site-packages/airflow/example_dags/example_sla_dag.py
[2025-06-16T14:09:04.500+0000] {processor.py:925} INFO - DAG(s) 'example_sla_dag' retrieved from /home/airflow/.local/lib/python3.12/site-packages/airflow/example_dags/example_sla_dag.py
[2025-06-16T14:09:04.515+0000] {logging_mixin.py:190} INFO - [2025-06-16T14:09:04.515+0000] {dag.py:3239} INFO - Sync 1 DAGs
[2025-06-16T14:09:04.533+0000] {logging_mixin.py:190} INFO - [2025-06-16T14:09:04.533+0000] {dag.py:4180} INFO - Setting next_dagrun for example_sla_dag to 2025-06-16 14:06:00+00:00, run_after=2025-06-16 14:08:00+00:00
[2025-06-16T14:09:04.544+0000] {processor.py:208} INFO - Processing /home/airflow/.local/lib/python3.12/site-packages/airflow/example_dags/example_sla_dag.py took 0.056 seconds
[2025-06-16T14:09:35.428+0000] {processor.py:186} INFO - Started process (PID=1037) to work on /home/airflow/.local/lib/python3.12/site-packages/airflow/example_dags/example_sla_dag.py
[2025-06-16T14:09:35.431+0000] {processor.py:914} INFO - Processing file /home/airflow/.local/lib/python3.12/site-packages/airflow/example_dags/example_sla_dag.py for tasks to queue
[2025-06-16T14:09:35.433+0000] {logging_mixin.py:190} INFO - [2025-06-16T14:09:35.433+0000] {dagbag.py:588} INFO - Filling up the DagBag from /home/airflow/.local/lib/python3.12/site-packages/airflow/example_dags/example_sla_dag.py
[2025-06-16T14:09:35.439+0000] {processor.py:925} INFO - DAG(s) 'example_sla_dag' retrieved from /home/airflow/.local/lib/python3.12/site-packages/airflow/example_dags/example_sla_dag.py
[2025-06-16T14:09:35.451+0000] {logging_mixin.py:190} INFO - [2025-06-16T14:09:35.451+0000] {dag.py:3239} INFO - Sync 1 DAGs
[2025-06-16T14:09:35.470+0000] {logging_mixin.py:190} INFO - [2025-06-16T14:09:35.470+0000] {dag.py:4180} INFO - Setting next_dagrun for example_sla_dag to 2025-06-16 14:06:00+00:00, run_after=2025-06-16 14:08:00+00:00
[2025-06-16T14:09:35.481+0000] {processor.py:208} INFO - Processing /home/airflow/.local/lib/python3.12/site-packages/airflow/example_dags/example_sla_dag.py took 0.056 seconds
[2025-06-16T14:10:49.779+0000] {processor.py:186} INFO - Started process (PID=1101) to work on /home/airflow/.local/lib/python3.12/site-packages/airflow/example_dags/example_sla_dag.py
[2025-06-16T14:10:49.780+0000] {processor.py:914} INFO - Processing file /home/airflow/.local/lib/python3.12/site-packages/airflow/example_dags/example_sla_dag.py for tasks to queue
[2025-06-16T14:10:49.783+0000] {logging_mixin.py:190} INFO - [2025-06-16T14:10:49.783+0000] {dagbag.py:588} INFO - Filling up the DagBag from /home/airflow/.local/lib/python3.12/site-packages/airflow/example_dags/example_sla_dag.py
[2025-06-16T14:10:49.790+0000] {processor.py:925} INFO - DAG(s) 'example_sla_dag' retrieved from /home/airflow/.local/lib/python3.12/site-packages/airflow/example_dags/example_sla_dag.py
[2025-06-16T14:10:49.801+0000] {logging_mixin.py:190} INFO - [2025-06-16T14:10:49.801+0000] {dag.py:3239} INFO - Sync 1 DAGs
[2025-06-16T14:10:49.816+0000] {logging_mixin.py:190} INFO - [2025-06-16T14:10:49.816+0000] {dag.py:4180} INFO - Setting next_dagrun for example_sla_dag to 2025-06-16 14:08:00+00:00, run_after=2025-06-16 14:10:00+00:00
[2025-06-16T14:10:49.827+0000] {processor.py:208} INFO - Processing /home/airflow/.local/lib/python3.12/site-packages/airflow/example_dags/example_sla_dag.py took 0.052 seconds
[2025-06-16T14:11:39.024+0000] {processor.py:186} INFO - Started process (PID=1164) to work on /home/airflow/.local/lib/python3.12/site-packages/airflow/example_dags/example_sla_dag.py
[2025-06-16T14:11:39.026+0000] {processor.py:914} INFO - Processing file /home/airflow/.local/lib/python3.12/site-packages/airflow/example_dags/example_sla_dag.py for tasks to queue
[2025-06-16T14:11:39.029+0000] {logging_mixin.py:190} INFO - [2025-06-16T14:11:39.028+0000] {dagbag.py:588} INFO - Filling up the DagBag from /home/airflow/.local/lib/python3.12/site-packages/airflow/example_dags/example_sla_dag.py
[2025-06-16T14:11:39.038+0000] {processor.py:925} INFO - DAG(s) 'example_sla_dag' retrieved from /home/airflow/.local/lib/python3.12/site-packages/airflow/example_dags/example_sla_dag.py
[2025-06-16T14:11:39.058+0000] {logging_mixin.py:190} INFO - [2025-06-16T14:11:39.058+0000] {dag.py:3239} INFO - Sync 1 DAGs
[2025-06-16T14:11:39.081+0000] {logging_mixin.py:190} INFO - [2025-06-16T14:11:39.081+0000] {dag.py:4180} INFO - Setting next_dagrun for example_sla_dag to 2025-06-16 14:08:00+00:00, run_after=2025-06-16 14:10:00+00:00
[2025-06-16T14:11:39.100+0000] {processor.py:208} INFO - Processing /home/airflow/.local/lib/python3.12/site-packages/airflow/example_dags/example_sla_dag.py took 0.081 seconds
[2025-06-16T14:12:09.646+0000] {processor.py:186} INFO - Started process (PID=1226) to work on /home/airflow/.local/lib/python3.12/site-packages/airflow/example_dags/example_sla_dag.py
[2025-06-16T14:12:09.649+0000] {processor.py:914} INFO - Processing file /home/airflow/.local/lib/python3.12/site-packages/airflow/example_dags/example_sla_dag.py for tasks to queue
[2025-06-16T14:12:09.655+0000] {logging_mixin.py:190} INFO - [2025-06-16T14:12:09.655+0000] {dagbag.py:588} INFO - Filling up the DagBag from /home/airflow/.local/lib/python3.12/site-packages/airflow/example_dags/example_sla_dag.py
[2025-06-16T14:12:09.670+0000] {processor.py:925} INFO - DAG(s) 'example_sla_dag' retrieved from /home/airflow/.local/lib/python3.12/site-packages/airflow/example_dags/example_sla_dag.py
[2025-06-16T14:12:09.688+0000] {logging_mixin.py:190} INFO - [2025-06-16T14:12:09.687+0000] {dag.py:3239} INFO - Sync 1 DAGs
[2025-06-16T14:12:09.710+0000] {logging_mixin.py:190} INFO - [2025-06-16T14:12:09.710+0000] {dag.py:4180} INFO - Setting next_dagrun for example_sla_dag to 2025-06-16 14:10:00+00:00, run_after=2025-06-16 14:12:00+00:00
[2025-06-16T14:12:09.741+0000] {processor.py:208} INFO - Processing /home/airflow/.local/lib/python3.12/site-packages/airflow/example_dags/example_sla_dag.py took 0.100 seconds
[2025-06-16T14:12:40.764+0000] {processor.py:186} INFO - Started process (PID=1290) to work on /home/airflow/.local/lib/python3.12/site-packages/airflow/example_dags/example_sla_dag.py
[2025-06-16T14:12:40.768+0000] {processor.py:914} INFO - Processing file /home/airflow/.local/lib/python3.12/site-packages/airflow/example_dags/example_sla_dag.py for tasks to queue
[2025-06-16T14:12:40.772+0000] {logging_mixin.py:190} INFO - [2025-06-16T14:12:40.772+0000] {dagbag.py:588} INFO - Filling up the DagBag from /home/airflow/.local/lib/python3.12/site-packages/airflow/example_dags/example_sla_dag.py
[2025-06-16T14:12:40.783+0000] {processor.py:925} INFO - DAG(s) 'example_sla_dag' retrieved from /home/airflow/.local/lib/python3.12/site-packages/airflow/example_dags/example_sla_dag.py
[2025-06-16T14:12:40.811+0000] {logging_mixin.py:190} INFO - [2025-06-16T14:12:40.811+0000] {dag.py:3239} INFO - Sync 1 DAGs
[2025-06-16T14:12:40.842+0000] {logging_mixin.py:190} INFO - [2025-06-16T14:12:40.842+0000] {dag.py:4180} INFO - Setting next_dagrun for example_sla_dag to 2025-06-16 14:10:00+00:00, run_after=2025-06-16 14:12:00+00:00
[2025-06-16T14:12:40.856+0000] {processor.py:208} INFO - Processing /home/airflow/.local/lib/python3.12/site-packages/airflow/example_dags/example_sla_dag.py took 0.097 seconds
[2025-06-16T14:13:11.501+0000] {processor.py:186} INFO - Started process (PID=1353) to work on /home/airflow/.local/lib/python3.12/site-packages/airflow/example_dags/example_sla_dag.py
[2025-06-16T14:13:11.503+0000] {processor.py:914} INFO - Processing file /home/airflow/.local/lib/python3.12/site-packages/airflow/example_dags/example_sla_dag.py for tasks to queue
[2025-06-16T14:13:11.506+0000] {logging_mixin.py:190} INFO - [2025-06-16T14:13:11.505+0000] {dagbag.py:588} INFO - Filling up the DagBag from /home/airflow/.local/lib/python3.12/site-packages/airflow/example_dags/example_sla_dag.py
[2025-06-16T14:13:11.516+0000] {processor.py:925} INFO - DAG(s) 'example_sla_dag' retrieved from /home/airflow/.local/lib/python3.12/site-packages/airflow/example_dags/example_sla_dag.py
[2025-06-16T14:13:11.534+0000] {logging_mixin.py:190} INFO - [2025-06-16T14:13:11.534+0000] {dag.py:3239} INFO - Sync 1 DAGs
[2025-06-16T14:13:11.553+0000] {logging_mixin.py:190} INFO - [2025-06-16T14:13:11.553+0000] {dag.py:4180} INFO - Setting next_dagrun for example_sla_dag to 2025-06-16 14:10:00+00:00, run_after=2025-06-16 14:12:00+00:00
[2025-06-16T14:13:11.568+0000] {processor.py:208} INFO - Processing /home/airflow/.local/lib/python3.12/site-packages/airflow/example_dags/example_sla_dag.py took 0.072 seconds
[2025-06-16T14:13:42.119+0000] {processor.py:186} INFO - Started process (PID=1415) to work on /home/airflow/.local/lib/python3.12/site-packages/airflow/example_dags/example_sla_dag.py
[2025-06-16T14:13:42.124+0000] {processor.py:914} INFO - Processing file /home/airflow/.local/lib/python3.12/site-packages/airflow/example_dags/example_sla_dag.py for tasks to queue
[2025-06-16T14:13:42.127+0000] {logging_mixin.py:190} INFO - [2025-06-16T14:13:42.127+0000] {dagbag.py:588} INFO - Filling up the DagBag from /home/airflow/.local/lib/python3.12/site-packages/airflow/example_dags/example_sla_dag.py
[2025-06-16T14:13:42.139+0000] {processor.py:925} INFO - DAG(s) 'example_sla_dag' retrieved from /home/airflow/.local/lib/python3.12/site-packages/airflow/example_dags/example_sla_dag.py
[2025-06-16T14:13:42.157+0000] {logging_mixin.py:190} INFO - [2025-06-16T14:13:42.157+0000] {dag.py:3239} INFO - Sync 1 DAGs
[2025-06-16T14:13:42.173+0000] {logging_mixin.py:190} INFO - [2025-06-16T14:13:42.172+0000] {dag.py:4180} INFO - Setting next_dagrun for example_sla_dag to 2025-06-16 14:10:00+00:00, run_after=2025-06-16 14:12:00+00:00
[2025-06-16T14:13:42.185+0000] {processor.py:208} INFO - Processing /home/airflow/.local/lib/python3.12/site-packages/airflow/example_dags/example_sla_dag.py took 0.073 seconds
[2025-06-16T14:14:12.893+0000] {processor.py:186} INFO - Started process (PID=1478) to work on /home/airflow/.local/lib/python3.12/site-packages/airflow/example_dags/example_sla_dag.py
[2025-06-16T14:14:12.895+0000] {processor.py:914} INFO - Processing file /home/airflow/.local/lib/python3.12/site-packages/airflow/example_dags/example_sla_dag.py for tasks to queue
[2025-06-16T14:14:12.897+0000] {logging_mixin.py:190} INFO - [2025-06-16T14:14:12.897+0000] {dagbag.py:588} INFO - Filling up the DagBag from /home/airflow/.local/lib/python3.12/site-packages/airflow/example_dags/example_sla_dag.py
[2025-06-16T14:14:12.910+0000] {processor.py:925} INFO - DAG(s) 'example_sla_dag' retrieved from /home/airflow/.local/lib/python3.12/site-packages/airflow/example_dags/example_sla_dag.py
[2025-06-16T14:14:12.934+0000] {logging_mixin.py:190} INFO - [2025-06-16T14:14:12.933+0000] {dag.py:3239} INFO - Sync 1 DAGs
[2025-06-16T14:14:12.979+0000] {logging_mixin.py:190} INFO - [2025-06-16T14:14:12.979+0000] {dag.py:4180} INFO - Setting next_dagrun for example_sla_dag to 2025-06-16 14:12:00+00:00, run_after=2025-06-16 14:14:00+00:00
[2025-06-16T14:14:12.999+0000] {processor.py:208} INFO - Processing /home/airflow/.local/lib/python3.12/site-packages/airflow/example_dags/example_sla_dag.py took 0.113 seconds
[2025-06-16T15:07:17.700+0000] {processor.py:186} INFO - Started process (PID=1542) to work on /home/airflow/.local/lib/python3.12/site-packages/airflow/example_dags/example_sla_dag.py
[2025-06-16T15:07:17.702+0000] {processor.py:914} INFO - Processing file /home/airflow/.local/lib/python3.12/site-packages/airflow/example_dags/example_sla_dag.py for tasks to queue
[2025-06-16T15:07:17.704+0000] {logging_mixin.py:190} INFO - [2025-06-16T15:07:17.703+0000] {dagbag.py:588} INFO - Filling up the DagBag from /home/airflow/.local/lib/python3.12/site-packages/airflow/example_dags/example_sla_dag.py
[2025-06-16T15:07:17.710+0000] {processor.py:925} INFO - DAG(s) 'example_sla_dag' retrieved from /home/airflow/.local/lib/python3.12/site-packages/airflow/example_dags/example_sla_dag.py
[2025-06-16T15:07:17.723+0000] {logging_mixin.py:190} INFO - [2025-06-16T15:07:17.723+0000] {dag.py:3239} INFO - Sync 1 DAGs
[2025-06-16T15:07:17.739+0000] {logging_mixin.py:190} INFO - [2025-06-16T15:07:17.739+0000] {dag.py:4180} INFO - Setting next_dagrun for example_sla_dag to 2025-06-16 15:04:00+00:00, run_after=2025-06-16 15:06:00+00:00
[2025-06-16T15:07:17.749+0000] {processor.py:208} INFO - Processing /home/airflow/.local/lib/python3.12/site-packages/airflow/example_dags/example_sla_dag.py took 0.052 seconds
[2025-06-16T15:57:46.395+0000] {processor.py:186} INFO - Started process (PID=1605) to work on /home/airflow/.local/lib/python3.12/site-packages/airflow/example_dags/example_sla_dag.py
[2025-06-16T15:57:46.397+0000] {processor.py:914} INFO - Processing file /home/airflow/.local/lib/python3.12/site-packages/airflow/example_dags/example_sla_dag.py for tasks to queue
[2025-06-16T15:57:46.401+0000] {logging_mixin.py:190} INFO - [2025-06-16T15:57:46.400+0000] {dagbag.py:588} INFO - Filling up the DagBag from /home/airflow/.local/lib/python3.12/site-packages/airflow/example_dags/example_sla_dag.py
[2025-06-16T15:57:46.411+0000] {processor.py:925} INFO - DAG(s) 'example_sla_dag' retrieved from /home/airflow/.local/lib/python3.12/site-packages/airflow/example_dags/example_sla_dag.py
[2025-06-16T15:57:46.435+0000] {logging_mixin.py:190} INFO - [2025-06-16T15:57:46.435+0000] {dag.py:3239} INFO - Sync 1 DAGs
[2025-06-16T15:57:46.456+0000] {logging_mixin.py:190} INFO - [2025-06-16T15:57:46.456+0000] {dag.py:4180} INFO - Setting next_dagrun for example_sla_dag to 2025-06-16 15:54:00+00:00, run_after=2025-06-16 15:56:00+00:00
[2025-06-16T15:57:46.475+0000] {processor.py:208} INFO - Processing /home/airflow/.local/lib/python3.12/site-packages/airflow/example_dags/example_sla_dag.py took 0.086 seconds
[2025-06-16T17:08:52.590+0000] {processor.py:186} INFO - Started process (PID=1669) to work on /home/airflow/.local/lib/python3.12/site-packages/airflow/example_dags/example_sla_dag.py
[2025-06-16T17:08:52.593+0000] {processor.py:914} INFO - Processing file /home/airflow/.local/lib/python3.12/site-packages/airflow/example_dags/example_sla_dag.py for tasks to queue
[2025-06-16T17:08:52.598+0000] {logging_mixin.py:190} INFO - [2025-06-16T17:08:52.597+0000] {dagbag.py:588} INFO - Filling up the DagBag from /home/airflow/.local/lib/python3.12/site-packages/airflow/example_dags/example_sla_dag.py
[2025-06-16T17:08:52.611+0000] {processor.py:925} INFO - DAG(s) 'example_sla_dag' retrieved from /home/airflow/.local/lib/python3.12/site-packages/airflow/example_dags/example_sla_dag.py
[2025-06-16T17:08:52.635+0000] {logging_mixin.py:190} INFO - [2025-06-16T17:08:52.635+0000] {dag.py:3239} INFO - Sync 1 DAGs
[2025-06-16T17:08:52.664+0000] {logging_mixin.py:190} INFO - [2025-06-16T17:08:52.664+0000] {dag.py:4180} INFO - Setting next_dagrun for example_sla_dag to 2025-06-16 17:06:00+00:00, run_after=2025-06-16 17:08:00+00:00
[2025-06-16T17:08:52.683+0000] {processor.py:208} INFO - Processing /home/airflow/.local/lib/python3.12/site-packages/airflow/example_dags/example_sla_dag.py took 0.099 seconds
[2025-06-16T18:08:24.308+0000] {processor.py:186} INFO - Started process (PID=1732) to work on /home/airflow/.local/lib/python3.12/site-packages/airflow/example_dags/example_sla_dag.py
[2025-06-16T18:08:24.312+0000] {processor.py:914} INFO - Processing file /home/airflow/.local/lib/python3.12/site-packages/airflow/example_dags/example_sla_dag.py for tasks to queue
[2025-06-16T18:08:24.319+0000] {logging_mixin.py:190} INFO - [2025-06-16T18:08:24.318+0000] {dagbag.py:588} INFO - Filling up the DagBag from /home/airflow/.local/lib/python3.12/site-packages/airflow/example_dags/example_sla_dag.py
[2025-06-16T18:08:24.342+0000] {processor.py:925} INFO - DAG(s) 'example_sla_dag' retrieved from /home/airflow/.local/lib/python3.12/site-packages/airflow/example_dags/example_sla_dag.py
[2025-06-16T18:08:24.382+0000] {logging_mixin.py:190} INFO - [2025-06-16T18:08:24.382+0000] {dag.py:3239} INFO - Sync 1 DAGs
[2025-06-16T18:08:24.432+0000] {logging_mixin.py:190} INFO - [2025-06-16T18:08:24.431+0000] {dag.py:4180} INFO - Setting next_dagrun for example_sla_dag to 2025-06-16 18:06:00+00:00, run_after=2025-06-16 18:08:00+00:00
[2025-06-16T18:08:24.475+0000] {processor.py:208} INFO - Processing /home/airflow/.local/lib/python3.12/site-packages/airflow/example_dags/example_sla_dag.py took 0.172 seconds
[2025-06-16T19:23:28.284+0000] {processor.py:186} INFO - Started process (PID=1795) to work on /home/airflow/.local/lib/python3.12/site-packages/airflow/example_dags/example_sla_dag.py
[2025-06-16T19:23:28.303+0000] {processor.py:914} INFO - Processing file /home/airflow/.local/lib/python3.12/site-packages/airflow/example_dags/example_sla_dag.py for tasks to queue
[2025-06-16T19:23:28.349+0000] {logging_mixin.py:190} INFO - [2025-06-16T19:23:28.348+0000] {dagbag.py:588} INFO - Filling up the DagBag from /home/airflow/.local/lib/python3.12/site-packages/airflow/example_dags/example_sla_dag.py
[2025-06-16T19:23:28.437+0000] {processor.py:925} INFO - DAG(s) 'example_sla_dag' retrieved from /home/airflow/.local/lib/python3.12/site-packages/airflow/example_dags/example_sla_dag.py
[2025-06-16T19:23:28.597+0000] {logging_mixin.py:190} INFO - [2025-06-16T19:23:28.596+0000] {dag.py:3239} INFO - Sync 1 DAGs
[2025-06-16T19:23:28.969+0000] {logging_mixin.py:190} INFO - [2025-06-16T19:23:28.957+0000] {dag.py:4180} INFO - Setting next_dagrun for example_sla_dag to 2025-06-16 19:20:00+00:00, run_after=2025-06-16 19:22:00+00:00
[2025-06-16T19:23:29.132+0000] {processor.py:208} INFO - Processing /home/airflow/.local/lib/python3.12/site-packages/airflow/example_dags/example_sla_dag.py took 0.895 seconds
