[2025-06-16T13:59:25.446+0000] {processor.py:186} INFO - Started process (PID=81) to work on /home/airflow/.local/lib/python3.12/site-packages/airflow/example_dags/example_subdag_operator.py
[2025-06-16T13:59:25.448+0000] {processor.py:914} INFO - Processing file /home/airflow/.local/lib/python3.12/site-packages/airflow/example_dags/example_subdag_operator.py for tasks to queue
[2025-06-16T13:59:25.454+0000] {logging_mixin.py:190} INFO - [2025-06-16T13:59:25.454+0000] {dagbag.py:588} INFO - Filling up the DagBag from /home/airflow/.local/lib/python3.12/site-packages/airflow/example_dags/example_subdag_operator.py
[2025-06-16T13:59:25.490+0000] {processor.py:925} INFO - DAG(s) 'example_subdag_operator.section-1', 'example_subdag_operator.section-2', 'example_subdag_operator' retrieved from /home/airflow/.local/lib/python3.12/site-packages/airflow/example_dags/example_subdag_operator.py
[2025-06-16T13:59:25.603+0000] {logging_mixin.py:190} INFO - [2025-06-16T13:59:25.602+0000] {override.py:1912} INFO - Created Permission View: can delete on DAG:example_subdag_operator
[2025-06-16T13:59:25.620+0000] {logging_mixin.py:190} INFO - [2025-06-16T13:59:25.620+0000] {override.py:1912} INFO - Created Permission View: can read on DAG:example_subdag_operator
[2025-06-16T13:59:25.631+0000] {logging_mixin.py:190} INFO - [2025-06-16T13:59:25.631+0000] {override.py:1912} INFO - Created Permission View: can edit on DAG:example_subdag_operator
[2025-06-16T13:59:25.649+0000] {logging_mixin.py:190} INFO - [2025-06-16T13:59:25.649+0000] {override.py:1912} INFO - Created Permission View: can delete on DAG Run:example_subdag_operator
[2025-06-16T13:59:25.660+0000] {logging_mixin.py:190} INFO - [2025-06-16T13:59:25.660+0000] {override.py:1912} INFO - Created Permission View: can create on DAG Run:example_subdag_operator
[2025-06-16T13:59:25.672+0000] {logging_mixin.py:190} INFO - [2025-06-16T13:59:25.671+0000] {override.py:1912} INFO - Created Permission View: can read on DAG Run:example_subdag_operator
[2025-06-16T13:59:25.692+0000] {logging_mixin.py:190} INFO - [2025-06-16T13:59:25.691+0000] {override.py:1912} INFO - Created Permission View: menu access on DAG Run:example_subdag_operator
[2025-06-16T13:59:25.696+0000] {logging_mixin.py:190} INFO - [2025-06-16T13:59:25.695+0000] {dag.py:3239} INFO - Sync 3 DAGs
[2025-06-16T13:59:25.716+0000] {logging_mixin.py:190} INFO - [2025-06-16T13:59:25.716+0000] {dag.py:3262} INFO - Creating ORM DAG for example_subdag_operator.section-1
[2025-06-16T13:59:25.722+0000] {logging_mixin.py:190} INFO - [2025-06-16T13:59:25.722+0000] {dag.py:3262} INFO - Creating ORM DAG for example_subdag_operator
[2025-06-16T13:59:25.725+0000] {logging_mixin.py:190} INFO - [2025-06-16T13:59:25.725+0000] {dag.py:3262} INFO - Creating ORM DAG for example_subdag_operator.section-2
[2025-06-16T13:59:25.740+0000] {logging_mixin.py:190} INFO - [2025-06-16T13:59:25.739+0000] {dag.py:4180} INFO - Setting next_dagrun for example_subdag_operator to 2022-01-01 00:00:00+00:00, run_after=2022-01-01 00:00:00+00:00
[2025-06-16T13:59:25.744+0000] {logging_mixin.py:190} INFO - [2025-06-16T13:59:25.744+0000] {dag.py:4180} INFO - Setting next_dagrun for example_subdag_operator.section-1 to None, run_after=None
[2025-06-16T13:59:25.745+0000] {logging_mixin.py:190} INFO - [2025-06-16T13:59:25.745+0000] {dag.py:4180} INFO - Setting next_dagrun for example_subdag_operator.section-2 to None, run_after=None
[2025-06-16T13:59:25.753+0000] {logging_mixin.py:190} INFO - [2025-06-16T13:59:25.753+0000] {dag.py:3239} INFO - Sync 2 DAGs
[2025-06-16T13:59:25.757+0000] {logging_mixin.py:190} INFO - [2025-06-16T13:59:25.757+0000] {dag.py:4180} INFO - Setting next_dagrun for example_subdag_operator.section-1 to None, run_after=None
[2025-06-16T13:59:25.759+0000] {logging_mixin.py:190} INFO - [2025-06-16T13:59:25.759+0000] {dag.py:4180} INFO - Setting next_dagrun for example_subdag_operator.section-2 to None, run_after=None
[2025-06-16T13:59:25.769+0000] {processor.py:208} INFO - Processing /home/airflow/.local/lib/python3.12/site-packages/airflow/example_dags/example_subdag_operator.py took 0.329 seconds
[2025-06-16T13:59:55.894+0000] {processor.py:186} INFO - Started process (PID=144) to work on /home/airflow/.local/lib/python3.12/site-packages/airflow/example_dags/example_subdag_operator.py
[2025-06-16T13:59:55.896+0000] {processor.py:914} INFO - Processing file /home/airflow/.local/lib/python3.12/site-packages/airflow/example_dags/example_subdag_operator.py for tasks to queue
[2025-06-16T13:59:55.897+0000] {logging_mixin.py:190} INFO - [2025-06-16T13:59:55.897+0000] {dagbag.py:588} INFO - Filling up the DagBag from /home/airflow/.local/lib/python3.12/site-packages/airflow/example_dags/example_subdag_operator.py
[2025-06-16T13:59:55.911+0000] {processor.py:925} INFO - DAG(s) 'example_subdag_operator.section-1', 'example_subdag_operator.section-2', 'example_subdag_operator' retrieved from /home/airflow/.local/lib/python3.12/site-packages/airflow/example_dags/example_subdag_operator.py
[2025-06-16T13:59:55.919+0000] {logging_mixin.py:190} INFO - [2025-06-16T13:59:55.919+0000] {dag.py:3239} INFO - Sync 3 DAGs
[2025-06-16T13:59:55.930+0000] {logging_mixin.py:190} INFO - [2025-06-16T13:59:55.930+0000] {dag.py:4180} INFO - Setting next_dagrun for example_subdag_operator to 2022-01-01 00:00:00+00:00, run_after=2022-01-01 00:00:00+00:00
[2025-06-16T13:59:55.932+0000] {logging_mixin.py:190} INFO - [2025-06-16T13:59:55.932+0000] {dag.py:4180} INFO - Setting next_dagrun for example_subdag_operator.section-1 to None, run_after=None
[2025-06-16T13:59:55.934+0000] {logging_mixin.py:190} INFO - [2025-06-16T13:59:55.934+0000] {dag.py:4180} INFO - Setting next_dagrun for example_subdag_operator.section-2 to None, run_after=None
[2025-06-16T13:59:55.938+0000] {logging_mixin.py:190} INFO - [2025-06-16T13:59:55.938+0000] {dag.py:3239} INFO - Sync 2 DAGs
[2025-06-16T13:59:55.941+0000] {logging_mixin.py:190} INFO - [2025-06-16T13:59:55.941+0000] {dag.py:4180} INFO - Setting next_dagrun for example_subdag_operator.section-1 to None, run_after=None
[2025-06-16T13:59:55.942+0000] {logging_mixin.py:190} INFO - [2025-06-16T13:59:55.941+0000] {dag.py:4180} INFO - Setting next_dagrun for example_subdag_operator.section-2 to None, run_after=None
[2025-06-16T13:59:55.947+0000] {processor.py:208} INFO - Processing /home/airflow/.local/lib/python3.12/site-packages/airflow/example_dags/example_subdag_operator.py took 0.056 seconds
[2025-06-16T14:00:26.731+0000] {processor.py:186} INFO - Started process (PID=207) to work on /home/airflow/.local/lib/python3.12/site-packages/airflow/example_dags/example_subdag_operator.py
[2025-06-16T14:00:26.733+0000] {processor.py:914} INFO - Processing file /home/airflow/.local/lib/python3.12/site-packages/airflow/example_dags/example_subdag_operator.py for tasks to queue
[2025-06-16T14:00:26.735+0000] {logging_mixin.py:190} INFO - [2025-06-16T14:00:26.735+0000] {dagbag.py:588} INFO - Filling up the DagBag from /home/airflow/.local/lib/python3.12/site-packages/airflow/example_dags/example_subdag_operator.py
[2025-06-16T14:00:26.752+0000] {processor.py:925} INFO - DAG(s) 'example_subdag_operator.section-1', 'example_subdag_operator.section-2', 'example_subdag_operator' retrieved from /home/airflow/.local/lib/python3.12/site-packages/airflow/example_dags/example_subdag_operator.py
[2025-06-16T14:00:26.761+0000] {logging_mixin.py:190} INFO - [2025-06-16T14:00:26.761+0000] {dag.py:3239} INFO - Sync 3 DAGs
[2025-06-16T14:00:26.778+0000] {logging_mixin.py:190} INFO - [2025-06-16T14:00:26.778+0000] {dag.py:4180} INFO - Setting next_dagrun for example_subdag_operator to 2022-01-01 00:00:00+00:00, run_after=2022-01-01 00:00:00+00:00
[2025-06-16T14:00:26.781+0000] {logging_mixin.py:190} INFO - [2025-06-16T14:00:26.781+0000] {dag.py:4180} INFO - Setting next_dagrun for example_subdag_operator.section-1 to None, run_after=None
[2025-06-16T14:00:26.783+0000] {logging_mixin.py:190} INFO - [2025-06-16T14:00:26.783+0000] {dag.py:4180} INFO - Setting next_dagrun for example_subdag_operator.section-2 to None, run_after=None
[2025-06-16T14:00:26.788+0000] {logging_mixin.py:190} INFO - [2025-06-16T14:00:26.788+0000] {dag.py:3239} INFO - Sync 2 DAGs
[2025-06-16T14:00:26.793+0000] {logging_mixin.py:190} INFO - [2025-06-16T14:00:26.793+0000] {dag.py:4180} INFO - Setting next_dagrun for example_subdag_operator.section-1 to None, run_after=None
[2025-06-16T14:00:26.794+0000] {logging_mixin.py:190} INFO - [2025-06-16T14:00:26.794+0000] {dag.py:4180} INFO - Setting next_dagrun for example_subdag_operator.section-2 to None, run_after=None
[2025-06-16T14:00:26.802+0000] {processor.py:208} INFO - Processing /home/airflow/.local/lib/python3.12/site-packages/airflow/example_dags/example_subdag_operator.py took 0.074 seconds
[2025-06-16T14:00:56.845+0000] {processor.py:186} INFO - Started process (PID=268) to work on /home/airflow/.local/lib/python3.12/site-packages/airflow/example_dags/example_subdag_operator.py
[2025-06-16T14:00:56.846+0000] {processor.py:914} INFO - Processing file /home/airflow/.local/lib/python3.12/site-packages/airflow/example_dags/example_subdag_operator.py for tasks to queue
[2025-06-16T14:00:56.848+0000] {logging_mixin.py:190} INFO - [2025-06-16T14:00:56.847+0000] {dagbag.py:588} INFO - Filling up the DagBag from /home/airflow/.local/lib/python3.12/site-packages/airflow/example_dags/example_subdag_operator.py
[2025-06-16T14:00:56.861+0000] {processor.py:925} INFO - DAG(s) 'example_subdag_operator.section-1', 'example_subdag_operator.section-2', 'example_subdag_operator' retrieved from /home/airflow/.local/lib/python3.12/site-packages/airflow/example_dags/example_subdag_operator.py
[2025-06-16T14:00:56.870+0000] {logging_mixin.py:190} INFO - [2025-06-16T14:00:56.869+0000] {dag.py:3239} INFO - Sync 3 DAGs
[2025-06-16T14:00:56.883+0000] {logging_mixin.py:190} INFO - [2025-06-16T14:00:56.883+0000] {dag.py:4180} INFO - Setting next_dagrun for example_subdag_operator to 2022-01-01 00:00:00+00:00, run_after=2022-01-01 00:00:00+00:00
[2025-06-16T14:00:56.886+0000] {logging_mixin.py:190} INFO - [2025-06-16T14:00:56.886+0000] {dag.py:4180} INFO - Setting next_dagrun for example_subdag_operator.section-1 to None, run_after=None
[2025-06-16T14:00:56.887+0000] {logging_mixin.py:190} INFO - [2025-06-16T14:00:56.887+0000] {dag.py:4180} INFO - Setting next_dagrun for example_subdag_operator.section-2 to None, run_after=None
[2025-06-16T14:00:56.891+0000] {logging_mixin.py:190} INFO - [2025-06-16T14:00:56.891+0000] {dag.py:3239} INFO - Sync 2 DAGs
[2025-06-16T14:00:56.894+0000] {logging_mixin.py:190} INFO - [2025-06-16T14:00:56.894+0000] {dag.py:4180} INFO - Setting next_dagrun for example_subdag_operator.section-1 to None, run_after=None
[2025-06-16T14:00:56.895+0000] {logging_mixin.py:190} INFO - [2025-06-16T14:00:56.895+0000] {dag.py:4180} INFO - Setting next_dagrun for example_subdag_operator.section-2 to None, run_after=None
[2025-06-16T14:00:56.901+0000] {processor.py:208} INFO - Processing /home/airflow/.local/lib/python3.12/site-packages/airflow/example_dags/example_subdag_operator.py took 0.060 seconds
[2025-06-16T14:01:27.326+0000] {processor.py:186} INFO - Started process (PID=331) to work on /home/airflow/.local/lib/python3.12/site-packages/airflow/example_dags/example_subdag_operator.py
[2025-06-16T14:01:27.327+0000] {processor.py:914} INFO - Processing file /home/airflow/.local/lib/python3.12/site-packages/airflow/example_dags/example_subdag_operator.py for tasks to queue
[2025-06-16T14:01:27.330+0000] {logging_mixin.py:190} INFO - [2025-06-16T14:01:27.330+0000] {dagbag.py:588} INFO - Filling up the DagBag from /home/airflow/.local/lib/python3.12/site-packages/airflow/example_dags/example_subdag_operator.py
[2025-06-16T14:01:27.352+0000] {processor.py:925} INFO - DAG(s) 'example_subdag_operator.section-1', 'example_subdag_operator.section-2', 'example_subdag_operator' retrieved from /home/airflow/.local/lib/python3.12/site-packages/airflow/example_dags/example_subdag_operator.py
[2025-06-16T14:01:27.363+0000] {logging_mixin.py:190} INFO - [2025-06-16T14:01:27.362+0000] {dag.py:3239} INFO - Sync 3 DAGs
[2025-06-16T14:01:27.377+0000] {logging_mixin.py:190} INFO - [2025-06-16T14:01:27.376+0000] {dag.py:4180} INFO - Setting next_dagrun for example_subdag_operator to 2022-01-01 00:00:00+00:00, run_after=2022-01-01 00:00:00+00:00
[2025-06-16T14:01:27.380+0000] {logging_mixin.py:190} INFO - [2025-06-16T14:01:27.380+0000] {dag.py:4180} INFO - Setting next_dagrun for example_subdag_operator.section-1 to None, run_after=None
[2025-06-16T14:01:27.382+0000] {logging_mixin.py:190} INFO - [2025-06-16T14:01:27.382+0000] {dag.py:4180} INFO - Setting next_dagrun for example_subdag_operator.section-2 to None, run_after=None
[2025-06-16T14:01:27.385+0000] {logging_mixin.py:190} INFO - [2025-06-16T14:01:27.385+0000] {dag.py:3239} INFO - Sync 2 DAGs
[2025-06-16T14:01:27.389+0000] {logging_mixin.py:190} INFO - [2025-06-16T14:01:27.389+0000] {dag.py:4180} INFO - Setting next_dagrun for example_subdag_operator.section-1 to None, run_after=None
[2025-06-16T14:01:27.390+0000] {logging_mixin.py:190} INFO - [2025-06-16T14:01:27.390+0000] {dag.py:4180} INFO - Setting next_dagrun for example_subdag_operator.section-2 to None, run_after=None
[2025-06-16T14:01:27.396+0000] {processor.py:208} INFO - Processing /home/airflow/.local/lib/python3.12/site-packages/airflow/example_dags/example_subdag_operator.py took 0.078 seconds
[2025-06-16T14:01:57.998+0000] {processor.py:186} INFO - Started process (PID=394) to work on /home/airflow/.local/lib/python3.12/site-packages/airflow/example_dags/example_subdag_operator.py
[2025-06-16T14:01:58.001+0000] {processor.py:914} INFO - Processing file /home/airflow/.local/lib/python3.12/site-packages/airflow/example_dags/example_subdag_operator.py for tasks to queue
[2025-06-16T14:01:58.005+0000] {logging_mixin.py:190} INFO - [2025-06-16T14:01:58.005+0000] {dagbag.py:588} INFO - Filling up the DagBag from /home/airflow/.local/lib/python3.12/site-packages/airflow/example_dags/example_subdag_operator.py
[2025-06-16T14:01:58.027+0000] {processor.py:925} INFO - DAG(s) 'example_subdag_operator.section-1', 'example_subdag_operator.section-2', 'example_subdag_operator' retrieved from /home/airflow/.local/lib/python3.12/site-packages/airflow/example_dags/example_subdag_operator.py
[2025-06-16T14:01:58.037+0000] {logging_mixin.py:190} INFO - [2025-06-16T14:01:58.037+0000] {dag.py:3239} INFO - Sync 3 DAGs
[2025-06-16T14:01:58.051+0000] {logging_mixin.py:190} INFO - [2025-06-16T14:01:58.051+0000] {dag.py:4180} INFO - Setting next_dagrun for example_subdag_operator to 2022-01-01 00:00:00+00:00, run_after=2022-01-01 00:00:00+00:00
[2025-06-16T14:01:58.054+0000] {logging_mixin.py:190} INFO - [2025-06-16T14:01:58.054+0000] {dag.py:4180} INFO - Setting next_dagrun for example_subdag_operator.section-1 to None, run_after=None
[2025-06-16T14:01:58.056+0000] {logging_mixin.py:190} INFO - [2025-06-16T14:01:58.056+0000] {dag.py:4180} INFO - Setting next_dagrun for example_subdag_operator.section-2 to None, run_after=None
[2025-06-16T14:01:58.061+0000] {logging_mixin.py:190} INFO - [2025-06-16T14:01:58.061+0000] {dag.py:3239} INFO - Sync 2 DAGs
[2025-06-16T14:01:58.064+0000] {logging_mixin.py:190} INFO - [2025-06-16T14:01:58.064+0000] {dag.py:4180} INFO - Setting next_dagrun for example_subdag_operator.section-1 to None, run_after=None
[2025-06-16T14:01:58.065+0000] {logging_mixin.py:190} INFO - [2025-06-16T14:01:58.064+0000] {dag.py:4180} INFO - Setting next_dagrun for example_subdag_operator.section-2 to None, run_after=None
[2025-06-16T14:01:58.070+0000] {processor.py:208} INFO - Processing /home/airflow/.local/lib/python3.12/site-packages/airflow/example_dags/example_subdag_operator.py took 0.077 seconds
[2025-06-16T14:02:28.244+0000] {processor.py:186} INFO - Started process (PID=456) to work on /home/airflow/.local/lib/python3.12/site-packages/airflow/example_dags/example_subdag_operator.py
[2025-06-16T14:02:28.246+0000] {processor.py:914} INFO - Processing file /home/airflow/.local/lib/python3.12/site-packages/airflow/example_dags/example_subdag_operator.py for tasks to queue
[2025-06-16T14:02:28.249+0000] {logging_mixin.py:190} INFO - [2025-06-16T14:02:28.249+0000] {dagbag.py:588} INFO - Filling up the DagBag from /home/airflow/.local/lib/python3.12/site-packages/airflow/example_dags/example_subdag_operator.py
[2025-06-16T14:02:28.277+0000] {processor.py:925} INFO - DAG(s) 'example_subdag_operator.section-1', 'example_subdag_operator.section-2', 'example_subdag_operator' retrieved from /home/airflow/.local/lib/python3.12/site-packages/airflow/example_dags/example_subdag_operator.py
[2025-06-16T14:02:28.292+0000] {logging_mixin.py:190} INFO - [2025-06-16T14:02:28.292+0000] {dag.py:3239} INFO - Sync 3 DAGs
[2025-06-16T14:02:28.309+0000] {logging_mixin.py:190} INFO - [2025-06-16T14:02:28.309+0000] {dag.py:4180} INFO - Setting next_dagrun for example_subdag_operator to 2022-01-01 00:00:00+00:00, run_after=2022-01-01 00:00:00+00:00
[2025-06-16T14:02:28.312+0000] {logging_mixin.py:190} INFO - [2025-06-16T14:02:28.311+0000] {dag.py:4180} INFO - Setting next_dagrun for example_subdag_operator.section-1 to None, run_after=None
[2025-06-16T14:02:28.313+0000] {logging_mixin.py:190} INFO - [2025-06-16T14:02:28.313+0000] {dag.py:4180} INFO - Setting next_dagrun for example_subdag_operator.section-2 to None, run_after=None
[2025-06-16T14:02:28.319+0000] {logging_mixin.py:190} INFO - [2025-06-16T14:02:28.319+0000] {dag.py:3239} INFO - Sync 2 DAGs
[2025-06-16T14:02:28.323+0000] {logging_mixin.py:190} INFO - [2025-06-16T14:02:28.323+0000] {dag.py:4180} INFO - Setting next_dagrun for example_subdag_operator.section-1 to None, run_after=None
[2025-06-16T14:02:28.324+0000] {logging_mixin.py:190} INFO - [2025-06-16T14:02:28.324+0000] {dag.py:4180} INFO - Setting next_dagrun for example_subdag_operator.section-2 to None, run_after=None
[2025-06-16T14:02:28.329+0000] {processor.py:208} INFO - Processing /home/airflow/.local/lib/python3.12/site-packages/airflow/example_dags/example_subdag_operator.py took 0.091 seconds
[2025-06-16T14:02:58.408+0000] {processor.py:186} INFO - Started process (PID=519) to work on /home/airflow/.local/lib/python3.12/site-packages/airflow/example_dags/example_subdag_operator.py
[2025-06-16T14:02:58.411+0000] {processor.py:914} INFO - Processing file /home/airflow/.local/lib/python3.12/site-packages/airflow/example_dags/example_subdag_operator.py for tasks to queue
[2025-06-16T14:02:58.416+0000] {logging_mixin.py:190} INFO - [2025-06-16T14:02:58.416+0000] {dagbag.py:588} INFO - Filling up the DagBag from /home/airflow/.local/lib/python3.12/site-packages/airflow/example_dags/example_subdag_operator.py
[2025-06-16T14:02:58.449+0000] {processor.py:925} INFO - DAG(s) 'example_subdag_operator.section-1', 'example_subdag_operator.section-2', 'example_subdag_operator' retrieved from /home/airflow/.local/lib/python3.12/site-packages/airflow/example_dags/example_subdag_operator.py
[2025-06-16T14:02:58.467+0000] {logging_mixin.py:190} INFO - [2025-06-16T14:02:58.467+0000] {dag.py:3239} INFO - Sync 3 DAGs
[2025-06-16T14:02:58.494+0000] {logging_mixin.py:190} INFO - [2025-06-16T14:02:58.494+0000] {dag.py:4180} INFO - Setting next_dagrun for example_subdag_operator to 2022-01-01 00:00:00+00:00, run_after=2022-01-01 00:00:00+00:00
[2025-06-16T14:02:58.504+0000] {logging_mixin.py:190} INFO - [2025-06-16T14:02:58.504+0000] {dag.py:4180} INFO - Setting next_dagrun for example_subdag_operator.section-1 to None, run_after=None
[2025-06-16T14:02:58.508+0000] {logging_mixin.py:190} INFO - [2025-06-16T14:02:58.508+0000] {dag.py:4180} INFO - Setting next_dagrun for example_subdag_operator.section-2 to None, run_after=None
[2025-06-16T14:02:58.515+0000] {logging_mixin.py:190} INFO - [2025-06-16T14:02:58.515+0000] {dag.py:3239} INFO - Sync 2 DAGs
[2025-06-16T14:02:58.521+0000] {logging_mixin.py:190} INFO - [2025-06-16T14:02:58.521+0000] {dag.py:4180} INFO - Setting next_dagrun for example_subdag_operator.section-1 to None, run_after=None
[2025-06-16T14:02:58.523+0000] {logging_mixin.py:190} INFO - [2025-06-16T14:02:58.522+0000] {dag.py:4180} INFO - Setting next_dagrun for example_subdag_operator.section-2 to None, run_after=None
[2025-06-16T14:02:58.531+0000] {processor.py:208} INFO - Processing /home/airflow/.local/lib/python3.12/site-packages/airflow/example_dags/example_subdag_operator.py took 0.129 seconds
[2025-06-16T14:05:30.265+0000] {processor.py:186} INFO - Started process (PID=544) to work on /home/airflow/.local/lib/python3.12/site-packages/airflow/example_dags/example_subdag_operator.py
[2025-06-16T14:05:30.267+0000] {processor.py:914} INFO - Processing file /home/airflow/.local/lib/python3.12/site-packages/airflow/example_dags/example_subdag_operator.py for tasks to queue
[2025-06-16T14:05:30.269+0000] {logging_mixin.py:190} INFO - [2025-06-16T14:05:30.269+0000] {dagbag.py:588} INFO - Filling up the DagBag from /home/airflow/.local/lib/python3.12/site-packages/airflow/example_dags/example_subdag_operator.py
[2025-06-16T14:05:30.294+0000] {processor.py:925} INFO - DAG(s) 'example_subdag_operator.section-1', 'example_subdag_operator.section-2', 'example_subdag_operator' retrieved from /home/airflow/.local/lib/python3.12/site-packages/airflow/example_dags/example_subdag_operator.py
[2025-06-16T14:05:30.304+0000] {logging_mixin.py:190} INFO - [2025-06-16T14:05:30.304+0000] {dag.py:3239} INFO - Sync 3 DAGs
[2025-06-16T14:05:30.318+0000] {logging_mixin.py:190} INFO - [2025-06-16T14:05:30.317+0000] {dag.py:4180} INFO - Setting next_dagrun for example_subdag_operator to 2022-01-01 00:00:00+00:00, run_after=2022-01-01 00:00:00+00:00
[2025-06-16T14:05:30.321+0000] {logging_mixin.py:190} INFO - [2025-06-16T14:05:30.321+0000] {dag.py:4180} INFO - Setting next_dagrun for example_subdag_operator.section-1 to None, run_after=None
[2025-06-16T14:05:30.323+0000] {logging_mixin.py:190} INFO - [2025-06-16T14:05:30.323+0000] {dag.py:4180} INFO - Setting next_dagrun for example_subdag_operator.section-2 to None, run_after=None
[2025-06-16T14:05:30.329+0000] {logging_mixin.py:190} INFO - [2025-06-16T14:05:30.329+0000] {dag.py:3239} INFO - Sync 2 DAGs
[2025-06-16T14:05:30.333+0000] {logging_mixin.py:190} INFO - [2025-06-16T14:05:30.332+0000] {dag.py:4180} INFO - Setting next_dagrun for example_subdag_operator.section-1 to None, run_after=None
[2025-06-16T14:05:30.334+0000] {logging_mixin.py:190} INFO - [2025-06-16T14:05:30.334+0000] {dag.py:4180} INFO - Setting next_dagrun for example_subdag_operator.section-2 to None, run_after=None
[2025-06-16T14:05:30.340+0000] {processor.py:208} INFO - Processing /home/airflow/.local/lib/python3.12/site-packages/airflow/example_dags/example_subdag_operator.py took 0.078 seconds
[2025-06-16T14:06:01.119+0000] {processor.py:186} INFO - Started process (PID=607) to work on /home/airflow/.local/lib/python3.12/site-packages/airflow/example_dags/example_subdag_operator.py
[2025-06-16T14:06:01.120+0000] {processor.py:914} INFO - Processing file /home/airflow/.local/lib/python3.12/site-packages/airflow/example_dags/example_subdag_operator.py for tasks to queue
[2025-06-16T14:06:01.122+0000] {logging_mixin.py:190} INFO - [2025-06-16T14:06:01.122+0000] {dagbag.py:588} INFO - Filling up the DagBag from /home/airflow/.local/lib/python3.12/site-packages/airflow/example_dags/example_subdag_operator.py
[2025-06-16T14:06:01.147+0000] {processor.py:925} INFO - DAG(s) 'example_subdag_operator.section-1', 'example_subdag_operator.section-2', 'example_subdag_operator' retrieved from /home/airflow/.local/lib/python3.12/site-packages/airflow/example_dags/example_subdag_operator.py
[2025-06-16T14:06:01.159+0000] {logging_mixin.py:190} INFO - [2025-06-16T14:06:01.159+0000] {dag.py:3239} INFO - Sync 3 DAGs
[2025-06-16T14:06:01.171+0000] {logging_mixin.py:190} INFO - [2025-06-16T14:06:01.171+0000] {dag.py:4180} INFO - Setting next_dagrun for example_subdag_operator to 2022-01-01 00:00:00+00:00, run_after=2022-01-01 00:00:00+00:00
[2025-06-16T14:06:01.174+0000] {logging_mixin.py:190} INFO - [2025-06-16T14:06:01.174+0000] {dag.py:4180} INFO - Setting next_dagrun for example_subdag_operator.section-1 to None, run_after=None
[2025-06-16T14:06:01.176+0000] {logging_mixin.py:190} INFO - [2025-06-16T14:06:01.176+0000] {dag.py:4180} INFO - Setting next_dagrun for example_subdag_operator.section-2 to None, run_after=None
[2025-06-16T14:06:01.182+0000] {logging_mixin.py:190} INFO - [2025-06-16T14:06:01.182+0000] {dag.py:3239} INFO - Sync 2 DAGs
[2025-06-16T14:06:01.188+0000] {logging_mixin.py:190} INFO - [2025-06-16T14:06:01.188+0000] {dag.py:4180} INFO - Setting next_dagrun for example_subdag_operator.section-1 to None, run_after=None
[2025-06-16T14:06:01.189+0000] {logging_mixin.py:190} INFO - [2025-06-16T14:06:01.189+0000] {dag.py:4180} INFO - Setting next_dagrun for example_subdag_operator.section-2 to None, run_after=None
[2025-06-16T14:06:01.196+0000] {processor.py:208} INFO - Processing /home/airflow/.local/lib/python3.12/site-packages/airflow/example_dags/example_subdag_operator.py took 0.081 seconds
[2025-06-16T14:06:31.884+0000] {processor.py:186} INFO - Started process (PID=670) to work on /home/airflow/.local/lib/python3.12/site-packages/airflow/example_dags/example_subdag_operator.py
[2025-06-16T14:06:31.886+0000] {processor.py:914} INFO - Processing file /home/airflow/.local/lib/python3.12/site-packages/airflow/example_dags/example_subdag_operator.py for tasks to queue
[2025-06-16T14:06:31.888+0000] {logging_mixin.py:190} INFO - [2025-06-16T14:06:31.888+0000] {dagbag.py:588} INFO - Filling up the DagBag from /home/airflow/.local/lib/python3.12/site-packages/airflow/example_dags/example_subdag_operator.py
[2025-06-16T14:06:31.912+0000] {processor.py:925} INFO - DAG(s) 'example_subdag_operator.section-1', 'example_subdag_operator.section-2', 'example_subdag_operator' retrieved from /home/airflow/.local/lib/python3.12/site-packages/airflow/example_dags/example_subdag_operator.py
[2025-06-16T14:06:31.925+0000] {logging_mixin.py:190} INFO - [2025-06-16T14:06:31.925+0000] {dag.py:3239} INFO - Sync 3 DAGs
[2025-06-16T14:06:31.939+0000] {logging_mixin.py:190} INFO - [2025-06-16T14:06:31.939+0000] {dag.py:4180} INFO - Setting next_dagrun for example_subdag_operator to 2022-01-01 00:00:00+00:00, run_after=2022-01-01 00:00:00+00:00
[2025-06-16T14:06:31.943+0000] {logging_mixin.py:190} INFO - [2025-06-16T14:06:31.942+0000] {dag.py:4180} INFO - Setting next_dagrun for example_subdag_operator.section-1 to None, run_after=None
[2025-06-16T14:06:31.946+0000] {logging_mixin.py:190} INFO - [2025-06-16T14:06:31.946+0000] {dag.py:4180} INFO - Setting next_dagrun for example_subdag_operator.section-2 to None, run_after=None
[2025-06-16T14:06:31.950+0000] {logging_mixin.py:190} INFO - [2025-06-16T14:06:31.950+0000] {dag.py:3239} INFO - Sync 2 DAGs
[2025-06-16T14:06:31.955+0000] {logging_mixin.py:190} INFO - [2025-06-16T14:06:31.955+0000] {dag.py:4180} INFO - Setting next_dagrun for example_subdag_operator.section-1 to None, run_after=None
[2025-06-16T14:06:31.956+0000] {logging_mixin.py:190} INFO - [2025-06-16T14:06:31.956+0000] {dag.py:4180} INFO - Setting next_dagrun for example_subdag_operator.section-2 to None, run_after=None
[2025-06-16T14:06:31.965+0000] {processor.py:208} INFO - Processing /home/airflow/.local/lib/python3.12/site-packages/airflow/example_dags/example_subdag_operator.py took 0.084 seconds
[2025-06-16T14:07:02.930+0000] {processor.py:186} INFO - Started process (PID=733) to work on /home/airflow/.local/lib/python3.12/site-packages/airflow/example_dags/example_subdag_operator.py
[2025-06-16T14:07:02.931+0000] {processor.py:914} INFO - Processing file /home/airflow/.local/lib/python3.12/site-packages/airflow/example_dags/example_subdag_operator.py for tasks to queue
[2025-06-16T14:07:02.933+0000] {logging_mixin.py:190} INFO - [2025-06-16T14:07:02.933+0000] {dagbag.py:588} INFO - Filling up the DagBag from /home/airflow/.local/lib/python3.12/site-packages/airflow/example_dags/example_subdag_operator.py
[2025-06-16T14:07:02.947+0000] {processor.py:925} INFO - DAG(s) 'example_subdag_operator.section-1', 'example_subdag_operator.section-2', 'example_subdag_operator' retrieved from /home/airflow/.local/lib/python3.12/site-packages/airflow/example_dags/example_subdag_operator.py
[2025-06-16T14:07:02.954+0000] {logging_mixin.py:190} INFO - [2025-06-16T14:07:02.954+0000] {dag.py:3239} INFO - Sync 3 DAGs
[2025-06-16T14:07:02.966+0000] {logging_mixin.py:190} INFO - [2025-06-16T14:07:02.966+0000] {dag.py:4180} INFO - Setting next_dagrun for example_subdag_operator to 2022-01-01 00:00:00+00:00, run_after=2022-01-01 00:00:00+00:00
[2025-06-16T14:07:02.972+0000] {logging_mixin.py:190} INFO - [2025-06-16T14:07:02.971+0000] {dag.py:4180} INFO - Setting next_dagrun for example_subdag_operator.section-1 to None, run_after=None
[2025-06-16T14:07:02.973+0000] {logging_mixin.py:190} INFO - [2025-06-16T14:07:02.973+0000] {dag.py:4180} INFO - Setting next_dagrun for example_subdag_operator.section-2 to None, run_after=None
[2025-06-16T14:07:02.977+0000] {logging_mixin.py:190} INFO - [2025-06-16T14:07:02.977+0000] {dag.py:3239} INFO - Sync 2 DAGs
[2025-06-16T14:07:02.981+0000] {logging_mixin.py:190} INFO - [2025-06-16T14:07:02.981+0000] {dag.py:4180} INFO - Setting next_dagrun for example_subdag_operator.section-1 to None, run_after=None
[2025-06-16T14:07:02.981+0000] {logging_mixin.py:190} INFO - [2025-06-16T14:07:02.981+0000] {dag.py:4180} INFO - Setting next_dagrun for example_subdag_operator.section-2 to None, run_after=None
[2025-06-16T14:07:02.987+0000] {processor.py:208} INFO - Processing /home/airflow/.local/lib/python3.12/site-packages/airflow/example_dags/example_subdag_operator.py took 0.059 seconds
[2025-06-16T14:07:33.641+0000] {processor.py:186} INFO - Started process (PID=795) to work on /home/airflow/.local/lib/python3.12/site-packages/airflow/example_dags/example_subdag_operator.py
[2025-06-16T14:07:33.645+0000] {processor.py:914} INFO - Processing file /home/airflow/.local/lib/python3.12/site-packages/airflow/example_dags/example_subdag_operator.py for tasks to queue
[2025-06-16T14:07:33.646+0000] {logging_mixin.py:190} INFO - [2025-06-16T14:07:33.646+0000] {dagbag.py:588} INFO - Filling up the DagBag from /home/airflow/.local/lib/python3.12/site-packages/airflow/example_dags/example_subdag_operator.py
[2025-06-16T14:07:33.664+0000] {processor.py:925} INFO - DAG(s) 'example_subdag_operator.section-1', 'example_subdag_operator.section-2', 'example_subdag_operator' retrieved from /home/airflow/.local/lib/python3.12/site-packages/airflow/example_dags/example_subdag_operator.py
[2025-06-16T14:07:33.674+0000] {logging_mixin.py:190} INFO - [2025-06-16T14:07:33.674+0000] {dag.py:3239} INFO - Sync 3 DAGs
[2025-06-16T14:07:33.690+0000] {logging_mixin.py:190} INFO - [2025-06-16T14:07:33.690+0000] {dag.py:4180} INFO - Setting next_dagrun for example_subdag_operator to 2022-01-01 00:00:00+00:00, run_after=2022-01-01 00:00:00+00:00
[2025-06-16T14:07:33.694+0000] {logging_mixin.py:190} INFO - [2025-06-16T14:07:33.694+0000] {dag.py:4180} INFO - Setting next_dagrun for example_subdag_operator.section-1 to None, run_after=None
[2025-06-16T14:07:33.696+0000] {logging_mixin.py:190} INFO - [2025-06-16T14:07:33.696+0000] {dag.py:4180} INFO - Setting next_dagrun for example_subdag_operator.section-2 to None, run_after=None
[2025-06-16T14:07:33.702+0000] {logging_mixin.py:190} INFO - [2025-06-16T14:07:33.702+0000] {dag.py:3239} INFO - Sync 2 DAGs
[2025-06-16T14:07:33.707+0000] {logging_mixin.py:190} INFO - [2025-06-16T14:07:33.707+0000] {dag.py:4180} INFO - Setting next_dagrun for example_subdag_operator.section-1 to None, run_after=None
[2025-06-16T14:07:33.709+0000] {logging_mixin.py:190} INFO - [2025-06-16T14:07:33.709+0000] {dag.py:4180} INFO - Setting next_dagrun for example_subdag_operator.section-2 to None, run_after=None
[2025-06-16T14:07:33.721+0000] {processor.py:208} INFO - Processing /home/airflow/.local/lib/python3.12/site-packages/airflow/example_dags/example_subdag_operator.py took 0.083 seconds
[2025-06-16T14:08:04.850+0000] {processor.py:186} INFO - Started process (PID=857) to work on /home/airflow/.local/lib/python3.12/site-packages/airflow/example_dags/example_subdag_operator.py
[2025-06-16T14:08:04.852+0000] {processor.py:914} INFO - Processing file /home/airflow/.local/lib/python3.12/site-packages/airflow/example_dags/example_subdag_operator.py for tasks to queue
[2025-06-16T14:08:04.855+0000] {logging_mixin.py:190} INFO - [2025-06-16T14:08:04.854+0000] {dagbag.py:588} INFO - Filling up the DagBag from /home/airflow/.local/lib/python3.12/site-packages/airflow/example_dags/example_subdag_operator.py
[2025-06-16T14:08:04.893+0000] {processor.py:925} INFO - DAG(s) 'example_subdag_operator.section-1', 'example_subdag_operator.section-2', 'example_subdag_operator' retrieved from /home/airflow/.local/lib/python3.12/site-packages/airflow/example_dags/example_subdag_operator.py
[2025-06-16T14:08:04.911+0000] {logging_mixin.py:190} INFO - [2025-06-16T14:08:04.910+0000] {dag.py:3239} INFO - Sync 3 DAGs
[2025-06-16T14:08:04.939+0000] {logging_mixin.py:190} INFO - [2025-06-16T14:08:04.939+0000] {dag.py:4180} INFO - Setting next_dagrun for example_subdag_operator to 2022-01-01 00:00:00+00:00, run_after=2022-01-01 00:00:00+00:00
[2025-06-16T14:08:04.944+0000] {logging_mixin.py:190} INFO - [2025-06-16T14:08:04.944+0000] {dag.py:4180} INFO - Setting next_dagrun for example_subdag_operator.section-1 to None, run_after=None
[2025-06-16T14:08:04.946+0000] {logging_mixin.py:190} INFO - [2025-06-16T14:08:04.945+0000] {dag.py:4180} INFO - Setting next_dagrun for example_subdag_operator.section-2 to None, run_after=None
[2025-06-16T14:08:04.957+0000] {logging_mixin.py:190} INFO - [2025-06-16T14:08:04.957+0000] {dag.py:3239} INFO - Sync 2 DAGs
[2025-06-16T14:08:04.964+0000] {logging_mixin.py:190} INFO - [2025-06-16T14:08:04.964+0000] {dag.py:4180} INFO - Setting next_dagrun for example_subdag_operator.section-1 to None, run_after=None
[2025-06-16T14:08:04.966+0000] {logging_mixin.py:190} INFO - [2025-06-16T14:08:04.965+0000] {dag.py:4180} INFO - Setting next_dagrun for example_subdag_operator.section-2 to None, run_after=None
[2025-06-16T14:08:04.978+0000] {processor.py:208} INFO - Processing /home/airflow/.local/lib/python3.12/site-packages/airflow/example_dags/example_subdag_operator.py took 0.139 seconds
[2025-06-16T14:08:35.906+0000] {processor.py:186} INFO - Started process (PID=920) to work on /home/airflow/.local/lib/python3.12/site-packages/airflow/example_dags/example_subdag_operator.py
[2025-06-16T14:08:35.908+0000] {processor.py:914} INFO - Processing file /home/airflow/.local/lib/python3.12/site-packages/airflow/example_dags/example_subdag_operator.py for tasks to queue
[2025-06-16T14:08:35.910+0000] {logging_mixin.py:190} INFO - [2025-06-16T14:08:35.910+0000] {dagbag.py:588} INFO - Filling up the DagBag from /home/airflow/.local/lib/python3.12/site-packages/airflow/example_dags/example_subdag_operator.py
[2025-06-16T14:08:35.926+0000] {processor.py:925} INFO - DAG(s) 'example_subdag_operator.section-1', 'example_subdag_operator.section-2', 'example_subdag_operator' retrieved from /home/airflow/.local/lib/python3.12/site-packages/airflow/example_dags/example_subdag_operator.py
[2025-06-16T14:08:35.935+0000] {logging_mixin.py:190} INFO - [2025-06-16T14:08:35.935+0000] {dag.py:3239} INFO - Sync 3 DAGs
[2025-06-16T14:08:35.949+0000] {logging_mixin.py:190} INFO - [2025-06-16T14:08:35.949+0000] {dag.py:4180} INFO - Setting next_dagrun for example_subdag_operator to 2022-01-01 00:00:00+00:00, run_after=2022-01-01 00:00:00+00:00
[2025-06-16T14:08:35.952+0000] {logging_mixin.py:190} INFO - [2025-06-16T14:08:35.952+0000] {dag.py:4180} INFO - Setting next_dagrun for example_subdag_operator.section-1 to None, run_after=None
[2025-06-16T14:08:35.954+0000] {logging_mixin.py:190} INFO - [2025-06-16T14:08:35.954+0000] {dag.py:4180} INFO - Setting next_dagrun for example_subdag_operator.section-2 to None, run_after=None
[2025-06-16T14:08:35.959+0000] {logging_mixin.py:190} INFO - [2025-06-16T14:08:35.959+0000] {dag.py:3239} INFO - Sync 2 DAGs
[2025-06-16T14:08:35.962+0000] {logging_mixin.py:190} INFO - [2025-06-16T14:08:35.962+0000] {dag.py:4180} INFO - Setting next_dagrun for example_subdag_operator.section-1 to None, run_after=None
[2025-06-16T14:08:35.963+0000] {logging_mixin.py:190} INFO - [2025-06-16T14:08:35.963+0000] {dag.py:4180} INFO - Setting next_dagrun for example_subdag_operator.section-2 to None, run_after=None
[2025-06-16T14:08:35.971+0000] {processor.py:208} INFO - Processing /home/airflow/.local/lib/python3.12/site-packages/airflow/example_dags/example_subdag_operator.py took 0.068 seconds
[2025-06-16T14:09:06.008+0000] {processor.py:186} INFO - Started process (PID=982) to work on /home/airflow/.local/lib/python3.12/site-packages/airflow/example_dags/example_subdag_operator.py
[2025-06-16T14:09:06.010+0000] {processor.py:914} INFO - Processing file /home/airflow/.local/lib/python3.12/site-packages/airflow/example_dags/example_subdag_operator.py for tasks to queue
[2025-06-16T14:09:06.012+0000] {logging_mixin.py:190} INFO - [2025-06-16T14:09:06.011+0000] {dagbag.py:588} INFO - Filling up the DagBag from /home/airflow/.local/lib/python3.12/site-packages/airflow/example_dags/example_subdag_operator.py
[2025-06-16T14:09:06.025+0000] {processor.py:925} INFO - DAG(s) 'example_subdag_operator.section-1', 'example_subdag_operator.section-2', 'example_subdag_operator' retrieved from /home/airflow/.local/lib/python3.12/site-packages/airflow/example_dags/example_subdag_operator.py
[2025-06-16T14:09:06.033+0000] {logging_mixin.py:190} INFO - [2025-06-16T14:09:06.033+0000] {dag.py:3239} INFO - Sync 3 DAGs
[2025-06-16T14:09:06.044+0000] {logging_mixin.py:190} INFO - [2025-06-16T14:09:06.044+0000] {dag.py:4180} INFO - Setting next_dagrun for example_subdag_operator to 2022-01-01 00:00:00+00:00, run_after=2022-01-01 00:00:00+00:00
[2025-06-16T14:09:06.047+0000] {logging_mixin.py:190} INFO - [2025-06-16T14:09:06.047+0000] {dag.py:4180} INFO - Setting next_dagrun for example_subdag_operator.section-1 to None, run_after=None
[2025-06-16T14:09:06.048+0000] {logging_mixin.py:190} INFO - [2025-06-16T14:09:06.048+0000] {dag.py:4180} INFO - Setting next_dagrun for example_subdag_operator.section-2 to None, run_after=None
[2025-06-16T14:09:06.052+0000] {logging_mixin.py:190} INFO - [2025-06-16T14:09:06.052+0000] {dag.py:3239} INFO - Sync 2 DAGs
[2025-06-16T14:09:06.055+0000] {logging_mixin.py:190} INFO - [2025-06-16T14:09:06.055+0000] {dag.py:4180} INFO - Setting next_dagrun for example_subdag_operator.section-1 to None, run_after=None
[2025-06-16T14:09:06.056+0000] {logging_mixin.py:190} INFO - [2025-06-16T14:09:06.056+0000] {dag.py:4180} INFO - Setting next_dagrun for example_subdag_operator.section-2 to None, run_after=None
[2025-06-16T14:09:06.061+0000] {processor.py:208} INFO - Processing /home/airflow/.local/lib/python3.12/site-packages/airflow/example_dags/example_subdag_operator.py took 0.056 seconds
[2025-06-16T14:09:36.776+0000] {processor.py:186} INFO - Started process (PID=1045) to work on /home/airflow/.local/lib/python3.12/site-packages/airflow/example_dags/example_subdag_operator.py
[2025-06-16T14:09:36.777+0000] {processor.py:914} INFO - Processing file /home/airflow/.local/lib/python3.12/site-packages/airflow/example_dags/example_subdag_operator.py for tasks to queue
[2025-06-16T14:09:36.781+0000] {logging_mixin.py:190} INFO - [2025-06-16T14:09:36.780+0000] {dagbag.py:588} INFO - Filling up the DagBag from /home/airflow/.local/lib/python3.12/site-packages/airflow/example_dags/example_subdag_operator.py
[2025-06-16T14:09:36.809+0000] {processor.py:925} INFO - DAG(s) 'example_subdag_operator.section-1', 'example_subdag_operator.section-2', 'example_subdag_operator' retrieved from /home/airflow/.local/lib/python3.12/site-packages/airflow/example_dags/example_subdag_operator.py
[2025-06-16T14:09:36.821+0000] {logging_mixin.py:190} INFO - [2025-06-16T14:09:36.820+0000] {dag.py:3239} INFO - Sync 3 DAGs
[2025-06-16T14:09:36.834+0000] {logging_mixin.py:190} INFO - [2025-06-16T14:09:36.834+0000] {dag.py:4180} INFO - Setting next_dagrun for example_subdag_operator to 2022-01-01 00:00:00+00:00, run_after=2022-01-01 00:00:00+00:00
[2025-06-16T14:09:36.837+0000] {logging_mixin.py:190} INFO - [2025-06-16T14:09:36.837+0000] {dag.py:4180} INFO - Setting next_dagrun for example_subdag_operator.section-1 to None, run_after=None
[2025-06-16T14:09:36.838+0000] {logging_mixin.py:190} INFO - [2025-06-16T14:09:36.838+0000] {dag.py:4180} INFO - Setting next_dagrun for example_subdag_operator.section-2 to None, run_after=None
[2025-06-16T14:09:36.845+0000] {logging_mixin.py:190} INFO - [2025-06-16T14:09:36.845+0000] {dag.py:3239} INFO - Sync 2 DAGs
[2025-06-16T14:09:36.849+0000] {logging_mixin.py:190} INFO - [2025-06-16T14:09:36.849+0000] {dag.py:4180} INFO - Setting next_dagrun for example_subdag_operator.section-1 to None, run_after=None
[2025-06-16T14:09:36.850+0000] {logging_mixin.py:190} INFO - [2025-06-16T14:09:36.850+0000] {dag.py:4180} INFO - Setting next_dagrun for example_subdag_operator.section-2 to None, run_after=None
[2025-06-16T14:09:36.860+0000] {processor.py:208} INFO - Processing /home/airflow/.local/lib/python3.12/site-packages/airflow/example_dags/example_subdag_operator.py took 0.090 seconds
[2025-06-16T14:10:50.484+0000] {processor.py:186} INFO - Started process (PID=1109) to work on /home/airflow/.local/lib/python3.12/site-packages/airflow/example_dags/example_subdag_operator.py
[2025-06-16T14:10:50.485+0000] {processor.py:914} INFO - Processing file /home/airflow/.local/lib/python3.12/site-packages/airflow/example_dags/example_subdag_operator.py for tasks to queue
[2025-06-16T14:10:50.487+0000] {logging_mixin.py:190} INFO - [2025-06-16T14:10:50.486+0000] {dagbag.py:588} INFO - Filling up the DagBag from /home/airflow/.local/lib/python3.12/site-packages/airflow/example_dags/example_subdag_operator.py
[2025-06-16T14:10:50.506+0000] {processor.py:925} INFO - DAG(s) 'example_subdag_operator.section-1', 'example_subdag_operator.section-2', 'example_subdag_operator' retrieved from /home/airflow/.local/lib/python3.12/site-packages/airflow/example_dags/example_subdag_operator.py
[2025-06-16T14:10:50.515+0000] {logging_mixin.py:190} INFO - [2025-06-16T14:10:50.515+0000] {dag.py:3239} INFO - Sync 3 DAGs
[2025-06-16T14:10:50.535+0000] {logging_mixin.py:190} INFO - [2025-06-16T14:10:50.535+0000] {dag.py:4180} INFO - Setting next_dagrun for example_subdag_operator to 2022-01-01 00:00:00+00:00, run_after=2022-01-01 00:00:00+00:00
[2025-06-16T14:10:50.542+0000] {logging_mixin.py:190} INFO - [2025-06-16T14:10:50.541+0000] {dag.py:4180} INFO - Setting next_dagrun for example_subdag_operator.section-1 to None, run_after=None
[2025-06-16T14:10:50.545+0000] {logging_mixin.py:190} INFO - [2025-06-16T14:10:50.545+0000] {dag.py:4180} INFO - Setting next_dagrun for example_subdag_operator.section-2 to None, run_after=None
[2025-06-16T14:10:50.553+0000] {logging_mixin.py:190} INFO - [2025-06-16T14:10:50.552+0000] {dag.py:3239} INFO - Sync 2 DAGs
[2025-06-16T14:10:50.561+0000] {logging_mixin.py:190} INFO - [2025-06-16T14:10:50.561+0000] {dag.py:4180} INFO - Setting next_dagrun for example_subdag_operator.section-1 to None, run_after=None
[2025-06-16T14:10:50.562+0000] {logging_mixin.py:190} INFO - [2025-06-16T14:10:50.562+0000] {dag.py:4180} INFO - Setting next_dagrun for example_subdag_operator.section-2 to None, run_after=None
[2025-06-16T14:10:50.572+0000] {processor.py:208} INFO - Processing /home/airflow/.local/lib/python3.12/site-packages/airflow/example_dags/example_subdag_operator.py took 0.092 seconds
[2025-06-16T14:11:40.068+0000] {processor.py:186} INFO - Started process (PID=1172) to work on /home/airflow/.local/lib/python3.12/site-packages/airflow/example_dags/example_subdag_operator.py
[2025-06-16T14:11:40.069+0000] {processor.py:914} INFO - Processing file /home/airflow/.local/lib/python3.12/site-packages/airflow/example_dags/example_subdag_operator.py for tasks to queue
[2025-06-16T14:11:40.072+0000] {logging_mixin.py:190} INFO - [2025-06-16T14:11:40.072+0000] {dagbag.py:588} INFO - Filling up the DagBag from /home/airflow/.local/lib/python3.12/site-packages/airflow/example_dags/example_subdag_operator.py
[2025-06-16T14:11:40.114+0000] {processor.py:925} INFO - DAG(s) 'example_subdag_operator.section-1', 'example_subdag_operator.section-2', 'example_subdag_operator' retrieved from /home/airflow/.local/lib/python3.12/site-packages/airflow/example_dags/example_subdag_operator.py
[2025-06-16T14:11:40.128+0000] {logging_mixin.py:190} INFO - [2025-06-16T14:11:40.127+0000] {dag.py:3239} INFO - Sync 3 DAGs
[2025-06-16T14:11:40.155+0000] {logging_mixin.py:190} INFO - [2025-06-16T14:11:40.155+0000] {dag.py:4180} INFO - Setting next_dagrun for example_subdag_operator to 2022-01-01 00:00:00+00:00, run_after=2022-01-01 00:00:00+00:00
[2025-06-16T14:11:40.162+0000] {logging_mixin.py:190} INFO - [2025-06-16T14:11:40.161+0000] {dag.py:4180} INFO - Setting next_dagrun for example_subdag_operator.section-1 to None, run_after=None
[2025-06-16T14:11:40.165+0000] {logging_mixin.py:190} INFO - [2025-06-16T14:11:40.165+0000] {dag.py:4180} INFO - Setting next_dagrun for example_subdag_operator.section-2 to None, run_after=None
[2025-06-16T14:11:40.180+0000] {logging_mixin.py:190} INFO - [2025-06-16T14:11:40.179+0000] {dag.py:3239} INFO - Sync 2 DAGs
[2025-06-16T14:11:40.188+0000] {logging_mixin.py:190} INFO - [2025-06-16T14:11:40.188+0000] {dag.py:4180} INFO - Setting next_dagrun for example_subdag_operator.section-1 to None, run_after=None
[2025-06-16T14:11:40.191+0000] {logging_mixin.py:190} INFO - [2025-06-16T14:11:40.190+0000] {dag.py:4180} INFO - Setting next_dagrun for example_subdag_operator.section-2 to None, run_after=None
[2025-06-16T14:11:40.225+0000] {processor.py:208} INFO - Processing /home/airflow/.local/lib/python3.12/site-packages/airflow/example_dags/example_subdag_operator.py took 0.163 seconds
[2025-06-16T14:12:10.521+0000] {processor.py:186} INFO - Started process (PID=1235) to work on /home/airflow/.local/lib/python3.12/site-packages/airflow/example_dags/example_subdag_operator.py
[2025-06-16T14:12:10.523+0000] {processor.py:914} INFO - Processing file /home/airflow/.local/lib/python3.12/site-packages/airflow/example_dags/example_subdag_operator.py for tasks to queue
[2025-06-16T14:12:10.526+0000] {logging_mixin.py:190} INFO - [2025-06-16T14:12:10.525+0000] {dagbag.py:588} INFO - Filling up the DagBag from /home/airflow/.local/lib/python3.12/site-packages/airflow/example_dags/example_subdag_operator.py
[2025-06-16T14:12:10.555+0000] {processor.py:925} INFO - DAG(s) 'example_subdag_operator.section-1', 'example_subdag_operator.section-2', 'example_subdag_operator' retrieved from /home/airflow/.local/lib/python3.12/site-packages/airflow/example_dags/example_subdag_operator.py
[2025-06-16T14:12:10.592+0000] {logging_mixin.py:190} INFO - [2025-06-16T14:12:10.592+0000] {dag.py:3239} INFO - Sync 3 DAGs
[2025-06-16T14:12:10.667+0000] {logging_mixin.py:190} INFO - [2025-06-16T14:12:10.667+0000] {dag.py:4180} INFO - Setting next_dagrun for example_subdag_operator to 2022-01-01 00:00:00+00:00, run_after=2022-01-01 00:00:00+00:00
[2025-06-16T14:12:10.671+0000] {logging_mixin.py:190} INFO - [2025-06-16T14:12:10.671+0000] {dag.py:4180} INFO - Setting next_dagrun for example_subdag_operator.section-1 to None, run_after=None
[2025-06-16T14:12:10.674+0000] {logging_mixin.py:190} INFO - [2025-06-16T14:12:10.674+0000] {dag.py:4180} INFO - Setting next_dagrun for example_subdag_operator.section-2 to None, run_after=None
[2025-06-16T14:12:10.681+0000] {logging_mixin.py:190} INFO - [2025-06-16T14:12:10.680+0000] {dag.py:3239} INFO - Sync 2 DAGs
[2025-06-16T14:12:10.686+0000] {logging_mixin.py:190} INFO - [2025-06-16T14:12:10.686+0000] {dag.py:4180} INFO - Setting next_dagrun for example_subdag_operator.section-1 to None, run_after=None
[2025-06-16T14:12:10.690+0000] {logging_mixin.py:190} INFO - [2025-06-16T14:12:10.690+0000] {dag.py:4180} INFO - Setting next_dagrun for example_subdag_operator.section-2 to None, run_after=None
[2025-06-16T14:12:10.704+0000] {processor.py:208} INFO - Processing /home/airflow/.local/lib/python3.12/site-packages/airflow/example_dags/example_subdag_operator.py took 0.187 seconds
[2025-06-16T14:12:41.549+0000] {processor.py:186} INFO - Started process (PID=1298) to work on /home/airflow/.local/lib/python3.12/site-packages/airflow/example_dags/example_subdag_operator.py
[2025-06-16T14:12:41.550+0000] {processor.py:914} INFO - Processing file /home/airflow/.local/lib/python3.12/site-packages/airflow/example_dags/example_subdag_operator.py for tasks to queue
[2025-06-16T14:12:41.553+0000] {logging_mixin.py:190} INFO - [2025-06-16T14:12:41.553+0000] {dagbag.py:588} INFO - Filling up the DagBag from /home/airflow/.local/lib/python3.12/site-packages/airflow/example_dags/example_subdag_operator.py
[2025-06-16T14:12:41.574+0000] {processor.py:925} INFO - DAG(s) 'example_subdag_operator.section-1', 'example_subdag_operator.section-2', 'example_subdag_operator' retrieved from /home/airflow/.local/lib/python3.12/site-packages/airflow/example_dags/example_subdag_operator.py
[2025-06-16T14:12:41.588+0000] {logging_mixin.py:190} INFO - [2025-06-16T14:12:41.588+0000] {dag.py:3239} INFO - Sync 3 DAGs
[2025-06-16T14:12:41.599+0000] {logging_mixin.py:190} INFO - [2025-06-16T14:12:41.599+0000] {dag.py:4180} INFO - Setting next_dagrun for example_subdag_operator to 2022-01-01 00:00:00+00:00, run_after=2022-01-01 00:00:00+00:00
[2025-06-16T14:12:41.602+0000] {logging_mixin.py:190} INFO - [2025-06-16T14:12:41.602+0000] {dag.py:4180} INFO - Setting next_dagrun for example_subdag_operator.section-1 to None, run_after=None
[2025-06-16T14:12:41.604+0000] {logging_mixin.py:190} INFO - [2025-06-16T14:12:41.604+0000] {dag.py:4180} INFO - Setting next_dagrun for example_subdag_operator.section-2 to None, run_after=None
[2025-06-16T14:12:41.610+0000] {logging_mixin.py:190} INFO - [2025-06-16T14:12:41.610+0000] {dag.py:3239} INFO - Sync 2 DAGs
[2025-06-16T14:12:41.613+0000] {logging_mixin.py:190} INFO - [2025-06-16T14:12:41.613+0000] {dag.py:4180} INFO - Setting next_dagrun for example_subdag_operator.section-1 to None, run_after=None
[2025-06-16T14:12:41.614+0000] {logging_mixin.py:190} INFO - [2025-06-16T14:12:41.614+0000] {dag.py:4180} INFO - Setting next_dagrun for example_subdag_operator.section-2 to None, run_after=None
[2025-06-16T14:12:41.622+0000] {processor.py:208} INFO - Processing /home/airflow/.local/lib/python3.12/site-packages/airflow/example_dags/example_subdag_operator.py took 0.077 seconds
[2025-06-16T14:13:12.202+0000] {processor.py:186} INFO - Started process (PID=1361) to work on /home/airflow/.local/lib/python3.12/site-packages/airflow/example_dags/example_subdag_operator.py
[2025-06-16T14:13:12.203+0000] {processor.py:914} INFO - Processing file /home/airflow/.local/lib/python3.12/site-packages/airflow/example_dags/example_subdag_operator.py for tasks to queue
[2025-06-16T14:13:12.205+0000] {logging_mixin.py:190} INFO - [2025-06-16T14:13:12.205+0000] {dagbag.py:588} INFO - Filling up the DagBag from /home/airflow/.local/lib/python3.12/site-packages/airflow/example_dags/example_subdag_operator.py
[2025-06-16T14:13:12.221+0000] {processor.py:925} INFO - DAG(s) 'example_subdag_operator.section-1', 'example_subdag_operator.section-2', 'example_subdag_operator' retrieved from /home/airflow/.local/lib/python3.12/site-packages/airflow/example_dags/example_subdag_operator.py
[2025-06-16T14:13:12.231+0000] {logging_mixin.py:190} INFO - [2025-06-16T14:13:12.230+0000] {dag.py:3239} INFO - Sync 3 DAGs
[2025-06-16T14:13:12.247+0000] {logging_mixin.py:190} INFO - [2025-06-16T14:13:12.247+0000] {dag.py:4180} INFO - Setting next_dagrun for example_subdag_operator to 2022-01-01 00:00:00+00:00, run_after=2022-01-01 00:00:00+00:00
[2025-06-16T14:13:12.251+0000] {logging_mixin.py:190} INFO - [2025-06-16T14:13:12.250+0000] {dag.py:4180} INFO - Setting next_dagrun for example_subdag_operator.section-1 to None, run_after=None
[2025-06-16T14:13:12.253+0000] {logging_mixin.py:190} INFO - [2025-06-16T14:13:12.253+0000] {dag.py:4180} INFO - Setting next_dagrun for example_subdag_operator.section-2 to None, run_after=None
[2025-06-16T14:13:12.259+0000] {logging_mixin.py:190} INFO - [2025-06-16T14:13:12.259+0000] {dag.py:3239} INFO - Sync 2 DAGs
[2025-06-16T14:13:12.263+0000] {logging_mixin.py:190} INFO - [2025-06-16T14:13:12.263+0000] {dag.py:4180} INFO - Setting next_dagrun for example_subdag_operator.section-1 to None, run_after=None
[2025-06-16T14:13:12.264+0000] {logging_mixin.py:190} INFO - [2025-06-16T14:13:12.264+0000] {dag.py:4180} INFO - Setting next_dagrun for example_subdag_operator.section-2 to None, run_after=None
[2025-06-16T14:13:12.276+0000] {processor.py:208} INFO - Processing /home/airflow/.local/lib/python3.12/site-packages/airflow/example_dags/example_subdag_operator.py took 0.078 seconds
[2025-06-16T14:13:42.761+0000] {processor.py:186} INFO - Started process (PID=1424) to work on /home/airflow/.local/lib/python3.12/site-packages/airflow/example_dags/example_subdag_operator.py
[2025-06-16T14:13:42.763+0000] {processor.py:914} INFO - Processing file /home/airflow/.local/lib/python3.12/site-packages/airflow/example_dags/example_subdag_operator.py for tasks to queue
[2025-06-16T14:13:42.766+0000] {logging_mixin.py:190} INFO - [2025-06-16T14:13:42.765+0000] {dagbag.py:588} INFO - Filling up the DagBag from /home/airflow/.local/lib/python3.12/site-packages/airflow/example_dags/example_subdag_operator.py
[2025-06-16T14:13:42.790+0000] {processor.py:925} INFO - DAG(s) 'example_subdag_operator.section-1', 'example_subdag_operator.section-2', 'example_subdag_operator' retrieved from /home/airflow/.local/lib/python3.12/site-packages/airflow/example_dags/example_subdag_operator.py
[2025-06-16T14:13:42.801+0000] {logging_mixin.py:190} INFO - [2025-06-16T14:13:42.800+0000] {dag.py:3239} INFO - Sync 3 DAGs
[2025-06-16T14:13:42.816+0000] {logging_mixin.py:190} INFO - [2025-06-16T14:13:42.816+0000] {dag.py:4180} INFO - Setting next_dagrun for example_subdag_operator to 2022-01-01 00:00:00+00:00, run_after=2022-01-01 00:00:00+00:00
[2025-06-16T14:13:42.819+0000] {logging_mixin.py:190} INFO - [2025-06-16T14:13:42.819+0000] {dag.py:4180} INFO - Setting next_dagrun for example_subdag_operator.section-1 to None, run_after=None
[2025-06-16T14:13:42.821+0000] {logging_mixin.py:190} INFO - [2025-06-16T14:13:42.820+0000] {dag.py:4180} INFO - Setting next_dagrun for example_subdag_operator.section-2 to None, run_after=None
[2025-06-16T14:13:42.825+0000] {logging_mixin.py:190} INFO - [2025-06-16T14:13:42.825+0000] {dag.py:3239} INFO - Sync 2 DAGs
[2025-06-16T14:13:42.829+0000] {logging_mixin.py:190} INFO - [2025-06-16T14:13:42.829+0000] {dag.py:4180} INFO - Setting next_dagrun for example_subdag_operator.section-1 to None, run_after=None
[2025-06-16T14:13:42.830+0000] {logging_mixin.py:190} INFO - [2025-06-16T14:13:42.830+0000] {dag.py:4180} INFO - Setting next_dagrun for example_subdag_operator.section-2 to None, run_after=None
[2025-06-16T14:13:42.837+0000] {processor.py:208} INFO - Processing /home/airflow/.local/lib/python3.12/site-packages/airflow/example_dags/example_subdag_operator.py took 0.083 seconds
[2025-06-16T14:14:13.565+0000] {processor.py:186} INFO - Started process (PID=1486) to work on /home/airflow/.local/lib/python3.12/site-packages/airflow/example_dags/example_subdag_operator.py
[2025-06-16T14:14:13.571+0000] {processor.py:914} INFO - Processing file /home/airflow/.local/lib/python3.12/site-packages/airflow/example_dags/example_subdag_operator.py for tasks to queue
[2025-06-16T14:14:13.578+0000] {logging_mixin.py:190} INFO - [2025-06-16T14:14:13.577+0000] {dagbag.py:588} INFO - Filling up the DagBag from /home/airflow/.local/lib/python3.12/site-packages/airflow/example_dags/example_subdag_operator.py
[2025-06-16T14:14:13.624+0000] {processor.py:925} INFO - DAG(s) 'example_subdag_operator.section-1', 'example_subdag_operator.section-2', 'example_subdag_operator' retrieved from /home/airflow/.local/lib/python3.12/site-packages/airflow/example_dags/example_subdag_operator.py
[2025-06-16T14:14:13.649+0000] {logging_mixin.py:190} INFO - [2025-06-16T14:14:13.648+0000] {dag.py:3239} INFO - Sync 3 DAGs
[2025-06-16T14:14:13.680+0000] {logging_mixin.py:190} INFO - [2025-06-16T14:14:13.679+0000] {dag.py:4180} INFO - Setting next_dagrun for example_subdag_operator to 2022-01-01 00:00:00+00:00, run_after=2022-01-01 00:00:00+00:00
[2025-06-16T14:14:13.685+0000] {logging_mixin.py:190} INFO - [2025-06-16T14:14:13.685+0000] {dag.py:4180} INFO - Setting next_dagrun for example_subdag_operator.section-1 to None, run_after=None
[2025-06-16T14:14:13.688+0000] {logging_mixin.py:190} INFO - [2025-06-16T14:14:13.687+0000] {dag.py:4180} INFO - Setting next_dagrun for example_subdag_operator.section-2 to None, run_after=None
[2025-06-16T14:14:13.703+0000] {logging_mixin.py:190} INFO - [2025-06-16T14:14:13.703+0000] {dag.py:3239} INFO - Sync 2 DAGs
[2025-06-16T14:14:13.729+0000] {logging_mixin.py:190} INFO - [2025-06-16T14:14:13.728+0000] {dag.py:4180} INFO - Setting next_dagrun for example_subdag_operator.section-1 to None, run_after=None
[2025-06-16T14:14:13.730+0000] {logging_mixin.py:190} INFO - [2025-06-16T14:14:13.730+0000] {dag.py:4180} INFO - Setting next_dagrun for example_subdag_operator.section-2 to None, run_after=None
[2025-06-16T14:14:13.749+0000] {processor.py:208} INFO - Processing /home/airflow/.local/lib/python3.12/site-packages/airflow/example_dags/example_subdag_operator.py took 0.199 seconds
[2025-06-16T15:07:18.292+0000] {processor.py:186} INFO - Started process (PID=1550) to work on /home/airflow/.local/lib/python3.12/site-packages/airflow/example_dags/example_subdag_operator.py
[2025-06-16T15:07:18.293+0000] {processor.py:914} INFO - Processing file /home/airflow/.local/lib/python3.12/site-packages/airflow/example_dags/example_subdag_operator.py for tasks to queue
[2025-06-16T15:07:18.295+0000] {logging_mixin.py:190} INFO - [2025-06-16T15:07:18.295+0000] {dagbag.py:588} INFO - Filling up the DagBag from /home/airflow/.local/lib/python3.12/site-packages/airflow/example_dags/example_subdag_operator.py
[2025-06-16T15:07:18.313+0000] {processor.py:925} INFO - DAG(s) 'example_subdag_operator.section-1', 'example_subdag_operator.section-2', 'example_subdag_operator' retrieved from /home/airflow/.local/lib/python3.12/site-packages/airflow/example_dags/example_subdag_operator.py
[2025-06-16T15:07:18.327+0000] {logging_mixin.py:190} INFO - [2025-06-16T15:07:18.327+0000] {dag.py:3239} INFO - Sync 3 DAGs
[2025-06-16T15:07:18.340+0000] {logging_mixin.py:190} INFO - [2025-06-16T15:07:18.340+0000] {dag.py:4180} INFO - Setting next_dagrun for example_subdag_operator to 2022-01-01 00:00:00+00:00, run_after=2022-01-01 00:00:00+00:00
[2025-06-16T15:07:18.343+0000] {logging_mixin.py:190} INFO - [2025-06-16T15:07:18.343+0000] {dag.py:4180} INFO - Setting next_dagrun for example_subdag_operator.section-1 to None, run_after=None
[2025-06-16T15:07:18.345+0000] {logging_mixin.py:190} INFO - [2025-06-16T15:07:18.345+0000] {dag.py:4180} INFO - Setting next_dagrun for example_subdag_operator.section-2 to None, run_after=None
[2025-06-16T15:07:18.349+0000] {logging_mixin.py:190} INFO - [2025-06-16T15:07:18.349+0000] {dag.py:3239} INFO - Sync 2 DAGs
[2025-06-16T15:07:18.352+0000] {logging_mixin.py:190} INFO - [2025-06-16T15:07:18.352+0000] {dag.py:4180} INFO - Setting next_dagrun for example_subdag_operator.section-1 to None, run_after=None
[2025-06-16T15:07:18.353+0000] {logging_mixin.py:190} INFO - [2025-06-16T15:07:18.353+0000] {dag.py:4180} INFO - Setting next_dagrun for example_subdag_operator.section-2 to None, run_after=None
[2025-06-16T15:07:18.360+0000] {processor.py:208} INFO - Processing /home/airflow/.local/lib/python3.12/site-packages/airflow/example_dags/example_subdag_operator.py took 0.072 seconds
[2025-06-16T15:57:50.142+0000] {processor.py:186} INFO - Started process (PID=1613) to work on /home/airflow/.local/lib/python3.12/site-packages/airflow/example_dags/example_subdag_operator.py
[2025-06-16T15:57:50.145+0000] {processor.py:914} INFO - Processing file /home/airflow/.local/lib/python3.12/site-packages/airflow/example_dags/example_subdag_operator.py for tasks to queue
[2025-06-16T15:57:50.148+0000] {logging_mixin.py:190} INFO - [2025-06-16T15:57:50.147+0000] {dagbag.py:588} INFO - Filling up the DagBag from /home/airflow/.local/lib/python3.12/site-packages/airflow/example_dags/example_subdag_operator.py
[2025-06-16T15:57:50.202+0000] {processor.py:925} INFO - DAG(s) 'example_subdag_operator.section-1', 'example_subdag_operator.section-2', 'example_subdag_operator' retrieved from /home/airflow/.local/lib/python3.12/site-packages/airflow/example_dags/example_subdag_operator.py
[2025-06-16T15:57:50.220+0000] {logging_mixin.py:190} INFO - [2025-06-16T15:57:50.219+0000] {dag.py:3239} INFO - Sync 3 DAGs
[2025-06-16T15:57:50.245+0000] {logging_mixin.py:190} INFO - [2025-06-16T15:57:50.245+0000] {dag.py:4180} INFO - Setting next_dagrun for example_subdag_operator to 2022-01-01 00:00:00+00:00, run_after=2022-01-01 00:00:00+00:00
[2025-06-16T15:57:50.250+0000] {logging_mixin.py:190} INFO - [2025-06-16T15:57:50.250+0000] {dag.py:4180} INFO - Setting next_dagrun for example_subdag_operator.section-1 to None, run_after=None
[2025-06-16T15:57:50.253+0000] {logging_mixin.py:190} INFO - [2025-06-16T15:57:50.253+0000] {dag.py:4180} INFO - Setting next_dagrun for example_subdag_operator.section-2 to None, run_after=None
[2025-06-16T15:57:50.260+0000] {logging_mixin.py:190} INFO - [2025-06-16T15:57:50.260+0000] {dag.py:3239} INFO - Sync 2 DAGs
[2025-06-16T15:57:50.271+0000] {logging_mixin.py:190} INFO - [2025-06-16T15:57:50.271+0000] {dag.py:4180} INFO - Setting next_dagrun for example_subdag_operator.section-1 to None, run_after=None
[2025-06-16T15:57:50.274+0000] {logging_mixin.py:190} INFO - [2025-06-16T15:57:50.274+0000] {dag.py:4180} INFO - Setting next_dagrun for example_subdag_operator.section-2 to None, run_after=None
[2025-06-16T15:57:50.289+0000] {processor.py:208} INFO - Processing /home/airflow/.local/lib/python3.12/site-packages/airflow/example_dags/example_subdag_operator.py took 0.153 seconds
[2025-06-16T17:08:53.790+0000] {processor.py:186} INFO - Started process (PID=1677) to work on /home/airflow/.local/lib/python3.12/site-packages/airflow/example_dags/example_subdag_operator.py
[2025-06-16T17:08:53.795+0000] {processor.py:914} INFO - Processing file /home/airflow/.local/lib/python3.12/site-packages/airflow/example_dags/example_subdag_operator.py for tasks to queue
[2025-06-16T17:08:53.799+0000] {logging_mixin.py:190} INFO - [2025-06-16T17:08:53.799+0000] {dagbag.py:588} INFO - Filling up the DagBag from /home/airflow/.local/lib/python3.12/site-packages/airflow/example_dags/example_subdag_operator.py
[2025-06-16T17:08:53.850+0000] {processor.py:925} INFO - DAG(s) 'example_subdag_operator.section-1', 'example_subdag_operator.section-2', 'example_subdag_operator' retrieved from /home/airflow/.local/lib/python3.12/site-packages/airflow/example_dags/example_subdag_operator.py
[2025-06-16T17:08:53.876+0000] {logging_mixin.py:190} INFO - [2025-06-16T17:08:53.876+0000] {dag.py:3239} INFO - Sync 3 DAGs
[2025-06-16T17:08:53.900+0000] {logging_mixin.py:190} INFO - [2025-06-16T17:08:53.900+0000] {dag.py:4180} INFO - Setting next_dagrun for example_subdag_operator to 2022-01-01 00:00:00+00:00, run_after=2022-01-01 00:00:00+00:00
[2025-06-16T17:08:53.909+0000] {logging_mixin.py:190} INFO - [2025-06-16T17:08:53.908+0000] {dag.py:4180} INFO - Setting next_dagrun for example_subdag_operator.section-1 to None, run_after=None
[2025-06-16T17:08:53.913+0000] {logging_mixin.py:190} INFO - [2025-06-16T17:08:53.913+0000] {dag.py:4180} INFO - Setting next_dagrun for example_subdag_operator.section-2 to None, run_after=None
[2025-06-16T17:08:53.922+0000] {logging_mixin.py:190} INFO - [2025-06-16T17:08:53.922+0000] {dag.py:3239} INFO - Sync 2 DAGs
[2025-06-16T17:08:53.932+0000] {logging_mixin.py:190} INFO - [2025-06-16T17:08:53.932+0000] {dag.py:4180} INFO - Setting next_dagrun for example_subdag_operator.section-1 to None, run_after=None
[2025-06-16T17:08:53.935+0000] {logging_mixin.py:190} INFO - [2025-06-16T17:08:53.935+0000] {dag.py:4180} INFO - Setting next_dagrun for example_subdag_operator.section-2 to None, run_after=None
[2025-06-16T17:08:53.951+0000] {processor.py:208} INFO - Processing /home/airflow/.local/lib/python3.12/site-packages/airflow/example_dags/example_subdag_operator.py took 0.167 seconds
[2025-06-16T18:08:28.619+0000] {processor.py:186} INFO - Started process (PID=1740) to work on /home/airflow/.local/lib/python3.12/site-packages/airflow/example_dags/example_subdag_operator.py
[2025-06-16T18:08:28.625+0000] {processor.py:914} INFO - Processing file /home/airflow/.local/lib/python3.12/site-packages/airflow/example_dags/example_subdag_operator.py for tasks to queue
[2025-06-16T18:08:28.633+0000] {logging_mixin.py:190} INFO - [2025-06-16T18:08:28.632+0000] {dagbag.py:588} INFO - Filling up the DagBag from /home/airflow/.local/lib/python3.12/site-packages/airflow/example_dags/example_subdag_operator.py
[2025-06-16T18:08:28.722+0000] {processor.py:925} INFO - DAG(s) 'example_subdag_operator.section-1', 'example_subdag_operator.section-2', 'example_subdag_operator' retrieved from /home/airflow/.local/lib/python3.12/site-packages/airflow/example_dags/example_subdag_operator.py
[2025-06-16T18:08:28.772+0000] {logging_mixin.py:190} INFO - [2025-06-16T18:08:28.771+0000] {dag.py:3239} INFO - Sync 3 DAGs
[2025-06-16T18:08:28.824+0000] {logging_mixin.py:190} INFO - [2025-06-16T18:08:28.824+0000] {dag.py:4180} INFO - Setting next_dagrun for example_subdag_operator to 2022-01-01 00:00:00+00:00, run_after=2022-01-01 00:00:00+00:00
[2025-06-16T18:08:28.837+0000] {logging_mixin.py:190} INFO - [2025-06-16T18:08:28.837+0000] {dag.py:4180} INFO - Setting next_dagrun for example_subdag_operator.section-1 to None, run_after=None
[2025-06-16T18:08:28.842+0000] {logging_mixin.py:190} INFO - [2025-06-16T18:08:28.842+0000] {dag.py:4180} INFO - Setting next_dagrun for example_subdag_operator.section-2 to None, run_after=None
[2025-06-16T18:08:28.851+0000] {logging_mixin.py:190} INFO - [2025-06-16T18:08:28.851+0000] {dag.py:3239} INFO - Sync 2 DAGs
[2025-06-16T18:08:28.867+0000] {logging_mixin.py:190} INFO - [2025-06-16T18:08:28.866+0000] {dag.py:4180} INFO - Setting next_dagrun for example_subdag_operator.section-1 to None, run_after=None
[2025-06-16T18:08:28.869+0000] {logging_mixin.py:190} INFO - [2025-06-16T18:08:28.869+0000] {dag.py:4180} INFO - Setting next_dagrun for example_subdag_operator.section-2 to None, run_after=None
[2025-06-16T18:08:28.884+0000] {processor.py:208} INFO - Processing /home/airflow/.local/lib/python3.12/site-packages/airflow/example_dags/example_subdag_operator.py took 0.304 seconds
[2025-06-16T19:23:33.831+0000] {processor.py:186} INFO - Started process (PID=1809) to work on /home/airflow/.local/lib/python3.12/site-packages/airflow/example_dags/example_subdag_operator.py
[2025-06-16T19:23:33.836+0000] {processor.py:914} INFO - Processing file /home/airflow/.local/lib/python3.12/site-packages/airflow/example_dags/example_subdag_operator.py for tasks to queue
[2025-06-16T19:23:33.841+0000] {logging_mixin.py:190} INFO - [2025-06-16T19:23:33.840+0000] {dagbag.py:588} INFO - Filling up the DagBag from /home/airflow/.local/lib/python3.12/site-packages/airflow/example_dags/example_subdag_operator.py
[2025-06-16T19:23:33.937+0000] {processor.py:925} INFO - DAG(s) 'example_subdag_operator.section-1', 'example_subdag_operator.section-2', 'example_subdag_operator' retrieved from /home/airflow/.local/lib/python3.12/site-packages/airflow/example_dags/example_subdag_operator.py
[2025-06-16T19:23:33.973+0000] {logging_mixin.py:190} INFO - [2025-06-16T19:23:33.973+0000] {dag.py:3239} INFO - Sync 3 DAGs
[2025-06-16T19:23:34.008+0000] {logging_mixin.py:190} INFO - [2025-06-16T19:23:34.008+0000] {dag.py:4180} INFO - Setting next_dagrun for example_subdag_operator to 2022-01-01 00:00:00+00:00, run_after=2022-01-01 00:00:00+00:00
[2025-06-16T19:23:34.014+0000] {logging_mixin.py:190} INFO - [2025-06-16T19:23:34.013+0000] {dag.py:4180} INFO - Setting next_dagrun for example_subdag_operator.section-1 to None, run_after=None
[2025-06-16T19:23:34.017+0000] {logging_mixin.py:190} INFO - [2025-06-16T19:23:34.017+0000] {dag.py:4180} INFO - Setting next_dagrun for example_subdag_operator.section-2 to None, run_after=None
[2025-06-16T19:23:34.030+0000] {logging_mixin.py:190} INFO - [2025-06-16T19:23:34.030+0000] {dag.py:3239} INFO - Sync 2 DAGs
[2025-06-16T19:23:34.045+0000] {logging_mixin.py:190} INFO - [2025-06-16T19:23:34.044+0000] {dag.py:4180} INFO - Setting next_dagrun for example_subdag_operator.section-1 to None, run_after=None
[2025-06-16T19:23:34.047+0000] {logging_mixin.py:190} INFO - [2025-06-16T19:23:34.047+0000] {dag.py:4180} INFO - Setting next_dagrun for example_subdag_operator.section-2 to None, run_after=None
[2025-06-16T19:23:34.070+0000] {processor.py:208} INFO - Processing /home/airflow/.local/lib/python3.12/site-packages/airflow/example_dags/example_subdag_operator.py took 0.250 seconds
