[2025-06-16T13:59:22.597+0000] {processor.py:186} INFO - Started process (PID=75) to work on /home/airflow/.local/lib/python3.12/site-packages/airflow/example_dags/example_branch_labels.py
[2025-06-16T13:59:22.600+0000] {processor.py:914} INFO - Processing file /home/airflow/.local/lib/python3.12/site-packages/airflow/example_dags/example_branch_labels.py for tasks to queue
[2025-06-16T13:59:22.603+0000] {logging_mixin.py:190} INFO - [2025-06-16T13:59:22.603+0000] {dagbag.py:588} INFO - Filling up the DagBag from /home/airflow/.local/lib/python3.12/site-packages/airflow/example_dags/example_branch_labels.py
[2025-06-16T13:59:22.611+0000] {processor.py:925} INFO - DAG(s) 'example_branch_labels' retrieved from /home/airflow/.local/lib/python3.12/site-packages/airflow/example_dags/example_branch_labels.py
[2025-06-16T13:59:22.765+0000] {logging_mixin.py:190} INFO - [2025-06-16T13:59:22.764+0000] {override.py:1912} INFO - Created Permission View: can delete on DAG:example_branch_labels
[2025-06-16T13:59:22.783+0000] {logging_mixin.py:190} INFO - [2025-06-16T13:59:22.782+0000] {override.py:1912} INFO - Created Permission View: can read on DAG:example_branch_labels
[2025-06-16T13:59:22.794+0000] {logging_mixin.py:190} INFO - [2025-06-16T13:59:22.794+0000] {override.py:1912} INFO - Created Permission View: can edit on DAG:example_branch_labels
[2025-06-16T13:59:22.813+0000] {logging_mixin.py:190} INFO - [2025-06-16T13:59:22.812+0000] {override.py:1912} INFO - Created Permission View: can delete on DAG Run:example_branch_labels
[2025-06-16T13:59:22.824+0000] {logging_mixin.py:190} INFO - [2025-06-16T13:59:22.823+0000] {override.py:1912} INFO - Created Permission View: can create on DAG Run:example_branch_labels
[2025-06-16T13:59:22.832+0000] {logging_mixin.py:190} INFO - [2025-06-16T13:59:22.832+0000] {override.py:1912} INFO - Created Permission View: can read on DAG Run:example_branch_labels
[2025-06-16T13:59:22.842+0000] {logging_mixin.py:190} INFO - [2025-06-16T13:59:22.841+0000] {override.py:1912} INFO - Created Permission View: menu access on DAG Run:example_branch_labels
[2025-06-16T13:59:22.845+0000] {logging_mixin.py:190} INFO - [2025-06-16T13:59:22.845+0000] {dag.py:3239} INFO - Sync 1 DAGs
[2025-06-16T13:59:22.859+0000] {logging_mixin.py:190} INFO - [2025-06-16T13:59:22.859+0000] {dag.py:3262} INFO - Creating ORM DAG for example_branch_labels
[2025-06-16T13:59:22.871+0000] {logging_mixin.py:190} INFO - [2025-06-16T13:59:22.871+0000] {dag.py:4180} INFO - Setting next_dagrun for example_branch_labels to 2025-06-15 00:00:00+00:00, run_after=2025-06-16 00:00:00+00:00
[2025-06-16T13:59:22.893+0000] {processor.py:208} INFO - Processing /home/airflow/.local/lib/python3.12/site-packages/airflow/example_dags/example_branch_labels.py took 0.300 seconds
[2025-06-16T13:59:53.111+0000] {processor.py:186} INFO - Started process (PID=137) to work on /home/airflow/.local/lib/python3.12/site-packages/airflow/example_dags/example_branch_labels.py
[2025-06-16T13:59:53.115+0000] {processor.py:914} INFO - Processing file /home/airflow/.local/lib/python3.12/site-packages/airflow/example_dags/example_branch_labels.py for tasks to queue
[2025-06-16T13:59:53.119+0000] {logging_mixin.py:190} INFO - [2025-06-16T13:59:53.119+0000] {dagbag.py:588} INFO - Filling up the DagBag from /home/airflow/.local/lib/python3.12/site-packages/airflow/example_dags/example_branch_labels.py
[2025-06-16T13:59:53.128+0000] {processor.py:925} INFO - DAG(s) 'example_branch_labels' retrieved from /home/airflow/.local/lib/python3.12/site-packages/airflow/example_dags/example_branch_labels.py
[2025-06-16T13:59:53.150+0000] {logging_mixin.py:190} INFO - [2025-06-16T13:59:53.150+0000] {dag.py:3239} INFO - Sync 1 DAGs
[2025-06-16T13:59:53.168+0000] {logging_mixin.py:190} INFO - [2025-06-16T13:59:53.167+0000] {dag.py:4180} INFO - Setting next_dagrun for example_branch_labels to 2025-06-15 00:00:00+00:00, run_after=2025-06-16 00:00:00+00:00
[2025-06-16T13:59:53.181+0000] {processor.py:208} INFO - Processing /home/airflow/.local/lib/python3.12/site-packages/airflow/example_dags/example_branch_labels.py took 0.076 seconds
[2025-06-16T14:00:23.343+0000] {processor.py:186} INFO - Started process (PID=200) to work on /home/airflow/.local/lib/python3.12/site-packages/airflow/example_dags/example_branch_labels.py
[2025-06-16T14:00:23.345+0000] {processor.py:914} INFO - Processing file /home/airflow/.local/lib/python3.12/site-packages/airflow/example_dags/example_branch_labels.py for tasks to queue
[2025-06-16T14:00:23.348+0000] {logging_mixin.py:190} INFO - [2025-06-16T14:00:23.348+0000] {dagbag.py:588} INFO - Filling up the DagBag from /home/airflow/.local/lib/python3.12/site-packages/airflow/example_dags/example_branch_labels.py
[2025-06-16T14:00:23.355+0000] {processor.py:925} INFO - DAG(s) 'example_branch_labels' retrieved from /home/airflow/.local/lib/python3.12/site-packages/airflow/example_dags/example_branch_labels.py
[2025-06-16T14:00:23.372+0000] {logging_mixin.py:190} INFO - [2025-06-16T14:00:23.372+0000] {dag.py:3239} INFO - Sync 1 DAGs
[2025-06-16T14:00:23.390+0000] {logging_mixin.py:190} INFO - [2025-06-16T14:00:23.390+0000] {dag.py:4180} INFO - Setting next_dagrun for example_branch_labels to 2025-06-15 00:00:00+00:00, run_after=2025-06-16 00:00:00+00:00
[2025-06-16T14:00:23.401+0000] {processor.py:208} INFO - Processing /home/airflow/.local/lib/python3.12/site-packages/airflow/example_dags/example_branch_labels.py took 0.062 seconds
[2025-06-16T14:00:53.575+0000] {processor.py:186} INFO - Started process (PID=262) to work on /home/airflow/.local/lib/python3.12/site-packages/airflow/example_dags/example_branch_labels.py
[2025-06-16T14:00:53.576+0000] {processor.py:914} INFO - Processing file /home/airflow/.local/lib/python3.12/site-packages/airflow/example_dags/example_branch_labels.py for tasks to queue
[2025-06-16T14:00:53.578+0000] {logging_mixin.py:190} INFO - [2025-06-16T14:00:53.578+0000] {dagbag.py:588} INFO - Filling up the DagBag from /home/airflow/.local/lib/python3.12/site-packages/airflow/example_dags/example_branch_labels.py
[2025-06-16T14:00:53.584+0000] {processor.py:925} INFO - DAG(s) 'example_branch_labels' retrieved from /home/airflow/.local/lib/python3.12/site-packages/airflow/example_dags/example_branch_labels.py
[2025-06-16T14:00:53.594+0000] {logging_mixin.py:190} INFO - [2025-06-16T14:00:53.594+0000] {dag.py:3239} INFO - Sync 1 DAGs
[2025-06-16T14:00:53.606+0000] {logging_mixin.py:190} INFO - [2025-06-16T14:00:53.606+0000] {dag.py:4180} INFO - Setting next_dagrun for example_branch_labels to 2025-06-15 00:00:00+00:00, run_after=2025-06-16 00:00:00+00:00
[2025-06-16T14:00:53.616+0000] {processor.py:208} INFO - Processing /home/airflow/.local/lib/python3.12/site-packages/airflow/example_dags/example_branch_labels.py took 0.044 seconds
[2025-06-16T14:01:24.089+0000] {processor.py:186} INFO - Started process (PID=325) to work on /home/airflow/.local/lib/python3.12/site-packages/airflow/example_dags/example_branch_labels.py
[2025-06-16T14:01:24.090+0000] {processor.py:914} INFO - Processing file /home/airflow/.local/lib/python3.12/site-packages/airflow/example_dags/example_branch_labels.py for tasks to queue
[2025-06-16T14:01:24.091+0000] {logging_mixin.py:190} INFO - [2025-06-16T14:01:24.091+0000] {dagbag.py:588} INFO - Filling up the DagBag from /home/airflow/.local/lib/python3.12/site-packages/airflow/example_dags/example_branch_labels.py
[2025-06-16T14:01:24.097+0000] {processor.py:925} INFO - DAG(s) 'example_branch_labels' retrieved from /home/airflow/.local/lib/python3.12/site-packages/airflow/example_dags/example_branch_labels.py
[2025-06-16T14:01:24.110+0000] {logging_mixin.py:190} INFO - [2025-06-16T14:01:24.110+0000] {dag.py:3239} INFO - Sync 1 DAGs
[2025-06-16T14:01:24.123+0000] {logging_mixin.py:190} INFO - [2025-06-16T14:01:24.122+0000] {dag.py:4180} INFO - Setting next_dagrun for example_branch_labels to 2025-06-15 00:00:00+00:00, run_after=2025-06-16 00:00:00+00:00
[2025-06-16T14:01:24.134+0000] {processor.py:208} INFO - Processing /home/airflow/.local/lib/python3.12/site-packages/airflow/example_dags/example_branch_labels.py took 0.048 seconds
[2025-06-16T14:01:54.730+0000] {processor.py:186} INFO - Started process (PID=388) to work on /home/airflow/.local/lib/python3.12/site-packages/airflow/example_dags/example_branch_labels.py
[2025-06-16T14:01:54.735+0000] {processor.py:914} INFO - Processing file /home/airflow/.local/lib/python3.12/site-packages/airflow/example_dags/example_branch_labels.py for tasks to queue
[2025-06-16T14:01:54.742+0000] {logging_mixin.py:190} INFO - [2025-06-16T14:01:54.741+0000] {dagbag.py:588} INFO - Filling up the DagBag from /home/airflow/.local/lib/python3.12/site-packages/airflow/example_dags/example_branch_labels.py
[2025-06-16T14:01:54.756+0000] {processor.py:925} INFO - DAG(s) 'example_branch_labels' retrieved from /home/airflow/.local/lib/python3.12/site-packages/airflow/example_dags/example_branch_labels.py
[2025-06-16T14:01:54.772+0000] {logging_mixin.py:190} INFO - [2025-06-16T14:01:54.772+0000] {dag.py:3239} INFO - Sync 1 DAGs
[2025-06-16T14:01:54.788+0000] {logging_mixin.py:190} INFO - [2025-06-16T14:01:54.788+0000] {dag.py:4180} INFO - Setting next_dagrun for example_branch_labels to 2025-06-15 00:00:00+00:00, run_after=2025-06-16 00:00:00+00:00
[2025-06-16T14:01:54.802+0000] {processor.py:208} INFO - Processing /home/airflow/.local/lib/python3.12/site-packages/airflow/example_dags/example_branch_labels.py took 0.076 seconds
[2025-06-16T14:02:25.624+0000] {processor.py:186} INFO - Started process (PID=450) to work on /home/airflow/.local/lib/python3.12/site-packages/airflow/example_dags/example_branch_labels.py
[2025-06-16T14:02:25.628+0000] {processor.py:914} INFO - Processing file /home/airflow/.local/lib/python3.12/site-packages/airflow/example_dags/example_branch_labels.py for tasks to queue
[2025-06-16T14:02:25.630+0000] {logging_mixin.py:190} INFO - [2025-06-16T14:02:25.630+0000] {dagbag.py:588} INFO - Filling up the DagBag from /home/airflow/.local/lib/python3.12/site-packages/airflow/example_dags/example_branch_labels.py
[2025-06-16T14:02:25.640+0000] {processor.py:925} INFO - DAG(s) 'example_branch_labels' retrieved from /home/airflow/.local/lib/python3.12/site-packages/airflow/example_dags/example_branch_labels.py
[2025-06-16T14:02:25.661+0000] {logging_mixin.py:190} INFO - [2025-06-16T14:02:25.661+0000] {dag.py:3239} INFO - Sync 1 DAGs
[2025-06-16T14:02:25.691+0000] {logging_mixin.py:190} INFO - [2025-06-16T14:02:25.691+0000] {dag.py:4180} INFO - Setting next_dagrun for example_branch_labels to 2025-06-15 00:00:00+00:00, run_after=2025-06-16 00:00:00+00:00
[2025-06-16T14:02:25.722+0000] {processor.py:208} INFO - Processing /home/airflow/.local/lib/python3.12/site-packages/airflow/example_dags/example_branch_labels.py took 0.104 seconds
[2025-06-16T14:02:56.027+0000] {processor.py:186} INFO - Started process (PID=513) to work on /home/airflow/.local/lib/python3.12/site-packages/airflow/example_dags/example_branch_labels.py
[2025-06-16T14:02:56.028+0000] {processor.py:914} INFO - Processing file /home/airflow/.local/lib/python3.12/site-packages/airflow/example_dags/example_branch_labels.py for tasks to queue
[2025-06-16T14:02:56.031+0000] {logging_mixin.py:190} INFO - [2025-06-16T14:02:56.030+0000] {dagbag.py:588} INFO - Filling up the DagBag from /home/airflow/.local/lib/python3.12/site-packages/airflow/example_dags/example_branch_labels.py
[2025-06-16T14:02:56.039+0000] {processor.py:925} INFO - DAG(s) 'example_branch_labels' retrieved from /home/airflow/.local/lib/python3.12/site-packages/airflow/example_dags/example_branch_labels.py
[2025-06-16T14:02:56.053+0000] {logging_mixin.py:190} INFO - [2025-06-16T14:02:56.053+0000] {dag.py:3239} INFO - Sync 1 DAGs
[2025-06-16T14:02:56.070+0000] {logging_mixin.py:190} INFO - [2025-06-16T14:02:56.070+0000] {dag.py:4180} INFO - Setting next_dagrun for example_branch_labels to 2025-06-15 00:00:00+00:00, run_after=2025-06-16 00:00:00+00:00
[2025-06-16T14:02:56.082+0000] {processor.py:208} INFO - Processing /home/airflow/.local/lib/python3.12/site-packages/airflow/example_dags/example_branch_labels.py took 0.058 seconds
[2025-06-16T14:05:29.691+0000] {processor.py:186} INFO - Started process (PID=538) to work on /home/airflow/.local/lib/python3.12/site-packages/airflow/example_dags/example_branch_labels.py
[2025-06-16T14:05:29.693+0000] {processor.py:914} INFO - Processing file /home/airflow/.local/lib/python3.12/site-packages/airflow/example_dags/example_branch_labels.py for tasks to queue
[2025-06-16T14:05:29.695+0000] {logging_mixin.py:190} INFO - [2025-06-16T14:05:29.695+0000] {dagbag.py:588} INFO - Filling up the DagBag from /home/airflow/.local/lib/python3.12/site-packages/airflow/example_dags/example_branch_labels.py
[2025-06-16T14:05:29.702+0000] {processor.py:925} INFO - DAG(s) 'example_branch_labels' retrieved from /home/airflow/.local/lib/python3.12/site-packages/airflow/example_dags/example_branch_labels.py
[2025-06-16T14:05:29.715+0000] {logging_mixin.py:190} INFO - [2025-06-16T14:05:29.715+0000] {dag.py:3239} INFO - Sync 1 DAGs
[2025-06-16T14:05:29.730+0000] {logging_mixin.py:190} INFO - [2025-06-16T14:05:29.730+0000] {dag.py:4180} INFO - Setting next_dagrun for example_branch_labels to 2025-06-15 00:00:00+00:00, run_after=2025-06-16 00:00:00+00:00
[2025-06-16T14:05:29.746+0000] {processor.py:208} INFO - Processing /home/airflow/.local/lib/python3.12/site-packages/airflow/example_dags/example_branch_labels.py took 0.059 seconds
[2025-06-16T14:06:00.508+0000] {processor.py:186} INFO - Started process (PID=600) to work on /home/airflow/.local/lib/python3.12/site-packages/airflow/example_dags/example_branch_labels.py
[2025-06-16T14:06:00.510+0000] {processor.py:914} INFO - Processing file /home/airflow/.local/lib/python3.12/site-packages/airflow/example_dags/example_branch_labels.py for tasks to queue
[2025-06-16T14:06:00.512+0000] {logging_mixin.py:190} INFO - [2025-06-16T14:06:00.512+0000] {dagbag.py:588} INFO - Filling up the DagBag from /home/airflow/.local/lib/python3.12/site-packages/airflow/example_dags/example_branch_labels.py
[2025-06-16T14:06:00.518+0000] {processor.py:925} INFO - DAG(s) 'example_branch_labels' retrieved from /home/airflow/.local/lib/python3.12/site-packages/airflow/example_dags/example_branch_labels.py
[2025-06-16T14:06:00.536+0000] {logging_mixin.py:190} INFO - [2025-06-16T14:06:00.536+0000] {dag.py:3239} INFO - Sync 1 DAGs
[2025-06-16T14:06:00.552+0000] {logging_mixin.py:190} INFO - [2025-06-16T14:06:00.552+0000] {dag.py:4180} INFO - Setting next_dagrun for example_branch_labels to 2025-06-15 00:00:00+00:00, run_after=2025-06-16 00:00:00+00:00
[2025-06-16T14:06:00.564+0000] {processor.py:208} INFO - Processing /home/airflow/.local/lib/python3.12/site-packages/airflow/example_dags/example_branch_labels.py took 0.059 seconds
[2025-06-16T14:06:31.225+0000] {processor.py:186} INFO - Started process (PID=663) to work on /home/airflow/.local/lib/python3.12/site-packages/airflow/example_dags/example_branch_labels.py
[2025-06-16T14:06:31.227+0000] {processor.py:914} INFO - Processing file /home/airflow/.local/lib/python3.12/site-packages/airflow/example_dags/example_branch_labels.py for tasks to queue
[2025-06-16T14:06:31.229+0000] {logging_mixin.py:190} INFO - [2025-06-16T14:06:31.229+0000] {dagbag.py:588} INFO - Filling up the DagBag from /home/airflow/.local/lib/python3.12/site-packages/airflow/example_dags/example_branch_labels.py
[2025-06-16T14:06:31.235+0000] {processor.py:925} INFO - DAG(s) 'example_branch_labels' retrieved from /home/airflow/.local/lib/python3.12/site-packages/airflow/example_dags/example_branch_labels.py
[2025-06-16T14:06:31.249+0000] {logging_mixin.py:190} INFO - [2025-06-16T14:06:31.249+0000] {dag.py:3239} INFO - Sync 1 DAGs
[2025-06-16T14:06:31.265+0000] {logging_mixin.py:190} INFO - [2025-06-16T14:06:31.265+0000] {dag.py:4180} INFO - Setting next_dagrun for example_branch_labels to 2025-06-15 00:00:00+00:00, run_after=2025-06-16 00:00:00+00:00
[2025-06-16T14:06:31.285+0000] {processor.py:208} INFO - Processing /home/airflow/.local/lib/python3.12/site-packages/airflow/example_dags/example_branch_labels.py took 0.063 seconds
[2025-06-16T14:07:02.327+0000] {processor.py:186} INFO - Started process (PID=726) to work on /home/airflow/.local/lib/python3.12/site-packages/airflow/example_dags/example_branch_labels.py
[2025-06-16T14:07:02.329+0000] {processor.py:914} INFO - Processing file /home/airflow/.local/lib/python3.12/site-packages/airflow/example_dags/example_branch_labels.py for tasks to queue
[2025-06-16T14:07:02.330+0000] {logging_mixin.py:190} INFO - [2025-06-16T14:07:02.330+0000] {dagbag.py:588} INFO - Filling up the DagBag from /home/airflow/.local/lib/python3.12/site-packages/airflow/example_dags/example_branch_labels.py
[2025-06-16T14:07:02.336+0000] {processor.py:925} INFO - DAG(s) 'example_branch_labels' retrieved from /home/airflow/.local/lib/python3.12/site-packages/airflow/example_dags/example_branch_labels.py
[2025-06-16T14:07:02.347+0000] {logging_mixin.py:190} INFO - [2025-06-16T14:07:02.346+0000] {dag.py:3239} INFO - Sync 1 DAGs
[2025-06-16T14:07:02.360+0000] {logging_mixin.py:190} INFO - [2025-06-16T14:07:02.359+0000] {dag.py:4180} INFO - Setting next_dagrun for example_branch_labels to 2025-06-15 00:00:00+00:00, run_after=2025-06-16 00:00:00+00:00
[2025-06-16T14:07:02.369+0000] {processor.py:208} INFO - Processing /home/airflow/.local/lib/python3.12/site-packages/airflow/example_dags/example_branch_labels.py took 0.045 seconds
[2025-06-16T14:07:32.919+0000] {processor.py:186} INFO - Started process (PID=788) to work on /home/airflow/.local/lib/python3.12/site-packages/airflow/example_dags/example_branch_labels.py
[2025-06-16T14:07:32.920+0000] {processor.py:914} INFO - Processing file /home/airflow/.local/lib/python3.12/site-packages/airflow/example_dags/example_branch_labels.py for tasks to queue
[2025-06-16T14:07:32.923+0000] {logging_mixin.py:190} INFO - [2025-06-16T14:07:32.923+0000] {dagbag.py:588} INFO - Filling up the DagBag from /home/airflow/.local/lib/python3.12/site-packages/airflow/example_dags/example_branch_labels.py
[2025-06-16T14:07:32.929+0000] {processor.py:925} INFO - DAG(s) 'example_branch_labels' retrieved from /home/airflow/.local/lib/python3.12/site-packages/airflow/example_dags/example_branch_labels.py
[2025-06-16T14:07:32.946+0000] {logging_mixin.py:190} INFO - [2025-06-16T14:07:32.945+0000] {dag.py:3239} INFO - Sync 1 DAGs
[2025-06-16T14:07:32.964+0000] {logging_mixin.py:190} INFO - [2025-06-16T14:07:32.964+0000] {dag.py:4180} INFO - Setting next_dagrun for example_branch_labels to 2025-06-15 00:00:00+00:00, run_after=2025-06-16 00:00:00+00:00
[2025-06-16T14:07:32.987+0000] {processor.py:208} INFO - Processing /home/airflow/.local/lib/python3.12/site-packages/airflow/example_dags/example_branch_labels.py took 0.072 seconds
[2025-06-16T14:08:03.247+0000] {processor.py:186} INFO - Started process (PID=850) to work on /home/airflow/.local/lib/python3.12/site-packages/airflow/example_dags/example_branch_labels.py
[2025-06-16T14:08:03.249+0000] {processor.py:914} INFO - Processing file /home/airflow/.local/lib/python3.12/site-packages/airflow/example_dags/example_branch_labels.py for tasks to queue
[2025-06-16T14:08:03.250+0000] {logging_mixin.py:190} INFO - [2025-06-16T14:08:03.250+0000] {dagbag.py:588} INFO - Filling up the DagBag from /home/airflow/.local/lib/python3.12/site-packages/airflow/example_dags/example_branch_labels.py
[2025-06-16T14:08:03.256+0000] {processor.py:925} INFO - DAG(s) 'example_branch_labels' retrieved from /home/airflow/.local/lib/python3.12/site-packages/airflow/example_dags/example_branch_labels.py
[2025-06-16T14:08:03.270+0000] {logging_mixin.py:190} INFO - [2025-06-16T14:08:03.270+0000] {dag.py:3239} INFO - Sync 1 DAGs
[2025-06-16T14:08:03.284+0000] {logging_mixin.py:190} INFO - [2025-06-16T14:08:03.284+0000] {dag.py:4180} INFO - Setting next_dagrun for example_branch_labels to 2025-06-15 00:00:00+00:00, run_after=2025-06-16 00:00:00+00:00
[2025-06-16T14:08:03.294+0000] {processor.py:208} INFO - Processing /home/airflow/.local/lib/python3.12/site-packages/airflow/example_dags/example_branch_labels.py took 0.051 seconds
[2025-06-16T14:08:33.491+0000] {processor.py:186} INFO - Started process (PID=913) to work on /home/airflow/.local/lib/python3.12/site-packages/airflow/example_dags/example_branch_labels.py
[2025-06-16T14:08:33.492+0000] {processor.py:914} INFO - Processing file /home/airflow/.local/lib/python3.12/site-packages/airflow/example_dags/example_branch_labels.py for tasks to queue
[2025-06-16T14:08:33.494+0000] {logging_mixin.py:190} INFO - [2025-06-16T14:08:33.494+0000] {dagbag.py:588} INFO - Filling up the DagBag from /home/airflow/.local/lib/python3.12/site-packages/airflow/example_dags/example_branch_labels.py
[2025-06-16T14:08:33.501+0000] {processor.py:925} INFO - DAG(s) 'example_branch_labels' retrieved from /home/airflow/.local/lib/python3.12/site-packages/airflow/example_dags/example_branch_labels.py
[2025-06-16T14:08:33.514+0000] {logging_mixin.py:190} INFO - [2025-06-16T14:08:33.514+0000] {dag.py:3239} INFO - Sync 1 DAGs
[2025-06-16T14:08:33.532+0000] {logging_mixin.py:190} INFO - [2025-06-16T14:08:33.532+0000] {dag.py:4180} INFO - Setting next_dagrun for example_branch_labels to 2025-06-15 00:00:00+00:00, run_after=2025-06-16 00:00:00+00:00
[2025-06-16T14:08:33.542+0000] {processor.py:208} INFO - Processing /home/airflow/.local/lib/python3.12/site-packages/airflow/example_dags/example_branch_labels.py took 0.055 seconds
[2025-06-16T14:09:04.562+0000] {processor.py:186} INFO - Started process (PID=976) to work on /home/airflow/.local/lib/python3.12/site-packages/airflow/example_dags/example_branch_labels.py
[2025-06-16T14:09:04.564+0000] {processor.py:914} INFO - Processing file /home/airflow/.local/lib/python3.12/site-packages/airflow/example_dags/example_branch_labels.py for tasks to queue
[2025-06-16T14:09:04.565+0000] {logging_mixin.py:190} INFO - [2025-06-16T14:09:04.565+0000] {dagbag.py:588} INFO - Filling up the DagBag from /home/airflow/.local/lib/python3.12/site-packages/airflow/example_dags/example_branch_labels.py
[2025-06-16T14:09:04.573+0000] {processor.py:925} INFO - DAG(s) 'example_branch_labels' retrieved from /home/airflow/.local/lib/python3.12/site-packages/airflow/example_dags/example_branch_labels.py
[2025-06-16T14:09:04.587+0000] {logging_mixin.py:190} INFO - [2025-06-16T14:09:04.586+0000] {dag.py:3239} INFO - Sync 1 DAGs
[2025-06-16T14:09:04.606+0000] {logging_mixin.py:190} INFO - [2025-06-16T14:09:04.606+0000] {dag.py:4180} INFO - Setting next_dagrun for example_branch_labels to 2025-06-15 00:00:00+00:00, run_after=2025-06-16 00:00:00+00:00
[2025-06-16T14:09:04.619+0000] {processor.py:208} INFO - Processing /home/airflow/.local/lib/python3.12/site-packages/airflow/example_dags/example_branch_labels.py took 0.060 seconds
[2025-06-16T14:09:35.500+0000] {processor.py:186} INFO - Started process (PID=1039) to work on /home/airflow/.local/lib/python3.12/site-packages/airflow/example_dags/example_branch_labels.py
[2025-06-16T14:09:35.501+0000] {processor.py:914} INFO - Processing file /home/airflow/.local/lib/python3.12/site-packages/airflow/example_dags/example_branch_labels.py for tasks to queue
[2025-06-16T14:09:35.503+0000] {logging_mixin.py:190} INFO - [2025-06-16T14:09:35.503+0000] {dagbag.py:588} INFO - Filling up the DagBag from /home/airflow/.local/lib/python3.12/site-packages/airflow/example_dags/example_branch_labels.py
[2025-06-16T14:09:35.509+0000] {processor.py:925} INFO - DAG(s) 'example_branch_labels' retrieved from /home/airflow/.local/lib/python3.12/site-packages/airflow/example_dags/example_branch_labels.py
[2025-06-16T14:09:35.524+0000] {logging_mixin.py:190} INFO - [2025-06-16T14:09:35.524+0000] {dag.py:3239} INFO - Sync 1 DAGs
[2025-06-16T14:09:35.539+0000] {logging_mixin.py:190} INFO - [2025-06-16T14:09:35.539+0000] {dag.py:4180} INFO - Setting next_dagrun for example_branch_labels to 2025-06-15 00:00:00+00:00, run_after=2025-06-16 00:00:00+00:00
[2025-06-16T14:09:35.552+0000] {processor.py:208} INFO - Processing /home/airflow/.local/lib/python3.12/site-packages/airflow/example_dags/example_branch_labels.py took 0.055 seconds
[2025-06-16T14:10:49.910+0000] {processor.py:186} INFO - Started process (PID=1103) to work on /home/airflow/.local/lib/python3.12/site-packages/airflow/example_dags/example_branch_labels.py
[2025-06-16T14:10:49.912+0000] {processor.py:914} INFO - Processing file /home/airflow/.local/lib/python3.12/site-packages/airflow/example_dags/example_branch_labels.py for tasks to queue
[2025-06-16T14:10:49.915+0000] {logging_mixin.py:190} INFO - [2025-06-16T14:10:49.914+0000] {dagbag.py:588} INFO - Filling up the DagBag from /home/airflow/.local/lib/python3.12/site-packages/airflow/example_dags/example_branch_labels.py
[2025-06-16T14:10:49.922+0000] {processor.py:925} INFO - DAG(s) 'example_branch_labels' retrieved from /home/airflow/.local/lib/python3.12/site-packages/airflow/example_dags/example_branch_labels.py
[2025-06-16T14:10:49.936+0000] {logging_mixin.py:190} INFO - [2025-06-16T14:10:49.936+0000] {dag.py:3239} INFO - Sync 1 DAGs
[2025-06-16T14:10:49.962+0000] {logging_mixin.py:190} INFO - [2025-06-16T14:10:49.962+0000] {dag.py:4180} INFO - Setting next_dagrun for example_branch_labels to 2025-06-15 00:00:00+00:00, run_after=2025-06-16 00:00:00+00:00
[2025-06-16T14:10:49.983+0000] {processor.py:208} INFO - Processing /home/airflow/.local/lib/python3.12/site-packages/airflow/example_dags/example_branch_labels.py took 0.077 seconds
[2025-06-16T14:11:39.237+0000] {processor.py:186} INFO - Started process (PID=1166) to work on /home/airflow/.local/lib/python3.12/site-packages/airflow/example_dags/example_branch_labels.py
[2025-06-16T14:11:39.240+0000] {processor.py:914} INFO - Processing file /home/airflow/.local/lib/python3.12/site-packages/airflow/example_dags/example_branch_labels.py for tasks to queue
[2025-06-16T14:11:39.244+0000] {logging_mixin.py:190} INFO - [2025-06-16T14:11:39.244+0000] {dagbag.py:588} INFO - Filling up the DagBag from /home/airflow/.local/lib/python3.12/site-packages/airflow/example_dags/example_branch_labels.py
[2025-06-16T14:11:39.254+0000] {processor.py:925} INFO - DAG(s) 'example_branch_labels' retrieved from /home/airflow/.local/lib/python3.12/site-packages/airflow/example_dags/example_branch_labels.py
[2025-06-16T14:11:39.274+0000] {logging_mixin.py:190} INFO - [2025-06-16T14:11:39.274+0000] {dag.py:3239} INFO - Sync 1 DAGs
[2025-06-16T14:11:39.295+0000] {logging_mixin.py:190} INFO - [2025-06-16T14:11:39.295+0000] {dag.py:4180} INFO - Setting next_dagrun for example_branch_labels to 2025-06-15 00:00:00+00:00, run_after=2025-06-16 00:00:00+00:00
[2025-06-16T14:11:39.314+0000] {processor.py:208} INFO - Processing /home/airflow/.local/lib/python3.12/site-packages/airflow/example_dags/example_branch_labels.py took 0.083 seconds
[2025-06-16T14:12:09.774+0000] {processor.py:186} INFO - Started process (PID=1228) to work on /home/airflow/.local/lib/python3.12/site-packages/airflow/example_dags/example_branch_labels.py
[2025-06-16T14:12:09.776+0000] {processor.py:914} INFO - Processing file /home/airflow/.local/lib/python3.12/site-packages/airflow/example_dags/example_branch_labels.py for tasks to queue
[2025-06-16T14:12:09.780+0000] {logging_mixin.py:190} INFO - [2025-06-16T14:12:09.780+0000] {dagbag.py:588} INFO - Filling up the DagBag from /home/airflow/.local/lib/python3.12/site-packages/airflow/example_dags/example_branch_labels.py
[2025-06-16T14:12:09.789+0000] {processor.py:925} INFO - DAG(s) 'example_branch_labels' retrieved from /home/airflow/.local/lib/python3.12/site-packages/airflow/example_dags/example_branch_labels.py
[2025-06-16T14:12:09.807+0000] {logging_mixin.py:190} INFO - [2025-06-16T14:12:09.807+0000] {dag.py:3239} INFO - Sync 1 DAGs
[2025-06-16T14:12:09.824+0000] {logging_mixin.py:190} INFO - [2025-06-16T14:12:09.824+0000] {dag.py:4180} INFO - Setting next_dagrun for example_branch_labels to 2025-06-15 00:00:00+00:00, run_after=2025-06-16 00:00:00+00:00
[2025-06-16T14:12:09.837+0000] {processor.py:208} INFO - Processing /home/airflow/.local/lib/python3.12/site-packages/airflow/example_dags/example_branch_labels.py took 0.068 seconds
[2025-06-16T14:12:40.950+0000] {processor.py:186} INFO - Started process (PID=1292) to work on /home/airflow/.local/lib/python3.12/site-packages/airflow/example_dags/example_branch_labels.py
[2025-06-16T14:12:40.951+0000] {processor.py:914} INFO - Processing file /home/airflow/.local/lib/python3.12/site-packages/airflow/example_dags/example_branch_labels.py for tasks to queue
[2025-06-16T14:12:40.954+0000] {logging_mixin.py:190} INFO - [2025-06-16T14:12:40.954+0000] {dagbag.py:588} INFO - Filling up the DagBag from /home/airflow/.local/lib/python3.12/site-packages/airflow/example_dags/example_branch_labels.py
[2025-06-16T14:12:40.960+0000] {processor.py:925} INFO - DAG(s) 'example_branch_labels' retrieved from /home/airflow/.local/lib/python3.12/site-packages/airflow/example_dags/example_branch_labels.py
[2025-06-16T14:12:40.979+0000] {logging_mixin.py:190} INFO - [2025-06-16T14:12:40.979+0000] {dag.py:3239} INFO - Sync 1 DAGs
[2025-06-16T14:12:41.002+0000] {logging_mixin.py:190} INFO - [2025-06-16T14:12:41.001+0000] {dag.py:4180} INFO - Setting next_dagrun for example_branch_labels to 2025-06-15 00:00:00+00:00, run_after=2025-06-16 00:00:00+00:00
[2025-06-16T14:12:41.020+0000] {processor.py:208} INFO - Processing /home/airflow/.local/lib/python3.12/site-packages/airflow/example_dags/example_branch_labels.py took 0.074 seconds
[2025-06-16T14:13:11.676+0000] {processor.py:186} INFO - Started process (PID=1355) to work on /home/airflow/.local/lib/python3.12/site-packages/airflow/example_dags/example_branch_labels.py
[2025-06-16T14:13:11.678+0000] {processor.py:914} INFO - Processing file /home/airflow/.local/lib/python3.12/site-packages/airflow/example_dags/example_branch_labels.py for tasks to queue
[2025-06-16T14:13:11.680+0000] {logging_mixin.py:190} INFO - [2025-06-16T14:13:11.680+0000] {dagbag.py:588} INFO - Filling up the DagBag from /home/airflow/.local/lib/python3.12/site-packages/airflow/example_dags/example_branch_labels.py
[2025-06-16T14:13:11.686+0000] {processor.py:925} INFO - DAG(s) 'example_branch_labels' retrieved from /home/airflow/.local/lib/python3.12/site-packages/airflow/example_dags/example_branch_labels.py
[2025-06-16T14:13:11.704+0000] {logging_mixin.py:190} INFO - [2025-06-16T14:13:11.704+0000] {dag.py:3239} INFO - Sync 1 DAGs
[2025-06-16T14:13:11.728+0000] {logging_mixin.py:190} INFO - [2025-06-16T14:13:11.728+0000] {dag.py:4180} INFO - Setting next_dagrun for example_branch_labels to 2025-06-15 00:00:00+00:00, run_after=2025-06-16 00:00:00+00:00
[2025-06-16T14:13:11.745+0000] {processor.py:208} INFO - Processing /home/airflow/.local/lib/python3.12/site-packages/airflow/example_dags/example_branch_labels.py took 0.072 seconds
[2025-06-16T14:13:42.200+0000] {processor.py:186} INFO - Started process (PID=1417) to work on /home/airflow/.local/lib/python3.12/site-packages/airflow/example_dags/example_branch_labels.py
[2025-06-16T14:13:42.202+0000] {processor.py:914} INFO - Processing file /home/airflow/.local/lib/python3.12/site-packages/airflow/example_dags/example_branch_labels.py for tasks to queue
[2025-06-16T14:13:42.203+0000] {logging_mixin.py:190} INFO - [2025-06-16T14:13:42.203+0000] {dagbag.py:588} INFO - Filling up the DagBag from /home/airflow/.local/lib/python3.12/site-packages/airflow/example_dags/example_branch_labels.py
[2025-06-16T14:13:42.209+0000] {processor.py:925} INFO - DAG(s) 'example_branch_labels' retrieved from /home/airflow/.local/lib/python3.12/site-packages/airflow/example_dags/example_branch_labels.py
[2025-06-16T14:13:42.219+0000] {logging_mixin.py:190} INFO - [2025-06-16T14:13:42.219+0000] {dag.py:3239} INFO - Sync 1 DAGs
[2025-06-16T14:13:42.233+0000] {logging_mixin.py:190} INFO - [2025-06-16T14:13:42.233+0000] {dag.py:4180} INFO - Setting next_dagrun for example_branch_labels to 2025-06-15 00:00:00+00:00, run_after=2025-06-16 00:00:00+00:00
[2025-06-16T14:13:42.245+0000] {processor.py:208} INFO - Processing /home/airflow/.local/lib/python3.12/site-packages/airflow/example_dags/example_branch_labels.py took 0.047 seconds
[2025-06-16T14:14:13.023+0000] {processor.py:186} INFO - Started process (PID=1480) to work on /home/airflow/.local/lib/python3.12/site-packages/airflow/example_dags/example_branch_labels.py
[2025-06-16T14:14:13.024+0000] {processor.py:914} INFO - Processing file /home/airflow/.local/lib/python3.12/site-packages/airflow/example_dags/example_branch_labels.py for tasks to queue
[2025-06-16T14:14:13.027+0000] {logging_mixin.py:190} INFO - [2025-06-16T14:14:13.026+0000] {dagbag.py:588} INFO - Filling up the DagBag from /home/airflow/.local/lib/python3.12/site-packages/airflow/example_dags/example_branch_labels.py
[2025-06-16T14:14:13.033+0000] {processor.py:925} INFO - DAG(s) 'example_branch_labels' retrieved from /home/airflow/.local/lib/python3.12/site-packages/airflow/example_dags/example_branch_labels.py
[2025-06-16T14:14:13.056+0000] {logging_mixin.py:190} INFO - [2025-06-16T14:14:13.056+0000] {dag.py:3239} INFO - Sync 1 DAGs
[2025-06-16T14:14:13.079+0000] {logging_mixin.py:190} INFO - [2025-06-16T14:14:13.079+0000] {dag.py:4180} INFO - Setting next_dagrun for example_branch_labels to 2025-06-15 00:00:00+00:00, run_after=2025-06-16 00:00:00+00:00
[2025-06-16T14:14:13.096+0000] {processor.py:208} INFO - Processing /home/airflow/.local/lib/python3.12/site-packages/airflow/example_dags/example_branch_labels.py took 0.077 seconds
[2025-06-16T15:07:17.841+0000] {processor.py:186} INFO - Started process (PID=1544) to work on /home/airflow/.local/lib/python3.12/site-packages/airflow/example_dags/example_branch_labels.py
[2025-06-16T15:07:17.843+0000] {processor.py:914} INFO - Processing file /home/airflow/.local/lib/python3.12/site-packages/airflow/example_dags/example_branch_labels.py for tasks to queue
[2025-06-16T15:07:17.846+0000] {logging_mixin.py:190} INFO - [2025-06-16T15:07:17.845+0000] {dagbag.py:588} INFO - Filling up the DagBag from /home/airflow/.local/lib/python3.12/site-packages/airflow/example_dags/example_branch_labels.py
[2025-06-16T15:07:17.852+0000] {processor.py:925} INFO - DAG(s) 'example_branch_labels' retrieved from /home/airflow/.local/lib/python3.12/site-packages/airflow/example_dags/example_branch_labels.py
[2025-06-16T15:07:17.869+0000] {logging_mixin.py:190} INFO - [2025-06-16T15:07:17.869+0000] {dag.py:3239} INFO - Sync 1 DAGs
[2025-06-16T15:07:17.886+0000] {logging_mixin.py:190} INFO - [2025-06-16T15:07:17.886+0000] {dag.py:4180} INFO - Setting next_dagrun for example_branch_labels to 2025-06-15 00:00:00+00:00, run_after=2025-06-16 00:00:00+00:00
[2025-06-16T15:07:17.898+0000] {processor.py:208} INFO - Processing /home/airflow/.local/lib/python3.12/site-packages/airflow/example_dags/example_branch_labels.py took 0.061 seconds
[2025-06-16T15:57:46.614+0000] {processor.py:186} INFO - Started process (PID=1607) to work on /home/airflow/.local/lib/python3.12/site-packages/airflow/example_dags/example_branch_labels.py
[2025-06-16T15:57:46.616+0000] {processor.py:914} INFO - Processing file /home/airflow/.local/lib/python3.12/site-packages/airflow/example_dags/example_branch_labels.py for tasks to queue
[2025-06-16T15:57:46.619+0000] {logging_mixin.py:190} INFO - [2025-06-16T15:57:46.619+0000] {dagbag.py:588} INFO - Filling up the DagBag from /home/airflow/.local/lib/python3.12/site-packages/airflow/example_dags/example_branch_labels.py
[2025-06-16T15:57:46.628+0000] {processor.py:925} INFO - DAG(s) 'example_branch_labels' retrieved from /home/airflow/.local/lib/python3.12/site-packages/airflow/example_dags/example_branch_labels.py
[2025-06-16T15:57:46.646+0000] {logging_mixin.py:190} INFO - [2025-06-16T15:57:46.646+0000] {dag.py:3239} INFO - Sync 1 DAGs
[2025-06-16T15:57:46.668+0000] {logging_mixin.py:190} INFO - [2025-06-16T15:57:46.668+0000] {dag.py:4180} INFO - Setting next_dagrun for example_branch_labels to 2025-06-15 00:00:00+00:00, run_after=2025-06-16 00:00:00+00:00
[2025-06-16T15:57:46.684+0000] {processor.py:208} INFO - Processing /home/airflow/.local/lib/python3.12/site-packages/airflow/example_dags/example_branch_labels.py took 0.074 seconds
[2025-06-16T17:08:52.900+0000] {processor.py:186} INFO - Started process (PID=1671) to work on /home/airflow/.local/lib/python3.12/site-packages/airflow/example_dags/example_branch_labels.py
[2025-06-16T17:08:52.902+0000] {processor.py:914} INFO - Processing file /home/airflow/.local/lib/python3.12/site-packages/airflow/example_dags/example_branch_labels.py for tasks to queue
[2025-06-16T17:08:52.909+0000] {logging_mixin.py:190} INFO - [2025-06-16T17:08:52.909+0000] {dagbag.py:588} INFO - Filling up the DagBag from /home/airflow/.local/lib/python3.12/site-packages/airflow/example_dags/example_branch_labels.py
[2025-06-16T17:08:52.926+0000] {processor.py:925} INFO - DAG(s) 'example_branch_labels' retrieved from /home/airflow/.local/lib/python3.12/site-packages/airflow/example_dags/example_branch_labels.py
[2025-06-16T17:08:52.974+0000] {logging_mixin.py:190} INFO - [2025-06-16T17:08:52.973+0000] {dag.py:3239} INFO - Sync 1 DAGs
[2025-06-16T17:08:53.011+0000] {logging_mixin.py:190} INFO - [2025-06-16T17:08:53.011+0000] {dag.py:4180} INFO - Setting next_dagrun for example_branch_labels to 2025-06-15 00:00:00+00:00, run_after=2025-06-16 00:00:00+00:00
[2025-06-16T17:08:53.038+0000] {processor.py:208} INFO - Processing /home/airflow/.local/lib/python3.12/site-packages/airflow/example_dags/example_branch_labels.py took 0.143 seconds
[2025-06-16T18:08:24.909+0000] {processor.py:186} INFO - Started process (PID=1734) to work on /home/airflow/.local/lib/python3.12/site-packages/airflow/example_dags/example_branch_labels.py
[2025-06-16T18:08:25.043+0000] {processor.py:914} INFO - Processing file /home/airflow/.local/lib/python3.12/site-packages/airflow/example_dags/example_branch_labels.py for tasks to queue
[2025-06-16T18:08:25.136+0000] {logging_mixin.py:190} INFO - [2025-06-16T18:08:25.125+0000] {dagbag.py:588} INFO - Filling up the DagBag from /home/airflow/.local/lib/python3.12/site-packages/airflow/example_dags/example_branch_labels.py
[2025-06-16T18:08:25.674+0000] {processor.py:925} INFO - DAG(s) 'example_branch_labels' retrieved from /home/airflow/.local/lib/python3.12/site-packages/airflow/example_dags/example_branch_labels.py
[2025-06-16T18:08:26.054+0000] {logging_mixin.py:190} INFO - [2025-06-16T18:08:26.046+0000] {dag.py:3239} INFO - Sync 1 DAGs
[2025-06-16T18:08:26.420+0000] {logging_mixin.py:190} INFO - [2025-06-16T18:08:26.419+0000] {dag.py:4180} INFO - Setting next_dagrun for example_branch_labels to 2025-06-15 00:00:00+00:00, run_after=2025-06-16 00:00:00+00:00
[2025-06-16T18:08:26.511+0000] {processor.py:208} INFO - Processing /home/airflow/.local/lib/python3.12/site-packages/airflow/example_dags/example_branch_labels.py took 1.609 seconds
[2025-06-16T19:23:31.526+0000] {processor.py:186} INFO - Started process (PID=1797) to work on /home/airflow/.local/lib/python3.12/site-packages/airflow/example_dags/example_branch_labels.py
[2025-06-16T19:23:31.537+0000] {processor.py:914} INFO - Processing file /home/airflow/.local/lib/python3.12/site-packages/airflow/example_dags/example_branch_labels.py for tasks to queue
[2025-06-16T19:23:31.567+0000] {logging_mixin.py:190} INFO - [2025-06-16T19:23:31.563+0000] {dagbag.py:588} INFO - Filling up the DagBag from /home/airflow/.local/lib/python3.12/site-packages/airflow/example_dags/example_branch_labels.py
[2025-06-16T19:23:31.743+0000] {processor.py:925} INFO - DAG(s) 'example_branch_labels' retrieved from /home/airflow/.local/lib/python3.12/site-packages/airflow/example_dags/example_branch_labels.py
[2025-06-16T19:23:32.118+0000] {logging_mixin.py:190} INFO - [2025-06-16T19:23:32.117+0000] {dag.py:3239} INFO - Sync 1 DAGs
[2025-06-16T19:23:32.224+0000] {logging_mixin.py:190} INFO - [2025-06-16T19:23:32.224+0000] {dag.py:4180} INFO - Setting next_dagrun for example_branch_labels to 2025-06-15 00:00:00+00:00, run_after=2025-06-16 00:00:00+00:00
[2025-06-16T19:23:32.283+0000] {processor.py:208} INFO - Processing /home/airflow/.local/lib/python3.12/site-packages/airflow/example_dags/example_branch_labels.py took 0.782 seconds
