[2025-06-16T13:59:28.384+0000] {processor.py:186} INFO - Started process (PID=95) to work on /home/airflow/.local/lib/python3.12/site-packages/airflow/example_dags/example_nested_branch_dag.py
[2025-06-16T13:59:28.386+0000] {processor.py:914} INFO - Processing file /home/airflow/.local/lib/python3.12/site-packages/airflow/example_dags/example_nested_branch_dag.py for tasks to queue
[2025-06-16T13:59:28.389+0000] {logging_mixin.py:190} INFO - [2025-06-16T13:59:28.388+0000] {dagbag.py:588} INFO - Filling up the DagBag from /home/airflow/.local/lib/python3.12/site-packages/airflow/example_dags/example_nested_branch_dag.py
[2025-06-16T13:59:28.403+0000] {processor.py:925} INFO - DAG(s) 'example_nested_branch_dag' retrieved from /home/airflow/.local/lib/python3.12/site-packages/airflow/example_dags/example_nested_branch_dag.py
[2025-06-16T13:59:28.542+0000] {logging_mixin.py:190} INFO - [2025-06-16T13:59:28.541+0000] {override.py:1912} INFO - Created Permission View: can delete on DAG:example_nested_branch_dag
[2025-06-16T13:59:28.558+0000] {logging_mixin.py:190} INFO - [2025-06-16T13:59:28.558+0000] {override.py:1912} INFO - Created Permission View: can read on DAG:example_nested_branch_dag
[2025-06-16T13:59:28.572+0000] {logging_mixin.py:190} INFO - [2025-06-16T13:59:28.572+0000] {override.py:1912} INFO - Created Permission View: can edit on DAG:example_nested_branch_dag
[2025-06-16T13:59:28.587+0000] {logging_mixin.py:190} INFO - [2025-06-16T13:59:28.587+0000] {override.py:1912} INFO - Created Permission View: can delete on DAG Run:example_nested_branch_dag
[2025-06-16T13:59:28.610+0000] {logging_mixin.py:190} INFO - [2025-06-16T13:59:28.610+0000] {override.py:1912} INFO - Created Permission View: can create on DAG Run:example_nested_branch_dag
[2025-06-16T13:59:28.622+0000] {logging_mixin.py:190} INFO - [2025-06-16T13:59:28.622+0000] {override.py:1912} INFO - Created Permission View: can read on DAG Run:example_nested_branch_dag
[2025-06-16T13:59:28.639+0000] {logging_mixin.py:190} INFO - [2025-06-16T13:59:28.638+0000] {override.py:1912} INFO - Created Permission View: menu access on DAG Run:example_nested_branch_dag
[2025-06-16T13:59:28.641+0000] {logging_mixin.py:190} INFO - [2025-06-16T13:59:28.641+0000] {dag.py:3239} INFO - Sync 1 DAGs
[2025-06-16T13:59:28.657+0000] {logging_mixin.py:190} INFO - [2025-06-16T13:59:28.657+0000] {dag.py:3262} INFO - Creating ORM DAG for example_nested_branch_dag
[2025-06-16T13:59:28.667+0000] {logging_mixin.py:190} INFO - [2025-06-16T13:59:28.667+0000] {dag.py:4180} INFO - Setting next_dagrun for example_nested_branch_dag to 2025-06-15 00:00:00+00:00, run_after=2025-06-16 00:00:00+00:00
[2025-06-16T13:59:28.685+0000] {processor.py:208} INFO - Processing /home/airflow/.local/lib/python3.12/site-packages/airflow/example_dags/example_nested_branch_dag.py took 0.305 seconds
[2025-06-16T13:59:58.954+0000] {processor.py:186} INFO - Started process (PID=158) to work on /home/airflow/.local/lib/python3.12/site-packages/airflow/example_dags/example_nested_branch_dag.py
[2025-06-16T13:59:58.958+0000] {processor.py:914} INFO - Processing file /home/airflow/.local/lib/python3.12/site-packages/airflow/example_dags/example_nested_branch_dag.py for tasks to queue
[2025-06-16T13:59:58.963+0000] {logging_mixin.py:190} INFO - [2025-06-16T13:59:58.963+0000] {dagbag.py:588} INFO - Filling up the DagBag from /home/airflow/.local/lib/python3.12/site-packages/airflow/example_dags/example_nested_branch_dag.py
[2025-06-16T13:59:58.979+0000] {processor.py:925} INFO - DAG(s) 'example_nested_branch_dag' retrieved from /home/airflow/.local/lib/python3.12/site-packages/airflow/example_dags/example_nested_branch_dag.py
[2025-06-16T13:59:59.013+0000] {logging_mixin.py:190} INFO - [2025-06-16T13:59:59.013+0000] {dag.py:3239} INFO - Sync 1 DAGs
[2025-06-16T13:59:59.042+0000] {logging_mixin.py:190} INFO - [2025-06-16T13:59:59.041+0000] {dag.py:4180} INFO - Setting next_dagrun for example_nested_branch_dag to 2025-06-15 00:00:00+00:00, run_after=2025-06-16 00:00:00+00:00
[2025-06-16T13:59:59.077+0000] {processor.py:208} INFO - Processing /home/airflow/.local/lib/python3.12/site-packages/airflow/example_dags/example_nested_branch_dag.py took 0.132 seconds
[2025-06-16T14:00:29.839+0000] {processor.py:186} INFO - Started process (PID=221) to work on /home/airflow/.local/lib/python3.12/site-packages/airflow/example_dags/example_nested_branch_dag.py
[2025-06-16T14:00:29.841+0000] {processor.py:914} INFO - Processing file /home/airflow/.local/lib/python3.12/site-packages/airflow/example_dags/example_nested_branch_dag.py for tasks to queue
[2025-06-16T14:00:29.843+0000] {logging_mixin.py:190} INFO - [2025-06-16T14:00:29.843+0000] {dagbag.py:588} INFO - Filling up the DagBag from /home/airflow/.local/lib/python3.12/site-packages/airflow/example_dags/example_nested_branch_dag.py
[2025-06-16T14:00:29.850+0000] {processor.py:925} INFO - DAG(s) 'example_nested_branch_dag' retrieved from /home/airflow/.local/lib/python3.12/site-packages/airflow/example_dags/example_nested_branch_dag.py
[2025-06-16T14:00:29.867+0000] {logging_mixin.py:190} INFO - [2025-06-16T14:00:29.866+0000] {dag.py:3239} INFO - Sync 1 DAGs
[2025-06-16T14:00:29.881+0000] {logging_mixin.py:190} INFO - [2025-06-16T14:00:29.881+0000] {dag.py:4180} INFO - Setting next_dagrun for example_nested_branch_dag to 2025-06-15 00:00:00+00:00, run_after=2025-06-16 00:00:00+00:00
[2025-06-16T14:00:29.895+0000] {processor.py:208} INFO - Processing /home/airflow/.local/lib/python3.12/site-packages/airflow/example_dags/example_nested_branch_dag.py took 0.059 seconds
[2025-06-16T14:01:00.765+0000] {processor.py:186} INFO - Started process (PID=283) to work on /home/airflow/.local/lib/python3.12/site-packages/airflow/example_dags/example_nested_branch_dag.py
[2025-06-16T14:01:00.766+0000] {processor.py:914} INFO - Processing file /home/airflow/.local/lib/python3.12/site-packages/airflow/example_dags/example_nested_branch_dag.py for tasks to queue
[2025-06-16T14:01:00.768+0000] {logging_mixin.py:190} INFO - [2025-06-16T14:01:00.768+0000] {dagbag.py:588} INFO - Filling up the DagBag from /home/airflow/.local/lib/python3.12/site-packages/airflow/example_dags/example_nested_branch_dag.py
[2025-06-16T14:01:00.776+0000] {processor.py:925} INFO - DAG(s) 'example_nested_branch_dag' retrieved from /home/airflow/.local/lib/python3.12/site-packages/airflow/example_dags/example_nested_branch_dag.py
[2025-06-16T14:01:00.797+0000] {logging_mixin.py:190} INFO - [2025-06-16T14:01:00.797+0000] {dag.py:3239} INFO - Sync 1 DAGs
[2025-06-16T14:01:00.814+0000] {logging_mixin.py:190} INFO - [2025-06-16T14:01:00.814+0000] {dag.py:4180} INFO - Setting next_dagrun for example_nested_branch_dag to 2025-06-15 00:00:00+00:00, run_after=2025-06-16 00:00:00+00:00
[2025-06-16T14:01:00.829+0000] {processor.py:208} INFO - Processing /home/airflow/.local/lib/python3.12/site-packages/airflow/example_dags/example_nested_branch_dag.py took 0.067 seconds
[2025-06-16T14:01:31.410+0000] {processor.py:186} INFO - Started process (PID=346) to work on /home/airflow/.local/lib/python3.12/site-packages/airflow/example_dags/example_nested_branch_dag.py
[2025-06-16T14:01:31.412+0000] {processor.py:914} INFO - Processing file /home/airflow/.local/lib/python3.12/site-packages/airflow/example_dags/example_nested_branch_dag.py for tasks to queue
[2025-06-16T14:01:31.413+0000] {logging_mixin.py:190} INFO - [2025-06-16T14:01:31.413+0000] {dagbag.py:588} INFO - Filling up the DagBag from /home/airflow/.local/lib/python3.12/site-packages/airflow/example_dags/example_nested_branch_dag.py
[2025-06-16T14:01:31.420+0000] {processor.py:925} INFO - DAG(s) 'example_nested_branch_dag' retrieved from /home/airflow/.local/lib/python3.12/site-packages/airflow/example_dags/example_nested_branch_dag.py
[2025-06-16T14:01:31.433+0000] {logging_mixin.py:190} INFO - [2025-06-16T14:01:31.433+0000] {dag.py:3239} INFO - Sync 1 DAGs
[2025-06-16T14:01:31.448+0000] {logging_mixin.py:190} INFO - [2025-06-16T14:01:31.447+0000] {dag.py:4180} INFO - Setting next_dagrun for example_nested_branch_dag to 2025-06-15 00:00:00+00:00, run_after=2025-06-16 00:00:00+00:00
[2025-06-16T14:01:31.459+0000] {processor.py:208} INFO - Processing /home/airflow/.local/lib/python3.12/site-packages/airflow/example_dags/example_nested_branch_dag.py took 0.052 seconds
[2025-06-16T14:02:02.076+0000] {processor.py:186} INFO - Started process (PID=409) to work on /home/airflow/.local/lib/python3.12/site-packages/airflow/example_dags/example_nested_branch_dag.py
[2025-06-16T14:02:02.078+0000] {processor.py:914} INFO - Processing file /home/airflow/.local/lib/python3.12/site-packages/airflow/example_dags/example_nested_branch_dag.py for tasks to queue
[2025-06-16T14:02:02.079+0000] {logging_mixin.py:190} INFO - [2025-06-16T14:02:02.079+0000] {dagbag.py:588} INFO - Filling up the DagBag from /home/airflow/.local/lib/python3.12/site-packages/airflow/example_dags/example_nested_branch_dag.py
[2025-06-16T14:02:02.086+0000] {processor.py:925} INFO - DAG(s) 'example_nested_branch_dag' retrieved from /home/airflow/.local/lib/python3.12/site-packages/airflow/example_dags/example_nested_branch_dag.py
[2025-06-16T14:02:02.101+0000] {logging_mixin.py:190} INFO - [2025-06-16T14:02:02.101+0000] {dag.py:3239} INFO - Sync 1 DAGs
[2025-06-16T14:02:02.115+0000] {logging_mixin.py:190} INFO - [2025-06-16T14:02:02.115+0000] {dag.py:4180} INFO - Setting next_dagrun for example_nested_branch_dag to 2025-06-15 00:00:00+00:00, run_after=2025-06-16 00:00:00+00:00
[2025-06-16T14:02:02.127+0000] {processor.py:208} INFO - Processing /home/airflow/.local/lib/python3.12/site-packages/airflow/example_dags/example_nested_branch_dag.py took 0.054 seconds
[2025-06-16T14:02:32.861+0000] {processor.py:186} INFO - Started process (PID=471) to work on /home/airflow/.local/lib/python3.12/site-packages/airflow/example_dags/example_nested_branch_dag.py
[2025-06-16T14:02:32.863+0000] {processor.py:914} INFO - Processing file /home/airflow/.local/lib/python3.12/site-packages/airflow/example_dags/example_nested_branch_dag.py for tasks to queue
[2025-06-16T14:02:32.865+0000] {logging_mixin.py:190} INFO - [2025-06-16T14:02:32.865+0000] {dagbag.py:588} INFO - Filling up the DagBag from /home/airflow/.local/lib/python3.12/site-packages/airflow/example_dags/example_nested_branch_dag.py
[2025-06-16T14:02:32.873+0000] {processor.py:925} INFO - DAG(s) 'example_nested_branch_dag' retrieved from /home/airflow/.local/lib/python3.12/site-packages/airflow/example_dags/example_nested_branch_dag.py
[2025-06-16T14:02:32.892+0000] {logging_mixin.py:190} INFO - [2025-06-16T14:02:32.891+0000] {dag.py:3239} INFO - Sync 1 DAGs
[2025-06-16T14:02:32.908+0000] {logging_mixin.py:190} INFO - [2025-06-16T14:02:32.908+0000] {dag.py:4180} INFO - Setting next_dagrun for example_nested_branch_dag to 2025-06-15 00:00:00+00:00, run_after=2025-06-16 00:00:00+00:00
[2025-06-16T14:02:32.919+0000] {processor.py:208} INFO - Processing /home/airflow/.local/lib/python3.12/site-packages/airflow/example_dags/example_nested_branch_dag.py took 0.063 seconds
[2025-06-16T14:05:30.975+0000] {processor.py:186} INFO - Started process (PID=558) to work on /home/airflow/.local/lib/python3.12/site-packages/airflow/example_dags/example_nested_branch_dag.py
[2025-06-16T14:05:30.977+0000] {processor.py:914} INFO - Processing file /home/airflow/.local/lib/python3.12/site-packages/airflow/example_dags/example_nested_branch_dag.py for tasks to queue
[2025-06-16T14:05:30.979+0000] {logging_mixin.py:190} INFO - [2025-06-16T14:05:30.979+0000] {dagbag.py:588} INFO - Filling up the DagBag from /home/airflow/.local/lib/python3.12/site-packages/airflow/example_dags/example_nested_branch_dag.py
[2025-06-16T14:05:30.987+0000] {processor.py:925} INFO - DAG(s) 'example_nested_branch_dag' retrieved from /home/airflow/.local/lib/python3.12/site-packages/airflow/example_dags/example_nested_branch_dag.py
[2025-06-16T14:05:31.009+0000] {logging_mixin.py:190} INFO - [2025-06-16T14:05:31.009+0000] {dag.py:3239} INFO - Sync 1 DAGs
[2025-06-16T14:05:31.028+0000] {logging_mixin.py:190} INFO - [2025-06-16T14:05:31.028+0000] {dag.py:4180} INFO - Setting next_dagrun for example_nested_branch_dag to 2025-06-15 00:00:00+00:00, run_after=2025-06-16 00:00:00+00:00
[2025-06-16T14:05:31.046+0000] {processor.py:208} INFO - Processing /home/airflow/.local/lib/python3.12/site-packages/airflow/example_dags/example_nested_branch_dag.py took 0.074 seconds
[2025-06-16T14:06:01.875+0000] {processor.py:186} INFO - Started process (PID=621) to work on /home/airflow/.local/lib/python3.12/site-packages/airflow/example_dags/example_nested_branch_dag.py
[2025-06-16T14:06:01.877+0000] {processor.py:914} INFO - Processing file /home/airflow/.local/lib/python3.12/site-packages/airflow/example_dags/example_nested_branch_dag.py for tasks to queue
[2025-06-16T14:06:01.880+0000] {logging_mixin.py:190} INFO - [2025-06-16T14:06:01.880+0000] {dagbag.py:588} INFO - Filling up the DagBag from /home/airflow/.local/lib/python3.12/site-packages/airflow/example_dags/example_nested_branch_dag.py
[2025-06-16T14:06:01.888+0000] {processor.py:925} INFO - DAG(s) 'example_nested_branch_dag' retrieved from /home/airflow/.local/lib/python3.12/site-packages/airflow/example_dags/example_nested_branch_dag.py
[2025-06-16T14:06:01.906+0000] {logging_mixin.py:190} INFO - [2025-06-16T14:06:01.906+0000] {dag.py:3239} INFO - Sync 1 DAGs
[2025-06-16T14:06:01.923+0000] {logging_mixin.py:190} INFO - [2025-06-16T14:06:01.922+0000] {dag.py:4180} INFO - Setting next_dagrun for example_nested_branch_dag to 2025-06-15 00:00:00+00:00, run_after=2025-06-16 00:00:00+00:00
[2025-06-16T14:06:01.941+0000] {processor.py:208} INFO - Processing /home/airflow/.local/lib/python3.12/site-packages/airflow/example_dags/example_nested_branch_dag.py took 0.069 seconds
[2025-06-16T14:06:32.565+0000] {processor.py:186} INFO - Started process (PID=684) to work on /home/airflow/.local/lib/python3.12/site-packages/airflow/example_dags/example_nested_branch_dag.py
[2025-06-16T14:06:32.567+0000] {processor.py:914} INFO - Processing file /home/airflow/.local/lib/python3.12/site-packages/airflow/example_dags/example_nested_branch_dag.py for tasks to queue
[2025-06-16T14:06:32.571+0000] {logging_mixin.py:190} INFO - [2025-06-16T14:06:32.571+0000] {dagbag.py:588} INFO - Filling up the DagBag from /home/airflow/.local/lib/python3.12/site-packages/airflow/example_dags/example_nested_branch_dag.py
[2025-06-16T14:06:32.583+0000] {processor.py:925} INFO - DAG(s) 'example_nested_branch_dag' retrieved from /home/airflow/.local/lib/python3.12/site-packages/airflow/example_dags/example_nested_branch_dag.py
[2025-06-16T14:06:32.603+0000] {logging_mixin.py:190} INFO - [2025-06-16T14:06:32.603+0000] {dag.py:3239} INFO - Sync 1 DAGs
[2025-06-16T14:06:32.618+0000] {logging_mixin.py:190} INFO - [2025-06-16T14:06:32.618+0000] {dag.py:4180} INFO - Setting next_dagrun for example_nested_branch_dag to 2025-06-15 00:00:00+00:00, run_after=2025-06-16 00:00:00+00:00
[2025-06-16T14:06:32.629+0000] {processor.py:208} INFO - Processing /home/airflow/.local/lib/python3.12/site-packages/airflow/example_dags/example_nested_branch_dag.py took 0.069 seconds
[2025-06-16T14:07:03.598+0000] {processor.py:186} INFO - Started process (PID=747) to work on /home/airflow/.local/lib/python3.12/site-packages/airflow/example_dags/example_nested_branch_dag.py
[2025-06-16T14:07:03.600+0000] {processor.py:914} INFO - Processing file /home/airflow/.local/lib/python3.12/site-packages/airflow/example_dags/example_nested_branch_dag.py for tasks to queue
[2025-06-16T14:07:03.602+0000] {logging_mixin.py:190} INFO - [2025-06-16T14:07:03.602+0000] {dagbag.py:588} INFO - Filling up the DagBag from /home/airflow/.local/lib/python3.12/site-packages/airflow/example_dags/example_nested_branch_dag.py
[2025-06-16T14:07:03.610+0000] {processor.py:925} INFO - DAG(s) 'example_nested_branch_dag' retrieved from /home/airflow/.local/lib/python3.12/site-packages/airflow/example_dags/example_nested_branch_dag.py
[2025-06-16T14:07:03.626+0000] {logging_mixin.py:190} INFO - [2025-06-16T14:07:03.625+0000] {dag.py:3239} INFO - Sync 1 DAGs
[2025-06-16T14:07:03.640+0000] {logging_mixin.py:190} INFO - [2025-06-16T14:07:03.640+0000] {dag.py:4180} INFO - Setting next_dagrun for example_nested_branch_dag to 2025-06-15 00:00:00+00:00, run_after=2025-06-16 00:00:00+00:00
[2025-06-16T14:07:03.652+0000] {processor.py:208} INFO - Processing /home/airflow/.local/lib/python3.12/site-packages/airflow/example_dags/example_nested_branch_dag.py took 0.061 seconds
[2025-06-16T14:07:34.381+0000] {processor.py:186} INFO - Started process (PID=809) to work on /home/airflow/.local/lib/python3.12/site-packages/airflow/example_dags/example_nested_branch_dag.py
[2025-06-16T14:07:34.383+0000] {processor.py:914} INFO - Processing file /home/airflow/.local/lib/python3.12/site-packages/airflow/example_dags/example_nested_branch_dag.py for tasks to queue
[2025-06-16T14:07:34.386+0000] {logging_mixin.py:190} INFO - [2025-06-16T14:07:34.385+0000] {dagbag.py:588} INFO - Filling up the DagBag from /home/airflow/.local/lib/python3.12/site-packages/airflow/example_dags/example_nested_branch_dag.py
[2025-06-16T14:07:34.394+0000] {processor.py:925} INFO - DAG(s) 'example_nested_branch_dag' retrieved from /home/airflow/.local/lib/python3.12/site-packages/airflow/example_dags/example_nested_branch_dag.py
[2025-06-16T14:07:34.411+0000] {logging_mixin.py:190} INFO - [2025-06-16T14:07:34.411+0000] {dag.py:3239} INFO - Sync 1 DAGs
[2025-06-16T14:07:34.430+0000] {logging_mixin.py:190} INFO - [2025-06-16T14:07:34.429+0000] {dag.py:4180} INFO - Setting next_dagrun for example_nested_branch_dag to 2025-06-15 00:00:00+00:00, run_after=2025-06-16 00:00:00+00:00
[2025-06-16T14:07:34.447+0000] {processor.py:208} INFO - Processing /home/airflow/.local/lib/python3.12/site-packages/airflow/example_dags/example_nested_branch_dag.py took 0.070 seconds
[2025-06-16T14:08:05.650+0000] {processor.py:186} INFO - Started process (PID=870) to work on /home/airflow/.local/lib/python3.12/site-packages/airflow/example_dags/example_nested_branch_dag.py
[2025-06-16T14:08:05.651+0000] {processor.py:914} INFO - Processing file /home/airflow/.local/lib/python3.12/site-packages/airflow/example_dags/example_nested_branch_dag.py for tasks to queue
[2025-06-16T14:08:05.653+0000] {logging_mixin.py:190} INFO - [2025-06-16T14:08:05.653+0000] {dagbag.py:588} INFO - Filling up the DagBag from /home/airflow/.local/lib/python3.12/site-packages/airflow/example_dags/example_nested_branch_dag.py
[2025-06-16T14:08:05.663+0000] {processor.py:925} INFO - DAG(s) 'example_nested_branch_dag' retrieved from /home/airflow/.local/lib/python3.12/site-packages/airflow/example_dags/example_nested_branch_dag.py
[2025-06-16T14:08:05.681+0000] {logging_mixin.py:190} INFO - [2025-06-16T14:08:05.680+0000] {dag.py:3239} INFO - Sync 1 DAGs
[2025-06-16T14:08:05.700+0000] {logging_mixin.py:190} INFO - [2025-06-16T14:08:05.700+0000] {dag.py:4180} INFO - Setting next_dagrun for example_nested_branch_dag to 2025-06-15 00:00:00+00:00, run_after=2025-06-16 00:00:00+00:00
[2025-06-16T14:08:05.713+0000] {processor.py:208} INFO - Processing /home/airflow/.local/lib/python3.12/site-packages/airflow/example_dags/example_nested_branch_dag.py took 0.067 seconds
[2025-06-16T14:08:36.627+0000] {processor.py:186} INFO - Started process (PID=933) to work on /home/airflow/.local/lib/python3.12/site-packages/airflow/example_dags/example_nested_branch_dag.py
[2025-06-16T14:08:36.629+0000] {processor.py:914} INFO - Processing file /home/airflow/.local/lib/python3.12/site-packages/airflow/example_dags/example_nested_branch_dag.py for tasks to queue
[2025-06-16T14:08:36.631+0000] {logging_mixin.py:190} INFO - [2025-06-16T14:08:36.631+0000] {dagbag.py:588} INFO - Filling up the DagBag from /home/airflow/.local/lib/python3.12/site-packages/airflow/example_dags/example_nested_branch_dag.py
[2025-06-16T14:08:36.640+0000] {processor.py:925} INFO - DAG(s) 'example_nested_branch_dag' retrieved from /home/airflow/.local/lib/python3.12/site-packages/airflow/example_dags/example_nested_branch_dag.py
[2025-06-16T14:08:36.654+0000] {logging_mixin.py:190} INFO - [2025-06-16T14:08:36.654+0000] {dag.py:3239} INFO - Sync 1 DAGs
[2025-06-16T14:08:36.668+0000] {logging_mixin.py:190} INFO - [2025-06-16T14:08:36.668+0000] {dag.py:4180} INFO - Setting next_dagrun for example_nested_branch_dag to 2025-06-15 00:00:00+00:00, run_after=2025-06-16 00:00:00+00:00
[2025-06-16T14:08:36.679+0000] {processor.py:208} INFO - Processing /home/airflow/.local/lib/python3.12/site-packages/airflow/example_dags/example_nested_branch_dag.py took 0.054 seconds
[2025-06-16T14:09:08.003+0000] {processor.py:186} INFO - Started process (PID=997) to work on /home/airflow/.local/lib/python3.12/site-packages/airflow/example_dags/example_nested_branch_dag.py
[2025-06-16T14:09:08.004+0000] {processor.py:914} INFO - Processing file /home/airflow/.local/lib/python3.12/site-packages/airflow/example_dags/example_nested_branch_dag.py for tasks to queue
[2025-06-16T14:09:08.007+0000] {logging_mixin.py:190} INFO - [2025-06-16T14:09:08.006+0000] {dagbag.py:588} INFO - Filling up the DagBag from /home/airflow/.local/lib/python3.12/site-packages/airflow/example_dags/example_nested_branch_dag.py
[2025-06-16T14:09:08.013+0000] {processor.py:925} INFO - DAG(s) 'example_nested_branch_dag' retrieved from /home/airflow/.local/lib/python3.12/site-packages/airflow/example_dags/example_nested_branch_dag.py
[2025-06-16T14:09:08.028+0000] {logging_mixin.py:190} INFO - [2025-06-16T14:09:08.027+0000] {dag.py:3239} INFO - Sync 1 DAGs
[2025-06-16T14:09:08.042+0000] {logging_mixin.py:190} INFO - [2025-06-16T14:09:08.042+0000] {dag.py:4180} INFO - Setting next_dagrun for example_nested_branch_dag to 2025-06-15 00:00:00+00:00, run_after=2025-06-16 00:00:00+00:00
[2025-06-16T14:09:08.062+0000] {processor.py:208} INFO - Processing /home/airflow/.local/lib/python3.12/site-packages/airflow/example_dags/example_nested_branch_dag.py took 0.062 seconds
[2025-06-16T14:09:38.674+0000] {processor.py:186} INFO - Started process (PID=1060) to work on /home/airflow/.local/lib/python3.12/site-packages/airflow/example_dags/example_nested_branch_dag.py
[2025-06-16T14:09:38.675+0000] {processor.py:914} INFO - Processing file /home/airflow/.local/lib/python3.12/site-packages/airflow/example_dags/example_nested_branch_dag.py for tasks to queue
[2025-06-16T14:09:38.677+0000] {logging_mixin.py:190} INFO - [2025-06-16T14:09:38.677+0000] {dagbag.py:588} INFO - Filling up the DagBag from /home/airflow/.local/lib/python3.12/site-packages/airflow/example_dags/example_nested_branch_dag.py
[2025-06-16T14:09:38.684+0000] {processor.py:925} INFO - DAG(s) 'example_nested_branch_dag' retrieved from /home/airflow/.local/lib/python3.12/site-packages/airflow/example_dags/example_nested_branch_dag.py
[2025-06-16T14:09:38.698+0000] {logging_mixin.py:190} INFO - [2025-06-16T14:09:38.698+0000] {dag.py:3239} INFO - Sync 1 DAGs
[2025-06-16T14:09:38.711+0000] {logging_mixin.py:190} INFO - [2025-06-16T14:09:38.711+0000] {dag.py:4180} INFO - Setting next_dagrun for example_nested_branch_dag to 2025-06-15 00:00:00+00:00, run_after=2025-06-16 00:00:00+00:00
[2025-06-16T14:09:38.722+0000] {processor.py:208} INFO - Processing /home/airflow/.local/lib/python3.12/site-packages/airflow/example_dags/example_nested_branch_dag.py took 0.052 seconds
[2025-06-16T14:10:51.258+0000] {processor.py:186} INFO - Started process (PID=1123) to work on /home/airflow/.local/lib/python3.12/site-packages/airflow/example_dags/example_nested_branch_dag.py
[2025-06-16T14:10:51.260+0000] {processor.py:914} INFO - Processing file /home/airflow/.local/lib/python3.12/site-packages/airflow/example_dags/example_nested_branch_dag.py for tasks to queue
[2025-06-16T14:10:51.262+0000] {logging_mixin.py:190} INFO - [2025-06-16T14:10:51.261+0000] {dagbag.py:588} INFO - Filling up the DagBag from /home/airflow/.local/lib/python3.12/site-packages/airflow/example_dags/example_nested_branch_dag.py
[2025-06-16T14:10:51.270+0000] {processor.py:925} INFO - DAG(s) 'example_nested_branch_dag' retrieved from /home/airflow/.local/lib/python3.12/site-packages/airflow/example_dags/example_nested_branch_dag.py
[2025-06-16T14:10:51.293+0000] {logging_mixin.py:190} INFO - [2025-06-16T14:10:51.292+0000] {dag.py:3239} INFO - Sync 1 DAGs
[2025-06-16T14:10:51.314+0000] {logging_mixin.py:190} INFO - [2025-06-16T14:10:51.313+0000] {dag.py:4180} INFO - Setting next_dagrun for example_nested_branch_dag to 2025-06-15 00:00:00+00:00, run_after=2025-06-16 00:00:00+00:00
[2025-06-16T14:10:51.329+0000] {processor.py:208} INFO - Processing /home/airflow/.local/lib/python3.12/site-packages/airflow/example_dags/example_nested_branch_dag.py took 0.074 seconds
[2025-06-16T14:11:41.524+0000] {processor.py:186} INFO - Started process (PID=1186) to work on /home/airflow/.local/lib/python3.12/site-packages/airflow/example_dags/example_nested_branch_dag.py
[2025-06-16T14:11:41.528+0000] {processor.py:914} INFO - Processing file /home/airflow/.local/lib/python3.12/site-packages/airflow/example_dags/example_nested_branch_dag.py for tasks to queue
[2025-06-16T14:11:41.532+0000] {logging_mixin.py:190} INFO - [2025-06-16T14:11:41.532+0000] {dagbag.py:588} INFO - Filling up the DagBag from /home/airflow/.local/lib/python3.12/site-packages/airflow/example_dags/example_nested_branch_dag.py
[2025-06-16T14:11:41.546+0000] {processor.py:925} INFO - DAG(s) 'example_nested_branch_dag' retrieved from /home/airflow/.local/lib/python3.12/site-packages/airflow/example_dags/example_nested_branch_dag.py
[2025-06-16T14:11:41.573+0000] {logging_mixin.py:190} INFO - [2025-06-16T14:11:41.573+0000] {dag.py:3239} INFO - Sync 1 DAGs
[2025-06-16T14:11:41.599+0000] {logging_mixin.py:190} INFO - [2025-06-16T14:11:41.599+0000] {dag.py:4180} INFO - Setting next_dagrun for example_nested_branch_dag to 2025-06-15 00:00:00+00:00, run_after=2025-06-16 00:00:00+00:00
[2025-06-16T14:11:41.624+0000] {processor.py:208} INFO - Processing /home/airflow/.local/lib/python3.12/site-packages/airflow/example_dags/example_nested_branch_dag.py took 0.106 seconds
[2025-06-16T14:12:12.350+0000] {processor.py:186} INFO - Started process (PID=1249) to work on /home/airflow/.local/lib/python3.12/site-packages/airflow/example_dags/example_nested_branch_dag.py
[2025-06-16T14:12:12.352+0000] {processor.py:914} INFO - Processing file /home/airflow/.local/lib/python3.12/site-packages/airflow/example_dags/example_nested_branch_dag.py for tasks to queue
[2025-06-16T14:12:12.359+0000] {logging_mixin.py:190} INFO - [2025-06-16T14:12:12.358+0000] {dagbag.py:588} INFO - Filling up the DagBag from /home/airflow/.local/lib/python3.12/site-packages/airflow/example_dags/example_nested_branch_dag.py
[2025-06-16T14:12:12.371+0000] {processor.py:925} INFO - DAG(s) 'example_nested_branch_dag' retrieved from /home/airflow/.local/lib/python3.12/site-packages/airflow/example_dags/example_nested_branch_dag.py
[2025-06-16T14:12:12.399+0000] {logging_mixin.py:190} INFO - [2025-06-16T14:12:12.398+0000] {dag.py:3239} INFO - Sync 1 DAGs
[2025-06-16T14:12:12.429+0000] {logging_mixin.py:190} INFO - [2025-06-16T14:12:12.429+0000] {dag.py:4180} INFO - Setting next_dagrun for example_nested_branch_dag to 2025-06-15 00:00:00+00:00, run_after=2025-06-16 00:00:00+00:00
[2025-06-16T14:12:12.454+0000] {processor.py:208} INFO - Processing /home/airflow/.local/lib/python3.12/site-packages/airflow/example_dags/example_nested_branch_dag.py took 0.108 seconds
[2025-06-16T14:12:43.195+0000] {processor.py:186} INFO - Started process (PID=1312) to work on /home/airflow/.local/lib/python3.12/site-packages/airflow/example_dags/example_nested_branch_dag.py
[2025-06-16T14:12:43.198+0000] {processor.py:914} INFO - Processing file /home/airflow/.local/lib/python3.12/site-packages/airflow/example_dags/example_nested_branch_dag.py for tasks to queue
[2025-06-16T14:12:43.202+0000] {logging_mixin.py:190} INFO - [2025-06-16T14:12:43.201+0000] {dagbag.py:588} INFO - Filling up the DagBag from /home/airflow/.local/lib/python3.12/site-packages/airflow/example_dags/example_nested_branch_dag.py
[2025-06-16T14:12:43.214+0000] {processor.py:925} INFO - DAG(s) 'example_nested_branch_dag' retrieved from /home/airflow/.local/lib/python3.12/site-packages/airflow/example_dags/example_nested_branch_dag.py
[2025-06-16T14:12:43.243+0000] {logging_mixin.py:190} INFO - [2025-06-16T14:12:43.243+0000] {dag.py:3239} INFO - Sync 1 DAGs
[2025-06-16T14:12:43.264+0000] {logging_mixin.py:190} INFO - [2025-06-16T14:12:43.264+0000] {dag.py:4180} INFO - Setting next_dagrun for example_nested_branch_dag to 2025-06-15 00:00:00+00:00, run_after=2025-06-16 00:00:00+00:00
[2025-06-16T14:12:43.279+0000] {processor.py:208} INFO - Processing /home/airflow/.local/lib/python3.12/site-packages/airflow/example_dags/example_nested_branch_dag.py took 0.088 seconds
[2025-06-16T14:13:13.841+0000] {processor.py:186} INFO - Started process (PID=1375) to work on /home/airflow/.local/lib/python3.12/site-packages/airflow/example_dags/example_nested_branch_dag.py
[2025-06-16T14:13:13.843+0000] {processor.py:914} INFO - Processing file /home/airflow/.local/lib/python3.12/site-packages/airflow/example_dags/example_nested_branch_dag.py for tasks to queue
[2025-06-16T14:13:13.846+0000] {logging_mixin.py:190} INFO - [2025-06-16T14:13:13.846+0000] {dagbag.py:588} INFO - Filling up the DagBag from /home/airflow/.local/lib/python3.12/site-packages/airflow/example_dags/example_nested_branch_dag.py
[2025-06-16T14:13:13.856+0000] {processor.py:925} INFO - DAG(s) 'example_nested_branch_dag' retrieved from /home/airflow/.local/lib/python3.12/site-packages/airflow/example_dags/example_nested_branch_dag.py
[2025-06-16T14:13:13.878+0000] {logging_mixin.py:190} INFO - [2025-06-16T14:13:13.877+0000] {dag.py:3239} INFO - Sync 1 DAGs
[2025-06-16T14:13:13.898+0000] {logging_mixin.py:190} INFO - [2025-06-16T14:13:13.898+0000] {dag.py:4180} INFO - Setting next_dagrun for example_nested_branch_dag to 2025-06-15 00:00:00+00:00, run_after=2025-06-16 00:00:00+00:00
[2025-06-16T14:13:13.911+0000] {processor.py:208} INFO - Processing /home/airflow/.local/lib/python3.12/site-packages/airflow/example_dags/example_nested_branch_dag.py took 0.075 seconds
[2025-06-16T14:13:44.544+0000] {processor.py:186} INFO - Started process (PID=1438) to work on /home/airflow/.local/lib/python3.12/site-packages/airflow/example_dags/example_nested_branch_dag.py
[2025-06-16T14:13:44.547+0000] {processor.py:914} INFO - Processing file /home/airflow/.local/lib/python3.12/site-packages/airflow/example_dags/example_nested_branch_dag.py for tasks to queue
[2025-06-16T14:13:44.550+0000] {logging_mixin.py:190} INFO - [2025-06-16T14:13:44.550+0000] {dagbag.py:588} INFO - Filling up the DagBag from /home/airflow/.local/lib/python3.12/site-packages/airflow/example_dags/example_nested_branch_dag.py
[2025-06-16T14:13:44.560+0000] {processor.py:925} INFO - DAG(s) 'example_nested_branch_dag' retrieved from /home/airflow/.local/lib/python3.12/site-packages/airflow/example_dags/example_nested_branch_dag.py
[2025-06-16T14:13:44.576+0000] {logging_mixin.py:190} INFO - [2025-06-16T14:13:44.576+0000] {dag.py:3239} INFO - Sync 1 DAGs
[2025-06-16T14:13:44.592+0000] {logging_mixin.py:190} INFO - [2025-06-16T14:13:44.592+0000] {dag.py:4180} INFO - Setting next_dagrun for example_nested_branch_dag to 2025-06-15 00:00:00+00:00, run_after=2025-06-16 00:00:00+00:00
[2025-06-16T14:13:44.605+0000] {processor.py:208} INFO - Processing /home/airflow/.local/lib/python3.12/site-packages/airflow/example_dags/example_nested_branch_dag.py took 0.069 seconds
[2025-06-16T14:14:15.064+0000] {processor.py:186} INFO - Started process (PID=1501) to work on /home/airflow/.local/lib/python3.12/site-packages/airflow/example_dags/example_nested_branch_dag.py
[2025-06-16T14:14:15.073+0000] {processor.py:914} INFO - Processing file /home/airflow/.local/lib/python3.12/site-packages/airflow/example_dags/example_nested_branch_dag.py for tasks to queue
[2025-06-16T14:14:15.083+0000] {logging_mixin.py:190} INFO - [2025-06-16T14:14:15.082+0000] {dagbag.py:588} INFO - Filling up the DagBag from /home/airflow/.local/lib/python3.12/site-packages/airflow/example_dags/example_nested_branch_dag.py
[2025-06-16T14:14:15.096+0000] {processor.py:925} INFO - DAG(s) 'example_nested_branch_dag' retrieved from /home/airflow/.local/lib/python3.12/site-packages/airflow/example_dags/example_nested_branch_dag.py
[2025-06-16T14:14:15.115+0000] {logging_mixin.py:190} INFO - [2025-06-16T14:14:15.115+0000] {dag.py:3239} INFO - Sync 1 DAGs
[2025-06-16T14:14:15.133+0000] {logging_mixin.py:190} INFO - [2025-06-16T14:14:15.133+0000] {dag.py:4180} INFO - Setting next_dagrun for example_nested_branch_dag to 2025-06-15 00:00:00+00:00, run_after=2025-06-16 00:00:00+00:00
[2025-06-16T14:14:15.148+0000] {processor.py:208} INFO - Processing /home/airflow/.local/lib/python3.12/site-packages/airflow/example_dags/example_nested_branch_dag.py took 0.090 seconds
[2025-06-16T15:07:18.967+0000] {processor.py:186} INFO - Started process (PID=1564) to work on /home/airflow/.local/lib/python3.12/site-packages/airflow/example_dags/example_nested_branch_dag.py
[2025-06-16T15:07:18.968+0000] {processor.py:914} INFO - Processing file /home/airflow/.local/lib/python3.12/site-packages/airflow/example_dags/example_nested_branch_dag.py for tasks to queue
[2025-06-16T15:07:18.970+0000] {logging_mixin.py:190} INFO - [2025-06-16T15:07:18.970+0000] {dagbag.py:588} INFO - Filling up the DagBag from /home/airflow/.local/lib/python3.12/site-packages/airflow/example_dags/example_nested_branch_dag.py
[2025-06-16T15:07:18.976+0000] {processor.py:925} INFO - DAG(s) 'example_nested_branch_dag' retrieved from /home/airflow/.local/lib/python3.12/site-packages/airflow/example_dags/example_nested_branch_dag.py
[2025-06-16T15:07:18.994+0000] {logging_mixin.py:190} INFO - [2025-06-16T15:07:18.993+0000] {dag.py:3239} INFO - Sync 1 DAGs
[2025-06-16T15:07:19.010+0000] {logging_mixin.py:190} INFO - [2025-06-16T15:07:19.010+0000] {dag.py:4180} INFO - Setting next_dagrun for example_nested_branch_dag to 2025-06-15 00:00:00+00:00, run_after=2025-06-16 00:00:00+00:00
[2025-06-16T15:07:19.024+0000] {processor.py:208} INFO - Processing /home/airflow/.local/lib/python3.12/site-packages/airflow/example_dags/example_nested_branch_dag.py took 0.061 seconds
[2025-06-16T15:57:51.425+0000] {processor.py:186} INFO - Started process (PID=1627) to work on /home/airflow/.local/lib/python3.12/site-packages/airflow/example_dags/example_nested_branch_dag.py
[2025-06-16T15:57:51.427+0000] {processor.py:914} INFO - Processing file /home/airflow/.local/lib/python3.12/site-packages/airflow/example_dags/example_nested_branch_dag.py for tasks to queue
[2025-06-16T15:57:51.430+0000] {logging_mixin.py:190} INFO - [2025-06-16T15:57:51.429+0000] {dagbag.py:588} INFO - Filling up the DagBag from /home/airflow/.local/lib/python3.12/site-packages/airflow/example_dags/example_nested_branch_dag.py
[2025-06-16T15:57:51.439+0000] {processor.py:925} INFO - DAG(s) 'example_nested_branch_dag' retrieved from /home/airflow/.local/lib/python3.12/site-packages/airflow/example_dags/example_nested_branch_dag.py
[2025-06-16T15:57:51.463+0000] {logging_mixin.py:190} INFO - [2025-06-16T15:57:51.462+0000] {dag.py:3239} INFO - Sync 1 DAGs
[2025-06-16T15:57:51.486+0000] {logging_mixin.py:190} INFO - [2025-06-16T15:57:51.486+0000] {dag.py:4180} INFO - Setting next_dagrun for example_nested_branch_dag to 2025-06-15 00:00:00+00:00, run_after=2025-06-16 00:00:00+00:00
[2025-06-16T15:57:51.503+0000] {processor.py:208} INFO - Processing /home/airflow/.local/lib/python3.12/site-packages/airflow/example_dags/example_nested_branch_dag.py took 0.091 seconds
[2025-06-16T17:08:56.993+0000] {processor.py:186} INFO - Started process (PID=1691) to work on /home/airflow/.local/lib/python3.12/site-packages/airflow/example_dags/example_nested_branch_dag.py
[2025-06-16T17:08:57.032+0000] {processor.py:914} INFO - Processing file /home/airflow/.local/lib/python3.12/site-packages/airflow/example_dags/example_nested_branch_dag.py for tasks to queue
[2025-06-16T17:08:57.092+0000] {logging_mixin.py:190} INFO - [2025-06-16T17:08:57.091+0000] {dagbag.py:588} INFO - Filling up the DagBag from /home/airflow/.local/lib/python3.12/site-packages/airflow/example_dags/example_nested_branch_dag.py
[2025-06-16T17:08:57.281+0000] {processor.py:925} INFO - DAG(s) 'example_nested_branch_dag' retrieved from /home/airflow/.local/lib/python3.12/site-packages/airflow/example_dags/example_nested_branch_dag.py
[2025-06-16T17:08:57.388+0000] {logging_mixin.py:190} INFO - [2025-06-16T17:08:57.388+0000] {dag.py:3239} INFO - Sync 1 DAGs
[2025-06-16T17:08:57.466+0000] {logging_mixin.py:190} INFO - [2025-06-16T17:08:57.466+0000] {dag.py:4180} INFO - Setting next_dagrun for example_nested_branch_dag to 2025-06-15 00:00:00+00:00, run_after=2025-06-16 00:00:00+00:00
[2025-06-16T17:08:57.583+0000] {processor.py:208} INFO - Processing /home/airflow/.local/lib/python3.12/site-packages/airflow/example_dags/example_nested_branch_dag.py took 0.653 seconds
[2025-06-16T18:08:30.489+0000] {processor.py:186} INFO - Started process (PID=1754) to work on /home/airflow/.local/lib/python3.12/site-packages/airflow/example_dags/example_nested_branch_dag.py
[2025-06-16T18:08:30.494+0000] {processor.py:914} INFO - Processing file /home/airflow/.local/lib/python3.12/site-packages/airflow/example_dags/example_nested_branch_dag.py for tasks to queue
[2025-06-16T18:08:30.502+0000] {logging_mixin.py:190} INFO - [2025-06-16T18:08:30.502+0000] {dagbag.py:588} INFO - Filling up the DagBag from /home/airflow/.local/lib/python3.12/site-packages/airflow/example_dags/example_nested_branch_dag.py
[2025-06-16T18:08:30.523+0000] {processor.py:925} INFO - DAG(s) 'example_nested_branch_dag' retrieved from /home/airflow/.local/lib/python3.12/site-packages/airflow/example_dags/example_nested_branch_dag.py
[2025-06-16T18:08:30.583+0000] {logging_mixin.py:190} INFO - [2025-06-16T18:08:30.583+0000] {dag.py:3239} INFO - Sync 1 DAGs
[2025-06-16T18:08:30.622+0000] {logging_mixin.py:190} INFO - [2025-06-16T18:08:30.621+0000] {dag.py:4180} INFO - Setting next_dagrun for example_nested_branch_dag to 2025-06-15 00:00:00+00:00, run_after=2025-06-16 00:00:00+00:00
[2025-06-16T18:08:30.664+0000] {processor.py:208} INFO - Processing /home/airflow/.local/lib/python3.12/site-packages/airflow/example_dags/example_nested_branch_dag.py took 0.185 seconds
[2025-06-16T23:58:45.400+0000] {processor.py:186} INFO - Started process (PID=1823) to work on /home/airflow/.local/lib/python3.12/site-packages/airflow/example_dags/example_nested_branch_dag.py
[2025-06-16T23:58:45.407+0000] {processor.py:914} INFO - Processing file /home/airflow/.local/lib/python3.12/site-packages/airflow/example_dags/example_nested_branch_dag.py for tasks to queue
[2025-06-16T23:58:45.415+0000] {logging_mixin.py:190} INFO - [2025-06-16T23:58:45.414+0000] {dagbag.py:588} INFO - Filling up the DagBag from /home/airflow/.local/lib/python3.12/site-packages/airflow/example_dags/example_nested_branch_dag.py
[2025-06-16T23:58:45.451+0000] {processor.py:925} INFO - DAG(s) 'example_nested_branch_dag' retrieved from /home/airflow/.local/lib/python3.12/site-packages/airflow/example_dags/example_nested_branch_dag.py
[2025-06-16T23:58:45.535+0000] {logging_mixin.py:190} INFO - [2025-06-16T23:58:45.535+0000] {dag.py:3239} INFO - Sync 1 DAGs
[2025-06-16T23:58:45.592+0000] {logging_mixin.py:190} INFO - [2025-06-16T23:58:45.591+0000] {dag.py:4180} INFO - Setting next_dagrun for example_nested_branch_dag to 2025-06-15 00:00:00+00:00, run_after=2025-06-16 00:00:00+00:00
[2025-06-16T23:58:45.629+0000] {processor.py:208} INFO - Processing /home/airflow/.local/lib/python3.12/site-packages/airflow/example_dags/example_nested_branch_dag.py took 0.240 seconds
