[2025-06-16T13:59:28.727+0000] {processor.py:186} INFO - Started process (PID=97) to work on /home/airflow/.local/lib/python3.12/site-packages/airflow/example_dags/example_task_group_decorator.py
[2025-06-16T13:59:28.733+0000] {processor.py:914} INFO - Processing file /home/airflow/.local/lib/python3.12/site-packages/airflow/example_dags/example_task_group_decorator.py for tasks to queue
[2025-06-16T13:59:28.738+0000] {logging_mixin.py:190} INFO - [2025-06-16T13:59:28.737+0000] {dagbag.py:588} INFO - Filling up the DagBag from /home/airflow/.local/lib/python3.12/site-packages/airflow/example_dags/example_task_group_decorator.py
[2025-06-16T13:59:28.758+0000] {processor.py:925} INFO - DAG(s) 'example_task_group_decorator' retrieved from /home/airflow/.local/lib/python3.12/site-packages/airflow/example_dags/example_task_group_decorator.py
[2025-06-16T13:59:28.895+0000] {logging_mixin.py:190} INFO - [2025-06-16T13:59:28.895+0000] {override.py:1912} INFO - Created Permission View: can delete on DAG:example_task_group_decorator
[2025-06-16T13:59:28.922+0000] {logging_mixin.py:190} INFO - [2025-06-16T13:59:28.921+0000] {override.py:1912} INFO - Created Permission View: can read on DAG:example_task_group_decorator
[2025-06-16T13:59:28.937+0000] {logging_mixin.py:190} INFO - [2025-06-16T13:59:28.937+0000] {override.py:1912} INFO - Created Permission View: can edit on DAG:example_task_group_decorator
[2025-06-16T13:59:28.959+0000] {logging_mixin.py:190} INFO - [2025-06-16T13:59:28.959+0000] {override.py:1912} INFO - Created Permission View: can delete on DAG Run:example_task_group_decorator
[2025-06-16T13:59:28.978+0000] {logging_mixin.py:190} INFO - [2025-06-16T13:59:28.978+0000] {override.py:1912} INFO - Created Permission View: can create on DAG Run:example_task_group_decorator
[2025-06-16T13:59:28.988+0000] {logging_mixin.py:190} INFO - [2025-06-16T13:59:28.988+0000] {override.py:1912} INFO - Created Permission View: can read on DAG Run:example_task_group_decorator
[2025-06-16T13:59:28.994+0000] {logging_mixin.py:190} INFO - [2025-06-16T13:59:28.994+0000] {override.py:1912} INFO - Created Permission View: menu access on DAG Run:example_task_group_decorator
[2025-06-16T13:59:28.996+0000] {logging_mixin.py:190} INFO - [2025-06-16T13:59:28.996+0000] {dag.py:3239} INFO - Sync 1 DAGs
[2025-06-16T13:59:29.013+0000] {logging_mixin.py:190} INFO - [2025-06-16T13:59:29.013+0000] {dag.py:3262} INFO - Creating ORM DAG for example_task_group_decorator
[2025-06-16T13:59:29.020+0000] {logging_mixin.py:190} INFO - [2025-06-16T13:59:29.020+0000] {dag.py:4180} INFO - Setting next_dagrun for example_task_group_decorator to None, run_after=None
[2025-06-16T13:59:29.055+0000] {processor.py:208} INFO - Processing /home/airflow/.local/lib/python3.12/site-packages/airflow/example_dags/example_task_group_decorator.py took 0.332 seconds
[2025-06-16T13:59:59.331+0000] {processor.py:186} INFO - Started process (PID=160) to work on /home/airflow/.local/lib/python3.12/site-packages/airflow/example_dags/example_task_group_decorator.py
[2025-06-16T13:59:59.333+0000] {processor.py:914} INFO - Processing file /home/airflow/.local/lib/python3.12/site-packages/airflow/example_dags/example_task_group_decorator.py for tasks to queue
[2025-06-16T13:59:59.338+0000] {logging_mixin.py:190} INFO - [2025-06-16T13:59:59.337+0000] {dagbag.py:588} INFO - Filling up the DagBag from /home/airflow/.local/lib/python3.12/site-packages/airflow/example_dags/example_task_group_decorator.py
[2025-06-16T13:59:59.354+0000] {processor.py:925} INFO - DAG(s) 'example_task_group_decorator' retrieved from /home/airflow/.local/lib/python3.12/site-packages/airflow/example_dags/example_task_group_decorator.py
[2025-06-16T13:59:59.385+0000] {logging_mixin.py:190} INFO - [2025-06-16T13:59:59.385+0000] {dag.py:3239} INFO - Sync 1 DAGs
[2025-06-16T13:59:59.399+0000] {logging_mixin.py:190} INFO - [2025-06-16T13:59:59.398+0000] {dag.py:4180} INFO - Setting next_dagrun for example_task_group_decorator to None, run_after=None
[2025-06-16T13:59:59.417+0000] {processor.py:208} INFO - Processing /home/airflow/.local/lib/python3.12/site-packages/airflow/example_dags/example_task_group_decorator.py took 0.091 seconds
[2025-06-16T14:00:30.045+0000] {processor.py:186} INFO - Started process (PID=223) to work on /home/airflow/.local/lib/python3.12/site-packages/airflow/example_dags/example_task_group_decorator.py
[2025-06-16T14:00:30.048+0000] {processor.py:914} INFO - Processing file /home/airflow/.local/lib/python3.12/site-packages/airflow/example_dags/example_task_group_decorator.py for tasks to queue
[2025-06-16T14:00:30.053+0000] {logging_mixin.py:190} INFO - [2025-06-16T14:00:30.053+0000] {dagbag.py:588} INFO - Filling up the DagBag from /home/airflow/.local/lib/python3.12/site-packages/airflow/example_dags/example_task_group_decorator.py
[2025-06-16T14:00:30.069+0000] {processor.py:925} INFO - DAG(s) 'example_task_group_decorator' retrieved from /home/airflow/.local/lib/python3.12/site-packages/airflow/example_dags/example_task_group_decorator.py
[2025-06-16T14:00:30.089+0000] {logging_mixin.py:190} INFO - [2025-06-16T14:00:30.089+0000] {dag.py:3239} INFO - Sync 1 DAGs
[2025-06-16T14:00:30.099+0000] {logging_mixin.py:190} INFO - [2025-06-16T14:00:30.099+0000] {dag.py:4180} INFO - Setting next_dagrun for example_task_group_decorator to None, run_after=None
[2025-06-16T14:00:30.115+0000] {processor.py:208} INFO - Processing /home/airflow/.local/lib/python3.12/site-packages/airflow/example_dags/example_task_group_decorator.py took 0.077 seconds
[2025-06-16T14:01:00.934+0000] {processor.py:186} INFO - Started process (PID=285) to work on /home/airflow/.local/lib/python3.12/site-packages/airflow/example_dags/example_task_group_decorator.py
[2025-06-16T14:01:00.936+0000] {processor.py:914} INFO - Processing file /home/airflow/.local/lib/python3.12/site-packages/airflow/example_dags/example_task_group_decorator.py for tasks to queue
[2025-06-16T14:01:00.939+0000] {logging_mixin.py:190} INFO - [2025-06-16T14:01:00.938+0000] {dagbag.py:588} INFO - Filling up the DagBag from /home/airflow/.local/lib/python3.12/site-packages/airflow/example_dags/example_task_group_decorator.py
[2025-06-16T14:01:00.948+0000] {processor.py:925} INFO - DAG(s) 'example_task_group_decorator' retrieved from /home/airflow/.local/lib/python3.12/site-packages/airflow/example_dags/example_task_group_decorator.py
[2025-06-16T14:01:00.962+0000] {logging_mixin.py:190} INFO - [2025-06-16T14:01:00.961+0000] {dag.py:3239} INFO - Sync 1 DAGs
[2025-06-16T14:01:00.970+0000] {logging_mixin.py:190} INFO - [2025-06-16T14:01:00.970+0000] {dag.py:4180} INFO - Setting next_dagrun for example_task_group_decorator to None, run_after=None
[2025-06-16T14:01:00.986+0000] {processor.py:208} INFO - Processing /home/airflow/.local/lib/python3.12/site-packages/airflow/example_dags/example_task_group_decorator.py took 0.060 seconds
[2025-06-16T14:01:31.573+0000] {processor.py:186} INFO - Started process (PID=348) to work on /home/airflow/.local/lib/python3.12/site-packages/airflow/example_dags/example_task_group_decorator.py
[2025-06-16T14:01:31.574+0000] {processor.py:914} INFO - Processing file /home/airflow/.local/lib/python3.12/site-packages/airflow/example_dags/example_task_group_decorator.py for tasks to queue
[2025-06-16T14:01:31.577+0000] {logging_mixin.py:190} INFO - [2025-06-16T14:01:31.577+0000] {dagbag.py:588} INFO - Filling up the DagBag from /home/airflow/.local/lib/python3.12/site-packages/airflow/example_dags/example_task_group_decorator.py
[2025-06-16T14:01:31.591+0000] {processor.py:925} INFO - DAG(s) 'example_task_group_decorator' retrieved from /home/airflow/.local/lib/python3.12/site-packages/airflow/example_dags/example_task_group_decorator.py
[2025-06-16T14:01:31.606+0000] {logging_mixin.py:190} INFO - [2025-06-16T14:01:31.606+0000] {dag.py:3239} INFO - Sync 1 DAGs
[2025-06-16T14:01:31.615+0000] {logging_mixin.py:190} INFO - [2025-06-16T14:01:31.615+0000] {dag.py:4180} INFO - Setting next_dagrun for example_task_group_decorator to None, run_after=None
[2025-06-16T14:01:31.627+0000] {processor.py:208} INFO - Processing /home/airflow/.local/lib/python3.12/site-packages/airflow/example_dags/example_task_group_decorator.py took 0.058 seconds
[2025-06-16T14:02:02.244+0000] {processor.py:186} INFO - Started process (PID=411) to work on /home/airflow/.local/lib/python3.12/site-packages/airflow/example_dags/example_task_group_decorator.py
[2025-06-16T14:02:02.247+0000] {processor.py:914} INFO - Processing file /home/airflow/.local/lib/python3.12/site-packages/airflow/example_dags/example_task_group_decorator.py for tasks to queue
[2025-06-16T14:02:02.250+0000] {logging_mixin.py:190} INFO - [2025-06-16T14:02:02.249+0000] {dagbag.py:588} INFO - Filling up the DagBag from /home/airflow/.local/lib/python3.12/site-packages/airflow/example_dags/example_task_group_decorator.py
[2025-06-16T14:02:02.260+0000] {processor.py:925} INFO - DAG(s) 'example_task_group_decorator' retrieved from /home/airflow/.local/lib/python3.12/site-packages/airflow/example_dags/example_task_group_decorator.py
[2025-06-16T14:02:02.279+0000] {logging_mixin.py:190} INFO - [2025-06-16T14:02:02.279+0000] {dag.py:3239} INFO - Sync 1 DAGs
[2025-06-16T14:02:02.289+0000] {logging_mixin.py:190} INFO - [2025-06-16T14:02:02.289+0000] {dag.py:4180} INFO - Setting next_dagrun for example_task_group_decorator to None, run_after=None
[2025-06-16T14:02:02.305+0000] {processor.py:208} INFO - Processing /home/airflow/.local/lib/python3.12/site-packages/airflow/example_dags/example_task_group_decorator.py took 0.065 seconds
[2025-06-16T14:02:33.030+0000] {processor.py:186} INFO - Started process (PID=473) to work on /home/airflow/.local/lib/python3.12/site-packages/airflow/example_dags/example_task_group_decorator.py
[2025-06-16T14:02:33.050+0000] {processor.py:914} INFO - Processing file /home/airflow/.local/lib/python3.12/site-packages/airflow/example_dags/example_task_group_decorator.py for tasks to queue
[2025-06-16T14:02:33.053+0000] {logging_mixin.py:190} INFO - [2025-06-16T14:02:33.053+0000] {dagbag.py:588} INFO - Filling up the DagBag from /home/airflow/.local/lib/python3.12/site-packages/airflow/example_dags/example_task_group_decorator.py
[2025-06-16T14:02:33.067+0000] {processor.py:925} INFO - DAG(s) 'example_task_group_decorator' retrieved from /home/airflow/.local/lib/python3.12/site-packages/airflow/example_dags/example_task_group_decorator.py
[2025-06-16T14:02:33.107+0000] {logging_mixin.py:190} INFO - [2025-06-16T14:02:33.107+0000] {dag.py:3239} INFO - Sync 1 DAGs
[2025-06-16T14:02:33.155+0000] {logging_mixin.py:190} INFO - [2025-06-16T14:02:33.155+0000] {dag.py:4180} INFO - Setting next_dagrun for example_task_group_decorator to None, run_after=None
[2025-06-16T14:02:33.189+0000] {processor.py:208} INFO - Processing /home/airflow/.local/lib/python3.12/site-packages/airflow/example_dags/example_task_group_decorator.py took 0.165 seconds
[2025-06-16T14:05:31.075+0000] {processor.py:186} INFO - Started process (PID=560) to work on /home/airflow/.local/lib/python3.12/site-packages/airflow/example_dags/example_task_group_decorator.py
[2025-06-16T14:05:31.079+0000] {processor.py:914} INFO - Processing file /home/airflow/.local/lib/python3.12/site-packages/airflow/example_dags/example_task_group_decorator.py for tasks to queue
[2025-06-16T14:05:31.081+0000] {logging_mixin.py:190} INFO - [2025-06-16T14:05:31.081+0000] {dagbag.py:588} INFO - Filling up the DagBag from /home/airflow/.local/lib/python3.12/site-packages/airflow/example_dags/example_task_group_decorator.py
[2025-06-16T14:05:31.097+0000] {processor.py:925} INFO - DAG(s) 'example_task_group_decorator' retrieved from /home/airflow/.local/lib/python3.12/site-packages/airflow/example_dags/example_task_group_decorator.py
[2025-06-16T14:05:31.130+0000] {logging_mixin.py:190} INFO - [2025-06-16T14:05:31.130+0000] {dag.py:3239} INFO - Sync 1 DAGs
[2025-06-16T14:05:31.145+0000] {logging_mixin.py:190} INFO - [2025-06-16T14:05:31.145+0000] {dag.py:4180} INFO - Setting next_dagrun for example_task_group_decorator to None, run_after=None
[2025-06-16T14:05:31.162+0000] {processor.py:208} INFO - Processing /home/airflow/.local/lib/python3.12/site-packages/airflow/example_dags/example_task_group_decorator.py took 0.093 seconds
[2025-06-16T14:06:01.960+0000] {processor.py:186} INFO - Started process (PID=623) to work on /home/airflow/.local/lib/python3.12/site-packages/airflow/example_dags/example_task_group_decorator.py
[2025-06-16T14:06:01.962+0000] {processor.py:914} INFO - Processing file /home/airflow/.local/lib/python3.12/site-packages/airflow/example_dags/example_task_group_decorator.py for tasks to queue
[2025-06-16T14:06:01.964+0000] {logging_mixin.py:190} INFO - [2025-06-16T14:06:01.963+0000] {dagbag.py:588} INFO - Filling up the DagBag from /home/airflow/.local/lib/python3.12/site-packages/airflow/example_dags/example_task_group_decorator.py
[2025-06-16T14:06:01.972+0000] {processor.py:925} INFO - DAG(s) 'example_task_group_decorator' retrieved from /home/airflow/.local/lib/python3.12/site-packages/airflow/example_dags/example_task_group_decorator.py
[2025-06-16T14:06:01.990+0000] {logging_mixin.py:190} INFO - [2025-06-16T14:06:01.990+0000] {dag.py:3239} INFO - Sync 1 DAGs
[2025-06-16T14:06:01.998+0000] {logging_mixin.py:190} INFO - [2025-06-16T14:06:01.998+0000] {dag.py:4180} INFO - Setting next_dagrun for example_task_group_decorator to None, run_after=None
[2025-06-16T14:06:02.015+0000] {processor.py:208} INFO - Processing /home/airflow/.local/lib/python3.12/site-packages/airflow/example_dags/example_task_group_decorator.py took 0.059 seconds
[2025-06-16T14:06:32.650+0000] {processor.py:186} INFO - Started process (PID=686) to work on /home/airflow/.local/lib/python3.12/site-packages/airflow/example_dags/example_task_group_decorator.py
[2025-06-16T14:06:32.652+0000] {processor.py:914} INFO - Processing file /home/airflow/.local/lib/python3.12/site-packages/airflow/example_dags/example_task_group_decorator.py for tasks to queue
[2025-06-16T14:06:32.654+0000] {logging_mixin.py:190} INFO - [2025-06-16T14:06:32.653+0000] {dagbag.py:588} INFO - Filling up the DagBag from /home/airflow/.local/lib/python3.12/site-packages/airflow/example_dags/example_task_group_decorator.py
[2025-06-16T14:06:32.665+0000] {processor.py:925} INFO - DAG(s) 'example_task_group_decorator' retrieved from /home/airflow/.local/lib/python3.12/site-packages/airflow/example_dags/example_task_group_decorator.py
[2025-06-16T14:06:32.684+0000] {logging_mixin.py:190} INFO - [2025-06-16T14:06:32.682+0000] {dag.py:3239} INFO - Sync 1 DAGs
[2025-06-16T14:06:32.692+0000] {logging_mixin.py:190} INFO - [2025-06-16T14:06:32.692+0000] {dag.py:4180} INFO - Setting next_dagrun for example_task_group_decorator to None, run_after=None
[2025-06-16T14:06:32.704+0000] {processor.py:208} INFO - Processing /home/airflow/.local/lib/python3.12/site-packages/airflow/example_dags/example_task_group_decorator.py took 0.058 seconds
[2025-06-16T14:07:03.724+0000] {processor.py:186} INFO - Started process (PID=749) to work on /home/airflow/.local/lib/python3.12/site-packages/airflow/example_dags/example_task_group_decorator.py
[2025-06-16T14:07:03.727+0000] {processor.py:914} INFO - Processing file /home/airflow/.local/lib/python3.12/site-packages/airflow/example_dags/example_task_group_decorator.py for tasks to queue
[2025-06-16T14:07:03.730+0000] {logging_mixin.py:190} INFO - [2025-06-16T14:07:03.730+0000] {dagbag.py:588} INFO - Filling up the DagBag from /home/airflow/.local/lib/python3.12/site-packages/airflow/example_dags/example_task_group_decorator.py
[2025-06-16T14:07:03.743+0000] {processor.py:925} INFO - DAG(s) 'example_task_group_decorator' retrieved from /home/airflow/.local/lib/python3.12/site-packages/airflow/example_dags/example_task_group_decorator.py
[2025-06-16T14:07:03.765+0000] {logging_mixin.py:190} INFO - [2025-06-16T14:07:03.765+0000] {dag.py:3239} INFO - Sync 1 DAGs
[2025-06-16T14:07:03.777+0000] {logging_mixin.py:190} INFO - [2025-06-16T14:07:03.776+0000] {dag.py:4180} INFO - Setting next_dagrun for example_task_group_decorator to None, run_after=None
[2025-06-16T14:07:03.795+0000] {processor.py:208} INFO - Processing /home/airflow/.local/lib/python3.12/site-packages/airflow/example_dags/example_task_group_decorator.py took 0.075 seconds
[2025-06-16T14:07:34.585+0000] {processor.py:186} INFO - Started process (PID=811) to work on /home/airflow/.local/lib/python3.12/site-packages/airflow/example_dags/example_task_group_decorator.py
[2025-06-16T14:07:34.587+0000] {processor.py:914} INFO - Processing file /home/airflow/.local/lib/python3.12/site-packages/airflow/example_dags/example_task_group_decorator.py for tasks to queue
[2025-06-16T14:07:34.589+0000] {logging_mixin.py:190} INFO - [2025-06-16T14:07:34.589+0000] {dagbag.py:588} INFO - Filling up the DagBag from /home/airflow/.local/lib/python3.12/site-packages/airflow/example_dags/example_task_group_decorator.py
[2025-06-16T14:07:34.600+0000] {processor.py:925} INFO - DAG(s) 'example_task_group_decorator' retrieved from /home/airflow/.local/lib/python3.12/site-packages/airflow/example_dags/example_task_group_decorator.py
[2025-06-16T14:07:34.622+0000] {logging_mixin.py:190} INFO - [2025-06-16T14:07:34.621+0000] {dag.py:3239} INFO - Sync 1 DAGs
[2025-06-16T14:07:34.635+0000] {logging_mixin.py:190} INFO - [2025-06-16T14:07:34.635+0000] {dag.py:4180} INFO - Setting next_dagrun for example_task_group_decorator to None, run_after=None
[2025-06-16T14:07:34.654+0000] {processor.py:208} INFO - Processing /home/airflow/.local/lib/python3.12/site-packages/airflow/example_dags/example_task_group_decorator.py took 0.073 seconds
[2025-06-16T14:08:05.817+0000] {processor.py:186} INFO - Started process (PID=873) to work on /home/airflow/.local/lib/python3.12/site-packages/airflow/example_dags/example_task_group_decorator.py
[2025-06-16T14:08:05.819+0000] {processor.py:914} INFO - Processing file /home/airflow/.local/lib/python3.12/site-packages/airflow/example_dags/example_task_group_decorator.py for tasks to queue
[2025-06-16T14:08:05.822+0000] {logging_mixin.py:190} INFO - [2025-06-16T14:08:05.821+0000] {dagbag.py:588} INFO - Filling up the DagBag from /home/airflow/.local/lib/python3.12/site-packages/airflow/example_dags/example_task_group_decorator.py
[2025-06-16T14:08:05.835+0000] {processor.py:925} INFO - DAG(s) 'example_task_group_decorator' retrieved from /home/airflow/.local/lib/python3.12/site-packages/airflow/example_dags/example_task_group_decorator.py
[2025-06-16T14:08:05.856+0000] {logging_mixin.py:190} INFO - [2025-06-16T14:08:05.856+0000] {dag.py:3239} INFO - Sync 1 DAGs
[2025-06-16T14:08:05.868+0000] {logging_mixin.py:190} INFO - [2025-06-16T14:08:05.868+0000] {dag.py:4180} INFO - Setting next_dagrun for example_task_group_decorator to None, run_after=None
[2025-06-16T14:08:05.887+0000] {processor.py:208} INFO - Processing /home/airflow/.local/lib/python3.12/site-packages/airflow/example_dags/example_task_group_decorator.py took 0.074 seconds
[2025-06-16T14:08:36.757+0000] {processor.py:186} INFO - Started process (PID=936) to work on /home/airflow/.local/lib/python3.12/site-packages/airflow/example_dags/example_task_group_decorator.py
[2025-06-16T14:08:36.758+0000] {processor.py:914} INFO - Processing file /home/airflow/.local/lib/python3.12/site-packages/airflow/example_dags/example_task_group_decorator.py for tasks to queue
[2025-06-16T14:08:36.760+0000] {logging_mixin.py:190} INFO - [2025-06-16T14:08:36.760+0000] {dagbag.py:588} INFO - Filling up the DagBag from /home/airflow/.local/lib/python3.12/site-packages/airflow/example_dags/example_task_group_decorator.py
[2025-06-16T14:08:36.769+0000] {processor.py:925} INFO - DAG(s) 'example_task_group_decorator' retrieved from /home/airflow/.local/lib/python3.12/site-packages/airflow/example_dags/example_task_group_decorator.py
[2025-06-16T14:08:36.784+0000] {logging_mixin.py:190} INFO - [2025-06-16T14:08:36.784+0000] {dag.py:3239} INFO - Sync 1 DAGs
[2025-06-16T14:08:36.793+0000] {logging_mixin.py:190} INFO - [2025-06-16T14:08:36.793+0000] {dag.py:4180} INFO - Setting next_dagrun for example_task_group_decorator to None, run_after=None
[2025-06-16T14:08:36.804+0000] {processor.py:208} INFO - Processing /home/airflow/.local/lib/python3.12/site-packages/airflow/example_dags/example_task_group_decorator.py took 0.051 seconds
[2025-06-16T14:09:08.105+0000] {processor.py:186} INFO - Started process (PID=999) to work on /home/airflow/.local/lib/python3.12/site-packages/airflow/example_dags/example_task_group_decorator.py
[2025-06-16T14:09:08.107+0000] {processor.py:914} INFO - Processing file /home/airflow/.local/lib/python3.12/site-packages/airflow/example_dags/example_task_group_decorator.py for tasks to queue
[2025-06-16T14:09:08.109+0000] {logging_mixin.py:190} INFO - [2025-06-16T14:09:08.109+0000] {dagbag.py:588} INFO - Filling up the DagBag from /home/airflow/.local/lib/python3.12/site-packages/airflow/example_dags/example_task_group_decorator.py
[2025-06-16T14:09:08.118+0000] {processor.py:925} INFO - DAG(s) 'example_task_group_decorator' retrieved from /home/airflow/.local/lib/python3.12/site-packages/airflow/example_dags/example_task_group_decorator.py
[2025-06-16T14:09:08.133+0000] {logging_mixin.py:190} INFO - [2025-06-16T14:09:08.133+0000] {dag.py:3239} INFO - Sync 1 DAGs
[2025-06-16T14:09:08.142+0000] {logging_mixin.py:190} INFO - [2025-06-16T14:09:08.142+0000] {dag.py:4180} INFO - Setting next_dagrun for example_task_group_decorator to None, run_after=None
[2025-06-16T14:09:08.154+0000] {processor.py:208} INFO - Processing /home/airflow/.local/lib/python3.12/site-packages/airflow/example_dags/example_task_group_decorator.py took 0.052 seconds
[2025-06-16T14:09:38.824+0000] {processor.py:186} INFO - Started process (PID=1062) to work on /home/airflow/.local/lib/python3.12/site-packages/airflow/example_dags/example_task_group_decorator.py
[2025-06-16T14:09:38.827+0000] {processor.py:914} INFO - Processing file /home/airflow/.local/lib/python3.12/site-packages/airflow/example_dags/example_task_group_decorator.py for tasks to queue
[2025-06-16T14:09:38.830+0000] {logging_mixin.py:190} INFO - [2025-06-16T14:09:38.829+0000] {dagbag.py:588} INFO - Filling up the DagBag from /home/airflow/.local/lib/python3.12/site-packages/airflow/example_dags/example_task_group_decorator.py
[2025-06-16T14:09:38.839+0000] {processor.py:925} INFO - DAG(s) 'example_task_group_decorator' retrieved from /home/airflow/.local/lib/python3.12/site-packages/airflow/example_dags/example_task_group_decorator.py
[2025-06-16T14:09:38.859+0000] {logging_mixin.py:190} INFO - [2025-06-16T14:09:38.859+0000] {dag.py:3239} INFO - Sync 1 DAGs
[2025-06-16T14:09:38.868+0000] {logging_mixin.py:190} INFO - [2025-06-16T14:09:38.868+0000] {dag.py:4180} INFO - Setting next_dagrun for example_task_group_decorator to None, run_after=None
[2025-06-16T14:09:38.880+0000] {processor.py:208} INFO - Processing /home/airflow/.local/lib/python3.12/site-packages/airflow/example_dags/example_task_group_decorator.py took 0.062 seconds
[2025-06-16T14:10:51.351+0000] {processor.py:186} INFO - Started process (PID=1125) to work on /home/airflow/.local/lib/python3.12/site-packages/airflow/example_dags/example_task_group_decorator.py
[2025-06-16T14:10:51.353+0000] {processor.py:914} INFO - Processing file /home/airflow/.local/lib/python3.12/site-packages/airflow/example_dags/example_task_group_decorator.py for tasks to queue
[2025-06-16T14:10:51.355+0000] {logging_mixin.py:190} INFO - [2025-06-16T14:10:51.355+0000] {dagbag.py:588} INFO - Filling up the DagBag from /home/airflow/.local/lib/python3.12/site-packages/airflow/example_dags/example_task_group_decorator.py
[2025-06-16T14:10:51.363+0000] {processor.py:925} INFO - DAG(s) 'example_task_group_decorator' retrieved from /home/airflow/.local/lib/python3.12/site-packages/airflow/example_dags/example_task_group_decorator.py
[2025-06-16T14:10:51.381+0000] {logging_mixin.py:190} INFO - [2025-06-16T14:10:51.381+0000] {dag.py:3239} INFO - Sync 1 DAGs
[2025-06-16T14:10:51.390+0000] {logging_mixin.py:190} INFO - [2025-06-16T14:10:51.390+0000] {dag.py:4180} INFO - Setting next_dagrun for example_task_group_decorator to None, run_after=None
[2025-06-16T14:10:51.400+0000] {processor.py:208} INFO - Processing /home/airflow/.local/lib/python3.12/site-packages/airflow/example_dags/example_task_group_decorator.py took 0.053 seconds
[2025-06-16T14:11:41.669+0000] {processor.py:186} INFO - Started process (PID=1188) to work on /home/airflow/.local/lib/python3.12/site-packages/airflow/example_dags/example_task_group_decorator.py
[2025-06-16T14:11:41.674+0000] {processor.py:914} INFO - Processing file /home/airflow/.local/lib/python3.12/site-packages/airflow/example_dags/example_task_group_decorator.py for tasks to queue
[2025-06-16T14:11:41.681+0000] {logging_mixin.py:190} INFO - [2025-06-16T14:11:41.681+0000] {dagbag.py:588} INFO - Filling up the DagBag from /home/airflow/.local/lib/python3.12/site-packages/airflow/example_dags/example_task_group_decorator.py
[2025-06-16T14:11:41.705+0000] {processor.py:925} INFO - DAG(s) 'example_task_group_decorator' retrieved from /home/airflow/.local/lib/python3.12/site-packages/airflow/example_dags/example_task_group_decorator.py
[2025-06-16T14:11:41.766+0000] {logging_mixin.py:190} INFO - [2025-06-16T14:11:41.766+0000] {dag.py:3239} INFO - Sync 1 DAGs
[2025-06-16T14:11:41.784+0000] {logging_mixin.py:190} INFO - [2025-06-16T14:11:41.783+0000] {dag.py:4180} INFO - Setting next_dagrun for example_task_group_decorator to None, run_after=None
[2025-06-16T14:11:41.820+0000] {processor.py:208} INFO - Processing /home/airflow/.local/lib/python3.12/site-packages/airflow/example_dags/example_task_group_decorator.py took 0.159 seconds
[2025-06-16T14:12:12.566+0000] {processor.py:186} INFO - Started process (PID=1251) to work on /home/airflow/.local/lib/python3.12/site-packages/airflow/example_dags/example_task_group_decorator.py
[2025-06-16T14:12:12.568+0000] {processor.py:914} INFO - Processing file /home/airflow/.local/lib/python3.12/site-packages/airflow/example_dags/example_task_group_decorator.py for tasks to queue
[2025-06-16T14:12:12.570+0000] {logging_mixin.py:190} INFO - [2025-06-16T14:12:12.569+0000] {dagbag.py:588} INFO - Filling up the DagBag from /home/airflow/.local/lib/python3.12/site-packages/airflow/example_dags/example_task_group_decorator.py
[2025-06-16T14:12:12.578+0000] {processor.py:925} INFO - DAG(s) 'example_task_group_decorator' retrieved from /home/airflow/.local/lib/python3.12/site-packages/airflow/example_dags/example_task_group_decorator.py
[2025-06-16T14:12:12.597+0000] {logging_mixin.py:190} INFO - [2025-06-16T14:12:12.597+0000] {dag.py:3239} INFO - Sync 1 DAGs
[2025-06-16T14:12:12.607+0000] {logging_mixin.py:190} INFO - [2025-06-16T14:12:12.607+0000] {dag.py:4180} INFO - Setting next_dagrun for example_task_group_decorator to None, run_after=None
[2025-06-16T14:12:12.622+0000] {processor.py:208} INFO - Processing /home/airflow/.local/lib/python3.12/site-packages/airflow/example_dags/example_task_group_decorator.py took 0.060 seconds
[2025-06-16T14:12:43.364+0000] {processor.py:186} INFO - Started process (PID=1314) to work on /home/airflow/.local/lib/python3.12/site-packages/airflow/example_dags/example_task_group_decorator.py
[2025-06-16T14:12:43.366+0000] {processor.py:914} INFO - Processing file /home/airflow/.local/lib/python3.12/site-packages/airflow/example_dags/example_task_group_decorator.py for tasks to queue
[2025-06-16T14:12:43.368+0000] {logging_mixin.py:190} INFO - [2025-06-16T14:12:43.367+0000] {dagbag.py:588} INFO - Filling up the DagBag from /home/airflow/.local/lib/python3.12/site-packages/airflow/example_dags/example_task_group_decorator.py
[2025-06-16T14:12:43.378+0000] {processor.py:925} INFO - DAG(s) 'example_task_group_decorator' retrieved from /home/airflow/.local/lib/python3.12/site-packages/airflow/example_dags/example_task_group_decorator.py
[2025-06-16T14:12:43.397+0000] {logging_mixin.py:190} INFO - [2025-06-16T14:12:43.397+0000] {dag.py:3239} INFO - Sync 1 DAGs
[2025-06-16T14:12:43.409+0000] {logging_mixin.py:190} INFO - [2025-06-16T14:12:43.408+0000] {dag.py:4180} INFO - Setting next_dagrun for example_task_group_decorator to None, run_after=None
[2025-06-16T14:12:43.419+0000] {processor.py:208} INFO - Processing /home/airflow/.local/lib/python3.12/site-packages/airflow/example_dags/example_task_group_decorator.py took 0.058 seconds
[2025-06-16T14:13:13.998+0000] {processor.py:186} INFO - Started process (PID=1377) to work on /home/airflow/.local/lib/python3.12/site-packages/airflow/example_dags/example_task_group_decorator.py
[2025-06-16T14:13:14.000+0000] {processor.py:914} INFO - Processing file /home/airflow/.local/lib/python3.12/site-packages/airflow/example_dags/example_task_group_decorator.py for tasks to queue
[2025-06-16T14:13:14.002+0000] {logging_mixin.py:190} INFO - [2025-06-16T14:13:14.002+0000] {dagbag.py:588} INFO - Filling up the DagBag from /home/airflow/.local/lib/python3.12/site-packages/airflow/example_dags/example_task_group_decorator.py
[2025-06-16T14:13:14.011+0000] {processor.py:925} INFO - DAG(s) 'example_task_group_decorator' retrieved from /home/airflow/.local/lib/python3.12/site-packages/airflow/example_dags/example_task_group_decorator.py
[2025-06-16T14:13:14.030+0000] {logging_mixin.py:190} INFO - [2025-06-16T14:13:14.029+0000] {dag.py:3239} INFO - Sync 1 DAGs
[2025-06-16T14:13:14.039+0000] {logging_mixin.py:190} INFO - [2025-06-16T14:13:14.039+0000] {dag.py:4180} INFO - Setting next_dagrun for example_task_group_decorator to None, run_after=None
[2025-06-16T14:13:14.057+0000] {processor.py:208} INFO - Processing /home/airflow/.local/lib/python3.12/site-packages/airflow/example_dags/example_task_group_decorator.py took 0.062 seconds
[2025-06-16T14:13:44.704+0000] {processor.py:186} INFO - Started process (PID=1440) to work on /home/airflow/.local/lib/python3.12/site-packages/airflow/example_dags/example_task_group_decorator.py
[2025-06-16T14:13:44.706+0000] {processor.py:914} INFO - Processing file /home/airflow/.local/lib/python3.12/site-packages/airflow/example_dags/example_task_group_decorator.py for tasks to queue
[2025-06-16T14:13:44.708+0000] {logging_mixin.py:190} INFO - [2025-06-16T14:13:44.708+0000] {dagbag.py:588} INFO - Filling up the DagBag from /home/airflow/.local/lib/python3.12/site-packages/airflow/example_dags/example_task_group_decorator.py
[2025-06-16T14:13:44.720+0000] {processor.py:925} INFO - DAG(s) 'example_task_group_decorator' retrieved from /home/airflow/.local/lib/python3.12/site-packages/airflow/example_dags/example_task_group_decorator.py
[2025-06-16T14:13:44.738+0000] {logging_mixin.py:190} INFO - [2025-06-16T14:13:44.738+0000] {dag.py:3239} INFO - Sync 1 DAGs
[2025-06-16T14:13:44.747+0000] {logging_mixin.py:190} INFO - [2025-06-16T14:13:44.747+0000] {dag.py:4180} INFO - Setting next_dagrun for example_task_group_decorator to None, run_after=None
[2025-06-16T14:13:44.761+0000] {processor.py:208} INFO - Processing /home/airflow/.local/lib/python3.12/site-packages/airflow/example_dags/example_task_group_decorator.py took 0.060 seconds
[2025-06-16T14:14:15.254+0000] {processor.py:186} INFO - Started process (PID=1503) to work on /home/airflow/.local/lib/python3.12/site-packages/airflow/example_dags/example_task_group_decorator.py
[2025-06-16T14:14:15.256+0000] {processor.py:914} INFO - Processing file /home/airflow/.local/lib/python3.12/site-packages/airflow/example_dags/example_task_group_decorator.py for tasks to queue
[2025-06-16T14:14:15.258+0000] {logging_mixin.py:190} INFO - [2025-06-16T14:14:15.258+0000] {dagbag.py:588} INFO - Filling up the DagBag from /home/airflow/.local/lib/python3.12/site-packages/airflow/example_dags/example_task_group_decorator.py
[2025-06-16T14:14:15.270+0000] {processor.py:925} INFO - DAG(s) 'example_task_group_decorator' retrieved from /home/airflow/.local/lib/python3.12/site-packages/airflow/example_dags/example_task_group_decorator.py
[2025-06-16T14:14:15.290+0000] {logging_mixin.py:190} INFO - [2025-06-16T14:14:15.290+0000] {dag.py:3239} INFO - Sync 1 DAGs
[2025-06-16T14:14:15.301+0000] {logging_mixin.py:190} INFO - [2025-06-16T14:14:15.300+0000] {dag.py:4180} INFO - Setting next_dagrun for example_task_group_decorator to None, run_after=None
[2025-06-16T14:14:15.320+0000] {processor.py:208} INFO - Processing /home/airflow/.local/lib/python3.12/site-packages/airflow/example_dags/example_task_group_decorator.py took 0.069 seconds
[2025-06-16T15:07:19.058+0000] {processor.py:186} INFO - Started process (PID=1566) to work on /home/airflow/.local/lib/python3.12/site-packages/airflow/example_dags/example_task_group_decorator.py
[2025-06-16T15:07:19.060+0000] {processor.py:914} INFO - Processing file /home/airflow/.local/lib/python3.12/site-packages/airflow/example_dags/example_task_group_decorator.py for tasks to queue
[2025-06-16T15:07:19.062+0000] {logging_mixin.py:190} INFO - [2025-06-16T15:07:19.062+0000] {dagbag.py:588} INFO - Filling up the DagBag from /home/airflow/.local/lib/python3.12/site-packages/airflow/example_dags/example_task_group_decorator.py
[2025-06-16T15:07:19.073+0000] {processor.py:925} INFO - DAG(s) 'example_task_group_decorator' retrieved from /home/airflow/.local/lib/python3.12/site-packages/airflow/example_dags/example_task_group_decorator.py
[2025-06-16T15:07:19.089+0000] {logging_mixin.py:190} INFO - [2025-06-16T15:07:19.089+0000] {dag.py:3239} INFO - Sync 1 DAGs
[2025-06-16T15:07:19.097+0000] {logging_mixin.py:190} INFO - [2025-06-16T15:07:19.097+0000] {dag.py:4180} INFO - Setting next_dagrun for example_task_group_decorator to None, run_after=None
[2025-06-16T15:07:19.112+0000] {processor.py:208} INFO - Processing /home/airflow/.local/lib/python3.12/site-packages/airflow/example_dags/example_task_group_decorator.py took 0.058 seconds
[2025-06-16T15:57:51.630+0000] {processor.py:186} INFO - Started process (PID=1629) to work on /home/airflow/.local/lib/python3.12/site-packages/airflow/example_dags/example_task_group_decorator.py
[2025-06-16T15:57:51.632+0000] {processor.py:914} INFO - Processing file /home/airflow/.local/lib/python3.12/site-packages/airflow/example_dags/example_task_group_decorator.py for tasks to queue
[2025-06-16T15:57:51.634+0000] {logging_mixin.py:190} INFO - [2025-06-16T15:57:51.634+0000] {dagbag.py:588} INFO - Filling up the DagBag from /home/airflow/.local/lib/python3.12/site-packages/airflow/example_dags/example_task_group_decorator.py
[2025-06-16T15:57:51.649+0000] {processor.py:925} INFO - DAG(s) 'example_task_group_decorator' retrieved from /home/airflow/.local/lib/python3.12/site-packages/airflow/example_dags/example_task_group_decorator.py
[2025-06-16T15:57:51.676+0000] {logging_mixin.py:190} INFO - [2025-06-16T15:57:51.676+0000] {dag.py:3239} INFO - Sync 1 DAGs
[2025-06-16T15:57:51.689+0000] {logging_mixin.py:190} INFO - [2025-06-16T15:57:51.689+0000] {dag.py:4180} INFO - Setting next_dagrun for example_task_group_decorator to None, run_after=None
[2025-06-16T15:57:51.705+0000] {processor.py:208} INFO - Processing /home/airflow/.local/lib/python3.12/site-packages/airflow/example_dags/example_task_group_decorator.py took 0.086 seconds
[2025-06-16T17:08:57.849+0000] {processor.py:186} INFO - Started process (PID=1693) to work on /home/airflow/.local/lib/python3.12/site-packages/airflow/example_dags/example_task_group_decorator.py
[2025-06-16T17:08:57.853+0000] {processor.py:914} INFO - Processing file /home/airflow/.local/lib/python3.12/site-packages/airflow/example_dags/example_task_group_decorator.py for tasks to queue
[2025-06-16T17:08:57.860+0000] {logging_mixin.py:190} INFO - [2025-06-16T17:08:57.859+0000] {dagbag.py:588} INFO - Filling up the DagBag from /home/airflow/.local/lib/python3.12/site-packages/airflow/example_dags/example_task_group_decorator.py
[2025-06-16T17:08:57.914+0000] {processor.py:925} INFO - DAG(s) 'example_task_group_decorator' retrieved from /home/airflow/.local/lib/python3.12/site-packages/airflow/example_dags/example_task_group_decorator.py
[2025-06-16T17:08:57.998+0000] {logging_mixin.py:190} INFO - [2025-06-16T17:08:57.998+0000] {dag.py:3239} INFO - Sync 1 DAGs
[2025-06-16T17:08:58.032+0000] {logging_mixin.py:190} INFO - [2025-06-16T17:08:58.032+0000] {dag.py:4180} INFO - Setting next_dagrun for example_task_group_decorator to None, run_after=None
[2025-06-16T17:08:58.089+0000] {processor.py:208} INFO - Processing /home/airflow/.local/lib/python3.12/site-packages/airflow/example_dags/example_task_group_decorator.py took 0.250 seconds
[2025-06-16T18:08:30.973+0000] {processor.py:186} INFO - Started process (PID=1756) to work on /home/airflow/.local/lib/python3.12/site-packages/airflow/example_dags/example_task_group_decorator.py
[2025-06-16T18:08:31.068+0000] {processor.py:914} INFO - Processing file /home/airflow/.local/lib/python3.12/site-packages/airflow/example_dags/example_task_group_decorator.py for tasks to queue
[2025-06-16T18:08:31.188+0000] {logging_mixin.py:190} INFO - [2025-06-16T18:08:31.186+0000] {dagbag.py:588} INFO - Filling up the DagBag from /home/airflow/.local/lib/python3.12/site-packages/airflow/example_dags/example_task_group_decorator.py
[2025-06-16T18:08:31.836+0000] {processor.py:925} INFO - DAG(s) 'example_task_group_decorator' retrieved from /home/airflow/.local/lib/python3.12/site-packages/airflow/example_dags/example_task_group_decorator.py
[2025-06-16T18:08:32.234+0000] {logging_mixin.py:190} INFO - [2025-06-16T18:08:32.233+0000] {dag.py:3239} INFO - Sync 1 DAGs
[2025-06-16T18:08:32.391+0000] {logging_mixin.py:190} INFO - [2025-06-16T18:08:32.390+0000] {dag.py:4180} INFO - Setting next_dagrun for example_task_group_decorator to None, run_after=None
[2025-06-16T18:08:32.521+0000] {processor.py:208} INFO - Processing /home/airflow/.local/lib/python3.12/site-packages/airflow/example_dags/example_task_group_decorator.py took 1.557 seconds
[2025-06-16T23:58:45.892+0000] {processor.py:186} INFO - Started process (PID=1825) to work on /home/airflow/.local/lib/python3.12/site-packages/airflow/example_dags/example_task_group_decorator.py
[2025-06-16T23:58:45.896+0000] {processor.py:914} INFO - Processing file /home/airflow/.local/lib/python3.12/site-packages/airflow/example_dags/example_task_group_decorator.py for tasks to queue
[2025-06-16T23:58:45.907+0000] {logging_mixin.py:190} INFO - [2025-06-16T23:58:45.906+0000] {dagbag.py:588} INFO - Filling up the DagBag from /home/airflow/.local/lib/python3.12/site-packages/airflow/example_dags/example_task_group_decorator.py
[2025-06-16T23:58:45.940+0000] {processor.py:925} INFO - DAG(s) 'example_task_group_decorator' retrieved from /home/airflow/.local/lib/python3.12/site-packages/airflow/example_dags/example_task_group_decorator.py
[2025-06-16T23:58:45.992+0000] {logging_mixin.py:190} INFO - [2025-06-16T23:58:45.992+0000] {dag.py:3239} INFO - Sync 1 DAGs
[2025-06-16T23:58:46.049+0000] {logging_mixin.py:190} INFO - [2025-06-16T23:58:46.049+0000] {dag.py:4180} INFO - Setting next_dagrun for example_task_group_decorator to None, run_after=None
[2025-06-16T23:58:46.113+0000] {processor.py:208} INFO - Processing /home/airflow/.local/lib/python3.12/site-packages/airflow/example_dags/example_task_group_decorator.py took 0.234 seconds
