[2025-06-16T13:59:24.494+0000] {processor.py:186} INFO - Started process (PID=78) to work on /home/airflow/.local/lib/python3.12/site-packages/airflow/example_dags/example_params_trigger_ui.py
[2025-06-16T13:59:24.499+0000] {processor.py:914} INFO - Processing file /home/airflow/.local/lib/python3.12/site-packages/airflow/example_dags/example_params_trigger_ui.py for tasks to queue
[2025-06-16T13:59:24.504+0000] {logging_mixin.py:190} INFO - [2025-06-16T13:59:24.503+0000] {dagbag.py:588} INFO - Filling up the DagBag from /home/airflow/.local/lib/python3.12/site-packages/airflow/example_dags/example_params_trigger_ui.py
[2025-06-16T13:59:24.524+0000] {processor.py:925} INFO - DAG(s) 'example_params_trigger_ui' retrieved from /home/airflow/.local/lib/python3.12/site-packages/airflow/example_dags/example_params_trigger_ui.py
[2025-06-16T13:59:24.701+0000] {logging_mixin.py:190} INFO - [2025-06-16T13:59:24.700+0000] {override.py:1912} INFO - Created Permission View: can delete on DAG:example_params_trigger_ui
[2025-06-16T13:59:24.718+0000] {logging_mixin.py:190} INFO - [2025-06-16T13:59:24.718+0000] {override.py:1912} INFO - Created Permission View: can read on DAG:example_params_trigger_ui
[2025-06-16T13:59:24.736+0000] {logging_mixin.py:190} INFO - [2025-06-16T13:59:24.735+0000] {override.py:1912} INFO - Created Permission View: can edit on DAG:example_params_trigger_ui
[2025-06-16T13:59:24.753+0000] {logging_mixin.py:190} INFO - [2025-06-16T13:59:24.752+0000] {override.py:1912} INFO - Created Permission View: can delete on DAG Run:example_params_trigger_ui
[2025-06-16T13:59:24.789+0000] {logging_mixin.py:190} INFO - [2025-06-16T13:59:24.789+0000] {override.py:1912} INFO - Created Permission View: can create on DAG Run:example_params_trigger_ui
[2025-06-16T13:59:24.814+0000] {logging_mixin.py:190} INFO - [2025-06-16T13:59:24.813+0000] {override.py:1912} INFO - Created Permission View: can read on DAG Run:example_params_trigger_ui
[2025-06-16T13:59:24.842+0000] {logging_mixin.py:190} INFO - [2025-06-16T13:59:24.842+0000] {override.py:1912} INFO - Created Permission View: menu access on DAG Run:example_params_trigger_ui
[2025-06-16T13:59:24.845+0000] {logging_mixin.py:190} INFO - [2025-06-16T13:59:24.845+0000] {dag.py:3239} INFO - Sync 1 DAGs
[2025-06-16T13:59:24.872+0000] {logging_mixin.py:190} INFO - [2025-06-16T13:59:24.872+0000] {dag.py:3262} INFO - Creating ORM DAG for example_params_trigger_ui
[2025-06-16T13:59:24.876+0000] {logging_mixin.py:190} INFO - [2025-06-16T13:59:24.875+0000] {dag.py:4180} INFO - Setting next_dagrun for example_params_trigger_ui to None, run_after=None
[2025-06-16T13:59:24.912+0000] {processor.py:208} INFO - Processing /home/airflow/.local/lib/python3.12/site-packages/airflow/example_dags/example_params_trigger_ui.py took 0.427 seconds
[2025-06-16T13:59:55.390+0000] {processor.py:186} INFO - Started process (PID=141) to work on /home/airflow/.local/lib/python3.12/site-packages/airflow/example_dags/example_params_trigger_ui.py
[2025-06-16T13:59:55.393+0000] {processor.py:914} INFO - Processing file /home/airflow/.local/lib/python3.12/site-packages/airflow/example_dags/example_params_trigger_ui.py for tasks to queue
[2025-06-16T13:59:55.396+0000] {logging_mixin.py:190} INFO - [2025-06-16T13:59:55.396+0000] {dagbag.py:588} INFO - Filling up the DagBag from /home/airflow/.local/lib/python3.12/site-packages/airflow/example_dags/example_params_trigger_ui.py
[2025-06-16T13:59:55.406+0000] {processor.py:925} INFO - DAG(s) 'example_params_trigger_ui' retrieved from /home/airflow/.local/lib/python3.12/site-packages/airflow/example_dags/example_params_trigger_ui.py
[2025-06-16T13:59:55.434+0000] {logging_mixin.py:190} INFO - [2025-06-16T13:59:55.434+0000] {dag.py:3239} INFO - Sync 1 DAGs
[2025-06-16T13:59:55.452+0000] {logging_mixin.py:190} INFO - [2025-06-16T13:59:55.451+0000] {dag.py:4180} INFO - Setting next_dagrun for example_params_trigger_ui to None, run_after=None
[2025-06-16T13:59:55.489+0000] {processor.py:208} INFO - Processing /home/airflow/.local/lib/python3.12/site-packages/airflow/example_dags/example_params_trigger_ui.py took 0.104 seconds
[2025-06-16T14:00:25.559+0000] {processor.py:186} INFO - Started process (PID=203) to work on /home/airflow/.local/lib/python3.12/site-packages/airflow/example_dags/example_params_trigger_ui.py
[2025-06-16T14:00:25.560+0000] {processor.py:914} INFO - Processing file /home/airflow/.local/lib/python3.12/site-packages/airflow/example_dags/example_params_trigger_ui.py for tasks to queue
[2025-06-16T14:00:25.561+0000] {logging_mixin.py:190} INFO - [2025-06-16T14:00:25.561+0000] {dagbag.py:588} INFO - Filling up the DagBag from /home/airflow/.local/lib/python3.12/site-packages/airflow/example_dags/example_params_trigger_ui.py
[2025-06-16T14:00:25.567+0000] {processor.py:925} INFO - DAG(s) 'example_params_trigger_ui' retrieved from /home/airflow/.local/lib/python3.12/site-packages/airflow/example_dags/example_params_trigger_ui.py
[2025-06-16T14:00:25.586+0000] {logging_mixin.py:190} INFO - [2025-06-16T14:00:25.586+0000] {dag.py:3239} INFO - Sync 1 DAGs
[2025-06-16T14:00:25.594+0000] {logging_mixin.py:190} INFO - [2025-06-16T14:00:25.594+0000] {dag.py:4180} INFO - Setting next_dagrun for example_params_trigger_ui to None, run_after=None
[2025-06-16T14:00:25.603+0000] {processor.py:208} INFO - Processing /home/airflow/.local/lib/python3.12/site-packages/airflow/example_dags/example_params_trigger_ui.py took 0.047 seconds
[2025-06-16T14:00:55.668+0000] {processor.py:186} INFO - Started process (PID=265) to work on /home/airflow/.local/lib/python3.12/site-packages/airflow/example_dags/example_params_trigger_ui.py
[2025-06-16T14:00:55.670+0000] {processor.py:914} INFO - Processing file /home/airflow/.local/lib/python3.12/site-packages/airflow/example_dags/example_params_trigger_ui.py for tasks to queue
[2025-06-16T14:00:55.675+0000] {logging_mixin.py:190} INFO - [2025-06-16T14:00:55.675+0000] {dagbag.py:588} INFO - Filling up the DagBag from /home/airflow/.local/lib/python3.12/site-packages/airflow/example_dags/example_params_trigger_ui.py
[2025-06-16T14:00:55.682+0000] {processor.py:925} INFO - DAG(s) 'example_params_trigger_ui' retrieved from /home/airflow/.local/lib/python3.12/site-packages/airflow/example_dags/example_params_trigger_ui.py
[2025-06-16T14:00:55.708+0000] {logging_mixin.py:190} INFO - [2025-06-16T14:00:55.708+0000] {dag.py:3239} INFO - Sync 1 DAGs
[2025-06-16T14:00:55.716+0000] {logging_mixin.py:190} INFO - [2025-06-16T14:00:55.716+0000] {dag.py:4180} INFO - Setting next_dagrun for example_params_trigger_ui to None, run_after=None
[2025-06-16T14:00:55.731+0000] {processor.py:208} INFO - Processing /home/airflow/.local/lib/python3.12/site-packages/airflow/example_dags/example_params_trigger_ui.py took 0.067 seconds
[2025-06-16T14:01:26.194+0000] {processor.py:186} INFO - Started process (PID=328) to work on /home/airflow/.local/lib/python3.12/site-packages/airflow/example_dags/example_params_trigger_ui.py
[2025-06-16T14:01:26.196+0000] {processor.py:914} INFO - Processing file /home/airflow/.local/lib/python3.12/site-packages/airflow/example_dags/example_params_trigger_ui.py for tasks to queue
[2025-06-16T14:01:26.199+0000] {logging_mixin.py:190} INFO - [2025-06-16T14:01:26.198+0000] {dagbag.py:588} INFO - Filling up the DagBag from /home/airflow/.local/lib/python3.12/site-packages/airflow/example_dags/example_params_trigger_ui.py
[2025-06-16T14:01:26.209+0000] {processor.py:925} INFO - DAG(s) 'example_params_trigger_ui' retrieved from /home/airflow/.local/lib/python3.12/site-packages/airflow/example_dags/example_params_trigger_ui.py
[2025-06-16T14:01:26.242+0000] {logging_mixin.py:190} INFO - [2025-06-16T14:01:26.241+0000] {dag.py:3239} INFO - Sync 1 DAGs
[2025-06-16T14:01:26.252+0000] {logging_mixin.py:190} INFO - [2025-06-16T14:01:26.252+0000] {dag.py:4180} INFO - Setting next_dagrun for example_params_trigger_ui to None, run_after=None
[2025-06-16T14:01:26.265+0000] {processor.py:208} INFO - Processing /home/airflow/.local/lib/python3.12/site-packages/airflow/example_dags/example_params_trigger_ui.py took 0.077 seconds
[2025-06-16T14:01:56.869+0000] {processor.py:186} INFO - Started process (PID=391) to work on /home/airflow/.local/lib/python3.12/site-packages/airflow/example_dags/example_params_trigger_ui.py
[2025-06-16T14:01:56.872+0000] {processor.py:914} INFO - Processing file /home/airflow/.local/lib/python3.12/site-packages/airflow/example_dags/example_params_trigger_ui.py for tasks to queue
[2025-06-16T14:01:56.874+0000] {logging_mixin.py:190} INFO - [2025-06-16T14:01:56.874+0000] {dagbag.py:588} INFO - Filling up the DagBag from /home/airflow/.local/lib/python3.12/site-packages/airflow/example_dags/example_params_trigger_ui.py
[2025-06-16T14:01:56.883+0000] {processor.py:925} INFO - DAG(s) 'example_params_trigger_ui' retrieved from /home/airflow/.local/lib/python3.12/site-packages/airflow/example_dags/example_params_trigger_ui.py
[2025-06-16T14:01:56.915+0000] {logging_mixin.py:190} INFO - [2025-06-16T14:01:56.914+0000] {dag.py:3239} INFO - Sync 1 DAGs
[2025-06-16T14:01:56.923+0000] {logging_mixin.py:190} INFO - [2025-06-16T14:01:56.923+0000] {dag.py:4180} INFO - Setting next_dagrun for example_params_trigger_ui to None, run_after=None
[2025-06-16T14:01:56.936+0000] {processor.py:208} INFO - Processing /home/airflow/.local/lib/python3.12/site-packages/airflow/example_dags/example_params_trigger_ui.py took 0.074 seconds
[2025-06-16T14:02:27.018+0000] {processor.py:186} INFO - Started process (PID=453) to work on /home/airflow/.local/lib/python3.12/site-packages/airflow/example_dags/example_params_trigger_ui.py
[2025-06-16T14:02:27.019+0000] {processor.py:914} INFO - Processing file /home/airflow/.local/lib/python3.12/site-packages/airflow/example_dags/example_params_trigger_ui.py for tasks to queue
[2025-06-16T14:02:27.022+0000] {logging_mixin.py:190} INFO - [2025-06-16T14:02:27.022+0000] {dagbag.py:588} INFO - Filling up the DagBag from /home/airflow/.local/lib/python3.12/site-packages/airflow/example_dags/example_params_trigger_ui.py
[2025-06-16T14:02:27.058+0000] {processor.py:925} INFO - DAG(s) 'example_params_trigger_ui' retrieved from /home/airflow/.local/lib/python3.12/site-packages/airflow/example_dags/example_params_trigger_ui.py
[2025-06-16T14:02:27.107+0000] {logging_mixin.py:190} INFO - [2025-06-16T14:02:27.106+0000] {dag.py:3239} INFO - Sync 1 DAGs
[2025-06-16T14:02:27.135+0000] {logging_mixin.py:190} INFO - [2025-06-16T14:02:27.135+0000] {dag.py:4180} INFO - Setting next_dagrun for example_params_trigger_ui to None, run_after=None
[2025-06-16T14:02:27.168+0000] {processor.py:208} INFO - Processing /home/airflow/.local/lib/python3.12/site-packages/airflow/example_dags/example_params_trigger_ui.py took 0.154 seconds
[2025-06-16T14:02:57.230+0000] {processor.py:186} INFO - Started process (PID=516) to work on /home/airflow/.local/lib/python3.12/site-packages/airflow/example_dags/example_params_trigger_ui.py
[2025-06-16T14:02:57.231+0000] {processor.py:914} INFO - Processing file /home/airflow/.local/lib/python3.12/site-packages/airflow/example_dags/example_params_trigger_ui.py for tasks to queue
[2025-06-16T14:02:57.234+0000] {logging_mixin.py:190} INFO - [2025-06-16T14:02:57.234+0000] {dagbag.py:588} INFO - Filling up the DagBag from /home/airflow/.local/lib/python3.12/site-packages/airflow/example_dags/example_params_trigger_ui.py
[2025-06-16T14:02:57.243+0000] {processor.py:925} INFO - DAG(s) 'example_params_trigger_ui' retrieved from /home/airflow/.local/lib/python3.12/site-packages/airflow/example_dags/example_params_trigger_ui.py
[2025-06-16T14:02:57.270+0000] {logging_mixin.py:190} INFO - [2025-06-16T14:02:57.270+0000] {dag.py:3239} INFO - Sync 1 DAGs
[2025-06-16T14:02:57.281+0000] {logging_mixin.py:190} INFO - [2025-06-16T14:02:57.281+0000] {dag.py:4180} INFO - Setting next_dagrun for example_params_trigger_ui to None, run_after=None
[2025-06-16T14:02:57.300+0000] {processor.py:208} INFO - Processing /home/airflow/.local/lib/python3.12/site-packages/airflow/example_dags/example_params_trigger_ui.py took 0.073 seconds
[2025-06-16T14:05:30.114+0000] {processor.py:186} INFO - Started process (PID=541) to work on /home/airflow/.local/lib/python3.12/site-packages/airflow/example_dags/example_params_trigger_ui.py
[2025-06-16T14:05:30.117+0000] {processor.py:914} INFO - Processing file /home/airflow/.local/lib/python3.12/site-packages/airflow/example_dags/example_params_trigger_ui.py for tasks to queue
[2025-06-16T14:05:30.119+0000] {logging_mixin.py:190} INFO - [2025-06-16T14:05:30.119+0000] {dagbag.py:588} INFO - Filling up the DagBag from /home/airflow/.local/lib/python3.12/site-packages/airflow/example_dags/example_params_trigger_ui.py
[2025-06-16T14:05:30.127+0000] {processor.py:925} INFO - DAG(s) 'example_params_trigger_ui' retrieved from /home/airflow/.local/lib/python3.12/site-packages/airflow/example_dags/example_params_trigger_ui.py
[2025-06-16T14:05:30.149+0000] {logging_mixin.py:190} INFO - [2025-06-16T14:05:30.149+0000] {dag.py:3239} INFO - Sync 1 DAGs
[2025-06-16T14:05:30.157+0000] {logging_mixin.py:190} INFO - [2025-06-16T14:05:30.157+0000] {dag.py:4180} INFO - Setting next_dagrun for example_params_trigger_ui to None, run_after=None
[2025-06-16T14:05:30.168+0000] {processor.py:208} INFO - Processing /home/airflow/.local/lib/python3.12/site-packages/airflow/example_dags/example_params_trigger_ui.py took 0.057 seconds
[2025-06-16T14:06:00.801+0000] {processor.py:186} INFO - Started process (PID=604) to work on /home/airflow/.local/lib/python3.12/site-packages/airflow/example_dags/example_params_trigger_ui.py
[2025-06-16T14:06:00.803+0000] {processor.py:914} INFO - Processing file /home/airflow/.local/lib/python3.12/site-packages/airflow/example_dags/example_params_trigger_ui.py for tasks to queue
[2025-06-16T14:06:00.805+0000] {logging_mixin.py:190} INFO - [2025-06-16T14:06:00.805+0000] {dagbag.py:588} INFO - Filling up the DagBag from /home/airflow/.local/lib/python3.12/site-packages/airflow/example_dags/example_params_trigger_ui.py
[2025-06-16T14:06:00.813+0000] {processor.py:925} INFO - DAG(s) 'example_params_trigger_ui' retrieved from /home/airflow/.local/lib/python3.12/site-packages/airflow/example_dags/example_params_trigger_ui.py
[2025-06-16T14:06:00.842+0000] {logging_mixin.py:190} INFO - [2025-06-16T14:06:00.841+0000] {dag.py:3239} INFO - Sync 1 DAGs
[2025-06-16T14:06:00.862+0000] {logging_mixin.py:190} INFO - [2025-06-16T14:06:00.862+0000] {dag.py:4180} INFO - Setting next_dagrun for example_params_trigger_ui to None, run_after=None
[2025-06-16T14:06:00.886+0000] {processor.py:208} INFO - Processing /home/airflow/.local/lib/python3.12/site-packages/airflow/example_dags/example_params_trigger_ui.py took 0.089 seconds
[2025-06-16T14:06:31.581+0000] {processor.py:186} INFO - Started process (PID=667) to work on /home/airflow/.local/lib/python3.12/site-packages/airflow/example_dags/example_params_trigger_ui.py
[2025-06-16T14:06:31.585+0000] {processor.py:914} INFO - Processing file /home/airflow/.local/lib/python3.12/site-packages/airflow/example_dags/example_params_trigger_ui.py for tasks to queue
[2025-06-16T14:06:31.589+0000] {logging_mixin.py:190} INFO - [2025-06-16T14:06:31.588+0000] {dagbag.py:588} INFO - Filling up the DagBag from /home/airflow/.local/lib/python3.12/site-packages/airflow/example_dags/example_params_trigger_ui.py
[2025-06-16T14:06:31.599+0000] {processor.py:925} INFO - DAG(s) 'example_params_trigger_ui' retrieved from /home/airflow/.local/lib/python3.12/site-packages/airflow/example_dags/example_params_trigger_ui.py
[2025-06-16T14:06:31.663+0000] {logging_mixin.py:190} INFO - [2025-06-16T14:06:31.663+0000] {dag.py:3239} INFO - Sync 1 DAGs
[2025-06-16T14:06:31.682+0000] {logging_mixin.py:190} INFO - [2025-06-16T14:06:31.682+0000] {dag.py:4180} INFO - Setting next_dagrun for example_params_trigger_ui to None, run_after=None
[2025-06-16T14:06:31.706+0000] {processor.py:208} INFO - Processing /home/airflow/.local/lib/python3.12/site-packages/airflow/example_dags/example_params_trigger_ui.py took 0.129 seconds
[2025-06-16T14:07:02.651+0000] {processor.py:186} INFO - Started process (PID=730) to work on /home/airflow/.local/lib/python3.12/site-packages/airflow/example_dags/example_params_trigger_ui.py
[2025-06-16T14:07:02.653+0000] {processor.py:914} INFO - Processing file /home/airflow/.local/lib/python3.12/site-packages/airflow/example_dags/example_params_trigger_ui.py for tasks to queue
[2025-06-16T14:07:02.657+0000] {logging_mixin.py:190} INFO - [2025-06-16T14:07:02.656+0000] {dagbag.py:588} INFO - Filling up the DagBag from /home/airflow/.local/lib/python3.12/site-packages/airflow/example_dags/example_params_trigger_ui.py
[2025-06-16T14:07:02.667+0000] {processor.py:925} INFO - DAG(s) 'example_params_trigger_ui' retrieved from /home/airflow/.local/lib/python3.12/site-packages/airflow/example_dags/example_params_trigger_ui.py
[2025-06-16T14:07:02.706+0000] {logging_mixin.py:190} INFO - [2025-06-16T14:07:02.706+0000] {dag.py:3239} INFO - Sync 1 DAGs
[2025-06-16T14:07:02.720+0000] {logging_mixin.py:190} INFO - [2025-06-16T14:07:02.720+0000] {dag.py:4180} INFO - Setting next_dagrun for example_params_trigger_ui to None, run_after=None
[2025-06-16T14:07:02.735+0000] {processor.py:208} INFO - Processing /home/airflow/.local/lib/python3.12/site-packages/airflow/example_dags/example_params_trigger_ui.py took 0.088 seconds
[2025-06-16T14:07:33.424+0000] {processor.py:186} INFO - Started process (PID=792) to work on /home/airflow/.local/lib/python3.12/site-packages/airflow/example_dags/example_params_trigger_ui.py
[2025-06-16T14:07:33.427+0000] {processor.py:914} INFO - Processing file /home/airflow/.local/lib/python3.12/site-packages/airflow/example_dags/example_params_trigger_ui.py for tasks to queue
[2025-06-16T14:07:33.429+0000] {logging_mixin.py:190} INFO - [2025-06-16T14:07:33.429+0000] {dagbag.py:588} INFO - Filling up the DagBag from /home/airflow/.local/lib/python3.12/site-packages/airflow/example_dags/example_params_trigger_ui.py
[2025-06-16T14:07:33.438+0000] {processor.py:925} INFO - DAG(s) 'example_params_trigger_ui' retrieved from /home/airflow/.local/lib/python3.12/site-packages/airflow/example_dags/example_params_trigger_ui.py
[2025-06-16T14:07:33.471+0000] {logging_mixin.py:190} INFO - [2025-06-16T14:07:33.471+0000] {dag.py:3239} INFO - Sync 1 DAGs
[2025-06-16T14:07:33.491+0000] {logging_mixin.py:190} INFO - [2025-06-16T14:07:33.491+0000] {dag.py:4180} INFO - Setting next_dagrun for example_params_trigger_ui to None, run_after=None
[2025-06-16T14:07:33.506+0000] {processor.py:208} INFO - Processing /home/airflow/.local/lib/python3.12/site-packages/airflow/example_dags/example_params_trigger_ui.py took 0.086 seconds
[2025-06-16T14:08:04.504+0000] {processor.py:186} INFO - Started process (PID=854) to work on /home/airflow/.local/lib/python3.12/site-packages/airflow/example_dags/example_params_trigger_ui.py
[2025-06-16T14:08:04.506+0000] {processor.py:914} INFO - Processing file /home/airflow/.local/lib/python3.12/site-packages/airflow/example_dags/example_params_trigger_ui.py for tasks to queue
[2025-06-16T14:08:04.510+0000] {logging_mixin.py:190} INFO - [2025-06-16T14:08:04.509+0000] {dagbag.py:588} INFO - Filling up the DagBag from /home/airflow/.local/lib/python3.12/site-packages/airflow/example_dags/example_params_trigger_ui.py
[2025-06-16T14:08:04.525+0000] {processor.py:925} INFO - DAG(s) 'example_params_trigger_ui' retrieved from /home/airflow/.local/lib/python3.12/site-packages/airflow/example_dags/example_params_trigger_ui.py
[2025-06-16T14:08:04.555+0000] {logging_mixin.py:190} INFO - [2025-06-16T14:08:04.555+0000] {dag.py:3239} INFO - Sync 1 DAGs
[2025-06-16T14:08:04.574+0000] {logging_mixin.py:190} INFO - [2025-06-16T14:08:04.573+0000] {dag.py:4180} INFO - Setting next_dagrun for example_params_trigger_ui to None, run_after=None
[2025-06-16T14:08:04.601+0000] {processor.py:208} INFO - Processing /home/airflow/.local/lib/python3.12/site-packages/airflow/example_dags/example_params_trigger_ui.py took 0.102 seconds
[2025-06-16T14:08:34.685+0000] {processor.py:186} INFO - Started process (PID=916) to work on /home/airflow/.local/lib/python3.12/site-packages/airflow/example_dags/example_params_trigger_ui.py
[2025-06-16T14:08:34.688+0000] {processor.py:914} INFO - Processing file /home/airflow/.local/lib/python3.12/site-packages/airflow/example_dags/example_params_trigger_ui.py for tasks to queue
[2025-06-16T14:08:34.691+0000] {logging_mixin.py:190} INFO - [2025-06-16T14:08:34.691+0000] {dagbag.py:588} INFO - Filling up the DagBag from /home/airflow/.local/lib/python3.12/site-packages/airflow/example_dags/example_params_trigger_ui.py
[2025-06-16T14:08:34.702+0000] {processor.py:925} INFO - DAG(s) 'example_params_trigger_ui' retrieved from /home/airflow/.local/lib/python3.12/site-packages/airflow/example_dags/example_params_trigger_ui.py
[2025-06-16T14:08:34.727+0000] {logging_mixin.py:190} INFO - [2025-06-16T14:08:34.727+0000] {dag.py:3239} INFO - Sync 1 DAGs
[2025-06-16T14:08:34.735+0000] {logging_mixin.py:190} INFO - [2025-06-16T14:08:34.734+0000] {dag.py:4180} INFO - Setting next_dagrun for example_params_trigger_ui to None, run_after=None
[2025-06-16T14:08:34.744+0000] {processor.py:208} INFO - Processing /home/airflow/.local/lib/python3.12/site-packages/airflow/example_dags/example_params_trigger_ui.py took 0.066 seconds
[2025-06-16T14:09:04.784+0000] {processor.py:186} INFO - Started process (PID=979) to work on /home/airflow/.local/lib/python3.12/site-packages/airflow/example_dags/example_params_trigger_ui.py
[2025-06-16T14:09:04.785+0000] {processor.py:914} INFO - Processing file /home/airflow/.local/lib/python3.12/site-packages/airflow/example_dags/example_params_trigger_ui.py for tasks to queue
[2025-06-16T14:09:04.787+0000] {logging_mixin.py:190} INFO - [2025-06-16T14:09:04.787+0000] {dagbag.py:588} INFO - Filling up the DagBag from /home/airflow/.local/lib/python3.12/site-packages/airflow/example_dags/example_params_trigger_ui.py
[2025-06-16T14:09:04.793+0000] {processor.py:925} INFO - DAG(s) 'example_params_trigger_ui' retrieved from /home/airflow/.local/lib/python3.12/site-packages/airflow/example_dags/example_params_trigger_ui.py
[2025-06-16T14:09:04.816+0000] {logging_mixin.py:190} INFO - [2025-06-16T14:09:04.815+0000] {dag.py:3239} INFO - Sync 1 DAGs
[2025-06-16T14:09:04.825+0000] {logging_mixin.py:190} INFO - [2025-06-16T14:09:04.824+0000] {dag.py:4180} INFO - Setting next_dagrun for example_params_trigger_ui to None, run_after=None
[2025-06-16T14:09:04.834+0000] {processor.py:208} INFO - Processing /home/airflow/.local/lib/python3.12/site-packages/airflow/example_dags/example_params_trigger_ui.py took 0.053 seconds
[2025-06-16T14:09:35.649+0000] {processor.py:186} INFO - Started process (PID=1042) to work on /home/airflow/.local/lib/python3.12/site-packages/airflow/example_dags/example_params_trigger_ui.py
[2025-06-16T14:09:35.650+0000] {processor.py:914} INFO - Processing file /home/airflow/.local/lib/python3.12/site-packages/airflow/example_dags/example_params_trigger_ui.py for tasks to queue
[2025-06-16T14:09:35.652+0000] {logging_mixin.py:190} INFO - [2025-06-16T14:09:35.652+0000] {dagbag.py:588} INFO - Filling up the DagBag from /home/airflow/.local/lib/python3.12/site-packages/airflow/example_dags/example_params_trigger_ui.py
[2025-06-16T14:09:35.658+0000] {processor.py:925} INFO - DAG(s) 'example_params_trigger_ui' retrieved from /home/airflow/.local/lib/python3.12/site-packages/airflow/example_dags/example_params_trigger_ui.py
[2025-06-16T14:09:35.684+0000] {logging_mixin.py:190} INFO - [2025-06-16T14:09:35.684+0000] {dag.py:3239} INFO - Sync 1 DAGs
[2025-06-16T14:09:35.694+0000] {logging_mixin.py:190} INFO - [2025-06-16T14:09:35.694+0000] {dag.py:4180} INFO - Setting next_dagrun for example_params_trigger_ui to None, run_after=None
[2025-06-16T14:09:35.710+0000] {processor.py:208} INFO - Processing /home/airflow/.local/lib/python3.12/site-packages/airflow/example_dags/example_params_trigger_ui.py took 0.065 seconds
[2025-06-16T14:10:50.389+0000] {processor.py:186} INFO - Started process (PID=1106) to work on /home/airflow/.local/lib/python3.12/site-packages/airflow/example_dags/example_params_trigger_ui.py
[2025-06-16T14:10:50.392+0000] {processor.py:914} INFO - Processing file /home/airflow/.local/lib/python3.12/site-packages/airflow/example_dags/example_params_trigger_ui.py for tasks to queue
[2025-06-16T14:10:50.395+0000] {logging_mixin.py:190} INFO - [2025-06-16T14:10:50.394+0000] {dagbag.py:588} INFO - Filling up the DagBag from /home/airflow/.local/lib/python3.12/site-packages/airflow/example_dags/example_params_trigger_ui.py
[2025-06-16T14:10:50.404+0000] {processor.py:925} INFO - DAG(s) 'example_params_trigger_ui' retrieved from /home/airflow/.local/lib/python3.12/site-packages/airflow/example_dags/example_params_trigger_ui.py
[2025-06-16T14:10:50.429+0000] {logging_mixin.py:190} INFO - [2025-06-16T14:10:50.429+0000] {dag.py:3239} INFO - Sync 1 DAGs
[2025-06-16T14:10:50.438+0000] {logging_mixin.py:190} INFO - [2025-06-16T14:10:50.438+0000] {dag.py:4180} INFO - Setting next_dagrun for example_params_trigger_ui to None, run_after=None
[2025-06-16T14:10:50.452+0000] {processor.py:208} INFO - Processing /home/airflow/.local/lib/python3.12/site-packages/airflow/example_dags/example_params_trigger_ui.py took 0.068 seconds
[2025-06-16T14:11:39.700+0000] {processor.py:186} INFO - Started process (PID=1169) to work on /home/airflow/.local/lib/python3.12/site-packages/airflow/example_dags/example_params_trigger_ui.py
[2025-06-16T14:11:39.703+0000] {processor.py:914} INFO - Processing file /home/airflow/.local/lib/python3.12/site-packages/airflow/example_dags/example_params_trigger_ui.py for tasks to queue
[2025-06-16T14:11:39.710+0000] {logging_mixin.py:190} INFO - [2025-06-16T14:11:39.710+0000] {dagbag.py:588} INFO - Filling up the DagBag from /home/airflow/.local/lib/python3.12/site-packages/airflow/example_dags/example_params_trigger_ui.py
[2025-06-16T14:11:39.723+0000] {processor.py:925} INFO - DAG(s) 'example_params_trigger_ui' retrieved from /home/airflow/.local/lib/python3.12/site-packages/airflow/example_dags/example_params_trigger_ui.py
[2025-06-16T14:11:39.786+0000] {logging_mixin.py:190} INFO - [2025-06-16T14:11:39.786+0000] {dag.py:3239} INFO - Sync 1 DAGs
[2025-06-16T14:11:39.823+0000] {logging_mixin.py:190} INFO - [2025-06-16T14:11:39.823+0000] {dag.py:4180} INFO - Setting next_dagrun for example_params_trigger_ui to None, run_after=None
[2025-06-16T14:11:39.872+0000] {processor.py:208} INFO - Processing /home/airflow/.local/lib/python3.12/site-packages/airflow/example_dags/example_params_trigger_ui.py took 0.182 seconds
[2025-06-16T14:12:10.153+0000] {processor.py:186} INFO - Started process (PID=1232) to work on /home/airflow/.local/lib/python3.12/site-packages/airflow/example_dags/example_params_trigger_ui.py
[2025-06-16T14:12:10.156+0000] {processor.py:914} INFO - Processing file /home/airflow/.local/lib/python3.12/site-packages/airflow/example_dags/example_params_trigger_ui.py for tasks to queue
[2025-06-16T14:12:10.161+0000] {logging_mixin.py:190} INFO - [2025-06-16T14:12:10.161+0000] {dagbag.py:588} INFO - Filling up the DagBag from /home/airflow/.local/lib/python3.12/site-packages/airflow/example_dags/example_params_trigger_ui.py
[2025-06-16T14:12:10.171+0000] {processor.py:925} INFO - DAG(s) 'example_params_trigger_ui' retrieved from /home/airflow/.local/lib/python3.12/site-packages/airflow/example_dags/example_params_trigger_ui.py
[2025-06-16T14:12:10.204+0000] {logging_mixin.py:190} INFO - [2025-06-16T14:12:10.204+0000] {dag.py:3239} INFO - Sync 1 DAGs
[2025-06-16T14:12:10.218+0000] {logging_mixin.py:190} INFO - [2025-06-16T14:12:10.217+0000] {dag.py:4180} INFO - Setting next_dagrun for example_params_trigger_ui to None, run_after=None
[2025-06-16T14:12:10.233+0000] {processor.py:208} INFO - Processing /home/airflow/.local/lib/python3.12/site-packages/airflow/example_dags/example_params_trigger_ui.py took 0.089 seconds
[2025-06-16T14:12:41.415+0000] {processor.py:186} INFO - Started process (PID=1295) to work on /home/airflow/.local/lib/python3.12/site-packages/airflow/example_dags/example_params_trigger_ui.py
[2025-06-16T14:12:41.416+0000] {processor.py:914} INFO - Processing file /home/airflow/.local/lib/python3.12/site-packages/airflow/example_dags/example_params_trigger_ui.py for tasks to queue
[2025-06-16T14:12:41.418+0000] {logging_mixin.py:190} INFO - [2025-06-16T14:12:41.418+0000] {dagbag.py:588} INFO - Filling up the DagBag from /home/airflow/.local/lib/python3.12/site-packages/airflow/example_dags/example_params_trigger_ui.py
[2025-06-16T14:12:41.424+0000] {processor.py:925} INFO - DAG(s) 'example_params_trigger_ui' retrieved from /home/airflow/.local/lib/python3.12/site-packages/airflow/example_dags/example_params_trigger_ui.py
[2025-06-16T14:12:41.444+0000] {logging_mixin.py:190} INFO - [2025-06-16T14:12:41.444+0000] {dag.py:3239} INFO - Sync 1 DAGs
[2025-06-16T14:12:41.452+0000] {logging_mixin.py:190} INFO - [2025-06-16T14:12:41.452+0000] {dag.py:4180} INFO - Setting next_dagrun for example_params_trigger_ui to None, run_after=None
[2025-06-16T14:12:41.461+0000] {processor.py:208} INFO - Processing /home/airflow/.local/lib/python3.12/site-packages/airflow/example_dags/example_params_trigger_ui.py took 0.048 seconds
[2025-06-16T14:13:12.110+0000] {processor.py:186} INFO - Started process (PID=1358) to work on /home/airflow/.local/lib/python3.12/site-packages/airflow/example_dags/example_params_trigger_ui.py
[2025-06-16T14:13:12.111+0000] {processor.py:914} INFO - Processing file /home/airflow/.local/lib/python3.12/site-packages/airflow/example_dags/example_params_trigger_ui.py for tasks to queue
[2025-06-16T14:13:12.113+0000] {logging_mixin.py:190} INFO - [2025-06-16T14:13:12.113+0000] {dagbag.py:588} INFO - Filling up the DagBag from /home/airflow/.local/lib/python3.12/site-packages/airflow/example_dags/example_params_trigger_ui.py
[2025-06-16T14:13:12.122+0000] {processor.py:925} INFO - DAG(s) 'example_params_trigger_ui' retrieved from /home/airflow/.local/lib/python3.12/site-packages/airflow/example_dags/example_params_trigger_ui.py
[2025-06-16T14:13:12.146+0000] {logging_mixin.py:190} INFO - [2025-06-16T14:13:12.146+0000] {dag.py:3239} INFO - Sync 1 DAGs
[2025-06-16T14:13:12.155+0000] {logging_mixin.py:190} INFO - [2025-06-16T14:13:12.155+0000] {dag.py:4180} INFO - Setting next_dagrun for example_params_trigger_ui to None, run_after=None
[2025-06-16T14:13:12.165+0000] {processor.py:208} INFO - Processing /home/airflow/.local/lib/python3.12/site-packages/airflow/example_dags/example_params_trigger_ui.py took 0.059 seconds
[2025-06-16T14:13:42.499+0000] {processor.py:186} INFO - Started process (PID=1421) to work on /home/airflow/.local/lib/python3.12/site-packages/airflow/example_dags/example_params_trigger_ui.py
[2025-06-16T14:13:42.501+0000] {processor.py:914} INFO - Processing file /home/airflow/.local/lib/python3.12/site-packages/airflow/example_dags/example_params_trigger_ui.py for tasks to queue
[2025-06-16T14:13:42.502+0000] {logging_mixin.py:190} INFO - [2025-06-16T14:13:42.502+0000] {dagbag.py:588} INFO - Filling up the DagBag from /home/airflow/.local/lib/python3.12/site-packages/airflow/example_dags/example_params_trigger_ui.py
[2025-06-16T14:13:42.510+0000] {processor.py:925} INFO - DAG(s) 'example_params_trigger_ui' retrieved from /home/airflow/.local/lib/python3.12/site-packages/airflow/example_dags/example_params_trigger_ui.py
[2025-06-16T14:13:42.533+0000] {logging_mixin.py:190} INFO - [2025-06-16T14:13:42.533+0000] {dag.py:3239} INFO - Sync 1 DAGs
[2025-06-16T14:13:42.542+0000] {logging_mixin.py:190} INFO - [2025-06-16T14:13:42.542+0000] {dag.py:4180} INFO - Setting next_dagrun for example_params_trigger_ui to None, run_after=None
[2025-06-16T14:13:42.555+0000] {processor.py:208} INFO - Processing /home/airflow/.local/lib/python3.12/site-packages/airflow/example_dags/example_params_trigger_ui.py took 0.061 seconds
[2025-06-16T14:14:13.268+0000] {processor.py:186} INFO - Started process (PID=1483) to work on /home/airflow/.local/lib/python3.12/site-packages/airflow/example_dags/example_params_trigger_ui.py
[2025-06-16T14:14:13.270+0000] {processor.py:914} INFO - Processing file /home/airflow/.local/lib/python3.12/site-packages/airflow/example_dags/example_params_trigger_ui.py for tasks to queue
[2025-06-16T14:14:13.273+0000] {logging_mixin.py:190} INFO - [2025-06-16T14:14:13.273+0000] {dagbag.py:588} INFO - Filling up the DagBag from /home/airflow/.local/lib/python3.12/site-packages/airflow/example_dags/example_params_trigger_ui.py
[2025-06-16T14:14:13.284+0000] {processor.py:925} INFO - DAG(s) 'example_params_trigger_ui' retrieved from /home/airflow/.local/lib/python3.12/site-packages/airflow/example_dags/example_params_trigger_ui.py
[2025-06-16T14:14:13.318+0000] {logging_mixin.py:190} INFO - [2025-06-16T14:14:13.318+0000] {dag.py:3239} INFO - Sync 1 DAGs
[2025-06-16T14:14:13.331+0000] {logging_mixin.py:190} INFO - [2025-06-16T14:14:13.331+0000] {dag.py:4180} INFO - Setting next_dagrun for example_params_trigger_ui to None, run_after=None
[2025-06-16T14:14:13.391+0000] {processor.py:208} INFO - Processing /home/airflow/.local/lib/python3.12/site-packages/airflow/example_dags/example_params_trigger_ui.py took 0.129 seconds
[2025-06-16T15:07:18.162+0000] {processor.py:186} INFO - Started process (PID=1547) to work on /home/airflow/.local/lib/python3.12/site-packages/airflow/example_dags/example_params_trigger_ui.py
[2025-06-16T15:07:18.164+0000] {processor.py:914} INFO - Processing file /home/airflow/.local/lib/python3.12/site-packages/airflow/example_dags/example_params_trigger_ui.py for tasks to queue
[2025-06-16T15:07:18.166+0000] {logging_mixin.py:190} INFO - [2025-06-16T15:07:18.165+0000] {dagbag.py:588} INFO - Filling up the DagBag from /home/airflow/.local/lib/python3.12/site-packages/airflow/example_dags/example_params_trigger_ui.py
[2025-06-16T15:07:18.173+0000] {processor.py:925} INFO - DAG(s) 'example_params_trigger_ui' retrieved from /home/airflow/.local/lib/python3.12/site-packages/airflow/example_dags/example_params_trigger_ui.py
[2025-06-16T15:07:18.198+0000] {logging_mixin.py:190} INFO - [2025-06-16T15:07:18.198+0000] {dag.py:3239} INFO - Sync 1 DAGs
[2025-06-16T15:07:18.208+0000] {logging_mixin.py:190} INFO - [2025-06-16T15:07:18.208+0000] {dag.py:4180} INFO - Setting next_dagrun for example_params_trigger_ui to None, run_after=None
[2025-06-16T15:07:18.228+0000] {processor.py:208} INFO - Processing /home/airflow/.local/lib/python3.12/site-packages/airflow/example_dags/example_params_trigger_ui.py took 0.069 seconds
[2025-06-16T15:57:49.223+0000] {processor.py:186} INFO - Started process (PID=1610) to work on /home/airflow/.local/lib/python3.12/site-packages/airflow/example_dags/example_params_trigger_ui.py
[2025-06-16T15:57:49.235+0000] {processor.py:914} INFO - Processing file /home/airflow/.local/lib/python3.12/site-packages/airflow/example_dags/example_params_trigger_ui.py for tasks to queue
[2025-06-16T15:57:49.259+0000] {logging_mixin.py:190} INFO - [2025-06-16T15:57:49.257+0000] {dagbag.py:588} INFO - Filling up the DagBag from /home/airflow/.local/lib/python3.12/site-packages/airflow/example_dags/example_params_trigger_ui.py
[2025-06-16T15:57:49.406+0000] {processor.py:925} INFO - DAG(s) 'example_params_trigger_ui' retrieved from /home/airflow/.local/lib/python3.12/site-packages/airflow/example_dags/example_params_trigger_ui.py
[2025-06-16T15:57:49.626+0000] {logging_mixin.py:190} INFO - [2025-06-16T15:57:49.625+0000] {dag.py:3239} INFO - Sync 1 DAGs
[2025-06-16T15:57:49.719+0000] {logging_mixin.py:190} INFO - [2025-06-16T15:57:49.717+0000] {dag.py:4180} INFO - Setting next_dagrun for example_params_trigger_ui to None, run_after=None
[2025-06-16T15:57:49.785+0000] {processor.py:208} INFO - Processing /home/airflow/.local/lib/python3.12/site-packages/airflow/example_dags/example_params_trigger_ui.py took 0.665 seconds
[2025-06-16T17:08:53.551+0000] {processor.py:186} INFO - Started process (PID=1674) to work on /home/airflow/.local/lib/python3.12/site-packages/airflow/example_dags/example_params_trigger_ui.py
[2025-06-16T17:08:53.553+0000] {processor.py:914} INFO - Processing file /home/airflow/.local/lib/python3.12/site-packages/airflow/example_dags/example_params_trigger_ui.py for tasks to queue
[2025-06-16T17:08:53.557+0000] {logging_mixin.py:190} INFO - [2025-06-16T17:08:53.557+0000] {dagbag.py:588} INFO - Filling up the DagBag from /home/airflow/.local/lib/python3.12/site-packages/airflow/example_dags/example_params_trigger_ui.py
[2025-06-16T17:08:53.576+0000] {processor.py:925} INFO - DAG(s) 'example_params_trigger_ui' retrieved from /home/airflow/.local/lib/python3.12/site-packages/airflow/example_dags/example_params_trigger_ui.py
[2025-06-16T17:08:53.627+0000] {logging_mixin.py:190} INFO - [2025-06-16T17:08:53.626+0000] {dag.py:3239} INFO - Sync 1 DAGs
[2025-06-16T17:08:53.644+0000] {logging_mixin.py:190} INFO - [2025-06-16T17:08:53.644+0000] {dag.py:4180} INFO - Setting next_dagrun for example_params_trigger_ui to None, run_after=None
[2025-06-16T17:08:53.667+0000] {processor.py:208} INFO - Processing /home/airflow/.local/lib/python3.12/site-packages/airflow/example_dags/example_params_trigger_ui.py took 0.124 seconds
[2025-06-16T18:08:27.847+0000] {processor.py:186} INFO - Started process (PID=1737) to work on /home/airflow/.local/lib/python3.12/site-packages/airflow/example_dags/example_params_trigger_ui.py
[2025-06-16T18:08:27.851+0000] {processor.py:914} INFO - Processing file /home/airflow/.local/lib/python3.12/site-packages/airflow/example_dags/example_params_trigger_ui.py for tasks to queue
[2025-06-16T18:08:27.858+0000] {logging_mixin.py:190} INFO - [2025-06-16T18:08:27.857+0000] {dagbag.py:588} INFO - Filling up the DagBag from /home/airflow/.local/lib/python3.12/site-packages/airflow/example_dags/example_params_trigger_ui.py
[2025-06-16T18:08:27.876+0000] {processor.py:925} INFO - DAG(s) 'example_params_trigger_ui' retrieved from /home/airflow/.local/lib/python3.12/site-packages/airflow/example_dags/example_params_trigger_ui.py
[2025-06-16T18:08:27.969+0000] {logging_mixin.py:190} INFO - [2025-06-16T18:08:27.968+0000] {dag.py:3239} INFO - Sync 1 DAGs
[2025-06-16T18:08:28.005+0000] {logging_mixin.py:190} INFO - [2025-06-16T18:08:28.004+0000] {dag.py:4180} INFO - Setting next_dagrun for example_params_trigger_ui to None, run_after=None
[2025-06-16T18:08:28.063+0000] {processor.py:208} INFO - Processing /home/airflow/.local/lib/python3.12/site-packages/airflow/example_dags/example_params_trigger_ui.py took 0.243 seconds
[2025-06-16T19:23:33.410+0000] {processor.py:186} INFO - Started process (PID=1806) to work on /home/airflow/.local/lib/python3.12/site-packages/airflow/example_dags/example_params_trigger_ui.py
[2025-06-16T19:23:33.414+0000] {processor.py:914} INFO - Processing file /home/airflow/.local/lib/python3.12/site-packages/airflow/example_dags/example_params_trigger_ui.py for tasks to queue
[2025-06-16T19:23:33.427+0000] {logging_mixin.py:190} INFO - [2025-06-16T19:23:33.426+0000] {dagbag.py:588} INFO - Filling up the DagBag from /home/airflow/.local/lib/python3.12/site-packages/airflow/example_dags/example_params_trigger_ui.py
[2025-06-16T19:23:33.461+0000] {processor.py:925} INFO - DAG(s) 'example_params_trigger_ui' retrieved from /home/airflow/.local/lib/python3.12/site-packages/airflow/example_dags/example_params_trigger_ui.py
[2025-06-16T19:23:33.549+0000] {logging_mixin.py:190} INFO - [2025-06-16T19:23:33.549+0000] {dag.py:3239} INFO - Sync 1 DAGs
[2025-06-16T19:23:33.595+0000] {logging_mixin.py:190} INFO - [2025-06-16T19:23:33.594+0000] {dag.py:4180} INFO - Setting next_dagrun for example_params_trigger_ui to None, run_after=None
[2025-06-16T19:23:33.635+0000] {processor.py:208} INFO - Processing /home/airflow/.local/lib/python3.12/site-packages/airflow/example_dags/example_params_trigger_ui.py took 0.234 seconds
