[2025-06-16T13:59:26.705+0000] {processor.py:186} INFO - Started process (PID=88) to work on /home/airflow/.local/lib/python3.12/site-packages/airflow/example_dags/example_xcom.py
[2025-06-16T13:59:26.707+0000] {processor.py:914} INFO - Processing file /home/airflow/.local/lib/python3.12/site-packages/airflow/example_dags/example_xcom.py for tasks to queue
[2025-06-16T13:59:26.709+0000] {logging_mixin.py:190} INFO - [2025-06-16T13:59:26.709+0000] {dagbag.py:588} INFO - Filling up the DagBag from /home/airflow/.local/lib/python3.12/site-packages/airflow/example_dags/example_xcom.py
[2025-06-16T13:59:26.719+0000] {processor.py:925} INFO - DAG(s) 'example_xcom' retrieved from /home/airflow/.local/lib/python3.12/site-packages/airflow/example_dags/example_xcom.py
[2025-06-16T13:59:26.797+0000] {logging_mixin.py:190} INFO - [2025-06-16T13:59:26.797+0000] {override.py:1912} INFO - Created Permission View: can delete on DAG:example_xcom
[2025-06-16T13:59:26.810+0000] {logging_mixin.py:190} INFO - [2025-06-16T13:59:26.810+0000] {override.py:1912} INFO - Created Permission View: can read on DAG:example_xcom
[2025-06-16T13:59:26.819+0000] {logging_mixin.py:190} INFO - [2025-06-16T13:59:26.819+0000] {override.py:1912} INFO - Created Permission View: can edit on DAG:example_xcom
[2025-06-16T13:59:26.828+0000] {logging_mixin.py:190} INFO - [2025-06-16T13:59:26.828+0000] {override.py:1912} INFO - Created Permission View: can delete on DAG Run:example_xcom
[2025-06-16T13:59:26.836+0000] {logging_mixin.py:190} INFO - [2025-06-16T13:59:26.835+0000] {override.py:1912} INFO - Created Permission View: can create on DAG Run:example_xcom
[2025-06-16T13:59:26.843+0000] {logging_mixin.py:190} INFO - [2025-06-16T13:59:26.843+0000] {override.py:1912} INFO - Created Permission View: can read on DAG Run:example_xcom
[2025-06-16T13:59:26.852+0000] {logging_mixin.py:190} INFO - [2025-06-16T13:59:26.852+0000] {override.py:1912} INFO - Created Permission View: menu access on DAG Run:example_xcom
[2025-06-16T13:59:26.854+0000] {logging_mixin.py:190} INFO - [2025-06-16T13:59:26.854+0000] {dag.py:3239} INFO - Sync 1 DAGs
[2025-06-16T13:59:26.864+0000] {logging_mixin.py:190} INFO - [2025-06-16T13:59:26.863+0000] {dag.py:3262} INFO - Creating ORM DAG for example_xcom
[2025-06-16T13:59:26.870+0000] {logging_mixin.py:190} INFO - [2025-06-16T13:59:26.870+0000] {dag.py:4180} INFO - Setting next_dagrun for example_xcom to 2021-01-01 00:00:00+00:00, run_after=2021-01-01 00:00:00+00:00
[2025-06-16T13:59:26.884+0000] {processor.py:208} INFO - Processing /home/airflow/.local/lib/python3.12/site-packages/airflow/example_dags/example_xcom.py took 0.182 seconds
[2025-06-16T13:59:57.309+0000] {processor.py:186} INFO - Started process (PID=151) to work on /home/airflow/.local/lib/python3.12/site-packages/airflow/example_dags/example_xcom.py
[2025-06-16T13:59:57.310+0000] {processor.py:914} INFO - Processing file /home/airflow/.local/lib/python3.12/site-packages/airflow/example_dags/example_xcom.py for tasks to queue
[2025-06-16T13:59:57.312+0000] {logging_mixin.py:190} INFO - [2025-06-16T13:59:57.312+0000] {dagbag.py:588} INFO - Filling up the DagBag from /home/airflow/.local/lib/python3.12/site-packages/airflow/example_dags/example_xcom.py
[2025-06-16T13:59:57.317+0000] {processor.py:925} INFO - DAG(s) 'example_xcom' retrieved from /home/airflow/.local/lib/python3.12/site-packages/airflow/example_dags/example_xcom.py
[2025-06-16T13:59:57.331+0000] {logging_mixin.py:190} INFO - [2025-06-16T13:59:57.331+0000] {dag.py:3239} INFO - Sync 1 DAGs
[2025-06-16T13:59:57.343+0000] {logging_mixin.py:190} INFO - [2025-06-16T13:59:57.343+0000] {dag.py:4180} INFO - Setting next_dagrun for example_xcom to 2021-01-01 00:00:00+00:00, run_after=2021-01-01 00:00:00+00:00
[2025-06-16T13:59:57.354+0000] {processor.py:208} INFO - Processing /home/airflow/.local/lib/python3.12/site-packages/airflow/example_dags/example_xcom.py took 0.049 seconds
[2025-06-16T14:00:27.404+0000] {processor.py:186} INFO - Started process (PID=214) to work on /home/airflow/.local/lib/python3.12/site-packages/airflow/example_dags/example_xcom.py
[2025-06-16T14:00:27.406+0000] {processor.py:914} INFO - Processing file /home/airflow/.local/lib/python3.12/site-packages/airflow/example_dags/example_xcom.py for tasks to queue
[2025-06-16T14:00:27.408+0000] {logging_mixin.py:190} INFO - [2025-06-16T14:00:27.407+0000] {dagbag.py:588} INFO - Filling up the DagBag from /home/airflow/.local/lib/python3.12/site-packages/airflow/example_dags/example_xcom.py
[2025-06-16T14:00:27.412+0000] {processor.py:925} INFO - DAG(s) 'example_xcom' retrieved from /home/airflow/.local/lib/python3.12/site-packages/airflow/example_dags/example_xcom.py
[2025-06-16T14:00:27.424+0000] {logging_mixin.py:190} INFO - [2025-06-16T14:00:27.424+0000] {dag.py:3239} INFO - Sync 1 DAGs
[2025-06-16T14:00:27.435+0000] {logging_mixin.py:190} INFO - [2025-06-16T14:00:27.435+0000] {dag.py:4180} INFO - Setting next_dagrun for example_xcom to 2021-01-01 00:00:00+00:00, run_after=2021-01-01 00:00:00+00:00
[2025-06-16T14:00:27.445+0000] {processor.py:208} INFO - Processing /home/airflow/.local/lib/python3.12/site-packages/airflow/example_dags/example_xcom.py took 0.044 seconds
[2025-06-16T14:00:58.375+0000] {processor.py:186} INFO - Started process (PID=276) to work on /home/airflow/.local/lib/python3.12/site-packages/airflow/example_dags/example_xcom.py
[2025-06-16T14:00:58.377+0000] {processor.py:914} INFO - Processing file /home/airflow/.local/lib/python3.12/site-packages/airflow/example_dags/example_xcom.py for tasks to queue
[2025-06-16T14:00:58.380+0000] {logging_mixin.py:190} INFO - [2025-06-16T14:00:58.379+0000] {dagbag.py:588} INFO - Filling up the DagBag from /home/airflow/.local/lib/python3.12/site-packages/airflow/example_dags/example_xcom.py
[2025-06-16T14:00:58.387+0000] {processor.py:925} INFO - DAG(s) 'example_xcom' retrieved from /home/airflow/.local/lib/python3.12/site-packages/airflow/example_dags/example_xcom.py
[2025-06-16T14:00:58.403+0000] {logging_mixin.py:190} INFO - [2025-06-16T14:00:58.402+0000] {dag.py:3239} INFO - Sync 1 DAGs
[2025-06-16T14:00:58.417+0000] {logging_mixin.py:190} INFO - [2025-06-16T14:00:58.417+0000] {dag.py:4180} INFO - Setting next_dagrun for example_xcom to 2021-01-01 00:00:00+00:00, run_after=2021-01-01 00:00:00+00:00
[2025-06-16T14:00:58.429+0000] {processor.py:208} INFO - Processing /home/airflow/.local/lib/python3.12/site-packages/airflow/example_dags/example_xcom.py took 0.059 seconds
[2025-06-16T14:01:29.133+0000] {processor.py:186} INFO - Started process (PID=339) to work on /home/airflow/.local/lib/python3.12/site-packages/airflow/example_dags/example_xcom.py
[2025-06-16T14:01:29.134+0000] {processor.py:914} INFO - Processing file /home/airflow/.local/lib/python3.12/site-packages/airflow/example_dags/example_xcom.py for tasks to queue
[2025-06-16T14:01:29.136+0000] {logging_mixin.py:190} INFO - [2025-06-16T14:01:29.136+0000] {dagbag.py:588} INFO - Filling up the DagBag from /home/airflow/.local/lib/python3.12/site-packages/airflow/example_dags/example_xcom.py
[2025-06-16T14:01:29.143+0000] {processor.py:925} INFO - DAG(s) 'example_xcom' retrieved from /home/airflow/.local/lib/python3.12/site-packages/airflow/example_dags/example_xcom.py
[2025-06-16T14:01:29.157+0000] {logging_mixin.py:190} INFO - [2025-06-16T14:01:29.157+0000] {dag.py:3239} INFO - Sync 1 DAGs
[2025-06-16T14:01:29.169+0000] {logging_mixin.py:190} INFO - [2025-06-16T14:01:29.169+0000] {dag.py:4180} INFO - Setting next_dagrun for example_xcom to 2021-01-01 00:00:00+00:00, run_after=2021-01-01 00:00:00+00:00
[2025-06-16T14:01:29.181+0000] {processor.py:208} INFO - Processing /home/airflow/.local/lib/python3.12/site-packages/airflow/example_dags/example_xcom.py took 0.052 seconds
[2025-06-16T14:01:59.788+0000] {processor.py:186} INFO - Started process (PID=402) to work on /home/airflow/.local/lib/python3.12/site-packages/airflow/example_dags/example_xcom.py
[2025-06-16T14:01:59.791+0000] {processor.py:914} INFO - Processing file /home/airflow/.local/lib/python3.12/site-packages/airflow/example_dags/example_xcom.py for tasks to queue
[2025-06-16T14:01:59.793+0000] {logging_mixin.py:190} INFO - [2025-06-16T14:01:59.793+0000] {dagbag.py:588} INFO - Filling up the DagBag from /home/airflow/.local/lib/python3.12/site-packages/airflow/example_dags/example_xcom.py
[2025-06-16T14:01:59.801+0000] {processor.py:925} INFO - DAG(s) 'example_xcom' retrieved from /home/airflow/.local/lib/python3.12/site-packages/airflow/example_dags/example_xcom.py
[2025-06-16T14:01:59.818+0000] {logging_mixin.py:190} INFO - [2025-06-16T14:01:59.818+0000] {dag.py:3239} INFO - Sync 1 DAGs
[2025-06-16T14:01:59.833+0000] {logging_mixin.py:190} INFO - [2025-06-16T14:01:59.833+0000] {dag.py:4180} INFO - Setting next_dagrun for example_xcom to 2021-01-01 00:00:00+00:00, run_after=2021-01-01 00:00:00+00:00
[2025-06-16T14:01:59.847+0000] {processor.py:208} INFO - Processing /home/airflow/.local/lib/python3.12/site-packages/airflow/example_dags/example_xcom.py took 0.064 seconds
[2025-06-16T14:02:30.754+0000] {processor.py:186} INFO - Started process (PID=464) to work on /home/airflow/.local/lib/python3.12/site-packages/airflow/example_dags/example_xcom.py
[2025-06-16T14:02:30.756+0000] {processor.py:914} INFO - Processing file /home/airflow/.local/lib/python3.12/site-packages/airflow/example_dags/example_xcom.py for tasks to queue
[2025-06-16T14:02:30.760+0000] {logging_mixin.py:190} INFO - [2025-06-16T14:02:30.760+0000] {dagbag.py:588} INFO - Filling up the DagBag from /home/airflow/.local/lib/python3.12/site-packages/airflow/example_dags/example_xcom.py
[2025-06-16T14:02:30.769+0000] {processor.py:925} INFO - DAG(s) 'example_xcom' retrieved from /home/airflow/.local/lib/python3.12/site-packages/airflow/example_dags/example_xcom.py
[2025-06-16T14:02:30.789+0000] {logging_mixin.py:190} INFO - [2025-06-16T14:02:30.788+0000] {dag.py:3239} INFO - Sync 1 DAGs
[2025-06-16T14:02:30.807+0000] {logging_mixin.py:190} INFO - [2025-06-16T14:02:30.807+0000] {dag.py:4180} INFO - Setting next_dagrun for example_xcom to 2021-01-01 00:00:00+00:00, run_after=2021-01-01 00:00:00+00:00
[2025-06-16T14:02:30.819+0000] {processor.py:208} INFO - Processing /home/airflow/.local/lib/python3.12/site-packages/airflow/example_dags/example_xcom.py took 0.075 seconds
[2025-06-16T14:05:30.529+0000] {processor.py:186} INFO - Started process (PID=551) to work on /home/airflow/.local/lib/python3.12/site-packages/airflow/example_dags/example_xcom.py
[2025-06-16T14:05:30.531+0000] {processor.py:914} INFO - Processing file /home/airflow/.local/lib/python3.12/site-packages/airflow/example_dags/example_xcom.py for tasks to queue
[2025-06-16T14:05:30.534+0000] {logging_mixin.py:190} INFO - [2025-06-16T14:05:30.533+0000] {dagbag.py:588} INFO - Filling up the DagBag from /home/airflow/.local/lib/python3.12/site-packages/airflow/example_dags/example_xcom.py
[2025-06-16T14:05:30.541+0000] {processor.py:925} INFO - DAG(s) 'example_xcom' retrieved from /home/airflow/.local/lib/python3.12/site-packages/airflow/example_dags/example_xcom.py
[2025-06-16T14:05:30.559+0000] {logging_mixin.py:190} INFO - [2025-06-16T14:05:30.558+0000] {dag.py:3239} INFO - Sync 1 DAGs
[2025-06-16T14:05:30.574+0000] {logging_mixin.py:190} INFO - [2025-06-16T14:05:30.574+0000] {dag.py:4180} INFO - Setting next_dagrun for example_xcom to 2021-01-01 00:00:00+00:00, run_after=2021-01-01 00:00:00+00:00
[2025-06-16T14:05:30.594+0000] {processor.py:208} INFO - Processing /home/airflow/.local/lib/python3.12/site-packages/airflow/example_dags/example_xcom.py took 0.069 seconds
[2025-06-16T14:06:01.371+0000] {processor.py:186} INFO - Started process (PID=614) to work on /home/airflow/.local/lib/python3.12/site-packages/airflow/example_dags/example_xcom.py
[2025-06-16T14:06:01.373+0000] {processor.py:914} INFO - Processing file /home/airflow/.local/lib/python3.12/site-packages/airflow/example_dags/example_xcom.py for tasks to queue
[2025-06-16T14:06:01.376+0000] {logging_mixin.py:190} INFO - [2025-06-16T14:06:01.376+0000] {dagbag.py:588} INFO - Filling up the DagBag from /home/airflow/.local/lib/python3.12/site-packages/airflow/example_dags/example_xcom.py
[2025-06-16T14:06:01.382+0000] {processor.py:925} INFO - DAG(s) 'example_xcom' retrieved from /home/airflow/.local/lib/python3.12/site-packages/airflow/example_dags/example_xcom.py
[2025-06-16T14:06:01.397+0000] {logging_mixin.py:190} INFO - [2025-06-16T14:06:01.396+0000] {dag.py:3239} INFO - Sync 1 DAGs
[2025-06-16T14:06:01.409+0000] {logging_mixin.py:190} INFO - [2025-06-16T14:06:01.409+0000] {dag.py:4180} INFO - Setting next_dagrun for example_xcom to 2021-01-01 00:00:00+00:00, run_after=2021-01-01 00:00:00+00:00
[2025-06-16T14:06:01.421+0000] {processor.py:208} INFO - Processing /home/airflow/.local/lib/python3.12/site-packages/airflow/example_dags/example_xcom.py took 0.053 seconds
[2025-06-16T14:06:32.144+0000] {processor.py:186} INFO - Started process (PID=677) to work on /home/airflow/.local/lib/python3.12/site-packages/airflow/example_dags/example_xcom.py
[2025-06-16T14:06:32.146+0000] {processor.py:914} INFO - Processing file /home/airflow/.local/lib/python3.12/site-packages/airflow/example_dags/example_xcom.py for tasks to queue
[2025-06-16T14:06:32.147+0000] {logging_mixin.py:190} INFO - [2025-06-16T14:06:32.147+0000] {dagbag.py:588} INFO - Filling up the DagBag from /home/airflow/.local/lib/python3.12/site-packages/airflow/example_dags/example_xcom.py
[2025-06-16T14:06:32.157+0000] {processor.py:925} INFO - DAG(s) 'example_xcom' retrieved from /home/airflow/.local/lib/python3.12/site-packages/airflow/example_dags/example_xcom.py
[2025-06-16T14:06:32.171+0000] {logging_mixin.py:190} INFO - [2025-06-16T14:06:32.171+0000] {dag.py:3239} INFO - Sync 1 DAGs
[2025-06-16T14:06:32.183+0000] {logging_mixin.py:190} INFO - [2025-06-16T14:06:32.183+0000] {dag.py:4180} INFO - Setting next_dagrun for example_xcom to 2021-01-01 00:00:00+00:00, run_after=2021-01-01 00:00:00+00:00
[2025-06-16T14:06:32.196+0000] {processor.py:208} INFO - Processing /home/airflow/.local/lib/python3.12/site-packages/airflow/example_dags/example_xcom.py took 0.056 seconds
[2025-06-16T14:07:03.228+0000] {processor.py:186} INFO - Started process (PID=740) to work on /home/airflow/.local/lib/python3.12/site-packages/airflow/example_dags/example_xcom.py
[2025-06-16T14:07:03.229+0000] {processor.py:914} INFO - Processing file /home/airflow/.local/lib/python3.12/site-packages/airflow/example_dags/example_xcom.py for tasks to queue
[2025-06-16T14:07:03.232+0000] {logging_mixin.py:190} INFO - [2025-06-16T14:07:03.232+0000] {dagbag.py:588} INFO - Filling up the DagBag from /home/airflow/.local/lib/python3.12/site-packages/airflow/example_dags/example_xcom.py
[2025-06-16T14:07:03.238+0000] {processor.py:925} INFO - DAG(s) 'example_xcom' retrieved from /home/airflow/.local/lib/python3.12/site-packages/airflow/example_dags/example_xcom.py
[2025-06-16T14:07:03.257+0000] {logging_mixin.py:190} INFO - [2025-06-16T14:07:03.256+0000] {dag.py:3239} INFO - Sync 1 DAGs
[2025-06-16T14:07:03.269+0000] {logging_mixin.py:190} INFO - [2025-06-16T14:07:03.269+0000] {dag.py:4180} INFO - Setting next_dagrun for example_xcom to 2021-01-01 00:00:00+00:00, run_after=2021-01-01 00:00:00+00:00
[2025-06-16T14:07:03.281+0000] {processor.py:208} INFO - Processing /home/airflow/.local/lib/python3.12/site-packages/airflow/example_dags/example_xcom.py took 0.056 seconds
[2025-06-16T14:07:33.985+0000] {processor.py:186} INFO - Started process (PID=802) to work on /home/airflow/.local/lib/python3.12/site-packages/airflow/example_dags/example_xcom.py
[2025-06-16T14:07:33.989+0000] {processor.py:914} INFO - Processing file /home/airflow/.local/lib/python3.12/site-packages/airflow/example_dags/example_xcom.py for tasks to queue
[2025-06-16T14:07:33.993+0000] {logging_mixin.py:190} INFO - [2025-06-16T14:07:33.993+0000] {dagbag.py:588} INFO - Filling up the DagBag from /home/airflow/.local/lib/python3.12/site-packages/airflow/example_dags/example_xcom.py
[2025-06-16T14:07:34.010+0000] {processor.py:925} INFO - DAG(s) 'example_xcom' retrieved from /home/airflow/.local/lib/python3.12/site-packages/airflow/example_dags/example_xcom.py
[2025-06-16T14:07:34.036+0000] {logging_mixin.py:190} INFO - [2025-06-16T14:07:34.036+0000] {dag.py:3239} INFO - Sync 1 DAGs
[2025-06-16T14:07:34.068+0000] {logging_mixin.py:190} INFO - [2025-06-16T14:07:34.068+0000] {dag.py:4180} INFO - Setting next_dagrun for example_xcom to 2021-01-01 00:00:00+00:00, run_after=2021-01-01 00:00:00+00:00
[2025-06-16T14:07:34.084+0000] {processor.py:208} INFO - Processing /home/airflow/.local/lib/python3.12/site-packages/airflow/example_dags/example_xcom.py took 0.105 seconds
[2025-06-16T14:08:05.393+0000] {processor.py:186} INFO - Started process (PID=864) to work on /home/airflow/.local/lib/python3.12/site-packages/airflow/example_dags/example_xcom.py
[2025-06-16T14:08:05.394+0000] {processor.py:914} INFO - Processing file /home/airflow/.local/lib/python3.12/site-packages/airflow/example_dags/example_xcom.py for tasks to queue
[2025-06-16T14:08:05.397+0000] {logging_mixin.py:190} INFO - [2025-06-16T14:08:05.396+0000] {dagbag.py:588} INFO - Filling up the DagBag from /home/airflow/.local/lib/python3.12/site-packages/airflow/example_dags/example_xcom.py
[2025-06-16T14:08:05.405+0000] {processor.py:925} INFO - DAG(s) 'example_xcom' retrieved from /home/airflow/.local/lib/python3.12/site-packages/airflow/example_dags/example_xcom.py
[2025-06-16T14:08:05.421+0000] {logging_mixin.py:190} INFO - [2025-06-16T14:08:05.421+0000] {dag.py:3239} INFO - Sync 1 DAGs
[2025-06-16T14:08:05.438+0000] {logging_mixin.py:190} INFO - [2025-06-16T14:08:05.437+0000] {dag.py:4180} INFO - Setting next_dagrun for example_xcom to 2021-01-01 00:00:00+00:00, run_after=2021-01-01 00:00:00+00:00
[2025-06-16T14:08:05.456+0000] {processor.py:208} INFO - Processing /home/airflow/.local/lib/python3.12/site-packages/airflow/example_dags/example_xcom.py took 0.067 seconds
[2025-06-16T14:08:36.400+0000] {processor.py:186} INFO - Started process (PID=927) to work on /home/airflow/.local/lib/python3.12/site-packages/airflow/example_dags/example_xcom.py
[2025-06-16T14:08:36.401+0000] {processor.py:914} INFO - Processing file /home/airflow/.local/lib/python3.12/site-packages/airflow/example_dags/example_xcom.py for tasks to queue
[2025-06-16T14:08:36.402+0000] {logging_mixin.py:190} INFO - [2025-06-16T14:08:36.402+0000] {dagbag.py:588} INFO - Filling up the DagBag from /home/airflow/.local/lib/python3.12/site-packages/airflow/example_dags/example_xcom.py
[2025-06-16T14:08:36.408+0000] {processor.py:925} INFO - DAG(s) 'example_xcom' retrieved from /home/airflow/.local/lib/python3.12/site-packages/airflow/example_dags/example_xcom.py
[2025-06-16T14:08:36.426+0000] {logging_mixin.py:190} INFO - [2025-06-16T14:08:36.425+0000] {dag.py:3239} INFO - Sync 1 DAGs
[2025-06-16T14:08:36.439+0000] {logging_mixin.py:190} INFO - [2025-06-16T14:08:36.438+0000] {dag.py:4180} INFO - Setting next_dagrun for example_xcom to 2021-01-01 00:00:00+00:00, run_after=2021-01-01 00:00:00+00:00
[2025-06-16T14:08:36.457+0000] {processor.py:208} INFO - Processing /home/airflow/.local/lib/python3.12/site-packages/airflow/example_dags/example_xcom.py took 0.061 seconds
[2025-06-16T14:09:07.549+0000] {processor.py:186} INFO - Started process (PID=990) to work on /home/airflow/.local/lib/python3.12/site-packages/airflow/example_dags/example_xcom.py
[2025-06-16T14:09:07.551+0000] {processor.py:914} INFO - Processing file /home/airflow/.local/lib/python3.12/site-packages/airflow/example_dags/example_xcom.py for tasks to queue
[2025-06-16T14:09:07.553+0000] {logging_mixin.py:190} INFO - [2025-06-16T14:09:07.552+0000] {dagbag.py:588} INFO - Filling up the DagBag from /home/airflow/.local/lib/python3.12/site-packages/airflow/example_dags/example_xcom.py
[2025-06-16T14:09:07.559+0000] {processor.py:925} INFO - DAG(s) 'example_xcom' retrieved from /home/airflow/.local/lib/python3.12/site-packages/airflow/example_dags/example_xcom.py
[2025-06-16T14:09:07.573+0000] {logging_mixin.py:190} INFO - [2025-06-16T14:09:07.573+0000] {dag.py:3239} INFO - Sync 1 DAGs
[2025-06-16T14:09:07.594+0000] {logging_mixin.py:190} INFO - [2025-06-16T14:09:07.593+0000] {dag.py:4180} INFO - Setting next_dagrun for example_xcom to 2021-01-01 00:00:00+00:00, run_after=2021-01-01 00:00:00+00:00
[2025-06-16T14:09:07.614+0000] {processor.py:208} INFO - Processing /home/airflow/.local/lib/python3.12/site-packages/airflow/example_dags/example_xcom.py took 0.069 seconds
[2025-06-16T14:09:38.336+0000] {processor.py:186} INFO - Started process (PID=1053) to work on /home/airflow/.local/lib/python3.12/site-packages/airflow/example_dags/example_xcom.py
[2025-06-16T14:09:38.338+0000] {processor.py:914} INFO - Processing file /home/airflow/.local/lib/python3.12/site-packages/airflow/example_dags/example_xcom.py for tasks to queue
[2025-06-16T14:09:38.339+0000] {logging_mixin.py:190} INFO - [2025-06-16T14:09:38.339+0000] {dagbag.py:588} INFO - Filling up the DagBag from /home/airflow/.local/lib/python3.12/site-packages/airflow/example_dags/example_xcom.py
[2025-06-16T14:09:38.345+0000] {processor.py:925} INFO - DAG(s) 'example_xcom' retrieved from /home/airflow/.local/lib/python3.12/site-packages/airflow/example_dags/example_xcom.py
[2025-06-16T14:09:38.359+0000] {logging_mixin.py:190} INFO - [2025-06-16T14:09:38.359+0000] {dag.py:3239} INFO - Sync 1 DAGs
[2025-06-16T14:09:38.377+0000] {logging_mixin.py:190} INFO - [2025-06-16T14:09:38.377+0000] {dag.py:4180} INFO - Setting next_dagrun for example_xcom to 2021-01-01 00:00:00+00:00, run_after=2021-01-01 00:00:00+00:00
[2025-06-16T14:09:38.395+0000] {processor.py:208} INFO - Processing /home/airflow/.local/lib/python3.12/site-packages/airflow/example_dags/example_xcom.py took 0.064 seconds
[2025-06-16T14:10:50.805+0000] {processor.py:186} INFO - Started process (PID=1116) to work on /home/airflow/.local/lib/python3.12/site-packages/airflow/example_dags/example_xcom.py
[2025-06-16T14:10:50.806+0000] {processor.py:914} INFO - Processing file /home/airflow/.local/lib/python3.12/site-packages/airflow/example_dags/example_xcom.py for tasks to queue
[2025-06-16T14:10:50.807+0000] {logging_mixin.py:190} INFO - [2025-06-16T14:10:50.807+0000] {dagbag.py:588} INFO - Filling up the DagBag from /home/airflow/.local/lib/python3.12/site-packages/airflow/example_dags/example_xcom.py
[2025-06-16T14:10:50.813+0000] {processor.py:925} INFO - DAG(s) 'example_xcom' retrieved from /home/airflow/.local/lib/python3.12/site-packages/airflow/example_dags/example_xcom.py
[2025-06-16T14:10:50.830+0000] {logging_mixin.py:190} INFO - [2025-06-16T14:10:50.830+0000] {dag.py:3239} INFO - Sync 1 DAGs
[2025-06-16T14:10:50.845+0000] {logging_mixin.py:190} INFO - [2025-06-16T14:10:50.845+0000] {dag.py:4180} INFO - Setting next_dagrun for example_xcom to 2021-01-01 00:00:00+00:00, run_after=2021-01-01 00:00:00+00:00
[2025-06-16T14:10:50.884+0000] {processor.py:208} INFO - Processing /home/airflow/.local/lib/python3.12/site-packages/airflow/example_dags/example_xcom.py took 0.082 seconds
[2025-06-16T14:11:40.544+0000] {processor.py:186} INFO - Started process (PID=1179) to work on /home/airflow/.local/lib/python3.12/site-packages/airflow/example_dags/example_xcom.py
[2025-06-16T14:11:40.550+0000] {processor.py:914} INFO - Processing file /home/airflow/.local/lib/python3.12/site-packages/airflow/example_dags/example_xcom.py for tasks to queue
[2025-06-16T14:11:40.558+0000] {logging_mixin.py:190} INFO - [2025-06-16T14:11:40.558+0000] {dagbag.py:588} INFO - Filling up the DagBag from /home/airflow/.local/lib/python3.12/site-packages/airflow/example_dags/example_xcom.py
[2025-06-16T14:11:40.569+0000] {processor.py:925} INFO - DAG(s) 'example_xcom' retrieved from /home/airflow/.local/lib/python3.12/site-packages/airflow/example_dags/example_xcom.py
[2025-06-16T14:11:40.630+0000] {logging_mixin.py:190} INFO - [2025-06-16T14:11:40.630+0000] {dag.py:3239} INFO - Sync 1 DAGs
[2025-06-16T14:11:40.658+0000] {logging_mixin.py:190} INFO - [2025-06-16T14:11:40.657+0000] {dag.py:4180} INFO - Setting next_dagrun for example_xcom to 2021-01-01 00:00:00+00:00, run_after=2021-01-01 00:00:00+00:00
[2025-06-16T14:11:40.684+0000] {processor.py:208} INFO - Processing /home/airflow/.local/lib/python3.12/site-packages/airflow/example_dags/example_xcom.py took 0.146 seconds
[2025-06-16T14:12:10.937+0000] {processor.py:186} INFO - Started process (PID=1242) to work on /home/airflow/.local/lib/python3.12/site-packages/airflow/example_dags/example_xcom.py
[2025-06-16T14:12:10.941+0000] {processor.py:914} INFO - Processing file /home/airflow/.local/lib/python3.12/site-packages/airflow/example_dags/example_xcom.py for tasks to queue
[2025-06-16T14:12:10.944+0000] {logging_mixin.py:190} INFO - [2025-06-16T14:12:10.943+0000] {dagbag.py:588} INFO - Filling up the DagBag from /home/airflow/.local/lib/python3.12/site-packages/airflow/example_dags/example_xcom.py
[2025-06-16T14:12:10.950+0000] {processor.py:925} INFO - DAG(s) 'example_xcom' retrieved from /home/airflow/.local/lib/python3.12/site-packages/airflow/example_dags/example_xcom.py
[2025-06-16T14:12:10.966+0000] {logging_mixin.py:190} INFO - [2025-06-16T14:12:10.965+0000] {dag.py:3239} INFO - Sync 1 DAGs
[2025-06-16T14:12:10.979+0000] {logging_mixin.py:190} INFO - [2025-06-16T14:12:10.979+0000] {dag.py:4180} INFO - Setting next_dagrun for example_xcom to 2021-01-01 00:00:00+00:00, run_after=2021-01-01 00:00:00+00:00
[2025-06-16T14:12:10.994+0000] {processor.py:208} INFO - Processing /home/airflow/.local/lib/python3.12/site-packages/airflow/example_dags/example_xcom.py took 0.060 seconds
[2025-06-16T14:12:41.836+0000] {processor.py:186} INFO - Started process (PID=1305) to work on /home/airflow/.local/lib/python3.12/site-packages/airflow/example_dags/example_xcom.py
[2025-06-16T14:12:41.838+0000] {processor.py:914} INFO - Processing file /home/airflow/.local/lib/python3.12/site-packages/airflow/example_dags/example_xcom.py for tasks to queue
[2025-06-16T14:12:41.840+0000] {logging_mixin.py:190} INFO - [2025-06-16T14:12:41.840+0000] {dagbag.py:588} INFO - Filling up the DagBag from /home/airflow/.local/lib/python3.12/site-packages/airflow/example_dags/example_xcom.py
[2025-06-16T14:12:41.847+0000] {processor.py:925} INFO - DAG(s) 'example_xcom' retrieved from /home/airflow/.local/lib/python3.12/site-packages/airflow/example_dags/example_xcom.py
[2025-06-16T14:12:41.863+0000] {logging_mixin.py:190} INFO - [2025-06-16T14:12:41.863+0000] {dag.py:3239} INFO - Sync 1 DAGs
[2025-06-16T14:12:41.881+0000] {logging_mixin.py:190} INFO - [2025-06-16T14:12:41.881+0000] {dag.py:4180} INFO - Setting next_dagrun for example_xcom to 2021-01-01 00:00:00+00:00, run_after=2021-01-01 00:00:00+00:00
[2025-06-16T14:12:41.898+0000] {processor.py:208} INFO - Processing /home/airflow/.local/lib/python3.12/site-packages/airflow/example_dags/example_xcom.py took 0.065 seconds
[2025-06-16T14:13:12.464+0000] {processor.py:186} INFO - Started process (PID=1368) to work on /home/airflow/.local/lib/python3.12/site-packages/airflow/example_dags/example_xcom.py
[2025-06-16T14:13:12.466+0000] {processor.py:914} INFO - Processing file /home/airflow/.local/lib/python3.12/site-packages/airflow/example_dags/example_xcom.py for tasks to queue
[2025-06-16T14:13:12.467+0000] {logging_mixin.py:190} INFO - [2025-06-16T14:13:12.467+0000] {dagbag.py:588} INFO - Filling up the DagBag from /home/airflow/.local/lib/python3.12/site-packages/airflow/example_dags/example_xcom.py
[2025-06-16T14:13:12.473+0000] {processor.py:925} INFO - DAG(s) 'example_xcom' retrieved from /home/airflow/.local/lib/python3.12/site-packages/airflow/example_dags/example_xcom.py
[2025-06-16T14:13:12.487+0000] {logging_mixin.py:190} INFO - [2025-06-16T14:13:12.487+0000] {dag.py:3239} INFO - Sync 1 DAGs
[2025-06-16T14:13:12.501+0000] {logging_mixin.py:190} INFO - [2025-06-16T14:13:12.500+0000] {dag.py:4180} INFO - Setting next_dagrun for example_xcom to 2021-01-01 00:00:00+00:00, run_after=2021-01-01 00:00:00+00:00
[2025-06-16T14:13:12.513+0000] {processor.py:208} INFO - Processing /home/airflow/.local/lib/python3.12/site-packages/airflow/example_dags/example_xcom.py took 0.052 seconds
[2025-06-16T14:13:43.142+0000] {processor.py:186} INFO - Started process (PID=1431) to work on /home/airflow/.local/lib/python3.12/site-packages/airflow/example_dags/example_xcom.py
[2025-06-16T14:13:43.144+0000] {processor.py:914} INFO - Processing file /home/airflow/.local/lib/python3.12/site-packages/airflow/example_dags/example_xcom.py for tasks to queue
[2025-06-16T14:13:43.147+0000] {logging_mixin.py:190} INFO - [2025-06-16T14:13:43.147+0000] {dagbag.py:588} INFO - Filling up the DagBag from /home/airflow/.local/lib/python3.12/site-packages/airflow/example_dags/example_xcom.py
[2025-06-16T14:13:43.153+0000] {processor.py:925} INFO - DAG(s) 'example_xcom' retrieved from /home/airflow/.local/lib/python3.12/site-packages/airflow/example_dags/example_xcom.py
[2025-06-16T14:13:43.174+0000] {logging_mixin.py:190} INFO - [2025-06-16T14:13:43.174+0000] {dag.py:3239} INFO - Sync 1 DAGs
[2025-06-16T14:13:43.189+0000] {logging_mixin.py:190} INFO - [2025-06-16T14:13:43.189+0000] {dag.py:4180} INFO - Setting next_dagrun for example_xcom to 2021-01-01 00:00:00+00:00, run_after=2021-01-01 00:00:00+00:00
[2025-06-16T14:13:43.202+0000] {processor.py:208} INFO - Processing /home/airflow/.local/lib/python3.12/site-packages/airflow/example_dags/example_xcom.py took 0.063 seconds
[2025-06-16T14:14:14.630+0000] {processor.py:186} INFO - Started process (PID=1494) to work on /home/airflow/.local/lib/python3.12/site-packages/airflow/example_dags/example_xcom.py
[2025-06-16T14:14:14.631+0000] {processor.py:914} INFO - Processing file /home/airflow/.local/lib/python3.12/site-packages/airflow/example_dags/example_xcom.py for tasks to queue
[2025-06-16T14:14:14.634+0000] {logging_mixin.py:190} INFO - [2025-06-16T14:14:14.633+0000] {dagbag.py:588} INFO - Filling up the DagBag from /home/airflow/.local/lib/python3.12/site-packages/airflow/example_dags/example_xcom.py
[2025-06-16T14:14:14.643+0000] {processor.py:925} INFO - DAG(s) 'example_xcom' retrieved from /home/airflow/.local/lib/python3.12/site-packages/airflow/example_dags/example_xcom.py
[2025-06-16T14:14:14.675+0000] {logging_mixin.py:190} INFO - [2025-06-16T14:14:14.674+0000] {dag.py:3239} INFO - Sync 1 DAGs
[2025-06-16T14:14:14.696+0000] {logging_mixin.py:190} INFO - [2025-06-16T14:14:14.696+0000] {dag.py:4180} INFO - Setting next_dagrun for example_xcom to 2021-01-01 00:00:00+00:00, run_after=2021-01-01 00:00:00+00:00
[2025-06-16T14:14:14.714+0000] {processor.py:208} INFO - Processing /home/airflow/.local/lib/python3.12/site-packages/airflow/example_dags/example_xcom.py took 0.088 seconds
[2025-06-16T15:07:18.553+0000] {processor.py:186} INFO - Started process (PID=1557) to work on /home/airflow/.local/lib/python3.12/site-packages/airflow/example_dags/example_xcom.py
[2025-06-16T15:07:18.555+0000] {processor.py:914} INFO - Processing file /home/airflow/.local/lib/python3.12/site-packages/airflow/example_dags/example_xcom.py for tasks to queue
[2025-06-16T15:07:18.557+0000] {logging_mixin.py:190} INFO - [2025-06-16T15:07:18.557+0000] {dagbag.py:588} INFO - Filling up the DagBag from /home/airflow/.local/lib/python3.12/site-packages/airflow/example_dags/example_xcom.py
[2025-06-16T15:07:18.565+0000] {processor.py:925} INFO - DAG(s) 'example_xcom' retrieved from /home/airflow/.local/lib/python3.12/site-packages/airflow/example_dags/example_xcom.py
[2025-06-16T15:07:18.579+0000] {logging_mixin.py:190} INFO - [2025-06-16T15:07:18.579+0000] {dag.py:3239} INFO - Sync 1 DAGs
[2025-06-16T15:07:18.592+0000] {logging_mixin.py:190} INFO - [2025-06-16T15:07:18.592+0000] {dag.py:4180} INFO - Setting next_dagrun for example_xcom to 2021-01-01 00:00:00+00:00, run_after=2021-01-01 00:00:00+00:00
[2025-06-16T15:07:18.604+0000] {processor.py:208} INFO - Processing /home/airflow/.local/lib/python3.12/site-packages/airflow/example_dags/example_xcom.py took 0.054 seconds
[2025-06-16T15:57:50.586+0000] {processor.py:186} INFO - Started process (PID=1620) to work on /home/airflow/.local/lib/python3.12/site-packages/airflow/example_dags/example_xcom.py
[2025-06-16T15:57:50.587+0000] {processor.py:914} INFO - Processing file /home/airflow/.local/lib/python3.12/site-packages/airflow/example_dags/example_xcom.py for tasks to queue
[2025-06-16T15:57:50.590+0000] {logging_mixin.py:190} INFO - [2025-06-16T15:57:50.590+0000] {dagbag.py:588} INFO - Filling up the DagBag from /home/airflow/.local/lib/python3.12/site-packages/airflow/example_dags/example_xcom.py
[2025-06-16T15:57:50.602+0000] {processor.py:925} INFO - DAG(s) 'example_xcom' retrieved from /home/airflow/.local/lib/python3.12/site-packages/airflow/example_dags/example_xcom.py
[2025-06-16T15:57:50.629+0000] {logging_mixin.py:190} INFO - [2025-06-16T15:57:50.629+0000] {dag.py:3239} INFO - Sync 1 DAGs
[2025-06-16T15:57:50.651+0000] {logging_mixin.py:190} INFO - [2025-06-16T15:57:50.651+0000] {dag.py:4180} INFO - Setting next_dagrun for example_xcom to 2021-01-01 00:00:00+00:00, run_after=2021-01-01 00:00:00+00:00
[2025-06-16T15:57:50.676+0000] {processor.py:208} INFO - Processing /home/airflow/.local/lib/python3.12/site-packages/airflow/example_dags/example_xcom.py took 0.094 seconds
[2025-06-16T17:08:54.313+0000] {processor.py:186} INFO - Started process (PID=1684) to work on /home/airflow/.local/lib/python3.12/site-packages/airflow/example_dags/example_xcom.py
[2025-06-16T17:08:54.315+0000] {processor.py:914} INFO - Processing file /home/airflow/.local/lib/python3.12/site-packages/airflow/example_dags/example_xcom.py for tasks to queue
[2025-06-16T17:08:54.318+0000] {logging_mixin.py:190} INFO - [2025-06-16T17:08:54.318+0000] {dagbag.py:588} INFO - Filling up the DagBag from /home/airflow/.local/lib/python3.12/site-packages/airflow/example_dags/example_xcom.py
[2025-06-16T17:08:54.332+0000] {processor.py:925} INFO - DAG(s) 'example_xcom' retrieved from /home/airflow/.local/lib/python3.12/site-packages/airflow/example_dags/example_xcom.py
[2025-06-16T17:08:54.365+0000] {logging_mixin.py:190} INFO - [2025-06-16T17:08:54.364+0000] {dag.py:3239} INFO - Sync 1 DAGs
[2025-06-16T17:08:54.398+0000] {logging_mixin.py:190} INFO - [2025-06-16T17:08:54.398+0000] {dag.py:4180} INFO - Setting next_dagrun for example_xcom to 2021-01-01 00:00:00+00:00, run_after=2021-01-01 00:00:00+00:00
[2025-06-16T17:08:54.433+0000] {processor.py:208} INFO - Processing /home/airflow/.local/lib/python3.12/site-packages/airflow/example_dags/example_xcom.py took 0.124 seconds
[2025-06-16T18:08:29.336+0000] {processor.py:186} INFO - Started process (PID=1747) to work on /home/airflow/.local/lib/python3.12/site-packages/airflow/example_dags/example_xcom.py
[2025-06-16T18:08:29.338+0000] {processor.py:914} INFO - Processing file /home/airflow/.local/lib/python3.12/site-packages/airflow/example_dags/example_xcom.py for tasks to queue
[2025-06-16T18:08:29.347+0000] {logging_mixin.py:190} INFO - [2025-06-16T18:08:29.346+0000] {dagbag.py:588} INFO - Filling up the DagBag from /home/airflow/.local/lib/python3.12/site-packages/airflow/example_dags/example_xcom.py
[2025-06-16T18:08:29.367+0000] {processor.py:925} INFO - DAG(s) 'example_xcom' retrieved from /home/airflow/.local/lib/python3.12/site-packages/airflow/example_dags/example_xcom.py
[2025-06-16T18:08:29.405+0000] {logging_mixin.py:190} INFO - [2025-06-16T18:08:29.404+0000] {dag.py:3239} INFO - Sync 1 DAGs
[2025-06-16T18:08:29.440+0000] {logging_mixin.py:190} INFO - [2025-06-16T18:08:29.440+0000] {dag.py:4180} INFO - Setting next_dagrun for example_xcom to 2021-01-01 00:00:00+00:00, run_after=2021-01-01 00:00:00+00:00
[2025-06-16T18:08:29.480+0000] {processor.py:208} INFO - Processing /home/airflow/.local/lib/python3.12/site-packages/airflow/example_dags/example_xcom.py took 0.187 seconds
[2025-06-16T19:23:35.071+0000] {processor.py:186} INFO - Started process (PID=1816) to work on /home/airflow/.local/lib/python3.12/site-packages/airflow/example_dags/example_xcom.py
[2025-06-16T19:23:35.112+0000] {processor.py:914} INFO - Processing file /home/airflow/.local/lib/python3.12/site-packages/airflow/example_dags/example_xcom.py for tasks to queue
[2025-06-16T19:23:35.177+0000] {logging_mixin.py:190} INFO - [2025-06-16T19:23:35.160+0000] {dagbag.py:588} INFO - Filling up the DagBag from /home/airflow/.local/lib/python3.12/site-packages/airflow/example_dags/example_xcom.py
[2025-06-16T19:23:35.283+0000] {processor.py:925} INFO - DAG(s) 'example_xcom' retrieved from /home/airflow/.local/lib/python3.12/site-packages/airflow/example_dags/example_xcom.py
[2025-06-16T19:23:35.399+0000] {logging_mixin.py:190} INFO - [2025-06-16T19:23:35.398+0000] {dag.py:3239} INFO - Sync 1 DAGs
[2025-06-16T19:23:35.910+0000] {logging_mixin.py:190} INFO - [2025-06-16T19:23:35.909+0000] {dag.py:4180} INFO - Setting next_dagrun for example_xcom to 2021-01-01 00:00:00+00:00, run_after=2021-01-01 00:00:00+00:00
[2025-06-16T19:23:35.955+0000] {processor.py:208} INFO - Processing /home/airflow/.local/lib/python3.12/site-packages/airflow/example_dags/example_xcom.py took 0.977 seconds
