[2025-06-16T13:59:22.951+0000] {processor.py:186} INFO - Started process (PID=76) to work on /home/airflow/.local/lib/python3.12/site-packages/airflow/example_dags/example_dag_decorator.py
[2025-06-16T13:59:22.954+0000] {processor.py:914} INFO - Processing file /home/airflow/.local/lib/python3.12/site-packages/airflow/example_dags/example_dag_decorator.py for tasks to queue
[2025-06-16T13:59:22.956+0000] {logging_mixin.py:190} INFO - [2025-06-16T13:59:22.956+0000] {dagbag.py:588} INFO - Filling up the DagBag from /home/airflow/.local/lib/python3.12/site-packages/airflow/example_dags/example_dag_decorator.py
[2025-06-16T13:59:23.521+0000] {processor.py:925} INFO - DAG(s) 'example_dag_decorator' retrieved from /home/airflow/.local/lib/python3.12/site-packages/airflow/example_dags/example_dag_decorator.py
[2025-06-16T13:59:23.687+0000] {logging_mixin.py:190} INFO - [2025-06-16T13:59:23.686+0000] {override.py:1912} INFO - Created Permission View: can delete on DAG:example_dag_decorator
[2025-06-16T13:59:23.710+0000] {logging_mixin.py:190} INFO - [2025-06-16T13:59:23.708+0000] {override.py:1912} INFO - Created Permission View: can read on DAG:example_dag_decorator
[2025-06-16T13:59:23.744+0000] {logging_mixin.py:190} INFO - [2025-06-16T13:59:23.744+0000] {override.py:1912} INFO - Created Permission View: can edit on DAG:example_dag_decorator
[2025-06-16T13:59:23.770+0000] {logging_mixin.py:190} INFO - [2025-06-16T13:59:23.770+0000] {override.py:1912} INFO - Created Permission View: can delete on DAG Run:example_dag_decorator
[2025-06-16T13:59:23.783+0000] {logging_mixin.py:190} INFO - [2025-06-16T13:59:23.783+0000] {override.py:1912} INFO - Created Permission View: can create on DAG Run:example_dag_decorator
[2025-06-16T13:59:23.792+0000] {logging_mixin.py:190} INFO - [2025-06-16T13:59:23.792+0000] {override.py:1912} INFO - Created Permission View: can read on DAG Run:example_dag_decorator
[2025-06-16T13:59:23.798+0000] {logging_mixin.py:190} INFO - [2025-06-16T13:59:23.798+0000] {override.py:1912} INFO - Created Permission View: menu access on DAG Run:example_dag_decorator
[2025-06-16T13:59:23.799+0000] {logging_mixin.py:190} INFO - [2025-06-16T13:59:23.799+0000] {dag.py:3239} INFO - Sync 1 DAGs
[2025-06-16T13:59:23.811+0000] {logging_mixin.py:190} INFO - [2025-06-16T13:59:23.811+0000] {dag.py:3262} INFO - Creating ORM DAG for example_dag_decorator
[2025-06-16T13:59:23.813+0000] {logging_mixin.py:190} INFO - [2025-06-16T13:59:23.812+0000] {dag.py:4180} INFO - Setting next_dagrun for example_dag_decorator to None, run_after=None
[2025-06-16T13:59:23.843+0000] {processor.py:208} INFO - Processing /home/airflow/.local/lib/python3.12/site-packages/airflow/example_dags/example_dag_decorator.py took 0.897 seconds
[2025-06-16T13:59:54.219+0000] {processor.py:186} INFO - Started process (PID=138) to work on /home/airflow/.local/lib/python3.12/site-packages/airflow/example_dags/example_dag_decorator.py
[2025-06-16T13:59:54.221+0000] {processor.py:914} INFO - Processing file /home/airflow/.local/lib/python3.12/site-packages/airflow/example_dags/example_dag_decorator.py for tasks to queue
[2025-06-16T13:59:54.224+0000] {logging_mixin.py:190} INFO - [2025-06-16T13:59:54.224+0000] {dagbag.py:588} INFO - Filling up the DagBag from /home/airflow/.local/lib/python3.12/site-packages/airflow/example_dags/example_dag_decorator.py
[2025-06-16T13:59:54.305+0000] {processor.py:925} INFO - DAG(s) 'example_dag_decorator' retrieved from /home/airflow/.local/lib/python3.12/site-packages/airflow/example_dags/example_dag_decorator.py
[2025-06-16T13:59:54.375+0000] {logging_mixin.py:190} INFO - [2025-06-16T13:59:54.374+0000] {dag.py:3239} INFO - Sync 1 DAGs
[2025-06-16T13:59:54.382+0000] {logging_mixin.py:190} INFO - [2025-06-16T13:59:54.382+0000] {dag.py:4180} INFO - Setting next_dagrun for example_dag_decorator to None, run_after=None
[2025-06-16T13:59:54.392+0000] {processor.py:208} INFO - Processing /home/airflow/.local/lib/python3.12/site-packages/airflow/example_dags/example_dag_decorator.py took 0.179 seconds
[2025-06-16T14:00:24.443+0000] {processor.py:186} INFO - Started process (PID=201) to work on /home/airflow/.local/lib/python3.12/site-packages/airflow/example_dags/example_dag_decorator.py
[2025-06-16T14:00:24.447+0000] {processor.py:914} INFO - Processing file /home/airflow/.local/lib/python3.12/site-packages/airflow/example_dags/example_dag_decorator.py for tasks to queue
[2025-06-16T14:00:24.451+0000] {logging_mixin.py:190} INFO - [2025-06-16T14:00:24.450+0000] {dagbag.py:588} INFO - Filling up the DagBag from /home/airflow/.local/lib/python3.12/site-packages/airflow/example_dags/example_dag_decorator.py
[2025-06-16T14:00:24.516+0000] {processor.py:925} INFO - DAG(s) 'example_dag_decorator' retrieved from /home/airflow/.local/lib/python3.12/site-packages/airflow/example_dags/example_dag_decorator.py
[2025-06-16T14:00:24.587+0000] {logging_mixin.py:190} INFO - [2025-06-16T14:00:24.587+0000] {dag.py:3239} INFO - Sync 1 DAGs
[2025-06-16T14:00:24.594+0000] {logging_mixin.py:190} INFO - [2025-06-16T14:00:24.594+0000] {dag.py:4180} INFO - Setting next_dagrun for example_dag_decorator to None, run_after=None
[2025-06-16T14:00:24.605+0000] {processor.py:208} INFO - Processing /home/airflow/.local/lib/python3.12/site-packages/airflow/example_dags/example_dag_decorator.py took 0.168 seconds
[2025-06-16T14:00:54.660+0000] {processor.py:186} INFO - Started process (PID=263) to work on /home/airflow/.local/lib/python3.12/site-packages/airflow/example_dags/example_dag_decorator.py
[2025-06-16T14:00:54.664+0000] {processor.py:914} INFO - Processing file /home/airflow/.local/lib/python3.12/site-packages/airflow/example_dags/example_dag_decorator.py for tasks to queue
[2025-06-16T14:00:54.667+0000] {logging_mixin.py:190} INFO - [2025-06-16T14:00:54.667+0000] {dagbag.py:588} INFO - Filling up the DagBag from /home/airflow/.local/lib/python3.12/site-packages/airflow/example_dags/example_dag_decorator.py
[2025-06-16T14:00:54.757+0000] {processor.py:925} INFO - DAG(s) 'example_dag_decorator' retrieved from /home/airflow/.local/lib/python3.12/site-packages/airflow/example_dags/example_dag_decorator.py
[2025-06-16T14:00:54.816+0000] {logging_mixin.py:190} INFO - [2025-06-16T14:00:54.816+0000] {dag.py:3239} INFO - Sync 1 DAGs
[2025-06-16T14:00:54.823+0000] {logging_mixin.py:190} INFO - [2025-06-16T14:00:54.823+0000] {dag.py:4180} INFO - Setting next_dagrun for example_dag_decorator to None, run_after=None
[2025-06-16T14:00:54.838+0000] {processor.py:208} INFO - Processing /home/airflow/.local/lib/python3.12/site-packages/airflow/example_dags/example_dag_decorator.py took 0.188 seconds
[2025-06-16T14:01:25.108+0000] {processor.py:186} INFO - Started process (PID=326) to work on /home/airflow/.local/lib/python3.12/site-packages/airflow/example_dags/example_dag_decorator.py
[2025-06-16T14:01:25.111+0000] {processor.py:914} INFO - Processing file /home/airflow/.local/lib/python3.12/site-packages/airflow/example_dags/example_dag_decorator.py for tasks to queue
[2025-06-16T14:01:25.114+0000] {logging_mixin.py:190} INFO - [2025-06-16T14:01:25.114+0000] {dagbag.py:588} INFO - Filling up the DagBag from /home/airflow/.local/lib/python3.12/site-packages/airflow/example_dags/example_dag_decorator.py
[2025-06-16T14:01:25.193+0000] {processor.py:925} INFO - DAG(s) 'example_dag_decorator' retrieved from /home/airflow/.local/lib/python3.12/site-packages/airflow/example_dags/example_dag_decorator.py
[2025-06-16T14:01:25.251+0000] {logging_mixin.py:190} INFO - [2025-06-16T14:01:25.251+0000] {dag.py:3239} INFO - Sync 1 DAGs
[2025-06-16T14:01:25.258+0000] {logging_mixin.py:190} INFO - [2025-06-16T14:01:25.257+0000] {dag.py:4180} INFO - Setting next_dagrun for example_dag_decorator to None, run_after=None
[2025-06-16T14:01:25.267+0000] {processor.py:208} INFO - Processing /home/airflow/.local/lib/python3.12/site-packages/airflow/example_dags/example_dag_decorator.py took 0.165 seconds
[2025-06-16T14:01:55.747+0000] {processor.py:186} INFO - Started process (PID=389) to work on /home/airflow/.local/lib/python3.12/site-packages/airflow/example_dags/example_dag_decorator.py
[2025-06-16T14:01:55.749+0000] {processor.py:914} INFO - Processing file /home/airflow/.local/lib/python3.12/site-packages/airflow/example_dags/example_dag_decorator.py for tasks to queue
[2025-06-16T14:01:55.752+0000] {logging_mixin.py:190} INFO - [2025-06-16T14:01:55.751+0000] {dagbag.py:588} INFO - Filling up the DagBag from /home/airflow/.local/lib/python3.12/site-packages/airflow/example_dags/example_dag_decorator.py
[2025-06-16T14:01:55.808+0000] {processor.py:925} INFO - DAG(s) 'example_dag_decorator' retrieved from /home/airflow/.local/lib/python3.12/site-packages/airflow/example_dags/example_dag_decorator.py
[2025-06-16T14:01:55.870+0000] {logging_mixin.py:190} INFO - [2025-06-16T14:01:55.870+0000] {dag.py:3239} INFO - Sync 1 DAGs
[2025-06-16T14:01:55.878+0000] {logging_mixin.py:190} INFO - [2025-06-16T14:01:55.878+0000] {dag.py:4180} INFO - Setting next_dagrun for example_dag_decorator to None, run_after=None
[2025-06-16T14:01:55.887+0000] {processor.py:208} INFO - Processing /home/airflow/.local/lib/python3.12/site-packages/airflow/example_dags/example_dag_decorator.py took 0.144 seconds
[2025-06-16T14:02:26.756+0000] {processor.py:186} INFO - Started process (PID=451) to work on /home/airflow/.local/lib/python3.12/site-packages/airflow/example_dags/example_dag_decorator.py
[2025-06-16T14:02:26.758+0000] {processor.py:914} INFO - Processing file /home/airflow/.local/lib/python3.12/site-packages/airflow/example_dags/example_dag_decorator.py for tasks to queue
[2025-06-16T14:02:26.759+0000] {logging_mixin.py:190} INFO - [2025-06-16T14:02:26.759+0000] {dagbag.py:588} INFO - Filling up the DagBag from /home/airflow/.local/lib/python3.12/site-packages/airflow/example_dags/example_dag_decorator.py
[2025-06-16T14:02:26.841+0000] {processor.py:925} INFO - DAG(s) 'example_dag_decorator' retrieved from /home/airflow/.local/lib/python3.12/site-packages/airflow/example_dags/example_dag_decorator.py
[2025-06-16T14:02:26.943+0000] {logging_mixin.py:190} INFO - [2025-06-16T14:02:26.943+0000] {dag.py:3239} INFO - Sync 1 DAGs
[2025-06-16T14:02:26.964+0000] {logging_mixin.py:190} INFO - [2025-06-16T14:02:26.964+0000] {dag.py:4180} INFO - Setting next_dagrun for example_dag_decorator to None, run_after=None
[2025-06-16T14:02:26.985+0000] {processor.py:208} INFO - Processing /home/airflow/.local/lib/python3.12/site-packages/airflow/example_dags/example_dag_decorator.py took 0.233 seconds
[2025-06-16T14:02:57.051+0000] {processor.py:186} INFO - Started process (PID=514) to work on /home/airflow/.local/lib/python3.12/site-packages/airflow/example_dags/example_dag_decorator.py
[2025-06-16T14:02:57.053+0000] {processor.py:914} INFO - Processing file /home/airflow/.local/lib/python3.12/site-packages/airflow/example_dags/example_dag_decorator.py for tasks to queue
[2025-06-16T14:02:57.056+0000] {logging_mixin.py:190} INFO - [2025-06-16T14:02:57.056+0000] {dagbag.py:588} INFO - Filling up the DagBag from /home/airflow/.local/lib/python3.12/site-packages/airflow/example_dags/example_dag_decorator.py
[2025-06-16T14:02:57.125+0000] {processor.py:925} INFO - DAG(s) 'example_dag_decorator' retrieved from /home/airflow/.local/lib/python3.12/site-packages/airflow/example_dags/example_dag_decorator.py
[2025-06-16T14:02:57.189+0000] {logging_mixin.py:190} INFO - [2025-06-16T14:02:57.189+0000] {dag.py:3239} INFO - Sync 1 DAGs
[2025-06-16T14:02:57.198+0000] {logging_mixin.py:190} INFO - [2025-06-16T14:02:57.198+0000] {dag.py:4180} INFO - Setting next_dagrun for example_dag_decorator to None, run_after=None
[2025-06-16T14:02:57.208+0000] {processor.py:208} INFO - Processing /home/airflow/.local/lib/python3.12/site-packages/airflow/example_dags/example_dag_decorator.py took 0.163 seconds
[2025-06-16T14:05:29.770+0000] {processor.py:186} INFO - Started process (PID=539) to work on /home/airflow/.local/lib/python3.12/site-packages/airflow/example_dags/example_dag_decorator.py
[2025-06-16T14:05:29.771+0000] {processor.py:914} INFO - Processing file /home/airflow/.local/lib/python3.12/site-packages/airflow/example_dags/example_dag_decorator.py for tasks to queue
[2025-06-16T14:05:29.774+0000] {logging_mixin.py:190} INFO - [2025-06-16T14:05:29.773+0000] {dagbag.py:588} INFO - Filling up the DagBag from /home/airflow/.local/lib/python3.12/site-packages/airflow/example_dags/example_dag_decorator.py
[2025-06-16T14:05:29.859+0000] {processor.py:925} INFO - DAG(s) 'example_dag_decorator' retrieved from /home/airflow/.local/lib/python3.12/site-packages/airflow/example_dags/example_dag_decorator.py
[2025-06-16T14:05:29.958+0000] {logging_mixin.py:190} INFO - [2025-06-16T14:05:29.958+0000] {dag.py:3239} INFO - Sync 1 DAGs
[2025-06-16T14:05:29.973+0000] {logging_mixin.py:190} INFO - [2025-06-16T14:05:29.973+0000] {dag.py:4180} INFO - Setting next_dagrun for example_dag_decorator to None, run_after=None
[2025-06-16T14:05:29.989+0000] {processor.py:208} INFO - Processing /home/airflow/.local/lib/python3.12/site-packages/airflow/example_dags/example_dag_decorator.py took 0.224 seconds
[2025-06-16T14:06:00.553+0000] {processor.py:186} INFO - Started process (PID=601) to work on /home/airflow/.local/lib/python3.12/site-packages/airflow/example_dags/example_dag_decorator.py
[2025-06-16T14:06:00.555+0000] {processor.py:914} INFO - Processing file /home/airflow/.local/lib/python3.12/site-packages/airflow/example_dags/example_dag_decorator.py for tasks to queue
[2025-06-16T14:06:00.557+0000] {logging_mixin.py:190} INFO - [2025-06-16T14:06:00.556+0000] {dagbag.py:588} INFO - Filling up the DagBag from /home/airflow/.local/lib/python3.12/site-packages/airflow/example_dags/example_dag_decorator.py
[2025-06-16T14:06:00.621+0000] {processor.py:925} INFO - DAG(s) 'example_dag_decorator' retrieved from /home/airflow/.local/lib/python3.12/site-packages/airflow/example_dags/example_dag_decorator.py
[2025-06-16T14:06:00.689+0000] {logging_mixin.py:190} INFO - [2025-06-16T14:06:00.689+0000] {dag.py:3239} INFO - Sync 1 DAGs
[2025-06-16T14:06:00.698+0000] {logging_mixin.py:190} INFO - [2025-06-16T14:06:00.698+0000] {dag.py:4180} INFO - Setting next_dagrun for example_dag_decorator to None, run_after=None
[2025-06-16T14:06:00.710+0000] {processor.py:208} INFO - Processing /home/airflow/.local/lib/python3.12/site-packages/airflow/example_dags/example_dag_decorator.py took 0.160 seconds
[2025-06-16T14:06:31.269+0000] {processor.py:186} INFO - Started process (PID=664) to work on /home/airflow/.local/lib/python3.12/site-packages/airflow/example_dags/example_dag_decorator.py
[2025-06-16T14:06:31.271+0000] {processor.py:914} INFO - Processing file /home/airflow/.local/lib/python3.12/site-packages/airflow/example_dags/example_dag_decorator.py for tasks to queue
[2025-06-16T14:06:31.273+0000] {logging_mixin.py:190} INFO - [2025-06-16T14:06:31.273+0000] {dagbag.py:588} INFO - Filling up the DagBag from /home/airflow/.local/lib/python3.12/site-packages/airflow/example_dags/example_dag_decorator.py
[2025-06-16T14:06:31.353+0000] {processor.py:925} INFO - DAG(s) 'example_dag_decorator' retrieved from /home/airflow/.local/lib/python3.12/site-packages/airflow/example_dags/example_dag_decorator.py
[2025-06-16T14:06:31.428+0000] {logging_mixin.py:190} INFO - [2025-06-16T14:06:31.428+0000] {dag.py:3239} INFO - Sync 1 DAGs
[2025-06-16T14:06:31.437+0000] {logging_mixin.py:190} INFO - [2025-06-16T14:06:31.436+0000] {dag.py:4180} INFO - Setting next_dagrun for example_dag_decorator to None, run_after=None
[2025-06-16T14:06:31.457+0000] {processor.py:208} INFO - Processing /home/airflow/.local/lib/python3.12/site-packages/airflow/example_dags/example_dag_decorator.py took 0.190 seconds
[2025-06-16T14:07:02.390+0000] {processor.py:186} INFO - Started process (PID=728) to work on /home/airflow/.local/lib/python3.12/site-packages/airflow/example_dags/example_dag_decorator.py
[2025-06-16T14:07:02.395+0000] {processor.py:914} INFO - Processing file /home/airflow/.local/lib/python3.12/site-packages/airflow/example_dags/example_dag_decorator.py for tasks to queue
[2025-06-16T14:07:02.397+0000] {logging_mixin.py:190} INFO - [2025-06-16T14:07:02.397+0000] {dagbag.py:588} INFO - Filling up the DagBag from /home/airflow/.local/lib/python3.12/site-packages/airflow/example_dags/example_dag_decorator.py
[2025-06-16T14:07:02.456+0000] {processor.py:925} INFO - DAG(s) 'example_dag_decorator' retrieved from /home/airflow/.local/lib/python3.12/site-packages/airflow/example_dags/example_dag_decorator.py
[2025-06-16T14:07:02.522+0000] {logging_mixin.py:190} INFO - [2025-06-16T14:07:02.522+0000] {dag.py:3239} INFO - Sync 1 DAGs
[2025-06-16T14:07:02.530+0000] {logging_mixin.py:190} INFO - [2025-06-16T14:07:02.530+0000] {dag.py:4180} INFO - Setting next_dagrun for example_dag_decorator to None, run_after=None
[2025-06-16T14:07:02.542+0000] {processor.py:208} INFO - Processing /home/airflow/.local/lib/python3.12/site-packages/airflow/example_dags/example_dag_decorator.py took 0.155 seconds
[2025-06-16T14:07:33.013+0000] {processor.py:186} INFO - Started process (PID=790) to work on /home/airflow/.local/lib/python3.12/site-packages/airflow/example_dags/example_dag_decorator.py
[2025-06-16T14:07:33.015+0000] {processor.py:914} INFO - Processing file /home/airflow/.local/lib/python3.12/site-packages/airflow/example_dags/example_dag_decorator.py for tasks to queue
[2025-06-16T14:07:33.017+0000] {logging_mixin.py:190} INFO - [2025-06-16T14:07:33.017+0000] {dagbag.py:588} INFO - Filling up the DagBag from /home/airflow/.local/lib/python3.12/site-packages/airflow/example_dags/example_dag_decorator.py
[2025-06-16T14:07:33.086+0000] {processor.py:925} INFO - DAG(s) 'example_dag_decorator' retrieved from /home/airflow/.local/lib/python3.12/site-packages/airflow/example_dags/example_dag_decorator.py
[2025-06-16T14:07:33.209+0000] {logging_mixin.py:190} INFO - [2025-06-16T14:07:33.209+0000] {dag.py:3239} INFO - Sync 1 DAGs
[2025-06-16T14:07:33.221+0000] {logging_mixin.py:190} INFO - [2025-06-16T14:07:33.221+0000] {dag.py:4180} INFO - Setting next_dagrun for example_dag_decorator to None, run_after=None
[2025-06-16T14:07:33.245+0000] {processor.py:208} INFO - Processing /home/airflow/.local/lib/python3.12/site-packages/airflow/example_dags/example_dag_decorator.py took 0.236 seconds
[2025-06-16T14:08:03.306+0000] {processor.py:186} INFO - Started process (PID=851) to work on /home/airflow/.local/lib/python3.12/site-packages/airflow/example_dags/example_dag_decorator.py
[2025-06-16T14:08:03.307+0000] {processor.py:914} INFO - Processing file /home/airflow/.local/lib/python3.12/site-packages/airflow/example_dags/example_dag_decorator.py for tasks to queue
[2025-06-16T14:08:03.308+0000] {logging_mixin.py:190} INFO - [2025-06-16T14:08:03.308+0000] {dagbag.py:588} INFO - Filling up the DagBag from /home/airflow/.local/lib/python3.12/site-packages/airflow/example_dags/example_dag_decorator.py
[2025-06-16T14:08:03.369+0000] {processor.py:925} INFO - DAG(s) 'example_dag_decorator' retrieved from /home/airflow/.local/lib/python3.12/site-packages/airflow/example_dags/example_dag_decorator.py
[2025-06-16T14:08:03.426+0000] {logging_mixin.py:190} INFO - [2025-06-16T14:08:03.426+0000] {dag.py:3239} INFO - Sync 1 DAGs
[2025-06-16T14:08:03.432+0000] {logging_mixin.py:190} INFO - [2025-06-16T14:08:03.432+0000] {dag.py:4180} INFO - Setting next_dagrun for example_dag_decorator to None, run_after=None
[2025-06-16T14:08:03.441+0000] {processor.py:208} INFO - Processing /home/airflow/.local/lib/python3.12/site-packages/airflow/example_dags/example_dag_decorator.py took 0.139 seconds
[2025-06-16T14:08:33.523+0000] {processor.py:186} INFO - Started process (PID=914) to work on /home/airflow/.local/lib/python3.12/site-packages/airflow/example_dags/example_dag_decorator.py
[2025-06-16T14:08:33.525+0000] {processor.py:914} INFO - Processing file /home/airflow/.local/lib/python3.12/site-packages/airflow/example_dags/example_dag_decorator.py for tasks to queue
[2025-06-16T14:08:33.528+0000] {logging_mixin.py:190} INFO - [2025-06-16T14:08:33.528+0000] {dagbag.py:588} INFO - Filling up the DagBag from /home/airflow/.local/lib/python3.12/site-packages/airflow/example_dags/example_dag_decorator.py
[2025-06-16T14:08:33.598+0000] {processor.py:925} INFO - DAG(s) 'example_dag_decorator' retrieved from /home/airflow/.local/lib/python3.12/site-packages/airflow/example_dags/example_dag_decorator.py
[2025-06-16T14:08:33.674+0000] {logging_mixin.py:190} INFO - [2025-06-16T14:08:33.673+0000] {dag.py:3239} INFO - Sync 1 DAGs
[2025-06-16T14:08:33.681+0000] {logging_mixin.py:190} INFO - [2025-06-16T14:08:33.680+0000] {dag.py:4180} INFO - Setting next_dagrun for example_dag_decorator to None, run_after=None
[2025-06-16T14:08:33.690+0000] {processor.py:208} INFO - Processing /home/airflow/.local/lib/python3.12/site-packages/airflow/example_dags/example_dag_decorator.py took 0.170 seconds
[2025-06-16T14:09:04.595+0000] {processor.py:186} INFO - Started process (PID=977) to work on /home/airflow/.local/lib/python3.12/site-packages/airflow/example_dags/example_dag_decorator.py
[2025-06-16T14:09:04.597+0000] {processor.py:914} INFO - Processing file /home/airflow/.local/lib/python3.12/site-packages/airflow/example_dags/example_dag_decorator.py for tasks to queue
[2025-06-16T14:09:04.598+0000] {logging_mixin.py:190} INFO - [2025-06-16T14:09:04.598+0000] {dagbag.py:588} INFO - Filling up the DagBag from /home/airflow/.local/lib/python3.12/site-packages/airflow/example_dags/example_dag_decorator.py
[2025-06-16T14:09:04.678+0000] {processor.py:925} INFO - DAG(s) 'example_dag_decorator' retrieved from /home/airflow/.local/lib/python3.12/site-packages/airflow/example_dags/example_dag_decorator.py
[2025-06-16T14:09:04.749+0000] {logging_mixin.py:190} INFO - [2025-06-16T14:09:04.749+0000] {dag.py:3239} INFO - Sync 1 DAGs
[2025-06-16T14:09:04.756+0000] {logging_mixin.py:190} INFO - [2025-06-16T14:09:04.756+0000] {dag.py:4180} INFO - Setting next_dagrun for example_dag_decorator to None, run_after=None
[2025-06-16T14:09:04.766+0000] {processor.py:208} INFO - Processing /home/airflow/.local/lib/python3.12/site-packages/airflow/example_dags/example_dag_decorator.py took 0.174 seconds
[2025-06-16T14:09:35.540+0000] {processor.py:186} INFO - Started process (PID=1040) to work on /home/airflow/.local/lib/python3.12/site-packages/airflow/example_dags/example_dag_decorator.py
[2025-06-16T14:09:35.541+0000] {processor.py:914} INFO - Processing file /home/airflow/.local/lib/python3.12/site-packages/airflow/example_dags/example_dag_decorator.py for tasks to queue
[2025-06-16T14:09:35.543+0000] {logging_mixin.py:190} INFO - [2025-06-16T14:09:35.543+0000] {dagbag.py:588} INFO - Filling up the DagBag from /home/airflow/.local/lib/python3.12/site-packages/airflow/example_dags/example_dag_decorator.py
[2025-06-16T14:09:35.616+0000] {processor.py:925} INFO - DAG(s) 'example_dag_decorator' retrieved from /home/airflow/.local/lib/python3.12/site-packages/airflow/example_dags/example_dag_decorator.py
[2025-06-16T14:09:35.691+0000] {logging_mixin.py:190} INFO - [2025-06-16T14:09:35.691+0000] {dag.py:3239} INFO - Sync 1 DAGs
[2025-06-16T14:09:35.699+0000] {logging_mixin.py:190} INFO - [2025-06-16T14:09:35.699+0000] {dag.py:4180} INFO - Setting next_dagrun for example_dag_decorator to None, run_after=None
[2025-06-16T14:09:35.719+0000] {processor.py:208} INFO - Processing /home/airflow/.local/lib/python3.12/site-packages/airflow/example_dags/example_dag_decorator.py took 0.182 seconds
[2025-06-16T14:10:50.021+0000] {processor.py:186} INFO - Started process (PID=1104) to work on /home/airflow/.local/lib/python3.12/site-packages/airflow/example_dags/example_dag_decorator.py
[2025-06-16T14:10:50.024+0000] {processor.py:914} INFO - Processing file /home/airflow/.local/lib/python3.12/site-packages/airflow/example_dags/example_dag_decorator.py for tasks to queue
[2025-06-16T14:10:50.028+0000] {logging_mixin.py:190} INFO - [2025-06-16T14:10:50.028+0000] {dagbag.py:588} INFO - Filling up the DagBag from /home/airflow/.local/lib/python3.12/site-packages/airflow/example_dags/example_dag_decorator.py
[2025-06-16T14:10:50.127+0000] {processor.py:925} INFO - DAG(s) 'example_dag_decorator' retrieved from /home/airflow/.local/lib/python3.12/site-packages/airflow/example_dags/example_dag_decorator.py
[2025-06-16T14:10:50.237+0000] {logging_mixin.py:190} INFO - [2025-06-16T14:10:50.237+0000] {dag.py:3239} INFO - Sync 1 DAGs
[2025-06-16T14:10:50.251+0000] {logging_mixin.py:190} INFO - [2025-06-16T14:10:50.251+0000] {dag.py:4180} INFO - Setting next_dagrun for example_dag_decorator to None, run_after=None
[2025-06-16T14:10:50.275+0000] {processor.py:208} INFO - Processing /home/airflow/.local/lib/python3.12/site-packages/airflow/example_dags/example_dag_decorator.py took 0.264 seconds
[2025-06-16T14:11:39.352+0000] {processor.py:186} INFO - Started process (PID=1167) to work on /home/airflow/.local/lib/python3.12/site-packages/airflow/example_dags/example_dag_decorator.py
[2025-06-16T14:11:39.359+0000] {processor.py:914} INFO - Processing file /home/airflow/.local/lib/python3.12/site-packages/airflow/example_dags/example_dag_decorator.py for tasks to queue
[2025-06-16T14:11:39.364+0000] {logging_mixin.py:190} INFO - [2025-06-16T14:11:39.363+0000] {dagbag.py:588} INFO - Filling up the DagBag from /home/airflow/.local/lib/python3.12/site-packages/airflow/example_dags/example_dag_decorator.py
[2025-06-16T14:11:39.469+0000] {processor.py:925} INFO - DAG(s) 'example_dag_decorator' retrieved from /home/airflow/.local/lib/python3.12/site-packages/airflow/example_dags/example_dag_decorator.py
[2025-06-16T14:11:39.560+0000] {logging_mixin.py:190} INFO - [2025-06-16T14:11:39.559+0000] {dag.py:3239} INFO - Sync 1 DAGs
[2025-06-16T14:11:39.568+0000] {logging_mixin.py:190} INFO - [2025-06-16T14:11:39.568+0000] {dag.py:4180} INFO - Setting next_dagrun for example_dag_decorator to None, run_after=None
[2025-06-16T14:11:39.585+0000] {processor.py:208} INFO - Processing /home/airflow/.local/lib/python3.12/site-packages/airflow/example_dags/example_dag_decorator.py took 0.243 seconds
[2025-06-16T14:12:09.788+0000] {processor.py:186} INFO - Started process (PID=1229) to work on /home/airflow/.local/lib/python3.12/site-packages/airflow/example_dags/example_dag_decorator.py
[2025-06-16T14:12:09.792+0000] {processor.py:914} INFO - Processing file /home/airflow/.local/lib/python3.12/site-packages/airflow/example_dags/example_dag_decorator.py for tasks to queue
[2025-06-16T14:12:09.794+0000] {logging_mixin.py:190} INFO - [2025-06-16T14:12:09.794+0000] {dagbag.py:588} INFO - Filling up the DagBag from /home/airflow/.local/lib/python3.12/site-packages/airflow/example_dags/example_dag_decorator.py
[2025-06-16T14:12:09.881+0000] {processor.py:925} INFO - DAG(s) 'example_dag_decorator' retrieved from /home/airflow/.local/lib/python3.12/site-packages/airflow/example_dags/example_dag_decorator.py
[2025-06-16T14:12:09.964+0000] {logging_mixin.py:190} INFO - [2025-06-16T14:12:09.964+0000] {dag.py:3239} INFO - Sync 1 DAGs
[2025-06-16T14:12:09.974+0000] {logging_mixin.py:190} INFO - [2025-06-16T14:12:09.974+0000] {dag.py:4180} INFO - Setting next_dagrun for example_dag_decorator to None, run_after=None
[2025-06-16T14:12:09.993+0000] {processor.py:208} INFO - Processing /home/airflow/.local/lib/python3.12/site-packages/airflow/example_dags/example_dag_decorator.py took 0.209 seconds
[2025-06-16T14:12:41.055+0000] {processor.py:186} INFO - Started process (PID=1293) to work on /home/airflow/.local/lib/python3.12/site-packages/airflow/example_dags/example_dag_decorator.py
[2025-06-16T14:12:41.057+0000] {processor.py:914} INFO - Processing file /home/airflow/.local/lib/python3.12/site-packages/airflow/example_dags/example_dag_decorator.py for tasks to queue
[2025-06-16T14:12:41.061+0000] {logging_mixin.py:190} INFO - [2025-06-16T14:12:41.060+0000] {dagbag.py:588} INFO - Filling up the DagBag from /home/airflow/.local/lib/python3.12/site-packages/airflow/example_dags/example_dag_decorator.py
[2025-06-16T14:12:41.163+0000] {processor.py:925} INFO - DAG(s) 'example_dag_decorator' retrieved from /home/airflow/.local/lib/python3.12/site-packages/airflow/example_dags/example_dag_decorator.py
[2025-06-16T14:12:41.270+0000] {logging_mixin.py:190} INFO - [2025-06-16T14:12:41.269+0000] {dag.py:3239} INFO - Sync 1 DAGs
[2025-06-16T14:12:41.284+0000] {logging_mixin.py:190} INFO - [2025-06-16T14:12:41.284+0000] {dag.py:4180} INFO - Setting next_dagrun for example_dag_decorator to None, run_after=None
[2025-06-16T14:12:41.302+0000] {processor.py:208} INFO - Processing /home/airflow/.local/lib/python3.12/site-packages/airflow/example_dags/example_dag_decorator.py took 0.252 seconds
[2025-06-16T14:13:11.776+0000] {processor.py:186} INFO - Started process (PID=1356) to work on /home/airflow/.local/lib/python3.12/site-packages/airflow/example_dags/example_dag_decorator.py
[2025-06-16T14:13:11.778+0000] {processor.py:914} INFO - Processing file /home/airflow/.local/lib/python3.12/site-packages/airflow/example_dags/example_dag_decorator.py for tasks to queue
[2025-06-16T14:13:11.781+0000] {logging_mixin.py:190} INFO - [2025-06-16T14:13:11.780+0000] {dagbag.py:588} INFO - Filling up the DagBag from /home/airflow/.local/lib/python3.12/site-packages/airflow/example_dags/example_dag_decorator.py
[2025-06-16T14:13:11.880+0000] {processor.py:925} INFO - DAG(s) 'example_dag_decorator' retrieved from /home/airflow/.local/lib/python3.12/site-packages/airflow/example_dags/example_dag_decorator.py
[2025-06-16T14:13:11.975+0000] {logging_mixin.py:190} INFO - [2025-06-16T14:13:11.975+0000] {dag.py:3239} INFO - Sync 1 DAGs
[2025-06-16T14:13:11.985+0000] {logging_mixin.py:190} INFO - [2025-06-16T14:13:11.984+0000] {dag.py:4180} INFO - Setting next_dagrun for example_dag_decorator to None, run_after=None
[2025-06-16T14:13:12.002+0000] {processor.py:208} INFO - Processing /home/airflow/.local/lib/python3.12/site-packages/airflow/example_dags/example_dag_decorator.py took 0.231 seconds
[2025-06-16T14:13:42.262+0000] {processor.py:186} INFO - Started process (PID=1418) to work on /home/airflow/.local/lib/python3.12/site-packages/airflow/example_dags/example_dag_decorator.py
[2025-06-16T14:13:42.263+0000] {processor.py:914} INFO - Processing file /home/airflow/.local/lib/python3.12/site-packages/airflow/example_dags/example_dag_decorator.py for tasks to queue
[2025-06-16T14:13:42.264+0000] {logging_mixin.py:190} INFO - [2025-06-16T14:13:42.264+0000] {dagbag.py:588} INFO - Filling up the DagBag from /home/airflow/.local/lib/python3.12/site-packages/airflow/example_dags/example_dag_decorator.py
[2025-06-16T14:13:42.317+0000] {processor.py:925} INFO - DAG(s) 'example_dag_decorator' retrieved from /home/airflow/.local/lib/python3.12/site-packages/airflow/example_dags/example_dag_decorator.py
[2025-06-16T14:13:42.381+0000] {logging_mixin.py:190} INFO - [2025-06-16T14:13:42.381+0000] {dag.py:3239} INFO - Sync 1 DAGs
[2025-06-16T14:13:42.388+0000] {logging_mixin.py:190} INFO - [2025-06-16T14:13:42.387+0000] {dag.py:4180} INFO - Setting next_dagrun for example_dag_decorator to None, run_after=None
[2025-06-16T14:13:42.398+0000] {processor.py:208} INFO - Processing /home/airflow/.local/lib/python3.12/site-packages/airflow/example_dags/example_dag_decorator.py took 0.140 seconds
[2025-06-16T14:14:13.133+0000] {processor.py:186} INFO - Started process (PID=1481) to work on /home/airflow/.local/lib/python3.12/site-packages/airflow/example_dags/example_dag_decorator.py
[2025-06-16T14:14:13.139+0000] {processor.py:914} INFO - Processing file /home/airflow/.local/lib/python3.12/site-packages/airflow/example_dags/example_dag_decorator.py for tasks to queue
[2025-06-16T14:14:13.143+0000] {logging_mixin.py:190} INFO - [2025-06-16T14:14:13.143+0000] {dagbag.py:588} INFO - Filling up the DagBag from /home/airflow/.local/lib/python3.12/site-packages/airflow/example_dags/example_dag_decorator.py
[2025-06-16T14:14:13.262+0000] {processor.py:925} INFO - DAG(s) 'example_dag_decorator' retrieved from /home/airflow/.local/lib/python3.12/site-packages/airflow/example_dags/example_dag_decorator.py
[2025-06-16T14:14:13.362+0000] {logging_mixin.py:190} INFO - [2025-06-16T14:14:13.362+0000] {dag.py:3239} INFO - Sync 1 DAGs
[2025-06-16T14:14:13.372+0000] {logging_mixin.py:190} INFO - [2025-06-16T14:14:13.372+0000] {dag.py:4180} INFO - Setting next_dagrun for example_dag_decorator to None, run_after=None
[2025-06-16T14:14:13.394+0000] {processor.py:208} INFO - Processing /home/airflow/.local/lib/python3.12/site-packages/airflow/example_dags/example_dag_decorator.py took 0.269 seconds
[2025-06-16T15:07:17.920+0000] {processor.py:186} INFO - Started process (PID=1545) to work on /home/airflow/.local/lib/python3.12/site-packages/airflow/example_dags/example_dag_decorator.py
[2025-06-16T15:07:17.921+0000] {processor.py:914} INFO - Processing file /home/airflow/.local/lib/python3.12/site-packages/airflow/example_dags/example_dag_decorator.py for tasks to queue
[2025-06-16T15:07:17.924+0000] {logging_mixin.py:190} INFO - [2025-06-16T15:07:17.923+0000] {dagbag.py:588} INFO - Filling up the DagBag from /home/airflow/.local/lib/python3.12/site-packages/airflow/example_dags/example_dag_decorator.py
[2025-06-16T15:07:17.978+0000] {processor.py:925} INFO - DAG(s) 'example_dag_decorator' retrieved from /home/airflow/.local/lib/python3.12/site-packages/airflow/example_dags/example_dag_decorator.py
[2025-06-16T15:07:18.068+0000] {logging_mixin.py:190} INFO - [2025-06-16T15:07:18.068+0000] {dag.py:3239} INFO - Sync 1 DAGs
[2025-06-16T15:07:18.077+0000] {logging_mixin.py:190} INFO - [2025-06-16T15:07:18.076+0000] {dag.py:4180} INFO - Setting next_dagrun for example_dag_decorator to None, run_after=None
[2025-06-16T15:07:18.092+0000] {processor.py:208} INFO - Processing /home/airflow/.local/lib/python3.12/site-packages/airflow/example_dags/example_dag_decorator.py took 0.176 seconds
[2025-06-16T15:57:46.712+0000] {processor.py:186} INFO - Started process (PID=1608) to work on /home/airflow/.local/lib/python3.12/site-packages/airflow/example_dags/example_dag_decorator.py
[2025-06-16T15:57:46.717+0000] {processor.py:914} INFO - Processing file /home/airflow/.local/lib/python3.12/site-packages/airflow/example_dags/example_dag_decorator.py for tasks to queue
[2025-06-16T15:57:46.719+0000] {logging_mixin.py:190} INFO - [2025-06-16T15:57:46.719+0000] {dagbag.py:588} INFO - Filling up the DagBag from /home/airflow/.local/lib/python3.12/site-packages/airflow/example_dags/example_dag_decorator.py
[2025-06-16T15:57:46.812+0000] {processor.py:925} INFO - DAG(s) 'example_dag_decorator' retrieved from /home/airflow/.local/lib/python3.12/site-packages/airflow/example_dags/example_dag_decorator.py
[2025-06-16T15:57:46.942+0000] {logging_mixin.py:190} INFO - [2025-06-16T15:57:46.942+0000] {dag.py:3239} INFO - Sync 1 DAGs
[2025-06-16T15:57:46.967+0000] {logging_mixin.py:190} INFO - [2025-06-16T15:57:46.967+0000] {dag.py:4180} INFO - Setting next_dagrun for example_dag_decorator to None, run_after=None
[2025-06-16T15:57:46.999+0000] {processor.py:208} INFO - Processing /home/airflow/.local/lib/python3.12/site-packages/airflow/example_dags/example_dag_decorator.py took 0.292 seconds
[2025-06-16T17:08:53.089+0000] {processor.py:186} INFO - Started process (PID=1672) to work on /home/airflow/.local/lib/python3.12/site-packages/airflow/example_dags/example_dag_decorator.py
[2025-06-16T17:08:53.093+0000] {processor.py:914} INFO - Processing file /home/airflow/.local/lib/python3.12/site-packages/airflow/example_dags/example_dag_decorator.py for tasks to queue
[2025-06-16T17:08:53.101+0000] {logging_mixin.py:190} INFO - [2025-06-16T17:08:53.100+0000] {dagbag.py:588} INFO - Filling up the DagBag from /home/airflow/.local/lib/python3.12/site-packages/airflow/example_dags/example_dag_decorator.py
[2025-06-16T17:08:53.197+0000] {processor.py:925} INFO - DAG(s) 'example_dag_decorator' retrieved from /home/airflow/.local/lib/python3.12/site-packages/airflow/example_dags/example_dag_decorator.py
[2025-06-16T17:08:53.344+0000] {logging_mixin.py:190} INFO - [2025-06-16T17:08:53.344+0000] {dag.py:3239} INFO - Sync 1 DAGs
[2025-06-16T17:08:53.369+0000] {logging_mixin.py:190} INFO - [2025-06-16T17:08:53.369+0000] {dag.py:4180} INFO - Setting next_dagrun for example_dag_decorator to None, run_after=None
[2025-06-16T17:08:53.396+0000] {processor.py:208} INFO - Processing /home/airflow/.local/lib/python3.12/site-packages/airflow/example_dags/example_dag_decorator.py took 0.321 seconds
[2025-06-16T18:08:26.850+0000] {processor.py:186} INFO - Started process (PID=1735) to work on /home/airflow/.local/lib/python3.12/site-packages/airflow/example_dags/example_dag_decorator.py
[2025-06-16T18:08:26.886+0000] {processor.py:914} INFO - Processing file /home/airflow/.local/lib/python3.12/site-packages/airflow/example_dags/example_dag_decorator.py for tasks to queue
[2025-06-16T18:08:26.909+0000] {logging_mixin.py:190} INFO - [2025-06-16T18:08:26.908+0000] {dagbag.py:588} INFO - Filling up the DagBag from /home/airflow/.local/lib/python3.12/site-packages/airflow/example_dags/example_dag_decorator.py
[2025-06-16T18:08:27.153+0000] {processor.py:925} INFO - DAG(s) 'example_dag_decorator' retrieved from /home/airflow/.local/lib/python3.12/site-packages/airflow/example_dags/example_dag_decorator.py
[2025-06-16T18:08:27.424+0000] {logging_mixin.py:190} INFO - [2025-06-16T18:08:27.424+0000] {dag.py:3239} INFO - Sync 1 DAGs
[2025-06-16T18:08:27.452+0000] {logging_mixin.py:190} INFO - [2025-06-16T18:08:27.452+0000] {dag.py:4180} INFO - Setting next_dagrun for example_dag_decorator to None, run_after=None
[2025-06-16T18:08:27.487+0000] {processor.py:208} INFO - Processing /home/airflow/.local/lib/python3.12/site-packages/airflow/example_dags/example_dag_decorator.py took 0.705 seconds
[2025-06-16T19:23:32.434+0000] {processor.py:186} INFO - Started process (PID=1804) to work on /home/airflow/.local/lib/python3.12/site-packages/airflow/example_dags/example_dag_decorator.py
[2025-06-16T19:23:32.443+0000] {processor.py:914} INFO - Processing file /home/airflow/.local/lib/python3.12/site-packages/airflow/example_dags/example_dag_decorator.py for tasks to queue
[2025-06-16T19:23:32.453+0000] {logging_mixin.py:190} INFO - [2025-06-16T19:23:32.453+0000] {dagbag.py:588} INFO - Filling up the DagBag from /home/airflow/.local/lib/python3.12/site-packages/airflow/example_dags/example_dag_decorator.py
[2025-06-16T19:23:32.888+0000] {processor.py:925} INFO - DAG(s) 'example_dag_decorator' retrieved from /home/airflow/.local/lib/python3.12/site-packages/airflow/example_dags/example_dag_decorator.py
[2025-06-16T19:23:33.240+0000] {logging_mixin.py:190} INFO - [2025-06-16T19:23:33.239+0000] {dag.py:3239} INFO - Sync 1 DAGs
[2025-06-16T19:23:33.278+0000] {logging_mixin.py:190} INFO - [2025-06-16T19:23:33.277+0000] {dag.py:4180} INFO - Setting next_dagrun for example_dag_decorator to None, run_after=None
[2025-06-16T19:23:33.338+0000] {processor.py:208} INFO - Processing /home/airflow/.local/lib/python3.12/site-packages/airflow/example_dags/example_dag_decorator.py took 0.941 seconds
