[2025-06-16T13:59:25.017+0000] {processor.py:186} INFO - Started process (PID=80) to work on /home/airflow/.local/lib/python3.12/site-packages/airflow/example_dags/example_display_name.py
[2025-06-16T13:59:25.024+0000] {processor.py:914} INFO - Processing file /home/airflow/.local/lib/python3.12/site-packages/airflow/example_dags/example_display_name.py for tasks to queue
[2025-06-16T13:59:25.031+0000] {logging_mixin.py:190} INFO - [2025-06-16T13:59:25.030+0000] {dagbag.py:588} INFO - Filling up the DagBag from /home/airflow/.local/lib/python3.12/site-packages/airflow/example_dags/example_display_name.py
[2025-06-16T13:59:25.052+0000] {processor.py:925} INFO - DAG(s) 'example_display_name' retrieved from /home/airflow/.local/lib/python3.12/site-packages/airflow/example_dags/example_display_name.py
[2025-06-16T13:59:25.236+0000] {logging_mixin.py:190} INFO - [2025-06-16T13:59:25.235+0000] {override.py:1912} INFO - Created Permission View: can delete on DAG:example_display_name
[2025-06-16T13:59:25.257+0000] {logging_mixin.py:190} INFO - [2025-06-16T13:59:25.256+0000] {override.py:1912} INFO - Created Permission View: can read on DAG:example_display_name
[2025-06-16T13:59:25.269+0000] {logging_mixin.py:190} INFO - [2025-06-16T13:59:25.268+0000] {override.py:1912} INFO - Created Permission View: can edit on DAG:example_display_name
[2025-06-16T13:59:25.281+0000] {logging_mixin.py:190} INFO - [2025-06-16T13:59:25.281+0000] {override.py:1912} INFO - Created Permission View: can delete on DAG Run:example_display_name
[2025-06-16T13:59:25.293+0000] {logging_mixin.py:190} INFO - [2025-06-16T13:59:25.293+0000] {override.py:1912} INFO - Created Permission View: can create on DAG Run:example_display_name
[2025-06-16T13:59:25.303+0000] {logging_mixin.py:190} INFO - [2025-06-16T13:59:25.303+0000] {override.py:1912} INFO - Created Permission View: can read on DAG Run:example_display_name
[2025-06-16T13:59:25.343+0000] {logging_mixin.py:190} INFO - [2025-06-16T13:59:25.342+0000] {override.py:1912} INFO - Created Permission View: menu access on DAG Run:example_display_name
[2025-06-16T13:59:25.347+0000] {logging_mixin.py:190} INFO - [2025-06-16T13:59:25.346+0000] {dag.py:3239} INFO - Sync 1 DAGs
[2025-06-16T13:59:25.370+0000] {logging_mixin.py:190} INFO - [2025-06-16T13:59:25.369+0000] {dag.py:3262} INFO - Creating ORM DAG for example_display_name
[2025-06-16T13:59:25.374+0000] {logging_mixin.py:190} INFO - [2025-06-16T13:59:25.374+0000] {dag.py:4180} INFO - Setting next_dagrun for example_display_name to None, run_after=None
[2025-06-16T13:59:25.400+0000] {processor.py:208} INFO - Processing /home/airflow/.local/lib/python3.12/site-packages/airflow/example_dags/example_display_name.py took 0.390 seconds
[2025-06-16T13:59:55.614+0000] {processor.py:186} INFO - Started process (PID=143) to work on /home/airflow/.local/lib/python3.12/site-packages/airflow/example_dags/example_display_name.py
[2025-06-16T13:59:55.616+0000] {processor.py:914} INFO - Processing file /home/airflow/.local/lib/python3.12/site-packages/airflow/example_dags/example_display_name.py for tasks to queue
[2025-06-16T13:59:55.619+0000] {logging_mixin.py:190} INFO - [2025-06-16T13:59:55.619+0000] {dagbag.py:588} INFO - Filling up the DagBag from /home/airflow/.local/lib/python3.12/site-packages/airflow/example_dags/example_display_name.py
[2025-06-16T13:59:55.629+0000] {processor.py:925} INFO - DAG(s) 'example_display_name' retrieved from /home/airflow/.local/lib/python3.12/site-packages/airflow/example_dags/example_display_name.py
[2025-06-16T13:59:55.654+0000] {logging_mixin.py:190} INFO - [2025-06-16T13:59:55.653+0000] {dag.py:3239} INFO - Sync 1 DAGs
[2025-06-16T13:59:55.672+0000] {logging_mixin.py:190} INFO - [2025-06-16T13:59:55.672+0000] {dag.py:4180} INFO - Setting next_dagrun for example_display_name to None, run_after=None
[2025-06-16T13:59:55.690+0000] {processor.py:208} INFO - Processing /home/airflow/.local/lib/python3.12/site-packages/airflow/example_dags/example_display_name.py took 0.081 seconds
[2025-06-16T14:00:26.660+0000] {processor.py:186} INFO - Started process (PID=206) to work on /home/airflow/.local/lib/python3.12/site-packages/airflow/example_dags/example_display_name.py
[2025-06-16T14:00:26.663+0000] {processor.py:914} INFO - Processing file /home/airflow/.local/lib/python3.12/site-packages/airflow/example_dags/example_display_name.py for tasks to queue
[2025-06-16T14:00:26.666+0000] {logging_mixin.py:190} INFO - [2025-06-16T14:00:26.666+0000] {dagbag.py:588} INFO - Filling up the DagBag from /home/airflow/.local/lib/python3.12/site-packages/airflow/example_dags/example_display_name.py
[2025-06-16T14:00:26.673+0000] {processor.py:925} INFO - DAG(s) 'example_display_name' retrieved from /home/airflow/.local/lib/python3.12/site-packages/airflow/example_dags/example_display_name.py
[2025-06-16T14:00:26.691+0000] {logging_mixin.py:190} INFO - [2025-06-16T14:00:26.691+0000] {dag.py:3239} INFO - Sync 1 DAGs
[2025-06-16T14:00:26.702+0000] {logging_mixin.py:190} INFO - [2025-06-16T14:00:26.702+0000] {dag.py:4180} INFO - Setting next_dagrun for example_display_name to None, run_after=None
[2025-06-16T14:00:26.714+0000] {processor.py:208} INFO - Processing /home/airflow/.local/lib/python3.12/site-packages/airflow/example_dags/example_display_name.py took 0.059 seconds
[2025-06-16T14:00:56.780+0000] {processor.py:186} INFO - Started process (PID=267) to work on /home/airflow/.local/lib/python3.12/site-packages/airflow/example_dags/example_display_name.py
[2025-06-16T14:00:56.782+0000] {processor.py:914} INFO - Processing file /home/airflow/.local/lib/python3.12/site-packages/airflow/example_dags/example_display_name.py for tasks to queue
[2025-06-16T14:00:56.785+0000] {logging_mixin.py:190} INFO - [2025-06-16T14:00:56.784+0000] {dagbag.py:588} INFO - Filling up the DagBag from /home/airflow/.local/lib/python3.12/site-packages/airflow/example_dags/example_display_name.py
[2025-06-16T14:00:56.792+0000] {processor.py:925} INFO - DAG(s) 'example_display_name' retrieved from /home/airflow/.local/lib/python3.12/site-packages/airflow/example_dags/example_display_name.py
[2025-06-16T14:00:56.808+0000] {logging_mixin.py:190} INFO - [2025-06-16T14:00:56.808+0000] {dag.py:3239} INFO - Sync 1 DAGs
[2025-06-16T14:00:56.817+0000] {logging_mixin.py:190} INFO - [2025-06-16T14:00:56.817+0000] {dag.py:4180} INFO - Setting next_dagrun for example_display_name to None, run_after=None
[2025-06-16T14:00:56.828+0000] {processor.py:208} INFO - Processing /home/airflow/.local/lib/python3.12/site-packages/airflow/example_dags/example_display_name.py took 0.053 seconds
[2025-06-16T14:01:27.319+0000] {processor.py:186} INFO - Started process (PID=330) to work on /home/airflow/.local/lib/python3.12/site-packages/airflow/example_dags/example_display_name.py
[2025-06-16T14:01:27.321+0000] {processor.py:914} INFO - Processing file /home/airflow/.local/lib/python3.12/site-packages/airflow/example_dags/example_display_name.py for tasks to queue
[2025-06-16T14:01:27.325+0000] {logging_mixin.py:190} INFO - [2025-06-16T14:01:27.325+0000] {dagbag.py:588} INFO - Filling up the DagBag from /home/airflow/.local/lib/python3.12/site-packages/airflow/example_dags/example_display_name.py
[2025-06-16T14:01:27.337+0000] {processor.py:925} INFO - DAG(s) 'example_display_name' retrieved from /home/airflow/.local/lib/python3.12/site-packages/airflow/example_dags/example_display_name.py
[2025-06-16T14:01:27.353+0000] {logging_mixin.py:190} INFO - [2025-06-16T14:01:27.353+0000] {dag.py:3239} INFO - Sync 1 DAGs
[2025-06-16T14:01:27.362+0000] {logging_mixin.py:190} INFO - [2025-06-16T14:01:27.362+0000] {dag.py:4180} INFO - Setting next_dagrun for example_display_name to None, run_after=None
[2025-06-16T14:01:27.374+0000] {processor.py:208} INFO - Processing /home/airflow/.local/lib/python3.12/site-packages/airflow/example_dags/example_display_name.py took 0.064 seconds
[2025-06-16T14:01:57.995+0000] {processor.py:186} INFO - Started process (PID=393) to work on /home/airflow/.local/lib/python3.12/site-packages/airflow/example_dags/example_display_name.py
[2025-06-16T14:01:57.998+0000] {processor.py:914} INFO - Processing file /home/airflow/.local/lib/python3.12/site-packages/airflow/example_dags/example_display_name.py for tasks to queue
[2025-06-16T14:01:58.003+0000] {logging_mixin.py:190} INFO - [2025-06-16T14:01:58.002+0000] {dagbag.py:588} INFO - Filling up the DagBag from /home/airflow/.local/lib/python3.12/site-packages/airflow/example_dags/example_display_name.py
[2025-06-16T14:01:58.011+0000] {processor.py:925} INFO - DAG(s) 'example_display_name' retrieved from /home/airflow/.local/lib/python3.12/site-packages/airflow/example_dags/example_display_name.py
[2025-06-16T14:01:58.028+0000] {logging_mixin.py:190} INFO - [2025-06-16T14:01:58.027+0000] {dag.py:3239} INFO - Sync 1 DAGs
[2025-06-16T14:01:58.037+0000] {logging_mixin.py:190} INFO - [2025-06-16T14:01:58.037+0000] {dag.py:4180} INFO - Setting next_dagrun for example_display_name to None, run_after=None
[2025-06-16T14:01:58.053+0000] {processor.py:208} INFO - Processing /home/airflow/.local/lib/python3.12/site-packages/airflow/example_dags/example_display_name.py took 0.065 seconds
[2025-06-16T14:02:28.239+0000] {processor.py:186} INFO - Started process (PID=455) to work on /home/airflow/.local/lib/python3.12/site-packages/airflow/example_dags/example_display_name.py
[2025-06-16T14:02:28.242+0000] {processor.py:914} INFO - Processing file /home/airflow/.local/lib/python3.12/site-packages/airflow/example_dags/example_display_name.py for tasks to queue
[2025-06-16T14:02:28.246+0000] {logging_mixin.py:190} INFO - [2025-06-16T14:02:28.245+0000] {dagbag.py:588} INFO - Filling up the DagBag from /home/airflow/.local/lib/python3.12/site-packages/airflow/example_dags/example_display_name.py
[2025-06-16T14:02:28.254+0000] {processor.py:925} INFO - DAG(s) 'example_display_name' retrieved from /home/airflow/.local/lib/python3.12/site-packages/airflow/example_dags/example_display_name.py
[2025-06-16T14:02:28.279+0000] {logging_mixin.py:190} INFO - [2025-06-16T14:02:28.279+0000] {dag.py:3239} INFO - Sync 1 DAGs
[2025-06-16T14:02:28.298+0000] {logging_mixin.py:190} INFO - [2025-06-16T14:02:28.298+0000] {dag.py:4180} INFO - Setting next_dagrun for example_display_name to None, run_after=None
[2025-06-16T14:02:28.315+0000] {processor.py:208} INFO - Processing /home/airflow/.local/lib/python3.12/site-packages/airflow/example_dags/example_display_name.py took 0.083 seconds
[2025-06-16T14:02:58.403+0000] {processor.py:186} INFO - Started process (PID=518) to work on /home/airflow/.local/lib/python3.12/site-packages/airflow/example_dags/example_display_name.py
[2025-06-16T14:02:58.408+0000] {processor.py:914} INFO - Processing file /home/airflow/.local/lib/python3.12/site-packages/airflow/example_dags/example_display_name.py for tasks to queue
[2025-06-16T14:02:58.414+0000] {logging_mixin.py:190} INFO - [2025-06-16T14:02:58.413+0000] {dagbag.py:588} INFO - Filling up the DagBag from /home/airflow/.local/lib/python3.12/site-packages/airflow/example_dags/example_display_name.py
[2025-06-16T14:02:58.427+0000] {processor.py:925} INFO - DAG(s) 'example_display_name' retrieved from /home/airflow/.local/lib/python3.12/site-packages/airflow/example_dags/example_display_name.py
[2025-06-16T14:02:58.458+0000] {logging_mixin.py:190} INFO - [2025-06-16T14:02:58.458+0000] {dag.py:3239} INFO - Sync 1 DAGs
[2025-06-16T14:02:58.470+0000] {logging_mixin.py:190} INFO - [2025-06-16T14:02:58.470+0000] {dag.py:4180} INFO - Setting next_dagrun for example_display_name to None, run_after=None
[2025-06-16T14:02:58.496+0000] {processor.py:208} INFO - Processing /home/airflow/.local/lib/python3.12/site-packages/airflow/example_dags/example_display_name.py took 0.099 seconds
[2025-06-16T14:05:30.189+0000] {processor.py:186} INFO - Started process (PID=543) to work on /home/airflow/.local/lib/python3.12/site-packages/airflow/example_dags/example_display_name.py
[2025-06-16T14:05:30.191+0000] {processor.py:914} INFO - Processing file /home/airflow/.local/lib/python3.12/site-packages/airflow/example_dags/example_display_name.py for tasks to queue
[2025-06-16T14:05:30.195+0000] {logging_mixin.py:190} INFO - [2025-06-16T14:05:30.195+0000] {dagbag.py:588} INFO - Filling up the DagBag from /home/airflow/.local/lib/python3.12/site-packages/airflow/example_dags/example_display_name.py
[2025-06-16T14:05:30.201+0000] {processor.py:925} INFO - DAG(s) 'example_display_name' retrieved from /home/airflow/.local/lib/python3.12/site-packages/airflow/example_dags/example_display_name.py
[2025-06-16T14:05:30.219+0000] {logging_mixin.py:190} INFO - [2025-06-16T14:05:30.219+0000] {dag.py:3239} INFO - Sync 1 DAGs
[2025-06-16T14:05:30.228+0000] {logging_mixin.py:190} INFO - [2025-06-16T14:05:30.228+0000] {dag.py:4180} INFO - Setting next_dagrun for example_display_name to None, run_after=None
[2025-06-16T14:05:30.241+0000] {processor.py:208} INFO - Processing /home/airflow/.local/lib/python3.12/site-packages/airflow/example_dags/example_display_name.py took 0.056 seconds
[2025-06-16T14:06:01.013+0000] {processor.py:186} INFO - Started process (PID=606) to work on /home/airflow/.local/lib/python3.12/site-packages/airflow/example_dags/example_display_name.py
[2025-06-16T14:06:01.015+0000] {processor.py:914} INFO - Processing file /home/airflow/.local/lib/python3.12/site-packages/airflow/example_dags/example_display_name.py for tasks to queue
[2025-06-16T14:06:01.017+0000] {logging_mixin.py:190} INFO - [2025-06-16T14:06:01.017+0000] {dagbag.py:588} INFO - Filling up the DagBag from /home/airflow/.local/lib/python3.12/site-packages/airflow/example_dags/example_display_name.py
[2025-06-16T14:06:01.023+0000] {processor.py:925} INFO - DAG(s) 'example_display_name' retrieved from /home/airflow/.local/lib/python3.12/site-packages/airflow/example_dags/example_display_name.py
[2025-06-16T14:06:01.045+0000] {logging_mixin.py:190} INFO - [2025-06-16T14:06:01.045+0000] {dag.py:3239} INFO - Sync 1 DAGs
[2025-06-16T14:06:01.056+0000] {logging_mixin.py:190} INFO - [2025-06-16T14:06:01.056+0000] {dag.py:4180} INFO - Setting next_dagrun for example_display_name to None, run_after=None
[2025-06-16T14:06:01.095+0000] {processor.py:208} INFO - Processing /home/airflow/.local/lib/python3.12/site-packages/airflow/example_dags/example_display_name.py took 0.085 seconds
[2025-06-16T14:06:31.817+0000] {processor.py:186} INFO - Started process (PID=669) to work on /home/airflow/.local/lib/python3.12/site-packages/airflow/example_dags/example_display_name.py
[2025-06-16T14:06:31.818+0000] {processor.py:914} INFO - Processing file /home/airflow/.local/lib/python3.12/site-packages/airflow/example_dags/example_display_name.py for tasks to queue
[2025-06-16T14:06:31.820+0000] {logging_mixin.py:190} INFO - [2025-06-16T14:06:31.820+0000] {dagbag.py:588} INFO - Filling up the DagBag from /home/airflow/.local/lib/python3.12/site-packages/airflow/example_dags/example_display_name.py
[2025-06-16T14:06:31.825+0000] {processor.py:925} INFO - DAG(s) 'example_display_name' retrieved from /home/airflow/.local/lib/python3.12/site-packages/airflow/example_dags/example_display_name.py
[2025-06-16T14:06:31.841+0000] {logging_mixin.py:190} INFO - [2025-06-16T14:06:31.841+0000] {dag.py:3239} INFO - Sync 1 DAGs
[2025-06-16T14:06:31.851+0000] {logging_mixin.py:190} INFO - [2025-06-16T14:06:31.851+0000] {dag.py:4180} INFO - Setting next_dagrun for example_display_name to None, run_after=None
[2025-06-16T14:06:31.864+0000] {processor.py:208} INFO - Processing /home/airflow/.local/lib/python3.12/site-packages/airflow/example_dags/example_display_name.py took 0.051 seconds
[2025-06-16T14:07:02.862+0000] {processor.py:186} INFO - Started process (PID=732) to work on /home/airflow/.local/lib/python3.12/site-packages/airflow/example_dags/example_display_name.py
[2025-06-16T14:07:02.864+0000] {processor.py:914} INFO - Processing file /home/airflow/.local/lib/python3.12/site-packages/airflow/example_dags/example_display_name.py for tasks to queue
[2025-06-16T14:07:02.866+0000] {logging_mixin.py:190} INFO - [2025-06-16T14:07:02.866+0000] {dagbag.py:588} INFO - Filling up the DagBag from /home/airflow/.local/lib/python3.12/site-packages/airflow/example_dags/example_display_name.py
[2025-06-16T14:07:02.871+0000] {processor.py:925} INFO - DAG(s) 'example_display_name' retrieved from /home/airflow/.local/lib/python3.12/site-packages/airflow/example_dags/example_display_name.py
[2025-06-16T14:07:02.892+0000] {logging_mixin.py:190} INFO - [2025-06-16T14:07:02.892+0000] {dag.py:3239} INFO - Sync 1 DAGs
[2025-06-16T14:07:02.902+0000] {logging_mixin.py:190} INFO - [2025-06-16T14:07:02.902+0000] {dag.py:4180} INFO - Setting next_dagrun for example_display_name to None, run_after=None
[2025-06-16T14:07:02.914+0000] {processor.py:208} INFO - Processing /home/airflow/.local/lib/python3.12/site-packages/airflow/example_dags/example_display_name.py took 0.056 seconds
[2025-06-16T14:07:33.619+0000] {processor.py:186} INFO - Started process (PID=794) to work on /home/airflow/.local/lib/python3.12/site-packages/airflow/example_dags/example_display_name.py
[2025-06-16T14:07:33.621+0000] {processor.py:914} INFO - Processing file /home/airflow/.local/lib/python3.12/site-packages/airflow/example_dags/example_display_name.py for tasks to queue
[2025-06-16T14:07:33.624+0000] {logging_mixin.py:190} INFO - [2025-06-16T14:07:33.624+0000] {dagbag.py:588} INFO - Filling up the DagBag from /home/airflow/.local/lib/python3.12/site-packages/airflow/example_dags/example_display_name.py
[2025-06-16T14:07:33.630+0000] {processor.py:925} INFO - DAG(s) 'example_display_name' retrieved from /home/airflow/.local/lib/python3.12/site-packages/airflow/example_dags/example_display_name.py
[2025-06-16T14:07:33.650+0000] {logging_mixin.py:190} INFO - [2025-06-16T14:07:33.650+0000] {dag.py:3239} INFO - Sync 1 DAGs
[2025-06-16T14:07:33.659+0000] {logging_mixin.py:190} INFO - [2025-06-16T14:07:33.659+0000] {dag.py:4180} INFO - Setting next_dagrun for example_display_name to None, run_after=None
[2025-06-16T14:07:33.672+0000] {processor.py:208} INFO - Processing /home/airflow/.local/lib/python3.12/site-packages/airflow/example_dags/example_display_name.py took 0.057 seconds
[2025-06-16T14:08:04.752+0000] {processor.py:186} INFO - Started process (PID=856) to work on /home/airflow/.local/lib/python3.12/site-packages/airflow/example_dags/example_display_name.py
[2025-06-16T14:08:04.755+0000] {processor.py:914} INFO - Processing file /home/airflow/.local/lib/python3.12/site-packages/airflow/example_dags/example_display_name.py for tasks to queue
[2025-06-16T14:08:04.757+0000] {logging_mixin.py:190} INFO - [2025-06-16T14:08:04.757+0000] {dagbag.py:588} INFO - Filling up the DagBag from /home/airflow/.local/lib/python3.12/site-packages/airflow/example_dags/example_display_name.py
[2025-06-16T14:08:04.768+0000] {processor.py:925} INFO - DAG(s) 'example_display_name' retrieved from /home/airflow/.local/lib/python3.12/site-packages/airflow/example_dags/example_display_name.py
[2025-06-16T14:08:04.789+0000] {logging_mixin.py:190} INFO - [2025-06-16T14:08:04.789+0000] {dag.py:3239} INFO - Sync 1 DAGs
[2025-06-16T14:08:04.798+0000] {logging_mixin.py:190} INFO - [2025-06-16T14:08:04.798+0000] {dag.py:4180} INFO - Setting next_dagrun for example_display_name to None, run_after=None
[2025-06-16T14:08:04.817+0000] {processor.py:208} INFO - Processing /home/airflow/.local/lib/python3.12/site-packages/airflow/example_dags/example_display_name.py took 0.070 seconds
[2025-06-16T14:08:35.823+0000] {processor.py:186} INFO - Started process (PID=919) to work on /home/airflow/.local/lib/python3.12/site-packages/airflow/example_dags/example_display_name.py
[2025-06-16T14:08:35.826+0000] {processor.py:914} INFO - Processing file /home/airflow/.local/lib/python3.12/site-packages/airflow/example_dags/example_display_name.py for tasks to queue
[2025-06-16T14:08:35.829+0000] {logging_mixin.py:190} INFO - [2025-06-16T14:08:35.828+0000] {dagbag.py:588} INFO - Filling up the DagBag from /home/airflow/.local/lib/python3.12/site-packages/airflow/example_dags/example_display_name.py
[2025-06-16T14:08:35.839+0000] {processor.py:925} INFO - DAG(s) 'example_display_name' retrieved from /home/airflow/.local/lib/python3.12/site-packages/airflow/example_dags/example_display_name.py
[2025-06-16T14:08:35.859+0000] {logging_mixin.py:190} INFO - [2025-06-16T14:08:35.859+0000] {dag.py:3239} INFO - Sync 1 DAGs
[2025-06-16T14:08:35.874+0000] {logging_mixin.py:190} INFO - [2025-06-16T14:08:35.874+0000] {dag.py:4180} INFO - Setting next_dagrun for example_display_name to None, run_after=None
[2025-06-16T14:08:35.887+0000] {processor.py:208} INFO - Processing /home/airflow/.local/lib/python3.12/site-packages/airflow/example_dags/example_display_name.py took 0.074 seconds
[2025-06-16T14:09:05.941+0000] {processor.py:186} INFO - Started process (PID=981) to work on /home/airflow/.local/lib/python3.12/site-packages/airflow/example_dags/example_display_name.py
[2025-06-16T14:09:05.944+0000] {processor.py:914} INFO - Processing file /home/airflow/.local/lib/python3.12/site-packages/airflow/example_dags/example_display_name.py for tasks to queue
[2025-06-16T14:09:05.947+0000] {logging_mixin.py:190} INFO - [2025-06-16T14:09:05.947+0000] {dagbag.py:588} INFO - Filling up the DagBag from /home/airflow/.local/lib/python3.12/site-packages/airflow/example_dags/example_display_name.py
[2025-06-16T14:09:05.955+0000] {processor.py:925} INFO - DAG(s) 'example_display_name' retrieved from /home/airflow/.local/lib/python3.12/site-packages/airflow/example_dags/example_display_name.py
[2025-06-16T14:09:05.971+0000] {logging_mixin.py:190} INFO - [2025-06-16T14:09:05.971+0000] {dag.py:3239} INFO - Sync 1 DAGs
[2025-06-16T14:09:05.981+0000] {logging_mixin.py:190} INFO - [2025-06-16T14:09:05.981+0000] {dag.py:4180} INFO - Setting next_dagrun for example_display_name to None, run_after=None
[2025-06-16T14:09:05.991+0000] {processor.py:208} INFO - Processing /home/airflow/.local/lib/python3.12/site-packages/airflow/example_dags/example_display_name.py took 0.058 seconds
[2025-06-16T14:09:36.775+0000] {processor.py:186} INFO - Started process (PID=1044) to work on /home/airflow/.local/lib/python3.12/site-packages/airflow/example_dags/example_display_name.py
[2025-06-16T14:09:36.777+0000] {processor.py:914} INFO - Processing file /home/airflow/.local/lib/python3.12/site-packages/airflow/example_dags/example_display_name.py for tasks to queue
[2025-06-16T14:09:36.780+0000] {logging_mixin.py:190} INFO - [2025-06-16T14:09:36.780+0000] {dagbag.py:588} INFO - Filling up the DagBag from /home/airflow/.local/lib/python3.12/site-packages/airflow/example_dags/example_display_name.py
[2025-06-16T14:09:36.792+0000] {processor.py:925} INFO - DAG(s) 'example_display_name' retrieved from /home/airflow/.local/lib/python3.12/site-packages/airflow/example_dags/example_display_name.py
[2025-06-16T14:09:36.810+0000] {logging_mixin.py:190} INFO - [2025-06-16T14:09:36.810+0000] {dag.py:3239} INFO - Sync 1 DAGs
[2025-06-16T14:09:36.819+0000] {logging_mixin.py:190} INFO - [2025-06-16T14:09:36.819+0000] {dag.py:4180} INFO - Setting next_dagrun for example_display_name to None, run_after=None
[2025-06-16T14:09:36.831+0000] {processor.py:208} INFO - Processing /home/airflow/.local/lib/python3.12/site-packages/airflow/example_dags/example_display_name.py took 0.065 seconds
[2025-06-16T14:10:50.471+0000] {processor.py:186} INFO - Started process (PID=1108) to work on /home/airflow/.local/lib/python3.12/site-packages/airflow/example_dags/example_display_name.py
[2025-06-16T14:10:50.472+0000] {processor.py:914} INFO - Processing file /home/airflow/.local/lib/python3.12/site-packages/airflow/example_dags/example_display_name.py for tasks to queue
[2025-06-16T14:10:50.474+0000] {logging_mixin.py:190} INFO - [2025-06-16T14:10:50.474+0000] {dagbag.py:588} INFO - Filling up the DagBag from /home/airflow/.local/lib/python3.12/site-packages/airflow/example_dags/example_display_name.py
[2025-06-16T14:10:50.481+0000] {processor.py:925} INFO - DAG(s) 'example_display_name' retrieved from /home/airflow/.local/lib/python3.12/site-packages/airflow/example_dags/example_display_name.py
[2025-06-16T14:10:50.497+0000] {logging_mixin.py:190} INFO - [2025-06-16T14:10:50.497+0000] {dag.py:3239} INFO - Sync 1 DAGs
[2025-06-16T14:10:50.507+0000] {logging_mixin.py:190} INFO - [2025-06-16T14:10:50.506+0000] {dag.py:4180} INFO - Setting next_dagrun for example_display_name to None, run_after=None
[2025-06-16T14:10:50.523+0000] {processor.py:208} INFO - Processing /home/airflow/.local/lib/python3.12/site-packages/airflow/example_dags/example_display_name.py took 0.055 seconds
[2025-06-16T14:11:39.914+0000] {processor.py:186} INFO - Started process (PID=1171) to work on /home/airflow/.local/lib/python3.12/site-packages/airflow/example_dags/example_display_name.py
[2025-06-16T14:11:39.926+0000] {processor.py:914} INFO - Processing file /home/airflow/.local/lib/python3.12/site-packages/airflow/example_dags/example_display_name.py for tasks to queue
[2025-06-16T14:11:39.932+0000] {logging_mixin.py:190} INFO - [2025-06-16T14:11:39.931+0000] {dagbag.py:588} INFO - Filling up the DagBag from /home/airflow/.local/lib/python3.12/site-packages/airflow/example_dags/example_display_name.py
[2025-06-16T14:11:39.959+0000] {processor.py:925} INFO - DAG(s) 'example_display_name' retrieved from /home/airflow/.local/lib/python3.12/site-packages/airflow/example_dags/example_display_name.py
[2025-06-16T14:11:40.018+0000] {logging_mixin.py:190} INFO - [2025-06-16T14:11:40.017+0000] {dag.py:3239} INFO - Sync 1 DAGs
[2025-06-16T14:11:40.033+0000] {logging_mixin.py:190} INFO - [2025-06-16T14:11:40.033+0000] {dag.py:4180} INFO - Setting next_dagrun for example_display_name to None, run_after=None
[2025-06-16T14:11:40.056+0000] {processor.py:208} INFO - Processing /home/airflow/.local/lib/python3.12/site-packages/airflow/example_dags/example_display_name.py took 0.147 seconds
[2025-06-16T14:12:10.402+0000] {processor.py:186} INFO - Started process (PID=1234) to work on /home/airflow/.local/lib/python3.12/site-packages/airflow/example_dags/example_display_name.py
[2025-06-16T14:12:10.407+0000] {processor.py:914} INFO - Processing file /home/airflow/.local/lib/python3.12/site-packages/airflow/example_dags/example_display_name.py for tasks to queue
[2025-06-16T14:12:10.416+0000] {logging_mixin.py:190} INFO - [2025-06-16T14:12:10.415+0000] {dagbag.py:588} INFO - Filling up the DagBag from /home/airflow/.local/lib/python3.12/site-packages/airflow/example_dags/example_display_name.py
[2025-06-16T14:12:10.432+0000] {processor.py:925} INFO - DAG(s) 'example_display_name' retrieved from /home/airflow/.local/lib/python3.12/site-packages/airflow/example_dags/example_display_name.py
[2025-06-16T14:12:10.451+0000] {logging_mixin.py:190} INFO - [2025-06-16T14:12:10.451+0000] {dag.py:3239} INFO - Sync 1 DAGs
[2025-06-16T14:12:10.463+0000] {logging_mixin.py:190} INFO - [2025-06-16T14:12:10.462+0000] {dag.py:4180} INFO - Setting next_dagrun for example_display_name to None, run_after=None
[2025-06-16T14:12:10.485+0000] {processor.py:208} INFO - Processing /home/airflow/.local/lib/python3.12/site-packages/airflow/example_dags/example_display_name.py took 0.092 seconds
[2025-06-16T14:12:41.481+0000] {processor.py:186} INFO - Started process (PID=1297) to work on /home/airflow/.local/lib/python3.12/site-packages/airflow/example_dags/example_display_name.py
[2025-06-16T14:12:41.483+0000] {processor.py:914} INFO - Processing file /home/airflow/.local/lib/python3.12/site-packages/airflow/example_dags/example_display_name.py for tasks to queue
[2025-06-16T14:12:41.485+0000] {logging_mixin.py:190} INFO - [2025-06-16T14:12:41.485+0000] {dagbag.py:588} INFO - Filling up the DagBag from /home/airflow/.local/lib/python3.12/site-packages/airflow/example_dags/example_display_name.py
[2025-06-16T14:12:41.491+0000] {processor.py:925} INFO - DAG(s) 'example_display_name' retrieved from /home/airflow/.local/lib/python3.12/site-packages/airflow/example_dags/example_display_name.py
[2025-06-16T14:12:41.507+0000] {logging_mixin.py:190} INFO - [2025-06-16T14:12:41.507+0000] {dag.py:3239} INFO - Sync 1 DAGs
[2025-06-16T14:12:41.517+0000] {logging_mixin.py:190} INFO - [2025-06-16T14:12:41.517+0000] {dag.py:4180} INFO - Setting next_dagrun for example_display_name to None, run_after=None
[2025-06-16T14:12:41.530+0000] {processor.py:208} INFO - Processing /home/airflow/.local/lib/python3.12/site-packages/airflow/example_dags/example_display_name.py took 0.051 seconds
[2025-06-16T14:13:12.183+0000] {processor.py:186} INFO - Started process (PID=1360) to work on /home/airflow/.local/lib/python3.12/site-packages/airflow/example_dags/example_display_name.py
[2025-06-16T14:13:12.185+0000] {processor.py:914} INFO - Processing file /home/airflow/.local/lib/python3.12/site-packages/airflow/example_dags/example_display_name.py for tasks to queue
[2025-06-16T14:13:12.187+0000] {logging_mixin.py:190} INFO - [2025-06-16T14:13:12.187+0000] {dagbag.py:588} INFO - Filling up the DagBag from /home/airflow/.local/lib/python3.12/site-packages/airflow/example_dags/example_display_name.py
[2025-06-16T14:13:12.193+0000] {processor.py:925} INFO - DAG(s) 'example_display_name' retrieved from /home/airflow/.local/lib/python3.12/site-packages/airflow/example_dags/example_display_name.py
[2025-06-16T14:13:12.208+0000] {logging_mixin.py:190} INFO - [2025-06-16T14:13:12.208+0000] {dag.py:3239} INFO - Sync 1 DAGs
[2025-06-16T14:13:12.217+0000] {logging_mixin.py:190} INFO - [2025-06-16T14:13:12.216+0000] {dag.py:4180} INFO - Setting next_dagrun for example_display_name to None, run_after=None
[2025-06-16T14:13:12.227+0000] {processor.py:208} INFO - Processing /home/airflow/.local/lib/python3.12/site-packages/airflow/example_dags/example_display_name.py took 0.047 seconds
[2025-06-16T14:13:42.672+0000] {processor.py:186} INFO - Started process (PID=1423) to work on /home/airflow/.local/lib/python3.12/site-packages/airflow/example_dags/example_display_name.py
[2025-06-16T14:13:42.674+0000] {processor.py:914} INFO - Processing file /home/airflow/.local/lib/python3.12/site-packages/airflow/example_dags/example_display_name.py for tasks to queue
[2025-06-16T14:13:42.677+0000] {logging_mixin.py:190} INFO - [2025-06-16T14:13:42.677+0000] {dagbag.py:588} INFO - Filling up the DagBag from /home/airflow/.local/lib/python3.12/site-packages/airflow/example_dags/example_display_name.py
[2025-06-16T14:13:42.687+0000] {processor.py:925} INFO - DAG(s) 'example_display_name' retrieved from /home/airflow/.local/lib/python3.12/site-packages/airflow/example_dags/example_display_name.py
[2025-06-16T14:13:42.707+0000] {logging_mixin.py:190} INFO - [2025-06-16T14:13:42.707+0000] {dag.py:3239} INFO - Sync 1 DAGs
[2025-06-16T14:13:42.721+0000] {logging_mixin.py:190} INFO - [2025-06-16T14:13:42.721+0000] {dag.py:4180} INFO - Setting next_dagrun for example_display_name to None, run_after=None
[2025-06-16T14:13:42.737+0000] {processor.py:208} INFO - Processing /home/airflow/.local/lib/python3.12/site-packages/airflow/example_dags/example_display_name.py took 0.070 seconds
[2025-06-16T14:14:13.564+0000] {processor.py:186} INFO - Started process (PID=1485) to work on /home/airflow/.local/lib/python3.12/site-packages/airflow/example_dags/example_display_name.py
[2025-06-16T14:14:13.569+0000] {processor.py:914} INFO - Processing file /home/airflow/.local/lib/python3.12/site-packages/airflow/example_dags/example_display_name.py for tasks to queue
[2025-06-16T14:14:13.578+0000] {logging_mixin.py:190} INFO - [2025-06-16T14:14:13.577+0000] {dagbag.py:588} INFO - Filling up the DagBag from /home/airflow/.local/lib/python3.12/site-packages/airflow/example_dags/example_display_name.py
[2025-06-16T14:14:13.592+0000] {processor.py:925} INFO - DAG(s) 'example_display_name' retrieved from /home/airflow/.local/lib/python3.12/site-packages/airflow/example_dags/example_display_name.py
[2025-06-16T14:14:13.627+0000] {logging_mixin.py:190} INFO - [2025-06-16T14:14:13.626+0000] {dag.py:3239} INFO - Sync 1 DAGs
[2025-06-16T14:14:13.651+0000] {logging_mixin.py:190} INFO - [2025-06-16T14:14:13.651+0000] {dag.py:4180} INFO - Setting next_dagrun for example_display_name to None, run_after=None
[2025-06-16T14:14:13.671+0000] {processor.py:208} INFO - Processing /home/airflow/.local/lib/python3.12/site-packages/airflow/example_dags/example_display_name.py took 0.116 seconds
[2025-06-16T15:07:18.252+0000] {processor.py:186} INFO - Started process (PID=1549) to work on /home/airflow/.local/lib/python3.12/site-packages/airflow/example_dags/example_display_name.py
[2025-06-16T15:07:18.255+0000] {processor.py:914} INFO - Processing file /home/airflow/.local/lib/python3.12/site-packages/airflow/example_dags/example_display_name.py for tasks to queue
[2025-06-16T15:07:18.258+0000] {logging_mixin.py:190} INFO - [2025-06-16T15:07:18.258+0000] {dagbag.py:588} INFO - Filling up the DagBag from /home/airflow/.local/lib/python3.12/site-packages/airflow/example_dags/example_display_name.py
[2025-06-16T15:07:18.264+0000] {processor.py:925} INFO - DAG(s) 'example_display_name' retrieved from /home/airflow/.local/lib/python3.12/site-packages/airflow/example_dags/example_display_name.py
[2025-06-16T15:07:18.281+0000] {logging_mixin.py:190} INFO - [2025-06-16T15:07:18.280+0000] {dag.py:3239} INFO - Sync 1 DAGs
[2025-06-16T15:07:18.291+0000] {logging_mixin.py:190} INFO - [2025-06-16T15:07:18.290+0000] {dag.py:4180} INFO - Setting next_dagrun for example_display_name to None, run_after=None
[2025-06-16T15:07:18.303+0000] {processor.py:208} INFO - Processing /home/airflow/.local/lib/python3.12/site-packages/airflow/example_dags/example_display_name.py took 0.055 seconds
[2025-06-16T15:57:50.008+0000] {processor.py:186} INFO - Started process (PID=1612) to work on /home/airflow/.local/lib/python3.12/site-packages/airflow/example_dags/example_display_name.py
[2025-06-16T15:57:50.016+0000] {processor.py:914} INFO - Processing file /home/airflow/.local/lib/python3.12/site-packages/airflow/example_dags/example_display_name.py for tasks to queue
[2025-06-16T15:57:50.020+0000] {logging_mixin.py:190} INFO - [2025-06-16T15:57:50.020+0000] {dagbag.py:588} INFO - Filling up the DagBag from /home/airflow/.local/lib/python3.12/site-packages/airflow/example_dags/example_display_name.py
[2025-06-16T15:57:50.039+0000] {processor.py:925} INFO - DAG(s) 'example_display_name' retrieved from /home/airflow/.local/lib/python3.12/site-packages/airflow/example_dags/example_display_name.py
[2025-06-16T15:57:50.065+0000] {logging_mixin.py:190} INFO - [2025-06-16T15:57:50.065+0000] {dag.py:3239} INFO - Sync 1 DAGs
[2025-06-16T15:57:50.084+0000] {logging_mixin.py:190} INFO - [2025-06-16T15:57:50.083+0000] {dag.py:4180} INFO - Setting next_dagrun for example_display_name to None, run_after=None
[2025-06-16T15:57:50.103+0000] {processor.py:208} INFO - Processing /home/airflow/.local/lib/python3.12/site-packages/airflow/example_dags/example_display_name.py took 0.170 seconds
[2025-06-16T17:08:53.706+0000] {processor.py:186} INFO - Started process (PID=1676) to work on /home/airflow/.local/lib/python3.12/site-packages/airflow/example_dags/example_display_name.py
[2025-06-16T17:08:53.710+0000] {processor.py:914} INFO - Processing file /home/airflow/.local/lib/python3.12/site-packages/airflow/example_dags/example_display_name.py for tasks to queue
[2025-06-16T17:08:53.715+0000] {logging_mixin.py:190} INFO - [2025-06-16T17:08:53.715+0000] {dagbag.py:588} INFO - Filling up the DagBag from /home/airflow/.local/lib/python3.12/site-packages/airflow/example_dags/example_display_name.py
[2025-06-16T17:08:53.725+0000] {processor.py:925} INFO - DAG(s) 'example_display_name' retrieved from /home/airflow/.local/lib/python3.12/site-packages/airflow/example_dags/example_display_name.py
[2025-06-16T17:08:53.748+0000] {logging_mixin.py:190} INFO - [2025-06-16T17:08:53.748+0000] {dag.py:3239} INFO - Sync 1 DAGs
[2025-06-16T17:08:53.766+0000] {logging_mixin.py:190} INFO - [2025-06-16T17:08:53.766+0000] {dag.py:4180} INFO - Setting next_dagrun for example_display_name to None, run_after=None
[2025-06-16T17:08:53.794+0000] {processor.py:208} INFO - Processing /home/airflow/.local/lib/python3.12/site-packages/airflow/example_dags/example_display_name.py took 0.094 seconds
[2025-06-16T18:08:28.301+0000] {processor.py:186} INFO - Started process (PID=1739) to work on /home/airflow/.local/lib/python3.12/site-packages/airflow/example_dags/example_display_name.py
[2025-06-16T18:08:28.307+0000] {processor.py:914} INFO - Processing file /home/airflow/.local/lib/python3.12/site-packages/airflow/example_dags/example_display_name.py for tasks to queue
[2025-06-16T18:08:28.318+0000] {logging_mixin.py:190} INFO - [2025-06-16T18:08:28.317+0000] {dagbag.py:588} INFO - Filling up the DagBag from /home/airflow/.local/lib/python3.12/site-packages/airflow/example_dags/example_display_name.py
[2025-06-16T18:08:28.333+0000] {processor.py:925} INFO - DAG(s) 'example_display_name' retrieved from /home/airflow/.local/lib/python3.12/site-packages/airflow/example_dags/example_display_name.py
[2025-06-16T18:08:28.390+0000] {logging_mixin.py:190} INFO - [2025-06-16T18:08:28.390+0000] {dag.py:3239} INFO - Sync 1 DAGs
[2025-06-16T18:08:28.458+0000] {logging_mixin.py:190} INFO - [2025-06-16T18:08:28.457+0000] {dag.py:4180} INFO - Setting next_dagrun for example_display_name to None, run_after=None
[2025-06-16T18:08:28.507+0000] {processor.py:208} INFO - Processing /home/airflow/.local/lib/python3.12/site-packages/airflow/example_dags/example_display_name.py took 0.223 seconds
[2025-06-16T19:23:33.772+0000] {processor.py:186} INFO - Started process (PID=1808) to work on /home/airflow/.local/lib/python3.12/site-packages/airflow/example_dags/example_display_name.py
[2025-06-16T19:23:33.784+0000] {processor.py:914} INFO - Processing file /home/airflow/.local/lib/python3.12/site-packages/airflow/example_dags/example_display_name.py for tasks to queue
[2025-06-16T19:23:33.805+0000] {logging_mixin.py:190} INFO - [2025-06-16T19:23:33.801+0000] {dagbag.py:588} INFO - Filling up the DagBag from /home/airflow/.local/lib/python3.12/site-packages/airflow/example_dags/example_display_name.py
[2025-06-16T19:23:33.839+0000] {processor.py:925} INFO - DAG(s) 'example_display_name' retrieved from /home/airflow/.local/lib/python3.12/site-packages/airflow/example_dags/example_display_name.py
[2025-06-16T19:23:33.916+0000] {logging_mixin.py:190} INFO - [2025-06-16T19:23:33.916+0000] {dag.py:3239} INFO - Sync 1 DAGs
[2025-06-16T19:23:33.946+0000] {logging_mixin.py:190} INFO - [2025-06-16T19:23:33.946+0000] {dag.py:4180} INFO - Setting next_dagrun for example_display_name to None, run_after=None
[2025-06-16T19:23:33.977+0000] {processor.py:208} INFO - Processing /home/airflow/.local/lib/python3.12/site-packages/airflow/example_dags/example_display_name.py took 0.219 seconds
