[2025-06-16T13:59:28.824+0000] {processor.py:186} INFO - Started process (PID=98) to work on /home/airflow/.local/lib/python3.12/site-packages/airflow/example_dags/example_trigger_target_dag.py
[2025-06-16T13:59:28.827+0000] {processor.py:914} INFO - Processing file /home/airflow/.local/lib/python3.12/site-packages/airflow/example_dags/example_trigger_target_dag.py for tasks to queue
[2025-06-16T13:59:28.832+0000] {logging_mixin.py:190} INFO - [2025-06-16T13:59:28.831+0000] {dagbag.py:588} INFO - Filling up the DagBag from /home/airflow/.local/lib/python3.12/site-packages/airflow/example_dags/example_trigger_target_dag.py
[2025-06-16T13:59:28.842+0000] {processor.py:925} INFO - DAG(s) 'example_trigger_target_dag' retrieved from /home/airflow/.local/lib/python3.12/site-packages/airflow/example_dags/example_trigger_target_dag.py
[2025-06-16T13:59:28.967+0000] {logging_mixin.py:190} INFO - [2025-06-16T13:59:28.966+0000] {override.py:1912} INFO - Created Permission View: can delete on DAG:example_trigger_target_dag
[2025-06-16T13:59:28.986+0000] {logging_mixin.py:190} INFO - [2025-06-16T13:59:28.986+0000] {override.py:1912} INFO - Created Permission View: can read on DAG:example_trigger_target_dag
[2025-06-16T13:59:28.995+0000] {logging_mixin.py:190} INFO - [2025-06-16T13:59:28.995+0000] {override.py:1912} INFO - Created Permission View: can edit on DAG:example_trigger_target_dag
[2025-06-16T13:59:29.011+0000] {logging_mixin.py:190} INFO - [2025-06-16T13:59:29.010+0000] {override.py:1912} INFO - Created Permission View: can delete on DAG Run:example_trigger_target_dag
[2025-06-16T13:59:29.038+0000] {logging_mixin.py:190} INFO - [2025-06-16T13:59:29.037+0000] {override.py:1912} INFO - Created Permission View: can create on DAG Run:example_trigger_target_dag
[2025-06-16T13:59:29.050+0000] {logging_mixin.py:190} INFO - [2025-06-16T13:59:29.050+0000] {override.py:1912} INFO - Created Permission View: can read on DAG Run:example_trigger_target_dag
[2025-06-16T13:59:29.064+0000] {logging_mixin.py:190} INFO - [2025-06-16T13:59:29.063+0000] {override.py:1912} INFO - Created Permission View: menu access on DAG Run:example_trigger_target_dag
[2025-06-16T13:59:29.066+0000] {logging_mixin.py:190} INFO - [2025-06-16T13:59:29.065+0000] {dag.py:3239} INFO - Sync 1 DAGs
[2025-06-16T13:59:29.077+0000] {logging_mixin.py:190} INFO - [2025-06-16T13:59:29.076+0000] {dag.py:3262} INFO - Creating ORM DAG for example_trigger_target_dag
[2025-06-16T13:59:29.079+0000] {logging_mixin.py:190} INFO - [2025-06-16T13:59:29.079+0000] {dag.py:4180} INFO - Setting next_dagrun for example_trigger_target_dag to None, run_after=None
[2025-06-16T13:59:29.104+0000] {processor.py:208} INFO - Processing /home/airflow/.local/lib/python3.12/site-packages/airflow/example_dags/example_trigger_target_dag.py took 0.287 seconds
[2025-06-16T13:59:59.364+0000] {processor.py:186} INFO - Started process (PID=161) to work on /home/airflow/.local/lib/python3.12/site-packages/airflow/example_dags/example_trigger_target_dag.py
[2025-06-16T13:59:59.367+0000] {processor.py:914} INFO - Processing file /home/airflow/.local/lib/python3.12/site-packages/airflow/example_dags/example_trigger_target_dag.py for tasks to queue
[2025-06-16T13:59:59.371+0000] {logging_mixin.py:190} INFO - [2025-06-16T13:59:59.371+0000] {dagbag.py:588} INFO - Filling up the DagBag from /home/airflow/.local/lib/python3.12/site-packages/airflow/example_dags/example_trigger_target_dag.py
[2025-06-16T13:59:59.384+0000] {processor.py:925} INFO - DAG(s) 'example_trigger_target_dag' retrieved from /home/airflow/.local/lib/python3.12/site-packages/airflow/example_dags/example_trigger_target_dag.py
[2025-06-16T13:59:59.408+0000] {logging_mixin.py:190} INFO - [2025-06-16T13:59:59.408+0000] {dag.py:3239} INFO - Sync 1 DAGs
[2025-06-16T13:59:59.431+0000] {logging_mixin.py:190} INFO - [2025-06-16T13:59:59.430+0000] {dag.py:4180} INFO - Setting next_dagrun for example_trigger_target_dag to None, run_after=None
[2025-06-16T13:59:59.453+0000] {processor.py:208} INFO - Processing /home/airflow/.local/lib/python3.12/site-packages/airflow/example_dags/example_trigger_target_dag.py took 0.094 seconds
[2025-06-16T14:00:30.164+0000] {processor.py:186} INFO - Started process (PID=224) to work on /home/airflow/.local/lib/python3.12/site-packages/airflow/example_dags/example_trigger_target_dag.py
[2025-06-16T14:00:30.166+0000] {processor.py:914} INFO - Processing file /home/airflow/.local/lib/python3.12/site-packages/airflow/example_dags/example_trigger_target_dag.py for tasks to queue
[2025-06-16T14:00:30.169+0000] {logging_mixin.py:190} INFO - [2025-06-16T14:00:30.169+0000] {dagbag.py:588} INFO - Filling up the DagBag from /home/airflow/.local/lib/python3.12/site-packages/airflow/example_dags/example_trigger_target_dag.py
[2025-06-16T14:00:30.177+0000] {processor.py:925} INFO - DAG(s) 'example_trigger_target_dag' retrieved from /home/airflow/.local/lib/python3.12/site-packages/airflow/example_dags/example_trigger_target_dag.py
[2025-06-16T14:00:30.193+0000] {logging_mixin.py:190} INFO - [2025-06-16T14:00:30.193+0000] {dag.py:3239} INFO - Sync 1 DAGs
[2025-06-16T14:00:30.202+0000] {logging_mixin.py:190} INFO - [2025-06-16T14:00:30.201+0000] {dag.py:4180} INFO - Setting next_dagrun for example_trigger_target_dag to None, run_after=None
[2025-06-16T14:00:30.215+0000] {processor.py:208} INFO - Processing /home/airflow/.local/lib/python3.12/site-packages/airflow/example_dags/example_trigger_target_dag.py took 0.057 seconds
[2025-06-16T14:01:01.006+0000] {processor.py:186} INFO - Started process (PID=286) to work on /home/airflow/.local/lib/python3.12/site-packages/airflow/example_dags/example_trigger_target_dag.py
[2025-06-16T14:01:01.007+0000] {processor.py:914} INFO - Processing file /home/airflow/.local/lib/python3.12/site-packages/airflow/example_dags/example_trigger_target_dag.py for tasks to queue
[2025-06-16T14:01:01.009+0000] {logging_mixin.py:190} INFO - [2025-06-16T14:01:01.009+0000] {dagbag.py:588} INFO - Filling up the DagBag from /home/airflow/.local/lib/python3.12/site-packages/airflow/example_dags/example_trigger_target_dag.py
[2025-06-16T14:01:01.016+0000] {processor.py:925} INFO - DAG(s) 'example_trigger_target_dag' retrieved from /home/airflow/.local/lib/python3.12/site-packages/airflow/example_dags/example_trigger_target_dag.py
[2025-06-16T14:01:01.028+0000] {logging_mixin.py:190} INFO - [2025-06-16T14:01:01.028+0000] {dag.py:3239} INFO - Sync 1 DAGs
[2025-06-16T14:01:01.035+0000] {logging_mixin.py:190} INFO - [2025-06-16T14:01:01.035+0000] {dag.py:4180} INFO - Setting next_dagrun for example_trigger_target_dag to None, run_after=None
[2025-06-16T14:01:01.045+0000] {processor.py:208} INFO - Processing /home/airflow/.local/lib/python3.12/site-packages/airflow/example_dags/example_trigger_target_dag.py took 0.043 seconds
[2025-06-16T14:01:31.644+0000] {processor.py:186} INFO - Started process (PID=349) to work on /home/airflow/.local/lib/python3.12/site-packages/airflow/example_dags/example_trigger_target_dag.py
[2025-06-16T14:01:31.646+0000] {processor.py:914} INFO - Processing file /home/airflow/.local/lib/python3.12/site-packages/airflow/example_dags/example_trigger_target_dag.py for tasks to queue
[2025-06-16T14:01:31.648+0000] {logging_mixin.py:190} INFO - [2025-06-16T14:01:31.647+0000] {dagbag.py:588} INFO - Filling up the DagBag from /home/airflow/.local/lib/python3.12/site-packages/airflow/example_dags/example_trigger_target_dag.py
[2025-06-16T14:01:31.657+0000] {processor.py:925} INFO - DAG(s) 'example_trigger_target_dag' retrieved from /home/airflow/.local/lib/python3.12/site-packages/airflow/example_dags/example_trigger_target_dag.py
[2025-06-16T14:01:31.686+0000] {logging_mixin.py:190} INFO - [2025-06-16T14:01:31.686+0000] {dag.py:3239} INFO - Sync 1 DAGs
[2025-06-16T14:01:31.695+0000] {logging_mixin.py:190} INFO - [2025-06-16T14:01:31.695+0000] {dag.py:4180} INFO - Setting next_dagrun for example_trigger_target_dag to None, run_after=None
[2025-06-16T14:01:31.708+0000] {processor.py:208} INFO - Processing /home/airflow/.local/lib/python3.12/site-packages/airflow/example_dags/example_trigger_target_dag.py took 0.067 seconds
[2025-06-16T14:02:02.325+0000] {processor.py:186} INFO - Started process (PID=412) to work on /home/airflow/.local/lib/python3.12/site-packages/airflow/example_dags/example_trigger_target_dag.py
[2025-06-16T14:02:02.326+0000] {processor.py:914} INFO - Processing file /home/airflow/.local/lib/python3.12/site-packages/airflow/example_dags/example_trigger_target_dag.py for tasks to queue
[2025-06-16T14:02:02.328+0000] {logging_mixin.py:190} INFO - [2025-06-16T14:02:02.328+0000] {dagbag.py:588} INFO - Filling up the DagBag from /home/airflow/.local/lib/python3.12/site-packages/airflow/example_dags/example_trigger_target_dag.py
[2025-06-16T14:02:02.337+0000] {processor.py:925} INFO - DAG(s) 'example_trigger_target_dag' retrieved from /home/airflow/.local/lib/python3.12/site-packages/airflow/example_dags/example_trigger_target_dag.py
[2025-06-16T14:02:02.350+0000] {logging_mixin.py:190} INFO - [2025-06-16T14:02:02.350+0000] {dag.py:3239} INFO - Sync 1 DAGs
[2025-06-16T14:02:02.360+0000] {logging_mixin.py:190} INFO - [2025-06-16T14:02:02.360+0000] {dag.py:4180} INFO - Setting next_dagrun for example_trigger_target_dag to None, run_after=None
[2025-06-16T14:02:02.374+0000] {processor.py:208} INFO - Processing /home/airflow/.local/lib/python3.12/site-packages/airflow/example_dags/example_trigger_target_dag.py took 0.053 seconds
[2025-06-16T14:02:33.255+0000] {processor.py:186} INFO - Started process (PID=474) to work on /home/airflow/.local/lib/python3.12/site-packages/airflow/example_dags/example_trigger_target_dag.py
[2025-06-16T14:02:33.269+0000] {processor.py:914} INFO - Processing file /home/airflow/.local/lib/python3.12/site-packages/airflow/example_dags/example_trigger_target_dag.py for tasks to queue
[2025-06-16T14:02:33.293+0000] {logging_mixin.py:190} INFO - [2025-06-16T14:02:33.292+0000] {dagbag.py:588} INFO - Filling up the DagBag from /home/airflow/.local/lib/python3.12/site-packages/airflow/example_dags/example_trigger_target_dag.py
[2025-06-16T14:02:33.328+0000] {processor.py:925} INFO - DAG(s) 'example_trigger_target_dag' retrieved from /home/airflow/.local/lib/python3.12/site-packages/airflow/example_dags/example_trigger_target_dag.py
[2025-06-16T14:02:33.364+0000] {logging_mixin.py:190} INFO - [2025-06-16T14:02:33.363+0000] {dag.py:3239} INFO - Sync 1 DAGs
[2025-06-16T14:02:33.381+0000] {logging_mixin.py:190} INFO - [2025-06-16T14:02:33.381+0000] {dag.py:4180} INFO - Setting next_dagrun for example_trigger_target_dag to None, run_after=None
[2025-06-16T14:02:33.405+0000] {processor.py:208} INFO - Processing /home/airflow/.local/lib/python3.12/site-packages/airflow/example_dags/example_trigger_target_dag.py took 0.157 seconds
[2025-06-16T14:05:31.164+0000] {processor.py:186} INFO - Started process (PID=561) to work on /home/airflow/.local/lib/python3.12/site-packages/airflow/example_dags/example_trigger_target_dag.py
[2025-06-16T14:05:31.167+0000] {processor.py:914} INFO - Processing file /home/airflow/.local/lib/python3.12/site-packages/airflow/example_dags/example_trigger_target_dag.py for tasks to queue
[2025-06-16T14:05:31.170+0000] {logging_mixin.py:190} INFO - [2025-06-16T14:05:31.170+0000] {dagbag.py:588} INFO - Filling up the DagBag from /home/airflow/.local/lib/python3.12/site-packages/airflow/example_dags/example_trigger_target_dag.py
[2025-06-16T14:05:31.176+0000] {processor.py:925} INFO - DAG(s) 'example_trigger_target_dag' retrieved from /home/airflow/.local/lib/python3.12/site-packages/airflow/example_dags/example_trigger_target_dag.py
[2025-06-16T14:05:31.192+0000] {logging_mixin.py:190} INFO - [2025-06-16T14:05:31.191+0000] {dag.py:3239} INFO - Sync 1 DAGs
[2025-06-16T14:05:31.202+0000] {logging_mixin.py:190} INFO - [2025-06-16T14:05:31.202+0000] {dag.py:4180} INFO - Setting next_dagrun for example_trigger_target_dag to None, run_after=None
[2025-06-16T14:05:31.218+0000] {processor.py:208} INFO - Processing /home/airflow/.local/lib/python3.12/site-packages/airflow/example_dags/example_trigger_target_dag.py took 0.058 seconds
[2025-06-16T14:06:01.987+0000] {processor.py:186} INFO - Started process (PID=624) to work on /home/airflow/.local/lib/python3.12/site-packages/airflow/example_dags/example_trigger_target_dag.py
[2025-06-16T14:06:01.990+0000] {processor.py:914} INFO - Processing file /home/airflow/.local/lib/python3.12/site-packages/airflow/example_dags/example_trigger_target_dag.py for tasks to queue
[2025-06-16T14:06:01.993+0000] {logging_mixin.py:190} INFO - [2025-06-16T14:06:01.992+0000] {dagbag.py:588} INFO - Filling up the DagBag from /home/airflow/.local/lib/python3.12/site-packages/airflow/example_dags/example_trigger_target_dag.py
[2025-06-16T14:06:01.998+0000] {processor.py:925} INFO - DAG(s) 'example_trigger_target_dag' retrieved from /home/airflow/.local/lib/python3.12/site-packages/airflow/example_dags/example_trigger_target_dag.py
[2025-06-16T14:06:02.016+0000] {logging_mixin.py:190} INFO - [2025-06-16T14:06:02.016+0000] {dag.py:3239} INFO - Sync 1 DAGs
[2025-06-16T14:06:02.025+0000] {logging_mixin.py:190} INFO - [2025-06-16T14:06:02.025+0000] {dag.py:4180} INFO - Setting next_dagrun for example_trigger_target_dag to None, run_after=None
[2025-06-16T14:06:02.039+0000] {processor.py:208} INFO - Processing /home/airflow/.local/lib/python3.12/site-packages/airflow/example_dags/example_trigger_target_dag.py took 0.055 seconds
[2025-06-16T14:06:32.707+0000] {processor.py:186} INFO - Started process (PID=687) to work on /home/airflow/.local/lib/python3.12/site-packages/airflow/example_dags/example_trigger_target_dag.py
[2025-06-16T14:06:32.709+0000] {processor.py:914} INFO - Processing file /home/airflow/.local/lib/python3.12/site-packages/airflow/example_dags/example_trigger_target_dag.py for tasks to queue
[2025-06-16T14:06:32.711+0000] {logging_mixin.py:190} INFO - [2025-06-16T14:06:32.711+0000] {dagbag.py:588} INFO - Filling up the DagBag from /home/airflow/.local/lib/python3.12/site-packages/airflow/example_dags/example_trigger_target_dag.py
[2025-06-16T14:06:32.716+0000] {processor.py:925} INFO - DAG(s) 'example_trigger_target_dag' retrieved from /home/airflow/.local/lib/python3.12/site-packages/airflow/example_dags/example_trigger_target_dag.py
[2025-06-16T14:06:32.737+0000] {logging_mixin.py:190} INFO - [2025-06-16T14:06:32.737+0000] {dag.py:3239} INFO - Sync 1 DAGs
[2025-06-16T14:06:32.745+0000] {logging_mixin.py:190} INFO - [2025-06-16T14:06:32.745+0000] {dag.py:4180} INFO - Setting next_dagrun for example_trigger_target_dag to None, run_after=None
[2025-06-16T14:06:32.762+0000] {processor.py:208} INFO - Processing /home/airflow/.local/lib/python3.12/site-packages/airflow/example_dags/example_trigger_target_dag.py took 0.058 seconds
[2025-06-16T14:07:03.758+0000] {processor.py:186} INFO - Started process (PID=750) to work on /home/airflow/.local/lib/python3.12/site-packages/airflow/example_dags/example_trigger_target_dag.py
[2025-06-16T14:07:03.760+0000] {processor.py:914} INFO - Processing file /home/airflow/.local/lib/python3.12/site-packages/airflow/example_dags/example_trigger_target_dag.py for tasks to queue
[2025-06-16T14:07:03.762+0000] {logging_mixin.py:190} INFO - [2025-06-16T14:07:03.761+0000] {dagbag.py:588} INFO - Filling up the DagBag from /home/airflow/.local/lib/python3.12/site-packages/airflow/example_dags/example_trigger_target_dag.py
[2025-06-16T14:07:03.768+0000] {processor.py:925} INFO - DAG(s) 'example_trigger_target_dag' retrieved from /home/airflow/.local/lib/python3.12/site-packages/airflow/example_dags/example_trigger_target_dag.py
[2025-06-16T14:07:03.786+0000] {logging_mixin.py:190} INFO - [2025-06-16T14:07:03.785+0000] {dag.py:3239} INFO - Sync 1 DAGs
[2025-06-16T14:07:03.795+0000] {logging_mixin.py:190} INFO - [2025-06-16T14:07:03.795+0000] {dag.py:4180} INFO - Setting next_dagrun for example_trigger_target_dag to None, run_after=None
[2025-06-16T14:07:03.807+0000] {processor.py:208} INFO - Processing /home/airflow/.local/lib/python3.12/site-packages/airflow/example_dags/example_trigger_target_dag.py took 0.054 seconds
[2025-06-16T14:07:34.684+0000] {processor.py:186} INFO - Started process (PID=812) to work on /home/airflow/.local/lib/python3.12/site-packages/airflow/example_dags/example_trigger_target_dag.py
[2025-06-16T14:07:34.687+0000] {processor.py:914} INFO - Processing file /home/airflow/.local/lib/python3.12/site-packages/airflow/example_dags/example_trigger_target_dag.py for tasks to queue
[2025-06-16T14:07:34.690+0000] {logging_mixin.py:190} INFO - [2025-06-16T14:07:34.690+0000] {dagbag.py:588} INFO - Filling up the DagBag from /home/airflow/.local/lib/python3.12/site-packages/airflow/example_dags/example_trigger_target_dag.py
[2025-06-16T14:07:34.701+0000] {processor.py:925} INFO - DAG(s) 'example_trigger_target_dag' retrieved from /home/airflow/.local/lib/python3.12/site-packages/airflow/example_dags/example_trigger_target_dag.py
[2025-06-16T14:07:34.718+0000] {logging_mixin.py:190} INFO - [2025-06-16T14:07:34.718+0000] {dag.py:3239} INFO - Sync 1 DAGs
[2025-06-16T14:07:34.728+0000] {logging_mixin.py:190} INFO - [2025-06-16T14:07:34.728+0000] {dag.py:4180} INFO - Setting next_dagrun for example_trigger_target_dag to None, run_after=None
[2025-06-16T14:07:34.740+0000] {processor.py:208} INFO - Processing /home/airflow/.local/lib/python3.12/site-packages/airflow/example_dags/example_trigger_target_dag.py took 0.061 seconds
[2025-06-16T14:08:05.915+0000] {processor.py:186} INFO - Started process (PID=874) to work on /home/airflow/.local/lib/python3.12/site-packages/airflow/example_dags/example_trigger_target_dag.py
[2025-06-16T14:08:05.917+0000] {processor.py:914} INFO - Processing file /home/airflow/.local/lib/python3.12/site-packages/airflow/example_dags/example_trigger_target_dag.py for tasks to queue
[2025-06-16T14:08:05.920+0000] {logging_mixin.py:190} INFO - [2025-06-16T14:08:05.919+0000] {dagbag.py:588} INFO - Filling up the DagBag from /home/airflow/.local/lib/python3.12/site-packages/airflow/example_dags/example_trigger_target_dag.py
[2025-06-16T14:08:05.934+0000] {processor.py:925} INFO - DAG(s) 'example_trigger_target_dag' retrieved from /home/airflow/.local/lib/python3.12/site-packages/airflow/example_dags/example_trigger_target_dag.py
[2025-06-16T14:08:05.957+0000] {logging_mixin.py:190} INFO - [2025-06-16T14:08:05.957+0000] {dag.py:3239} INFO - Sync 1 DAGs
[2025-06-16T14:08:05.971+0000] {logging_mixin.py:190} INFO - [2025-06-16T14:08:05.970+0000] {dag.py:4180} INFO - Setting next_dagrun for example_trigger_target_dag to None, run_after=None
[2025-06-16T14:08:05.987+0000] {processor.py:208} INFO - Processing /home/airflow/.local/lib/python3.12/site-packages/airflow/example_dags/example_trigger_target_dag.py took 0.077 seconds
[2025-06-16T14:08:36.824+0000] {processor.py:186} INFO - Started process (PID=937) to work on /home/airflow/.local/lib/python3.12/site-packages/airflow/example_dags/example_trigger_target_dag.py
[2025-06-16T14:08:36.826+0000] {processor.py:914} INFO - Processing file /home/airflow/.local/lib/python3.12/site-packages/airflow/example_dags/example_trigger_target_dag.py for tasks to queue
[2025-06-16T14:08:36.828+0000] {logging_mixin.py:190} INFO - [2025-06-16T14:08:36.828+0000] {dagbag.py:588} INFO - Filling up the DagBag from /home/airflow/.local/lib/python3.12/site-packages/airflow/example_dags/example_trigger_target_dag.py
[2025-06-16T14:08:36.833+0000] {processor.py:925} INFO - DAG(s) 'example_trigger_target_dag' retrieved from /home/airflow/.local/lib/python3.12/site-packages/airflow/example_dags/example_trigger_target_dag.py
[2025-06-16T14:08:36.855+0000] {logging_mixin.py:190} INFO - [2025-06-16T14:08:36.854+0000] {dag.py:3239} INFO - Sync 1 DAGs
[2025-06-16T14:08:36.867+0000] {logging_mixin.py:190} INFO - [2025-06-16T14:08:36.867+0000] {dag.py:4180} INFO - Setting next_dagrun for example_trigger_target_dag to None, run_after=None
[2025-06-16T14:08:36.880+0000] {processor.py:208} INFO - Processing /home/airflow/.local/lib/python3.12/site-packages/airflow/example_dags/example_trigger_target_dag.py took 0.059 seconds
[2025-06-16T14:09:08.151+0000] {processor.py:186} INFO - Started process (PID=1000) to work on /home/airflow/.local/lib/python3.12/site-packages/airflow/example_dags/example_trigger_target_dag.py
[2025-06-16T14:09:08.153+0000] {processor.py:914} INFO - Processing file /home/airflow/.local/lib/python3.12/site-packages/airflow/example_dags/example_trigger_target_dag.py for tasks to queue
[2025-06-16T14:09:08.155+0000] {logging_mixin.py:190} INFO - [2025-06-16T14:09:08.155+0000] {dagbag.py:588} INFO - Filling up the DagBag from /home/airflow/.local/lib/python3.12/site-packages/airflow/example_dags/example_trigger_target_dag.py
[2025-06-16T14:09:08.161+0000] {processor.py:925} INFO - DAG(s) 'example_trigger_target_dag' retrieved from /home/airflow/.local/lib/python3.12/site-packages/airflow/example_dags/example_trigger_target_dag.py
[2025-06-16T14:09:08.174+0000] {logging_mixin.py:190} INFO - [2025-06-16T14:09:08.174+0000] {dag.py:3239} INFO - Sync 1 DAGs
[2025-06-16T14:09:08.183+0000] {logging_mixin.py:190} INFO - [2025-06-16T14:09:08.182+0000] {dag.py:4180} INFO - Setting next_dagrun for example_trigger_target_dag to None, run_after=None
[2025-06-16T14:09:08.194+0000] {processor.py:208} INFO - Processing /home/airflow/.local/lib/python3.12/site-packages/airflow/example_dags/example_trigger_target_dag.py took 0.046 seconds
[2025-06-16T14:09:38.899+0000] {processor.py:186} INFO - Started process (PID=1063) to work on /home/airflow/.local/lib/python3.12/site-packages/airflow/example_dags/example_trigger_target_dag.py
[2025-06-16T14:09:38.900+0000] {processor.py:914} INFO - Processing file /home/airflow/.local/lib/python3.12/site-packages/airflow/example_dags/example_trigger_target_dag.py for tasks to queue
[2025-06-16T14:09:38.902+0000] {logging_mixin.py:190} INFO - [2025-06-16T14:09:38.902+0000] {dagbag.py:588} INFO - Filling up the DagBag from /home/airflow/.local/lib/python3.12/site-packages/airflow/example_dags/example_trigger_target_dag.py
[2025-06-16T14:09:38.907+0000] {processor.py:925} INFO - DAG(s) 'example_trigger_target_dag' retrieved from /home/airflow/.local/lib/python3.12/site-packages/airflow/example_dags/example_trigger_target_dag.py
[2025-06-16T14:09:38.931+0000] {logging_mixin.py:190} INFO - [2025-06-16T14:09:38.931+0000] {dag.py:3239} INFO - Sync 1 DAGs
[2025-06-16T14:09:38.943+0000] {logging_mixin.py:190} INFO - [2025-06-16T14:09:38.943+0000] {dag.py:4180} INFO - Setting next_dagrun for example_trigger_target_dag to None, run_after=None
[2025-06-16T14:09:38.973+0000] {processor.py:208} INFO - Processing /home/airflow/.local/lib/python3.12/site-packages/airflow/example_dags/example_trigger_target_dag.py took 0.078 seconds
[2025-06-16T14:10:51.409+0000] {processor.py:186} INFO - Started process (PID=1126) to work on /home/airflow/.local/lib/python3.12/site-packages/airflow/example_dags/example_trigger_target_dag.py
[2025-06-16T14:10:51.410+0000] {processor.py:914} INFO - Processing file /home/airflow/.local/lib/python3.12/site-packages/airflow/example_dags/example_trigger_target_dag.py for tasks to queue
[2025-06-16T14:10:51.412+0000] {logging_mixin.py:190} INFO - [2025-06-16T14:10:51.412+0000] {dagbag.py:588} INFO - Filling up the DagBag from /home/airflow/.local/lib/python3.12/site-packages/airflow/example_dags/example_trigger_target_dag.py
[2025-06-16T14:10:51.419+0000] {processor.py:925} INFO - DAG(s) 'example_trigger_target_dag' retrieved from /home/airflow/.local/lib/python3.12/site-packages/airflow/example_dags/example_trigger_target_dag.py
[2025-06-16T14:10:51.434+0000] {logging_mixin.py:190} INFO - [2025-06-16T14:10:51.434+0000] {dag.py:3239} INFO - Sync 1 DAGs
[2025-06-16T14:10:51.444+0000] {logging_mixin.py:190} INFO - [2025-06-16T14:10:51.444+0000] {dag.py:4180} INFO - Setting next_dagrun for example_trigger_target_dag to None, run_after=None
[2025-06-16T14:10:51.460+0000] {processor.py:208} INFO - Processing /home/airflow/.local/lib/python3.12/site-packages/airflow/example_dags/example_trigger_target_dag.py took 0.054 seconds
[2025-06-16T14:11:41.850+0000] {processor.py:186} INFO - Started process (PID=1189) to work on /home/airflow/.local/lib/python3.12/site-packages/airflow/example_dags/example_trigger_target_dag.py
[2025-06-16T14:11:41.853+0000] {processor.py:914} INFO - Processing file /home/airflow/.local/lib/python3.12/site-packages/airflow/example_dags/example_trigger_target_dag.py for tasks to queue
[2025-06-16T14:11:41.862+0000] {logging_mixin.py:190} INFO - [2025-06-16T14:11:41.861+0000] {dagbag.py:588} INFO - Filling up the DagBag from /home/airflow/.local/lib/python3.12/site-packages/airflow/example_dags/example_trigger_target_dag.py
[2025-06-16T14:11:41.873+0000] {processor.py:925} INFO - DAG(s) 'example_trigger_target_dag' retrieved from /home/airflow/.local/lib/python3.12/site-packages/airflow/example_dags/example_trigger_target_dag.py
[2025-06-16T14:11:41.926+0000] {logging_mixin.py:190} INFO - [2025-06-16T14:11:41.924+0000] {dag.py:3239} INFO - Sync 1 DAGs
[2025-06-16T14:11:41.955+0000] {logging_mixin.py:190} INFO - [2025-06-16T14:11:41.954+0000] {dag.py:4180} INFO - Setting next_dagrun for example_trigger_target_dag to None, run_after=None
[2025-06-16T14:11:41.999+0000] {processor.py:208} INFO - Processing /home/airflow/.local/lib/python3.12/site-packages/airflow/example_dags/example_trigger_target_dag.py took 0.154 seconds
[2025-06-16T14:12:12.648+0000] {processor.py:186} INFO - Started process (PID=1252) to work on /home/airflow/.local/lib/python3.12/site-packages/airflow/example_dags/example_trigger_target_dag.py
[2025-06-16T14:12:12.649+0000] {processor.py:914} INFO - Processing file /home/airflow/.local/lib/python3.12/site-packages/airflow/example_dags/example_trigger_target_dag.py for tasks to queue
[2025-06-16T14:12:12.652+0000] {logging_mixin.py:190} INFO - [2025-06-16T14:12:12.652+0000] {dagbag.py:588} INFO - Filling up the DagBag from /home/airflow/.local/lib/python3.12/site-packages/airflow/example_dags/example_trigger_target_dag.py
[2025-06-16T14:12:12.659+0000] {processor.py:925} INFO - DAG(s) 'example_trigger_target_dag' retrieved from /home/airflow/.local/lib/python3.12/site-packages/airflow/example_dags/example_trigger_target_dag.py
[2025-06-16T14:12:12.680+0000] {logging_mixin.py:190} INFO - [2025-06-16T14:12:12.679+0000] {dag.py:3239} INFO - Sync 1 DAGs
[2025-06-16T14:12:12.691+0000] {logging_mixin.py:190} INFO - [2025-06-16T14:12:12.691+0000] {dag.py:4180} INFO - Setting next_dagrun for example_trigger_target_dag to None, run_after=None
[2025-06-16T14:12:12.705+0000] {processor.py:208} INFO - Processing /home/airflow/.local/lib/python3.12/site-packages/airflow/example_dags/example_trigger_target_dag.py took 0.062 seconds
[2025-06-16T14:12:43.406+0000] {processor.py:186} INFO - Started process (PID=1315) to work on /home/airflow/.local/lib/python3.12/site-packages/airflow/example_dags/example_trigger_target_dag.py
[2025-06-16T14:12:43.407+0000] {processor.py:914} INFO - Processing file /home/airflow/.local/lib/python3.12/site-packages/airflow/example_dags/example_trigger_target_dag.py for tasks to queue
[2025-06-16T14:12:43.410+0000] {logging_mixin.py:190} INFO - [2025-06-16T14:12:43.410+0000] {dagbag.py:588} INFO - Filling up the DagBag from /home/airflow/.local/lib/python3.12/site-packages/airflow/example_dags/example_trigger_target_dag.py
[2025-06-16T14:12:43.415+0000] {processor.py:925} INFO - DAG(s) 'example_trigger_target_dag' retrieved from /home/airflow/.local/lib/python3.12/site-packages/airflow/example_dags/example_trigger_target_dag.py
[2025-06-16T14:12:43.428+0000] {logging_mixin.py:190} INFO - [2025-06-16T14:12:43.428+0000] {dag.py:3239} INFO - Sync 1 DAGs
[2025-06-16T14:12:43.439+0000] {logging_mixin.py:190} INFO - [2025-06-16T14:12:43.439+0000] {dag.py:4180} INFO - Setting next_dagrun for example_trigger_target_dag to None, run_after=None
[2025-06-16T14:12:43.458+0000] {processor.py:208} INFO - Processing /home/airflow/.local/lib/python3.12/site-packages/airflow/example_dags/example_trigger_target_dag.py took 0.055 seconds
[2025-06-16T14:13:14.048+0000] {processor.py:186} INFO - Started process (PID=1378) to work on /home/airflow/.local/lib/python3.12/site-packages/airflow/example_dags/example_trigger_target_dag.py
[2025-06-16T14:13:14.049+0000] {processor.py:914} INFO - Processing file /home/airflow/.local/lib/python3.12/site-packages/airflow/example_dags/example_trigger_target_dag.py for tasks to queue
[2025-06-16T14:13:14.051+0000] {logging_mixin.py:190} INFO - [2025-06-16T14:13:14.051+0000] {dagbag.py:588} INFO - Filling up the DagBag from /home/airflow/.local/lib/python3.12/site-packages/airflow/example_dags/example_trigger_target_dag.py
[2025-06-16T14:13:14.056+0000] {processor.py:925} INFO - DAG(s) 'example_trigger_target_dag' retrieved from /home/airflow/.local/lib/python3.12/site-packages/airflow/example_dags/example_trigger_target_dag.py
[2025-06-16T14:13:14.073+0000] {logging_mixin.py:190} INFO - [2025-06-16T14:13:14.073+0000] {dag.py:3239} INFO - Sync 1 DAGs
[2025-06-16T14:13:14.083+0000] {logging_mixin.py:190} INFO - [2025-06-16T14:13:14.083+0000] {dag.py:4180} INFO - Setting next_dagrun for example_trigger_target_dag to None, run_after=None
[2025-06-16T14:13:14.099+0000] {processor.py:208} INFO - Processing /home/airflow/.local/lib/python3.12/site-packages/airflow/example_dags/example_trigger_target_dag.py took 0.055 seconds
[2025-06-16T14:13:44.769+0000] {processor.py:186} INFO - Started process (PID=1441) to work on /home/airflow/.local/lib/python3.12/site-packages/airflow/example_dags/example_trigger_target_dag.py
[2025-06-16T14:13:44.771+0000] {processor.py:914} INFO - Processing file /home/airflow/.local/lib/python3.12/site-packages/airflow/example_dags/example_trigger_target_dag.py for tasks to queue
[2025-06-16T14:13:44.773+0000] {logging_mixin.py:190} INFO - [2025-06-16T14:13:44.772+0000] {dagbag.py:588} INFO - Filling up the DagBag from /home/airflow/.local/lib/python3.12/site-packages/airflow/example_dags/example_trigger_target_dag.py
[2025-06-16T14:13:44.780+0000] {processor.py:925} INFO - DAG(s) 'example_trigger_target_dag' retrieved from /home/airflow/.local/lib/python3.12/site-packages/airflow/example_dags/example_trigger_target_dag.py
[2025-06-16T14:13:44.793+0000] {logging_mixin.py:190} INFO - [2025-06-16T14:13:44.793+0000] {dag.py:3239} INFO - Sync 1 DAGs
[2025-06-16T14:13:44.803+0000] {logging_mixin.py:190} INFO - [2025-06-16T14:13:44.803+0000] {dag.py:4180} INFO - Setting next_dagrun for example_trigger_target_dag to None, run_after=None
[2025-06-16T14:13:44.813+0000] {processor.py:208} INFO - Processing /home/airflow/.local/lib/python3.12/site-packages/airflow/example_dags/example_trigger_target_dag.py took 0.048 seconds
[2025-06-16T14:14:15.266+0000] {processor.py:186} INFO - Started process (PID=1504) to work on /home/airflow/.local/lib/python3.12/site-packages/airflow/example_dags/example_trigger_target_dag.py
[2025-06-16T14:14:15.268+0000] {processor.py:914} INFO - Processing file /home/airflow/.local/lib/python3.12/site-packages/airflow/example_dags/example_trigger_target_dag.py for tasks to queue
[2025-06-16T14:14:15.271+0000] {logging_mixin.py:190} INFO - [2025-06-16T14:14:15.270+0000] {dagbag.py:588} INFO - Filling up the DagBag from /home/airflow/.local/lib/python3.12/site-packages/airflow/example_dags/example_trigger_target_dag.py
[2025-06-16T14:14:15.275+0000] {processor.py:925} INFO - DAG(s) 'example_trigger_target_dag' retrieved from /home/airflow/.local/lib/python3.12/site-packages/airflow/example_dags/example_trigger_target_dag.py
[2025-06-16T14:14:15.290+0000] {logging_mixin.py:190} INFO - [2025-06-16T14:14:15.290+0000] {dag.py:3239} INFO - Sync 1 DAGs
[2025-06-16T14:14:15.300+0000] {logging_mixin.py:190} INFO - [2025-06-16T14:14:15.300+0000] {dag.py:4180} INFO - Setting next_dagrun for example_trigger_target_dag to None, run_after=None
[2025-06-16T14:14:15.321+0000] {processor.py:208} INFO - Processing /home/airflow/.local/lib/python3.12/site-packages/airflow/example_dags/example_trigger_target_dag.py took 0.058 seconds
[2025-06-16T15:07:19.122+0000] {processor.py:186} INFO - Started process (PID=1567) to work on /home/airflow/.local/lib/python3.12/site-packages/airflow/example_dags/example_trigger_target_dag.py
[2025-06-16T15:07:19.126+0000] {processor.py:914} INFO - Processing file /home/airflow/.local/lib/python3.12/site-packages/airflow/example_dags/example_trigger_target_dag.py for tasks to queue
[2025-06-16T15:07:19.128+0000] {logging_mixin.py:190} INFO - [2025-06-16T15:07:19.128+0000] {dagbag.py:588} INFO - Filling up the DagBag from /home/airflow/.local/lib/python3.12/site-packages/airflow/example_dags/example_trigger_target_dag.py
[2025-06-16T15:07:19.134+0000] {processor.py:925} INFO - DAG(s) 'example_trigger_target_dag' retrieved from /home/airflow/.local/lib/python3.12/site-packages/airflow/example_dags/example_trigger_target_dag.py
[2025-06-16T15:07:19.149+0000] {logging_mixin.py:190} INFO - [2025-06-16T15:07:19.149+0000] {dag.py:3239} INFO - Sync 1 DAGs
[2025-06-16T15:07:19.160+0000] {logging_mixin.py:190} INFO - [2025-06-16T15:07:19.159+0000] {dag.py:4180} INFO - Setting next_dagrun for example_trigger_target_dag to None, run_after=None
[2025-06-16T15:07:19.170+0000] {processor.py:208} INFO - Processing /home/airflow/.local/lib/python3.12/site-packages/airflow/example_dags/example_trigger_target_dag.py took 0.051 seconds
[2025-06-16T15:57:51.705+0000] {processor.py:186} INFO - Started process (PID=1630) to work on /home/airflow/.local/lib/python3.12/site-packages/airflow/example_dags/example_trigger_target_dag.py
[2025-06-16T15:57:51.707+0000] {processor.py:914} INFO - Processing file /home/airflow/.local/lib/python3.12/site-packages/airflow/example_dags/example_trigger_target_dag.py for tasks to queue
[2025-06-16T15:57:51.710+0000] {logging_mixin.py:190} INFO - [2025-06-16T15:57:51.710+0000] {dagbag.py:588} INFO - Filling up the DagBag from /home/airflow/.local/lib/python3.12/site-packages/airflow/example_dags/example_trigger_target_dag.py
[2025-06-16T15:57:51.718+0000] {processor.py:925} INFO - DAG(s) 'example_trigger_target_dag' retrieved from /home/airflow/.local/lib/python3.12/site-packages/airflow/example_dags/example_trigger_target_dag.py
[2025-06-16T15:57:51.739+0000] {logging_mixin.py:190} INFO - [2025-06-16T15:57:51.739+0000] {dag.py:3239} INFO - Sync 1 DAGs
[2025-06-16T15:57:51.750+0000] {logging_mixin.py:190} INFO - [2025-06-16T15:57:51.750+0000] {dag.py:4180} INFO - Setting next_dagrun for example_trigger_target_dag to None, run_after=None
[2025-06-16T15:57:51.769+0000] {processor.py:208} INFO - Processing /home/airflow/.local/lib/python3.12/site-packages/airflow/example_dags/example_trigger_target_dag.py took 0.068 seconds
[2025-06-16T17:08:58.216+0000] {processor.py:186} INFO - Started process (PID=1694) to work on /home/airflow/.local/lib/python3.12/site-packages/airflow/example_dags/example_trigger_target_dag.py
[2025-06-16T17:08:58.245+0000] {processor.py:914} INFO - Processing file /home/airflow/.local/lib/python3.12/site-packages/airflow/example_dags/example_trigger_target_dag.py for tasks to queue
[2025-06-16T17:08:58.307+0000] {logging_mixin.py:190} INFO - [2025-06-16T17:08:58.303+0000] {dagbag.py:588} INFO - Filling up the DagBag from /home/airflow/.local/lib/python3.12/site-packages/airflow/example_dags/example_trigger_target_dag.py
[2025-06-16T17:08:58.406+0000] {processor.py:925} INFO - DAG(s) 'example_trigger_target_dag' retrieved from /home/airflow/.local/lib/python3.12/site-packages/airflow/example_dags/example_trigger_target_dag.py
[2025-06-16T17:08:58.440+0000] {logging_mixin.py:190} INFO - [2025-06-16T17:08:58.439+0000] {dag.py:3239} INFO - Sync 1 DAGs
[2025-06-16T17:08:58.477+0000] {logging_mixin.py:190} INFO - [2025-06-16T17:08:58.477+0000] {dag.py:4180} INFO - Setting next_dagrun for example_trigger_target_dag to None, run_after=None
[2025-06-16T17:08:58.500+0000] {processor.py:208} INFO - Processing /home/airflow/.local/lib/python3.12/site-packages/airflow/example_dags/example_trigger_target_dag.py took 0.326 seconds
[2025-06-16T18:08:32.156+0000] {processor.py:186} INFO - Started process (PID=1757) to work on /home/airflow/.local/lib/python3.12/site-packages/airflow/example_dags/example_trigger_target_dag.py
[2025-06-16T18:08:32.162+0000] {processor.py:914} INFO - Processing file /home/airflow/.local/lib/python3.12/site-packages/airflow/example_dags/example_trigger_target_dag.py for tasks to queue
[2025-06-16T18:08:32.232+0000] {logging_mixin.py:190} INFO - [2025-06-16T18:08:32.221+0000] {dagbag.py:588} INFO - Filling up the DagBag from /home/airflow/.local/lib/python3.12/site-packages/airflow/example_dags/example_trigger_target_dag.py
[2025-06-16T18:08:32.354+0000] {processor.py:925} INFO - DAG(s) 'example_trigger_target_dag' retrieved from /home/airflow/.local/lib/python3.12/site-packages/airflow/example_dags/example_trigger_target_dag.py
[2025-06-16T18:08:32.552+0000] {logging_mixin.py:190} INFO - [2025-06-16T18:08:32.550+0000] {dag.py:3239} INFO - Sync 1 DAGs
[2025-06-16T18:08:32.608+0000] {logging_mixin.py:190} INFO - [2025-06-16T18:08:32.607+0000] {dag.py:4180} INFO - Setting next_dagrun for example_trigger_target_dag to None, run_after=None
[2025-06-16T18:08:32.674+0000] {processor.py:208} INFO - Processing /home/airflow/.local/lib/python3.12/site-packages/airflow/example_dags/example_trigger_target_dag.py took 0.594 seconds
[2025-06-16T23:58:45.911+0000] {processor.py:186} INFO - Started process (PID=1826) to work on /home/airflow/.local/lib/python3.12/site-packages/airflow/example_dags/example_trigger_target_dag.py
[2025-06-16T23:58:45.915+0000] {processor.py:914} INFO - Processing file /home/airflow/.local/lib/python3.12/site-packages/airflow/example_dags/example_trigger_target_dag.py for tasks to queue
[2025-06-16T23:58:45.921+0000] {logging_mixin.py:190} INFO - [2025-06-16T23:58:45.920+0000] {dagbag.py:588} INFO - Filling up the DagBag from /home/airflow/.local/lib/python3.12/site-packages/airflow/example_dags/example_trigger_target_dag.py
[2025-06-16T23:58:45.935+0000] {processor.py:925} INFO - DAG(s) 'example_trigger_target_dag' retrieved from /home/airflow/.local/lib/python3.12/site-packages/airflow/example_dags/example_trigger_target_dag.py
[2025-06-16T23:58:45.975+0000] {logging_mixin.py:190} INFO - [2025-06-16T23:58:45.975+0000] {dag.py:3239} INFO - Sync 1 DAGs
[2025-06-16T23:58:46.024+0000] {logging_mixin.py:190} INFO - [2025-06-16T23:58:46.024+0000] {dag.py:4180} INFO - Setting next_dagrun for example_trigger_target_dag to None, run_after=None
[2025-06-16T23:58:46.075+0000] {processor.py:208} INFO - Processing /home/airflow/.local/lib/python3.12/site-packages/airflow/example_dags/example_trigger_target_dag.py took 0.180 seconds
