[2025-06-16T13:59:34.575+0000] {processor.py:186} INFO - Started process (PID=113) to work on /home/airflow/.local/lib/python3.12/site-packages/airflow/example_dags/example_bash_operator.py
[2025-06-16T13:59:34.577+0000] {processor.py:914} INFO - Processing file /home/airflow/.local/lib/python3.12/site-packages/airflow/example_dags/example_bash_operator.py for tasks to queue
[2025-06-16T13:59:34.580+0000] {logging_mixin.py:190} INFO - [2025-06-16T13:59:34.579+0000] {dagbag.py:588} INFO - Filling up the DagBag from /home/airflow/.local/lib/python3.12/site-packages/airflow/example_dags/example_bash_operator.py
[2025-06-16T13:59:34.595+0000] {processor.py:925} INFO - DAG(s) 'example_bash_operator' retrieved from /home/airflow/.local/lib/python3.12/site-packages/airflow/example_dags/example_bash_operator.py
[2025-06-16T13:59:34.697+0000] {logging_mixin.py:190} INFO - [2025-06-16T13:59:34.697+0000] {override.py:1912} INFO - Created Permission View: can delete on DAG:example_bash_operator
[2025-06-16T13:59:34.711+0000] {logging_mixin.py:190} INFO - [2025-06-16T13:59:34.711+0000] {override.py:1912} INFO - Created Permission View: can read on DAG:example_bash_operator
[2025-06-16T13:59:34.725+0000] {logging_mixin.py:190} INFO - [2025-06-16T13:59:34.724+0000] {override.py:1912} INFO - Created Permission View: can edit on DAG:example_bash_operator
[2025-06-16T13:59:34.735+0000] {logging_mixin.py:190} INFO - [2025-06-16T13:59:34.735+0000] {override.py:1912} INFO - Created Permission View: can delete on DAG Run:example_bash_operator
[2025-06-16T13:59:34.741+0000] {logging_mixin.py:190} INFO - [2025-06-16T13:59:34.741+0000] {override.py:1912} INFO - Created Permission View: can create on DAG Run:example_bash_operator
[2025-06-16T13:59:34.751+0000] {logging_mixin.py:190} INFO - [2025-06-16T13:59:34.751+0000] {override.py:1912} INFO - Created Permission View: can read on DAG Run:example_bash_operator
[2025-06-16T13:59:34.760+0000] {logging_mixin.py:190} INFO - [2025-06-16T13:59:34.760+0000] {override.py:1912} INFO - Created Permission View: menu access on DAG Run:example_bash_operator
[2025-06-16T13:59:34.762+0000] {logging_mixin.py:190} INFO - [2025-06-16T13:59:34.762+0000] {dag.py:3239} INFO - Sync 1 DAGs
[2025-06-16T13:59:34.775+0000] {logging_mixin.py:190} INFO - [2025-06-16T13:59:34.775+0000] {dag.py:3262} INFO - Creating ORM DAG for example_bash_operator
[2025-06-16T13:59:34.785+0000] {logging_mixin.py:190} INFO - [2025-06-16T13:59:34.785+0000] {dag.py:4180} INFO - Setting next_dagrun for example_bash_operator to 2025-06-15 00:00:00+00:00, run_after=2025-06-16 00:00:00+00:00
[2025-06-16T13:59:34.805+0000] {processor.py:208} INFO - Processing /home/airflow/.local/lib/python3.12/site-packages/airflow/example_dags/example_bash_operator.py took 0.235 seconds
[2025-06-16T14:00:05.239+0000] {processor.py:186} INFO - Started process (PID=176) to work on /home/airflow/.local/lib/python3.12/site-packages/airflow/example_dags/example_bash_operator.py
[2025-06-16T14:00:05.241+0000] {processor.py:914} INFO - Processing file /home/airflow/.local/lib/python3.12/site-packages/airflow/example_dags/example_bash_operator.py for tasks to queue
[2025-06-16T14:00:05.243+0000] {logging_mixin.py:190} INFO - [2025-06-16T14:00:05.243+0000] {dagbag.py:588} INFO - Filling up the DagBag from /home/airflow/.local/lib/python3.12/site-packages/airflow/example_dags/example_bash_operator.py
[2025-06-16T14:00:05.251+0000] {processor.py:925} INFO - DAG(s) 'example_bash_operator' retrieved from /home/airflow/.local/lib/python3.12/site-packages/airflow/example_dags/example_bash_operator.py
[2025-06-16T14:00:05.272+0000] {logging_mixin.py:190} INFO - [2025-06-16T14:00:05.272+0000] {dag.py:3239} INFO - Sync 1 DAGs
[2025-06-16T14:00:05.297+0000] {logging_mixin.py:190} INFO - [2025-06-16T14:00:05.297+0000] {dag.py:4180} INFO - Setting next_dagrun for example_bash_operator to 2025-06-15 00:00:00+00:00, run_after=2025-06-16 00:00:00+00:00
[2025-06-16T14:00:05.312+0000] {processor.py:208} INFO - Processing /home/airflow/.local/lib/python3.12/site-packages/airflow/example_dags/example_bash_operator.py took 0.076 seconds
[2025-06-16T14:00:35.405+0000] {processor.py:186} INFO - Started process (PID=238) to work on /home/airflow/.local/lib/python3.12/site-packages/airflow/example_dags/example_bash_operator.py
[2025-06-16T14:00:35.406+0000] {processor.py:914} INFO - Processing file /home/airflow/.local/lib/python3.12/site-packages/airflow/example_dags/example_bash_operator.py for tasks to queue
[2025-06-16T14:00:35.408+0000] {logging_mixin.py:190} INFO - [2025-06-16T14:00:35.408+0000] {dagbag.py:588} INFO - Filling up the DagBag from /home/airflow/.local/lib/python3.12/site-packages/airflow/example_dags/example_bash_operator.py
[2025-06-16T14:00:35.416+0000] {processor.py:925} INFO - DAG(s) 'example_bash_operator' retrieved from /home/airflow/.local/lib/python3.12/site-packages/airflow/example_dags/example_bash_operator.py
[2025-06-16T14:00:35.433+0000] {logging_mixin.py:190} INFO - [2025-06-16T14:00:35.433+0000] {dag.py:3239} INFO - Sync 1 DAGs
[2025-06-16T14:00:35.447+0000] {logging_mixin.py:190} INFO - [2025-06-16T14:00:35.447+0000] {dag.py:4180} INFO - Setting next_dagrun for example_bash_operator to 2025-06-15 00:00:00+00:00, run_after=2025-06-16 00:00:00+00:00
[2025-06-16T14:00:35.460+0000] {processor.py:208} INFO - Processing /home/airflow/.local/lib/python3.12/site-packages/airflow/example_dags/example_bash_operator.py took 0.059 seconds
[2025-06-16T14:01:05.868+0000] {processor.py:186} INFO - Started process (PID=300) to work on /home/airflow/.local/lib/python3.12/site-packages/airflow/example_dags/example_bash_operator.py
[2025-06-16T14:01:05.870+0000] {processor.py:914} INFO - Processing file /home/airflow/.local/lib/python3.12/site-packages/airflow/example_dags/example_bash_operator.py for tasks to queue
[2025-06-16T14:01:05.872+0000] {logging_mixin.py:190} INFO - [2025-06-16T14:01:05.872+0000] {dagbag.py:588} INFO - Filling up the DagBag from /home/airflow/.local/lib/python3.12/site-packages/airflow/example_dags/example_bash_operator.py
[2025-06-16T14:01:05.880+0000] {processor.py:925} INFO - DAG(s) 'example_bash_operator' retrieved from /home/airflow/.local/lib/python3.12/site-packages/airflow/example_dags/example_bash_operator.py
[2025-06-16T14:01:05.899+0000] {logging_mixin.py:190} INFO - [2025-06-16T14:01:05.899+0000] {dag.py:3239} INFO - Sync 1 DAGs
[2025-06-16T14:01:05.916+0000] {logging_mixin.py:190} INFO - [2025-06-16T14:01:05.916+0000] {dag.py:4180} INFO - Setting next_dagrun for example_bash_operator to 2025-06-15 00:00:00+00:00, run_after=2025-06-16 00:00:00+00:00
[2025-06-16T14:01:05.928+0000] {processor.py:208} INFO - Processing /home/airflow/.local/lib/python3.12/site-packages/airflow/example_dags/example_bash_operator.py took 0.063 seconds
[2025-06-16T14:01:36.627+0000] {processor.py:186} INFO - Started process (PID=363) to work on /home/airflow/.local/lib/python3.12/site-packages/airflow/example_dags/example_bash_operator.py
[2025-06-16T14:01:36.628+0000] {processor.py:914} INFO - Processing file /home/airflow/.local/lib/python3.12/site-packages/airflow/example_dags/example_bash_operator.py for tasks to queue
[2025-06-16T14:01:36.632+0000] {logging_mixin.py:190} INFO - [2025-06-16T14:01:36.632+0000] {dagbag.py:588} INFO - Filling up the DagBag from /home/airflow/.local/lib/python3.12/site-packages/airflow/example_dags/example_bash_operator.py
[2025-06-16T14:01:36.639+0000] {processor.py:925} INFO - DAG(s) 'example_bash_operator' retrieved from /home/airflow/.local/lib/python3.12/site-packages/airflow/example_dags/example_bash_operator.py
[2025-06-16T14:01:36.658+0000] {logging_mixin.py:190} INFO - [2025-06-16T14:01:36.658+0000] {dag.py:3239} INFO - Sync 1 DAGs
[2025-06-16T14:01:36.672+0000] {logging_mixin.py:190} INFO - [2025-06-16T14:01:36.671+0000] {dag.py:4180} INFO - Setting next_dagrun for example_bash_operator to 2025-06-15 00:00:00+00:00, run_after=2025-06-16 00:00:00+00:00
[2025-06-16T14:01:36.683+0000] {processor.py:208} INFO - Processing /home/airflow/.local/lib/python3.12/site-packages/airflow/example_dags/example_bash_operator.py took 0.059 seconds
[2025-06-16T14:02:07.324+0000] {processor.py:186} INFO - Started process (PID=426) to work on /home/airflow/.local/lib/python3.12/site-packages/airflow/example_dags/example_bash_operator.py
[2025-06-16T14:02:07.327+0000] {processor.py:914} INFO - Processing file /home/airflow/.local/lib/python3.12/site-packages/airflow/example_dags/example_bash_operator.py for tasks to queue
[2025-06-16T14:02:07.328+0000] {logging_mixin.py:190} INFO - [2025-06-16T14:02:07.328+0000] {dagbag.py:588} INFO - Filling up the DagBag from /home/airflow/.local/lib/python3.12/site-packages/airflow/example_dags/example_bash_operator.py
[2025-06-16T14:02:07.337+0000] {processor.py:925} INFO - DAG(s) 'example_bash_operator' retrieved from /home/airflow/.local/lib/python3.12/site-packages/airflow/example_dags/example_bash_operator.py
[2025-06-16T14:02:07.353+0000] {logging_mixin.py:190} INFO - [2025-06-16T14:02:07.353+0000] {dag.py:3239} INFO - Sync 1 DAGs
[2025-06-16T14:02:07.365+0000] {logging_mixin.py:190} INFO - [2025-06-16T14:02:07.364+0000] {dag.py:4180} INFO - Setting next_dagrun for example_bash_operator to 2025-06-15 00:00:00+00:00, run_after=2025-06-16 00:00:00+00:00
[2025-06-16T14:02:07.375+0000] {processor.py:208} INFO - Processing /home/airflow/.local/lib/python3.12/site-packages/airflow/example_dags/example_bash_operator.py took 0.055 seconds
[2025-06-16T14:02:38.038+0000] {processor.py:186} INFO - Started process (PID=488) to work on /home/airflow/.local/lib/python3.12/site-packages/airflow/example_dags/example_bash_operator.py
[2025-06-16T14:02:38.039+0000] {processor.py:914} INFO - Processing file /home/airflow/.local/lib/python3.12/site-packages/airflow/example_dags/example_bash_operator.py for tasks to queue
[2025-06-16T14:02:38.042+0000] {logging_mixin.py:190} INFO - [2025-06-16T14:02:38.041+0000] {dagbag.py:588} INFO - Filling up the DagBag from /home/airflow/.local/lib/python3.12/site-packages/airflow/example_dags/example_bash_operator.py
[2025-06-16T14:02:38.050+0000] {processor.py:925} INFO - DAG(s) 'example_bash_operator' retrieved from /home/airflow/.local/lib/python3.12/site-packages/airflow/example_dags/example_bash_operator.py
[2025-06-16T14:02:38.070+0000] {logging_mixin.py:190} INFO - [2025-06-16T14:02:38.070+0000] {dag.py:3239} INFO - Sync 1 DAGs
[2025-06-16T14:02:38.084+0000] {logging_mixin.py:190} INFO - [2025-06-16T14:02:38.084+0000] {dag.py:4180} INFO - Setting next_dagrun for example_bash_operator to 2025-06-15 00:00:00+00:00, run_after=2025-06-16 00:00:00+00:00
[2025-06-16T14:02:38.096+0000] {processor.py:208} INFO - Processing /home/airflow/.local/lib/python3.12/site-packages/airflow/example_dags/example_bash_operator.py took 0.062 seconds
[2025-06-16T14:05:32.433+0000] {processor.py:186} INFO - Started process (PID=576) to work on /home/airflow/.local/lib/python3.12/site-packages/airflow/example_dags/example_bash_operator.py
[2025-06-16T14:05:32.434+0000] {processor.py:914} INFO - Processing file /home/airflow/.local/lib/python3.12/site-packages/airflow/example_dags/example_bash_operator.py for tasks to queue
[2025-06-16T14:05:32.436+0000] {logging_mixin.py:190} INFO - [2025-06-16T14:05:32.436+0000] {dagbag.py:588} INFO - Filling up the DagBag from /home/airflow/.local/lib/python3.12/site-packages/airflow/example_dags/example_bash_operator.py
[2025-06-16T14:05:32.444+0000] {processor.py:925} INFO - DAG(s) 'example_bash_operator' retrieved from /home/airflow/.local/lib/python3.12/site-packages/airflow/example_dags/example_bash_operator.py
[2025-06-16T14:05:32.472+0000] {logging_mixin.py:190} INFO - [2025-06-16T14:05:32.472+0000] {dag.py:3239} INFO - Sync 1 DAGs
[2025-06-16T14:05:32.490+0000] {logging_mixin.py:190} INFO - [2025-06-16T14:05:32.490+0000] {dag.py:4180} INFO - Setting next_dagrun for example_bash_operator to 2025-06-15 00:00:00+00:00, run_after=2025-06-16 00:00:00+00:00
[2025-06-16T14:05:32.506+0000] {processor.py:208} INFO - Processing /home/airflow/.local/lib/python3.12/site-packages/airflow/example_dags/example_bash_operator.py took 0.077 seconds
[2025-06-16T14:06:03.146+0000] {processor.py:186} INFO - Started process (PID=639) to work on /home/airflow/.local/lib/python3.12/site-packages/airflow/example_dags/example_bash_operator.py
[2025-06-16T14:06:03.148+0000] {processor.py:914} INFO - Processing file /home/airflow/.local/lib/python3.12/site-packages/airflow/example_dags/example_bash_operator.py for tasks to queue
[2025-06-16T14:06:03.151+0000] {logging_mixin.py:190} INFO - [2025-06-16T14:06:03.151+0000] {dagbag.py:588} INFO - Filling up the DagBag from /home/airflow/.local/lib/python3.12/site-packages/airflow/example_dags/example_bash_operator.py
[2025-06-16T14:06:03.160+0000] {processor.py:925} INFO - DAG(s) 'example_bash_operator' retrieved from /home/airflow/.local/lib/python3.12/site-packages/airflow/example_dags/example_bash_operator.py
[2025-06-16T14:06:03.181+0000] {logging_mixin.py:190} INFO - [2025-06-16T14:06:03.180+0000] {dag.py:3239} INFO - Sync 1 DAGs
[2025-06-16T14:06:03.198+0000] {logging_mixin.py:190} INFO - [2025-06-16T14:06:03.197+0000] {dag.py:4180} INFO - Setting next_dagrun for example_bash_operator to 2025-06-15 00:00:00+00:00, run_after=2025-06-16 00:00:00+00:00
[2025-06-16T14:06:03.211+0000] {processor.py:208} INFO - Processing /home/airflow/.local/lib/python3.12/site-packages/airflow/example_dags/example_bash_operator.py took 0.068 seconds
[2025-06-16T14:06:33.816+0000] {processor.py:186} INFO - Started process (PID=702) to work on /home/airflow/.local/lib/python3.12/site-packages/airflow/example_dags/example_bash_operator.py
[2025-06-16T14:06:33.818+0000] {processor.py:914} INFO - Processing file /home/airflow/.local/lib/python3.12/site-packages/airflow/example_dags/example_bash_operator.py for tasks to queue
[2025-06-16T14:06:33.821+0000] {logging_mixin.py:190} INFO - [2025-06-16T14:06:33.820+0000] {dagbag.py:588} INFO - Filling up the DagBag from /home/airflow/.local/lib/python3.12/site-packages/airflow/example_dags/example_bash_operator.py
[2025-06-16T14:06:33.828+0000] {processor.py:925} INFO - DAG(s) 'example_bash_operator' retrieved from /home/airflow/.local/lib/python3.12/site-packages/airflow/example_dags/example_bash_operator.py
[2025-06-16T14:06:33.846+0000] {logging_mixin.py:190} INFO - [2025-06-16T14:06:33.846+0000] {dag.py:3239} INFO - Sync 1 DAGs
[2025-06-16T14:06:33.861+0000] {logging_mixin.py:190} INFO - [2025-06-16T14:06:33.861+0000] {dag.py:4180} INFO - Setting next_dagrun for example_bash_operator to 2025-06-15 00:00:00+00:00, run_after=2025-06-16 00:00:00+00:00
[2025-06-16T14:06:33.875+0000] {processor.py:208} INFO - Processing /home/airflow/.local/lib/python3.12/site-packages/airflow/example_dags/example_bash_operator.py took 0.066 seconds
[2025-06-16T14:07:04.870+0000] {processor.py:186} INFO - Started process (PID=765) to work on /home/airflow/.local/lib/python3.12/site-packages/airflow/example_dags/example_bash_operator.py
[2025-06-16T14:07:04.873+0000] {processor.py:914} INFO - Processing file /home/airflow/.local/lib/python3.12/site-packages/airflow/example_dags/example_bash_operator.py for tasks to queue
[2025-06-16T14:07:04.875+0000] {logging_mixin.py:190} INFO - [2025-06-16T14:07:04.874+0000] {dagbag.py:588} INFO - Filling up the DagBag from /home/airflow/.local/lib/python3.12/site-packages/airflow/example_dags/example_bash_operator.py
[2025-06-16T14:07:04.883+0000] {processor.py:925} INFO - DAG(s) 'example_bash_operator' retrieved from /home/airflow/.local/lib/python3.12/site-packages/airflow/example_dags/example_bash_operator.py
[2025-06-16T14:07:04.904+0000] {logging_mixin.py:190} INFO - [2025-06-16T14:07:04.904+0000] {dag.py:3239} INFO - Sync 1 DAGs
[2025-06-16T14:07:04.918+0000] {logging_mixin.py:190} INFO - [2025-06-16T14:07:04.918+0000] {dag.py:4180} INFO - Setting next_dagrun for example_bash_operator to 2025-06-15 00:00:00+00:00, run_after=2025-06-16 00:00:00+00:00
[2025-06-16T14:07:04.929+0000] {processor.py:208} INFO - Processing /home/airflow/.local/lib/python3.12/site-packages/airflow/example_dags/example_bash_operator.py took 0.062 seconds
[2025-06-16T14:07:36.182+0000] {processor.py:186} INFO - Started process (PID=827) to work on /home/airflow/.local/lib/python3.12/site-packages/airflow/example_dags/example_bash_operator.py
[2025-06-16T14:07:36.184+0000] {processor.py:914} INFO - Processing file /home/airflow/.local/lib/python3.12/site-packages/airflow/example_dags/example_bash_operator.py for tasks to queue
[2025-06-16T14:07:36.186+0000] {logging_mixin.py:190} INFO - [2025-06-16T14:07:36.186+0000] {dagbag.py:588} INFO - Filling up the DagBag from /home/airflow/.local/lib/python3.12/site-packages/airflow/example_dags/example_bash_operator.py
[2025-06-16T14:07:36.196+0000] {processor.py:925} INFO - DAG(s) 'example_bash_operator' retrieved from /home/airflow/.local/lib/python3.12/site-packages/airflow/example_dags/example_bash_operator.py
[2025-06-16T14:07:36.213+0000] {logging_mixin.py:190} INFO - [2025-06-16T14:07:36.212+0000] {dag.py:3239} INFO - Sync 1 DAGs
[2025-06-16T14:07:36.226+0000] {logging_mixin.py:190} INFO - [2025-06-16T14:07:36.226+0000] {dag.py:4180} INFO - Setting next_dagrun for example_bash_operator to 2025-06-15 00:00:00+00:00, run_after=2025-06-16 00:00:00+00:00
[2025-06-16T14:07:36.243+0000] {processor.py:208} INFO - Processing /home/airflow/.local/lib/python3.12/site-packages/airflow/example_dags/example_bash_operator.py took 0.065 seconds
[2025-06-16T14:08:07.530+0000] {processor.py:186} INFO - Started process (PID=889) to work on /home/airflow/.local/lib/python3.12/site-packages/airflow/example_dags/example_bash_operator.py
[2025-06-16T14:08:07.531+0000] {processor.py:914} INFO - Processing file /home/airflow/.local/lib/python3.12/site-packages/airflow/example_dags/example_bash_operator.py for tasks to queue
[2025-06-16T14:08:07.533+0000] {logging_mixin.py:190} INFO - [2025-06-16T14:08:07.533+0000] {dagbag.py:588} INFO - Filling up the DagBag from /home/airflow/.local/lib/python3.12/site-packages/airflow/example_dags/example_bash_operator.py
[2025-06-16T14:08:07.545+0000] {processor.py:925} INFO - DAG(s) 'example_bash_operator' retrieved from /home/airflow/.local/lib/python3.12/site-packages/airflow/example_dags/example_bash_operator.py
[2025-06-16T14:08:07.566+0000] {logging_mixin.py:190} INFO - [2025-06-16T14:08:07.566+0000] {dag.py:3239} INFO - Sync 1 DAGs
[2025-06-16T14:08:07.582+0000] {logging_mixin.py:190} INFO - [2025-06-16T14:08:07.582+0000] {dag.py:4180} INFO - Setting next_dagrun for example_bash_operator to 2025-06-15 00:00:00+00:00, run_after=2025-06-16 00:00:00+00:00
[2025-06-16T14:08:07.594+0000] {processor.py:208} INFO - Processing /home/airflow/.local/lib/python3.12/site-packages/airflow/example_dags/example_bash_operator.py took 0.069 seconds
[2025-06-16T14:08:38.442+0000] {processor.py:186} INFO - Started process (PID=952) to work on /home/airflow/.local/lib/python3.12/site-packages/airflow/example_dags/example_bash_operator.py
[2025-06-16T14:08:38.444+0000] {processor.py:914} INFO - Processing file /home/airflow/.local/lib/python3.12/site-packages/airflow/example_dags/example_bash_operator.py for tasks to queue
[2025-06-16T14:08:38.447+0000] {logging_mixin.py:190} INFO - [2025-06-16T14:08:38.446+0000] {dagbag.py:588} INFO - Filling up the DagBag from /home/airflow/.local/lib/python3.12/site-packages/airflow/example_dags/example_bash_operator.py
[2025-06-16T14:08:38.458+0000] {processor.py:925} INFO - DAG(s) 'example_bash_operator' retrieved from /home/airflow/.local/lib/python3.12/site-packages/airflow/example_dags/example_bash_operator.py
[2025-06-16T14:08:38.485+0000] {logging_mixin.py:190} INFO - [2025-06-16T14:08:38.485+0000] {dag.py:3239} INFO - Sync 1 DAGs
[2025-06-16T14:08:38.511+0000] {logging_mixin.py:190} INFO - [2025-06-16T14:08:38.511+0000] {dag.py:4180} INFO - Setting next_dagrun for example_bash_operator to 2025-06-15 00:00:00+00:00, run_after=2025-06-16 00:00:00+00:00
[2025-06-16T14:08:38.536+0000] {processor.py:208} INFO - Processing /home/airflow/.local/lib/python3.12/site-packages/airflow/example_dags/example_bash_operator.py took 0.098 seconds
[2025-06-16T14:09:09.442+0000] {processor.py:186} INFO - Started process (PID=1015) to work on /home/airflow/.local/lib/python3.12/site-packages/airflow/example_dags/example_bash_operator.py
[2025-06-16T14:09:09.446+0000] {processor.py:914} INFO - Processing file /home/airflow/.local/lib/python3.12/site-packages/airflow/example_dags/example_bash_operator.py for tasks to queue
[2025-06-16T14:09:09.450+0000] {logging_mixin.py:190} INFO - [2025-06-16T14:09:09.450+0000] {dagbag.py:588} INFO - Filling up the DagBag from /home/airflow/.local/lib/python3.12/site-packages/airflow/example_dags/example_bash_operator.py
[2025-06-16T14:09:09.472+0000] {processor.py:925} INFO - DAG(s) 'example_bash_operator' retrieved from /home/airflow/.local/lib/python3.12/site-packages/airflow/example_dags/example_bash_operator.py
[2025-06-16T14:09:09.492+0000] {logging_mixin.py:190} INFO - [2025-06-16T14:09:09.492+0000] {dag.py:3239} INFO - Sync 1 DAGs
[2025-06-16T14:09:09.511+0000] {logging_mixin.py:190} INFO - [2025-06-16T14:09:09.511+0000] {dag.py:4180} INFO - Setting next_dagrun for example_bash_operator to 2025-06-15 00:00:00+00:00, run_after=2025-06-16 00:00:00+00:00
[2025-06-16T14:09:09.526+0000] {processor.py:208} INFO - Processing /home/airflow/.local/lib/python3.12/site-packages/airflow/example_dags/example_bash_operator.py took 0.090 seconds
[2025-06-16T14:09:40.145+0000] {processor.py:186} INFO - Started process (PID=1078) to work on /home/airflow/.local/lib/python3.12/site-packages/airflow/example_dags/example_bash_operator.py
[2025-06-16T14:09:40.147+0000] {processor.py:914} INFO - Processing file /home/airflow/.local/lib/python3.12/site-packages/airflow/example_dags/example_bash_operator.py for tasks to queue
[2025-06-16T14:09:40.152+0000] {logging_mixin.py:190} INFO - [2025-06-16T14:09:40.152+0000] {dagbag.py:588} INFO - Filling up the DagBag from /home/airflow/.local/lib/python3.12/site-packages/airflow/example_dags/example_bash_operator.py
[2025-06-16T14:09:40.179+0000] {processor.py:925} INFO - DAG(s) 'example_bash_operator' retrieved from /home/airflow/.local/lib/python3.12/site-packages/airflow/example_dags/example_bash_operator.py
[2025-06-16T14:09:40.203+0000] {logging_mixin.py:190} INFO - [2025-06-16T14:09:40.203+0000] {dag.py:3239} INFO - Sync 1 DAGs
[2025-06-16T14:09:40.228+0000] {logging_mixin.py:190} INFO - [2025-06-16T14:09:40.228+0000] {dag.py:4180} INFO - Setting next_dagrun for example_bash_operator to 2025-06-15 00:00:00+00:00, run_after=2025-06-16 00:00:00+00:00
[2025-06-16T14:09:40.244+0000] {processor.py:208} INFO - Processing /home/airflow/.local/lib/python3.12/site-packages/airflow/example_dags/example_bash_operator.py took 0.103 seconds
[2025-06-16T14:10:52.568+0000] {processor.py:186} INFO - Started process (PID=1141) to work on /home/airflow/.local/lib/python3.12/site-packages/airflow/example_dags/example_bash_operator.py
[2025-06-16T14:10:52.570+0000] {processor.py:914} INFO - Processing file /home/airflow/.local/lib/python3.12/site-packages/airflow/example_dags/example_bash_operator.py for tasks to queue
[2025-06-16T14:10:52.573+0000] {logging_mixin.py:190} INFO - [2025-06-16T14:10:52.572+0000] {dagbag.py:588} INFO - Filling up the DagBag from /home/airflow/.local/lib/python3.12/site-packages/airflow/example_dags/example_bash_operator.py
[2025-06-16T14:10:52.580+0000] {processor.py:925} INFO - DAG(s) 'example_bash_operator' retrieved from /home/airflow/.local/lib/python3.12/site-packages/airflow/example_dags/example_bash_operator.py
[2025-06-16T14:10:52.596+0000] {logging_mixin.py:190} INFO - [2025-06-16T14:10:52.596+0000] {dag.py:3239} INFO - Sync 1 DAGs
[2025-06-16T14:10:52.609+0000] {logging_mixin.py:190} INFO - [2025-06-16T14:10:52.609+0000] {dag.py:4180} INFO - Setting next_dagrun for example_bash_operator to 2025-06-15 00:00:00+00:00, run_after=2025-06-16 00:00:00+00:00
[2025-06-16T14:10:52.622+0000] {processor.py:208} INFO - Processing /home/airflow/.local/lib/python3.12/site-packages/airflow/example_dags/example_bash_operator.py took 0.057 seconds
[2025-06-16T14:11:44.291+0000] {processor.py:186} INFO - Started process (PID=1204) to work on /home/airflow/.local/lib/python3.12/site-packages/airflow/example_dags/example_bash_operator.py
[2025-06-16T14:11:44.294+0000] {processor.py:914} INFO - Processing file /home/airflow/.local/lib/python3.12/site-packages/airflow/example_dags/example_bash_operator.py for tasks to queue
[2025-06-16T14:11:44.300+0000] {logging_mixin.py:190} INFO - [2025-06-16T14:11:44.299+0000] {dagbag.py:588} INFO - Filling up the DagBag from /home/airflow/.local/lib/python3.12/site-packages/airflow/example_dags/example_bash_operator.py
[2025-06-16T14:11:44.310+0000] {processor.py:925} INFO - DAG(s) 'example_bash_operator' retrieved from /home/airflow/.local/lib/python3.12/site-packages/airflow/example_dags/example_bash_operator.py
[2025-06-16T14:11:44.347+0000] {logging_mixin.py:190} INFO - [2025-06-16T14:11:44.347+0000] {dag.py:3239} INFO - Sync 1 DAGs
[2025-06-16T14:11:44.369+0000] {logging_mixin.py:190} INFO - [2025-06-16T14:11:44.368+0000] {dag.py:4180} INFO - Setting next_dagrun for example_bash_operator to 2025-06-15 00:00:00+00:00, run_after=2025-06-16 00:00:00+00:00
[2025-06-16T14:11:44.388+0000] {processor.py:208} INFO - Processing /home/airflow/.local/lib/python3.12/site-packages/airflow/example_dags/example_bash_operator.py took 0.102 seconds
[2025-06-16T14:12:14.821+0000] {processor.py:186} INFO - Started process (PID=1267) to work on /home/airflow/.local/lib/python3.12/site-packages/airflow/example_dags/example_bash_operator.py
[2025-06-16T14:12:14.823+0000] {processor.py:914} INFO - Processing file /home/airflow/.local/lib/python3.12/site-packages/airflow/example_dags/example_bash_operator.py for tasks to queue
[2025-06-16T14:12:14.825+0000] {logging_mixin.py:190} INFO - [2025-06-16T14:12:14.825+0000] {dagbag.py:588} INFO - Filling up the DagBag from /home/airflow/.local/lib/python3.12/site-packages/airflow/example_dags/example_bash_operator.py
[2025-06-16T14:12:14.833+0000] {processor.py:925} INFO - DAG(s) 'example_bash_operator' retrieved from /home/airflow/.local/lib/python3.12/site-packages/airflow/example_dags/example_bash_operator.py
[2025-06-16T14:12:14.850+0000] {logging_mixin.py:190} INFO - [2025-06-16T14:12:14.850+0000] {dag.py:3239} INFO - Sync 1 DAGs
[2025-06-16T14:12:14.869+0000] {logging_mixin.py:190} INFO - [2025-06-16T14:12:14.869+0000] {dag.py:4180} INFO - Setting next_dagrun for example_bash_operator to 2025-06-15 00:00:00+00:00, run_after=2025-06-16 00:00:00+00:00
[2025-06-16T14:12:14.886+0000] {processor.py:208} INFO - Processing /home/airflow/.local/lib/python3.12/site-packages/airflow/example_dags/example_bash_operator.py took 0.069 seconds
[2025-06-16T14:12:45.511+0000] {processor.py:186} INFO - Started process (PID=1330) to work on /home/airflow/.local/lib/python3.12/site-packages/airflow/example_dags/example_bash_operator.py
[2025-06-16T14:12:45.514+0000] {processor.py:914} INFO - Processing file /home/airflow/.local/lib/python3.12/site-packages/airflow/example_dags/example_bash_operator.py for tasks to queue
[2025-06-16T14:12:45.517+0000] {logging_mixin.py:190} INFO - [2025-06-16T14:12:45.517+0000] {dagbag.py:588} INFO - Filling up the DagBag from /home/airflow/.local/lib/python3.12/site-packages/airflow/example_dags/example_bash_operator.py
[2025-06-16T14:12:45.526+0000] {processor.py:925} INFO - DAG(s) 'example_bash_operator' retrieved from /home/airflow/.local/lib/python3.12/site-packages/airflow/example_dags/example_bash_operator.py
[2025-06-16T14:12:45.544+0000] {logging_mixin.py:190} INFO - [2025-06-16T14:12:45.544+0000] {dag.py:3239} INFO - Sync 1 DAGs
[2025-06-16T14:12:45.560+0000] {logging_mixin.py:190} INFO - [2025-06-16T14:12:45.560+0000] {dag.py:4180} INFO - Setting next_dagrun for example_bash_operator to 2025-06-15 00:00:00+00:00, run_after=2025-06-16 00:00:00+00:00
[2025-06-16T14:12:45.573+0000] {processor.py:208} INFO - Processing /home/airflow/.local/lib/python3.12/site-packages/airflow/example_dags/example_bash_operator.py took 0.068 seconds
[2025-06-16T14:13:16.107+0000] {processor.py:186} INFO - Started process (PID=1393) to work on /home/airflow/.local/lib/python3.12/site-packages/airflow/example_dags/example_bash_operator.py
[2025-06-16T14:13:16.109+0000] {processor.py:914} INFO - Processing file /home/airflow/.local/lib/python3.12/site-packages/airflow/example_dags/example_bash_operator.py for tasks to queue
[2025-06-16T14:13:16.112+0000] {logging_mixin.py:190} INFO - [2025-06-16T14:13:16.111+0000] {dagbag.py:588} INFO - Filling up the DagBag from /home/airflow/.local/lib/python3.12/site-packages/airflow/example_dags/example_bash_operator.py
[2025-06-16T14:13:16.119+0000] {processor.py:925} INFO - DAG(s) 'example_bash_operator' retrieved from /home/airflow/.local/lib/python3.12/site-packages/airflow/example_dags/example_bash_operator.py
[2025-06-16T14:13:16.139+0000] {logging_mixin.py:190} INFO - [2025-06-16T14:13:16.139+0000] {dag.py:3239} INFO - Sync 1 DAGs
[2025-06-16T14:13:16.152+0000] {logging_mixin.py:190} INFO - [2025-06-16T14:13:16.152+0000] {dag.py:4180} INFO - Setting next_dagrun for example_bash_operator to 2025-06-15 00:00:00+00:00, run_after=2025-06-16 00:00:00+00:00
[2025-06-16T14:13:16.163+0000] {processor.py:208} INFO - Processing /home/airflow/.local/lib/python3.12/site-packages/airflow/example_dags/example_bash_operator.py took 0.059 seconds
[2025-06-16T14:13:46.893+0000] {processor.py:186} INFO - Started process (PID=1456) to work on /home/airflow/.local/lib/python3.12/site-packages/airflow/example_dags/example_bash_operator.py
[2025-06-16T14:13:46.894+0000] {processor.py:914} INFO - Processing file /home/airflow/.local/lib/python3.12/site-packages/airflow/example_dags/example_bash_operator.py for tasks to queue
[2025-06-16T14:13:46.897+0000] {logging_mixin.py:190} INFO - [2025-06-16T14:13:46.897+0000] {dagbag.py:588} INFO - Filling up the DagBag from /home/airflow/.local/lib/python3.12/site-packages/airflow/example_dags/example_bash_operator.py
[2025-06-16T14:13:46.905+0000] {processor.py:925} INFO - DAG(s) 'example_bash_operator' retrieved from /home/airflow/.local/lib/python3.12/site-packages/airflow/example_dags/example_bash_operator.py
[2025-06-16T14:13:46.922+0000] {logging_mixin.py:190} INFO - [2025-06-16T14:13:46.921+0000] {dag.py:3239} INFO - Sync 1 DAGs
[2025-06-16T14:13:46.936+0000] {logging_mixin.py:190} INFO - [2025-06-16T14:13:46.936+0000] {dag.py:4180} INFO - Setting next_dagrun for example_bash_operator to 2025-06-15 00:00:00+00:00, run_after=2025-06-16 00:00:00+00:00
[2025-06-16T14:13:46.948+0000] {processor.py:208} INFO - Processing /home/airflow/.local/lib/python3.12/site-packages/airflow/example_dags/example_bash_operator.py took 0.058 seconds
[2025-06-16T14:14:21.348+0000] {processor.py:186} INFO - Started process (PID=1519) to work on /home/airflow/.local/lib/python3.12/site-packages/airflow/example_dags/example_bash_operator.py
[2025-06-16T14:14:21.361+0000] {processor.py:914} INFO - Processing file /home/airflow/.local/lib/python3.12/site-packages/airflow/example_dags/example_bash_operator.py for tasks to queue
[2025-06-16T14:14:21.367+0000] {logging_mixin.py:190} INFO - [2025-06-16T14:14:21.367+0000] {dagbag.py:588} INFO - Filling up the DagBag from /home/airflow/.local/lib/python3.12/site-packages/airflow/example_dags/example_bash_operator.py
[2025-06-16T14:14:21.380+0000] {processor.py:925} INFO - DAG(s) 'example_bash_operator' retrieved from /home/airflow/.local/lib/python3.12/site-packages/airflow/example_dags/example_bash_operator.py
[2025-06-16T14:14:21.401+0000] {logging_mixin.py:190} INFO - [2025-06-16T14:14:21.401+0000] {dag.py:3239} INFO - Sync 1 DAGs
[2025-06-16T14:14:21.420+0000] {logging_mixin.py:190} INFO - [2025-06-16T14:14:21.420+0000] {dag.py:4180} INFO - Setting next_dagrun for example_bash_operator to 2025-06-15 00:00:00+00:00, run_after=2025-06-16 00:00:00+00:00
[2025-06-16T14:14:21.431+0000] {processor.py:208} INFO - Processing /home/airflow/.local/lib/python3.12/site-packages/airflow/example_dags/example_bash_operator.py took 0.087 seconds
[2025-06-16T15:07:20.181+0000] {processor.py:186} INFO - Started process (PID=1582) to work on /home/airflow/.local/lib/python3.12/site-packages/airflow/example_dags/example_bash_operator.py
[2025-06-16T15:07:20.185+0000] {processor.py:914} INFO - Processing file /home/airflow/.local/lib/python3.12/site-packages/airflow/example_dags/example_bash_operator.py for tasks to queue
[2025-06-16T15:07:20.188+0000] {logging_mixin.py:190} INFO - [2025-06-16T15:07:20.188+0000] {dagbag.py:588} INFO - Filling up the DagBag from /home/airflow/.local/lib/python3.12/site-packages/airflow/example_dags/example_bash_operator.py
[2025-06-16T15:07:20.197+0000] {processor.py:925} INFO - DAG(s) 'example_bash_operator' retrieved from /home/airflow/.local/lib/python3.12/site-packages/airflow/example_dags/example_bash_operator.py
[2025-06-16T15:07:20.220+0000] {logging_mixin.py:190} INFO - [2025-06-16T15:07:20.219+0000] {dag.py:3239} INFO - Sync 1 DAGs
[2025-06-16T15:07:20.237+0000] {logging_mixin.py:190} INFO - [2025-06-16T15:07:20.237+0000] {dag.py:4180} INFO - Setting next_dagrun for example_bash_operator to 2025-06-15 00:00:00+00:00, run_after=2025-06-16 00:00:00+00:00
[2025-06-16T15:07:20.250+0000] {processor.py:208} INFO - Processing /home/airflow/.local/lib/python3.12/site-packages/airflow/example_dags/example_bash_operator.py took 0.072 seconds
[2025-06-16T15:57:53.336+0000] {processor.py:186} INFO - Started process (PID=1645) to work on /home/airflow/.local/lib/python3.12/site-packages/airflow/example_dags/example_bash_operator.py
[2025-06-16T15:57:53.338+0000] {processor.py:914} INFO - Processing file /home/airflow/.local/lib/python3.12/site-packages/airflow/example_dags/example_bash_operator.py for tasks to queue
[2025-06-16T15:57:53.339+0000] {logging_mixin.py:190} INFO - [2025-06-16T15:57:53.339+0000] {dagbag.py:588} INFO - Filling up the DagBag from /home/airflow/.local/lib/python3.12/site-packages/airflow/example_dags/example_bash_operator.py
[2025-06-16T15:57:53.349+0000] {processor.py:925} INFO - DAG(s) 'example_bash_operator' retrieved from /home/airflow/.local/lib/python3.12/site-packages/airflow/example_dags/example_bash_operator.py
[2025-06-16T15:57:53.369+0000] {logging_mixin.py:190} INFO - [2025-06-16T15:57:53.369+0000] {dag.py:3239} INFO - Sync 1 DAGs
[2025-06-16T15:57:53.384+0000] {logging_mixin.py:190} INFO - [2025-06-16T15:57:53.384+0000] {dag.py:4180} INFO - Setting next_dagrun for example_bash_operator to 2025-06-15 00:00:00+00:00, run_after=2025-06-16 00:00:00+00:00
[2025-06-16T15:57:53.395+0000] {processor.py:208} INFO - Processing /home/airflow/.local/lib/python3.12/site-packages/airflow/example_dags/example_bash_operator.py took 0.064 seconds
[2025-06-16T17:09:00.739+0000] {processor.py:186} INFO - Started process (PID=1709) to work on /home/airflow/.local/lib/python3.12/site-packages/airflow/example_dags/example_bash_operator.py
[2025-06-16T17:09:00.741+0000] {processor.py:914} INFO - Processing file /home/airflow/.local/lib/python3.12/site-packages/airflow/example_dags/example_bash_operator.py for tasks to queue
[2025-06-16T17:09:00.750+0000] {logging_mixin.py:190} INFO - [2025-06-16T17:09:00.749+0000] {dagbag.py:588} INFO - Filling up the DagBag from /home/airflow/.local/lib/python3.12/site-packages/airflow/example_dags/example_bash_operator.py
[2025-06-16T17:09:00.767+0000] {processor.py:925} INFO - DAG(s) 'example_bash_operator' retrieved from /home/airflow/.local/lib/python3.12/site-packages/airflow/example_dags/example_bash_operator.py
[2025-06-16T17:09:00.791+0000] {logging_mixin.py:190} INFO - [2025-06-16T17:09:00.791+0000] {dag.py:3239} INFO - Sync 1 DAGs
[2025-06-16T17:09:00.815+0000] {logging_mixin.py:190} INFO - [2025-06-16T17:09:00.814+0000] {dag.py:4180} INFO - Setting next_dagrun for example_bash_operator to 2025-06-15 00:00:00+00:00, run_after=2025-06-16 00:00:00+00:00
[2025-06-16T17:09:00.833+0000] {processor.py:208} INFO - Processing /home/airflow/.local/lib/python3.12/site-packages/airflow/example_dags/example_bash_operator.py took 0.098 seconds
[2025-06-16T18:08:46.316+0000] {processor.py:186} INFO - Started process (PID=1772) to work on /home/airflow/.local/lib/python3.12/site-packages/airflow/example_dags/example_bash_operator.py
[2025-06-16T18:08:46.322+0000] {processor.py:914} INFO - Processing file /home/airflow/.local/lib/python3.12/site-packages/airflow/example_dags/example_bash_operator.py for tasks to queue
[2025-06-16T18:08:46.330+0000] {logging_mixin.py:190} INFO - [2025-06-16T18:08:46.327+0000] {dagbag.py:588} INFO - Filling up the DagBag from /home/airflow/.local/lib/python3.12/site-packages/airflow/example_dags/example_bash_operator.py
[2025-06-16T18:08:46.380+0000] {processor.py:925} INFO - DAG(s) 'example_bash_operator' retrieved from /home/airflow/.local/lib/python3.12/site-packages/airflow/example_dags/example_bash_operator.py
[2025-06-16T18:08:46.457+0000] {logging_mixin.py:190} INFO - [2025-06-16T18:08:46.457+0000] {dag.py:3239} INFO - Sync 1 DAGs
[2025-06-16T18:08:46.585+0000] {logging_mixin.py:190} INFO - [2025-06-16T18:08:46.585+0000] {dag.py:4180} INFO - Setting next_dagrun for example_bash_operator to 2025-06-15 00:00:00+00:00, run_after=2025-06-16 00:00:00+00:00
[2025-06-16T18:08:46.625+0000] {processor.py:208} INFO - Processing /home/airflow/.local/lib/python3.12/site-packages/airflow/example_dags/example_bash_operator.py took 0.327 seconds
[2025-06-16T23:58:51.133+0000] {processor.py:186} INFO - Started process (PID=1841) to work on /home/airflow/.local/lib/python3.12/site-packages/airflow/example_dags/example_bash_operator.py
[2025-06-16T23:58:51.140+0000] {processor.py:914} INFO - Processing file /home/airflow/.local/lib/python3.12/site-packages/airflow/example_dags/example_bash_operator.py for tasks to queue
[2025-06-16T23:58:51.146+0000] {logging_mixin.py:190} INFO - [2025-06-16T23:58:51.145+0000] {dagbag.py:588} INFO - Filling up the DagBag from /home/airflow/.local/lib/python3.12/site-packages/airflow/example_dags/example_bash_operator.py
[2025-06-16T23:58:51.169+0000] {processor.py:925} INFO - DAG(s) 'example_bash_operator' retrieved from /home/airflow/.local/lib/python3.12/site-packages/airflow/example_dags/example_bash_operator.py
[2025-06-16T23:58:51.216+0000] {logging_mixin.py:190} INFO - [2025-06-16T23:58:51.216+0000] {dag.py:3239} INFO - Sync 1 DAGs
[2025-06-16T23:58:51.280+0000] {logging_mixin.py:190} INFO - [2025-06-16T23:58:51.279+0000] {dag.py:4180} INFO - Setting next_dagrun for example_bash_operator to 2025-06-15 00:00:00+00:00, run_after=2025-06-16 00:00:00+00:00
[2025-06-16T23:58:51.385+0000] {processor.py:208} INFO - Processing /home/airflow/.local/lib/python3.12/site-packages/airflow/example_dags/example_bash_operator.py took 0.258 seconds
