[2025-06-16T13:59:26.924+0000] {processor.py:186} INFO - Started process (PID=90) to work on /home/airflow/.local/lib/python3.12/site-packages/airflow/example_dags/example_inlet_event_extra.py
[2025-06-16T13:59:26.927+0000] {processor.py:914} INFO - Processing file /home/airflow/.local/lib/python3.12/site-packages/airflow/example_dags/example_inlet_event_extra.py for tasks to queue
[2025-06-16T13:59:26.935+0000] {logging_mixin.py:190} INFO - [2025-06-16T13:59:26.933+0000] {dagbag.py:588} INFO - Filling up the DagBag from /home/airflow/.local/lib/python3.12/site-packages/airflow/example_dags/example_inlet_event_extra.py
[2025-06-16T13:59:27.681+0000] {processor.py:925} INFO - DAG(s) 'read_dataset_event_from_classic', 'read_dataset_event' retrieved from /home/airflow/.local/lib/python3.12/site-packages/airflow/example_dags/example_inlet_event_extra.py
[2025-06-16T13:59:27.787+0000] {logging_mixin.py:190} INFO - [2025-06-16T13:59:27.786+0000] {override.py:1912} INFO - Created Permission View: can delete on DAG:read_dataset_event_from_classic
[2025-06-16T13:59:27.805+0000] {logging_mixin.py:190} INFO - [2025-06-16T13:59:27.804+0000] {override.py:1912} INFO - Created Permission View: can read on DAG:read_dataset_event_from_classic
[2025-06-16T13:59:27.818+0000] {logging_mixin.py:190} INFO - [2025-06-16T13:59:27.817+0000] {override.py:1912} INFO - Created Permission View: can edit on DAG:read_dataset_event_from_classic
[2025-06-16T13:59:27.833+0000] {logging_mixin.py:190} INFO - [2025-06-16T13:59:27.833+0000] {override.py:1912} INFO - Created Permission View: can delete on DAG Run:read_dataset_event_from_classic
[2025-06-16T13:59:27.849+0000] {logging_mixin.py:190} INFO - [2025-06-16T13:59:27.849+0000] {override.py:1912} INFO - Created Permission View: can create on DAG Run:read_dataset_event_from_classic
[2025-06-16T13:59:27.862+0000] {logging_mixin.py:190} INFO - [2025-06-16T13:59:27.862+0000] {override.py:1912} INFO - Created Permission View: can read on DAG Run:read_dataset_event_from_classic
[2025-06-16T13:59:27.879+0000] {logging_mixin.py:190} INFO - [2025-06-16T13:59:27.878+0000] {override.py:1912} INFO - Created Permission View: menu access on DAG Run:read_dataset_event_from_classic
[2025-06-16T13:59:27.898+0000] {logging_mixin.py:190} INFO - [2025-06-16T13:59:27.897+0000] {override.py:1912} INFO - Created Permission View: can delete on DAG:read_dataset_event
[2025-06-16T13:59:27.910+0000] {logging_mixin.py:190} INFO - [2025-06-16T13:59:27.910+0000] {override.py:1912} INFO - Created Permission View: can read on DAG:read_dataset_event
[2025-06-16T13:59:27.919+0000] {logging_mixin.py:190} INFO - [2025-06-16T13:59:27.918+0000] {override.py:1912} INFO - Created Permission View: can edit on DAG:read_dataset_event
[2025-06-16T13:59:27.930+0000] {logging_mixin.py:190} INFO - [2025-06-16T13:59:27.930+0000] {override.py:1912} INFO - Created Permission View: can delete on DAG Run:read_dataset_event
[2025-06-16T13:59:27.942+0000] {logging_mixin.py:190} INFO - [2025-06-16T13:59:27.941+0000] {override.py:1912} INFO - Created Permission View: can create on DAG Run:read_dataset_event
[2025-06-16T13:59:27.965+0000] {logging_mixin.py:190} INFO - [2025-06-16T13:59:27.963+0000] {override.py:1912} INFO - Created Permission View: can read on DAG Run:read_dataset_event
[2025-06-16T13:59:27.980+0000] {logging_mixin.py:190} INFO - [2025-06-16T13:59:27.979+0000] {override.py:1912} INFO - Created Permission View: menu access on DAG Run:read_dataset_event
[2025-06-16T13:59:27.984+0000] {logging_mixin.py:190} INFO - [2025-06-16T13:59:27.983+0000] {dag.py:3239} INFO - Sync 2 DAGs
[2025-06-16T13:59:28.004+0000] {logging_mixin.py:190} INFO - [2025-06-16T13:59:28.003+0000] {dag.py:3262} INFO - Creating ORM DAG for read_dataset_event_from_classic
[2025-06-16T13:59:28.007+0000] {logging_mixin.py:190} INFO - [2025-06-16T13:59:28.007+0000] {dag.py:3262} INFO - Creating ORM DAG for read_dataset_event
[2025-06-16T13:59:28.015+0000] {logging_mixin.py:190} INFO - [2025-06-16T13:59:28.015+0000] {dag.py:4180} INFO - Setting next_dagrun for read_dataset_event to 2025-06-15 00:00:00+00:00, run_after=2025-06-16 00:00:00+00:00
[2025-06-16T13:59:28.020+0000] {logging_mixin.py:190} INFO - [2025-06-16T13:59:28.019+0000] {dag.py:4180} INFO - Setting next_dagrun for read_dataset_event_from_classic to 2025-06-15 00:00:00+00:00, run_after=2025-06-16 00:00:00+00:00
[2025-06-16T13:59:28.044+0000] {processor.py:208} INFO - Processing /home/airflow/.local/lib/python3.12/site-packages/airflow/example_dags/example_inlet_event_extra.py took 1.123 seconds
[2025-06-16T13:59:58.398+0000] {processor.py:186} INFO - Started process (PID=153) to work on /home/airflow/.local/lib/python3.12/site-packages/airflow/example_dags/example_inlet_event_extra.py
[2025-06-16T13:59:58.399+0000] {processor.py:914} INFO - Processing file /home/airflow/.local/lib/python3.12/site-packages/airflow/example_dags/example_inlet_event_extra.py for tasks to queue
[2025-06-16T13:59:58.402+0000] {logging_mixin.py:190} INFO - [2025-06-16T13:59:58.402+0000] {dagbag.py:588} INFO - Filling up the DagBag from /home/airflow/.local/lib/python3.12/site-packages/airflow/example_dags/example_inlet_event_extra.py
[2025-06-16T13:59:59.088+0000] {processor.py:925} INFO - DAG(s) 'read_dataset_event', 'read_dataset_event_from_classic' retrieved from /home/airflow/.local/lib/python3.12/site-packages/airflow/example_dags/example_inlet_event_extra.py
[2025-06-16T13:59:59.135+0000] {logging_mixin.py:190} INFO - [2025-06-16T13:59:59.135+0000] {dag.py:3239} INFO - Sync 2 DAGs
[2025-06-16T13:59:59.174+0000] {logging_mixin.py:190} INFO - [2025-06-16T13:59:59.174+0000] {dag.py:4180} INFO - Setting next_dagrun for read_dataset_event to 2025-06-15 00:00:00+00:00, run_after=2025-06-16 00:00:00+00:00
[2025-06-16T13:59:59.194+0000] {logging_mixin.py:190} INFO - [2025-06-16T13:59:59.193+0000] {dag.py:4180} INFO - Setting next_dagrun for read_dataset_event_from_classic to 2025-06-15 00:00:00+00:00, run_after=2025-06-16 00:00:00+00:00
[2025-06-16T13:59:59.251+0000] {processor.py:208} INFO - Processing /home/airflow/.local/lib/python3.12/site-packages/airflow/example_dags/example_inlet_event_extra.py took 0.863 seconds
[2025-06-16T14:00:29.684+0000] {processor.py:186} INFO - Started process (PID=218) to work on /home/airflow/.local/lib/python3.12/site-packages/airflow/example_dags/example_inlet_event_extra.py
[2025-06-16T14:00:29.687+0000] {processor.py:914} INFO - Processing file /home/airflow/.local/lib/python3.12/site-packages/airflow/example_dags/example_inlet_event_extra.py for tasks to queue
[2025-06-16T14:00:29.691+0000] {logging_mixin.py:190} INFO - [2025-06-16T14:00:29.690+0000] {dagbag.py:588} INFO - Filling up the DagBag from /home/airflow/.local/lib/python3.12/site-packages/airflow/example_dags/example_inlet_event_extra.py
[2025-06-16T14:00:30.089+0000] {processor.py:925} INFO - DAG(s) 'read_dataset_event_from_classic', 'read_dataset_event' retrieved from /home/airflow/.local/lib/python3.12/site-packages/airflow/example_dags/example_inlet_event_extra.py
[2025-06-16T14:00:30.110+0000] {logging_mixin.py:190} INFO - [2025-06-16T14:00:30.110+0000] {dag.py:3239} INFO - Sync 2 DAGs
[2025-06-16T14:00:30.128+0000] {logging_mixin.py:190} INFO - [2025-06-16T14:00:30.128+0000] {dag.py:4180} INFO - Setting next_dagrun for read_dataset_event to 2025-06-15 00:00:00+00:00, run_after=2025-06-16 00:00:00+00:00
[2025-06-16T14:00:30.133+0000] {logging_mixin.py:190} INFO - [2025-06-16T14:00:30.133+0000] {dag.py:4180} INFO - Setting next_dagrun for read_dataset_event_from_classic to 2025-06-15 00:00:00+00:00, run_after=2025-06-16 00:00:00+00:00
[2025-06-16T14:00:30.168+0000] {processor.py:208} INFO - Processing /home/airflow/.local/lib/python3.12/site-packages/airflow/example_dags/example_inlet_event_extra.py took 0.490 seconds
[2025-06-16T14:01:00.600+0000] {processor.py:186} INFO - Started process (PID=280) to work on /home/airflow/.local/lib/python3.12/site-packages/airflow/example_dags/example_inlet_event_extra.py
[2025-06-16T14:01:00.603+0000] {processor.py:914} INFO - Processing file /home/airflow/.local/lib/python3.12/site-packages/airflow/example_dags/example_inlet_event_extra.py for tasks to queue
[2025-06-16T14:01:00.607+0000] {logging_mixin.py:190} INFO - [2025-06-16T14:01:00.607+0000] {dagbag.py:588} INFO - Filling up the DagBag from /home/airflow/.local/lib/python3.12/site-packages/airflow/example_dags/example_inlet_event_extra.py
[2025-06-16T14:01:00.972+0000] {processor.py:925} INFO - DAG(s) 'read_dataset_event_from_classic', 'read_dataset_event' retrieved from /home/airflow/.local/lib/python3.12/site-packages/airflow/example_dags/example_inlet_event_extra.py
[2025-06-16T14:01:00.984+0000] {logging_mixin.py:190} INFO - [2025-06-16T14:01:00.984+0000] {dag.py:3239} INFO - Sync 2 DAGs
[2025-06-16T14:01:00.997+0000] {logging_mixin.py:190} INFO - [2025-06-16T14:01:00.997+0000] {dag.py:4180} INFO - Setting next_dagrun for read_dataset_event to 2025-06-15 00:00:00+00:00, run_after=2025-06-16 00:00:00+00:00
[2025-06-16T14:01:01.003+0000] {logging_mixin.py:190} INFO - [2025-06-16T14:01:01.003+0000] {dag.py:4180} INFO - Setting next_dagrun for read_dataset_event_from_classic to 2025-06-15 00:00:00+00:00, run_after=2025-06-16 00:00:00+00:00
[2025-06-16T14:01:01.012+0000] {processor.py:208} INFO - Processing /home/airflow/.local/lib/python3.12/site-packages/airflow/example_dags/example_inlet_event_extra.py took 0.422 seconds
[2025-06-16T14:01:31.260+0000] {processor.py:186} INFO - Started process (PID=343) to work on /home/airflow/.local/lib/python3.12/site-packages/airflow/example_dags/example_inlet_event_extra.py
[2025-06-16T14:01:31.263+0000] {processor.py:914} INFO - Processing file /home/airflow/.local/lib/python3.12/site-packages/airflow/example_dags/example_inlet_event_extra.py for tasks to queue
[2025-06-16T14:01:31.266+0000] {logging_mixin.py:190} INFO - [2025-06-16T14:01:31.265+0000] {dagbag.py:588} INFO - Filling up the DagBag from /home/airflow/.local/lib/python3.12/site-packages/airflow/example_dags/example_inlet_event_extra.py
[2025-06-16T14:01:31.623+0000] {processor.py:925} INFO - DAG(s) 'read_dataset_event', 'read_dataset_event_from_classic' retrieved from /home/airflow/.local/lib/python3.12/site-packages/airflow/example_dags/example_inlet_event_extra.py
[2025-06-16T14:01:31.639+0000] {logging_mixin.py:190} INFO - [2025-06-16T14:01:31.639+0000] {dag.py:3239} INFO - Sync 2 DAGs
[2025-06-16T14:01:31.652+0000] {logging_mixin.py:190} INFO - [2025-06-16T14:01:31.652+0000] {dag.py:4180} INFO - Setting next_dagrun for read_dataset_event to 2025-06-15 00:00:00+00:00, run_after=2025-06-16 00:00:00+00:00
[2025-06-16T14:01:31.659+0000] {logging_mixin.py:190} INFO - [2025-06-16T14:01:31.659+0000] {dag.py:4180} INFO - Setting next_dagrun for read_dataset_event_from_classic to 2025-06-15 00:00:00+00:00, run_after=2025-06-16 00:00:00+00:00
[2025-06-16T14:01:31.673+0000] {processor.py:208} INFO - Processing /home/airflow/.local/lib/python3.12/site-packages/airflow/example_dags/example_inlet_event_extra.py took 0.420 seconds
[2025-06-16T14:02:01.933+0000] {processor.py:186} INFO - Started process (PID=406) to work on /home/airflow/.local/lib/python3.12/site-packages/airflow/example_dags/example_inlet_event_extra.py
[2025-06-16T14:02:01.936+0000] {processor.py:914} INFO - Processing file /home/airflow/.local/lib/python3.12/site-packages/airflow/example_dags/example_inlet_event_extra.py for tasks to queue
[2025-06-16T14:02:01.939+0000] {logging_mixin.py:190} INFO - [2025-06-16T14:02:01.939+0000] {dagbag.py:588} INFO - Filling up the DagBag from /home/airflow/.local/lib/python3.12/site-packages/airflow/example_dags/example_inlet_event_extra.py
[2025-06-16T14:02:02.318+0000] {processor.py:925} INFO - DAG(s) 'read_dataset_event', 'read_dataset_event_from_classic' retrieved from /home/airflow/.local/lib/python3.12/site-packages/airflow/example_dags/example_inlet_event_extra.py
[2025-06-16T14:02:02.332+0000] {logging_mixin.py:190} INFO - [2025-06-16T14:02:02.332+0000] {dag.py:3239} INFO - Sync 2 DAGs
[2025-06-16T14:02:02.346+0000] {logging_mixin.py:190} INFO - [2025-06-16T14:02:02.346+0000] {dag.py:4180} INFO - Setting next_dagrun for read_dataset_event to 2025-06-15 00:00:00+00:00, run_after=2025-06-16 00:00:00+00:00
[2025-06-16T14:02:02.350+0000] {logging_mixin.py:190} INFO - [2025-06-16T14:02:02.350+0000] {dag.py:4180} INFO - Setting next_dagrun for read_dataset_event_from_classic to 2025-06-15 00:00:00+00:00, run_after=2025-06-16 00:00:00+00:00
[2025-06-16T14:02:02.362+0000] {processor.py:208} INFO - Processing /home/airflow/.local/lib/python3.12/site-packages/airflow/example_dags/example_inlet_event_extra.py took 0.437 seconds
[2025-06-16T14:02:32.663+0000] {processor.py:186} INFO - Started process (PID=469) to work on /home/airflow/.local/lib/python3.12/site-packages/airflow/example_dags/example_inlet_event_extra.py
[2025-06-16T14:02:32.672+0000] {processor.py:914} INFO - Processing file /home/airflow/.local/lib/python3.12/site-packages/airflow/example_dags/example_inlet_event_extra.py for tasks to queue
[2025-06-16T14:02:32.679+0000] {logging_mixin.py:190} INFO - [2025-06-16T14:02:32.678+0000] {dagbag.py:588} INFO - Filling up the DagBag from /home/airflow/.local/lib/python3.12/site-packages/airflow/example_dags/example_inlet_event_extra.py
[2025-06-16T14:02:33.427+0000] {processor.py:925} INFO - DAG(s) 'read_dataset_event', 'read_dataset_event_from_classic' retrieved from /home/airflow/.local/lib/python3.12/site-packages/airflow/example_dags/example_inlet_event_extra.py
[2025-06-16T14:02:33.440+0000] {logging_mixin.py:190} INFO - [2025-06-16T14:02:33.440+0000] {dag.py:3239} INFO - Sync 2 DAGs
[2025-06-16T14:02:33.452+0000] {logging_mixin.py:190} INFO - [2025-06-16T14:02:33.452+0000] {dag.py:4180} INFO - Setting next_dagrun for read_dataset_event to 2025-06-15 00:00:00+00:00, run_after=2025-06-16 00:00:00+00:00
[2025-06-16T14:02:33.460+0000] {logging_mixin.py:190} INFO - [2025-06-16T14:02:33.460+0000] {dag.py:4180} INFO - Setting next_dagrun for read_dataset_event_from_classic to 2025-06-15 00:00:00+00:00, run_after=2025-06-16 00:00:00+00:00
[2025-06-16T14:02:33.473+0000] {processor.py:208} INFO - Processing /home/airflow/.local/lib/python3.12/site-packages/airflow/example_dags/example_inlet_event_extra.py took 0.819 seconds
[2025-06-16T14:05:30.624+0000] {processor.py:186} INFO - Started process (PID=553) to work on /home/airflow/.local/lib/python3.12/site-packages/airflow/example_dags/example_inlet_event_extra.py
[2025-06-16T14:05:30.628+0000] {processor.py:914} INFO - Processing file /home/airflow/.local/lib/python3.12/site-packages/airflow/example_dags/example_inlet_event_extra.py for tasks to queue
[2025-06-16T14:05:30.631+0000] {logging_mixin.py:190} INFO - [2025-06-16T14:05:30.631+0000] {dagbag.py:588} INFO - Filling up the DagBag from /home/airflow/.local/lib/python3.12/site-packages/airflow/example_dags/example_inlet_event_extra.py
[2025-06-16T14:05:30.981+0000] {processor.py:925} INFO - DAG(s) 'read_dataset_event_from_classic', 'read_dataset_event' retrieved from /home/airflow/.local/lib/python3.12/site-packages/airflow/example_dags/example_inlet_event_extra.py
[2025-06-16T14:05:30.995+0000] {logging_mixin.py:190} INFO - [2025-06-16T14:05:30.994+0000] {dag.py:3239} INFO - Sync 2 DAGs
[2025-06-16T14:05:31.006+0000] {logging_mixin.py:190} INFO - [2025-06-16T14:05:31.006+0000] {dag.py:4180} INFO - Setting next_dagrun for read_dataset_event to 2025-06-15 00:00:00+00:00, run_after=2025-06-16 00:00:00+00:00
[2025-06-16T14:05:31.012+0000] {logging_mixin.py:190} INFO - [2025-06-16T14:05:31.011+0000] {dag.py:4180} INFO - Setting next_dagrun for read_dataset_event_from_classic to 2025-06-15 00:00:00+00:00, run_after=2025-06-16 00:00:00+00:00
[2025-06-16T14:05:31.025+0000] {processor.py:208} INFO - Processing /home/airflow/.local/lib/python3.12/site-packages/airflow/example_dags/example_inlet_event_extra.py took 0.405 seconds
[2025-06-16T14:06:01.445+0000] {processor.py:186} INFO - Started process (PID=616) to work on /home/airflow/.local/lib/python3.12/site-packages/airflow/example_dags/example_inlet_event_extra.py
[2025-06-16T14:06:01.449+0000] {processor.py:914} INFO - Processing file /home/airflow/.local/lib/python3.12/site-packages/airflow/example_dags/example_inlet_event_extra.py for tasks to queue
[2025-06-16T14:06:01.453+0000] {logging_mixin.py:190} INFO - [2025-06-16T14:06:01.452+0000] {dagbag.py:588} INFO - Filling up the DagBag from /home/airflow/.local/lib/python3.12/site-packages/airflow/example_dags/example_inlet_event_extra.py
[2025-06-16T14:06:01.837+0000] {processor.py:925} INFO - DAG(s) 'read_dataset_event', 'read_dataset_event_from_classic' retrieved from /home/airflow/.local/lib/python3.12/site-packages/airflow/example_dags/example_inlet_event_extra.py
[2025-06-16T14:06:01.859+0000] {logging_mixin.py:190} INFO - [2025-06-16T14:06:01.859+0000] {dag.py:3239} INFO - Sync 2 DAGs
[2025-06-16T14:06:01.875+0000] {logging_mixin.py:190} INFO - [2025-06-16T14:06:01.875+0000] {dag.py:4180} INFO - Setting next_dagrun for read_dataset_event to 2025-06-15 00:00:00+00:00, run_after=2025-06-16 00:00:00+00:00
[2025-06-16T14:06:01.879+0000] {logging_mixin.py:190} INFO - [2025-06-16T14:06:01.879+0000] {dag.py:4180} INFO - Setting next_dagrun for read_dataset_event_from_classic to 2025-06-15 00:00:00+00:00, run_after=2025-06-16 00:00:00+00:00
[2025-06-16T14:06:01.893+0000] {processor.py:208} INFO - Processing /home/airflow/.local/lib/python3.12/site-packages/airflow/example_dags/example_inlet_event_extra.py took 0.451 seconds
[2025-06-16T14:06:32.215+0000] {processor.py:186} INFO - Started process (PID=679) to work on /home/airflow/.local/lib/python3.12/site-packages/airflow/example_dags/example_inlet_event_extra.py
[2025-06-16T14:06:32.219+0000] {processor.py:914} INFO - Processing file /home/airflow/.local/lib/python3.12/site-packages/airflow/example_dags/example_inlet_event_extra.py for tasks to queue
[2025-06-16T14:06:32.224+0000] {logging_mixin.py:190} INFO - [2025-06-16T14:06:32.224+0000] {dagbag.py:588} INFO - Filling up the DagBag from /home/airflow/.local/lib/python3.12/site-packages/airflow/example_dags/example_inlet_event_extra.py
[2025-06-16T14:06:32.567+0000] {processor.py:925} INFO - DAG(s) 'read_dataset_event_from_classic', 'read_dataset_event' retrieved from /home/airflow/.local/lib/python3.12/site-packages/airflow/example_dags/example_inlet_event_extra.py
[2025-06-16T14:06:32.586+0000] {logging_mixin.py:190} INFO - [2025-06-16T14:06:32.586+0000] {dag.py:3239} INFO - Sync 2 DAGs
[2025-06-16T14:06:32.603+0000] {logging_mixin.py:190} INFO - [2025-06-16T14:06:32.603+0000] {dag.py:4180} INFO - Setting next_dagrun for read_dataset_event to 2025-06-15 00:00:00+00:00, run_after=2025-06-16 00:00:00+00:00
[2025-06-16T14:06:32.607+0000] {logging_mixin.py:190} INFO - [2025-06-16T14:06:32.607+0000] {dag.py:4180} INFO - Setting next_dagrun for read_dataset_event_from_classic to 2025-06-15 00:00:00+00:00, run_after=2025-06-16 00:00:00+00:00
[2025-06-16T14:06:32.618+0000] {processor.py:208} INFO - Processing /home/airflow/.local/lib/python3.12/site-packages/airflow/example_dags/example_inlet_event_extra.py took 0.406 seconds
[2025-06-16T14:07:03.313+0000] {processor.py:186} INFO - Started process (PID=743) to work on /home/airflow/.local/lib/python3.12/site-packages/airflow/example_dags/example_inlet_event_extra.py
[2025-06-16T14:07:03.315+0000] {processor.py:914} INFO - Processing file /home/airflow/.local/lib/python3.12/site-packages/airflow/example_dags/example_inlet_event_extra.py for tasks to queue
[2025-06-16T14:07:03.317+0000] {logging_mixin.py:190} INFO - [2025-06-16T14:07:03.316+0000] {dagbag.py:588} INFO - Filling up the DagBag from /home/airflow/.local/lib/python3.12/site-packages/airflow/example_dags/example_inlet_event_extra.py
[2025-06-16T14:07:03.654+0000] {processor.py:925} INFO - DAG(s) 'read_dataset_event', 'read_dataset_event_from_classic' retrieved from /home/airflow/.local/lib/python3.12/site-packages/airflow/example_dags/example_inlet_event_extra.py
[2025-06-16T14:07:03.668+0000] {logging_mixin.py:190} INFO - [2025-06-16T14:07:03.668+0000] {dag.py:3239} INFO - Sync 2 DAGs
[2025-06-16T14:07:03.683+0000] {logging_mixin.py:190} INFO - [2025-06-16T14:07:03.683+0000] {dag.py:4180} INFO - Setting next_dagrun for read_dataset_event to 2025-06-15 00:00:00+00:00, run_after=2025-06-16 00:00:00+00:00
[2025-06-16T14:07:03.689+0000] {logging_mixin.py:190} INFO - [2025-06-16T14:07:03.688+0000] {dag.py:4180} INFO - Setting next_dagrun for read_dataset_event_from_classic to 2025-06-15 00:00:00+00:00, run_after=2025-06-16 00:00:00+00:00
[2025-06-16T14:07:03.698+0000] {processor.py:208} INFO - Processing /home/airflow/.local/lib/python3.12/site-packages/airflow/example_dags/example_inlet_event_extra.py took 0.388 seconds
[2025-06-16T14:07:34.345+0000] {processor.py:186} INFO - Started process (PID=808) to work on /home/airflow/.local/lib/python3.12/site-packages/airflow/example_dags/example_inlet_event_extra.py
[2025-06-16T14:07:34.347+0000] {processor.py:914} INFO - Processing file /home/airflow/.local/lib/python3.12/site-packages/airflow/example_dags/example_inlet_event_extra.py for tasks to queue
[2025-06-16T14:07:34.351+0000] {logging_mixin.py:190} INFO - [2025-06-16T14:07:34.350+0000] {dagbag.py:588} INFO - Filling up the DagBag from /home/airflow/.local/lib/python3.12/site-packages/airflow/example_dags/example_inlet_event_extra.py
[2025-06-16T14:07:34.762+0000] {processor.py:925} INFO - DAG(s) 'read_dataset_event_from_classic', 'read_dataset_event' retrieved from /home/airflow/.local/lib/python3.12/site-packages/airflow/example_dags/example_inlet_event_extra.py
[2025-06-16T14:07:34.788+0000] {logging_mixin.py:190} INFO - [2025-06-16T14:07:34.788+0000] {dag.py:3239} INFO - Sync 2 DAGs
[2025-06-16T14:07:34.803+0000] {logging_mixin.py:190} INFO - [2025-06-16T14:07:34.802+0000] {dag.py:4180} INFO - Setting next_dagrun for read_dataset_event to 2025-06-15 00:00:00+00:00, run_after=2025-06-16 00:00:00+00:00
[2025-06-16T14:07:34.810+0000] {logging_mixin.py:190} INFO - [2025-06-16T14:07:34.809+0000] {dag.py:4180} INFO - Setting next_dagrun for read_dataset_event_from_classic to 2025-06-15 00:00:00+00:00, run_after=2025-06-16 00:00:00+00:00
[2025-06-16T14:07:34.822+0000] {processor.py:208} INFO - Processing /home/airflow/.local/lib/python3.12/site-packages/airflow/example_dags/example_inlet_event_extra.py took 0.481 seconds
[2025-06-16T14:08:05.682+0000] {processor.py:186} INFO - Started process (PID=871) to work on /home/airflow/.local/lib/python3.12/site-packages/airflow/example_dags/example_inlet_event_extra.py
[2025-06-16T14:08:05.684+0000] {processor.py:914} INFO - Processing file /home/airflow/.local/lib/python3.12/site-packages/airflow/example_dags/example_inlet_event_extra.py for tasks to queue
[2025-06-16T14:08:05.686+0000] {logging_mixin.py:190} INFO - [2025-06-16T14:08:05.686+0000] {dagbag.py:588} INFO - Filling up the DagBag from /home/airflow/.local/lib/python3.12/site-packages/airflow/example_dags/example_inlet_event_extra.py
[2025-06-16T14:08:06.131+0000] {processor.py:925} INFO - DAG(s) 'read_dataset_event', 'read_dataset_event_from_classic' retrieved from /home/airflow/.local/lib/python3.12/site-packages/airflow/example_dags/example_inlet_event_extra.py
[2025-06-16T14:08:06.152+0000] {logging_mixin.py:190} INFO - [2025-06-16T14:08:06.151+0000] {dag.py:3239} INFO - Sync 2 DAGs
[2025-06-16T14:08:06.170+0000] {logging_mixin.py:190} INFO - [2025-06-16T14:08:06.170+0000] {dag.py:4180} INFO - Setting next_dagrun for read_dataset_event to 2025-06-15 00:00:00+00:00, run_after=2025-06-16 00:00:00+00:00
[2025-06-16T14:08:06.175+0000] {logging_mixin.py:190} INFO - [2025-06-16T14:08:06.175+0000] {dag.py:4180} INFO - Setting next_dagrun for read_dataset_event_from_classic to 2025-06-15 00:00:00+00:00, run_after=2025-06-16 00:00:00+00:00
[2025-06-16T14:08:06.187+0000] {processor.py:208} INFO - Processing /home/airflow/.local/lib/python3.12/site-packages/airflow/example_dags/example_inlet_event_extra.py took 0.510 seconds
[2025-06-16T14:08:36.653+0000] {processor.py:186} INFO - Started process (PID=934) to work on /home/airflow/.local/lib/python3.12/site-packages/airflow/example_dags/example_inlet_event_extra.py
[2025-06-16T14:08:36.654+0000] {processor.py:914} INFO - Processing file /home/airflow/.local/lib/python3.12/site-packages/airflow/example_dags/example_inlet_event_extra.py for tasks to queue
[2025-06-16T14:08:36.656+0000] {logging_mixin.py:190} INFO - [2025-06-16T14:08:36.656+0000] {dagbag.py:588} INFO - Filling up the DagBag from /home/airflow/.local/lib/python3.12/site-packages/airflow/example_dags/example_inlet_event_extra.py
[2025-06-16T14:08:36.968+0000] {processor.py:925} INFO - DAG(s) 'read_dataset_event', 'read_dataset_event_from_classic' retrieved from /home/airflow/.local/lib/python3.12/site-packages/airflow/example_dags/example_inlet_event_extra.py
[2025-06-16T14:08:36.983+0000] {logging_mixin.py:190} INFO - [2025-06-16T14:08:36.982+0000] {dag.py:3239} INFO - Sync 2 DAGs
[2025-06-16T14:08:36.995+0000] {logging_mixin.py:190} INFO - [2025-06-16T14:08:36.995+0000] {dag.py:4180} INFO - Setting next_dagrun for read_dataset_event to 2025-06-15 00:00:00+00:00, run_after=2025-06-16 00:00:00+00:00
[2025-06-16T14:08:36.998+0000] {logging_mixin.py:190} INFO - [2025-06-16T14:08:36.998+0000] {dag.py:4180} INFO - Setting next_dagrun for read_dataset_event_from_classic to 2025-06-15 00:00:00+00:00, run_after=2025-06-16 00:00:00+00:00
[2025-06-16T14:08:37.006+0000] {processor.py:208} INFO - Processing /home/airflow/.local/lib/python3.12/site-packages/airflow/example_dags/example_inlet_event_extra.py took 0.357 seconds
[2025-06-16T14:09:07.689+0000] {processor.py:186} INFO - Started process (PID=992) to work on /home/airflow/.local/lib/python3.12/site-packages/airflow/example_dags/example_inlet_event_extra.py
[2025-06-16T14:09:07.690+0000] {processor.py:914} INFO - Processing file /home/airflow/.local/lib/python3.12/site-packages/airflow/example_dags/example_inlet_event_extra.py for tasks to queue
[2025-06-16T14:09:07.692+0000] {logging_mixin.py:190} INFO - [2025-06-16T14:09:07.692+0000] {dagbag.py:588} INFO - Filling up the DagBag from /home/airflow/.local/lib/python3.12/site-packages/airflow/example_dags/example_inlet_event_extra.py
[2025-06-16T14:09:08.028+0000] {processor.py:925} INFO - DAG(s) 'read_dataset_event', 'read_dataset_event_from_classic' retrieved from /home/airflow/.local/lib/python3.12/site-packages/airflow/example_dags/example_inlet_event_extra.py
[2025-06-16T14:09:08.042+0000] {logging_mixin.py:190} INFO - [2025-06-16T14:09:08.042+0000] {dag.py:3239} INFO - Sync 2 DAGs
[2025-06-16T14:09:08.065+0000] {logging_mixin.py:190} INFO - [2025-06-16T14:09:08.065+0000] {dag.py:4180} INFO - Setting next_dagrun for read_dataset_event to 2025-06-15 00:00:00+00:00, run_after=2025-06-16 00:00:00+00:00
[2025-06-16T14:09:08.070+0000] {logging_mixin.py:190} INFO - [2025-06-16T14:09:08.070+0000] {dag.py:4180} INFO - Setting next_dagrun for read_dataset_event_from_classic to 2025-06-15 00:00:00+00:00, run_after=2025-06-16 00:00:00+00:00
[2025-06-16T14:09:08.081+0000] {processor.py:208} INFO - Processing /home/airflow/.local/lib/python3.12/site-packages/airflow/example_dags/example_inlet_event_extra.py took 0.396 seconds
[2025-06-16T14:09:38.546+0000] {processor.py:186} INFO - Started process (PID=1057) to work on /home/airflow/.local/lib/python3.12/site-packages/airflow/example_dags/example_inlet_event_extra.py
[2025-06-16T14:09:38.548+0000] {processor.py:914} INFO - Processing file /home/airflow/.local/lib/python3.12/site-packages/airflow/example_dags/example_inlet_event_extra.py for tasks to queue
[2025-06-16T14:09:38.551+0000] {logging_mixin.py:190} INFO - [2025-06-16T14:09:38.550+0000] {dagbag.py:588} INFO - Filling up the DagBag from /home/airflow/.local/lib/python3.12/site-packages/airflow/example_dags/example_inlet_event_extra.py
[2025-06-16T14:09:38.881+0000] {processor.py:925} INFO - DAG(s) 'read_dataset_event', 'read_dataset_event_from_classic' retrieved from /home/airflow/.local/lib/python3.12/site-packages/airflow/example_dags/example_inlet_event_extra.py
[2025-06-16T14:09:38.896+0000] {logging_mixin.py:190} INFO - [2025-06-16T14:09:38.896+0000] {dag.py:3239} INFO - Sync 2 DAGs
[2025-06-16T14:09:38.910+0000] {logging_mixin.py:190} INFO - [2025-06-16T14:09:38.909+0000] {dag.py:4180} INFO - Setting next_dagrun for read_dataset_event to 2025-06-15 00:00:00+00:00, run_after=2025-06-16 00:00:00+00:00
[2025-06-16T14:09:38.913+0000] {logging_mixin.py:190} INFO - [2025-06-16T14:09:38.913+0000] {dag.py:4180} INFO - Setting next_dagrun for read_dataset_event_from_classic to 2025-06-15 00:00:00+00:00, run_after=2025-06-16 00:00:00+00:00
[2025-06-16T14:09:38.926+0000] {processor.py:208} INFO - Processing /home/airflow/.local/lib/python3.12/site-packages/airflow/example_dags/example_inlet_event_extra.py took 0.383 seconds
[2025-06-16T14:10:50.912+0000] {processor.py:186} INFO - Started process (PID=1118) to work on /home/airflow/.local/lib/python3.12/site-packages/airflow/example_dags/example_inlet_event_extra.py
[2025-06-16T14:10:50.914+0000] {processor.py:914} INFO - Processing file /home/airflow/.local/lib/python3.12/site-packages/airflow/example_dags/example_inlet_event_extra.py for tasks to queue
[2025-06-16T14:10:50.916+0000] {logging_mixin.py:190} INFO - [2025-06-16T14:10:50.916+0000] {dagbag.py:588} INFO - Filling up the DagBag from /home/airflow/.local/lib/python3.12/site-packages/airflow/example_dags/example_inlet_event_extra.py
[2025-06-16T14:10:51.264+0000] {processor.py:925} INFO - DAG(s) 'read_dataset_event_from_classic', 'read_dataset_event' retrieved from /home/airflow/.local/lib/python3.12/site-packages/airflow/example_dags/example_inlet_event_extra.py
[2025-06-16T14:10:51.279+0000] {logging_mixin.py:190} INFO - [2025-06-16T14:10:51.279+0000] {dag.py:3239} INFO - Sync 2 DAGs
[2025-06-16T14:10:51.296+0000] {logging_mixin.py:190} INFO - [2025-06-16T14:10:51.295+0000] {dag.py:4180} INFO - Setting next_dagrun for read_dataset_event to 2025-06-15 00:00:00+00:00, run_after=2025-06-16 00:00:00+00:00
[2025-06-16T14:10:51.300+0000] {logging_mixin.py:190} INFO - [2025-06-16T14:10:51.300+0000] {dag.py:4180} INFO - Setting next_dagrun for read_dataset_event_from_classic to 2025-06-15 00:00:00+00:00, run_after=2025-06-16 00:00:00+00:00
[2025-06-16T14:10:51.318+0000] {processor.py:208} INFO - Processing /home/airflow/.local/lib/python3.12/site-packages/airflow/example_dags/example_inlet_event_extra.py took 0.411 seconds
[2025-06-16T14:11:40.715+0000] {processor.py:186} INFO - Started process (PID=1181) to work on /home/airflow/.local/lib/python3.12/site-packages/airflow/example_dags/example_inlet_event_extra.py
[2025-06-16T14:11:40.717+0000] {processor.py:914} INFO - Processing file /home/airflow/.local/lib/python3.12/site-packages/airflow/example_dags/example_inlet_event_extra.py for tasks to queue
[2025-06-16T14:11:40.725+0000] {logging_mixin.py:190} INFO - [2025-06-16T14:11:40.724+0000] {dagbag.py:588} INFO - Filling up the DagBag from /home/airflow/.local/lib/python3.12/site-packages/airflow/example_dags/example_inlet_event_extra.py
[2025-06-16T14:11:41.517+0000] {processor.py:925} INFO - DAG(s) 'read_dataset_event_from_classic', 'read_dataset_event' retrieved from /home/airflow/.local/lib/python3.12/site-packages/airflow/example_dags/example_inlet_event_extra.py
[2025-06-16T14:11:41.548+0000] {logging_mixin.py:190} INFO - [2025-06-16T14:11:41.548+0000] {dag.py:3239} INFO - Sync 2 DAGs
[2025-06-16T14:11:41.568+0000] {logging_mixin.py:190} INFO - [2025-06-16T14:11:41.566+0000] {dag.py:4180} INFO - Setting next_dagrun for read_dataset_event to 2025-06-15 00:00:00+00:00, run_after=2025-06-16 00:00:00+00:00
[2025-06-16T14:11:41.577+0000] {logging_mixin.py:190} INFO - [2025-06-16T14:11:41.577+0000] {dag.py:4180} INFO - Setting next_dagrun for read_dataset_event_from_classic to 2025-06-15 00:00:00+00:00, run_after=2025-06-16 00:00:00+00:00
[2025-06-16T14:11:41.605+0000] {processor.py:208} INFO - Processing /home/airflow/.local/lib/python3.12/site-packages/airflow/example_dags/example_inlet_event_extra.py took 0.895 seconds
[2025-06-16T14:12:12.097+0000] {processor.py:186} INFO - Started process (PID=1245) to work on /home/airflow/.local/lib/python3.12/site-packages/airflow/example_dags/example_inlet_event_extra.py
[2025-06-16T14:12:12.100+0000] {processor.py:914} INFO - Processing file /home/airflow/.local/lib/python3.12/site-packages/airflow/example_dags/example_inlet_event_extra.py for tasks to queue
[2025-06-16T14:12:12.106+0000] {logging_mixin.py:190} INFO - [2025-06-16T14:12:12.106+0000] {dagbag.py:588} INFO - Filling up the DagBag from /home/airflow/.local/lib/python3.12/site-packages/airflow/example_dags/example_inlet_event_extra.py
[2025-06-16T14:12:12.582+0000] {processor.py:925} INFO - DAG(s) 'read_dataset_event', 'read_dataset_event_from_classic' retrieved from /home/airflow/.local/lib/python3.12/site-packages/airflow/example_dags/example_inlet_event_extra.py
[2025-06-16T14:12:12.597+0000] {logging_mixin.py:190} INFO - [2025-06-16T14:12:12.597+0000] {dag.py:3239} INFO - Sync 2 DAGs
[2025-06-16T14:12:12.614+0000] {logging_mixin.py:190} INFO - [2025-06-16T14:12:12.614+0000] {dag.py:4180} INFO - Setting next_dagrun for read_dataset_event to 2025-06-15 00:00:00+00:00, run_after=2025-06-16 00:00:00+00:00
[2025-06-16T14:12:12.619+0000] {logging_mixin.py:190} INFO - [2025-06-16T14:12:12.618+0000] {dag.py:4180} INFO - Setting next_dagrun for read_dataset_event_from_classic to 2025-06-15 00:00:00+00:00, run_after=2025-06-16 00:00:00+00:00
[2025-06-16T14:12:12.633+0000] {processor.py:208} INFO - Processing /home/airflow/.local/lib/python3.12/site-packages/airflow/example_dags/example_inlet_event_extra.py took 0.543 seconds
[2025-06-16T14:12:42.964+0000] {processor.py:186} INFO - Started process (PID=1308) to work on /home/airflow/.local/lib/python3.12/site-packages/airflow/example_dags/example_inlet_event_extra.py
[2025-06-16T14:12:42.967+0000] {processor.py:914} INFO - Processing file /home/airflow/.local/lib/python3.12/site-packages/airflow/example_dags/example_inlet_event_extra.py for tasks to queue
[2025-06-16T14:12:42.970+0000] {logging_mixin.py:190} INFO - [2025-06-16T14:12:42.970+0000] {dagbag.py:588} INFO - Filling up the DagBag from /home/airflow/.local/lib/python3.12/site-packages/airflow/example_dags/example_inlet_event_extra.py
[2025-06-16T14:12:43.333+0000] {processor.py:925} INFO - DAG(s) 'read_dataset_event', 'read_dataset_event_from_classic' retrieved from /home/airflow/.local/lib/python3.12/site-packages/airflow/example_dags/example_inlet_event_extra.py
[2025-06-16T14:12:43.349+0000] {logging_mixin.py:190} INFO - [2025-06-16T14:12:43.348+0000] {dag.py:3239} INFO - Sync 2 DAGs
[2025-06-16T14:12:43.365+0000] {logging_mixin.py:190} INFO - [2025-06-16T14:12:43.365+0000] {dag.py:4180} INFO - Setting next_dagrun for read_dataset_event to 2025-06-15 00:00:00+00:00, run_after=2025-06-16 00:00:00+00:00
[2025-06-16T14:12:43.373+0000] {logging_mixin.py:190} INFO - [2025-06-16T14:12:43.373+0000] {dag.py:4180} INFO - Setting next_dagrun for read_dataset_event_from_classic to 2025-06-15 00:00:00+00:00, run_after=2025-06-16 00:00:00+00:00
[2025-06-16T14:12:43.383+0000] {processor.py:208} INFO - Processing /home/airflow/.local/lib/python3.12/site-packages/airflow/example_dags/example_inlet_event_extra.py took 0.426 seconds
[2025-06-16T14:13:13.624+0000] {processor.py:186} INFO - Started process (PID=1371) to work on /home/airflow/.local/lib/python3.12/site-packages/airflow/example_dags/example_inlet_event_extra.py
[2025-06-16T14:13:13.627+0000] {processor.py:914} INFO - Processing file /home/airflow/.local/lib/python3.12/site-packages/airflow/example_dags/example_inlet_event_extra.py for tasks to queue
[2025-06-16T14:13:13.630+0000] {logging_mixin.py:190} INFO - [2025-06-16T14:13:13.629+0000] {dagbag.py:588} INFO - Filling up the DagBag from /home/airflow/.local/lib/python3.12/site-packages/airflow/example_dags/example_inlet_event_extra.py
[2025-06-16T14:13:13.979+0000] {processor.py:925} INFO - DAG(s) 'read_dataset_event_from_classic', 'read_dataset_event' retrieved from /home/airflow/.local/lib/python3.12/site-packages/airflow/example_dags/example_inlet_event_extra.py
[2025-06-16T14:13:13.994+0000] {logging_mixin.py:190} INFO - [2025-06-16T14:13:13.994+0000] {dag.py:3239} INFO - Sync 2 DAGs
[2025-06-16T14:13:14.007+0000] {logging_mixin.py:190} INFO - [2025-06-16T14:13:14.007+0000] {dag.py:4180} INFO - Setting next_dagrun for read_dataset_event to 2025-06-15 00:00:00+00:00, run_after=2025-06-16 00:00:00+00:00
[2025-06-16T14:13:14.012+0000] {logging_mixin.py:190} INFO - [2025-06-16T14:13:14.012+0000] {dag.py:4180} INFO - Setting next_dagrun for read_dataset_event_from_classic to 2025-06-15 00:00:00+00:00, run_after=2025-06-16 00:00:00+00:00
[2025-06-16T14:13:14.026+0000] {processor.py:208} INFO - Processing /home/airflow/.local/lib/python3.12/site-packages/airflow/example_dags/example_inlet_event_extra.py took 0.410 seconds
[2025-06-16T14:13:44.315+0000] {processor.py:186} INFO - Started process (PID=1434) to work on /home/airflow/.local/lib/python3.12/site-packages/airflow/example_dags/example_inlet_event_extra.py
[2025-06-16T14:13:44.317+0000] {processor.py:914} INFO - Processing file /home/airflow/.local/lib/python3.12/site-packages/airflow/example_dags/example_inlet_event_extra.py for tasks to queue
[2025-06-16T14:13:44.320+0000] {logging_mixin.py:190} INFO - [2025-06-16T14:13:44.319+0000] {dagbag.py:588} INFO - Filling up the DagBag from /home/airflow/.local/lib/python3.12/site-packages/airflow/example_dags/example_inlet_event_extra.py
[2025-06-16T14:13:44.695+0000] {processor.py:925} INFO - DAG(s) 'read_dataset_event_from_classic', 'read_dataset_event' retrieved from /home/airflow/.local/lib/python3.12/site-packages/airflow/example_dags/example_inlet_event_extra.py
[2025-06-16T14:13:44.711+0000] {logging_mixin.py:190} INFO - [2025-06-16T14:13:44.711+0000] {dag.py:3239} INFO - Sync 2 DAGs
[2025-06-16T14:13:44.725+0000] {logging_mixin.py:190} INFO - [2025-06-16T14:13:44.725+0000] {dag.py:4180} INFO - Setting next_dagrun for read_dataset_event to 2025-06-15 00:00:00+00:00, run_after=2025-06-16 00:00:00+00:00
[2025-06-16T14:13:44.730+0000] {logging_mixin.py:190} INFO - [2025-06-16T14:13:44.729+0000] {dag.py:4180} INFO - Setting next_dagrun for read_dataset_event_from_classic to 2025-06-15 00:00:00+00:00, run_after=2025-06-16 00:00:00+00:00
[2025-06-16T14:13:44.745+0000] {processor.py:208} INFO - Processing /home/airflow/.local/lib/python3.12/site-packages/airflow/example_dags/example_inlet_event_extra.py took 0.436 seconds
[2025-06-16T14:14:14.792+0000] {processor.py:186} INFO - Started process (PID=1497) to work on /home/airflow/.local/lib/python3.12/site-packages/airflow/example_dags/example_inlet_event_extra.py
[2025-06-16T14:14:14.793+0000] {processor.py:914} INFO - Processing file /home/airflow/.local/lib/python3.12/site-packages/airflow/example_dags/example_inlet_event_extra.py for tasks to queue
[2025-06-16T14:14:14.796+0000] {logging_mixin.py:190} INFO - [2025-06-16T14:14:14.795+0000] {dagbag.py:588} INFO - Filling up the DagBag from /home/airflow/.local/lib/python3.12/site-packages/airflow/example_dags/example_inlet_event_extra.py
[2025-06-16T14:14:15.193+0000] {processor.py:925} INFO - DAG(s) 'read_dataset_event_from_classic', 'read_dataset_event' retrieved from /home/airflow/.local/lib/python3.12/site-packages/airflow/example_dags/example_inlet_event_extra.py
[2025-06-16T14:14:15.209+0000] {logging_mixin.py:190} INFO - [2025-06-16T14:14:15.209+0000] {dag.py:3239} INFO - Sync 2 DAGs
[2025-06-16T14:14:15.227+0000] {logging_mixin.py:190} INFO - [2025-06-16T14:14:15.226+0000] {dag.py:4180} INFO - Setting next_dagrun for read_dataset_event to 2025-06-15 00:00:00+00:00, run_after=2025-06-16 00:00:00+00:00
[2025-06-16T14:14:15.231+0000] {logging_mixin.py:190} INFO - [2025-06-16T14:14:15.231+0000] {dag.py:4180} INFO - Setting next_dagrun for read_dataset_event_from_classic to 2025-06-15 00:00:00+00:00, run_after=2025-06-16 00:00:00+00:00
[2025-06-16T14:14:15.242+0000] {processor.py:208} INFO - Processing /home/airflow/.local/lib/python3.12/site-packages/airflow/example_dags/example_inlet_event_extra.py took 0.453 seconds
[2025-06-16T15:07:18.623+0000] {processor.py:186} INFO - Started process (PID=1559) to work on /home/airflow/.local/lib/python3.12/site-packages/airflow/example_dags/example_inlet_event_extra.py
[2025-06-16T15:07:18.625+0000] {processor.py:914} INFO - Processing file /home/airflow/.local/lib/python3.12/site-packages/airflow/example_dags/example_inlet_event_extra.py for tasks to queue
[2025-06-16T15:07:18.627+0000] {logging_mixin.py:190} INFO - [2025-06-16T15:07:18.627+0000] {dagbag.py:588} INFO - Filling up the DagBag from /home/airflow/.local/lib/python3.12/site-packages/airflow/example_dags/example_inlet_event_extra.py
[2025-06-16T15:07:18.980+0000] {processor.py:925} INFO - DAG(s) 'read_dataset_event_from_classic', 'read_dataset_event' retrieved from /home/airflow/.local/lib/python3.12/site-packages/airflow/example_dags/example_inlet_event_extra.py
[2025-06-16T15:07:18.998+0000] {logging_mixin.py:190} INFO - [2025-06-16T15:07:18.997+0000] {dag.py:3239} INFO - Sync 2 DAGs
[2025-06-16T15:07:19.013+0000] {logging_mixin.py:190} INFO - [2025-06-16T15:07:19.013+0000] {dag.py:4180} INFO - Setting next_dagrun for read_dataset_event to 2025-06-15 00:00:00+00:00, run_after=2025-06-16 00:00:00+00:00
[2025-06-16T15:07:19.016+0000] {logging_mixin.py:190} INFO - [2025-06-16T15:07:19.016+0000] {dag.py:4180} INFO - Setting next_dagrun for read_dataset_event_from_classic to 2025-06-15 00:00:00+00:00, run_after=2025-06-16 00:00:00+00:00
[2025-06-16T15:07:19.031+0000] {processor.py:208} INFO - Processing /home/airflow/.local/lib/python3.12/site-packages/airflow/example_dags/example_inlet_event_extra.py took 0.411 seconds
[2025-06-16T15:57:50.716+0000] {processor.py:186} INFO - Started process (PID=1622) to work on /home/airflow/.local/lib/python3.12/site-packages/airflow/example_dags/example_inlet_event_extra.py
[2025-06-16T15:57:50.718+0000] {processor.py:914} INFO - Processing file /home/airflow/.local/lib/python3.12/site-packages/airflow/example_dags/example_inlet_event_extra.py for tasks to queue
[2025-06-16T15:57:50.721+0000] {logging_mixin.py:190} INFO - [2025-06-16T15:57:50.721+0000] {dagbag.py:588} INFO - Filling up the DagBag from /home/airflow/.local/lib/python3.12/site-packages/airflow/example_dags/example_inlet_event_extra.py
[2025-06-16T15:57:51.617+0000] {processor.py:925} INFO - DAG(s) 'read_dataset_event', 'read_dataset_event_from_classic' retrieved from /home/airflow/.local/lib/python3.12/site-packages/airflow/example_dags/example_inlet_event_extra.py
[2025-06-16T15:57:51.639+0000] {logging_mixin.py:190} INFO - [2025-06-16T15:57:51.639+0000] {dag.py:3239} INFO - Sync 2 DAGs
[2025-06-16T15:57:51.657+0000] {logging_mixin.py:190} INFO - [2025-06-16T15:57:51.657+0000] {dag.py:4180} INFO - Setting next_dagrun for read_dataset_event to 2025-06-15 00:00:00+00:00, run_after=2025-06-16 00:00:00+00:00
[2025-06-16T15:57:51.661+0000] {logging_mixin.py:190} INFO - [2025-06-16T15:57:51.661+0000] {dag.py:4180} INFO - Setting next_dagrun for read_dataset_event_from_classic to 2025-06-15 00:00:00+00:00, run_after=2025-06-16 00:00:00+00:00
[2025-06-16T15:57:51.675+0000] {processor.py:208} INFO - Processing /home/airflow/.local/lib/python3.12/site-packages/airflow/example_dags/example_inlet_event_extra.py took 0.965 seconds
[2025-06-16T17:08:54.477+0000] {processor.py:186} INFO - Started process (PID=1686) to work on /home/airflow/.local/lib/python3.12/site-packages/airflow/example_dags/example_inlet_event_extra.py
[2025-06-16T17:08:54.481+0000] {processor.py:914} INFO - Processing file /home/airflow/.local/lib/python3.12/site-packages/airflow/example_dags/example_inlet_event_extra.py for tasks to queue
[2025-06-16T17:08:54.490+0000] {logging_mixin.py:190} INFO - [2025-06-16T17:08:54.490+0000] {dagbag.py:588} INFO - Filling up the DagBag from /home/airflow/.local/lib/python3.12/site-packages/airflow/example_dags/example_inlet_event_extra.py
[2025-06-16T17:08:58.709+0000] {processor.py:925} INFO - DAG(s) 'read_dataset_event_from_classic', 'read_dataset_event' retrieved from /home/airflow/.local/lib/python3.12/site-packages/airflow/example_dags/example_inlet_event_extra.py
[2025-06-16T17:08:58.752+0000] {logging_mixin.py:190} INFO - [2025-06-16T17:08:58.752+0000] {dag.py:3239} INFO - Sync 2 DAGs
[2025-06-16T17:08:58.814+0000] {logging_mixin.py:190} INFO - [2025-06-16T17:08:58.813+0000] {dag.py:4180} INFO - Setting next_dagrun for read_dataset_event to 2025-06-15 00:00:00+00:00, run_after=2025-06-16 00:00:00+00:00
[2025-06-16T17:08:58.821+0000] {logging_mixin.py:190} INFO - [2025-06-16T17:08:58.821+0000] {dag.py:4180} INFO - Setting next_dagrun for read_dataset_event_from_classic to 2025-06-15 00:00:00+00:00, run_after=2025-06-16 00:00:00+00:00
[2025-06-16T17:08:58.851+0000] {processor.py:208} INFO - Processing /home/airflow/.local/lib/python3.12/site-packages/airflow/example_dags/example_inlet_event_extra.py took 4.385 seconds
[2025-06-16T18:08:29.537+0000] {processor.py:186} INFO - Started process (PID=1749) to work on /home/airflow/.local/lib/python3.12/site-packages/airflow/example_dags/example_inlet_event_extra.py
[2025-06-16T18:08:29.544+0000] {processor.py:914} INFO - Processing file /home/airflow/.local/lib/python3.12/site-packages/airflow/example_dags/example_inlet_event_extra.py for tasks to queue
[2025-06-16T18:08:29.552+0000] {logging_mixin.py:190} INFO - [2025-06-16T18:08:29.550+0000] {dagbag.py:588} INFO - Filling up the DagBag from /home/airflow/.local/lib/python3.12/site-packages/airflow/example_dags/example_inlet_event_extra.py
[2025-06-16T18:08:30.438+0000] {processor.py:925} INFO - DAG(s) 'read_dataset_event', 'read_dataset_event_from_classic' retrieved from /home/airflow/.local/lib/python3.12/site-packages/airflow/example_dags/example_inlet_event_extra.py
[2025-06-16T18:08:30.473+0000] {logging_mixin.py:190} INFO - [2025-06-16T18:08:30.473+0000] {dag.py:3239} INFO - Sync 2 DAGs
[2025-06-16T18:08:30.512+0000] {logging_mixin.py:190} INFO - [2025-06-16T18:08:30.511+0000] {dag.py:4180} INFO - Setting next_dagrun for read_dataset_event to 2025-06-15 00:00:00+00:00, run_after=2025-06-16 00:00:00+00:00
[2025-06-16T18:08:30.531+0000] {logging_mixin.py:190} INFO - [2025-06-16T18:08:30.531+0000] {dag.py:4180} INFO - Setting next_dagrun for read_dataset_event_from_classic to 2025-06-15 00:00:00+00:00, run_after=2025-06-16 00:00:00+00:00
[2025-06-16T18:08:30.569+0000] {processor.py:208} INFO - Processing /home/airflow/.local/lib/python3.12/site-packages/airflow/example_dags/example_inlet_event_extra.py took 1.042 seconds
[2025-06-16T19:23:36.054+0000] {processor.py:186} INFO - Started process (PID=1818) to work on /home/airflow/.local/lib/python3.12/site-packages/airflow/example_dags/example_inlet_event_extra.py
[2025-06-16T19:23:36.063+0000] {processor.py:914} INFO - Processing file /home/airflow/.local/lib/python3.12/site-packages/airflow/example_dags/example_inlet_event_extra.py for tasks to queue
[2025-06-16T19:23:36.082+0000] {logging_mixin.py:190} INFO - [2025-06-16T19:23:36.081+0000] {dagbag.py:588} INFO - Filling up the DagBag from /home/airflow/.local/lib/python3.12/site-packages/airflow/example_dags/example_inlet_event_extra.py
