[2025-06-16T13:59:31.474+0000] {processor.py:186} INFO - Started process (PID=103) to work on /home/airflow/.local/lib/python3.12/site-packages/airflow/example_dags/example_sensors.py
[2025-06-16T13:59:31.477+0000] {processor.py:914} INFO - Processing file /home/airflow/.local/lib/python3.12/site-packages/airflow/example_dags/example_sensors.py for tasks to queue
[2025-06-16T13:59:31.483+0000] {logging_mixin.py:190} INFO - [2025-06-16T13:59:31.482+0000] {dagbag.py:588} INFO - Filling up the DagBag from /home/airflow/.local/lib/python3.12/site-packages/airflow/example_dags/example_sensors.py
[2025-06-16T13:59:31.500+0000] {processor.py:925} INFO - DAG(s) 'example_sensors' retrieved from /home/airflow/.local/lib/python3.12/site-packages/airflow/example_dags/example_sensors.py
[2025-06-16T13:59:31.641+0000] {logging_mixin.py:190} INFO - [2025-06-16T13:59:31.640+0000] {override.py:1912} INFO - Created Permission View: can delete on DAG:example_sensors
[2025-06-16T13:59:31.661+0000] {logging_mixin.py:190} INFO - [2025-06-16T13:59:31.661+0000] {override.py:1912} INFO - Created Permission View: can read on DAG:example_sensors
[2025-06-16T13:59:31.676+0000] {logging_mixin.py:190} INFO - [2025-06-16T13:59:31.676+0000] {override.py:1912} INFO - Created Permission View: can edit on DAG:example_sensors
[2025-06-16T13:59:31.700+0000] {logging_mixin.py:190} INFO - [2025-06-16T13:59:31.698+0000] {override.py:1912} INFO - Created Permission View: can delete on DAG Run:example_sensors
[2025-06-16T13:59:31.723+0000] {logging_mixin.py:190} INFO - [2025-06-16T13:59:31.722+0000] {override.py:1912} INFO - Created Permission View: can create on DAG Run:example_sensors
[2025-06-16T13:59:31.741+0000] {logging_mixin.py:190} INFO - [2025-06-16T13:59:31.740+0000] {override.py:1912} INFO - Created Permission View: can read on DAG Run:example_sensors
[2025-06-16T13:59:31.763+0000] {logging_mixin.py:190} INFO - [2025-06-16T13:59:31.762+0000] {override.py:1912} INFO - Created Permission View: menu access on DAG Run:example_sensors
[2025-06-16T13:59:31.766+0000] {logging_mixin.py:190} INFO - [2025-06-16T13:59:31.766+0000] {dag.py:3239} INFO - Sync 1 DAGs
[2025-06-16T13:59:31.783+0000] {logging_mixin.py:190} INFO - [2025-06-16T13:59:31.783+0000] {dag.py:3262} INFO - Creating ORM DAG for example_sensors
[2025-06-16T13:59:31.785+0000] {logging_mixin.py:190} INFO - [2025-06-16T13:59:31.785+0000] {dag.py:4180} INFO - Setting next_dagrun for example_sensors to None, run_after=None
[2025-06-16T13:59:31.802+0000] {processor.py:208} INFO - Processing /home/airflow/.local/lib/python3.12/site-packages/airflow/example_dags/example_sensors.py took 0.341 seconds
[2025-06-16T14:00:02.189+0000] {processor.py:186} INFO - Started process (PID=166) to work on /home/airflow/.local/lib/python3.12/site-packages/airflow/example_dags/example_sensors.py
[2025-06-16T14:00:02.190+0000] {processor.py:914} INFO - Processing file /home/airflow/.local/lib/python3.12/site-packages/airflow/example_dags/example_sensors.py for tasks to queue
[2025-06-16T14:00:02.193+0000] {logging_mixin.py:190} INFO - [2025-06-16T14:00:02.193+0000] {dagbag.py:588} INFO - Filling up the DagBag from /home/airflow/.local/lib/python3.12/site-packages/airflow/example_dags/example_sensors.py
[2025-06-16T14:00:02.201+0000] {processor.py:925} INFO - DAG(s) 'example_sensors' retrieved from /home/airflow/.local/lib/python3.12/site-packages/airflow/example_dags/example_sensors.py
[2025-06-16T14:00:02.220+0000] {logging_mixin.py:190} INFO - [2025-06-16T14:00:02.220+0000] {dag.py:3239} INFO - Sync 1 DAGs
[2025-06-16T14:00:02.231+0000] {logging_mixin.py:190} INFO - [2025-06-16T14:00:02.231+0000] {dag.py:4180} INFO - Setting next_dagrun for example_sensors to None, run_after=None
[2025-06-16T14:00:02.244+0000] {processor.py:208} INFO - Processing /home/airflow/.local/lib/python3.12/site-packages/airflow/example_dags/example_sensors.py took 0.060 seconds
[2025-06-16T14:00:32.373+0000] {processor.py:186} INFO - Started process (PID=228) to work on /home/airflow/.local/lib/python3.12/site-packages/airflow/example_dags/example_sensors.py
[2025-06-16T14:00:32.375+0000] {processor.py:914} INFO - Processing file /home/airflow/.local/lib/python3.12/site-packages/airflow/example_dags/example_sensors.py for tasks to queue
[2025-06-16T14:00:32.377+0000] {logging_mixin.py:190} INFO - [2025-06-16T14:00:32.377+0000] {dagbag.py:588} INFO - Filling up the DagBag from /home/airflow/.local/lib/python3.12/site-packages/airflow/example_dags/example_sensors.py
[2025-06-16T14:00:32.384+0000] {processor.py:925} INFO - DAG(s) 'example_sensors' retrieved from /home/airflow/.local/lib/python3.12/site-packages/airflow/example_dags/example_sensors.py
[2025-06-16T14:00:32.401+0000] {logging_mixin.py:190} INFO - [2025-06-16T14:00:32.401+0000] {dag.py:3239} INFO - Sync 1 DAGs
[2025-06-16T14:00:32.410+0000] {logging_mixin.py:190} INFO - [2025-06-16T14:00:32.410+0000] {dag.py:4180} INFO - Setting next_dagrun for example_sensors to None, run_after=None
[2025-06-16T14:00:32.421+0000] {processor.py:208} INFO - Processing /home/airflow/.local/lib/python3.12/site-packages/airflow/example_dags/example_sensors.py took 0.051 seconds
[2025-06-16T14:01:03.188+0000] {processor.py:186} INFO - Started process (PID=290) to work on /home/airflow/.local/lib/python3.12/site-packages/airflow/example_dags/example_sensors.py
[2025-06-16T14:01:03.189+0000] {processor.py:914} INFO - Processing file /home/airflow/.local/lib/python3.12/site-packages/airflow/example_dags/example_sensors.py for tasks to queue
[2025-06-16T14:01:03.191+0000] {logging_mixin.py:190} INFO - [2025-06-16T14:01:03.191+0000] {dagbag.py:588} INFO - Filling up the DagBag from /home/airflow/.local/lib/python3.12/site-packages/airflow/example_dags/example_sensors.py
[2025-06-16T14:01:03.198+0000] {processor.py:925} INFO - DAG(s) 'example_sensors' retrieved from /home/airflow/.local/lib/python3.12/site-packages/airflow/example_dags/example_sensors.py
[2025-06-16T14:01:03.214+0000] {logging_mixin.py:190} INFO - [2025-06-16T14:01:03.213+0000] {dag.py:3239} INFO - Sync 1 DAGs
[2025-06-16T14:01:03.222+0000] {logging_mixin.py:190} INFO - [2025-06-16T14:01:03.222+0000] {dag.py:4180} INFO - Setting next_dagrun for example_sensors to None, run_after=None
[2025-06-16T14:01:03.233+0000] {processor.py:208} INFO - Processing /home/airflow/.local/lib/python3.12/site-packages/airflow/example_dags/example_sensors.py took 0.049 seconds
[2025-06-16T14:01:33.914+0000] {processor.py:186} INFO - Started process (PID=353) to work on /home/airflow/.local/lib/python3.12/site-packages/airflow/example_dags/example_sensors.py
[2025-06-16T14:01:33.917+0000] {processor.py:914} INFO - Processing file /home/airflow/.local/lib/python3.12/site-packages/airflow/example_dags/example_sensors.py for tasks to queue
[2025-06-16T14:01:33.920+0000] {logging_mixin.py:190} INFO - [2025-06-16T14:01:33.920+0000] {dagbag.py:588} INFO - Filling up the DagBag from /home/airflow/.local/lib/python3.12/site-packages/airflow/example_dags/example_sensors.py
[2025-06-16T14:01:33.927+0000] {processor.py:925} INFO - DAG(s) 'example_sensors' retrieved from /home/airflow/.local/lib/python3.12/site-packages/airflow/example_dags/example_sensors.py
[2025-06-16T14:01:33.944+0000] {logging_mixin.py:190} INFO - [2025-06-16T14:01:33.944+0000] {dag.py:3239} INFO - Sync 1 DAGs
[2025-06-16T14:01:33.956+0000] {logging_mixin.py:190} INFO - [2025-06-16T14:01:33.956+0000] {dag.py:4180} INFO - Setting next_dagrun for example_sensors to None, run_after=None
[2025-06-16T14:01:33.972+0000] {processor.py:208} INFO - Processing /home/airflow/.local/lib/python3.12/site-packages/airflow/example_dags/example_sensors.py took 0.063 seconds
[2025-06-16T14:02:04.555+0000] {processor.py:186} INFO - Started process (PID=416) to work on /home/airflow/.local/lib/python3.12/site-packages/airflow/example_dags/example_sensors.py
[2025-06-16T14:02:04.556+0000] {processor.py:914} INFO - Processing file /home/airflow/.local/lib/python3.12/site-packages/airflow/example_dags/example_sensors.py for tasks to queue
[2025-06-16T14:02:04.558+0000] {logging_mixin.py:190} INFO - [2025-06-16T14:02:04.558+0000] {dagbag.py:588} INFO - Filling up the DagBag from /home/airflow/.local/lib/python3.12/site-packages/airflow/example_dags/example_sensors.py
[2025-06-16T14:02:04.567+0000] {processor.py:925} INFO - DAG(s) 'example_sensors' retrieved from /home/airflow/.local/lib/python3.12/site-packages/airflow/example_dags/example_sensors.py
[2025-06-16T14:02:04.586+0000] {logging_mixin.py:190} INFO - [2025-06-16T14:02:04.586+0000] {dag.py:3239} INFO - Sync 1 DAGs
[2025-06-16T14:02:04.595+0000] {logging_mixin.py:190} INFO - [2025-06-16T14:02:04.594+0000] {dag.py:4180} INFO - Setting next_dagrun for example_sensors to None, run_after=None
[2025-06-16T14:02:04.608+0000] {processor.py:208} INFO - Processing /home/airflow/.local/lib/python3.12/site-packages/airflow/example_dags/example_sensors.py took 0.057 seconds
[2025-06-16T14:02:34.737+0000] {processor.py:186} INFO - Started process (PID=477) to work on /home/airflow/.local/lib/python3.12/site-packages/airflow/example_dags/example_sensors.py
[2025-06-16T14:02:34.741+0000] {processor.py:914} INFO - Processing file /home/airflow/.local/lib/python3.12/site-packages/airflow/example_dags/example_sensors.py for tasks to queue
[2025-06-16T14:02:34.750+0000] {logging_mixin.py:190} INFO - [2025-06-16T14:02:34.750+0000] {dagbag.py:588} INFO - Filling up the DagBag from /home/airflow/.local/lib/python3.12/site-packages/airflow/example_dags/example_sensors.py
[2025-06-16T14:02:34.774+0000] {processor.py:925} INFO - DAG(s) 'example_sensors' retrieved from /home/airflow/.local/lib/python3.12/site-packages/airflow/example_dags/example_sensors.py
[2025-06-16T14:02:34.810+0000] {logging_mixin.py:190} INFO - [2025-06-16T14:02:34.810+0000] {dag.py:3239} INFO - Sync 1 DAGs
[2025-06-16T14:02:34.826+0000] {logging_mixin.py:190} INFO - [2025-06-16T14:02:34.825+0000] {dag.py:4180} INFO - Setting next_dagrun for example_sensors to None, run_after=None
[2025-06-16T14:02:34.850+0000] {processor.py:208} INFO - Processing /home/airflow/.local/lib/python3.12/site-packages/airflow/example_dags/example_sensors.py took 0.125 seconds
[2025-06-16T14:05:31.804+0000] {processor.py:186} INFO - Started process (PID=566) to work on /home/airflow/.local/lib/python3.12/site-packages/airflow/example_dags/example_sensors.py
[2025-06-16T14:05:31.806+0000] {processor.py:914} INFO - Processing file /home/airflow/.local/lib/python3.12/site-packages/airflow/example_dags/example_sensors.py for tasks to queue
[2025-06-16T14:05:31.809+0000] {logging_mixin.py:190} INFO - [2025-06-16T14:05:31.808+0000] {dagbag.py:588} INFO - Filling up the DagBag from /home/airflow/.local/lib/python3.12/site-packages/airflow/example_dags/example_sensors.py
[2025-06-16T14:05:31.815+0000] {processor.py:925} INFO - DAG(s) 'example_sensors' retrieved from /home/airflow/.local/lib/python3.12/site-packages/airflow/example_dags/example_sensors.py
[2025-06-16T14:05:31.832+0000] {logging_mixin.py:190} INFO - [2025-06-16T14:05:31.832+0000] {dag.py:3239} INFO - Sync 1 DAGs
[2025-06-16T14:05:31.841+0000] {logging_mixin.py:190} INFO - [2025-06-16T14:05:31.841+0000] {dag.py:4180} INFO - Setting next_dagrun for example_sensors to None, run_after=None
[2025-06-16T14:05:31.857+0000] {processor.py:208} INFO - Processing /home/airflow/.local/lib/python3.12/site-packages/airflow/example_dags/example_sensors.py took 0.056 seconds
[2025-06-16T14:06:02.589+0000] {processor.py:186} INFO - Started process (PID=629) to work on /home/airflow/.local/lib/python3.12/site-packages/airflow/example_dags/example_sensors.py
[2025-06-16T14:06:02.591+0000] {processor.py:914} INFO - Processing file /home/airflow/.local/lib/python3.12/site-packages/airflow/example_dags/example_sensors.py for tasks to queue
[2025-06-16T14:06:02.593+0000] {logging_mixin.py:190} INFO - [2025-06-16T14:06:02.593+0000] {dagbag.py:588} INFO - Filling up the DagBag from /home/airflow/.local/lib/python3.12/site-packages/airflow/example_dags/example_sensors.py
[2025-06-16T14:06:02.603+0000] {processor.py:925} INFO - DAG(s) 'example_sensors' retrieved from /home/airflow/.local/lib/python3.12/site-packages/airflow/example_dags/example_sensors.py
[2025-06-16T14:06:02.621+0000] {logging_mixin.py:190} INFO - [2025-06-16T14:06:02.621+0000] {dag.py:3239} INFO - Sync 1 DAGs
[2025-06-16T14:06:02.634+0000] {logging_mixin.py:190} INFO - [2025-06-16T14:06:02.634+0000] {dag.py:4180} INFO - Setting next_dagrun for example_sensors to None, run_after=None
[2025-06-16T14:06:02.647+0000] {processor.py:208} INFO - Processing /home/airflow/.local/lib/python3.12/site-packages/airflow/example_dags/example_sensors.py took 0.062 seconds
[2025-06-16T14:06:33.304+0000] {processor.py:186} INFO - Started process (PID=692) to work on /home/airflow/.local/lib/python3.12/site-packages/airflow/example_dags/example_sensors.py
[2025-06-16T14:06:33.305+0000] {processor.py:914} INFO - Processing file /home/airflow/.local/lib/python3.12/site-packages/airflow/example_dags/example_sensors.py for tasks to queue
[2025-06-16T14:06:33.307+0000] {logging_mixin.py:190} INFO - [2025-06-16T14:06:33.307+0000] {dagbag.py:588} INFO - Filling up the DagBag from /home/airflow/.local/lib/python3.12/site-packages/airflow/example_dags/example_sensors.py
[2025-06-16T14:06:33.316+0000] {processor.py:925} INFO - DAG(s) 'example_sensors' retrieved from /home/airflow/.local/lib/python3.12/site-packages/airflow/example_dags/example_sensors.py
[2025-06-16T14:06:33.338+0000] {logging_mixin.py:190} INFO - [2025-06-16T14:06:33.338+0000] {dag.py:3239} INFO - Sync 1 DAGs
[2025-06-16T14:06:33.350+0000] {logging_mixin.py:190} INFO - [2025-06-16T14:06:33.350+0000] {dag.py:4180} INFO - Setting next_dagrun for example_sensors to None, run_after=None
[2025-06-16T14:06:33.367+0000] {processor.py:208} INFO - Processing /home/airflow/.local/lib/python3.12/site-packages/airflow/example_dags/example_sensors.py took 0.067 seconds
[2025-06-16T14:07:04.245+0000] {processor.py:186} INFO - Started process (PID=755) to work on /home/airflow/.local/lib/python3.12/site-packages/airflow/example_dags/example_sensors.py
[2025-06-16T14:07:04.247+0000] {processor.py:914} INFO - Processing file /home/airflow/.local/lib/python3.12/site-packages/airflow/example_dags/example_sensors.py for tasks to queue
[2025-06-16T14:07:04.249+0000] {logging_mixin.py:190} INFO - [2025-06-16T14:07:04.249+0000] {dagbag.py:588} INFO - Filling up the DagBag from /home/airflow/.local/lib/python3.12/site-packages/airflow/example_dags/example_sensors.py
[2025-06-16T14:07:04.256+0000] {processor.py:925} INFO - DAG(s) 'example_sensors' retrieved from /home/airflow/.local/lib/python3.12/site-packages/airflow/example_dags/example_sensors.py
[2025-06-16T14:07:04.275+0000] {logging_mixin.py:190} INFO - [2025-06-16T14:07:04.275+0000] {dag.py:3239} INFO - Sync 1 DAGs
[2025-06-16T14:07:04.284+0000] {logging_mixin.py:190} INFO - [2025-06-16T14:07:04.284+0000] {dag.py:4180} INFO - Setting next_dagrun for example_sensors to None, run_after=None
[2025-06-16T14:07:04.304+0000] {processor.py:208} INFO - Processing /home/airflow/.local/lib/python3.12/site-packages/airflow/example_dags/example_sensors.py took 0.063 seconds
[2025-06-16T14:07:35.240+0000] {processor.py:186} INFO - Started process (PID=816) to work on /home/airflow/.local/lib/python3.12/site-packages/airflow/example_dags/example_sensors.py
[2025-06-16T14:07:35.242+0000] {processor.py:914} INFO - Processing file /home/airflow/.local/lib/python3.12/site-packages/airflow/example_dags/example_sensors.py for tasks to queue
[2025-06-16T14:07:35.243+0000] {logging_mixin.py:190} INFO - [2025-06-16T14:07:35.243+0000] {dagbag.py:588} INFO - Filling up the DagBag from /home/airflow/.local/lib/python3.12/site-packages/airflow/example_dags/example_sensors.py
[2025-06-16T14:07:35.250+0000] {processor.py:925} INFO - DAG(s) 'example_sensors' retrieved from /home/airflow/.local/lib/python3.12/site-packages/airflow/example_dags/example_sensors.py
[2025-06-16T14:07:35.267+0000] {logging_mixin.py:190} INFO - [2025-06-16T14:07:35.267+0000] {dag.py:3239} INFO - Sync 1 DAGs
[2025-06-16T14:07:35.276+0000] {logging_mixin.py:190} INFO - [2025-06-16T14:07:35.276+0000] {dag.py:4180} INFO - Setting next_dagrun for example_sensors to None, run_after=None
[2025-06-16T14:07:35.292+0000] {processor.py:208} INFO - Processing /home/airflow/.local/lib/python3.12/site-packages/airflow/example_dags/example_sensors.py took 0.055 seconds
[2025-06-16T14:08:06.296+0000] {processor.py:186} INFO - Started process (PID=878) to work on /home/airflow/.local/lib/python3.12/site-packages/airflow/example_dags/example_sensors.py
[2025-06-16T14:08:06.298+0000] {processor.py:914} INFO - Processing file /home/airflow/.local/lib/python3.12/site-packages/airflow/example_dags/example_sensors.py for tasks to queue
[2025-06-16T14:08:06.301+0000] {logging_mixin.py:190} INFO - [2025-06-16T14:08:06.300+0000] {dagbag.py:588} INFO - Filling up the DagBag from /home/airflow/.local/lib/python3.12/site-packages/airflow/example_dags/example_sensors.py
[2025-06-16T14:08:06.309+0000] {processor.py:925} INFO - DAG(s) 'example_sensors' retrieved from /home/airflow/.local/lib/python3.12/site-packages/airflow/example_dags/example_sensors.py
[2025-06-16T14:08:06.328+0000] {logging_mixin.py:190} INFO - [2025-06-16T14:08:06.328+0000] {dag.py:3239} INFO - Sync 1 DAGs
[2025-06-16T14:08:06.340+0000] {logging_mixin.py:190} INFO - [2025-06-16T14:08:06.340+0000] {dag.py:4180} INFO - Setting next_dagrun for example_sensors to None, run_after=None
[2025-06-16T14:08:06.360+0000] {processor.py:208} INFO - Processing /home/airflow/.local/lib/python3.12/site-packages/airflow/example_dags/example_sensors.py took 0.067 seconds
[2025-06-16T14:08:37.030+0000] {processor.py:186} INFO - Started process (PID=940) to work on /home/airflow/.local/lib/python3.12/site-packages/airflow/example_dags/example_sensors.py
[2025-06-16T14:08:37.032+0000] {processor.py:914} INFO - Processing file /home/airflow/.local/lib/python3.12/site-packages/airflow/example_dags/example_sensors.py for tasks to queue
[2025-06-16T14:08:37.035+0000] {logging_mixin.py:190} INFO - [2025-06-16T14:08:37.035+0000] {dagbag.py:588} INFO - Filling up the DagBag from /home/airflow/.local/lib/python3.12/site-packages/airflow/example_dags/example_sensors.py
[2025-06-16T14:08:37.046+0000] {processor.py:925} INFO - DAG(s) 'example_sensors' retrieved from /home/airflow/.local/lib/python3.12/site-packages/airflow/example_dags/example_sensors.py
[2025-06-16T14:08:37.065+0000] {logging_mixin.py:190} INFO - [2025-06-16T14:08:37.065+0000] {dag.py:3239} INFO - Sync 1 DAGs
[2025-06-16T14:08:37.074+0000] {logging_mixin.py:190} INFO - [2025-06-16T14:08:37.074+0000] {dag.py:4180} INFO - Setting next_dagrun for example_sensors to None, run_after=None
[2025-06-16T14:08:37.086+0000] {processor.py:208} INFO - Processing /home/airflow/.local/lib/python3.12/site-packages/airflow/example_dags/example_sensors.py took 0.060 seconds
[2025-06-16T14:09:08.276+0000] {processor.py:186} INFO - Started process (PID=1004) to work on /home/airflow/.local/lib/python3.12/site-packages/airflow/example_dags/example_sensors.py
[2025-06-16T14:09:08.278+0000] {processor.py:914} INFO - Processing file /home/airflow/.local/lib/python3.12/site-packages/airflow/example_dags/example_sensors.py for tasks to queue
[2025-06-16T14:09:08.280+0000] {logging_mixin.py:190} INFO - [2025-06-16T14:09:08.280+0000] {dagbag.py:588} INFO - Filling up the DagBag from /home/airflow/.local/lib/python3.12/site-packages/airflow/example_dags/example_sensors.py
[2025-06-16T14:09:08.289+0000] {processor.py:925} INFO - DAG(s) 'example_sensors' retrieved from /home/airflow/.local/lib/python3.12/site-packages/airflow/example_dags/example_sensors.py
[2025-06-16T14:09:08.309+0000] {logging_mixin.py:190} INFO - [2025-06-16T14:09:08.309+0000] {dag.py:3239} INFO - Sync 1 DAGs
[2025-06-16T14:09:08.321+0000] {logging_mixin.py:190} INFO - [2025-06-16T14:09:08.321+0000] {dag.py:4180} INFO - Setting next_dagrun for example_sensors to None, run_after=None
[2025-06-16T14:09:08.340+0000] {processor.py:208} INFO - Processing /home/airflow/.local/lib/python3.12/site-packages/airflow/example_dags/example_sensors.py took 0.067 seconds
[2025-06-16T14:09:39.092+0000] {processor.py:186} INFO - Started process (PID=1066) to work on /home/airflow/.local/lib/python3.12/site-packages/airflow/example_dags/example_sensors.py
[2025-06-16T14:09:39.100+0000] {processor.py:914} INFO - Processing file /home/airflow/.local/lib/python3.12/site-packages/airflow/example_dags/example_sensors.py for tasks to queue
[2025-06-16T14:09:39.108+0000] {logging_mixin.py:190} INFO - [2025-06-16T14:09:39.107+0000] {dagbag.py:588} INFO - Filling up the DagBag from /home/airflow/.local/lib/python3.12/site-packages/airflow/example_dags/example_sensors.py
[2025-06-16T14:09:39.135+0000] {processor.py:925} INFO - DAG(s) 'example_sensors' retrieved from /home/airflow/.local/lib/python3.12/site-packages/airflow/example_dags/example_sensors.py
[2025-06-16T14:09:39.162+0000] {logging_mixin.py:190} INFO - [2025-06-16T14:09:39.162+0000] {dag.py:3239} INFO - Sync 1 DAGs
[2025-06-16T14:09:39.172+0000] {logging_mixin.py:190} INFO - [2025-06-16T14:09:39.172+0000] {dag.py:4180} INFO - Setting next_dagrun for example_sensors to None, run_after=None
[2025-06-16T14:09:39.182+0000] {processor.py:208} INFO - Processing /home/airflow/.local/lib/python3.12/site-packages/airflow/example_dags/example_sensors.py took 0.099 seconds
[2025-06-16T14:10:52.065+0000] {processor.py:186} INFO - Started process (PID=1131) to work on /home/airflow/.local/lib/python3.12/site-packages/airflow/example_dags/example_sensors.py
[2025-06-16T14:10:52.066+0000] {processor.py:914} INFO - Processing file /home/airflow/.local/lib/python3.12/site-packages/airflow/example_dags/example_sensors.py for tasks to queue
[2025-06-16T14:10:52.068+0000] {logging_mixin.py:190} INFO - [2025-06-16T14:10:52.068+0000] {dagbag.py:588} INFO - Filling up the DagBag from /home/airflow/.local/lib/python3.12/site-packages/airflow/example_dags/example_sensors.py
[2025-06-16T14:10:52.075+0000] {processor.py:925} INFO - DAG(s) 'example_sensors' retrieved from /home/airflow/.local/lib/python3.12/site-packages/airflow/example_dags/example_sensors.py
[2025-06-16T14:10:52.089+0000] {logging_mixin.py:190} INFO - [2025-06-16T14:10:52.089+0000] {dag.py:3239} INFO - Sync 1 DAGs
[2025-06-16T14:10:52.100+0000] {logging_mixin.py:190} INFO - [2025-06-16T14:10:52.099+0000] {dag.py:4180} INFO - Setting next_dagrun for example_sensors to None, run_after=None
[2025-06-16T14:10:52.111+0000] {processor.py:208} INFO - Processing /home/airflow/.local/lib/python3.12/site-packages/airflow/example_dags/example_sensors.py took 0.049 seconds
[2025-06-16T14:11:43.305+0000] {processor.py:186} INFO - Started process (PID=1194) to work on /home/airflow/.local/lib/python3.12/site-packages/airflow/example_dags/example_sensors.py
[2025-06-16T14:11:43.307+0000] {processor.py:914} INFO - Processing file /home/airflow/.local/lib/python3.12/site-packages/airflow/example_dags/example_sensors.py for tasks to queue
[2025-06-16T14:11:43.312+0000] {logging_mixin.py:190} INFO - [2025-06-16T14:11:43.312+0000] {dagbag.py:588} INFO - Filling up the DagBag from /home/airflow/.local/lib/python3.12/site-packages/airflow/example_dags/example_sensors.py
[2025-06-16T14:11:43.325+0000] {processor.py:925} INFO - DAG(s) 'example_sensors' retrieved from /home/airflow/.local/lib/python3.12/site-packages/airflow/example_dags/example_sensors.py
[2025-06-16T14:11:43.359+0000] {logging_mixin.py:190} INFO - [2025-06-16T14:11:43.359+0000] {dag.py:3239} INFO - Sync 1 DAGs
[2025-06-16T14:11:43.373+0000] {logging_mixin.py:190} INFO - [2025-06-16T14:11:43.373+0000] {dag.py:4180} INFO - Setting next_dagrun for example_sensors to None, run_after=None
[2025-06-16T14:11:43.394+0000] {processor.py:208} INFO - Processing /home/airflow/.local/lib/python3.12/site-packages/airflow/example_dags/example_sensors.py took 0.097 seconds
[2025-06-16T14:12:14.276+0000] {processor.py:186} INFO - Started process (PID=1257) to work on /home/airflow/.local/lib/python3.12/site-packages/airflow/example_dags/example_sensors.py
[2025-06-16T14:12:14.278+0000] {processor.py:914} INFO - Processing file /home/airflow/.local/lib/python3.12/site-packages/airflow/example_dags/example_sensors.py for tasks to queue
[2025-06-16T14:12:14.280+0000] {logging_mixin.py:190} INFO - [2025-06-16T14:12:14.280+0000] {dagbag.py:588} INFO - Filling up the DagBag from /home/airflow/.local/lib/python3.12/site-packages/airflow/example_dags/example_sensors.py
[2025-06-16T14:12:14.288+0000] {processor.py:925} INFO - DAG(s) 'example_sensors' retrieved from /home/airflow/.local/lib/python3.12/site-packages/airflow/example_dags/example_sensors.py
[2025-06-16T14:12:14.304+0000] {logging_mixin.py:190} INFO - [2025-06-16T14:12:14.304+0000] {dag.py:3239} INFO - Sync 1 DAGs
[2025-06-16T14:12:14.313+0000] {logging_mixin.py:190} INFO - [2025-06-16T14:12:14.313+0000] {dag.py:4180} INFO - Setting next_dagrun for example_sensors to None, run_after=None
[2025-06-16T14:12:14.326+0000] {processor.py:208} INFO - Processing /home/airflow/.local/lib/python3.12/site-packages/airflow/example_dags/example_sensors.py took 0.053 seconds
[2025-06-16T14:12:45.006+0000] {processor.py:186} INFO - Started process (PID=1320) to work on /home/airflow/.local/lib/python3.12/site-packages/airflow/example_dags/example_sensors.py
[2025-06-16T14:12:45.007+0000] {processor.py:914} INFO - Processing file /home/airflow/.local/lib/python3.12/site-packages/airflow/example_dags/example_sensors.py for tasks to queue
[2025-06-16T14:12:45.010+0000] {logging_mixin.py:190} INFO - [2025-06-16T14:12:45.009+0000] {dagbag.py:588} INFO - Filling up the DagBag from /home/airflow/.local/lib/python3.12/site-packages/airflow/example_dags/example_sensors.py
[2025-06-16T14:12:45.016+0000] {processor.py:925} INFO - DAG(s) 'example_sensors' retrieved from /home/airflow/.local/lib/python3.12/site-packages/airflow/example_dags/example_sensors.py
[2025-06-16T14:12:45.035+0000] {logging_mixin.py:190} INFO - [2025-06-16T14:12:45.035+0000] {dag.py:3239} INFO - Sync 1 DAGs
[2025-06-16T14:12:45.044+0000] {logging_mixin.py:190} INFO - [2025-06-16T14:12:45.044+0000] {dag.py:4180} INFO - Setting next_dagrun for example_sensors to None, run_after=None
[2025-06-16T14:12:45.056+0000] {processor.py:208} INFO - Processing /home/airflow/.local/lib/python3.12/site-packages/airflow/example_dags/example_sensors.py took 0.054 seconds
[2025-06-16T14:13:15.602+0000] {processor.py:186} INFO - Started process (PID=1383) to work on /home/airflow/.local/lib/python3.12/site-packages/airflow/example_dags/example_sensors.py
[2025-06-16T14:13:15.604+0000] {processor.py:914} INFO - Processing file /home/airflow/.local/lib/python3.12/site-packages/airflow/example_dags/example_sensors.py for tasks to queue
[2025-06-16T14:13:15.606+0000] {logging_mixin.py:190} INFO - [2025-06-16T14:13:15.605+0000] {dagbag.py:588} INFO - Filling up the DagBag from /home/airflow/.local/lib/python3.12/site-packages/airflow/example_dags/example_sensors.py
[2025-06-16T14:13:15.613+0000] {processor.py:925} INFO - DAG(s) 'example_sensors' retrieved from /home/airflow/.local/lib/python3.12/site-packages/airflow/example_dags/example_sensors.py
[2025-06-16T14:13:15.628+0000] {logging_mixin.py:190} INFO - [2025-06-16T14:13:15.628+0000] {dag.py:3239} INFO - Sync 1 DAGs
[2025-06-16T14:13:15.636+0000] {logging_mixin.py:190} INFO - [2025-06-16T14:13:15.636+0000] {dag.py:4180} INFO - Setting next_dagrun for example_sensors to None, run_after=None
[2025-06-16T14:13:15.648+0000] {processor.py:208} INFO - Processing /home/airflow/.local/lib/python3.12/site-packages/airflow/example_dags/example_sensors.py took 0.049 seconds
[2025-06-16T14:13:46.354+0000] {processor.py:186} INFO - Started process (PID=1446) to work on /home/airflow/.local/lib/python3.12/site-packages/airflow/example_dags/example_sensors.py
[2025-06-16T14:13:46.356+0000] {processor.py:914} INFO - Processing file /home/airflow/.local/lib/python3.12/site-packages/airflow/example_dags/example_sensors.py for tasks to queue
[2025-06-16T14:13:46.358+0000] {logging_mixin.py:190} INFO - [2025-06-16T14:13:46.358+0000] {dagbag.py:588} INFO - Filling up the DagBag from /home/airflow/.local/lib/python3.12/site-packages/airflow/example_dags/example_sensors.py
[2025-06-16T14:13:46.367+0000] {processor.py:925} INFO - DAG(s) 'example_sensors' retrieved from /home/airflow/.local/lib/python3.12/site-packages/airflow/example_dags/example_sensors.py
[2025-06-16T14:13:46.388+0000] {logging_mixin.py:190} INFO - [2025-06-16T14:13:46.388+0000] {dag.py:3239} INFO - Sync 1 DAGs
[2025-06-16T14:13:46.397+0000] {logging_mixin.py:190} INFO - [2025-06-16T14:13:46.397+0000] {dag.py:4180} INFO - Setting next_dagrun for example_sensors to None, run_after=None
[2025-06-16T14:13:46.410+0000] {processor.py:208} INFO - Processing /home/airflow/.local/lib/python3.12/site-packages/airflow/example_dags/example_sensors.py took 0.059 seconds
[2025-06-16T14:14:19.727+0000] {processor.py:186} INFO - Started process (PID=1509) to work on /home/airflow/.local/lib/python3.12/site-packages/airflow/example_dags/example_sensors.py
[2025-06-16T14:14:19.781+0000] {processor.py:914} INFO - Processing file /home/airflow/.local/lib/python3.12/site-packages/airflow/example_dags/example_sensors.py for tasks to queue
[2025-06-16T14:14:19.824+0000] {logging_mixin.py:190} INFO - [2025-06-16T14:14:19.820+0000] {dagbag.py:588} INFO - Filling up the DagBag from /home/airflow/.local/lib/python3.12/site-packages/airflow/example_dags/example_sensors.py
[2025-06-16T14:14:19.972+0000] {processor.py:925} INFO - DAG(s) 'example_sensors' retrieved from /home/airflow/.local/lib/python3.12/site-packages/airflow/example_dags/example_sensors.py
[2025-06-16T14:14:20.298+0000] {logging_mixin.py:190} INFO - [2025-06-16T14:14:20.297+0000] {dag.py:3239} INFO - Sync 1 DAGs
[2025-06-16T14:14:20.365+0000] {logging_mixin.py:190} INFO - [2025-06-16T14:14:20.364+0000] {dag.py:4180} INFO - Setting next_dagrun for example_sensors to None, run_after=None
[2025-06-16T14:14:20.402+0000] {processor.py:208} INFO - Processing /home/airflow/.local/lib/python3.12/site-packages/airflow/example_dags/example_sensors.py took 1.154 seconds
[2025-06-16T15:07:19.692+0000] {processor.py:186} INFO - Started process (PID=1572) to work on /home/airflow/.local/lib/python3.12/site-packages/airflow/example_dags/example_sensors.py
[2025-06-16T15:07:19.694+0000] {processor.py:914} INFO - Processing file /home/airflow/.local/lib/python3.12/site-packages/airflow/example_dags/example_sensors.py for tasks to queue
[2025-06-16T15:07:19.696+0000] {logging_mixin.py:190} INFO - [2025-06-16T15:07:19.696+0000] {dagbag.py:588} INFO - Filling up the DagBag from /home/airflow/.local/lib/python3.12/site-packages/airflow/example_dags/example_sensors.py
[2025-06-16T15:07:19.704+0000] {processor.py:925} INFO - DAG(s) 'example_sensors' retrieved from /home/airflow/.local/lib/python3.12/site-packages/airflow/example_dags/example_sensors.py
[2025-06-16T15:07:19.725+0000] {logging_mixin.py:190} INFO - [2025-06-16T15:07:19.725+0000] {dag.py:3239} INFO - Sync 1 DAGs
[2025-06-16T15:07:19.733+0000] {logging_mixin.py:190} INFO - [2025-06-16T15:07:19.733+0000] {dag.py:4180} INFO - Setting next_dagrun for example_sensors to None, run_after=None
[2025-06-16T15:07:19.746+0000] {processor.py:208} INFO - Processing /home/airflow/.local/lib/python3.12/site-packages/airflow/example_dags/example_sensors.py took 0.057 seconds
[2025-06-16T15:57:52.487+0000] {processor.py:186} INFO - Started process (PID=1635) to work on /home/airflow/.local/lib/python3.12/site-packages/airflow/example_dags/example_sensors.py
[2025-06-16T15:57:52.488+0000] {processor.py:914} INFO - Processing file /home/airflow/.local/lib/python3.12/site-packages/airflow/example_dags/example_sensors.py for tasks to queue
[2025-06-16T15:57:52.492+0000] {logging_mixin.py:190} INFO - [2025-06-16T15:57:52.491+0000] {dagbag.py:588} INFO - Filling up the DagBag from /home/airflow/.local/lib/python3.12/site-packages/airflow/example_dags/example_sensors.py
[2025-06-16T15:57:52.504+0000] {processor.py:925} INFO - DAG(s) 'example_sensors' retrieved from /home/airflow/.local/lib/python3.12/site-packages/airflow/example_dags/example_sensors.py
[2025-06-16T15:57:52.529+0000] {logging_mixin.py:190} INFO - [2025-06-16T15:57:52.529+0000] {dag.py:3239} INFO - Sync 1 DAGs
[2025-06-16T15:57:52.541+0000] {logging_mixin.py:190} INFO - [2025-06-16T15:57:52.541+0000] {dag.py:4180} INFO - Setting next_dagrun for example_sensors to None, run_after=None
[2025-06-16T15:57:52.563+0000] {processor.py:208} INFO - Processing /home/airflow/.local/lib/python3.12/site-packages/airflow/example_dags/example_sensors.py took 0.081 seconds
[2025-06-16T17:09:00.020+0000] {processor.py:186} INFO - Started process (PID=1699) to work on /home/airflow/.local/lib/python3.12/site-packages/airflow/example_dags/example_sensors.py
[2025-06-16T17:09:00.031+0000] {processor.py:914} INFO - Processing file /home/airflow/.local/lib/python3.12/site-packages/airflow/example_dags/example_sensors.py for tasks to queue
[2025-06-16T17:09:00.033+0000] {logging_mixin.py:190} INFO - [2025-06-16T17:09:00.033+0000] {dagbag.py:588} INFO - Filling up the DagBag from /home/airflow/.local/lib/python3.12/site-packages/airflow/example_dags/example_sensors.py
[2025-06-16T17:09:00.042+0000] {processor.py:925} INFO - DAG(s) 'example_sensors' retrieved from /home/airflow/.local/lib/python3.12/site-packages/airflow/example_dags/example_sensors.py
[2025-06-16T17:09:00.074+0000] {logging_mixin.py:190} INFO - [2025-06-16T17:09:00.073+0000] {dag.py:3239} INFO - Sync 1 DAGs
[2025-06-16T17:09:00.086+0000] {logging_mixin.py:190} INFO - [2025-06-16T17:09:00.085+0000] {dag.py:4180} INFO - Setting next_dagrun for example_sensors to None, run_after=None
[2025-06-16T17:09:00.102+0000] {processor.py:208} INFO - Processing /home/airflow/.local/lib/python3.12/site-packages/airflow/example_dags/example_sensors.py took 0.088 seconds
[2025-06-16T18:08:39.581+0000] {processor.py:186} INFO - Started process (PID=1762) to work on /home/airflow/.local/lib/python3.12/site-packages/airflow/example_dags/example_sensors.py
[2025-06-16T18:08:39.622+0000] {processor.py:914} INFO - Processing file /home/airflow/.local/lib/python3.12/site-packages/airflow/example_dags/example_sensors.py for tasks to queue
[2025-06-16T18:08:39.682+0000] {logging_mixin.py:190} INFO - [2025-06-16T18:08:39.674+0000] {dagbag.py:588} INFO - Filling up the DagBag from /home/airflow/.local/lib/python3.12/site-packages/airflow/example_dags/example_sensors.py
[2025-06-16T18:08:39.786+0000] {processor.py:925} INFO - DAG(s) 'example_sensors' retrieved from /home/airflow/.local/lib/python3.12/site-packages/airflow/example_dags/example_sensors.py
[2025-06-16T18:08:39.866+0000] {logging_mixin.py:190} INFO - [2025-06-16T18:08:39.866+0000] {dag.py:3239} INFO - Sync 1 DAGs
[2025-06-16T18:08:39.905+0000] {logging_mixin.py:190} INFO - [2025-06-16T18:08:39.905+0000] {dag.py:4180} INFO - Setting next_dagrun for example_sensors to None, run_after=None
[2025-06-16T18:08:39.966+0000] {processor.py:208} INFO - Processing /home/airflow/.local/lib/python3.12/site-packages/airflow/example_dags/example_sensors.py took 0.435 seconds
[2025-06-16T23:58:48.972+0000] {processor.py:186} INFO - Started process (PID=1831) to work on /home/airflow/.local/lib/python3.12/site-packages/airflow/example_dags/example_sensors.py
[2025-06-16T23:58:48.980+0000] {processor.py:914} INFO - Processing file /home/airflow/.local/lib/python3.12/site-packages/airflow/example_dags/example_sensors.py for tasks to queue
[2025-06-16T23:58:48.992+0000] {logging_mixin.py:190} INFO - [2025-06-16T23:58:48.991+0000] {dagbag.py:588} INFO - Filling up the DagBag from /home/airflow/.local/lib/python3.12/site-packages/airflow/example_dags/example_sensors.py
[2025-06-16T23:58:49.034+0000] {processor.py:925} INFO - DAG(s) 'example_sensors' retrieved from /home/airflow/.local/lib/python3.12/site-packages/airflow/example_dags/example_sensors.py
[2025-06-16T23:58:49.124+0000] {logging_mixin.py:190} INFO - [2025-06-16T23:58:49.122+0000] {dag.py:3239} INFO - Sync 1 DAGs
[2025-06-16T23:58:49.203+0000] {logging_mixin.py:190} INFO - [2025-06-16T23:58:49.203+0000] {dag.py:4180} INFO - Setting next_dagrun for example_sensors to None, run_after=None
[2025-06-16T23:58:49.262+0000] {processor.py:208} INFO - Processing /home/airflow/.local/lib/python3.12/site-packages/airflow/example_dags/example_sensors.py took 0.305 seconds
