[2025-06-16T13:59:20.931+0000] {processor.py:186} INFO - Started process (PID=61) to work on /home/airflow/.local/lib/python3.12/site-packages/airflow/example_dags/example_local_kubernetes_executor.py
[2025-06-16T13:59:20.933+0000] {processor.py:914} INFO - Processing file /home/airflow/.local/lib/python3.12/site-packages/airflow/example_dags/example_local_kubernetes_executor.py for tasks to queue
[2025-06-16T13:59:20.935+0000] {logging_mixin.py:190} INFO - [2025-06-16T13:59:20.935+0000] {dagbag.py:588} INFO - Filling up the DagBag from /home/airflow/.local/lib/python3.12/site-packages/airflow/example_dags/example_local_kubernetes_executor.py
[2025-06-16T13:59:20.944+0000] {processor.py:925} INFO - DAG(s) 'example_local_kubernetes_executor' retrieved from /home/airflow/.local/lib/python3.12/site-packages/airflow/example_dags/example_local_kubernetes_executor.py
[2025-06-16T13:59:21.014+0000] {logging_mixin.py:190} INFO - [2025-06-16T13:59:21.014+0000] {override.py:1912} INFO - Created Permission View: can delete on DAG:example_local_kubernetes_executor
[2025-06-16T13:59:21.024+0000] {logging_mixin.py:190} INFO - [2025-06-16T13:59:21.024+0000] {override.py:1912} INFO - Created Permission View: can read on DAG:example_local_kubernetes_executor
[2025-06-16T13:59:21.035+0000] {logging_mixin.py:190} INFO - [2025-06-16T13:59:21.035+0000] {override.py:1912} INFO - Created Permission View: can edit on DAG:example_local_kubernetes_executor
[2025-06-16T13:59:21.046+0000] {logging_mixin.py:190} INFO - [2025-06-16T13:59:21.045+0000] {override.py:1912} INFO - Created Permission View: can delete on DAG Run:example_local_kubernetes_executor
[2025-06-16T13:59:21.053+0000] {logging_mixin.py:190} INFO - [2025-06-16T13:59:21.052+0000] {override.py:1912} INFO - Created Permission View: can create on DAG Run:example_local_kubernetes_executor
[2025-06-16T13:59:21.059+0000] {logging_mixin.py:190} INFO - [2025-06-16T13:59:21.059+0000] {override.py:1912} INFO - Created Permission View: can read on DAG Run:example_local_kubernetes_executor
[2025-06-16T13:59:21.069+0000] {logging_mixin.py:190} INFO - [2025-06-16T13:59:21.068+0000] {override.py:1912} INFO - Created Permission View: menu access on DAG Run:example_local_kubernetes_executor
[2025-06-16T13:59:21.070+0000] {logging_mixin.py:190} INFO - [2025-06-16T13:59:21.070+0000] {dag.py:3239} INFO - Sync 1 DAGs
[2025-06-16T13:59:21.083+0000] {logging_mixin.py:190} INFO - [2025-06-16T13:59:21.083+0000] {dag.py:3262} INFO - Creating ORM DAG for example_local_kubernetes_executor
[2025-06-16T13:59:21.087+0000] {logging_mixin.py:190} INFO - [2025-06-16T13:59:21.086+0000] {dag.py:4180} INFO - Setting next_dagrun for example_local_kubernetes_executor to None, run_after=None
[2025-06-16T13:59:21.105+0000] {processor.py:208} INFO - Processing /home/airflow/.local/lib/python3.12/site-packages/airflow/example_dags/example_local_kubernetes_executor.py took 0.177 seconds
[2025-06-16T13:59:51.779+0000] {processor.py:186} INFO - Started process (PID=130) to work on /home/airflow/.local/lib/python3.12/site-packages/airflow/example_dags/example_local_kubernetes_executor.py
[2025-06-16T13:59:51.780+0000] {processor.py:914} INFO - Processing file /home/airflow/.local/lib/python3.12/site-packages/airflow/example_dags/example_local_kubernetes_executor.py for tasks to queue
[2025-06-16T13:59:51.783+0000] {logging_mixin.py:190} INFO - [2025-06-16T13:59:51.783+0000] {dagbag.py:588} INFO - Filling up the DagBag from /home/airflow/.local/lib/python3.12/site-packages/airflow/example_dags/example_local_kubernetes_executor.py
[2025-06-16T13:59:51.793+0000] {processor.py:925} INFO - DAG(s) 'example_local_kubernetes_executor' retrieved from /home/airflow/.local/lib/python3.12/site-packages/airflow/example_dags/example_local_kubernetes_executor.py
[2025-06-16T13:59:51.812+0000] {logging_mixin.py:190} INFO - [2025-06-16T13:59:51.811+0000] {dag.py:3239} INFO - Sync 1 DAGs
[2025-06-16T13:59:51.823+0000] {logging_mixin.py:190} INFO - [2025-06-16T13:59:51.823+0000] {dag.py:4180} INFO - Setting next_dagrun for example_local_kubernetes_executor to None, run_after=None
[2025-06-16T13:59:51.846+0000] {processor.py:208} INFO - Processing /home/airflow/.local/lib/python3.12/site-packages/airflow/example_dags/example_local_kubernetes_executor.py took 0.071 seconds
[2025-06-16T14:00:22.074+0000] {processor.py:186} INFO - Started process (PID=193) to work on /home/airflow/.local/lib/python3.12/site-packages/airflow/example_dags/example_local_kubernetes_executor.py
[2025-06-16T14:00:22.076+0000] {processor.py:914} INFO - Processing file /home/airflow/.local/lib/python3.12/site-packages/airflow/example_dags/example_local_kubernetes_executor.py for tasks to queue
[2025-06-16T14:00:22.077+0000] {logging_mixin.py:190} INFO - [2025-06-16T14:00:22.077+0000] {dagbag.py:588} INFO - Filling up the DagBag from /home/airflow/.local/lib/python3.12/site-packages/airflow/example_dags/example_local_kubernetes_executor.py
[2025-06-16T14:00:22.088+0000] {processor.py:925} INFO - DAG(s) 'example_local_kubernetes_executor' retrieved from /home/airflow/.local/lib/python3.12/site-packages/airflow/example_dags/example_local_kubernetes_executor.py
[2025-06-16T14:00:22.112+0000] {logging_mixin.py:190} INFO - [2025-06-16T14:00:22.112+0000] {dag.py:3239} INFO - Sync 1 DAGs
[2025-06-16T14:00:22.120+0000] {logging_mixin.py:190} INFO - [2025-06-16T14:00:22.120+0000] {dag.py:4180} INFO - Setting next_dagrun for example_local_kubernetes_executor to None, run_after=None
[2025-06-16T14:00:22.134+0000] {processor.py:208} INFO - Processing /home/airflow/.local/lib/python3.12/site-packages/airflow/example_dags/example_local_kubernetes_executor.py took 0.064 seconds
[2025-06-16T14:00:52.257+0000] {processor.py:186} INFO - Started process (PID=255) to work on /home/airflow/.local/lib/python3.12/site-packages/airflow/example_dags/example_local_kubernetes_executor.py
[2025-06-16T14:00:52.259+0000] {processor.py:914} INFO - Processing file /home/airflow/.local/lib/python3.12/site-packages/airflow/example_dags/example_local_kubernetes_executor.py for tasks to queue
[2025-06-16T14:00:52.260+0000] {logging_mixin.py:190} INFO - [2025-06-16T14:00:52.260+0000] {dagbag.py:588} INFO - Filling up the DagBag from /home/airflow/.local/lib/python3.12/site-packages/airflow/example_dags/example_local_kubernetes_executor.py
[2025-06-16T14:00:52.267+0000] {processor.py:925} INFO - DAG(s) 'example_local_kubernetes_executor' retrieved from /home/airflow/.local/lib/python3.12/site-packages/airflow/example_dags/example_local_kubernetes_executor.py
[2025-06-16T14:00:52.285+0000] {logging_mixin.py:190} INFO - [2025-06-16T14:00:52.284+0000] {dag.py:3239} INFO - Sync 1 DAGs
[2025-06-16T14:00:52.294+0000] {logging_mixin.py:190} INFO - [2025-06-16T14:00:52.294+0000] {dag.py:4180} INFO - Setting next_dagrun for example_local_kubernetes_executor to None, run_after=None
[2025-06-16T14:00:52.308+0000] {processor.py:208} INFO - Processing /home/airflow/.local/lib/python3.12/site-packages/airflow/example_dags/example_local_kubernetes_executor.py took 0.055 seconds
[2025-06-16T14:01:22.718+0000] {processor.py:186} INFO - Started process (PID=318) to work on /home/airflow/.local/lib/python3.12/site-packages/airflow/example_dags/example_local_kubernetes_executor.py
[2025-06-16T14:01:22.721+0000] {processor.py:914} INFO - Processing file /home/airflow/.local/lib/python3.12/site-packages/airflow/example_dags/example_local_kubernetes_executor.py for tasks to queue
[2025-06-16T14:01:22.724+0000] {logging_mixin.py:190} INFO - [2025-06-16T14:01:22.723+0000] {dagbag.py:588} INFO - Filling up the DagBag from /home/airflow/.local/lib/python3.12/site-packages/airflow/example_dags/example_local_kubernetes_executor.py
[2025-06-16T14:01:22.736+0000] {processor.py:925} INFO - DAG(s) 'example_local_kubernetes_executor' retrieved from /home/airflow/.local/lib/python3.12/site-packages/airflow/example_dags/example_local_kubernetes_executor.py
[2025-06-16T14:01:22.764+0000] {logging_mixin.py:190} INFO - [2025-06-16T14:01:22.764+0000] {dag.py:3239} INFO - Sync 1 DAGs
[2025-06-16T14:01:22.778+0000] {logging_mixin.py:190} INFO - [2025-06-16T14:01:22.778+0000] {dag.py:4180} INFO - Setting next_dagrun for example_local_kubernetes_executor to None, run_after=None
[2025-06-16T14:01:22.795+0000] {processor.py:208} INFO - Processing /home/airflow/.local/lib/python3.12/site-packages/airflow/example_dags/example_local_kubernetes_executor.py took 0.082 seconds
[2025-06-16T14:01:53.371+0000] {processor.py:186} INFO - Started process (PID=381) to work on /home/airflow/.local/lib/python3.12/site-packages/airflow/example_dags/example_local_kubernetes_executor.py
[2025-06-16T14:01:53.373+0000] {processor.py:914} INFO - Processing file /home/airflow/.local/lib/python3.12/site-packages/airflow/example_dags/example_local_kubernetes_executor.py for tasks to queue
[2025-06-16T14:01:53.374+0000] {logging_mixin.py:190} INFO - [2025-06-16T14:01:53.374+0000] {dagbag.py:588} INFO - Filling up the DagBag from /home/airflow/.local/lib/python3.12/site-packages/airflow/example_dags/example_local_kubernetes_executor.py
[2025-06-16T14:01:53.381+0000] {processor.py:925} INFO - DAG(s) 'example_local_kubernetes_executor' retrieved from /home/airflow/.local/lib/python3.12/site-packages/airflow/example_dags/example_local_kubernetes_executor.py
[2025-06-16T14:01:53.397+0000] {logging_mixin.py:190} INFO - [2025-06-16T14:01:53.397+0000] {dag.py:3239} INFO - Sync 1 DAGs
[2025-06-16T14:01:53.407+0000] {logging_mixin.py:190} INFO - [2025-06-16T14:01:53.407+0000] {dag.py:4180} INFO - Setting next_dagrun for example_local_kubernetes_executor to None, run_after=None
[2025-06-16T14:01:53.420+0000] {processor.py:208} INFO - Processing /home/airflow/.local/lib/python3.12/site-packages/airflow/example_dags/example_local_kubernetes_executor.py took 0.052 seconds
[2025-06-16T14:02:24.103+0000] {processor.py:186} INFO - Started process (PID=443) to work on /home/airflow/.local/lib/python3.12/site-packages/airflow/example_dags/example_local_kubernetes_executor.py
[2025-06-16T14:02:24.104+0000] {processor.py:914} INFO - Processing file /home/airflow/.local/lib/python3.12/site-packages/airflow/example_dags/example_local_kubernetes_executor.py for tasks to queue
[2025-06-16T14:02:24.106+0000] {logging_mixin.py:190} INFO - [2025-06-16T14:02:24.106+0000] {dagbag.py:588} INFO - Filling up the DagBag from /home/airflow/.local/lib/python3.12/site-packages/airflow/example_dags/example_local_kubernetes_executor.py
[2025-06-16T14:02:24.112+0000] {processor.py:925} INFO - DAG(s) 'example_local_kubernetes_executor' retrieved from /home/airflow/.local/lib/python3.12/site-packages/airflow/example_dags/example_local_kubernetes_executor.py
[2025-06-16T14:02:24.131+0000] {logging_mixin.py:190} INFO - [2025-06-16T14:02:24.131+0000] {dag.py:3239} INFO - Sync 1 DAGs
[2025-06-16T14:02:24.141+0000] {logging_mixin.py:190} INFO - [2025-06-16T14:02:24.140+0000] {dag.py:4180} INFO - Setting next_dagrun for example_local_kubernetes_executor to None, run_after=None
[2025-06-16T14:02:24.156+0000] {processor.py:208} INFO - Processing /home/airflow/.local/lib/python3.12/site-packages/airflow/example_dags/example_local_kubernetes_executor.py took 0.056 seconds
[2025-06-16T14:02:54.770+0000] {processor.py:186} INFO - Started process (PID=506) to work on /home/airflow/.local/lib/python3.12/site-packages/airflow/example_dags/example_local_kubernetes_executor.py
[2025-06-16T14:02:54.771+0000] {processor.py:914} INFO - Processing file /home/airflow/.local/lib/python3.12/site-packages/airflow/example_dags/example_local_kubernetes_executor.py for tasks to queue
[2025-06-16T14:02:54.774+0000] {logging_mixin.py:190} INFO - [2025-06-16T14:02:54.774+0000] {dagbag.py:588} INFO - Filling up the DagBag from /home/airflow/.local/lib/python3.12/site-packages/airflow/example_dags/example_local_kubernetes_executor.py
[2025-06-16T14:02:54.786+0000] {processor.py:925} INFO - DAG(s) 'example_local_kubernetes_executor' retrieved from /home/airflow/.local/lib/python3.12/site-packages/airflow/example_dags/example_local_kubernetes_executor.py
[2025-06-16T14:02:54.803+0000] {logging_mixin.py:190} INFO - [2025-06-16T14:02:54.802+0000] {dag.py:3239} INFO - Sync 1 DAGs
[2025-06-16T14:02:54.812+0000] {logging_mixin.py:190} INFO - [2025-06-16T14:02:54.812+0000] {dag.py:4180} INFO - Setting next_dagrun for example_local_kubernetes_executor to None, run_after=None
[2025-06-16T14:02:54.826+0000] {processor.py:208} INFO - Processing /home/airflow/.local/lib/python3.12/site-packages/airflow/example_dags/example_local_kubernetes_executor.py took 0.060 seconds
[2025-06-16T14:05:29.284+0000] {processor.py:186} INFO - Started process (PID=530) to work on /home/airflow/.local/lib/python3.12/site-packages/airflow/example_dags/example_local_kubernetes_executor.py
[2025-06-16T14:05:29.285+0000] {processor.py:914} INFO - Processing file /home/airflow/.local/lib/python3.12/site-packages/airflow/example_dags/example_local_kubernetes_executor.py for tasks to queue
[2025-06-16T14:05:29.287+0000] {logging_mixin.py:190} INFO - [2025-06-16T14:05:29.287+0000] {dagbag.py:588} INFO - Filling up the DagBag from /home/airflow/.local/lib/python3.12/site-packages/airflow/example_dags/example_local_kubernetes_executor.py
[2025-06-16T14:05:29.297+0000] {processor.py:925} INFO - DAG(s) 'example_local_kubernetes_executor' retrieved from /home/airflow/.local/lib/python3.12/site-packages/airflow/example_dags/example_local_kubernetes_executor.py
[2025-06-16T14:05:29.315+0000] {logging_mixin.py:190} INFO - [2025-06-16T14:05:29.315+0000] {dag.py:3239} INFO - Sync 1 DAGs
[2025-06-16T14:05:29.325+0000] {logging_mixin.py:190} INFO - [2025-06-16T14:05:29.325+0000] {dag.py:4180} INFO - Setting next_dagrun for example_local_kubernetes_executor to None, run_after=None
[2025-06-16T14:05:29.352+0000] {processor.py:208} INFO - Processing /home/airflow/.local/lib/python3.12/site-packages/airflow/example_dags/example_local_kubernetes_executor.py took 0.071 seconds
[2025-06-16T14:06:00.247+0000] {processor.py:186} INFO - Started process (PID=593) to work on /home/airflow/.local/lib/python3.12/site-packages/airflow/example_dags/example_local_kubernetes_executor.py
[2025-06-16T14:06:00.248+0000] {processor.py:914} INFO - Processing file /home/airflow/.local/lib/python3.12/site-packages/airflow/example_dags/example_local_kubernetes_executor.py for tasks to queue
[2025-06-16T14:06:00.251+0000] {logging_mixin.py:190} INFO - [2025-06-16T14:06:00.250+0000] {dagbag.py:588} INFO - Filling up the DagBag from /home/airflow/.local/lib/python3.12/site-packages/airflow/example_dags/example_local_kubernetes_executor.py
[2025-06-16T14:06:00.257+0000] {processor.py:925} INFO - DAG(s) 'example_local_kubernetes_executor' retrieved from /home/airflow/.local/lib/python3.12/site-packages/airflow/example_dags/example_local_kubernetes_executor.py
[2025-06-16T14:06:00.280+0000] {logging_mixin.py:190} INFO - [2025-06-16T14:06:00.280+0000] {dag.py:3239} INFO - Sync 1 DAGs
[2025-06-16T14:06:00.291+0000] {logging_mixin.py:190} INFO - [2025-06-16T14:06:00.291+0000] {dag.py:4180} INFO - Setting next_dagrun for example_local_kubernetes_executor to None, run_after=None
[2025-06-16T14:06:00.305+0000] {processor.py:208} INFO - Processing /home/airflow/.local/lib/python3.12/site-packages/airflow/example_dags/example_local_kubernetes_executor.py took 0.061 seconds
[2025-06-16T14:06:30.974+0000] {processor.py:186} INFO - Started process (PID=656) to work on /home/airflow/.local/lib/python3.12/site-packages/airflow/example_dags/example_local_kubernetes_executor.py
[2025-06-16T14:06:30.976+0000] {processor.py:914} INFO - Processing file /home/airflow/.local/lib/python3.12/site-packages/airflow/example_dags/example_local_kubernetes_executor.py for tasks to queue
[2025-06-16T14:06:30.978+0000] {logging_mixin.py:190} INFO - [2025-06-16T14:06:30.978+0000] {dagbag.py:588} INFO - Filling up the DagBag from /home/airflow/.local/lib/python3.12/site-packages/airflow/example_dags/example_local_kubernetes_executor.py
[2025-06-16T14:06:30.985+0000] {processor.py:925} INFO - DAG(s) 'example_local_kubernetes_executor' retrieved from /home/airflow/.local/lib/python3.12/site-packages/airflow/example_dags/example_local_kubernetes_executor.py
[2025-06-16T14:06:30.999+0000] {logging_mixin.py:190} INFO - [2025-06-16T14:06:30.999+0000] {dag.py:3239} INFO - Sync 1 DAGs
[2025-06-16T14:06:31.011+0000] {logging_mixin.py:190} INFO - [2025-06-16T14:06:31.010+0000] {dag.py:4180} INFO - Setting next_dagrun for example_local_kubernetes_executor to None, run_after=None
[2025-06-16T14:06:31.026+0000] {processor.py:208} INFO - Processing /home/airflow/.local/lib/python3.12/site-packages/airflow/example_dags/example_local_kubernetes_executor.py took 0.055 seconds
[2025-06-16T14:07:01.927+0000] {processor.py:186} INFO - Started process (PID=719) to work on /home/airflow/.local/lib/python3.12/site-packages/airflow/example_dags/example_local_kubernetes_executor.py
[2025-06-16T14:07:01.930+0000] {processor.py:914} INFO - Processing file /home/airflow/.local/lib/python3.12/site-packages/airflow/example_dags/example_local_kubernetes_executor.py for tasks to queue
[2025-06-16T14:07:01.933+0000] {logging_mixin.py:190} INFO - [2025-06-16T14:07:01.932+0000] {dagbag.py:588} INFO - Filling up the DagBag from /home/airflow/.local/lib/python3.12/site-packages/airflow/example_dags/example_local_kubernetes_executor.py
[2025-06-16T14:07:01.945+0000] {processor.py:925} INFO - DAG(s) 'example_local_kubernetes_executor' retrieved from /home/airflow/.local/lib/python3.12/site-packages/airflow/example_dags/example_local_kubernetes_executor.py
[2025-06-16T14:07:01.968+0000] {logging_mixin.py:190} INFO - [2025-06-16T14:07:01.968+0000] {dag.py:3239} INFO - Sync 1 DAGs
[2025-06-16T14:07:01.980+0000] {logging_mixin.py:190} INFO - [2025-06-16T14:07:01.980+0000] {dag.py:4180} INFO - Setting next_dagrun for example_local_kubernetes_executor to None, run_after=None
[2025-06-16T14:07:01.998+0000] {processor.py:208} INFO - Processing /home/airflow/.local/lib/python3.12/site-packages/airflow/example_dags/example_local_kubernetes_executor.py took 0.076 seconds
[2025-06-16T14:07:32.623+0000] {processor.py:186} INFO - Started process (PID=781) to work on /home/airflow/.local/lib/python3.12/site-packages/airflow/example_dags/example_local_kubernetes_executor.py
[2025-06-16T14:07:32.624+0000] {processor.py:914} INFO - Processing file /home/airflow/.local/lib/python3.12/site-packages/airflow/example_dags/example_local_kubernetes_executor.py for tasks to queue
[2025-06-16T14:07:32.628+0000] {logging_mixin.py:190} INFO - [2025-06-16T14:07:32.627+0000] {dagbag.py:588} INFO - Filling up the DagBag from /home/airflow/.local/lib/python3.12/site-packages/airflow/example_dags/example_local_kubernetes_executor.py
[2025-06-16T14:07:32.636+0000] {processor.py:925} INFO - DAG(s) 'example_local_kubernetes_executor' retrieved from /home/airflow/.local/lib/python3.12/site-packages/airflow/example_dags/example_local_kubernetes_executor.py
[2025-06-16T14:07:32.666+0000] {logging_mixin.py:190} INFO - [2025-06-16T14:07:32.666+0000] {dag.py:3239} INFO - Sync 1 DAGs
[2025-06-16T14:07:32.676+0000] {logging_mixin.py:190} INFO - [2025-06-16T14:07:32.676+0000] {dag.py:4180} INFO - Setting next_dagrun for example_local_kubernetes_executor to None, run_after=None
[2025-06-16T14:07:32.690+0000] {processor.py:208} INFO - Processing /home/airflow/.local/lib/python3.12/site-packages/airflow/example_dags/example_local_kubernetes_executor.py took 0.071 seconds
[2025-06-16T14:08:02.980+0000] {processor.py:186} INFO - Started process (PID=843) to work on /home/airflow/.local/lib/python3.12/site-packages/airflow/example_dags/example_local_kubernetes_executor.py
[2025-06-16T14:08:02.982+0000] {processor.py:914} INFO - Processing file /home/airflow/.local/lib/python3.12/site-packages/airflow/example_dags/example_local_kubernetes_executor.py for tasks to queue
[2025-06-16T14:08:02.983+0000] {logging_mixin.py:190} INFO - [2025-06-16T14:08:02.983+0000] {dagbag.py:588} INFO - Filling up the DagBag from /home/airflow/.local/lib/python3.12/site-packages/airflow/example_dags/example_local_kubernetes_executor.py
[2025-06-16T14:08:02.989+0000] {processor.py:925} INFO - DAG(s) 'example_local_kubernetes_executor' retrieved from /home/airflow/.local/lib/python3.12/site-packages/airflow/example_dags/example_local_kubernetes_executor.py
[2025-06-16T14:08:03.004+0000] {logging_mixin.py:190} INFO - [2025-06-16T14:08:03.003+0000] {dag.py:3239} INFO - Sync 1 DAGs
[2025-06-16T14:08:03.014+0000] {logging_mixin.py:190} INFO - [2025-06-16T14:08:03.013+0000] {dag.py:4180} INFO - Setting next_dagrun for example_local_kubernetes_executor to None, run_after=None
[2025-06-16T14:08:03.027+0000] {processor.py:208} INFO - Processing /home/airflow/.local/lib/python3.12/site-packages/airflow/example_dags/example_local_kubernetes_executor.py took 0.052 seconds
[2025-06-16T14:08:33.247+0000] {processor.py:186} INFO - Started process (PID=906) to work on /home/airflow/.local/lib/python3.12/site-packages/airflow/example_dags/example_local_kubernetes_executor.py
[2025-06-16T14:08:33.249+0000] {processor.py:914} INFO - Processing file /home/airflow/.local/lib/python3.12/site-packages/airflow/example_dags/example_local_kubernetes_executor.py for tasks to queue
[2025-06-16T14:08:33.251+0000] {logging_mixin.py:190} INFO - [2025-06-16T14:08:33.251+0000] {dagbag.py:588} INFO - Filling up the DagBag from /home/airflow/.local/lib/python3.12/site-packages/airflow/example_dags/example_local_kubernetes_executor.py
[2025-06-16T14:08:33.259+0000] {processor.py:925} INFO - DAG(s) 'example_local_kubernetes_executor' retrieved from /home/airflow/.local/lib/python3.12/site-packages/airflow/example_dags/example_local_kubernetes_executor.py
[2025-06-16T14:08:33.278+0000] {logging_mixin.py:190} INFO - [2025-06-16T14:08:33.277+0000] {dag.py:3239} INFO - Sync 1 DAGs
[2025-06-16T14:08:33.286+0000] {logging_mixin.py:190} INFO - [2025-06-16T14:08:33.286+0000] {dag.py:4180} INFO - Setting next_dagrun for example_local_kubernetes_executor to None, run_after=None
[2025-06-16T14:08:33.300+0000] {processor.py:208} INFO - Processing /home/airflow/.local/lib/python3.12/site-packages/airflow/example_dags/example_local_kubernetes_executor.py took 0.057 seconds
[2025-06-16T14:09:04.323+0000] {processor.py:186} INFO - Started process (PID=969) to work on /home/airflow/.local/lib/python3.12/site-packages/airflow/example_dags/example_local_kubernetes_executor.py
[2025-06-16T14:09:04.325+0000] {processor.py:914} INFO - Processing file /home/airflow/.local/lib/python3.12/site-packages/airflow/example_dags/example_local_kubernetes_executor.py for tasks to queue
[2025-06-16T14:09:04.327+0000] {logging_mixin.py:190} INFO - [2025-06-16T14:09:04.326+0000] {dagbag.py:588} INFO - Filling up the DagBag from /home/airflow/.local/lib/python3.12/site-packages/airflow/example_dags/example_local_kubernetes_executor.py
[2025-06-16T14:09:04.334+0000] {processor.py:925} INFO - DAG(s) 'example_local_kubernetes_executor' retrieved from /home/airflow/.local/lib/python3.12/site-packages/airflow/example_dags/example_local_kubernetes_executor.py
[2025-06-16T14:09:04.350+0000] {logging_mixin.py:190} INFO - [2025-06-16T14:09:04.350+0000] {dag.py:3239} INFO - Sync 1 DAGs
[2025-06-16T14:09:04.363+0000] {logging_mixin.py:190} INFO - [2025-06-16T14:09:04.363+0000] {dag.py:4180} INFO - Setting next_dagrun for example_local_kubernetes_executor to None, run_after=None
[2025-06-16T14:09:04.381+0000] {processor.py:208} INFO - Processing /home/airflow/.local/lib/python3.12/site-packages/airflow/example_dags/example_local_kubernetes_executor.py took 0.061 seconds
[2025-06-16T14:09:35.258+0000] {processor.py:186} INFO - Started process (PID=1032) to work on /home/airflow/.local/lib/python3.12/site-packages/airflow/example_dags/example_local_kubernetes_executor.py
[2025-06-16T14:09:35.260+0000] {processor.py:914} INFO - Processing file /home/airflow/.local/lib/python3.12/site-packages/airflow/example_dags/example_local_kubernetes_executor.py for tasks to queue
[2025-06-16T14:09:35.262+0000] {logging_mixin.py:190} INFO - [2025-06-16T14:09:35.261+0000] {dagbag.py:588} INFO - Filling up the DagBag from /home/airflow/.local/lib/python3.12/site-packages/airflow/example_dags/example_local_kubernetes_executor.py
[2025-06-16T14:09:35.269+0000] {processor.py:925} INFO - DAG(s) 'example_local_kubernetes_executor' retrieved from /home/airflow/.local/lib/python3.12/site-packages/airflow/example_dags/example_local_kubernetes_executor.py
[2025-06-16T14:09:35.291+0000] {logging_mixin.py:190} INFO - [2025-06-16T14:09:35.291+0000] {dag.py:3239} INFO - Sync 1 DAGs
[2025-06-16T14:09:35.302+0000] {logging_mixin.py:190} INFO - [2025-06-16T14:09:35.302+0000] {dag.py:4180} INFO - Setting next_dagrun for example_local_kubernetes_executor to None, run_after=None
[2025-06-16T14:09:35.314+0000] {processor.py:208} INFO - Processing /home/airflow/.local/lib/python3.12/site-packages/airflow/example_dags/example_local_kubernetes_executor.py took 0.060 seconds
[2025-06-16T14:10:49.478+0000] {processor.py:186} INFO - Started process (PID=1095) to work on /home/airflow/.local/lib/python3.12/site-packages/airflow/example_dags/example_local_kubernetes_executor.py
[2025-06-16T14:10:49.483+0000] {processor.py:914} INFO - Processing file /home/airflow/.local/lib/python3.12/site-packages/airflow/example_dags/example_local_kubernetes_executor.py for tasks to queue
[2025-06-16T14:10:49.490+0000] {logging_mixin.py:190} INFO - [2025-06-16T14:10:49.490+0000] {dagbag.py:588} INFO - Filling up the DagBag from /home/airflow/.local/lib/python3.12/site-packages/airflow/example_dags/example_local_kubernetes_executor.py
[2025-06-16T14:10:49.504+0000] {processor.py:925} INFO - DAG(s) 'example_local_kubernetes_executor' retrieved from /home/airflow/.local/lib/python3.12/site-packages/airflow/example_dags/example_local_kubernetes_executor.py
[2025-06-16T14:10:49.528+0000] {logging_mixin.py:190} INFO - [2025-06-16T14:10:49.528+0000] {dag.py:3239} INFO - Sync 1 DAGs
[2025-06-16T14:10:49.537+0000] {logging_mixin.py:190} INFO - [2025-06-16T14:10:49.537+0000] {dag.py:4180} INFO - Setting next_dagrun for example_local_kubernetes_executor to None, run_after=None
[2025-06-16T14:10:49.551+0000] {processor.py:208} INFO - Processing /home/airflow/.local/lib/python3.12/site-packages/airflow/example_dags/example_local_kubernetes_executor.py took 0.078 seconds
[2025-06-16T14:11:38.526+0000] {processor.py:186} INFO - Started process (PID=1158) to work on /home/airflow/.local/lib/python3.12/site-packages/airflow/example_dags/example_local_kubernetes_executor.py
[2025-06-16T14:11:38.528+0000] {processor.py:914} INFO - Processing file /home/airflow/.local/lib/python3.12/site-packages/airflow/example_dags/example_local_kubernetes_executor.py for tasks to queue
[2025-06-16T14:11:38.531+0000] {logging_mixin.py:190} INFO - [2025-06-16T14:11:38.531+0000] {dagbag.py:588} INFO - Filling up the DagBag from /home/airflow/.local/lib/python3.12/site-packages/airflow/example_dags/example_local_kubernetes_executor.py
[2025-06-16T14:11:38.540+0000] {processor.py:925} INFO - DAG(s) 'example_local_kubernetes_executor' retrieved from /home/airflow/.local/lib/python3.12/site-packages/airflow/example_dags/example_local_kubernetes_executor.py
[2025-06-16T14:11:38.565+0000] {logging_mixin.py:190} INFO - [2025-06-16T14:11:38.565+0000] {dag.py:3239} INFO - Sync 1 DAGs
[2025-06-16T14:11:38.586+0000] {logging_mixin.py:190} INFO - [2025-06-16T14:11:38.586+0000] {dag.py:4180} INFO - Setting next_dagrun for example_local_kubernetes_executor to None, run_after=None
[2025-06-16T14:11:38.616+0000] {processor.py:208} INFO - Processing /home/airflow/.local/lib/python3.12/site-packages/airflow/example_dags/example_local_kubernetes_executor.py took 0.096 seconds
[2025-06-16T14:12:09.254+0000] {processor.py:186} INFO - Started process (PID=1221) to work on /home/airflow/.local/lib/python3.12/site-packages/airflow/example_dags/example_local_kubernetes_executor.py
[2025-06-16T14:12:09.257+0000] {processor.py:914} INFO - Processing file /home/airflow/.local/lib/python3.12/site-packages/airflow/example_dags/example_local_kubernetes_executor.py for tasks to queue
[2025-06-16T14:12:09.260+0000] {logging_mixin.py:190} INFO - [2025-06-16T14:12:09.260+0000] {dagbag.py:588} INFO - Filling up the DagBag from /home/airflow/.local/lib/python3.12/site-packages/airflow/example_dags/example_local_kubernetes_executor.py
[2025-06-16T14:12:09.269+0000] {processor.py:925} INFO - DAG(s) 'example_local_kubernetes_executor' retrieved from /home/airflow/.local/lib/python3.12/site-packages/airflow/example_dags/example_local_kubernetes_executor.py
[2025-06-16T14:12:09.291+0000] {logging_mixin.py:190} INFO - [2025-06-16T14:12:09.291+0000] {dag.py:3239} INFO - Sync 1 DAGs
[2025-06-16T14:12:09.309+0000] {logging_mixin.py:190} INFO - [2025-06-16T14:12:09.308+0000] {dag.py:4180} INFO - Setting next_dagrun for example_local_kubernetes_executor to None, run_after=None
[2025-06-16T14:12:09.337+0000] {processor.py:208} INFO - Processing /home/airflow/.local/lib/python3.12/site-packages/airflow/example_dags/example_local_kubernetes_executor.py took 0.088 seconds
[2025-06-16T14:12:39.553+0000] {processor.py:186} INFO - Started process (PID=1284) to work on /home/airflow/.local/lib/python3.12/site-packages/airflow/example_dags/example_local_kubernetes_executor.py
[2025-06-16T14:12:39.554+0000] {processor.py:914} INFO - Processing file /home/airflow/.local/lib/python3.12/site-packages/airflow/example_dags/example_local_kubernetes_executor.py for tasks to queue
[2025-06-16T14:12:39.557+0000] {logging_mixin.py:190} INFO - [2025-06-16T14:12:39.556+0000] {dagbag.py:588} INFO - Filling up the DagBag from /home/airflow/.local/lib/python3.12/site-packages/airflow/example_dags/example_local_kubernetes_executor.py
[2025-06-16T14:12:39.564+0000] {processor.py:925} INFO - DAG(s) 'example_local_kubernetes_executor' retrieved from /home/airflow/.local/lib/python3.12/site-packages/airflow/example_dags/example_local_kubernetes_executor.py
[2025-06-16T14:12:39.579+0000] {logging_mixin.py:190} INFO - [2025-06-16T14:12:39.579+0000] {dag.py:3239} INFO - Sync 1 DAGs
[2025-06-16T14:12:39.588+0000] {logging_mixin.py:190} INFO - [2025-06-16T14:12:39.587+0000] {dag.py:4180} INFO - Setting next_dagrun for example_local_kubernetes_executor to None, run_after=None
[2025-06-16T14:12:39.602+0000] {processor.py:208} INFO - Processing /home/airflow/.local/lib/python3.12/site-packages/airflow/example_dags/example_local_kubernetes_executor.py took 0.053 seconds
[2025-06-16T14:13:10.285+0000] {processor.py:186} INFO - Started process (PID=1347) to work on /home/airflow/.local/lib/python3.12/site-packages/airflow/example_dags/example_local_kubernetes_executor.py
[2025-06-16T14:13:10.289+0000] {processor.py:914} INFO - Processing file /home/airflow/.local/lib/python3.12/site-packages/airflow/example_dags/example_local_kubernetes_executor.py for tasks to queue
[2025-06-16T14:13:10.292+0000] {logging_mixin.py:190} INFO - [2025-06-16T14:13:10.291+0000] {dagbag.py:588} INFO - Filling up the DagBag from /home/airflow/.local/lib/python3.12/site-packages/airflow/example_dags/example_local_kubernetes_executor.py
[2025-06-16T14:13:10.301+0000] {processor.py:925} INFO - DAG(s) 'example_local_kubernetes_executor' retrieved from /home/airflow/.local/lib/python3.12/site-packages/airflow/example_dags/example_local_kubernetes_executor.py
[2025-06-16T14:13:10.321+0000] {logging_mixin.py:190} INFO - [2025-06-16T14:13:10.320+0000] {dag.py:3239} INFO - Sync 1 DAGs
[2025-06-16T14:13:10.329+0000] {logging_mixin.py:190} INFO - [2025-06-16T14:13:10.329+0000] {dag.py:4180} INFO - Setting next_dagrun for example_local_kubernetes_executor to None, run_after=None
[2025-06-16T14:13:10.341+0000] {processor.py:208} INFO - Processing /home/airflow/.local/lib/python3.12/site-packages/airflow/example_dags/example_local_kubernetes_executor.py took 0.061 seconds
[2025-06-16T14:13:40.902+0000] {processor.py:186} INFO - Started process (PID=1410) to work on /home/airflow/.local/lib/python3.12/site-packages/airflow/example_dags/example_local_kubernetes_executor.py
[2025-06-16T14:13:40.904+0000] {processor.py:914} INFO - Processing file /home/airflow/.local/lib/python3.12/site-packages/airflow/example_dags/example_local_kubernetes_executor.py for tasks to queue
[2025-06-16T14:13:40.906+0000] {logging_mixin.py:190} INFO - [2025-06-16T14:13:40.905+0000] {dagbag.py:588} INFO - Filling up the DagBag from /home/airflow/.local/lib/python3.12/site-packages/airflow/example_dags/example_local_kubernetes_executor.py
[2025-06-16T14:13:40.915+0000] {processor.py:925} INFO - DAG(s) 'example_local_kubernetes_executor' retrieved from /home/airflow/.local/lib/python3.12/site-packages/airflow/example_dags/example_local_kubernetes_executor.py
[2025-06-16T14:13:40.934+0000] {logging_mixin.py:190} INFO - [2025-06-16T14:13:40.934+0000] {dag.py:3239} INFO - Sync 1 DAGs
[2025-06-16T14:13:40.943+0000] {logging_mixin.py:190} INFO - [2025-06-16T14:13:40.943+0000] {dag.py:4180} INFO - Setting next_dagrun for example_local_kubernetes_executor to None, run_after=None
[2025-06-16T14:13:40.961+0000] {processor.py:208} INFO - Processing /home/airflow/.local/lib/python3.12/site-packages/airflow/example_dags/example_local_kubernetes_executor.py took 0.062 seconds
[2025-06-16T14:14:11.681+0000] {processor.py:186} INFO - Started process (PID=1473) to work on /home/airflow/.local/lib/python3.12/site-packages/airflow/example_dags/example_local_kubernetes_executor.py
[2025-06-16T14:14:11.684+0000] {processor.py:914} INFO - Processing file /home/airflow/.local/lib/python3.12/site-packages/airflow/example_dags/example_local_kubernetes_executor.py for tasks to queue
[2025-06-16T14:14:11.685+0000] {logging_mixin.py:190} INFO - [2025-06-16T14:14:11.685+0000] {dagbag.py:588} INFO - Filling up the DagBag from /home/airflow/.local/lib/python3.12/site-packages/airflow/example_dags/example_local_kubernetes_executor.py
[2025-06-16T14:14:11.694+0000] {processor.py:925} INFO - DAG(s) 'example_local_kubernetes_executor' retrieved from /home/airflow/.local/lib/python3.12/site-packages/airflow/example_dags/example_local_kubernetes_executor.py
[2025-06-16T14:14:11.710+0000] {logging_mixin.py:190} INFO - [2025-06-16T14:14:11.710+0000] {dag.py:3239} INFO - Sync 1 DAGs
[2025-06-16T14:14:11.719+0000] {logging_mixin.py:190} INFO - [2025-06-16T14:14:11.719+0000] {dag.py:4180} INFO - Setting next_dagrun for example_local_kubernetes_executor to None, run_after=None
[2025-06-16T14:14:11.736+0000] {processor.py:208} INFO - Processing /home/airflow/.local/lib/python3.12/site-packages/airflow/example_dags/example_local_kubernetes_executor.py took 0.058 seconds
[2025-06-16T15:07:17.448+0000] {processor.py:186} INFO - Started process (PID=1536) to work on /home/airflow/.local/lib/python3.12/site-packages/airflow/example_dags/example_local_kubernetes_executor.py
[2025-06-16T15:07:17.449+0000] {processor.py:914} INFO - Processing file /home/airflow/.local/lib/python3.12/site-packages/airflow/example_dags/example_local_kubernetes_executor.py for tasks to queue
[2025-06-16T15:07:17.450+0000] {logging_mixin.py:190} INFO - [2025-06-16T15:07:17.450+0000] {dagbag.py:588} INFO - Filling up the DagBag from /home/airflow/.local/lib/python3.12/site-packages/airflow/example_dags/example_local_kubernetes_executor.py
[2025-06-16T15:07:17.457+0000] {processor.py:925} INFO - DAG(s) 'example_local_kubernetes_executor' retrieved from /home/airflow/.local/lib/python3.12/site-packages/airflow/example_dags/example_local_kubernetes_executor.py
[2025-06-16T15:07:17.469+0000] {logging_mixin.py:190} INFO - [2025-06-16T15:07:17.469+0000] {dag.py:3239} INFO - Sync 1 DAGs
[2025-06-16T15:07:17.477+0000] {logging_mixin.py:190} INFO - [2025-06-16T15:07:17.477+0000] {dag.py:4180} INFO - Setting next_dagrun for example_local_kubernetes_executor to None, run_after=None
[2025-06-16T15:07:17.487+0000] {processor.py:208} INFO - Processing /home/airflow/.local/lib/python3.12/site-packages/airflow/example_dags/example_local_kubernetes_executor.py took 0.042 seconds
[2025-06-16T15:57:45.963+0000] {processor.py:186} INFO - Started process (PID=1599) to work on /home/airflow/.local/lib/python3.12/site-packages/airflow/example_dags/example_local_kubernetes_executor.py
[2025-06-16T15:57:45.967+0000] {processor.py:914} INFO - Processing file /home/airflow/.local/lib/python3.12/site-packages/airflow/example_dags/example_local_kubernetes_executor.py for tasks to queue
[2025-06-16T15:57:45.972+0000] {logging_mixin.py:190} INFO - [2025-06-16T15:57:45.971+0000] {dagbag.py:588} INFO - Filling up the DagBag from /home/airflow/.local/lib/python3.12/site-packages/airflow/example_dags/example_local_kubernetes_executor.py
[2025-06-16T15:57:46.006+0000] {processor.py:925} INFO - DAG(s) 'example_local_kubernetes_executor' retrieved from /home/airflow/.local/lib/python3.12/site-packages/airflow/example_dags/example_local_kubernetes_executor.py
[2025-06-16T15:57:46.042+0000] {logging_mixin.py:190} INFO - [2025-06-16T15:57:46.042+0000] {dag.py:3239} INFO - Sync 1 DAGs
[2025-06-16T15:57:46.061+0000] {logging_mixin.py:190} INFO - [2025-06-16T15:57:46.061+0000] {dag.py:4180} INFO - Setting next_dagrun for example_local_kubernetes_executor to None, run_after=None
[2025-06-16T15:57:46.084+0000] {processor.py:208} INFO - Processing /home/airflow/.local/lib/python3.12/site-packages/airflow/example_dags/example_local_kubernetes_executor.py took 0.132 seconds
[2025-06-16T17:08:52.050+0000] {processor.py:186} INFO - Started process (PID=1663) to work on /home/airflow/.local/lib/python3.12/site-packages/airflow/example_dags/example_local_kubernetes_executor.py
[2025-06-16T17:08:52.052+0000] {processor.py:914} INFO - Processing file /home/airflow/.local/lib/python3.12/site-packages/airflow/example_dags/example_local_kubernetes_executor.py for tasks to queue
[2025-06-16T17:08:52.054+0000] {logging_mixin.py:190} INFO - [2025-06-16T17:08:52.054+0000] {dagbag.py:588} INFO - Filling up the DagBag from /home/airflow/.local/lib/python3.12/site-packages/airflow/example_dags/example_local_kubernetes_executor.py
[2025-06-16T17:08:52.068+0000] {processor.py:925} INFO - DAG(s) 'example_local_kubernetes_executor' retrieved from /home/airflow/.local/lib/python3.12/site-packages/airflow/example_dags/example_local_kubernetes_executor.py
[2025-06-16T17:08:52.095+0000] {logging_mixin.py:190} INFO - [2025-06-16T17:08:52.095+0000] {dag.py:3239} INFO - Sync 1 DAGs
[2025-06-16T17:08:52.111+0000] {logging_mixin.py:190} INFO - [2025-06-16T17:08:52.111+0000] {dag.py:4180} INFO - Setting next_dagrun for example_local_kubernetes_executor to None, run_after=None
[2025-06-16T17:08:52.130+0000] {processor.py:208} INFO - Processing /home/airflow/.local/lib/python3.12/site-packages/airflow/example_dags/example_local_kubernetes_executor.py took 0.084 seconds
[2025-06-16T18:08:23.845+0000] {processor.py:186} INFO - Started process (PID=1726) to work on /home/airflow/.local/lib/python3.12/site-packages/airflow/example_dags/example_local_kubernetes_executor.py
[2025-06-16T18:08:23.848+0000] {processor.py:914} INFO - Processing file /home/airflow/.local/lib/python3.12/site-packages/airflow/example_dags/example_local_kubernetes_executor.py for tasks to queue
[2025-06-16T18:08:23.851+0000] {logging_mixin.py:190} INFO - [2025-06-16T18:08:23.851+0000] {dagbag.py:588} INFO - Filling up the DagBag from /home/airflow/.local/lib/python3.12/site-packages/airflow/example_dags/example_local_kubernetes_executor.py
[2025-06-16T18:08:23.866+0000] {processor.py:925} INFO - DAG(s) 'example_local_kubernetes_executor' retrieved from /home/airflow/.local/lib/python3.12/site-packages/airflow/example_dags/example_local_kubernetes_executor.py
[2025-06-16T18:08:23.898+0000] {logging_mixin.py:190} INFO - [2025-06-16T18:08:23.898+0000] {dag.py:3239} INFO - Sync 1 DAGs
[2025-06-16T18:08:23.921+0000] {logging_mixin.py:190} INFO - [2025-06-16T18:08:23.920+0000] {dag.py:4180} INFO - Setting next_dagrun for example_local_kubernetes_executor to None, run_after=None
[2025-06-16T18:08:23.947+0000] {processor.py:208} INFO - Processing /home/airflow/.local/lib/python3.12/site-packages/airflow/example_dags/example_local_kubernetes_executor.py took 0.106 seconds
[2025-06-16T19:23:08.389+0000] {processor.py:186} INFO - Started process (PID=1789) to work on /home/airflow/.local/lib/python3.12/site-packages/airflow/example_dags/example_local_kubernetes_executor.py
[2025-06-16T19:23:08.397+0000] {processor.py:914} INFO - Processing file /home/airflow/.local/lib/python3.12/site-packages/airflow/example_dags/example_local_kubernetes_executor.py for tasks to queue
[2025-06-16T19:23:08.409+0000] {logging_mixin.py:190} INFO - [2025-06-16T19:23:08.406+0000] {dagbag.py:588} INFO - Filling up the DagBag from /home/airflow/.local/lib/python3.12/site-packages/airflow/example_dags/example_local_kubernetes_executor.py
[2025-06-16T19:23:08.473+0000] {processor.py:925} INFO - DAG(s) 'example_local_kubernetes_executor' retrieved from /home/airflow/.local/lib/python3.12/site-packages/airflow/example_dags/example_local_kubernetes_executor.py
[2025-06-16T19:23:08.538+0000] {logging_mixin.py:190} INFO - [2025-06-16T19:23:08.538+0000] {dag.py:3239} INFO - Sync 1 DAGs
[2025-06-16T19:23:08.573+0000] {logging_mixin.py:190} INFO - [2025-06-16T19:23:08.573+0000] {dag.py:4180} INFO - Setting next_dagrun for example_local_kubernetes_executor to None, run_after=None
[2025-06-16T19:23:08.614+0000] {processor.py:208} INFO - Processing /home/airflow/.local/lib/python3.12/site-packages/airflow/example_dags/example_local_kubernetes_executor.py took 0.249 seconds
