[2025-06-16T13:59:21.867+0000] {processor.py:186} INFO - Started process (PID=72) to work on /home/airflow/.local/lib/python3.12/site-packages/airflow/example_dags/example_dataset_alias.py
[2025-06-16T13:59:21.870+0000] {processor.py:914} INFO - Processing file /home/airflow/.local/lib/python3.12/site-packages/airflow/example_dags/example_dataset_alias.py for tasks to queue
[2025-06-16T13:59:21.877+0000] {logging_mixin.py:190} INFO - [2025-06-16T13:59:21.876+0000] {dagbag.py:588} INFO - Filling up the DagBag from /home/airflow/.local/lib/python3.12/site-packages/airflow/example_dags/example_dataset_alias.py
[2025-06-16T13:59:23.980+0000] {processor.py:925} INFO - DAG(s) 'dataset_alias_example_alias_consumer', 'dataset_s3_bucket_consumer', 'dataset_s3_bucket_producer', 'dataset_alias_example_alias_producer' retrieved from /home/airflow/.local/lib/python3.12/site-packages/airflow/example_dags/example_dataset_alias.py
[2025-06-16T13:59:24.119+0000] {logging_mixin.py:190} INFO - [2025-06-16T13:59:24.110+0000] {override.py:1912} INFO - Created Permission View: can delete on DAG:dataset_alias_example_alias_consumer
[2025-06-16T13:59:24.166+0000] {logging_mixin.py:190} INFO - [2025-06-16T13:59:24.163+0000] {override.py:1912} INFO - Created Permission View: can read on DAG:dataset_alias_example_alias_consumer
[2025-06-16T13:59:24.247+0000] {logging_mixin.py:190} INFO - [2025-06-16T13:59:24.247+0000] {override.py:1912} INFO - Created Permission View: can edit on DAG:dataset_alias_example_alias_consumer
[2025-06-16T13:59:24.271+0000] {logging_mixin.py:190} INFO - [2025-06-16T13:59:24.270+0000] {override.py:1912} INFO - Created Permission View: can delete on DAG Run:dataset_alias_example_alias_consumer
[2025-06-16T13:59:24.294+0000] {logging_mixin.py:190} INFO - [2025-06-16T13:59:24.293+0000] {override.py:1912} INFO - Created Permission View: can create on DAG Run:dataset_alias_example_alias_consumer
[2025-06-16T13:59:24.315+0000] {logging_mixin.py:190} INFO - [2025-06-16T13:59:24.315+0000] {override.py:1912} INFO - Created Permission View: can read on DAG Run:dataset_alias_example_alias_consumer
[2025-06-16T13:59:24.333+0000] {logging_mixin.py:190} INFO - [2025-06-16T13:59:24.332+0000] {override.py:1912} INFO - Created Permission View: menu access on DAG Run:dataset_alias_example_alias_consumer
[2025-06-16T13:59:24.362+0000] {logging_mixin.py:190} INFO - [2025-06-16T13:59:24.361+0000] {override.py:1912} INFO - Created Permission View: can delete on DAG:dataset_s3_bucket_consumer
[2025-06-16T13:59:24.381+0000] {logging_mixin.py:190} INFO - [2025-06-16T13:59:24.381+0000] {override.py:1912} INFO - Created Permission View: can read on DAG:dataset_s3_bucket_consumer
[2025-06-16T13:59:24.405+0000] {logging_mixin.py:190} INFO - [2025-06-16T13:59:24.405+0000] {override.py:1912} INFO - Created Permission View: can edit on DAG:dataset_s3_bucket_consumer
[2025-06-16T13:59:24.424+0000] {logging_mixin.py:190} INFO - [2025-06-16T13:59:24.424+0000] {override.py:1912} INFO - Created Permission View: can delete on DAG Run:dataset_s3_bucket_consumer
[2025-06-16T13:59:24.443+0000] {logging_mixin.py:190} INFO - [2025-06-16T13:59:24.442+0000] {override.py:1912} INFO - Created Permission View: can create on DAG Run:dataset_s3_bucket_consumer
[2025-06-16T13:59:24.455+0000] {logging_mixin.py:190} INFO - [2025-06-16T13:59:24.454+0000] {override.py:1912} INFO - Created Permission View: can read on DAG Run:dataset_s3_bucket_consumer
[2025-06-16T13:59:24.479+0000] {logging_mixin.py:190} INFO - [2025-06-16T13:59:24.478+0000] {override.py:1912} INFO - Created Permission View: menu access on DAG Run:dataset_s3_bucket_consumer
[2025-06-16T13:59:24.509+0000] {logging_mixin.py:190} INFO - [2025-06-16T13:59:24.509+0000] {override.py:1912} INFO - Created Permission View: can delete on DAG:dataset_s3_bucket_producer
[2025-06-16T13:59:24.530+0000] {logging_mixin.py:190} INFO - [2025-06-16T13:59:24.529+0000] {override.py:1912} INFO - Created Permission View: can read on DAG:dataset_s3_bucket_producer
[2025-06-16T13:59:24.544+0000] {logging_mixin.py:190} INFO - [2025-06-16T13:59:24.544+0000] {override.py:1912} INFO - Created Permission View: can edit on DAG:dataset_s3_bucket_producer
[2025-06-16T13:59:24.570+0000] {logging_mixin.py:190} INFO - [2025-06-16T13:59:24.569+0000] {override.py:1912} INFO - Created Permission View: can delete on DAG Run:dataset_s3_bucket_producer
[2025-06-16T13:59:24.590+0000] {logging_mixin.py:190} INFO - [2025-06-16T13:59:24.589+0000] {override.py:1912} INFO - Created Permission View: can create on DAG Run:dataset_s3_bucket_producer
[2025-06-16T13:59:24.606+0000] {logging_mixin.py:190} INFO - [2025-06-16T13:59:24.605+0000] {override.py:1912} INFO - Created Permission View: can read on DAG Run:dataset_s3_bucket_producer
[2025-06-16T13:59:24.623+0000] {logging_mixin.py:190} INFO - [2025-06-16T13:59:24.623+0000] {override.py:1912} INFO - Created Permission View: menu access on DAG Run:dataset_s3_bucket_producer
[2025-06-16T13:59:24.650+0000] {logging_mixin.py:190} INFO - [2025-06-16T13:59:24.649+0000] {override.py:1912} INFO - Created Permission View: can delete on DAG:dataset_alias_example_alias_producer
[2025-06-16T13:59:24.677+0000] {logging_mixin.py:190} INFO - [2025-06-16T13:59:24.677+0000] {override.py:1912} INFO - Created Permission View: can read on DAG:dataset_alias_example_alias_producer
[2025-06-16T13:59:24.691+0000] {logging_mixin.py:190} INFO - [2025-06-16T13:59:24.690+0000] {override.py:1912} INFO - Created Permission View: can edit on DAG:dataset_alias_example_alias_producer
[2025-06-16T13:59:24.711+0000] {logging_mixin.py:190} INFO - [2025-06-16T13:59:24.711+0000] {override.py:1912} INFO - Created Permission View: can delete on DAG Run:dataset_alias_example_alias_producer
[2025-06-16T13:59:24.728+0000] {logging_mixin.py:190} INFO - [2025-06-16T13:59:24.727+0000] {override.py:1912} INFO - Created Permission View: can create on DAG Run:dataset_alias_example_alias_producer
[2025-06-16T13:59:24.743+0000] {logging_mixin.py:190} INFO - [2025-06-16T13:59:24.742+0000] {override.py:1912} INFO - Created Permission View: can read on DAG Run:dataset_alias_example_alias_producer
[2025-06-16T13:59:24.771+0000] {logging_mixin.py:190} INFO - [2025-06-16T13:59:24.770+0000] {override.py:1912} INFO - Created Permission View: menu access on DAG Run:dataset_alias_example_alias_producer
[2025-06-16T13:59:24.793+0000] {logging_mixin.py:190} INFO - [2025-06-16T13:59:24.780+0000] {dag.py:3239} INFO - Sync 4 DAGs
[2025-06-16T13:59:24.830+0000] {logging_mixin.py:190} INFO - [2025-06-16T13:59:24.829+0000] {dag.py:3262} INFO - Creating ORM DAG for dataset_s3_bucket_consumer
[2025-06-16T13:59:24.832+0000] {logging_mixin.py:190} INFO - [2025-06-16T13:59:24.832+0000] {dag.py:3262} INFO - Creating ORM DAG for dataset_alias_example_alias_producer
[2025-06-16T13:59:24.835+0000] {logging_mixin.py:190} INFO - [2025-06-16T13:59:24.835+0000] {dag.py:3262} INFO - Creating ORM DAG for dataset_alias_example_alias_consumer
[2025-06-16T13:59:24.839+0000] {logging_mixin.py:190} INFO - [2025-06-16T13:59:24.839+0000] {dag.py:3262} INFO - Creating ORM DAG for dataset_s3_bucket_producer
[2025-06-16T13:59:24.858+0000] {logging_mixin.py:190} INFO - [2025-06-16T13:59:24.858+0000] {dag.py:4180} INFO - Setting next_dagrun for dataset_alias_example_alias_consumer to None, run_after=None
[2025-06-16T13:59:24.866+0000] {logging_mixin.py:190} INFO - [2025-06-16T13:59:24.866+0000] {dag.py:4180} INFO - Setting next_dagrun for dataset_alias_example_alias_producer to None, run_after=None
[2025-06-16T13:59:24.870+0000] {logging_mixin.py:190} INFO - [2025-06-16T13:59:24.869+0000] {dag.py:4180} INFO - Setting next_dagrun for dataset_s3_bucket_consumer to None, run_after=None
[2025-06-16T13:59:24.874+0000] {logging_mixin.py:190} INFO - [2025-06-16T13:59:24.873+0000] {dag.py:4180} INFO - Setting next_dagrun for dataset_s3_bucket_producer to None, run_after=None
[2025-06-16T13:59:24.945+0000] {processor.py:208} INFO - Processing /home/airflow/.local/lib/python3.12/site-packages/airflow/example_dags/example_dataset_alias.py took 3.082 seconds
[2025-06-16T13:59:55.268+0000] {processor.py:186} INFO - Started process (PID=139) to work on /home/airflow/.local/lib/python3.12/site-packages/airflow/example_dags/example_dataset_alias.py
[2025-06-16T13:59:55.272+0000] {processor.py:914} INFO - Processing file /home/airflow/.local/lib/python3.12/site-packages/airflow/example_dags/example_dataset_alias.py for tasks to queue
[2025-06-16T13:59:55.276+0000] {logging_mixin.py:190} INFO - [2025-06-16T13:59:55.276+0000] {dagbag.py:588} INFO - Filling up the DagBag from /home/airflow/.local/lib/python3.12/site-packages/airflow/example_dags/example_dataset_alias.py
[2025-06-16T13:59:55.824+0000] {processor.py:925} INFO - DAG(s) 'dataset_s3_bucket_producer', 'dataset_s3_bucket_consumer', 'dataset_alias_example_alias_producer', 'dataset_alias_example_alias_consumer' retrieved from /home/airflow/.local/lib/python3.12/site-packages/airflow/example_dags/example_dataset_alias.py
[2025-06-16T13:59:55.837+0000] {logging_mixin.py:190} INFO - [2025-06-16T13:59:55.837+0000] {dag.py:3239} INFO - Sync 4 DAGs
[2025-06-16T13:59:55.852+0000] {logging_mixin.py:190} INFO - [2025-06-16T13:59:55.852+0000] {dag.py:4180} INFO - Setting next_dagrun for dataset_alias_example_alias_consumer to None, run_after=None
[2025-06-16T13:59:55.855+0000] {logging_mixin.py:190} INFO - [2025-06-16T13:59:55.855+0000] {dag.py:4180} INFO - Setting next_dagrun for dataset_alias_example_alias_producer to None, run_after=None
[2025-06-16T13:59:55.857+0000] {logging_mixin.py:190} INFO - [2025-06-16T13:59:55.857+0000] {dag.py:4180} INFO - Setting next_dagrun for dataset_s3_bucket_consumer to None, run_after=None
[2025-06-16T13:59:55.859+0000] {logging_mixin.py:190} INFO - [2025-06-16T13:59:55.859+0000] {dag.py:4180} INFO - Setting next_dagrun for dataset_s3_bucket_producer to None, run_after=None
[2025-06-16T13:59:55.872+0000] {processor.py:208} INFO - Processing /home/airflow/.local/lib/python3.12/site-packages/airflow/example_dags/example_dataset_alias.py took 0.616 seconds
[2025-06-16T14:00:26.659+0000] {processor.py:186} INFO - Started process (PID=205) to work on /home/airflow/.local/lib/python3.12/site-packages/airflow/example_dags/example_dataset_alias.py
[2025-06-16T14:00:26.662+0000] {processor.py:914} INFO - Processing file /home/airflow/.local/lib/python3.12/site-packages/airflow/example_dags/example_dataset_alias.py for tasks to queue
[2025-06-16T14:00:26.666+0000] {logging_mixin.py:190} INFO - [2025-06-16T14:00:26.665+0000] {dagbag.py:588} INFO - Filling up the DagBag from /home/airflow/.local/lib/python3.12/site-packages/airflow/example_dags/example_dataset_alias.py
[2025-06-16T14:00:27.087+0000] {processor.py:925} INFO - DAG(s) 'dataset_alias_example_alias_consumer', 'dataset_s3_bucket_producer', 'dataset_s3_bucket_consumer', 'dataset_alias_example_alias_producer' retrieved from /home/airflow/.local/lib/python3.12/site-packages/airflow/example_dags/example_dataset_alias.py
[2025-06-16T14:00:27.097+0000] {logging_mixin.py:190} INFO - [2025-06-16T14:00:27.097+0000] {dag.py:3239} INFO - Sync 4 DAGs
[2025-06-16T14:00:27.109+0000] {logging_mixin.py:190} INFO - [2025-06-16T14:00:27.109+0000] {dag.py:4180} INFO - Setting next_dagrun for dataset_alias_example_alias_consumer to None, run_after=None
[2025-06-16T14:00:27.111+0000] {logging_mixin.py:190} INFO - [2025-06-16T14:00:27.111+0000] {dag.py:4180} INFO - Setting next_dagrun for dataset_alias_example_alias_producer to None, run_after=None
[2025-06-16T14:00:27.113+0000] {logging_mixin.py:190} INFO - [2025-06-16T14:00:27.112+0000] {dag.py:4180} INFO - Setting next_dagrun for dataset_s3_bucket_consumer to None, run_after=None
[2025-06-16T14:00:27.114+0000] {logging_mixin.py:190} INFO - [2025-06-16T14:00:27.114+0000] {dag.py:4180} INFO - Setting next_dagrun for dataset_s3_bucket_producer to None, run_after=None
[2025-06-16T14:00:27.124+0000] {processor.py:208} INFO - Processing /home/airflow/.local/lib/python3.12/site-packages/airflow/example_dags/example_dataset_alias.py took 0.473 seconds
[2025-06-16T14:00:57.877+0000] {processor.py:186} INFO - Started process (PID=269) to work on /home/airflow/.local/lib/python3.12/site-packages/airflow/example_dags/example_dataset_alias.py
[2025-06-16T14:00:57.880+0000] {processor.py:914} INFO - Processing file /home/airflow/.local/lib/python3.12/site-packages/airflow/example_dags/example_dataset_alias.py for tasks to queue
[2025-06-16T14:00:57.883+0000] {logging_mixin.py:190} INFO - [2025-06-16T14:00:57.883+0000] {dagbag.py:588} INFO - Filling up the DagBag from /home/airflow/.local/lib/python3.12/site-packages/airflow/example_dags/example_dataset_alias.py
[2025-06-16T14:00:58.368+0000] {processor.py:925} INFO - DAG(s) 'dataset_s3_bucket_consumer', 'dataset_s3_bucket_producer', 'dataset_alias_example_alias_consumer', 'dataset_alias_example_alias_producer' retrieved from /home/airflow/.local/lib/python3.12/site-packages/airflow/example_dags/example_dataset_alias.py
[2025-06-16T14:00:58.385+0000] {logging_mixin.py:190} INFO - [2025-06-16T14:00:58.385+0000] {dag.py:3239} INFO - Sync 4 DAGs
[2025-06-16T14:00:58.401+0000] {logging_mixin.py:190} INFO - [2025-06-16T14:00:58.400+0000] {dag.py:4180} INFO - Setting next_dagrun for dataset_alias_example_alias_consumer to None, run_after=None
[2025-06-16T14:00:58.403+0000] {logging_mixin.py:190} INFO - [2025-06-16T14:00:58.403+0000] {dag.py:4180} INFO - Setting next_dagrun for dataset_alias_example_alias_producer to None, run_after=None
[2025-06-16T14:00:58.408+0000] {logging_mixin.py:190} INFO - [2025-06-16T14:00:58.408+0000] {dag.py:4180} INFO - Setting next_dagrun for dataset_s3_bucket_consumer to None, run_after=None
[2025-06-16T14:00:58.409+0000] {logging_mixin.py:190} INFO - [2025-06-16T14:00:58.409+0000] {dag.py:4180} INFO - Setting next_dagrun for dataset_s3_bucket_producer to None, run_after=None
[2025-06-16T14:00:58.426+0000] {processor.py:208} INFO - Processing /home/airflow/.local/lib/python3.12/site-packages/airflow/example_dags/example_dataset_alias.py took 0.557 seconds
[2025-06-16T14:01:28.654+0000] {processor.py:186} INFO - Started process (PID=338) to work on /home/airflow/.local/lib/python3.12/site-packages/airflow/example_dags/example_dataset_alias.py
[2025-06-16T14:01:28.655+0000] {processor.py:914} INFO - Processing file /home/airflow/.local/lib/python3.12/site-packages/airflow/example_dags/example_dataset_alias.py for tasks to queue
[2025-06-16T14:01:28.657+0000] {logging_mixin.py:190} INFO - [2025-06-16T14:01:28.657+0000] {dagbag.py:588} INFO - Filling up the DagBag from /home/airflow/.local/lib/python3.12/site-packages/airflow/example_dags/example_dataset_alias.py
[2025-06-16T14:01:29.061+0000] {processor.py:925} INFO - DAG(s) 'dataset_alias_example_alias_producer', 'dataset_s3_bucket_consumer', 'dataset_alias_example_alias_consumer', 'dataset_s3_bucket_producer' retrieved from /home/airflow/.local/lib/python3.12/site-packages/airflow/example_dags/example_dataset_alias.py
[2025-06-16T14:01:29.073+0000] {logging_mixin.py:190} INFO - [2025-06-16T14:01:29.073+0000] {dag.py:3239} INFO - Sync 4 DAGs
[2025-06-16T14:01:29.088+0000] {logging_mixin.py:190} INFO - [2025-06-16T14:01:29.088+0000] {dag.py:4180} INFO - Setting next_dagrun for dataset_alias_example_alias_consumer to None, run_after=None
[2025-06-16T14:01:29.092+0000] {logging_mixin.py:190} INFO - [2025-06-16T14:01:29.091+0000] {dag.py:4180} INFO - Setting next_dagrun for dataset_alias_example_alias_producer to None, run_after=None
[2025-06-16T14:01:29.095+0000] {logging_mixin.py:190} INFO - [2025-06-16T14:01:29.095+0000] {dag.py:4180} INFO - Setting next_dagrun for dataset_s3_bucket_consumer to None, run_after=None
[2025-06-16T14:01:29.097+0000] {logging_mixin.py:190} INFO - [2025-06-16T14:01:29.097+0000] {dag.py:4180} INFO - Setting next_dagrun for dataset_s3_bucket_producer to None, run_after=None
[2025-06-16T14:01:29.109+0000] {processor.py:208} INFO - Processing /home/airflow/.local/lib/python3.12/site-packages/airflow/example_dags/example_dataset_alias.py took 0.458 seconds
[2025-06-16T14:01:59.331+0000] {processor.py:186} INFO - Started process (PID=401) to work on /home/airflow/.local/lib/python3.12/site-packages/airflow/example_dags/example_dataset_alias.py
[2025-06-16T14:01:59.333+0000] {processor.py:914} INFO - Processing file /home/airflow/.local/lib/python3.12/site-packages/airflow/example_dags/example_dataset_alias.py for tasks to queue
[2025-06-16T14:01:59.335+0000] {logging_mixin.py:190} INFO - [2025-06-16T14:01:59.335+0000] {dagbag.py:588} INFO - Filling up the DagBag from /home/airflow/.local/lib/python3.12/site-packages/airflow/example_dags/example_dataset_alias.py
[2025-06-16T14:01:59.710+0000] {processor.py:925} INFO - DAG(s) 'dataset_s3_bucket_producer', 'dataset_alias_example_alias_consumer', 'dataset_s3_bucket_consumer', 'dataset_alias_example_alias_producer' retrieved from /home/airflow/.local/lib/python3.12/site-packages/airflow/example_dags/example_dataset_alias.py
[2025-06-16T14:01:59.720+0000] {logging_mixin.py:190} INFO - [2025-06-16T14:01:59.720+0000] {dag.py:3239} INFO - Sync 4 DAGs
[2025-06-16T14:01:59.739+0000] {logging_mixin.py:190} INFO - [2025-06-16T14:01:59.739+0000] {dag.py:4180} INFO - Setting next_dagrun for dataset_alias_example_alias_consumer to None, run_after=None
[2025-06-16T14:01:59.742+0000] {logging_mixin.py:190} INFO - [2025-06-16T14:01:59.742+0000] {dag.py:4180} INFO - Setting next_dagrun for dataset_alias_example_alias_producer to None, run_after=None
[2025-06-16T14:01:59.743+0000] {logging_mixin.py:190} INFO - [2025-06-16T14:01:59.743+0000] {dag.py:4180} INFO - Setting next_dagrun for dataset_s3_bucket_consumer to None, run_after=None
[2025-06-16T14:01:59.745+0000] {logging_mixin.py:190} INFO - [2025-06-16T14:01:59.745+0000] {dag.py:4180} INFO - Setting next_dagrun for dataset_s3_bucket_producer to None, run_after=None
[2025-06-16T14:01:59.758+0000] {processor.py:208} INFO - Processing /home/airflow/.local/lib/python3.12/site-packages/airflow/example_dags/example_dataset_alias.py took 0.430 seconds
[2025-06-16T14:02:30.744+0000] {processor.py:186} INFO - Started process (PID=463) to work on /home/airflow/.local/lib/python3.12/site-packages/airflow/example_dags/example_dataset_alias.py
[2025-06-16T14:02:30.747+0000] {processor.py:914} INFO - Processing file /home/airflow/.local/lib/python3.12/site-packages/airflow/example_dags/example_dataset_alias.py for tasks to queue
[2025-06-16T14:02:30.751+0000] {logging_mixin.py:190} INFO - [2025-06-16T14:02:30.751+0000] {dagbag.py:588} INFO - Filling up the DagBag from /home/airflow/.local/lib/python3.12/site-packages/airflow/example_dags/example_dataset_alias.py
[2025-06-16T14:02:32.336+0000] {processor.py:925} INFO - DAG(s) 'dataset_s3_bucket_producer', 'dataset_s3_bucket_consumer', 'dataset_alias_example_alias_producer', 'dataset_alias_example_alias_consumer' retrieved from /home/airflow/.local/lib/python3.12/site-packages/airflow/example_dags/example_dataset_alias.py
[2025-06-16T14:02:32.377+0000] {logging_mixin.py:190} INFO - [2025-06-16T14:02:32.376+0000] {dag.py:3239} INFO - Sync 4 DAGs
[2025-06-16T14:02:32.400+0000] {logging_mixin.py:190} INFO - [2025-06-16T14:02:32.400+0000] {dag.py:4180} INFO - Setting next_dagrun for dataset_alias_example_alias_consumer to None, run_after=None
[2025-06-16T14:02:32.406+0000] {logging_mixin.py:190} INFO - [2025-06-16T14:02:32.406+0000] {dag.py:4180} INFO - Setting next_dagrun for dataset_alias_example_alias_producer to None, run_after=None
[2025-06-16T14:02:32.408+0000] {logging_mixin.py:190} INFO - [2025-06-16T14:02:32.408+0000] {dag.py:4180} INFO - Setting next_dagrun for dataset_s3_bucket_consumer to None, run_after=None
[2025-06-16T14:02:32.410+0000] {logging_mixin.py:190} INFO - [2025-06-16T14:02:32.410+0000] {dag.py:4180} INFO - Setting next_dagrun for dataset_s3_bucket_producer to None, run_after=None
[2025-06-16T14:02:32.440+0000] {processor.py:208} INFO - Processing /home/airflow/.local/lib/python3.12/site-packages/airflow/example_dags/example_dataset_alias.py took 1.705 seconds
[2025-06-16T14:05:29.475+0000] {processor.py:186} INFO - Started process (PID=535) to work on /home/airflow/.local/lib/python3.12/site-packages/airflow/example_dags/example_dataset_alias.py
[2025-06-16T14:05:29.477+0000] {processor.py:914} INFO - Processing file /home/airflow/.local/lib/python3.12/site-packages/airflow/example_dags/example_dataset_alias.py for tasks to queue
[2025-06-16T14:05:29.482+0000] {logging_mixin.py:190} INFO - [2025-06-16T14:05:29.482+0000] {dagbag.py:588} INFO - Filling up the DagBag from /home/airflow/.local/lib/python3.12/site-packages/airflow/example_dags/example_dataset_alias.py
[2025-06-16T14:05:30.004+0000] {processor.py:925} INFO - DAG(s) 'dataset_alias_example_alias_producer', 'dataset_s3_bucket_consumer', 'dataset_s3_bucket_producer', 'dataset_alias_example_alias_consumer' retrieved from /home/airflow/.local/lib/python3.12/site-packages/airflow/example_dags/example_dataset_alias.py
[2025-06-16T14:05:30.029+0000] {logging_mixin.py:190} INFO - [2025-06-16T14:05:30.029+0000] {dag.py:3239} INFO - Sync 4 DAGs
[2025-06-16T14:05:30.042+0000] {logging_mixin.py:190} INFO - [2025-06-16T14:05:30.042+0000] {dag.py:4180} INFO - Setting next_dagrun for dataset_alias_example_alias_consumer to None, run_after=None
[2025-06-16T14:05:30.045+0000] {logging_mixin.py:190} INFO - [2025-06-16T14:05:30.045+0000] {dag.py:4180} INFO - Setting next_dagrun for dataset_alias_example_alias_producer to None, run_after=None
[2025-06-16T14:05:30.048+0000] {logging_mixin.py:190} INFO - [2025-06-16T14:05:30.048+0000] {dag.py:4180} INFO - Setting next_dagrun for dataset_s3_bucket_consumer to None, run_after=None
[2025-06-16T14:05:30.052+0000] {logging_mixin.py:190} INFO - [2025-06-16T14:05:30.051+0000] {dag.py:4180} INFO - Setting next_dagrun for dataset_s3_bucket_producer to None, run_after=None
[2025-06-16T14:05:30.084+0000] {processor.py:208} INFO - Processing /home/airflow/.local/lib/python3.12/site-packages/airflow/example_dags/example_dataset_alias.py took 0.612 seconds
[2025-06-16T14:06:00.583+0000] {processor.py:186} INFO - Started process (PID=602) to work on /home/airflow/.local/lib/python3.12/site-packages/airflow/example_dags/example_dataset_alias.py
[2025-06-16T14:06:00.585+0000] {processor.py:914} INFO - Processing file /home/airflow/.local/lib/python3.12/site-packages/airflow/example_dags/example_dataset_alias.py for tasks to queue
[2025-06-16T14:06:00.587+0000] {logging_mixin.py:190} INFO - [2025-06-16T14:06:00.587+0000] {dagbag.py:588} INFO - Filling up the DagBag from /home/airflow/.local/lib/python3.12/site-packages/airflow/example_dags/example_dataset_alias.py
[2025-06-16T14:06:01.022+0000] {processor.py:925} INFO - DAG(s) 'dataset_s3_bucket_consumer', 'dataset_alias_example_alias_consumer', 'dataset_alias_example_alias_producer', 'dataset_s3_bucket_producer' retrieved from /home/airflow/.local/lib/python3.12/site-packages/airflow/example_dags/example_dataset_alias.py
[2025-06-16T14:06:01.038+0000] {logging_mixin.py:190} INFO - [2025-06-16T14:06:01.037+0000] {dag.py:3239} INFO - Sync 4 DAGs
[2025-06-16T14:06:01.057+0000] {logging_mixin.py:190} INFO - [2025-06-16T14:06:01.057+0000] {dag.py:4180} INFO - Setting next_dagrun for dataset_alias_example_alias_consumer to None, run_after=None
[2025-06-16T14:06:01.059+0000] {logging_mixin.py:190} INFO - [2025-06-16T14:06:01.059+0000] {dag.py:4180} INFO - Setting next_dagrun for dataset_alias_example_alias_producer to None, run_after=None
[2025-06-16T14:06:01.062+0000] {logging_mixin.py:190} INFO - [2025-06-16T14:06:01.062+0000] {dag.py:4180} INFO - Setting next_dagrun for dataset_s3_bucket_consumer to None, run_after=None
[2025-06-16T14:06:01.065+0000] {logging_mixin.py:190} INFO - [2025-06-16T14:06:01.065+0000] {dag.py:4180} INFO - Setting next_dagrun for dataset_s3_bucket_producer to None, run_after=None
[2025-06-16T14:06:01.105+0000] {processor.py:208} INFO - Processing /home/airflow/.local/lib/python3.12/site-packages/airflow/example_dags/example_dataset_alias.py took 0.525 seconds
[2025-06-16T14:06:31.305+0000] {processor.py:186} INFO - Started process (PID=665) to work on /home/airflow/.local/lib/python3.12/site-packages/airflow/example_dags/example_dataset_alias.py
[2025-06-16T14:06:31.307+0000] {processor.py:914} INFO - Processing file /home/airflow/.local/lib/python3.12/site-packages/airflow/example_dags/example_dataset_alias.py for tasks to queue
[2025-06-16T14:06:31.311+0000] {logging_mixin.py:190} INFO - [2025-06-16T14:06:31.311+0000] {dagbag.py:588} INFO - Filling up the DagBag from /home/airflow/.local/lib/python3.12/site-packages/airflow/example_dags/example_dataset_alias.py
[2025-06-16T14:06:31.817+0000] {processor.py:925} INFO - DAG(s) 'dataset_alias_example_alias_consumer', 'dataset_s3_bucket_producer', 'dataset_s3_bucket_consumer', 'dataset_alias_example_alias_producer' retrieved from /home/airflow/.local/lib/python3.12/site-packages/airflow/example_dags/example_dataset_alias.py
[2025-06-16T14:06:31.834+0000] {logging_mixin.py:190} INFO - [2025-06-16T14:06:31.834+0000] {dag.py:3239} INFO - Sync 4 DAGs
[2025-06-16T14:06:31.847+0000] {logging_mixin.py:190} INFO - [2025-06-16T14:06:31.847+0000] {dag.py:4180} INFO - Setting next_dagrun for dataset_alias_example_alias_consumer to None, run_after=None
[2025-06-16T14:06:31.850+0000] {logging_mixin.py:190} INFO - [2025-06-16T14:06:31.850+0000] {dag.py:4180} INFO - Setting next_dagrun for dataset_alias_example_alias_producer to None, run_after=None
[2025-06-16T14:06:31.852+0000] {logging_mixin.py:190} INFO - [2025-06-16T14:06:31.851+0000] {dag.py:4180} INFO - Setting next_dagrun for dataset_s3_bucket_consumer to None, run_after=None
[2025-06-16T14:06:31.853+0000] {logging_mixin.py:190} INFO - [2025-06-16T14:06:31.853+0000] {dag.py:4180} INFO - Setting next_dagrun for dataset_s3_bucket_producer to None, run_after=None
[2025-06-16T14:06:31.874+0000] {processor.py:208} INFO - Processing /home/airflow/.local/lib/python3.12/site-packages/airflow/example_dags/example_dataset_alias.py took 0.572 seconds
[2025-06-16T14:07:02.388+0000] {processor.py:186} INFO - Started process (PID=727) to work on /home/airflow/.local/lib/python3.12/site-packages/airflow/example_dags/example_dataset_alias.py
[2025-06-16T14:07:02.389+0000] {processor.py:914} INFO - Processing file /home/airflow/.local/lib/python3.12/site-packages/airflow/example_dags/example_dataset_alias.py for tasks to queue
[2025-06-16T14:07:02.391+0000] {logging_mixin.py:190} INFO - [2025-06-16T14:07:02.390+0000] {dagbag.py:588} INFO - Filling up the DagBag from /home/airflow/.local/lib/python3.12/site-packages/airflow/example_dags/example_dataset_alias.py
[2025-06-16T14:07:02.853+0000] {processor.py:925} INFO - DAG(s) 'dataset_s3_bucket_consumer', 'dataset_alias_example_alias_consumer', 'dataset_s3_bucket_producer', 'dataset_alias_example_alias_producer' retrieved from /home/airflow/.local/lib/python3.12/site-packages/airflow/example_dags/example_dataset_alias.py
[2025-06-16T14:07:02.868+0000] {logging_mixin.py:190} INFO - [2025-06-16T14:07:02.868+0000] {dag.py:3239} INFO - Sync 4 DAGs
[2025-06-16T14:07:02.882+0000] {logging_mixin.py:190} INFO - [2025-06-16T14:07:02.882+0000] {dag.py:4180} INFO - Setting next_dagrun for dataset_alias_example_alias_consumer to None, run_after=None
[2025-06-16T14:07:02.885+0000] {logging_mixin.py:190} INFO - [2025-06-16T14:07:02.885+0000] {dag.py:4180} INFO - Setting next_dagrun for dataset_alias_example_alias_producer to None, run_after=None
[2025-06-16T14:07:02.887+0000] {logging_mixin.py:190} INFO - [2025-06-16T14:07:02.887+0000] {dag.py:4180} INFO - Setting next_dagrun for dataset_s3_bucket_consumer to None, run_after=None
[2025-06-16T14:07:02.892+0000] {logging_mixin.py:190} INFO - [2025-06-16T14:07:02.892+0000] {dag.py:4180} INFO - Setting next_dagrun for dataset_s3_bucket_producer to None, run_after=None
[2025-06-16T14:07:02.910+0000] {processor.py:208} INFO - Processing /home/airflow/.local/lib/python3.12/site-packages/airflow/example_dags/example_dataset_alias.py took 0.525 seconds
[2025-06-16T14:07:32.972+0000] {processor.py:186} INFO - Started process (PID=789) to work on /home/airflow/.local/lib/python3.12/site-packages/airflow/example_dags/example_dataset_alias.py
[2025-06-16T14:07:32.973+0000] {processor.py:914} INFO - Processing file /home/airflow/.local/lib/python3.12/site-packages/airflow/example_dags/example_dataset_alias.py for tasks to queue
[2025-06-16T14:07:32.975+0000] {logging_mixin.py:190} INFO - [2025-06-16T14:07:32.975+0000] {dagbag.py:588} INFO - Filling up the DagBag from /home/airflow/.local/lib/python3.12/site-packages/airflow/example_dags/example_dataset_alias.py
[2025-06-16T14:07:33.553+0000] {processor.py:925} INFO - DAG(s) 'dataset_alias_example_alias_consumer', 'dataset_alias_example_alias_producer', 'dataset_s3_bucket_producer', 'dataset_s3_bucket_consumer' retrieved from /home/airflow/.local/lib/python3.12/site-packages/airflow/example_dags/example_dataset_alias.py
[2025-06-16T14:07:33.569+0000] {logging_mixin.py:190} INFO - [2025-06-16T14:07:33.569+0000] {dag.py:3239} INFO - Sync 4 DAGs
[2025-06-16T14:07:33.586+0000] {logging_mixin.py:190} INFO - [2025-06-16T14:07:33.586+0000] {dag.py:4180} INFO - Setting next_dagrun for dataset_alias_example_alias_consumer to None, run_after=None
[2025-06-16T14:07:33.589+0000] {logging_mixin.py:190} INFO - [2025-06-16T14:07:33.589+0000] {dag.py:4180} INFO - Setting next_dagrun for dataset_alias_example_alias_producer to None, run_after=None
[2025-06-16T14:07:33.591+0000] {logging_mixin.py:190} INFO - [2025-06-16T14:07:33.590+0000] {dag.py:4180} INFO - Setting next_dagrun for dataset_s3_bucket_consumer to None, run_after=None
[2025-06-16T14:07:33.592+0000] {logging_mixin.py:190} INFO - [2025-06-16T14:07:33.592+0000] {dag.py:4180} INFO - Setting next_dagrun for dataset_s3_bucket_producer to None, run_after=None
[2025-06-16T14:07:33.608+0000] {processor.py:208} INFO - Processing /home/airflow/.local/lib/python3.12/site-packages/airflow/example_dags/example_dataset_alias.py took 0.641 seconds
[2025-06-16T14:08:04.502+0000] {processor.py:186} INFO - Started process (PID=853) to work on /home/airflow/.local/lib/python3.12/site-packages/airflow/example_dags/example_dataset_alias.py
[2025-06-16T14:08:04.506+0000] {processor.py:914} INFO - Processing file /home/airflow/.local/lib/python3.12/site-packages/airflow/example_dags/example_dataset_alias.py for tasks to queue
[2025-06-16T14:08:04.510+0000] {logging_mixin.py:190} INFO - [2025-06-16T14:08:04.509+0000] {dagbag.py:588} INFO - Filling up the DagBag from /home/airflow/.local/lib/python3.12/site-packages/airflow/example_dags/example_dataset_alias.py
[2025-06-16T14:08:05.166+0000] {processor.py:925} INFO - DAG(s) 'dataset_alias_example_alias_producer', 'dataset_alias_example_alias_consumer', 'dataset_s3_bucket_producer', 'dataset_s3_bucket_consumer' retrieved from /home/airflow/.local/lib/python3.12/site-packages/airflow/example_dags/example_dataset_alias.py
[2025-06-16T14:08:05.181+0000] {logging_mixin.py:190} INFO - [2025-06-16T14:08:05.181+0000] {dag.py:3239} INFO - Sync 4 DAGs
[2025-06-16T14:08:05.196+0000] {logging_mixin.py:190} INFO - [2025-06-16T14:08:05.196+0000] {dag.py:4180} INFO - Setting next_dagrun for dataset_alias_example_alias_consumer to None, run_after=None
[2025-06-16T14:08:05.202+0000] {logging_mixin.py:190} INFO - [2025-06-16T14:08:05.202+0000] {dag.py:4180} INFO - Setting next_dagrun for dataset_alias_example_alias_producer to None, run_after=None
[2025-06-16T14:08:05.204+0000] {logging_mixin.py:190} INFO - [2025-06-16T14:08:05.204+0000] {dag.py:4180} INFO - Setting next_dagrun for dataset_s3_bucket_consumer to None, run_after=None
[2025-06-16T14:08:05.206+0000] {logging_mixin.py:190} INFO - [2025-06-16T14:08:05.206+0000] {dag.py:4180} INFO - Setting next_dagrun for dataset_s3_bucket_producer to None, run_after=None
[2025-06-16T14:08:05.226+0000] {processor.py:208} INFO - Processing /home/airflow/.local/lib/python3.12/site-packages/airflow/example_dags/example_dataset_alias.py took 0.732 seconds
[2025-06-16T14:08:35.820+0000] {processor.py:186} INFO - Started process (PID=918) to work on /home/airflow/.local/lib/python3.12/site-packages/airflow/example_dags/example_dataset_alias.py
[2025-06-16T14:08:35.823+0000] {processor.py:914} INFO - Processing file /home/airflow/.local/lib/python3.12/site-packages/airflow/example_dags/example_dataset_alias.py for tasks to queue
[2025-06-16T14:08:35.829+0000] {logging_mixin.py:190} INFO - [2025-06-16T14:08:35.828+0000] {dagbag.py:588} INFO - Filling up the DagBag from /home/airflow/.local/lib/python3.12/site-packages/airflow/example_dags/example_dataset_alias.py
[2025-06-16T14:08:36.298+0000] {processor.py:925} INFO - DAG(s) 'dataset_s3_bucket_producer', 'dataset_s3_bucket_consumer', 'dataset_alias_example_alias_consumer', 'dataset_alias_example_alias_producer' retrieved from /home/airflow/.local/lib/python3.12/site-packages/airflow/example_dags/example_dataset_alias.py
[2025-06-16T14:08:36.316+0000] {logging_mixin.py:190} INFO - [2025-06-16T14:08:36.316+0000] {dag.py:3239} INFO - Sync 4 DAGs
[2025-06-16T14:08:36.333+0000] {logging_mixin.py:190} INFO - [2025-06-16T14:08:36.333+0000] {dag.py:4180} INFO - Setting next_dagrun for dataset_alias_example_alias_consumer to None, run_after=None
[2025-06-16T14:08:36.335+0000] {logging_mixin.py:190} INFO - [2025-06-16T14:08:36.335+0000] {dag.py:4180} INFO - Setting next_dagrun for dataset_alias_example_alias_producer to None, run_after=None
[2025-06-16T14:08:36.337+0000] {logging_mixin.py:190} INFO - [2025-06-16T14:08:36.337+0000] {dag.py:4180} INFO - Setting next_dagrun for dataset_s3_bucket_consumer to None, run_after=None
[2025-06-16T14:08:36.339+0000] {logging_mixin.py:190} INFO - [2025-06-16T14:08:36.339+0000] {dag.py:4180} INFO - Setting next_dagrun for dataset_s3_bucket_producer to None, run_after=None
[2025-06-16T14:08:36.355+0000] {processor.py:208} INFO - Processing /home/airflow/.local/lib/python3.12/site-packages/airflow/example_dags/example_dataset_alias.py took 0.548 seconds
[2025-06-16T14:09:07.123+0000] {processor.py:186} INFO - Started process (PID=984) to work on /home/airflow/.local/lib/python3.12/site-packages/airflow/example_dags/example_dataset_alias.py
[2025-06-16T14:09:07.125+0000] {processor.py:914} INFO - Processing file /home/airflow/.local/lib/python3.12/site-packages/airflow/example_dags/example_dataset_alias.py for tasks to queue
[2025-06-16T14:09:07.129+0000] {logging_mixin.py:190} INFO - [2025-06-16T14:09:07.128+0000] {dagbag.py:588} INFO - Filling up the DagBag from /home/airflow/.local/lib/python3.12/site-packages/airflow/example_dags/example_dataset_alias.py
[2025-06-16T14:09:07.612+0000] {processor.py:925} INFO - DAG(s) 'dataset_alias_example_alias_consumer', 'dataset_s3_bucket_producer', 'dataset_alias_example_alias_producer', 'dataset_s3_bucket_consumer' retrieved from /home/airflow/.local/lib/python3.12/site-packages/airflow/example_dags/example_dataset_alias.py
[2025-06-16T14:09:07.626+0000] {logging_mixin.py:190} INFO - [2025-06-16T14:09:07.625+0000] {dag.py:3239} INFO - Sync 4 DAGs
[2025-06-16T14:09:07.645+0000] {logging_mixin.py:190} INFO - [2025-06-16T14:09:07.645+0000] {dag.py:4180} INFO - Setting next_dagrun for dataset_alias_example_alias_consumer to None, run_after=None
[2025-06-16T14:09:07.648+0000] {logging_mixin.py:190} INFO - [2025-06-16T14:09:07.648+0000] {dag.py:4180} INFO - Setting next_dagrun for dataset_alias_example_alias_producer to None, run_after=None
[2025-06-16T14:09:07.650+0000] {logging_mixin.py:190} INFO - [2025-06-16T14:09:07.650+0000] {dag.py:4180} INFO - Setting next_dagrun for dataset_s3_bucket_consumer to None, run_after=None
[2025-06-16T14:09:07.651+0000] {logging_mixin.py:190} INFO - [2025-06-16T14:09:07.651+0000] {dag.py:4180} INFO - Setting next_dagrun for dataset_s3_bucket_producer to None, run_after=None
[2025-06-16T14:09:07.663+0000] {processor.py:208} INFO - Processing /home/airflow/.local/lib/python3.12/site-packages/airflow/example_dags/example_dataset_alias.py took 0.548 seconds
[2025-06-16T14:09:37.916+0000] {processor.py:186} INFO - Started process (PID=1047) to work on /home/airflow/.local/lib/python3.12/site-packages/airflow/example_dags/example_dataset_alias.py
[2025-06-16T14:09:37.919+0000] {processor.py:914} INFO - Processing file /home/airflow/.local/lib/python3.12/site-packages/airflow/example_dags/example_dataset_alias.py for tasks to queue
[2025-06-16T14:09:37.923+0000] {logging_mixin.py:190} INFO - [2025-06-16T14:09:37.922+0000] {dagbag.py:588} INFO - Filling up the DagBag from /home/airflow/.local/lib/python3.12/site-packages/airflow/example_dags/example_dataset_alias.py
[2025-06-16T14:09:38.407+0000] {processor.py:925} INFO - DAG(s) 'dataset_s3_bucket_consumer', 'dataset_alias_example_alias_producer', 'dataset_alias_example_alias_consumer', 'dataset_s3_bucket_producer' retrieved from /home/airflow/.local/lib/python3.12/site-packages/airflow/example_dags/example_dataset_alias.py
[2025-06-16T14:09:38.422+0000] {logging_mixin.py:190} INFO - [2025-06-16T14:09:38.422+0000] {dag.py:3239} INFO - Sync 4 DAGs
[2025-06-16T14:09:38.433+0000] {logging_mixin.py:190} INFO - [2025-06-16T14:09:38.433+0000] {dag.py:4180} INFO - Setting next_dagrun for dataset_alias_example_alias_consumer to None, run_after=None
[2025-06-16T14:09:38.435+0000] {logging_mixin.py:190} INFO - [2025-06-16T14:09:38.435+0000] {dag.py:4180} INFO - Setting next_dagrun for dataset_alias_example_alias_producer to None, run_after=None
[2025-06-16T14:09:38.437+0000] {logging_mixin.py:190} INFO - [2025-06-16T14:09:38.437+0000] {dag.py:4180} INFO - Setting next_dagrun for dataset_s3_bucket_consumer to None, run_after=None
[2025-06-16T14:09:38.438+0000] {logging_mixin.py:190} INFO - [2025-06-16T14:09:38.438+0000] {dag.py:4180} INFO - Setting next_dagrun for dataset_s3_bucket_producer to None, run_after=None
[2025-06-16T14:09:38.450+0000] {processor.py:208} INFO - Processing /home/airflow/.local/lib/python3.12/site-packages/airflow/example_dags/example_dataset_alias.py took 0.543 seconds
[2025-06-16T14:10:49.726+0000] {processor.py:186} INFO - Started process (PID=1100) to work on /home/airflow/.local/lib/python3.12/site-packages/airflow/example_dags/example_dataset_alias.py
[2025-06-16T14:10:49.728+0000] {processor.py:914} INFO - Processing file /home/airflow/.local/lib/python3.12/site-packages/airflow/example_dags/example_dataset_alias.py for tasks to queue
[2025-06-16T14:10:49.729+0000] {logging_mixin.py:190} INFO - [2025-06-16T14:10:49.729+0000] {dagbag.py:588} INFO - Filling up the DagBag from /home/airflow/.local/lib/python3.12/site-packages/airflow/example_dags/example_dataset_alias.py
[2025-06-16T14:10:50.326+0000] {processor.py:925} INFO - DAG(s) 'dataset_s3_bucket_producer', 'dataset_alias_example_alias_consumer', 'dataset_alias_example_alias_producer', 'dataset_s3_bucket_consumer' retrieved from /home/airflow/.local/lib/python3.12/site-packages/airflow/example_dags/example_dataset_alias.py
[2025-06-16T14:10:50.343+0000] {logging_mixin.py:190} INFO - [2025-06-16T14:10:50.342+0000] {dag.py:3239} INFO - Sync 4 DAGs
[2025-06-16T14:10:50.356+0000] {logging_mixin.py:190} INFO - [2025-06-16T14:10:50.356+0000] {dag.py:4180} INFO - Setting next_dagrun for dataset_alias_example_alias_consumer to None, run_after=None
[2025-06-16T14:10:50.359+0000] {logging_mixin.py:190} INFO - [2025-06-16T14:10:50.359+0000] {dag.py:4180} INFO - Setting next_dagrun for dataset_alias_example_alias_producer to None, run_after=None
[2025-06-16T14:10:50.363+0000] {logging_mixin.py:190} INFO - [2025-06-16T14:10:50.362+0000] {dag.py:4180} INFO - Setting next_dagrun for dataset_s3_bucket_consumer to None, run_after=None
[2025-06-16T14:10:50.365+0000] {logging_mixin.py:190} INFO - [2025-06-16T14:10:50.365+0000] {dag.py:4180} INFO - Setting next_dagrun for dataset_s3_bucket_producer to None, run_after=None
[2025-06-16T14:10:50.384+0000] {processor.py:208} INFO - Processing /home/airflow/.local/lib/python3.12/site-packages/airflow/example_dags/example_dataset_alias.py took 0.662 seconds
[2025-06-16T14:11:38.915+0000] {processor.py:186} INFO - Started process (PID=1163) to work on /home/airflow/.local/lib/python3.12/site-packages/airflow/example_dags/example_dataset_alias.py
[2025-06-16T14:11:38.917+0000] {processor.py:914} INFO - Processing file /home/airflow/.local/lib/python3.12/site-packages/airflow/example_dags/example_dataset_alias.py for tasks to queue
[2025-06-16T14:11:38.921+0000] {logging_mixin.py:190} INFO - [2025-06-16T14:11:38.921+0000] {dagbag.py:588} INFO - Filling up the DagBag from /home/airflow/.local/lib/python3.12/site-packages/airflow/example_dags/example_dataset_alias.py
[2025-06-16T14:11:39.554+0000] {processor.py:925} INFO - DAG(s) 'dataset_alias_example_alias_consumer', 'dataset_s3_bucket_producer', 'dataset_s3_bucket_consumer', 'dataset_alias_example_alias_producer' retrieved from /home/airflow/.local/lib/python3.12/site-packages/airflow/example_dags/example_dataset_alias.py
[2025-06-16T14:11:39.571+0000] {logging_mixin.py:190} INFO - [2025-06-16T14:11:39.571+0000] {dag.py:3239} INFO - Sync 4 DAGs
[2025-06-16T14:11:39.584+0000] {logging_mixin.py:190} INFO - [2025-06-16T14:11:39.584+0000] {dag.py:4180} INFO - Setting next_dagrun for dataset_alias_example_alias_consumer to None, run_after=None
[2025-06-16T14:11:39.590+0000] {logging_mixin.py:190} INFO - [2025-06-16T14:11:39.590+0000] {dag.py:4180} INFO - Setting next_dagrun for dataset_alias_example_alias_producer to None, run_after=None
[2025-06-16T14:11:39.595+0000] {logging_mixin.py:190} INFO - [2025-06-16T14:11:39.595+0000] {dag.py:4180} INFO - Setting next_dagrun for dataset_s3_bucket_consumer to None, run_after=None
[2025-06-16T14:11:39.598+0000] {logging_mixin.py:190} INFO - [2025-06-16T14:11:39.598+0000] {dag.py:4180} INFO - Setting next_dagrun for dataset_s3_bucket_producer to None, run_after=None
[2025-06-16T14:11:39.635+0000] {processor.py:208} INFO - Processing /home/airflow/.local/lib/python3.12/site-packages/airflow/example_dags/example_dataset_alias.py took 0.726 seconds
[2025-06-16T14:12:09.865+0000] {processor.py:186} INFO - Started process (PID=1230) to work on /home/airflow/.local/lib/python3.12/site-packages/airflow/example_dags/example_dataset_alias.py
[2025-06-16T14:12:09.869+0000] {processor.py:914} INFO - Processing file /home/airflow/.local/lib/python3.12/site-packages/airflow/example_dags/example_dataset_alias.py for tasks to queue
[2025-06-16T14:12:09.872+0000] {logging_mixin.py:190} INFO - [2025-06-16T14:12:09.872+0000] {dagbag.py:588} INFO - Filling up the DagBag from /home/airflow/.local/lib/python3.12/site-packages/airflow/example_dags/example_dataset_alias.py
[2025-06-16T14:12:10.476+0000] {processor.py:925} INFO - DAG(s) 'dataset_s3_bucket_consumer', 'dataset_alias_example_alias_producer', 'dataset_alias_example_alias_consumer', 'dataset_s3_bucket_producer' retrieved from /home/airflow/.local/lib/python3.12/site-packages/airflow/example_dags/example_dataset_alias.py
[2025-06-16T14:12:10.496+0000] {logging_mixin.py:190} INFO - [2025-06-16T14:12:10.496+0000] {dag.py:3239} INFO - Sync 4 DAGs
[2025-06-16T14:12:10.521+0000] {logging_mixin.py:190} INFO - [2025-06-16T14:12:10.521+0000] {dag.py:4180} INFO - Setting next_dagrun for dataset_alias_example_alias_consumer to None, run_after=None
[2025-06-16T14:12:10.525+0000] {logging_mixin.py:190} INFO - [2025-06-16T14:12:10.525+0000] {dag.py:4180} INFO - Setting next_dagrun for dataset_alias_example_alias_producer to None, run_after=None
[2025-06-16T14:12:10.527+0000] {logging_mixin.py:190} INFO - [2025-06-16T14:12:10.527+0000] {dag.py:4180} INFO - Setting next_dagrun for dataset_s3_bucket_consumer to None, run_after=None
[2025-06-16T14:12:10.531+0000] {logging_mixin.py:190} INFO - [2025-06-16T14:12:10.531+0000] {dag.py:4180} INFO - Setting next_dagrun for dataset_s3_bucket_producer to None, run_after=None
[2025-06-16T14:12:10.573+0000] {processor.py:208} INFO - Processing /home/airflow/.local/lib/python3.12/site-packages/airflow/example_dags/example_dataset_alias.py took 0.715 seconds
[2025-06-16T14:12:40.757+0000] {processor.py:186} INFO - Started process (PID=1289) to work on /home/airflow/.local/lib/python3.12/site-packages/airflow/example_dags/example_dataset_alias.py
[2025-06-16T14:12:40.760+0000] {processor.py:914} INFO - Processing file /home/airflow/.local/lib/python3.12/site-packages/airflow/example_dags/example_dataset_alias.py for tasks to queue
[2025-06-16T14:12:40.763+0000] {logging_mixin.py:190} INFO - [2025-06-16T14:12:40.763+0000] {dagbag.py:588} INFO - Filling up the DagBag from /home/airflow/.local/lib/python3.12/site-packages/airflow/example_dags/example_dataset_alias.py
[2025-06-16T14:12:41.344+0000] {processor.py:925} INFO - DAG(s) 'dataset_alias_example_alias_producer', 'dataset_s3_bucket_producer', 'dataset_alias_example_alias_consumer', 'dataset_s3_bucket_consumer' retrieved from /home/airflow/.local/lib/python3.12/site-packages/airflow/example_dags/example_dataset_alias.py
[2025-06-16T14:12:41.359+0000] {logging_mixin.py:190} INFO - [2025-06-16T14:12:41.359+0000] {dag.py:3239} INFO - Sync 4 DAGs
[2025-06-16T14:12:41.370+0000] {logging_mixin.py:190} INFO - [2025-06-16T14:12:41.370+0000] {dag.py:4180} INFO - Setting next_dagrun for dataset_alias_example_alias_consumer to None, run_after=None
[2025-06-16T14:12:41.372+0000] {logging_mixin.py:190} INFO - [2025-06-16T14:12:41.372+0000] {dag.py:4180} INFO - Setting next_dagrun for dataset_alias_example_alias_producer to None, run_after=None
[2025-06-16T14:12:41.375+0000] {logging_mixin.py:190} INFO - [2025-06-16T14:12:41.375+0000] {dag.py:4180} INFO - Setting next_dagrun for dataset_s3_bucket_consumer to None, run_after=None
[2025-06-16T14:12:41.377+0000] {logging_mixin.py:190} INFO - [2025-06-16T14:12:41.377+0000] {dag.py:4180} INFO - Setting next_dagrun for dataset_s3_bucket_producer to None, run_after=None
[2025-06-16T14:12:41.392+0000] {processor.py:208} INFO - Processing /home/airflow/.local/lib/python3.12/site-packages/airflow/example_dags/example_dataset_alias.py took 0.642 seconds
[2025-06-16T14:13:11.499+0000] {processor.py:186} INFO - Started process (PID=1352) to work on /home/airflow/.local/lib/python3.12/site-packages/airflow/example_dags/example_dataset_alias.py
[2025-06-16T14:13:11.502+0000] {processor.py:914} INFO - Processing file /home/airflow/.local/lib/python3.12/site-packages/airflow/example_dags/example_dataset_alias.py for tasks to queue
[2025-06-16T14:13:11.506+0000] {logging_mixin.py:190} INFO - [2025-06-16T14:13:11.506+0000] {dagbag.py:588} INFO - Filling up the DagBag from /home/airflow/.local/lib/python3.12/site-packages/airflow/example_dags/example_dataset_alias.py
[2025-06-16T14:13:12.055+0000] {processor.py:925} INFO - DAG(s) 'dataset_alias_example_alias_consumer', 'dataset_s3_bucket_producer', 'dataset_s3_bucket_consumer', 'dataset_alias_example_alias_producer' retrieved from /home/airflow/.local/lib/python3.12/site-packages/airflow/example_dags/example_dataset_alias.py
[2025-06-16T14:13:12.069+0000] {logging_mixin.py:190} INFO - [2025-06-16T14:13:12.069+0000] {dag.py:3239} INFO - Sync 4 DAGs
[2025-06-16T14:13:12.082+0000] {logging_mixin.py:190} INFO - [2025-06-16T14:13:12.082+0000] {dag.py:4180} INFO - Setting next_dagrun for dataset_alias_example_alias_consumer to None, run_after=None
[2025-06-16T14:13:12.084+0000] {logging_mixin.py:190} INFO - [2025-06-16T14:13:12.084+0000] {dag.py:4180} INFO - Setting next_dagrun for dataset_alias_example_alias_producer to None, run_after=None
[2025-06-16T14:13:12.085+0000] {logging_mixin.py:190} INFO - [2025-06-16T14:13:12.085+0000] {dag.py:4180} INFO - Setting next_dagrun for dataset_s3_bucket_consumer to None, run_after=None
[2025-06-16T14:13:12.087+0000] {logging_mixin.py:190} INFO - [2025-06-16T14:13:12.087+0000] {dag.py:4180} INFO - Setting next_dagrun for dataset_s3_bucket_producer to None, run_after=None
[2025-06-16T14:13:12.101+0000] {processor.py:208} INFO - Processing /home/airflow/.local/lib/python3.12/site-packages/airflow/example_dags/example_dataset_alias.py took 0.611 seconds
[2025-06-16T14:13:42.423+0000] {processor.py:186} INFO - Started process (PID=1419) to work on /home/airflow/.local/lib/python3.12/site-packages/airflow/example_dags/example_dataset_alias.py
[2025-06-16T14:13:42.425+0000] {processor.py:914} INFO - Processing file /home/airflow/.local/lib/python3.12/site-packages/airflow/example_dags/example_dataset_alias.py for tasks to queue
[2025-06-16T14:13:42.428+0000] {logging_mixin.py:190} INFO - [2025-06-16T14:13:42.427+0000] {dagbag.py:588} INFO - Filling up the DagBag from /home/airflow/.local/lib/python3.12/site-packages/airflow/example_dags/example_dataset_alias.py
[2025-06-16T14:13:42.874+0000] {processor.py:925} INFO - DAG(s) 'dataset_alias_example_alias_consumer', 'dataset_s3_bucket_producer', 'dataset_alias_example_alias_producer', 'dataset_s3_bucket_consumer' retrieved from /home/airflow/.local/lib/python3.12/site-packages/airflow/example_dags/example_dataset_alias.py
[2025-06-16T14:13:42.889+0000] {logging_mixin.py:190} INFO - [2025-06-16T14:13:42.889+0000] {dag.py:3239} INFO - Sync 4 DAGs
[2025-06-16T14:13:42.902+0000] {logging_mixin.py:190} INFO - [2025-06-16T14:13:42.902+0000] {dag.py:4180} INFO - Setting next_dagrun for dataset_alias_example_alias_consumer to None, run_after=None
[2025-06-16T14:13:42.905+0000] {logging_mixin.py:190} INFO - [2025-06-16T14:13:42.905+0000] {dag.py:4180} INFO - Setting next_dagrun for dataset_alias_example_alias_producer to None, run_after=None
[2025-06-16T14:13:42.907+0000] {logging_mixin.py:190} INFO - [2025-06-16T14:13:42.907+0000] {dag.py:4180} INFO - Setting next_dagrun for dataset_s3_bucket_consumer to None, run_after=None
[2025-06-16T14:13:42.908+0000] {logging_mixin.py:190} INFO - [2025-06-16T14:13:42.908+0000] {dag.py:4180} INFO - Setting next_dagrun for dataset_s3_bucket_producer to None, run_after=None
[2025-06-16T14:13:42.925+0000] {processor.py:208} INFO - Processing /home/airflow/.local/lib/python3.12/site-packages/airflow/example_dags/example_dataset_alias.py took 0.507 seconds
[2025-06-16T14:14:13.711+0000] {processor.py:186} INFO - Started process (PID=1487) to work on /home/airflow/.local/lib/python3.12/site-packages/airflow/example_dags/example_dataset_alias.py
[2025-06-16T14:14:13.720+0000] {processor.py:914} INFO - Processing file /home/airflow/.local/lib/python3.12/site-packages/airflow/example_dags/example_dataset_alias.py for tasks to queue
[2025-06-16T14:14:13.727+0000] {logging_mixin.py:190} INFO - [2025-06-16T14:14:13.726+0000] {dagbag.py:588} INFO - Filling up the DagBag from /home/airflow/.local/lib/python3.12/site-packages/airflow/example_dags/example_dataset_alias.py
[2025-06-16T14:14:14.586+0000] {processor.py:925} INFO - DAG(s) 'dataset_s3_bucket_producer', 'dataset_s3_bucket_consumer', 'dataset_alias_example_alias_producer', 'dataset_alias_example_alias_consumer' retrieved from /home/airflow/.local/lib/python3.12/site-packages/airflow/example_dags/example_dataset_alias.py
[2025-06-16T14:14:14.607+0000] {logging_mixin.py:190} INFO - [2025-06-16T14:14:14.607+0000] {dag.py:3239} INFO - Sync 4 DAGs
[2025-06-16T14:14:14.628+0000] {logging_mixin.py:190} INFO - [2025-06-16T14:14:14.627+0000] {dag.py:4180} INFO - Setting next_dagrun for dataset_alias_example_alias_consumer to None, run_after=None
[2025-06-16T14:14:14.630+0000] {logging_mixin.py:190} INFO - [2025-06-16T14:14:14.630+0000] {dag.py:4180} INFO - Setting next_dagrun for dataset_alias_example_alias_producer to None, run_after=None
[2025-06-16T14:14:14.632+0000] {logging_mixin.py:190} INFO - [2025-06-16T14:14:14.631+0000] {dag.py:4180} INFO - Setting next_dagrun for dataset_s3_bucket_consumer to None, run_after=None
[2025-06-16T14:14:14.633+0000] {logging_mixin.py:190} INFO - [2025-06-16T14:14:14.633+0000] {dag.py:4180} INFO - Setting next_dagrun for dataset_s3_bucket_producer to None, run_after=None
[2025-06-16T14:14:14.652+0000] {processor.py:208} INFO - Processing /home/airflow/.local/lib/python3.12/site-packages/airflow/example_dags/example_dataset_alias.py took 0.946 seconds
[2025-06-16T15:07:17.640+0000] {processor.py:186} INFO - Started process (PID=1541) to work on /home/airflow/.local/lib/python3.12/site-packages/airflow/example_dags/example_dataset_alias.py
[2025-06-16T15:07:17.642+0000] {processor.py:914} INFO - Processing file /home/airflow/.local/lib/python3.12/site-packages/airflow/example_dags/example_dataset_alias.py for tasks to queue
[2025-06-16T15:07:17.643+0000] {logging_mixin.py:190} INFO - [2025-06-16T15:07:17.643+0000] {dagbag.py:588} INFO - Filling up the DagBag from /home/airflow/.local/lib/python3.12/site-packages/airflow/example_dags/example_dataset_alias.py
[2025-06-16T15:07:18.085+0000] {processor.py:925} INFO - DAG(s) 'dataset_s3_bucket_producer', 'dataset_s3_bucket_consumer', 'dataset_alias_example_alias_producer', 'dataset_alias_example_alias_consumer' retrieved from /home/airflow/.local/lib/python3.12/site-packages/airflow/example_dags/example_dataset_alias.py
[2025-06-16T15:07:18.101+0000] {logging_mixin.py:190} INFO - [2025-06-16T15:07:18.100+0000] {dag.py:3239} INFO - Sync 4 DAGs
[2025-06-16T15:07:18.119+0000] {logging_mixin.py:190} INFO - [2025-06-16T15:07:18.119+0000] {dag.py:4180} INFO - Setting next_dagrun for dataset_alias_example_alias_consumer to None, run_after=None
[2025-06-16T15:07:18.123+0000] {logging_mixin.py:190} INFO - [2025-06-16T15:07:18.123+0000] {dag.py:4180} INFO - Setting next_dagrun for dataset_alias_example_alias_producer to None, run_after=None
[2025-06-16T15:07:18.124+0000] {logging_mixin.py:190} INFO - [2025-06-16T15:07:18.124+0000] {dag.py:4180} INFO - Setting next_dagrun for dataset_s3_bucket_consumer to None, run_after=None
[2025-06-16T15:07:18.125+0000] {logging_mixin.py:190} INFO - [2025-06-16T15:07:18.125+0000] {dag.py:4180} INFO - Setting next_dagrun for dataset_s3_bucket_producer to None, run_after=None
[2025-06-16T15:07:18.138+0000] {processor.py:208} INFO - Processing /home/airflow/.local/lib/python3.12/site-packages/airflow/example_dags/example_dataset_alias.py took 0.501 seconds
[2025-06-16T15:57:46.348+0000] {processor.py:186} INFO - Started process (PID=1604) to work on /home/airflow/.local/lib/python3.12/site-packages/airflow/example_dags/example_dataset_alias.py
[2025-06-16T15:57:46.350+0000] {processor.py:914} INFO - Processing file /home/airflow/.local/lib/python3.12/site-packages/airflow/example_dags/example_dataset_alias.py for tasks to queue
[2025-06-16T15:57:46.353+0000] {logging_mixin.py:190} INFO - [2025-06-16T15:57:46.353+0000] {dagbag.py:588} INFO - Filling up the DagBag from /home/airflow/.local/lib/python3.12/site-packages/airflow/example_dags/example_dataset_alias.py
[2025-06-16T15:57:49.593+0000] {processor.py:925} INFO - DAG(s) 'dataset_alias_example_alias_producer', 'dataset_s3_bucket_producer', 'dataset_alias_example_alias_consumer', 'dataset_s3_bucket_consumer' retrieved from /home/airflow/.local/lib/python3.12/site-packages/airflow/example_dags/example_dataset_alias.py
[2025-06-16T15:57:49.684+0000] {logging_mixin.py:190} INFO - [2025-06-16T15:57:49.680+0000] {dag.py:3239} INFO - Sync 4 DAGs
[2025-06-16T15:57:49.830+0000] {logging_mixin.py:190} INFO - [2025-06-16T15:57:49.830+0000] {dag.py:4180} INFO - Setting next_dagrun for dataset_alias_example_alias_consumer to None, run_after=None
[2025-06-16T15:57:49.848+0000] {logging_mixin.py:190} INFO - [2025-06-16T15:57:49.848+0000] {dag.py:4180} INFO - Setting next_dagrun for dataset_alias_example_alias_producer to None, run_after=None
[2025-06-16T15:57:49.857+0000] {logging_mixin.py:190} INFO - [2025-06-16T15:57:49.856+0000] {dag.py:4180} INFO - Setting next_dagrun for dataset_s3_bucket_consumer to None, run_after=None
[2025-06-16T15:57:49.865+0000] {logging_mixin.py:190} INFO - [2025-06-16T15:57:49.864+0000] {dag.py:4180} INFO - Setting next_dagrun for dataset_s3_bucket_producer to None, run_after=None
[2025-06-16T15:57:49.892+0000] {processor.py:208} INFO - Processing /home/airflow/.local/lib/python3.12/site-packages/airflow/example_dags/example_dataset_alias.py took 3.553 seconds
[2025-06-16T17:08:52.473+0000] {processor.py:186} INFO - Started process (PID=1668) to work on /home/airflow/.local/lib/python3.12/site-packages/airflow/example_dags/example_dataset_alias.py
[2025-06-16T17:08:52.475+0000] {processor.py:914} INFO - Processing file /home/airflow/.local/lib/python3.12/site-packages/airflow/example_dags/example_dataset_alias.py for tasks to queue
[2025-06-16T17:08:52.477+0000] {logging_mixin.py:190} INFO - [2025-06-16T17:08:52.477+0000] {dagbag.py:588} INFO - Filling up the DagBag from /home/airflow/.local/lib/python3.12/site-packages/airflow/example_dags/example_dataset_alias.py
[2025-06-16T17:08:53.359+0000] {processor.py:925} INFO - DAG(s) 'dataset_s3_bucket_consumer', 'dataset_s3_bucket_producer', 'dataset_alias_example_alias_consumer', 'dataset_alias_example_alias_producer' retrieved from /home/airflow/.local/lib/python3.12/site-packages/airflow/example_dags/example_dataset_alias.py
[2025-06-16T17:08:53.382+0000] {logging_mixin.py:190} INFO - [2025-06-16T17:08:53.382+0000] {dag.py:3239} INFO - Sync 4 DAGs
[2025-06-16T17:08:53.418+0000] {logging_mixin.py:190} INFO - [2025-06-16T17:08:53.417+0000] {dag.py:4180} INFO - Setting next_dagrun for dataset_alias_example_alias_consumer to None, run_after=None
[2025-06-16T17:08:53.435+0000] {logging_mixin.py:190} INFO - [2025-06-16T17:08:53.435+0000] {dag.py:4180} INFO - Setting next_dagrun for dataset_alias_example_alias_producer to None, run_after=None
[2025-06-16T17:08:53.441+0000] {logging_mixin.py:190} INFO - [2025-06-16T17:08:53.441+0000] {dag.py:4180} INFO - Setting next_dagrun for dataset_s3_bucket_consumer to None, run_after=None
[2025-06-16T17:08:53.446+0000] {logging_mixin.py:190} INFO - [2025-06-16T17:08:53.445+0000] {dag.py:4180} INFO - Setting next_dagrun for dataset_s3_bucket_producer to None, run_after=None
[2025-06-16T17:08:53.490+0000] {processor.py:208} INFO - Processing /home/airflow/.local/lib/python3.12/site-packages/airflow/example_dags/example_dataset_alias.py took 1.022 seconds
[2025-06-16T18:08:24.220+0000] {processor.py:186} INFO - Started process (PID=1731) to work on /home/airflow/.local/lib/python3.12/site-packages/airflow/example_dags/example_dataset_alias.py
[2025-06-16T18:08:24.223+0000] {processor.py:914} INFO - Processing file /home/airflow/.local/lib/python3.12/site-packages/airflow/example_dags/example_dataset_alias.py for tasks to queue
[2025-06-16T18:08:24.230+0000] {logging_mixin.py:190} INFO - [2025-06-16T18:08:24.229+0000] {dagbag.py:588} INFO - Filling up the DagBag from /home/airflow/.local/lib/python3.12/site-packages/airflow/example_dags/example_dataset_alias.py
[2025-06-16T18:08:28.011+0000] {processor.py:925} INFO - DAG(s) 'dataset_alias_example_alias_consumer', 'dataset_alias_example_alias_producer', 'dataset_s3_bucket_consumer', 'dataset_s3_bucket_producer' retrieved from /home/airflow/.local/lib/python3.12/site-packages/airflow/example_dags/example_dataset_alias.py
[2025-06-16T18:08:28.089+0000] {logging_mixin.py:190} INFO - [2025-06-16T18:08:28.087+0000] {dag.py:3239} INFO - Sync 4 DAGs
[2025-06-16T18:08:28.153+0000] {logging_mixin.py:190} INFO - [2025-06-16T18:08:28.153+0000] {dag.py:4180} INFO - Setting next_dagrun for dataset_alias_example_alias_consumer to None, run_after=None
[2025-06-16T18:08:28.158+0000] {logging_mixin.py:190} INFO - [2025-06-16T18:08:28.158+0000] {dag.py:4180} INFO - Setting next_dagrun for dataset_alias_example_alias_producer to None, run_after=None
[2025-06-16T18:08:28.166+0000] {logging_mixin.py:190} INFO - [2025-06-16T18:08:28.166+0000] {dag.py:4180} INFO - Setting next_dagrun for dataset_s3_bucket_consumer to None, run_after=None
[2025-06-16T18:08:28.170+0000] {logging_mixin.py:190} INFO - [2025-06-16T18:08:28.170+0000] {dag.py:4180} INFO - Setting next_dagrun for dataset_s3_bucket_producer to None, run_after=None
[2025-06-16T18:08:28.211+0000] {processor.py:208} INFO - Processing /home/airflow/.local/lib/python3.12/site-packages/airflow/example_dags/example_dataset_alias.py took 4.001 seconds
[2025-06-16T19:23:28.094+0000] {processor.py:186} INFO - Started process (PID=1794) to work on /home/airflow/.local/lib/python3.12/site-packages/airflow/example_dags/example_dataset_alias.py
[2025-06-16T19:23:28.200+0000] {processor.py:914} INFO - Processing file /home/airflow/.local/lib/python3.12/site-packages/airflow/example_dags/example_dataset_alias.py for tasks to queue
[2025-06-16T19:23:28.268+0000] {logging_mixin.py:190} INFO - [2025-06-16T19:23:28.255+0000] {dagbag.py:588} INFO - Filling up the DagBag from /home/airflow/.local/lib/python3.12/site-packages/airflow/example_dags/example_dataset_alias.py
[2025-06-16T19:23:32.887+0000] {processor.py:925} INFO - DAG(s) 'dataset_s3_bucket_consumer', 'dataset_s3_bucket_producer', 'dataset_alias_example_alias_producer', 'dataset_alias_example_alias_consumer' retrieved from /home/airflow/.local/lib/python3.12/site-packages/airflow/example_dags/example_dataset_alias.py
[2025-06-16T19:23:32.949+0000] {logging_mixin.py:190} INFO - [2025-06-16T19:23:32.947+0000] {dag.py:3239} INFO - Sync 4 DAGs
[2025-06-16T19:23:32.995+0000] {logging_mixin.py:190} INFO - [2025-06-16T19:23:32.995+0000] {dag.py:4180} INFO - Setting next_dagrun for dataset_alias_example_alias_consumer to None, run_after=None
[2025-06-16T19:23:33.003+0000] {logging_mixin.py:190} INFO - [2025-06-16T19:23:33.003+0000] {dag.py:4180} INFO - Setting next_dagrun for dataset_alias_example_alias_producer to None, run_after=None
[2025-06-16T19:23:33.009+0000] {logging_mixin.py:190} INFO - [2025-06-16T19:23:33.009+0000] {dag.py:4180} INFO - Setting next_dagrun for dataset_s3_bucket_consumer to None, run_after=None
[2025-06-16T19:23:33.019+0000] {logging_mixin.py:190} INFO - [2025-06-16T19:23:33.019+0000] {dag.py:4180} INFO - Setting next_dagrun for dataset_s3_bucket_producer to None, run_after=None
[2025-06-16T19:23:33.089+0000] {processor.py:208} INFO - Processing /home/airflow/.local/lib/python3.12/site-packages/airflow/example_dags/example_dataset_alias.py took 5.048 seconds
