[2025-06-16T13:59:21.143+0000] {processor.py:186} INFO - Started process (PID=62) to work on /home/airflow/.local/lib/python3.12/site-packages/airflow/example_dags/example_xcomargs.py
[2025-06-16T13:59:21.145+0000] {processor.py:914} INFO - Processing file /home/airflow/.local/lib/python3.12/site-packages/airflow/example_dags/example_xcomargs.py for tasks to queue
[2025-06-16T13:59:21.149+0000] {logging_mixin.py:190} INFO - [2025-06-16T13:59:21.149+0000] {dagbag.py:588} INFO - Filling up the DagBag from /home/airflow/.local/lib/python3.12/site-packages/airflow/example_dags/example_xcomargs.py
[2025-06-16T13:59:21.159+0000] {processor.py:925} INFO - DAG(s) 'example_xcom_args_with_operators', 'example_xcom_args' retrieved from /home/airflow/.local/lib/python3.12/site-packages/airflow/example_dags/example_xcomargs.py
[2025-06-16T13:59:21.235+0000] {logging_mixin.py:190} INFO - [2025-06-16T13:59:21.235+0000] {override.py:1912} INFO - Created Permission View: can delete on DAG:example_xcom_args_with_operators
[2025-06-16T13:59:21.248+0000] {logging_mixin.py:190} INFO - [2025-06-16T13:59:21.248+0000] {override.py:1912} INFO - Created Permission View: can read on DAG:example_xcom_args_with_operators
[2025-06-16T13:59:21.259+0000] {logging_mixin.py:190} INFO - [2025-06-16T13:59:21.259+0000] {override.py:1912} INFO - Created Permission View: can edit on DAG:example_xcom_args_with_operators
[2025-06-16T13:59:21.268+0000] {logging_mixin.py:190} INFO - [2025-06-16T13:59:21.267+0000] {override.py:1912} INFO - Created Permission View: can delete on DAG Run:example_xcom_args_with_operators
[2025-06-16T13:59:21.274+0000] {logging_mixin.py:190} INFO - [2025-06-16T13:59:21.273+0000] {override.py:1912} INFO - Created Permission View: can create on DAG Run:example_xcom_args_with_operators
[2025-06-16T13:59:21.279+0000] {logging_mixin.py:190} INFO - [2025-06-16T13:59:21.279+0000] {override.py:1912} INFO - Created Permission View: can read on DAG Run:example_xcom_args_with_operators
[2025-06-16T13:59:21.287+0000] {logging_mixin.py:190} INFO - [2025-06-16T13:59:21.287+0000] {override.py:1912} INFO - Created Permission View: menu access on DAG Run:example_xcom_args_with_operators
[2025-06-16T13:59:21.302+0000] {logging_mixin.py:190} INFO - [2025-06-16T13:59:21.302+0000] {override.py:1912} INFO - Created Permission View: can delete on DAG:example_xcom_args
[2025-06-16T13:59:21.310+0000] {logging_mixin.py:190} INFO - [2025-06-16T13:59:21.310+0000] {override.py:1912} INFO - Created Permission View: can read on DAG:example_xcom_args
[2025-06-16T13:59:21.319+0000] {logging_mixin.py:190} INFO - [2025-06-16T13:59:21.318+0000] {override.py:1912} INFO - Created Permission View: can edit on DAG:example_xcom_args
[2025-06-16T13:59:21.332+0000] {logging_mixin.py:190} INFO - [2025-06-16T13:59:21.332+0000] {override.py:1912} INFO - Created Permission View: can delete on DAG Run:example_xcom_args
[2025-06-16T13:59:21.339+0000] {logging_mixin.py:190} INFO - [2025-06-16T13:59:21.339+0000] {override.py:1912} INFO - Created Permission View: can create on DAG Run:example_xcom_args
[2025-06-16T13:59:21.346+0000] {logging_mixin.py:190} INFO - [2025-06-16T13:59:21.345+0000] {override.py:1912} INFO - Created Permission View: can read on DAG Run:example_xcom_args
[2025-06-16T13:59:21.352+0000] {logging_mixin.py:190} INFO - [2025-06-16T13:59:21.352+0000] {override.py:1912} INFO - Created Permission View: menu access on DAG Run:example_xcom_args
[2025-06-16T13:59:21.354+0000] {logging_mixin.py:190} INFO - [2025-06-16T13:59:21.354+0000] {dag.py:3239} INFO - Sync 2 DAGs
[2025-06-16T13:59:21.367+0000] {logging_mixin.py:190} INFO - [2025-06-16T13:59:21.366+0000] {dag.py:3262} INFO - Creating ORM DAG for example_xcom_args
[2025-06-16T13:59:21.369+0000] {logging_mixin.py:190} INFO - [2025-06-16T13:59:21.369+0000] {dag.py:3262} INFO - Creating ORM DAG for example_xcom_args_with_operators
[2025-06-16T13:59:21.372+0000] {logging_mixin.py:190} INFO - [2025-06-16T13:59:21.372+0000] {dag.py:4180} INFO - Setting next_dagrun for example_xcom_args to None, run_after=None
[2025-06-16T13:59:21.374+0000] {logging_mixin.py:190} INFO - [2025-06-16T13:59:21.374+0000] {dag.py:4180} INFO - Setting next_dagrun for example_xcom_args_with_operators to None, run_after=None
[2025-06-16T13:59:21.392+0000] {processor.py:208} INFO - Processing /home/airflow/.local/lib/python3.12/site-packages/airflow/example_dags/example_xcomargs.py took 0.253 seconds
[2025-06-16T13:59:51.807+0000] {processor.py:186} INFO - Started process (PID=131) to work on /home/airflow/.local/lib/python3.12/site-packages/airflow/example_dags/example_xcomargs.py
[2025-06-16T13:59:51.810+0000] {processor.py:914} INFO - Processing file /home/airflow/.local/lib/python3.12/site-packages/airflow/example_dags/example_xcomargs.py for tasks to queue
[2025-06-16T13:59:51.812+0000] {logging_mixin.py:190} INFO - [2025-06-16T13:59:51.812+0000] {dagbag.py:588} INFO - Filling up the DagBag from /home/airflow/.local/lib/python3.12/site-packages/airflow/example_dags/example_xcomargs.py
[2025-06-16T13:59:51.819+0000] {processor.py:925} INFO - DAG(s) 'example_xcom_args_with_operators', 'example_xcom_args' retrieved from /home/airflow/.local/lib/python3.12/site-packages/airflow/example_dags/example_xcomargs.py
[2025-06-16T13:59:51.844+0000] {logging_mixin.py:190} INFO - [2025-06-16T13:59:51.843+0000] {dag.py:3239} INFO - Sync 2 DAGs
[2025-06-16T13:59:51.864+0000] {logging_mixin.py:190} INFO - [2025-06-16T13:59:51.864+0000] {dag.py:4180} INFO - Setting next_dagrun for example_xcom_args to None, run_after=None
[2025-06-16T13:59:51.873+0000] {logging_mixin.py:190} INFO - [2025-06-16T13:59:51.873+0000] {dag.py:4180} INFO - Setting next_dagrun for example_xcom_args_with_operators to None, run_after=None
[2025-06-16T13:59:51.898+0000] {processor.py:208} INFO - Processing /home/airflow/.local/lib/python3.12/site-packages/airflow/example_dags/example_xcomargs.py took 0.095 seconds
[2025-06-16T14:00:22.090+0000] {processor.py:186} INFO - Started process (PID=194) to work on /home/airflow/.local/lib/python3.12/site-packages/airflow/example_dags/example_xcomargs.py
[2025-06-16T14:00:22.092+0000] {processor.py:914} INFO - Processing file /home/airflow/.local/lib/python3.12/site-packages/airflow/example_dags/example_xcomargs.py for tasks to queue
[2025-06-16T14:00:22.094+0000] {logging_mixin.py:190} INFO - [2025-06-16T14:00:22.094+0000] {dagbag.py:588} INFO - Filling up the DagBag from /home/airflow/.local/lib/python3.12/site-packages/airflow/example_dags/example_xcomargs.py
[2025-06-16T14:00:22.109+0000] {processor.py:925} INFO - DAG(s) 'example_xcom_args_with_operators', 'example_xcom_args' retrieved from /home/airflow/.local/lib/python3.12/site-packages/airflow/example_dags/example_xcomargs.py
[2025-06-16T14:00:22.129+0000] {logging_mixin.py:190} INFO - [2025-06-16T14:00:22.129+0000] {dag.py:3239} INFO - Sync 2 DAGs
[2025-06-16T14:00:22.138+0000] {logging_mixin.py:190} INFO - [2025-06-16T14:00:22.138+0000] {dag.py:4180} INFO - Setting next_dagrun for example_xcom_args to None, run_after=None
[2025-06-16T14:00:22.142+0000] {logging_mixin.py:190} INFO - [2025-06-16T14:00:22.142+0000] {dag.py:4180} INFO - Setting next_dagrun for example_xcom_args_with_operators to None, run_after=None
[2025-06-16T14:00:22.154+0000] {processor.py:208} INFO - Processing /home/airflow/.local/lib/python3.12/site-packages/airflow/example_dags/example_xcomargs.py took 0.070 seconds
[2025-06-16T14:00:52.281+0000] {processor.py:186} INFO - Started process (PID=256) to work on /home/airflow/.local/lib/python3.12/site-packages/airflow/example_dags/example_xcomargs.py
[2025-06-16T14:00:52.284+0000] {processor.py:914} INFO - Processing file /home/airflow/.local/lib/python3.12/site-packages/airflow/example_dags/example_xcomargs.py for tasks to queue
[2025-06-16T14:00:52.286+0000] {logging_mixin.py:190} INFO - [2025-06-16T14:00:52.286+0000] {dagbag.py:588} INFO - Filling up the DagBag from /home/airflow/.local/lib/python3.12/site-packages/airflow/example_dags/example_xcomargs.py
[2025-06-16T14:00:52.292+0000] {processor.py:925} INFO - DAG(s) 'example_xcom_args_with_operators', 'example_xcom_args' retrieved from /home/airflow/.local/lib/python3.12/site-packages/airflow/example_dags/example_xcomargs.py
[2025-06-16T14:00:52.313+0000] {logging_mixin.py:190} INFO - [2025-06-16T14:00:52.313+0000] {dag.py:3239} INFO - Sync 2 DAGs
[2025-06-16T14:00:52.324+0000] {logging_mixin.py:190} INFO - [2025-06-16T14:00:52.323+0000] {dag.py:4180} INFO - Setting next_dagrun for example_xcom_args to None, run_after=None
[2025-06-16T14:00:52.327+0000] {logging_mixin.py:190} INFO - [2025-06-16T14:00:52.327+0000] {dag.py:4180} INFO - Setting next_dagrun for example_xcom_args_with_operators to None, run_after=None
[2025-06-16T14:00:52.337+0000] {processor.py:208} INFO - Processing /home/airflow/.local/lib/python3.12/site-packages/airflow/example_dags/example_xcomargs.py took 0.060 seconds
[2025-06-16T14:01:22.763+0000] {processor.py:186} INFO - Started process (PID=319) to work on /home/airflow/.local/lib/python3.12/site-packages/airflow/example_dags/example_xcomargs.py
[2025-06-16T14:01:22.766+0000] {processor.py:914} INFO - Processing file /home/airflow/.local/lib/python3.12/site-packages/airflow/example_dags/example_xcomargs.py for tasks to queue
[2025-06-16T14:01:22.768+0000] {logging_mixin.py:190} INFO - [2025-06-16T14:01:22.768+0000] {dagbag.py:588} INFO - Filling up the DagBag from /home/airflow/.local/lib/python3.12/site-packages/airflow/example_dags/example_xcomargs.py
[2025-06-16T14:01:22.777+0000] {processor.py:925} INFO - DAG(s) 'example_xcom_args', 'example_xcom_args_with_operators' retrieved from /home/airflow/.local/lib/python3.12/site-packages/airflow/example_dags/example_xcomargs.py
[2025-06-16T14:01:22.799+0000] {logging_mixin.py:190} INFO - [2025-06-16T14:01:22.799+0000] {dag.py:3239} INFO - Sync 2 DAGs
[2025-06-16T14:01:22.813+0000] {logging_mixin.py:190} INFO - [2025-06-16T14:01:22.812+0000] {dag.py:4180} INFO - Setting next_dagrun for example_xcom_args to None, run_after=None
[2025-06-16T14:01:22.818+0000] {logging_mixin.py:190} INFO - [2025-06-16T14:01:22.818+0000] {dag.py:4180} INFO - Setting next_dagrun for example_xcom_args_with_operators to None, run_after=None
[2025-06-16T14:01:22.831+0000] {processor.py:208} INFO - Processing /home/airflow/.local/lib/python3.12/site-packages/airflow/example_dags/example_xcomargs.py took 0.072 seconds
[2025-06-16T14:01:53.400+0000] {processor.py:186} INFO - Started process (PID=382) to work on /home/airflow/.local/lib/python3.12/site-packages/airflow/example_dags/example_xcomargs.py
[2025-06-16T14:01:53.401+0000] {processor.py:914} INFO - Processing file /home/airflow/.local/lib/python3.12/site-packages/airflow/example_dags/example_xcomargs.py for tasks to queue
[2025-06-16T14:01:53.403+0000] {logging_mixin.py:190} INFO - [2025-06-16T14:01:53.403+0000] {dagbag.py:588} INFO - Filling up the DagBag from /home/airflow/.local/lib/python3.12/site-packages/airflow/example_dags/example_xcomargs.py
[2025-06-16T14:01:53.411+0000] {processor.py:925} INFO - DAG(s) 'example_xcom_args', 'example_xcom_args_with_operators' retrieved from /home/airflow/.local/lib/python3.12/site-packages/airflow/example_dags/example_xcomargs.py
[2025-06-16T14:01:53.427+0000] {logging_mixin.py:190} INFO - [2025-06-16T14:01:53.427+0000] {dag.py:3239} INFO - Sync 2 DAGs
[2025-06-16T14:01:53.438+0000] {logging_mixin.py:190} INFO - [2025-06-16T14:01:53.437+0000] {dag.py:4180} INFO - Setting next_dagrun for example_xcom_args to None, run_after=None
[2025-06-16T14:01:53.442+0000] {logging_mixin.py:190} INFO - [2025-06-16T14:01:53.442+0000] {dag.py:4180} INFO - Setting next_dagrun for example_xcom_args_with_operators to None, run_after=None
[2025-06-16T14:01:53.451+0000] {processor.py:208} INFO - Processing /home/airflow/.local/lib/python3.12/site-packages/airflow/example_dags/example_xcomargs.py took 0.055 seconds
[2025-06-16T14:02:24.174+0000] {processor.py:186} INFO - Started process (PID=444) to work on /home/airflow/.local/lib/python3.12/site-packages/airflow/example_dags/example_xcomargs.py
[2025-06-16T14:02:24.176+0000] {processor.py:914} INFO - Processing file /home/airflow/.local/lib/python3.12/site-packages/airflow/example_dags/example_xcomargs.py for tasks to queue
[2025-06-16T14:02:24.178+0000] {logging_mixin.py:190} INFO - [2025-06-16T14:02:24.177+0000] {dagbag.py:588} INFO - Filling up the DagBag from /home/airflow/.local/lib/python3.12/site-packages/airflow/example_dags/example_xcomargs.py
[2025-06-16T14:02:24.185+0000] {processor.py:925} INFO - DAG(s) 'example_xcom_args_with_operators', 'example_xcom_args' retrieved from /home/airflow/.local/lib/python3.12/site-packages/airflow/example_dags/example_xcomargs.py
[2025-06-16T14:02:24.198+0000] {logging_mixin.py:190} INFO - [2025-06-16T14:02:24.198+0000] {dag.py:3239} INFO - Sync 2 DAGs
[2025-06-16T14:02:24.206+0000] {logging_mixin.py:190} INFO - [2025-06-16T14:02:24.206+0000] {dag.py:4180} INFO - Setting next_dagrun for example_xcom_args to None, run_after=None
[2025-06-16T14:02:24.209+0000] {logging_mixin.py:190} INFO - [2025-06-16T14:02:24.209+0000] {dag.py:4180} INFO - Setting next_dagrun for example_xcom_args_with_operators to None, run_after=None
[2025-06-16T14:02:24.219+0000] {processor.py:208} INFO - Processing /home/airflow/.local/lib/python3.12/site-packages/airflow/example_dags/example_xcomargs.py took 0.048 seconds
[2025-06-16T14:02:54.795+0000] {processor.py:186} INFO - Started process (PID=507) to work on /home/airflow/.local/lib/python3.12/site-packages/airflow/example_dags/example_xcomargs.py
[2025-06-16T14:02:54.797+0000] {processor.py:914} INFO - Processing file /home/airflow/.local/lib/python3.12/site-packages/airflow/example_dags/example_xcomargs.py for tasks to queue
[2025-06-16T14:02:54.799+0000] {logging_mixin.py:190} INFO - [2025-06-16T14:02:54.799+0000] {dagbag.py:588} INFO - Filling up the DagBag from /home/airflow/.local/lib/python3.12/site-packages/airflow/example_dags/example_xcomargs.py
[2025-06-16T14:02:54.807+0000] {processor.py:925} INFO - DAG(s) 'example_xcom_args', 'example_xcom_args_with_operators' retrieved from /home/airflow/.local/lib/python3.12/site-packages/airflow/example_dags/example_xcomargs.py
[2025-06-16T14:02:54.826+0000] {logging_mixin.py:190} INFO - [2025-06-16T14:02:54.826+0000] {dag.py:3239} INFO - Sync 2 DAGs
[2025-06-16T14:02:54.836+0000] {logging_mixin.py:190} INFO - [2025-06-16T14:02:54.836+0000] {dag.py:4180} INFO - Setting next_dagrun for example_xcom_args to None, run_after=None
[2025-06-16T14:02:54.840+0000] {logging_mixin.py:190} INFO - [2025-06-16T14:02:54.839+0000] {dag.py:4180} INFO - Setting next_dagrun for example_xcom_args_with_operators to None, run_after=None
[2025-06-16T14:02:54.855+0000] {processor.py:208} INFO - Processing /home/airflow/.local/lib/python3.12/site-packages/airflow/example_dags/example_xcomargs.py took 0.064 seconds
[2025-06-16T14:05:29.307+0000] {processor.py:186} INFO - Started process (PID=531) to work on /home/airflow/.local/lib/python3.12/site-packages/airflow/example_dags/example_xcomargs.py
[2025-06-16T14:05:29.308+0000] {processor.py:914} INFO - Processing file /home/airflow/.local/lib/python3.12/site-packages/airflow/example_dags/example_xcomargs.py for tasks to queue
[2025-06-16T14:05:29.310+0000] {logging_mixin.py:190} INFO - [2025-06-16T14:05:29.310+0000] {dagbag.py:588} INFO - Filling up the DagBag from /home/airflow/.local/lib/python3.12/site-packages/airflow/example_dags/example_xcomargs.py
[2025-06-16T14:05:29.318+0000] {processor.py:925} INFO - DAG(s) 'example_xcom_args', 'example_xcom_args_with_operators' retrieved from /home/airflow/.local/lib/python3.12/site-packages/airflow/example_dags/example_xcomargs.py
[2025-06-16T14:05:29.338+0000] {logging_mixin.py:190} INFO - [2025-06-16T14:05:29.338+0000] {dag.py:3239} INFO - Sync 2 DAGs
[2025-06-16T14:05:29.350+0000] {logging_mixin.py:190} INFO - [2025-06-16T14:05:29.350+0000] {dag.py:4180} INFO - Setting next_dagrun for example_xcom_args to None, run_after=None
[2025-06-16T14:05:29.360+0000] {logging_mixin.py:190} INFO - [2025-06-16T14:05:29.360+0000] {dag.py:4180} INFO - Setting next_dagrun for example_xcom_args_with_operators to None, run_after=None
[2025-06-16T14:05:29.374+0000] {processor.py:208} INFO - Processing /home/airflow/.local/lib/python3.12/site-packages/airflow/example_dags/example_xcomargs.py took 0.072 seconds
[2025-06-16T14:06:00.269+0000] {processor.py:186} INFO - Started process (PID=594) to work on /home/airflow/.local/lib/python3.12/site-packages/airflow/example_dags/example_xcomargs.py
[2025-06-16T14:06:00.271+0000] {processor.py:914} INFO - Processing file /home/airflow/.local/lib/python3.12/site-packages/airflow/example_dags/example_xcomargs.py for tasks to queue
[2025-06-16T14:06:00.273+0000] {logging_mixin.py:190} INFO - [2025-06-16T14:06:00.273+0000] {dagbag.py:588} INFO - Filling up the DagBag from /home/airflow/.local/lib/python3.12/site-packages/airflow/example_dags/example_xcomargs.py
[2025-06-16T14:06:00.281+0000] {processor.py:925} INFO - DAG(s) 'example_xcom_args', 'example_xcom_args_with_operators' retrieved from /home/airflow/.local/lib/python3.12/site-packages/airflow/example_dags/example_xcomargs.py
[2025-06-16T14:06:00.301+0000] {logging_mixin.py:190} INFO - [2025-06-16T14:06:00.301+0000] {dag.py:3239} INFO - Sync 2 DAGs
[2025-06-16T14:06:00.311+0000] {logging_mixin.py:190} INFO - [2025-06-16T14:06:00.311+0000] {dag.py:4180} INFO - Setting next_dagrun for example_xcom_args to None, run_after=None
[2025-06-16T14:06:00.314+0000] {logging_mixin.py:190} INFO - [2025-06-16T14:06:00.314+0000] {dag.py:4180} INFO - Setting next_dagrun for example_xcom_args_with_operators to None, run_after=None
[2025-06-16T14:06:00.327+0000] {processor.py:208} INFO - Processing /home/airflow/.local/lib/python3.12/site-packages/airflow/example_dags/example_xcomargs.py took 0.063 seconds
[2025-06-16T14:06:30.992+0000] {processor.py:186} INFO - Started process (PID=657) to work on /home/airflow/.local/lib/python3.12/site-packages/airflow/example_dags/example_xcomargs.py
[2025-06-16T14:06:30.994+0000] {processor.py:914} INFO - Processing file /home/airflow/.local/lib/python3.12/site-packages/airflow/example_dags/example_xcomargs.py for tasks to queue
[2025-06-16T14:06:30.996+0000] {logging_mixin.py:190} INFO - [2025-06-16T14:06:30.995+0000] {dagbag.py:588} INFO - Filling up the DagBag from /home/airflow/.local/lib/python3.12/site-packages/airflow/example_dags/example_xcomargs.py
[2025-06-16T14:06:31.003+0000] {processor.py:925} INFO - DAG(s) 'example_xcom_args', 'example_xcom_args_with_operators' retrieved from /home/airflow/.local/lib/python3.12/site-packages/airflow/example_dags/example_xcomargs.py
[2025-06-16T14:06:31.023+0000] {logging_mixin.py:190} INFO - [2025-06-16T14:06:31.023+0000] {dag.py:3239} INFO - Sync 2 DAGs
[2025-06-16T14:06:31.033+0000] {logging_mixin.py:190} INFO - [2025-06-16T14:06:31.032+0000] {dag.py:4180} INFO - Setting next_dagrun for example_xcom_args to None, run_after=None
[2025-06-16T14:06:31.036+0000] {logging_mixin.py:190} INFO - [2025-06-16T14:06:31.036+0000] {dag.py:4180} INFO - Setting next_dagrun for example_xcom_args_with_operators to None, run_after=None
[2025-06-16T14:06:31.054+0000] {processor.py:208} INFO - Processing /home/airflow/.local/lib/python3.12/site-packages/airflow/example_dags/example_xcomargs.py took 0.065 seconds
[2025-06-16T14:07:02.036+0000] {processor.py:186} INFO - Started process (PID=720) to work on /home/airflow/.local/lib/python3.12/site-packages/airflow/example_dags/example_xcomargs.py
[2025-06-16T14:07:02.039+0000] {processor.py:914} INFO - Processing file /home/airflow/.local/lib/python3.12/site-packages/airflow/example_dags/example_xcomargs.py for tasks to queue
[2025-06-16T14:07:02.044+0000] {logging_mixin.py:190} INFO - [2025-06-16T14:07:02.043+0000] {dagbag.py:588} INFO - Filling up the DagBag from /home/airflow/.local/lib/python3.12/site-packages/airflow/example_dags/example_xcomargs.py
[2025-06-16T14:07:02.057+0000] {processor.py:925} INFO - DAG(s) 'example_xcom_args_with_operators', 'example_xcom_args' retrieved from /home/airflow/.local/lib/python3.12/site-packages/airflow/example_dags/example_xcomargs.py
[2025-06-16T14:07:02.082+0000] {logging_mixin.py:190} INFO - [2025-06-16T14:07:02.082+0000] {dag.py:3239} INFO - Sync 2 DAGs
[2025-06-16T14:07:02.100+0000] {logging_mixin.py:190} INFO - [2025-06-16T14:07:02.100+0000] {dag.py:4180} INFO - Setting next_dagrun for example_xcom_args to None, run_after=None
[2025-06-16T14:07:02.111+0000] {logging_mixin.py:190} INFO - [2025-06-16T14:07:02.111+0000] {dag.py:4180} INFO - Setting next_dagrun for example_xcom_args_with_operators to None, run_after=None
[2025-06-16T14:07:02.126+0000] {processor.py:208} INFO - Processing /home/airflow/.local/lib/python3.12/site-packages/airflow/example_dags/example_xcomargs.py took 0.095 seconds
[2025-06-16T14:07:32.657+0000] {processor.py:186} INFO - Started process (PID=782) to work on /home/airflow/.local/lib/python3.12/site-packages/airflow/example_dags/example_xcomargs.py
[2025-06-16T14:07:32.659+0000] {processor.py:914} INFO - Processing file /home/airflow/.local/lib/python3.12/site-packages/airflow/example_dags/example_xcomargs.py for tasks to queue
[2025-06-16T14:07:32.661+0000] {logging_mixin.py:190} INFO - [2025-06-16T14:07:32.661+0000] {dagbag.py:588} INFO - Filling up the DagBag from /home/airflow/.local/lib/python3.12/site-packages/airflow/example_dags/example_xcomargs.py
[2025-06-16T14:07:32.669+0000] {processor.py:925} INFO - DAG(s) 'example_xcom_args_with_operators', 'example_xcom_args' retrieved from /home/airflow/.local/lib/python3.12/site-packages/airflow/example_dags/example_xcomargs.py
[2025-06-16T14:07:32.689+0000] {logging_mixin.py:190} INFO - [2025-06-16T14:07:32.688+0000] {dag.py:3239} INFO - Sync 2 DAGs
[2025-06-16T14:07:32.700+0000] {logging_mixin.py:190} INFO - [2025-06-16T14:07:32.700+0000] {dag.py:4180} INFO - Setting next_dagrun for example_xcom_args to None, run_after=None
[2025-06-16T14:07:32.703+0000] {logging_mixin.py:190} INFO - [2025-06-16T14:07:32.703+0000] {dag.py:4180} INFO - Setting next_dagrun for example_xcom_args_with_operators to None, run_after=None
[2025-06-16T14:07:32.720+0000] {processor.py:208} INFO - Processing /home/airflow/.local/lib/python3.12/site-packages/airflow/example_dags/example_xcomargs.py took 0.067 seconds
[2025-06-16T14:08:03.049+0000] {processor.py:186} INFO - Started process (PID=844) to work on /home/airflow/.local/lib/python3.12/site-packages/airflow/example_dags/example_xcomargs.py
[2025-06-16T14:08:03.050+0000] {processor.py:914} INFO - Processing file /home/airflow/.local/lib/python3.12/site-packages/airflow/example_dags/example_xcomargs.py for tasks to queue
[2025-06-16T14:08:03.054+0000] {logging_mixin.py:190} INFO - [2025-06-16T14:08:03.053+0000] {dagbag.py:588} INFO - Filling up the DagBag from /home/airflow/.local/lib/python3.12/site-packages/airflow/example_dags/example_xcomargs.py
[2025-06-16T14:08:03.062+0000] {processor.py:925} INFO - DAG(s) 'example_xcom_args_with_operators', 'example_xcom_args' retrieved from /home/airflow/.local/lib/python3.12/site-packages/airflow/example_dags/example_xcomargs.py
[2025-06-16T14:08:03.079+0000] {logging_mixin.py:190} INFO - [2025-06-16T14:08:03.079+0000] {dag.py:3239} INFO - Sync 2 DAGs
[2025-06-16T14:08:03.089+0000] {logging_mixin.py:190} INFO - [2025-06-16T14:08:03.089+0000] {dag.py:4180} INFO - Setting next_dagrun for example_xcom_args to None, run_after=None
[2025-06-16T14:08:03.093+0000] {logging_mixin.py:190} INFO - [2025-06-16T14:08:03.093+0000] {dag.py:4180} INFO - Setting next_dagrun for example_xcom_args_with_operators to None, run_after=None
[2025-06-16T14:08:03.105+0000] {processor.py:208} INFO - Processing /home/airflow/.local/lib/python3.12/site-packages/airflow/example_dags/example_xcomargs.py took 0.059 seconds
[2025-06-16T14:08:33.268+0000] {processor.py:186} INFO - Started process (PID=907) to work on /home/airflow/.local/lib/python3.12/site-packages/airflow/example_dags/example_xcomargs.py
[2025-06-16T14:08:33.270+0000] {processor.py:914} INFO - Processing file /home/airflow/.local/lib/python3.12/site-packages/airflow/example_dags/example_xcomargs.py for tasks to queue
[2025-06-16T14:08:33.273+0000] {logging_mixin.py:190} INFO - [2025-06-16T14:08:33.273+0000] {dagbag.py:588} INFO - Filling up the DagBag from /home/airflow/.local/lib/python3.12/site-packages/airflow/example_dags/example_xcomargs.py
[2025-06-16T14:08:33.282+0000] {processor.py:925} INFO - DAG(s) 'example_xcom_args_with_operators', 'example_xcom_args' retrieved from /home/airflow/.local/lib/python3.12/site-packages/airflow/example_dags/example_xcomargs.py
[2025-06-16T14:08:33.299+0000] {logging_mixin.py:190} INFO - [2025-06-16T14:08:33.299+0000] {dag.py:3239} INFO - Sync 2 DAGs
[2025-06-16T14:08:33.313+0000] {logging_mixin.py:190} INFO - [2025-06-16T14:08:33.313+0000] {dag.py:4180} INFO - Setting next_dagrun for example_xcom_args to None, run_after=None
[2025-06-16T14:08:33.320+0000] {logging_mixin.py:190} INFO - [2025-06-16T14:08:33.320+0000] {dag.py:4180} INFO - Setting next_dagrun for example_xcom_args_with_operators to None, run_after=None
[2025-06-16T14:08:33.331+0000] {processor.py:208} INFO - Processing /home/airflow/.local/lib/python3.12/site-packages/airflow/example_dags/example_xcomargs.py took 0.067 seconds
[2025-06-16T14:09:04.346+0000] {processor.py:186} INFO - Started process (PID=970) to work on /home/airflow/.local/lib/python3.12/site-packages/airflow/example_dags/example_xcomargs.py
[2025-06-16T14:09:04.347+0000] {processor.py:914} INFO - Processing file /home/airflow/.local/lib/python3.12/site-packages/airflow/example_dags/example_xcomargs.py for tasks to queue
[2025-06-16T14:09:04.352+0000] {logging_mixin.py:190} INFO - [2025-06-16T14:09:04.352+0000] {dagbag.py:588} INFO - Filling up the DagBag from /home/airflow/.local/lib/python3.12/site-packages/airflow/example_dags/example_xcomargs.py
[2025-06-16T14:09:04.364+0000] {processor.py:925} INFO - DAG(s) 'example_xcom_args_with_operators', 'example_xcom_args' retrieved from /home/airflow/.local/lib/python3.12/site-packages/airflow/example_dags/example_xcomargs.py
[2025-06-16T14:09:04.386+0000] {logging_mixin.py:190} INFO - [2025-06-16T14:09:04.386+0000] {dag.py:3239} INFO - Sync 2 DAGs
[2025-06-16T14:09:04.397+0000] {logging_mixin.py:190} INFO - [2025-06-16T14:09:04.396+0000] {dag.py:4180} INFO - Setting next_dagrun for example_xcom_args to None, run_after=None
[2025-06-16T14:09:04.399+0000] {logging_mixin.py:190} INFO - [2025-06-16T14:09:04.399+0000] {dag.py:4180} INFO - Setting next_dagrun for example_xcom_args_with_operators to None, run_after=None
[2025-06-16T14:09:04.409+0000] {processor.py:208} INFO - Processing /home/airflow/.local/lib/python3.12/site-packages/airflow/example_dags/example_xcomargs.py took 0.067 seconds
[2025-06-16T14:09:35.281+0000] {processor.py:186} INFO - Started process (PID=1033) to work on /home/airflow/.local/lib/python3.12/site-packages/airflow/example_dags/example_xcomargs.py
[2025-06-16T14:09:35.283+0000] {processor.py:914} INFO - Processing file /home/airflow/.local/lib/python3.12/site-packages/airflow/example_dags/example_xcomargs.py for tasks to queue
[2025-06-16T14:09:35.287+0000] {logging_mixin.py:190} INFO - [2025-06-16T14:09:35.286+0000] {dagbag.py:588} INFO - Filling up the DagBag from /home/airflow/.local/lib/python3.12/site-packages/airflow/example_dags/example_xcomargs.py
[2025-06-16T14:09:35.295+0000] {processor.py:925} INFO - DAG(s) 'example_xcom_args_with_operators', 'example_xcom_args' retrieved from /home/airflow/.local/lib/python3.12/site-packages/airflow/example_dags/example_xcomargs.py
[2025-06-16T14:09:35.313+0000] {logging_mixin.py:190} INFO - [2025-06-16T14:09:35.313+0000] {dag.py:3239} INFO - Sync 2 DAGs
[2025-06-16T14:09:35.323+0000] {logging_mixin.py:190} INFO - [2025-06-16T14:09:35.322+0000] {dag.py:4180} INFO - Setting next_dagrun for example_xcom_args to None, run_after=None
[2025-06-16T14:09:35.326+0000] {logging_mixin.py:190} INFO - [2025-06-16T14:09:35.326+0000] {dag.py:4180} INFO - Setting next_dagrun for example_xcom_args_with_operators to None, run_after=None
[2025-06-16T14:09:35.339+0000] {processor.py:208} INFO - Processing /home/airflow/.local/lib/python3.12/site-packages/airflow/example_dags/example_xcomargs.py took 0.062 seconds
[2025-06-16T14:10:49.572+0000] {processor.py:186} INFO - Started process (PID=1096) to work on /home/airflow/.local/lib/python3.12/site-packages/airflow/example_dags/example_xcomargs.py
[2025-06-16T14:10:49.573+0000] {processor.py:914} INFO - Processing file /home/airflow/.local/lib/python3.12/site-packages/airflow/example_dags/example_xcomargs.py for tasks to queue
[2025-06-16T14:10:49.575+0000] {logging_mixin.py:190} INFO - [2025-06-16T14:10:49.575+0000] {dagbag.py:588} INFO - Filling up the DagBag from /home/airflow/.local/lib/python3.12/site-packages/airflow/example_dags/example_xcomargs.py
[2025-06-16T14:10:49.581+0000] {processor.py:925} INFO - DAG(s) 'example_xcom_args_with_operators', 'example_xcom_args' retrieved from /home/airflow/.local/lib/python3.12/site-packages/airflow/example_dags/example_xcomargs.py
[2025-06-16T14:10:49.596+0000] {logging_mixin.py:190} INFO - [2025-06-16T14:10:49.596+0000] {dag.py:3239} INFO - Sync 2 DAGs
[2025-06-16T14:10:49.608+0000] {logging_mixin.py:190} INFO - [2025-06-16T14:10:49.608+0000] {dag.py:4180} INFO - Setting next_dagrun for example_xcom_args to None, run_after=None
[2025-06-16T14:10:49.611+0000] {logging_mixin.py:190} INFO - [2025-06-16T14:10:49.611+0000] {dag.py:4180} INFO - Setting next_dagrun for example_xcom_args_with_operators to None, run_after=None
[2025-06-16T14:10:49.621+0000] {processor.py:208} INFO - Processing /home/airflow/.local/lib/python3.12/site-packages/airflow/example_dags/example_xcomargs.py took 0.053 seconds
[2025-06-16T14:11:38.643+0000] {processor.py:186} INFO - Started process (PID=1159) to work on /home/airflow/.local/lib/python3.12/site-packages/airflow/example_dags/example_xcomargs.py
[2025-06-16T14:11:38.644+0000] {processor.py:914} INFO - Processing file /home/airflow/.local/lib/python3.12/site-packages/airflow/example_dags/example_xcomargs.py for tasks to queue
[2025-06-16T14:11:38.646+0000] {logging_mixin.py:190} INFO - [2025-06-16T14:11:38.646+0000] {dagbag.py:588} INFO - Filling up the DagBag from /home/airflow/.local/lib/python3.12/site-packages/airflow/example_dags/example_xcomargs.py
[2025-06-16T14:11:38.652+0000] {processor.py:925} INFO - DAG(s) 'example_xcom_args_with_operators', 'example_xcom_args' retrieved from /home/airflow/.local/lib/python3.12/site-packages/airflow/example_dags/example_xcomargs.py
[2025-06-16T14:11:38.668+0000] {logging_mixin.py:190} INFO - [2025-06-16T14:11:38.668+0000] {dag.py:3239} INFO - Sync 2 DAGs
[2025-06-16T14:11:38.678+0000] {logging_mixin.py:190} INFO - [2025-06-16T14:11:38.678+0000] {dag.py:4180} INFO - Setting next_dagrun for example_xcom_args to None, run_after=None
[2025-06-16T14:11:38.681+0000] {logging_mixin.py:190} INFO - [2025-06-16T14:11:38.681+0000] {dag.py:4180} INFO - Setting next_dagrun for example_xcom_args_with_operators to None, run_after=None
[2025-06-16T14:11:38.695+0000] {processor.py:208} INFO - Processing /home/airflow/.local/lib/python3.12/site-packages/airflow/example_dags/example_xcomargs.py took 0.056 seconds
[2025-06-16T14:12:09.387+0000] {processor.py:186} INFO - Started process (PID=1222) to work on /home/airflow/.local/lib/python3.12/site-packages/airflow/example_dags/example_xcomargs.py
[2025-06-16T14:12:09.388+0000] {processor.py:914} INFO - Processing file /home/airflow/.local/lib/python3.12/site-packages/airflow/example_dags/example_xcomargs.py for tasks to queue
[2025-06-16T14:12:09.390+0000] {logging_mixin.py:190} INFO - [2025-06-16T14:12:09.390+0000] {dagbag.py:588} INFO - Filling up the DagBag from /home/airflow/.local/lib/python3.12/site-packages/airflow/example_dags/example_xcomargs.py
[2025-06-16T14:12:09.397+0000] {processor.py:925} INFO - DAG(s) 'example_xcom_args_with_operators', 'example_xcom_args' retrieved from /home/airflow/.local/lib/python3.12/site-packages/airflow/example_dags/example_xcomargs.py
[2025-06-16T14:12:09.411+0000] {logging_mixin.py:190} INFO - [2025-06-16T14:12:09.411+0000] {dag.py:3239} INFO - Sync 2 DAGs
[2025-06-16T14:12:09.419+0000] {logging_mixin.py:190} INFO - [2025-06-16T14:12:09.419+0000] {dag.py:4180} INFO - Setting next_dagrun for example_xcom_args to None, run_after=None
[2025-06-16T14:12:09.423+0000] {logging_mixin.py:190} INFO - [2025-06-16T14:12:09.422+0000] {dag.py:4180} INFO - Setting next_dagrun for example_xcom_args_with_operators to None, run_after=None
[2025-06-16T14:12:09.433+0000] {processor.py:208} INFO - Processing /home/airflow/.local/lib/python3.12/site-packages/airflow/example_dags/example_xcomargs.py took 0.050 seconds
[2025-06-16T14:12:39.571+0000] {processor.py:186} INFO - Started process (PID=1285) to work on /home/airflow/.local/lib/python3.12/site-packages/airflow/example_dags/example_xcomargs.py
[2025-06-16T14:12:39.572+0000] {processor.py:914} INFO - Processing file /home/airflow/.local/lib/python3.12/site-packages/airflow/example_dags/example_xcomargs.py for tasks to queue
[2025-06-16T14:12:39.574+0000] {logging_mixin.py:190} INFO - [2025-06-16T14:12:39.574+0000] {dagbag.py:588} INFO - Filling up the DagBag from /home/airflow/.local/lib/python3.12/site-packages/airflow/example_dags/example_xcomargs.py
[2025-06-16T14:12:39.581+0000] {processor.py:925} INFO - DAG(s) 'example_xcom_args', 'example_xcom_args_with_operators' retrieved from /home/airflow/.local/lib/python3.12/site-packages/airflow/example_dags/example_xcomargs.py
[2025-06-16T14:12:39.597+0000] {logging_mixin.py:190} INFO - [2025-06-16T14:12:39.597+0000] {dag.py:3239} INFO - Sync 2 DAGs
[2025-06-16T14:12:39.606+0000] {logging_mixin.py:190} INFO - [2025-06-16T14:12:39.605+0000] {dag.py:4180} INFO - Setting next_dagrun for example_xcom_args to None, run_after=None
[2025-06-16T14:12:39.609+0000] {logging_mixin.py:190} INFO - [2025-06-16T14:12:39.609+0000] {dag.py:4180} INFO - Setting next_dagrun for example_xcom_args_with_operators to None, run_after=None
[2025-06-16T14:12:39.620+0000] {processor.py:208} INFO - Processing /home/airflow/.local/lib/python3.12/site-packages/airflow/example_dags/example_xcomargs.py took 0.053 seconds
[2025-06-16T14:13:10.315+0000] {processor.py:186} INFO - Started process (PID=1348) to work on /home/airflow/.local/lib/python3.12/site-packages/airflow/example_dags/example_xcomargs.py
[2025-06-16T14:13:10.317+0000] {processor.py:914} INFO - Processing file /home/airflow/.local/lib/python3.12/site-packages/airflow/example_dags/example_xcomargs.py for tasks to queue
[2025-06-16T14:13:10.319+0000] {logging_mixin.py:190} INFO - [2025-06-16T14:13:10.319+0000] {dagbag.py:588} INFO - Filling up the DagBag from /home/airflow/.local/lib/python3.12/site-packages/airflow/example_dags/example_xcomargs.py
[2025-06-16T14:13:10.325+0000] {processor.py:925} INFO - DAG(s) 'example_xcom_args', 'example_xcom_args_with_operators' retrieved from /home/airflow/.local/lib/python3.12/site-packages/airflow/example_dags/example_xcomargs.py
[2025-06-16T14:13:10.344+0000] {logging_mixin.py:190} INFO - [2025-06-16T14:13:10.344+0000] {dag.py:3239} INFO - Sync 2 DAGs
[2025-06-16T14:13:10.353+0000] {logging_mixin.py:190} INFO - [2025-06-16T14:13:10.353+0000] {dag.py:4180} INFO - Setting next_dagrun for example_xcom_args to None, run_after=None
[2025-06-16T14:13:10.358+0000] {logging_mixin.py:190} INFO - [2025-06-16T14:13:10.358+0000] {dag.py:4180} INFO - Setting next_dagrun for example_xcom_args_with_operators to None, run_after=None
[2025-06-16T14:13:10.372+0000] {processor.py:208} INFO - Processing /home/airflow/.local/lib/python3.12/site-packages/airflow/example_dags/example_xcomargs.py took 0.061 seconds
[2025-06-16T14:13:40.928+0000] {processor.py:186} INFO - Started process (PID=1411) to work on /home/airflow/.local/lib/python3.12/site-packages/airflow/example_dags/example_xcomargs.py
[2025-06-16T14:13:40.930+0000] {processor.py:914} INFO - Processing file /home/airflow/.local/lib/python3.12/site-packages/airflow/example_dags/example_xcomargs.py for tasks to queue
[2025-06-16T14:13:40.934+0000] {logging_mixin.py:190} INFO - [2025-06-16T14:13:40.933+0000] {dagbag.py:588} INFO - Filling up the DagBag from /home/airflow/.local/lib/python3.12/site-packages/airflow/example_dags/example_xcomargs.py
[2025-06-16T14:13:40.943+0000] {processor.py:925} INFO - DAG(s) 'example_xcom_args', 'example_xcom_args_with_operators' retrieved from /home/airflow/.local/lib/python3.12/site-packages/airflow/example_dags/example_xcomargs.py
[2025-06-16T14:13:40.958+0000] {logging_mixin.py:190} INFO - [2025-06-16T14:13:40.958+0000] {dag.py:3239} INFO - Sync 2 DAGs
[2025-06-16T14:13:40.968+0000] {logging_mixin.py:190} INFO - [2025-06-16T14:13:40.968+0000] {dag.py:4180} INFO - Setting next_dagrun for example_xcom_args to None, run_after=None
[2025-06-16T14:13:40.971+0000] {logging_mixin.py:190} INFO - [2025-06-16T14:13:40.971+0000] {dag.py:4180} INFO - Setting next_dagrun for example_xcom_args_with_operators to None, run_after=None
[2025-06-16T14:13:40.984+0000] {processor.py:208} INFO - Processing /home/airflow/.local/lib/python3.12/site-packages/airflow/example_dags/example_xcomargs.py took 0.061 seconds
[2025-06-16T14:14:11.704+0000] {processor.py:186} INFO - Started process (PID=1474) to work on /home/airflow/.local/lib/python3.12/site-packages/airflow/example_dags/example_xcomargs.py
[2025-06-16T14:14:11.706+0000] {processor.py:914} INFO - Processing file /home/airflow/.local/lib/python3.12/site-packages/airflow/example_dags/example_xcomargs.py for tasks to queue
[2025-06-16T14:14:11.709+0000] {logging_mixin.py:190} INFO - [2025-06-16T14:14:11.709+0000] {dagbag.py:588} INFO - Filling up the DagBag from /home/airflow/.local/lib/python3.12/site-packages/airflow/example_dags/example_xcomargs.py
[2025-06-16T14:14:11.716+0000] {processor.py:925} INFO - DAG(s) 'example_xcom_args', 'example_xcom_args_with_operators' retrieved from /home/airflow/.local/lib/python3.12/site-packages/airflow/example_dags/example_xcomargs.py
[2025-06-16T14:14:11.734+0000] {logging_mixin.py:190} INFO - [2025-06-16T14:14:11.734+0000] {dag.py:3239} INFO - Sync 2 DAGs
[2025-06-16T14:14:11.742+0000] {logging_mixin.py:190} INFO - [2025-06-16T14:14:11.742+0000] {dag.py:4180} INFO - Setting next_dagrun for example_xcom_args to None, run_after=None
[2025-06-16T14:14:11.745+0000] {logging_mixin.py:190} INFO - [2025-06-16T14:14:11.745+0000] {dag.py:4180} INFO - Setting next_dagrun for example_xcom_args_with_operators to None, run_after=None
[2025-06-16T14:14:11.762+0000] {processor.py:208} INFO - Processing /home/airflow/.local/lib/python3.12/site-packages/airflow/example_dags/example_xcomargs.py took 0.061 seconds
[2025-06-16T15:07:17.510+0000] {processor.py:186} INFO - Started process (PID=1537) to work on /home/airflow/.local/lib/python3.12/site-packages/airflow/example_dags/example_xcomargs.py
[2025-06-16T15:07:17.511+0000] {processor.py:914} INFO - Processing file /home/airflow/.local/lib/python3.12/site-packages/airflow/example_dags/example_xcomargs.py for tasks to queue
[2025-06-16T15:07:17.513+0000] {logging_mixin.py:190} INFO - [2025-06-16T15:07:17.513+0000] {dagbag.py:588} INFO - Filling up the DagBag from /home/airflow/.local/lib/python3.12/site-packages/airflow/example_dags/example_xcomargs.py
[2025-06-16T15:07:17.519+0000] {processor.py:925} INFO - DAG(s) 'example_xcom_args_with_operators', 'example_xcom_args' retrieved from /home/airflow/.local/lib/python3.12/site-packages/airflow/example_dags/example_xcomargs.py
[2025-06-16T15:07:17.531+0000] {logging_mixin.py:190} INFO - [2025-06-16T15:07:17.531+0000] {dag.py:3239} INFO - Sync 2 DAGs
[2025-06-16T15:07:17.541+0000] {logging_mixin.py:190} INFO - [2025-06-16T15:07:17.541+0000] {dag.py:4180} INFO - Setting next_dagrun for example_xcom_args to None, run_after=None
[2025-06-16T15:07:17.544+0000] {logging_mixin.py:190} INFO - [2025-06-16T15:07:17.544+0000] {dag.py:4180} INFO - Setting next_dagrun for example_xcom_args_with_operators to None, run_after=None
[2025-06-16T15:07:17.553+0000] {processor.py:208} INFO - Processing /home/airflow/.local/lib/python3.12/site-packages/airflow/example_dags/example_xcomargs.py took 0.045 seconds
[2025-06-16T15:57:46.041+0000] {processor.py:186} INFO - Started process (PID=1600) to work on /home/airflow/.local/lib/python3.12/site-packages/airflow/example_dags/example_xcomargs.py
[2025-06-16T15:57:46.045+0000] {processor.py:914} INFO - Processing file /home/airflow/.local/lib/python3.12/site-packages/airflow/example_dags/example_xcomargs.py for tasks to queue
[2025-06-16T15:57:46.051+0000] {logging_mixin.py:190} INFO - [2025-06-16T15:57:46.050+0000] {dagbag.py:588} INFO - Filling up the DagBag from /home/airflow/.local/lib/python3.12/site-packages/airflow/example_dags/example_xcomargs.py
[2025-06-16T15:57:46.067+0000] {processor.py:925} INFO - DAG(s) 'example_xcom_args_with_operators', 'example_xcom_args' retrieved from /home/airflow/.local/lib/python3.12/site-packages/airflow/example_dags/example_xcomargs.py
[2025-06-16T15:57:46.100+0000] {logging_mixin.py:190} INFO - [2025-06-16T15:57:46.099+0000] {dag.py:3239} INFO - Sync 2 DAGs
[2025-06-16T15:57:46.130+0000] {logging_mixin.py:190} INFO - [2025-06-16T15:57:46.129+0000] {dag.py:4180} INFO - Setting next_dagrun for example_xcom_args to None, run_after=None
[2025-06-16T15:57:46.139+0000] {logging_mixin.py:190} INFO - [2025-06-16T15:57:46.139+0000] {dag.py:4180} INFO - Setting next_dagrun for example_xcom_args_with_operators to None, run_after=None
[2025-06-16T15:57:46.157+0000] {processor.py:208} INFO - Processing /home/airflow/.local/lib/python3.12/site-packages/airflow/example_dags/example_xcomargs.py took 0.125 seconds
[2025-06-16T17:08:52.166+0000] {processor.py:186} INFO - Started process (PID=1664) to work on /home/airflow/.local/lib/python3.12/site-packages/airflow/example_dags/example_xcomargs.py
[2025-06-16T17:08:52.169+0000] {processor.py:914} INFO - Processing file /home/airflow/.local/lib/python3.12/site-packages/airflow/example_dags/example_xcomargs.py for tasks to queue
[2025-06-16T17:08:52.178+0000] {logging_mixin.py:190} INFO - [2025-06-16T17:08:52.178+0000] {dagbag.py:588} INFO - Filling up the DagBag from /home/airflow/.local/lib/python3.12/site-packages/airflow/example_dags/example_xcomargs.py
[2025-06-16T17:08:52.201+0000] {processor.py:925} INFO - DAG(s) 'example_xcom_args', 'example_xcom_args_with_operators' retrieved from /home/airflow/.local/lib/python3.12/site-packages/airflow/example_dags/example_xcomargs.py
[2025-06-16T17:08:52.236+0000] {logging_mixin.py:190} INFO - [2025-06-16T17:08:52.236+0000] {dag.py:3239} INFO - Sync 2 DAGs
[2025-06-16T17:08:52.273+0000] {logging_mixin.py:190} INFO - [2025-06-16T17:08:52.271+0000] {dag.py:4180} INFO - Setting next_dagrun for example_xcom_args to None, run_after=None
[2025-06-16T17:08:52.281+0000] {logging_mixin.py:190} INFO - [2025-06-16T17:08:52.281+0000] {dag.py:4180} INFO - Setting next_dagrun for example_xcom_args_with_operators to None, run_after=None
[2025-06-16T17:08:52.313+0000] {processor.py:208} INFO - Processing /home/airflow/.local/lib/python3.12/site-packages/airflow/example_dags/example_xcomargs.py took 0.152 seconds
[2025-06-16T18:08:23.879+0000] {processor.py:186} INFO - Started process (PID=1727) to work on /home/airflow/.local/lib/python3.12/site-packages/airflow/example_dags/example_xcomargs.py
[2025-06-16T18:08:23.881+0000] {processor.py:914} INFO - Processing file /home/airflow/.local/lib/python3.12/site-packages/airflow/example_dags/example_xcomargs.py for tasks to queue
[2025-06-16T18:08:23.886+0000] {logging_mixin.py:190} INFO - [2025-06-16T18:08:23.886+0000] {dagbag.py:588} INFO - Filling up the DagBag from /home/airflow/.local/lib/python3.12/site-packages/airflow/example_dags/example_xcomargs.py
[2025-06-16T18:08:23.897+0000] {processor.py:925} INFO - DAG(s) 'example_xcom_args', 'example_xcom_args_with_operators' retrieved from /home/airflow/.local/lib/python3.12/site-packages/airflow/example_dags/example_xcomargs.py
[2025-06-16T18:08:23.934+0000] {logging_mixin.py:190} INFO - [2025-06-16T18:08:23.934+0000] {dag.py:3239} INFO - Sync 2 DAGs
[2025-06-16T18:08:23.968+0000] {logging_mixin.py:190} INFO - [2025-06-16T18:08:23.968+0000] {dag.py:4180} INFO - Setting next_dagrun for example_xcom_args to None, run_after=None
[2025-06-16T18:08:23.983+0000] {logging_mixin.py:190} INFO - [2025-06-16T18:08:23.981+0000] {dag.py:4180} INFO - Setting next_dagrun for example_xcom_args_with_operators to None, run_after=None
[2025-06-16T18:08:24.021+0000] {processor.py:208} INFO - Processing /home/airflow/.local/lib/python3.12/site-packages/airflow/example_dags/example_xcomargs.py took 0.147 seconds
[2025-06-16T19:23:08.579+0000] {processor.py:186} INFO - Started process (PID=1790) to work on /home/airflow/.local/lib/python3.12/site-packages/airflow/example_dags/example_xcomargs.py
[2025-06-16T19:23:08.584+0000] {processor.py:914} INFO - Processing file /home/airflow/.local/lib/python3.12/site-packages/airflow/example_dags/example_xcomargs.py for tasks to queue
[2025-06-16T19:23:08.589+0000] {logging_mixin.py:190} INFO - [2025-06-16T19:23:08.589+0000] {dagbag.py:588} INFO - Filling up the DagBag from /home/airflow/.local/lib/python3.12/site-packages/airflow/example_dags/example_xcomargs.py
[2025-06-16T19:23:08.616+0000] {processor.py:925} INFO - DAG(s) 'example_xcom_args', 'example_xcom_args_with_operators' retrieved from /home/airflow/.local/lib/python3.12/site-packages/airflow/example_dags/example_xcomargs.py
[2025-06-16T19:23:08.666+0000] {logging_mixin.py:190} INFO - [2025-06-16T19:23:08.666+0000] {dag.py:3239} INFO - Sync 2 DAGs
[2025-06-16T19:23:08.700+0000] {logging_mixin.py:190} INFO - [2025-06-16T19:23:08.700+0000] {dag.py:4180} INFO - Setting next_dagrun for example_xcom_args to None, run_after=None
[2025-06-16T19:23:08.711+0000] {logging_mixin.py:190} INFO - [2025-06-16T19:23:08.710+0000] {dag.py:4180} INFO - Setting next_dagrun for example_xcom_args_with_operators to None, run_after=None
[2025-06-16T19:23:08.743+0000] {processor.py:208} INFO - Processing /home/airflow/.local/lib/python3.12/site-packages/airflow/example_dags/example_xcomargs.py took 0.184 seconds
