[2025-06-16T13:59:34.471+0000] {processor.py:186} INFO - Started process (PID=112) to work on /home/airflow/.local/lib/python3.12/site-packages/airflow/example_dags/example_setup_teardown.py
[2025-06-16T13:59:34.473+0000] {processor.py:914} INFO - Processing file /home/airflow/.local/lib/python3.12/site-packages/airflow/example_dags/example_setup_teardown.py for tasks to queue
[2025-06-16T13:59:34.475+0000] {logging_mixin.py:190} INFO - [2025-06-16T13:59:34.474+0000] {dagbag.py:588} INFO - Filling up the DagBag from /home/airflow/.local/lib/python3.12/site-packages/airflow/example_dags/example_setup_teardown.py
[2025-06-16T13:59:34.485+0000] {processor.py:925} INFO - DAG(s) 'example_setup_teardown' retrieved from /home/airflow/.local/lib/python3.12/site-packages/airflow/example_dags/example_setup_teardown.py
[2025-06-16T13:59:34.574+0000] {logging_mixin.py:190} INFO - [2025-06-16T13:59:34.574+0000] {override.py:1912} INFO - Created Permission View: can delete on DAG:example_setup_teardown
[2025-06-16T13:59:34.586+0000] {logging_mixin.py:190} INFO - [2025-06-16T13:59:34.586+0000] {override.py:1912} INFO - Created Permission View: can read on DAG:example_setup_teardown
[2025-06-16T13:59:34.601+0000] {logging_mixin.py:190} INFO - [2025-06-16T13:59:34.600+0000] {override.py:1912} INFO - Created Permission View: can edit on DAG:example_setup_teardown
[2025-06-16T13:59:34.616+0000] {logging_mixin.py:190} INFO - [2025-06-16T13:59:34.615+0000] {override.py:1912} INFO - Created Permission View: can delete on DAG Run:example_setup_teardown
[2025-06-16T13:59:34.627+0000] {logging_mixin.py:190} INFO - [2025-06-16T13:59:34.627+0000] {override.py:1912} INFO - Created Permission View: can create on DAG Run:example_setup_teardown
[2025-06-16T13:59:34.636+0000] {logging_mixin.py:190} INFO - [2025-06-16T13:59:34.636+0000] {override.py:1912} INFO - Created Permission View: can read on DAG Run:example_setup_teardown
[2025-06-16T13:59:34.646+0000] {logging_mixin.py:190} INFO - [2025-06-16T13:59:34.645+0000] {override.py:1912} INFO - Created Permission View: menu access on DAG Run:example_setup_teardown
[2025-06-16T13:59:34.647+0000] {logging_mixin.py:190} INFO - [2025-06-16T13:59:34.646+0000] {dag.py:3239} INFO - Sync 1 DAGs
[2025-06-16T13:59:34.662+0000] {logging_mixin.py:190} INFO - [2025-06-16T13:59:34.662+0000] {dag.py:3262} INFO - Creating ORM DAG for example_setup_teardown
[2025-06-16T13:59:34.664+0000] {logging_mixin.py:190} INFO - [2025-06-16T13:59:34.664+0000] {dag.py:4180} INFO - Setting next_dagrun for example_setup_teardown to None, run_after=None
[2025-06-16T13:59:34.684+0000] {processor.py:208} INFO - Processing /home/airflow/.local/lib/python3.12/site-packages/airflow/example_dags/example_setup_teardown.py took 0.216 seconds
[2025-06-16T14:00:05.160+0000] {processor.py:186} INFO - Started process (PID=175) to work on /home/airflow/.local/lib/python3.12/site-packages/airflow/example_dags/example_setup_teardown.py
[2025-06-16T14:00:05.162+0000] {processor.py:914} INFO - Processing file /home/airflow/.local/lib/python3.12/site-packages/airflow/example_dags/example_setup_teardown.py for tasks to queue
[2025-06-16T14:00:05.164+0000] {logging_mixin.py:190} INFO - [2025-06-16T14:00:05.164+0000] {dagbag.py:588} INFO - Filling up the DagBag from /home/airflow/.local/lib/python3.12/site-packages/airflow/example_dags/example_setup_teardown.py
[2025-06-16T14:00:05.173+0000] {processor.py:925} INFO - DAG(s) 'example_setup_teardown' retrieved from /home/airflow/.local/lib/python3.12/site-packages/airflow/example_dags/example_setup_teardown.py
[2025-06-16T14:00:05.193+0000] {logging_mixin.py:190} INFO - [2025-06-16T14:00:05.193+0000] {dag.py:3239} INFO - Sync 1 DAGs
[2025-06-16T14:00:05.205+0000] {logging_mixin.py:190} INFO - [2025-06-16T14:00:05.205+0000] {dag.py:4180} INFO - Setting next_dagrun for example_setup_teardown to None, run_after=None
[2025-06-16T14:00:05.218+0000] {processor.py:208} INFO - Processing /home/airflow/.local/lib/python3.12/site-packages/airflow/example_dags/example_setup_teardown.py took 0.062 seconds
[2025-06-16T14:00:35.397+0000] {processor.py:186} INFO - Started process (PID=237) to work on /home/airflow/.local/lib/python3.12/site-packages/airflow/example_dags/example_setup_teardown.py
[2025-06-16T14:00:35.399+0000] {processor.py:914} INFO - Processing file /home/airflow/.local/lib/python3.12/site-packages/airflow/example_dags/example_setup_teardown.py for tasks to queue
[2025-06-16T14:00:35.401+0000] {logging_mixin.py:190} INFO - [2025-06-16T14:00:35.401+0000] {dagbag.py:588} INFO - Filling up the DagBag from /home/airflow/.local/lib/python3.12/site-packages/airflow/example_dags/example_setup_teardown.py
[2025-06-16T14:00:35.407+0000] {processor.py:925} INFO - DAG(s) 'example_setup_teardown' retrieved from /home/airflow/.local/lib/python3.12/site-packages/airflow/example_dags/example_setup_teardown.py
[2025-06-16T14:00:35.427+0000] {logging_mixin.py:190} INFO - [2025-06-16T14:00:35.427+0000] {dag.py:3239} INFO - Sync 1 DAGs
[2025-06-16T14:00:35.436+0000] {logging_mixin.py:190} INFO - [2025-06-16T14:00:35.436+0000] {dag.py:4180} INFO - Setting next_dagrun for example_setup_teardown to None, run_after=None
[2025-06-16T14:00:35.451+0000] {processor.py:208} INFO - Processing /home/airflow/.local/lib/python3.12/site-packages/airflow/example_dags/example_setup_teardown.py took 0.058 seconds
[2025-06-16T14:01:05.867+0000] {processor.py:186} INFO - Started process (PID=299) to work on /home/airflow/.local/lib/python3.12/site-packages/airflow/example_dags/example_setup_teardown.py
[2025-06-16T14:01:05.869+0000] {processor.py:914} INFO - Processing file /home/airflow/.local/lib/python3.12/site-packages/airflow/example_dags/example_setup_teardown.py for tasks to queue
[2025-06-16T14:01:05.871+0000] {logging_mixin.py:190} INFO - [2025-06-16T14:01:05.871+0000] {dagbag.py:588} INFO - Filling up the DagBag from /home/airflow/.local/lib/python3.12/site-packages/airflow/example_dags/example_setup_teardown.py
[2025-06-16T14:01:05.880+0000] {processor.py:925} INFO - DAG(s) 'example_setup_teardown' retrieved from /home/airflow/.local/lib/python3.12/site-packages/airflow/example_dags/example_setup_teardown.py
[2025-06-16T14:01:05.894+0000] {logging_mixin.py:190} INFO - [2025-06-16T14:01:05.893+0000] {dag.py:3239} INFO - Sync 1 DAGs
[2025-06-16T14:01:05.903+0000] {logging_mixin.py:190} INFO - [2025-06-16T14:01:05.903+0000] {dag.py:4180} INFO - Setting next_dagrun for example_setup_teardown to None, run_after=None
[2025-06-16T14:01:05.917+0000] {processor.py:208} INFO - Processing /home/airflow/.local/lib/python3.12/site-packages/airflow/example_dags/example_setup_teardown.py took 0.054 seconds
[2025-06-16T14:01:36.619+0000] {processor.py:186} INFO - Started process (PID=362) to work on /home/airflow/.local/lib/python3.12/site-packages/airflow/example_dags/example_setup_teardown.py
[2025-06-16T14:01:36.621+0000] {processor.py:914} INFO - Processing file /home/airflow/.local/lib/python3.12/site-packages/airflow/example_dags/example_setup_teardown.py for tasks to queue
[2025-06-16T14:01:36.624+0000] {logging_mixin.py:190} INFO - [2025-06-16T14:01:36.624+0000] {dagbag.py:588} INFO - Filling up the DagBag from /home/airflow/.local/lib/python3.12/site-packages/airflow/example_dags/example_setup_teardown.py
[2025-06-16T14:01:36.631+0000] {processor.py:925} INFO - DAG(s) 'example_setup_teardown' retrieved from /home/airflow/.local/lib/python3.12/site-packages/airflow/example_dags/example_setup_teardown.py
[2025-06-16T14:01:36.647+0000] {logging_mixin.py:190} INFO - [2025-06-16T14:01:36.647+0000] {dag.py:3239} INFO - Sync 1 DAGs
[2025-06-16T14:01:36.655+0000] {logging_mixin.py:190} INFO - [2025-06-16T14:01:36.655+0000] {dag.py:4180} INFO - Setting next_dagrun for example_setup_teardown to None, run_after=None
[2025-06-16T14:01:36.665+0000] {processor.py:208} INFO - Processing /home/airflow/.local/lib/python3.12/site-packages/airflow/example_dags/example_setup_teardown.py took 0.049 seconds
[2025-06-16T14:02:07.269+0000] {processor.py:186} INFO - Started process (PID=425) to work on /home/airflow/.local/lib/python3.12/site-packages/airflow/example_dags/example_setup_teardown.py
[2025-06-16T14:02:07.271+0000] {processor.py:914} INFO - Processing file /home/airflow/.local/lib/python3.12/site-packages/airflow/example_dags/example_setup_teardown.py for tasks to queue
[2025-06-16T14:02:07.272+0000] {logging_mixin.py:190} INFO - [2025-06-16T14:02:07.272+0000] {dagbag.py:588} INFO - Filling up the DagBag from /home/airflow/.local/lib/python3.12/site-packages/airflow/example_dags/example_setup_teardown.py
[2025-06-16T14:02:07.277+0000] {processor.py:925} INFO - DAG(s) 'example_setup_teardown' retrieved from /home/airflow/.local/lib/python3.12/site-packages/airflow/example_dags/example_setup_teardown.py
[2025-06-16T14:02:07.289+0000] {logging_mixin.py:190} INFO - [2025-06-16T14:02:07.288+0000] {dag.py:3239} INFO - Sync 1 DAGs
[2025-06-16T14:02:07.296+0000] {logging_mixin.py:190} INFO - [2025-06-16T14:02:07.296+0000] {dag.py:4180} INFO - Setting next_dagrun for example_setup_teardown to None, run_after=None
[2025-06-16T14:02:07.306+0000] {processor.py:208} INFO - Processing /home/airflow/.local/lib/python3.12/site-packages/airflow/example_dags/example_setup_teardown.py took 0.039 seconds
[2025-06-16T14:02:37.975+0000] {processor.py:186} INFO - Started process (PID=487) to work on /home/airflow/.local/lib/python3.12/site-packages/airflow/example_dags/example_setup_teardown.py
[2025-06-16T14:02:37.976+0000] {processor.py:914} INFO - Processing file /home/airflow/.local/lib/python3.12/site-packages/airflow/example_dags/example_setup_teardown.py for tasks to queue
[2025-06-16T14:02:37.978+0000] {logging_mixin.py:190} INFO - [2025-06-16T14:02:37.978+0000] {dagbag.py:588} INFO - Filling up the DagBag from /home/airflow/.local/lib/python3.12/site-packages/airflow/example_dags/example_setup_teardown.py
[2025-06-16T14:02:37.983+0000] {processor.py:925} INFO - DAG(s) 'example_setup_teardown' retrieved from /home/airflow/.local/lib/python3.12/site-packages/airflow/example_dags/example_setup_teardown.py
[2025-06-16T14:02:37.999+0000] {logging_mixin.py:190} INFO - [2025-06-16T14:02:37.999+0000] {dag.py:3239} INFO - Sync 1 DAGs
[2025-06-16T14:02:38.007+0000] {logging_mixin.py:190} INFO - [2025-06-16T14:02:38.007+0000] {dag.py:4180} INFO - Setting next_dagrun for example_setup_teardown to None, run_after=None
[2025-06-16T14:02:38.016+0000] {processor.py:208} INFO - Processing /home/airflow/.local/lib/python3.12/site-packages/airflow/example_dags/example_setup_teardown.py took 0.044 seconds
[2025-06-16T14:05:32.357+0000] {processor.py:186} INFO - Started process (PID=575) to work on /home/airflow/.local/lib/python3.12/site-packages/airflow/example_dags/example_setup_teardown.py
[2025-06-16T14:05:32.359+0000] {processor.py:914} INFO - Processing file /home/airflow/.local/lib/python3.12/site-packages/airflow/example_dags/example_setup_teardown.py for tasks to queue
[2025-06-16T14:05:32.362+0000] {logging_mixin.py:190} INFO - [2025-06-16T14:05:32.362+0000] {dagbag.py:588} INFO - Filling up the DagBag from /home/airflow/.local/lib/python3.12/site-packages/airflow/example_dags/example_setup_teardown.py
[2025-06-16T14:05:32.369+0000] {processor.py:925} INFO - DAG(s) 'example_setup_teardown' retrieved from /home/airflow/.local/lib/python3.12/site-packages/airflow/example_dags/example_setup_teardown.py
[2025-06-16T14:05:32.385+0000] {logging_mixin.py:190} INFO - [2025-06-16T14:05:32.385+0000] {dag.py:3239} INFO - Sync 1 DAGs
[2025-06-16T14:05:32.396+0000] {logging_mixin.py:190} INFO - [2025-06-16T14:05:32.396+0000] {dag.py:4180} INFO - Setting next_dagrun for example_setup_teardown to None, run_after=None
[2025-06-16T14:05:32.408+0000] {processor.py:208} INFO - Processing /home/airflow/.local/lib/python3.12/site-packages/airflow/example_dags/example_setup_teardown.py took 0.055 seconds
[2025-06-16T14:06:03.062+0000] {processor.py:186} INFO - Started process (PID=638) to work on /home/airflow/.local/lib/python3.12/site-packages/airflow/example_dags/example_setup_teardown.py
[2025-06-16T14:06:03.064+0000] {processor.py:914} INFO - Processing file /home/airflow/.local/lib/python3.12/site-packages/airflow/example_dags/example_setup_teardown.py for tasks to queue
[2025-06-16T14:06:03.068+0000] {logging_mixin.py:190} INFO - [2025-06-16T14:06:03.067+0000] {dagbag.py:588} INFO - Filling up the DagBag from /home/airflow/.local/lib/python3.12/site-packages/airflow/example_dags/example_setup_teardown.py
[2025-06-16T14:06:03.076+0000] {processor.py:925} INFO - DAG(s) 'example_setup_teardown' retrieved from /home/airflow/.local/lib/python3.12/site-packages/airflow/example_dags/example_setup_teardown.py
[2025-06-16T14:06:03.095+0000] {logging_mixin.py:190} INFO - [2025-06-16T14:06:03.095+0000] {dag.py:3239} INFO - Sync 1 DAGs
[2025-06-16T14:06:03.108+0000] {logging_mixin.py:190} INFO - [2025-06-16T14:06:03.108+0000] {dag.py:4180} INFO - Setting next_dagrun for example_setup_teardown to None, run_after=None
[2025-06-16T14:06:03.124+0000] {processor.py:208} INFO - Processing /home/airflow/.local/lib/python3.12/site-packages/airflow/example_dags/example_setup_teardown.py took 0.067 seconds
[2025-06-16T14:06:33.746+0000] {processor.py:186} INFO - Started process (PID=701) to work on /home/airflow/.local/lib/python3.12/site-packages/airflow/example_dags/example_setup_teardown.py
[2025-06-16T14:06:33.748+0000] {processor.py:914} INFO - Processing file /home/airflow/.local/lib/python3.12/site-packages/airflow/example_dags/example_setup_teardown.py for tasks to queue
[2025-06-16T14:06:33.751+0000] {logging_mixin.py:190} INFO - [2025-06-16T14:06:33.750+0000] {dagbag.py:588} INFO - Filling up the DagBag from /home/airflow/.local/lib/python3.12/site-packages/airflow/example_dags/example_setup_teardown.py
[2025-06-16T14:06:33.756+0000] {processor.py:925} INFO - DAG(s) 'example_setup_teardown' retrieved from /home/airflow/.local/lib/python3.12/site-packages/airflow/example_dags/example_setup_teardown.py
[2025-06-16T14:06:33.771+0000] {logging_mixin.py:190} INFO - [2025-06-16T14:06:33.770+0000] {dag.py:3239} INFO - Sync 1 DAGs
[2025-06-16T14:06:33.780+0000] {logging_mixin.py:190} INFO - [2025-06-16T14:06:33.780+0000] {dag.py:4180} INFO - Setting next_dagrun for example_setup_teardown to None, run_after=None
[2025-06-16T14:06:33.792+0000] {processor.py:208} INFO - Processing /home/airflow/.local/lib/python3.12/site-packages/airflow/example_dags/example_setup_teardown.py took 0.050 seconds
[2025-06-16T14:07:04.801+0000] {processor.py:186} INFO - Started process (PID=764) to work on /home/airflow/.local/lib/python3.12/site-packages/airflow/example_dags/example_setup_teardown.py
[2025-06-16T14:07:04.802+0000] {processor.py:914} INFO - Processing file /home/airflow/.local/lib/python3.12/site-packages/airflow/example_dags/example_setup_teardown.py for tasks to queue
[2025-06-16T14:07:04.805+0000] {logging_mixin.py:190} INFO - [2025-06-16T14:07:04.805+0000] {dagbag.py:588} INFO - Filling up the DagBag from /home/airflow/.local/lib/python3.12/site-packages/airflow/example_dags/example_setup_teardown.py
[2025-06-16T14:07:04.814+0000] {processor.py:925} INFO - DAG(s) 'example_setup_teardown' retrieved from /home/airflow/.local/lib/python3.12/site-packages/airflow/example_dags/example_setup_teardown.py
[2025-06-16T14:07:04.830+0000] {logging_mixin.py:190} INFO - [2025-06-16T14:07:04.829+0000] {dag.py:3239} INFO - Sync 1 DAGs
[2025-06-16T14:07:04.839+0000] {logging_mixin.py:190} INFO - [2025-06-16T14:07:04.839+0000] {dag.py:4180} INFO - Setting next_dagrun for example_setup_teardown to None, run_after=None
[2025-06-16T14:07:04.850+0000] {processor.py:208} INFO - Processing /home/airflow/.local/lib/python3.12/site-packages/airflow/example_dags/example_setup_teardown.py took 0.054 seconds
[2025-06-16T14:07:36.102+0000] {processor.py:186} INFO - Started process (PID=826) to work on /home/airflow/.local/lib/python3.12/site-packages/airflow/example_dags/example_setup_teardown.py
[2025-06-16T14:07:36.105+0000] {processor.py:914} INFO - Processing file /home/airflow/.local/lib/python3.12/site-packages/airflow/example_dags/example_setup_teardown.py for tasks to queue
[2025-06-16T14:07:36.109+0000] {logging_mixin.py:190} INFO - [2025-06-16T14:07:36.108+0000] {dagbag.py:588} INFO - Filling up the DagBag from /home/airflow/.local/lib/python3.12/site-packages/airflow/example_dags/example_setup_teardown.py
[2025-06-16T14:07:36.120+0000] {processor.py:925} INFO - DAG(s) 'example_setup_teardown' retrieved from /home/airflow/.local/lib/python3.12/site-packages/airflow/example_dags/example_setup_teardown.py
[2025-06-16T14:07:36.152+0000] {logging_mixin.py:190} INFO - [2025-06-16T14:07:36.152+0000] {dag.py:3239} INFO - Sync 1 DAGs
[2025-06-16T14:07:36.163+0000] {logging_mixin.py:190} INFO - [2025-06-16T14:07:36.163+0000] {dag.py:4180} INFO - Setting next_dagrun for example_setup_teardown to None, run_after=None
[2025-06-16T14:07:36.180+0000] {processor.py:208} INFO - Processing /home/airflow/.local/lib/python3.12/site-packages/airflow/example_dags/example_setup_teardown.py took 0.082 seconds
[2025-06-16T14:08:07.488+0000] {processor.py:186} INFO - Started process (PID=888) to work on /home/airflow/.local/lib/python3.12/site-packages/airflow/example_dags/example_setup_teardown.py
[2025-06-16T14:08:07.490+0000] {processor.py:914} INFO - Processing file /home/airflow/.local/lib/python3.12/site-packages/airflow/example_dags/example_setup_teardown.py for tasks to queue
[2025-06-16T14:08:07.492+0000] {logging_mixin.py:190} INFO - [2025-06-16T14:08:07.491+0000] {dagbag.py:588} INFO - Filling up the DagBag from /home/airflow/.local/lib/python3.12/site-packages/airflow/example_dags/example_setup_teardown.py
[2025-06-16T14:08:07.497+0000] {processor.py:925} INFO - DAG(s) 'example_setup_teardown' retrieved from /home/airflow/.local/lib/python3.12/site-packages/airflow/example_dags/example_setup_teardown.py
[2025-06-16T14:08:07.516+0000] {logging_mixin.py:190} INFO - [2025-06-16T14:08:07.515+0000] {dag.py:3239} INFO - Sync 1 DAGs
[2025-06-16T14:08:07.532+0000] {logging_mixin.py:190} INFO - [2025-06-16T14:08:07.531+0000] {dag.py:4180} INFO - Setting next_dagrun for example_setup_teardown to None, run_after=None
[2025-06-16T14:08:07.549+0000] {processor.py:208} INFO - Processing /home/airflow/.local/lib/python3.12/site-packages/airflow/example_dags/example_setup_teardown.py took 0.065 seconds
[2025-06-16T14:08:38.385+0000] {processor.py:186} INFO - Started process (PID=951) to work on /home/airflow/.local/lib/python3.12/site-packages/airflow/example_dags/example_setup_teardown.py
[2025-06-16T14:08:38.387+0000] {processor.py:914} INFO - Processing file /home/airflow/.local/lib/python3.12/site-packages/airflow/example_dags/example_setup_teardown.py for tasks to queue
[2025-06-16T14:08:38.389+0000] {logging_mixin.py:190} INFO - [2025-06-16T14:08:38.389+0000] {dagbag.py:588} INFO - Filling up the DagBag from /home/airflow/.local/lib/python3.12/site-packages/airflow/example_dags/example_setup_teardown.py
[2025-06-16T14:08:38.397+0000] {processor.py:925} INFO - DAG(s) 'example_setup_teardown' retrieved from /home/airflow/.local/lib/python3.12/site-packages/airflow/example_dags/example_setup_teardown.py
[2025-06-16T14:08:38.417+0000] {logging_mixin.py:190} INFO - [2025-06-16T14:08:38.417+0000] {dag.py:3239} INFO - Sync 1 DAGs
[2025-06-16T14:08:38.435+0000] {logging_mixin.py:190} INFO - [2025-06-16T14:08:38.434+0000] {dag.py:4180} INFO - Setting next_dagrun for example_setup_teardown to None, run_after=None
[2025-06-16T14:08:38.450+0000] {processor.py:208} INFO - Processing /home/airflow/.local/lib/python3.12/site-packages/airflow/example_dags/example_setup_teardown.py took 0.069 seconds
[2025-06-16T14:09:09.336+0000] {processor.py:186} INFO - Started process (PID=1014) to work on /home/airflow/.local/lib/python3.12/site-packages/airflow/example_dags/example_setup_teardown.py
[2025-06-16T14:09:09.338+0000] {processor.py:914} INFO - Processing file /home/airflow/.local/lib/python3.12/site-packages/airflow/example_dags/example_setup_teardown.py for tasks to queue
[2025-06-16T14:09:09.340+0000] {logging_mixin.py:190} INFO - [2025-06-16T14:09:09.340+0000] {dagbag.py:588} INFO - Filling up the DagBag from /home/airflow/.local/lib/python3.12/site-packages/airflow/example_dags/example_setup_teardown.py
[2025-06-16T14:09:09.347+0000] {processor.py:925} INFO - DAG(s) 'example_setup_teardown' retrieved from /home/airflow/.local/lib/python3.12/site-packages/airflow/example_dags/example_setup_teardown.py
[2025-06-16T14:09:09.370+0000] {logging_mixin.py:190} INFO - [2025-06-16T14:09:09.370+0000] {dag.py:3239} INFO - Sync 1 DAGs
[2025-06-16T14:09:09.389+0000] {logging_mixin.py:190} INFO - [2025-06-16T14:09:09.388+0000] {dag.py:4180} INFO - Setting next_dagrun for example_setup_teardown to None, run_after=None
[2025-06-16T14:09:09.412+0000] {processor.py:208} INFO - Processing /home/airflow/.local/lib/python3.12/site-packages/airflow/example_dags/example_setup_teardown.py took 0.080 seconds
[2025-06-16T14:09:40.082+0000] {processor.py:186} INFO - Started process (PID=1077) to work on /home/airflow/.local/lib/python3.12/site-packages/airflow/example_dags/example_setup_teardown.py
[2025-06-16T14:09:40.083+0000] {processor.py:914} INFO - Processing file /home/airflow/.local/lib/python3.12/site-packages/airflow/example_dags/example_setup_teardown.py for tasks to queue
[2025-06-16T14:09:40.086+0000] {logging_mixin.py:190} INFO - [2025-06-16T14:09:40.085+0000] {dagbag.py:588} INFO - Filling up the DagBag from /home/airflow/.local/lib/python3.12/site-packages/airflow/example_dags/example_setup_teardown.py
[2025-06-16T14:09:40.091+0000] {processor.py:925} INFO - DAG(s) 'example_setup_teardown' retrieved from /home/airflow/.local/lib/python3.12/site-packages/airflow/example_dags/example_setup_teardown.py
[2025-06-16T14:09:40.104+0000] {logging_mixin.py:190} INFO - [2025-06-16T14:09:40.104+0000] {dag.py:3239} INFO - Sync 1 DAGs
[2025-06-16T14:09:40.114+0000] {logging_mixin.py:190} INFO - [2025-06-16T14:09:40.114+0000] {dag.py:4180} INFO - Setting next_dagrun for example_setup_teardown to None, run_after=None
[2025-06-16T14:09:40.126+0000] {processor.py:208} INFO - Processing /home/airflow/.local/lib/python3.12/site-packages/airflow/example_dags/example_setup_teardown.py took 0.047 seconds
[2025-06-16T14:10:52.493+0000] {processor.py:186} INFO - Started process (PID=1140) to work on /home/airflow/.local/lib/python3.12/site-packages/airflow/example_dags/example_setup_teardown.py
[2025-06-16T14:10:52.494+0000] {processor.py:914} INFO - Processing file /home/airflow/.local/lib/python3.12/site-packages/airflow/example_dags/example_setup_teardown.py for tasks to queue
[2025-06-16T14:10:52.497+0000] {logging_mixin.py:190} INFO - [2025-06-16T14:10:52.496+0000] {dagbag.py:588} INFO - Filling up the DagBag from /home/airflow/.local/lib/python3.12/site-packages/airflow/example_dags/example_setup_teardown.py
[2025-06-16T14:10:52.502+0000] {processor.py:925} INFO - DAG(s) 'example_setup_teardown' retrieved from /home/airflow/.local/lib/python3.12/site-packages/airflow/example_dags/example_setup_teardown.py
[2025-06-16T14:10:52.517+0000] {logging_mixin.py:190} INFO - [2025-06-16T14:10:52.517+0000] {dag.py:3239} INFO - Sync 1 DAGs
[2025-06-16T14:10:52.528+0000] {logging_mixin.py:190} INFO - [2025-06-16T14:10:52.527+0000] {dag.py:4180} INFO - Setting next_dagrun for example_setup_teardown to None, run_after=None
[2025-06-16T14:10:52.540+0000] {processor.py:208} INFO - Processing /home/airflow/.local/lib/python3.12/site-packages/airflow/example_dags/example_setup_teardown.py took 0.051 seconds
[2025-06-16T14:11:44.157+0000] {processor.py:186} INFO - Started process (PID=1203) to work on /home/airflow/.local/lib/python3.12/site-packages/airflow/example_dags/example_setup_teardown.py
[2025-06-16T14:11:44.160+0000] {processor.py:914} INFO - Processing file /home/airflow/.local/lib/python3.12/site-packages/airflow/example_dags/example_setup_teardown.py for tasks to queue
[2025-06-16T14:11:44.167+0000] {logging_mixin.py:190} INFO - [2025-06-16T14:11:44.166+0000] {dagbag.py:588} INFO - Filling up the DagBag from /home/airflow/.local/lib/python3.12/site-packages/airflow/example_dags/example_setup_teardown.py
[2025-06-16T14:11:44.179+0000] {processor.py:925} INFO - DAG(s) 'example_setup_teardown' retrieved from /home/airflow/.local/lib/python3.12/site-packages/airflow/example_dags/example_setup_teardown.py
[2025-06-16T14:11:44.212+0000] {logging_mixin.py:190} INFO - [2025-06-16T14:11:44.211+0000] {dag.py:3239} INFO - Sync 1 DAGs
[2025-06-16T14:11:44.225+0000] {logging_mixin.py:190} INFO - [2025-06-16T14:11:44.224+0000] {dag.py:4180} INFO - Setting next_dagrun for example_setup_teardown to None, run_after=None
[2025-06-16T14:11:44.255+0000] {processor.py:208} INFO - Processing /home/airflow/.local/lib/python3.12/site-packages/airflow/example_dags/example_setup_teardown.py took 0.104 seconds
[2025-06-16T14:12:14.747+0000] {processor.py:186} INFO - Started process (PID=1266) to work on /home/airflow/.local/lib/python3.12/site-packages/airflow/example_dags/example_setup_teardown.py
[2025-06-16T14:12:14.750+0000] {processor.py:914} INFO - Processing file /home/airflow/.local/lib/python3.12/site-packages/airflow/example_dags/example_setup_teardown.py for tasks to queue
[2025-06-16T14:12:14.756+0000] {logging_mixin.py:190} INFO - [2025-06-16T14:12:14.755+0000] {dagbag.py:588} INFO - Filling up the DagBag from /home/airflow/.local/lib/python3.12/site-packages/airflow/example_dags/example_setup_teardown.py
[2025-06-16T14:12:14.767+0000] {processor.py:925} INFO - DAG(s) 'example_setup_teardown' retrieved from /home/airflow/.local/lib/python3.12/site-packages/airflow/example_dags/example_setup_teardown.py
[2025-06-16T14:12:14.782+0000] {logging_mixin.py:190} INFO - [2025-06-16T14:12:14.782+0000] {dag.py:3239} INFO - Sync 1 DAGs
[2025-06-16T14:12:14.791+0000] {logging_mixin.py:190} INFO - [2025-06-16T14:12:14.791+0000] {dag.py:4180} INFO - Setting next_dagrun for example_setup_teardown to None, run_after=None
[2025-06-16T14:12:14.803+0000] {processor.py:208} INFO - Processing /home/airflow/.local/lib/python3.12/site-packages/airflow/example_dags/example_setup_teardown.py took 0.061 seconds
[2025-06-16T14:12:45.431+0000] {processor.py:186} INFO - Started process (PID=1329) to work on /home/airflow/.local/lib/python3.12/site-packages/airflow/example_dags/example_setup_teardown.py
[2025-06-16T14:12:45.433+0000] {processor.py:914} INFO - Processing file /home/airflow/.local/lib/python3.12/site-packages/airflow/example_dags/example_setup_teardown.py for tasks to queue
[2025-06-16T14:12:45.436+0000] {logging_mixin.py:190} INFO - [2025-06-16T14:12:45.435+0000] {dagbag.py:588} INFO - Filling up the DagBag from /home/airflow/.local/lib/python3.12/site-packages/airflow/example_dags/example_setup_teardown.py
[2025-06-16T14:12:45.443+0000] {processor.py:925} INFO - DAG(s) 'example_setup_teardown' retrieved from /home/airflow/.local/lib/python3.12/site-packages/airflow/example_dags/example_setup_teardown.py
[2025-06-16T14:12:45.459+0000] {logging_mixin.py:190} INFO - [2025-06-16T14:12:45.458+0000] {dag.py:3239} INFO - Sync 1 DAGs
[2025-06-16T14:12:45.469+0000] {logging_mixin.py:190} INFO - [2025-06-16T14:12:45.469+0000] {dag.py:4180} INFO - Setting next_dagrun for example_setup_teardown to None, run_after=None
[2025-06-16T14:12:45.482+0000] {processor.py:208} INFO - Processing /home/airflow/.local/lib/python3.12/site-packages/airflow/example_dags/example_setup_teardown.py took 0.055 seconds
[2025-06-16T14:13:16.039+0000] {processor.py:186} INFO - Started process (PID=1392) to work on /home/airflow/.local/lib/python3.12/site-packages/airflow/example_dags/example_setup_teardown.py
[2025-06-16T14:13:16.042+0000] {processor.py:914} INFO - Processing file /home/airflow/.local/lib/python3.12/site-packages/airflow/example_dags/example_setup_teardown.py for tasks to queue
[2025-06-16T14:13:16.045+0000] {logging_mixin.py:190} INFO - [2025-06-16T14:13:16.044+0000] {dagbag.py:588} INFO - Filling up the DagBag from /home/airflow/.local/lib/python3.12/site-packages/airflow/example_dags/example_setup_teardown.py
[2025-06-16T14:13:16.051+0000] {processor.py:925} INFO - DAG(s) 'example_setup_teardown' retrieved from /home/airflow/.local/lib/python3.12/site-packages/airflow/example_dags/example_setup_teardown.py
[2025-06-16T14:13:16.064+0000] {logging_mixin.py:190} INFO - [2025-06-16T14:13:16.064+0000] {dag.py:3239} INFO - Sync 1 DAGs
[2025-06-16T14:13:16.074+0000] {logging_mixin.py:190} INFO - [2025-06-16T14:13:16.074+0000] {dag.py:4180} INFO - Setting next_dagrun for example_setup_teardown to None, run_after=None
[2025-06-16T14:13:16.087+0000] {processor.py:208} INFO - Processing /home/airflow/.local/lib/python3.12/site-packages/airflow/example_dags/example_setup_teardown.py took 0.052 seconds
[2025-06-16T14:13:46.805+0000] {processor.py:186} INFO - Started process (PID=1455) to work on /home/airflow/.local/lib/python3.12/site-packages/airflow/example_dags/example_setup_teardown.py
[2025-06-16T14:13:46.809+0000] {processor.py:914} INFO - Processing file /home/airflow/.local/lib/python3.12/site-packages/airflow/example_dags/example_setup_teardown.py for tasks to queue
[2025-06-16T14:13:46.815+0000] {logging_mixin.py:190} INFO - [2025-06-16T14:13:46.814+0000] {dagbag.py:588} INFO - Filling up the DagBag from /home/airflow/.local/lib/python3.12/site-packages/airflow/example_dags/example_setup_teardown.py
[2025-06-16T14:13:46.834+0000] {processor.py:925} INFO - DAG(s) 'example_setup_teardown' retrieved from /home/airflow/.local/lib/python3.12/site-packages/airflow/example_dags/example_setup_teardown.py
[2025-06-16T14:13:46.848+0000] {logging_mixin.py:190} INFO - [2025-06-16T14:13:46.848+0000] {dag.py:3239} INFO - Sync 1 DAGs
[2025-06-16T14:13:46.859+0000] {logging_mixin.py:190} INFO - [2025-06-16T14:13:46.858+0000] {dag.py:4180} INFO - Setting next_dagrun for example_setup_teardown to None, run_after=None
[2025-06-16T14:13:46.873+0000] {processor.py:208} INFO - Processing /home/airflow/.local/lib/python3.12/site-packages/airflow/example_dags/example_setup_teardown.py took 0.074 seconds
[2025-06-16T14:14:21.202+0000] {processor.py:186} INFO - Started process (PID=1518) to work on /home/airflow/.local/lib/python3.12/site-packages/airflow/example_dags/example_setup_teardown.py
[2025-06-16T14:14:21.204+0000] {processor.py:914} INFO - Processing file /home/airflow/.local/lib/python3.12/site-packages/airflow/example_dags/example_setup_teardown.py for tasks to queue
[2025-06-16T14:14:21.206+0000] {logging_mixin.py:190} INFO - [2025-06-16T14:14:21.206+0000] {dagbag.py:588} INFO - Filling up the DagBag from /home/airflow/.local/lib/python3.12/site-packages/airflow/example_dags/example_setup_teardown.py
[2025-06-16T14:14:21.216+0000] {processor.py:925} INFO - DAG(s) 'example_setup_teardown' retrieved from /home/airflow/.local/lib/python3.12/site-packages/airflow/example_dags/example_setup_teardown.py
[2025-06-16T14:14:21.238+0000] {logging_mixin.py:190} INFO - [2025-06-16T14:14:21.238+0000] {dag.py:3239} INFO - Sync 1 DAGs
[2025-06-16T14:14:21.269+0000] {logging_mixin.py:190} INFO - [2025-06-16T14:14:21.269+0000] {dag.py:4180} INFO - Setting next_dagrun for example_setup_teardown to None, run_after=None
[2025-06-16T14:14:21.294+0000] {processor.py:208} INFO - Processing /home/airflow/.local/lib/python3.12/site-packages/airflow/example_dags/example_setup_teardown.py took 0.096 seconds
[2025-06-16T15:07:20.120+0000] {processor.py:186} INFO - Started process (PID=1581) to work on /home/airflow/.local/lib/python3.12/site-packages/airflow/example_dags/example_setup_teardown.py
[2025-06-16T15:07:20.122+0000] {processor.py:914} INFO - Processing file /home/airflow/.local/lib/python3.12/site-packages/airflow/example_dags/example_setup_teardown.py for tasks to queue
[2025-06-16T15:07:20.123+0000] {logging_mixin.py:190} INFO - [2025-06-16T15:07:20.123+0000] {dagbag.py:588} INFO - Filling up the DagBag from /home/airflow/.local/lib/python3.12/site-packages/airflow/example_dags/example_setup_teardown.py
[2025-06-16T15:07:20.128+0000] {processor.py:925} INFO - DAG(s) 'example_setup_teardown' retrieved from /home/airflow/.local/lib/python3.12/site-packages/airflow/example_dags/example_setup_teardown.py
[2025-06-16T15:07:20.142+0000] {logging_mixin.py:190} INFO - [2025-06-16T15:07:20.142+0000] {dag.py:3239} INFO - Sync 1 DAGs
[2025-06-16T15:07:20.151+0000] {logging_mixin.py:190} INFO - [2025-06-16T15:07:20.151+0000] {dag.py:4180} INFO - Setting next_dagrun for example_setup_teardown to None, run_after=None
[2025-06-16T15:07:20.162+0000] {processor.py:208} INFO - Processing /home/airflow/.local/lib/python3.12/site-packages/airflow/example_dags/example_setup_teardown.py took 0.045 seconds
[2025-06-16T15:57:53.328+0000] {processor.py:186} INFO - Started process (PID=1644) to work on /home/airflow/.local/lib/python3.12/site-packages/airflow/example_dags/example_setup_teardown.py
[2025-06-16T15:57:53.329+0000] {processor.py:914} INFO - Processing file /home/airflow/.local/lib/python3.12/site-packages/airflow/example_dags/example_setup_teardown.py for tasks to queue
[2025-06-16T15:57:53.335+0000] {logging_mixin.py:190} INFO - [2025-06-16T15:57:53.335+0000] {dagbag.py:588} INFO - Filling up the DagBag from /home/airflow/.local/lib/python3.12/site-packages/airflow/example_dags/example_setup_teardown.py
[2025-06-16T15:57:53.346+0000] {processor.py:925} INFO - DAG(s) 'example_setup_teardown' retrieved from /home/airflow/.local/lib/python3.12/site-packages/airflow/example_dags/example_setup_teardown.py
[2025-06-16T15:57:53.362+0000] {logging_mixin.py:190} INFO - [2025-06-16T15:57:53.362+0000] {dag.py:3239} INFO - Sync 1 DAGs
[2025-06-16T15:57:53.370+0000] {logging_mixin.py:190} INFO - [2025-06-16T15:57:53.370+0000] {dag.py:4180} INFO - Setting next_dagrun for example_setup_teardown to None, run_after=None
[2025-06-16T15:57:53.382+0000] {processor.py:208} INFO - Processing /home/airflow/.local/lib/python3.12/site-packages/airflow/example_dags/example_setup_teardown.py took 0.058 seconds
[2025-06-16T17:09:00.634+0000] {processor.py:186} INFO - Started process (PID=1708) to work on /home/airflow/.local/lib/python3.12/site-packages/airflow/example_dags/example_setup_teardown.py
[2025-06-16T17:09:00.636+0000] {processor.py:914} INFO - Processing file /home/airflow/.local/lib/python3.12/site-packages/airflow/example_dags/example_setup_teardown.py for tasks to queue
[2025-06-16T17:09:00.640+0000] {logging_mixin.py:190} INFO - [2025-06-16T17:09:00.639+0000] {dagbag.py:588} INFO - Filling up the DagBag from /home/airflow/.local/lib/python3.12/site-packages/airflow/example_dags/example_setup_teardown.py
[2025-06-16T17:09:00.653+0000] {processor.py:925} INFO - DAG(s) 'example_setup_teardown' retrieved from /home/airflow/.local/lib/python3.12/site-packages/airflow/example_dags/example_setup_teardown.py
[2025-06-16T17:09:00.681+0000] {logging_mixin.py:190} INFO - [2025-06-16T17:09:00.681+0000] {dag.py:3239} INFO - Sync 1 DAGs
[2025-06-16T17:09:00.695+0000] {logging_mixin.py:190} INFO - [2025-06-16T17:09:00.695+0000] {dag.py:4180} INFO - Setting next_dagrun for example_setup_teardown to None, run_after=None
[2025-06-16T17:09:00.712+0000] {processor.py:208} INFO - Processing /home/airflow/.local/lib/python3.12/site-packages/airflow/example_dags/example_setup_teardown.py took 0.082 seconds
[2025-06-16T18:08:45.700+0000] {processor.py:186} INFO - Started process (PID=1771) to work on /home/airflow/.local/lib/python3.12/site-packages/airflow/example_dags/example_setup_teardown.py
[2025-06-16T18:08:45.713+0000] {processor.py:914} INFO - Processing file /home/airflow/.local/lib/python3.12/site-packages/airflow/example_dags/example_setup_teardown.py for tasks to queue
[2025-06-16T18:08:45.734+0000] {logging_mixin.py:190} INFO - [2025-06-16T18:08:45.733+0000] {dagbag.py:588} INFO - Filling up the DagBag from /home/airflow/.local/lib/python3.12/site-packages/airflow/example_dags/example_setup_teardown.py
[2025-06-16T18:08:45.770+0000] {processor.py:925} INFO - DAG(s) 'example_setup_teardown' retrieved from /home/airflow/.local/lib/python3.12/site-packages/airflow/example_dags/example_setup_teardown.py
[2025-06-16T18:08:45.925+0000] {logging_mixin.py:190} INFO - [2025-06-16T18:08:45.925+0000] {dag.py:3239} INFO - Sync 1 DAGs
[2025-06-16T18:08:46.039+0000] {logging_mixin.py:190} INFO - [2025-06-16T18:08:46.038+0000] {dag.py:4180} INFO - Setting next_dagrun for example_setup_teardown to None, run_after=None
[2025-06-16T18:08:46.158+0000] {processor.py:208} INFO - Processing /home/airflow/.local/lib/python3.12/site-packages/airflow/example_dags/example_setup_teardown.py took 0.499 seconds
[2025-06-16T23:58:50.936+0000] {processor.py:186} INFO - Started process (PID=1840) to work on /home/airflow/.local/lib/python3.12/site-packages/airflow/example_dags/example_setup_teardown.py
[2025-06-16T23:58:50.945+0000] {processor.py:914} INFO - Processing file /home/airflow/.local/lib/python3.12/site-packages/airflow/example_dags/example_setup_teardown.py for tasks to queue
[2025-06-16T23:58:50.949+0000] {logging_mixin.py:190} INFO - [2025-06-16T23:58:50.948+0000] {dagbag.py:588} INFO - Filling up the DagBag from /home/airflow/.local/lib/python3.12/site-packages/airflow/example_dags/example_setup_teardown.py
[2025-06-16T23:58:50.960+0000] {processor.py:925} INFO - DAG(s) 'example_setup_teardown' retrieved from /home/airflow/.local/lib/python3.12/site-packages/airflow/example_dags/example_setup_teardown.py
[2025-06-16T23:58:50.997+0000] {logging_mixin.py:190} INFO - [2025-06-16T23:58:50.996+0000] {dag.py:3239} INFO - Sync 1 DAGs
[2025-06-16T23:58:51.016+0000] {logging_mixin.py:190} INFO - [2025-06-16T23:58:51.016+0000] {dag.py:4180} INFO - Setting next_dagrun for example_setup_teardown to None, run_after=None
[2025-06-16T23:58:51.047+0000] {processor.py:208} INFO - Processing /home/airflow/.local/lib/python3.12/site-packages/airflow/example_dags/example_setup_teardown.py took 0.117 seconds
