[2025-06-16T13:59:28.136+0000] {processor.py:186} INFO - Started process (PID=94) to work on /home/airflow/.local/lib/python3.12/site-packages/airflow/example_dags/example_python_operator.py
[2025-06-16T13:59:28.141+0000] {processor.py:914} INFO - Processing file /home/airflow/.local/lib/python3.12/site-packages/airflow/example_dags/example_python_operator.py for tasks to queue
[2025-06-16T13:59:28.145+0000] {logging_mixin.py:190} INFO - [2025-06-16T13:59:28.144+0000] {dagbag.py:588} INFO - Filling up the DagBag from /home/airflow/.local/lib/python3.12/site-packages/airflow/example_dags/example_python_operator.py
[2025-06-16T13:59:28.162+0000] {processor.py:925} INFO - DAG(s) 'example_python_operator' retrieved from /home/airflow/.local/lib/python3.12/site-packages/airflow/example_dags/example_python_operator.py
[2025-06-16T13:59:28.327+0000] {logging_mixin.py:190} INFO - [2025-06-16T13:59:28.326+0000] {override.py:1912} INFO - Created Permission View: can delete on DAG:example_python_operator
[2025-06-16T13:59:28.350+0000] {logging_mixin.py:190} INFO - [2025-06-16T13:59:28.350+0000] {override.py:1912} INFO - Created Permission View: can read on DAG:example_python_operator
[2025-06-16T13:59:28.364+0000] {logging_mixin.py:190} INFO - [2025-06-16T13:59:28.363+0000] {override.py:1912} INFO - Created Permission View: can edit on DAG:example_python_operator
[2025-06-16T13:59:28.382+0000] {logging_mixin.py:190} INFO - [2025-06-16T13:59:28.382+0000] {override.py:1912} INFO - Created Permission View: can delete on DAG Run:example_python_operator
[2025-06-16T13:59:28.391+0000] {logging_mixin.py:190} INFO - [2025-06-16T13:59:28.391+0000] {override.py:1912} INFO - Created Permission View: can create on DAG Run:example_python_operator
[2025-06-16T13:59:28.401+0000] {logging_mixin.py:190} INFO - [2025-06-16T13:59:28.400+0000] {override.py:1912} INFO - Created Permission View: can read on DAG Run:example_python_operator
[2025-06-16T13:59:28.410+0000] {logging_mixin.py:190} INFO - [2025-06-16T13:59:28.410+0000] {override.py:1912} INFO - Created Permission View: menu access on DAG Run:example_python_operator
[2025-06-16T13:59:28.411+0000] {logging_mixin.py:190} INFO - [2025-06-16T13:59:28.411+0000] {dag.py:3239} INFO - Sync 1 DAGs
[2025-06-16T13:59:28.425+0000] {logging_mixin.py:190} INFO - [2025-06-16T13:59:28.425+0000] {dag.py:3262} INFO - Creating ORM DAG for example_python_operator
[2025-06-16T13:59:28.430+0000] {logging_mixin.py:190} INFO - [2025-06-16T13:59:28.430+0000] {dag.py:4180} INFO - Setting next_dagrun for example_python_operator to None, run_after=None
[2025-06-16T13:59:28.455+0000] {processor.py:208} INFO - Processing /home/airflow/.local/lib/python3.12/site-packages/airflow/example_dags/example_python_operator.py took 0.324 seconds
[2025-06-16T13:59:58.772+0000] {processor.py:186} INFO - Started process (PID=157) to work on /home/airflow/.local/lib/python3.12/site-packages/airflow/example_dags/example_python_operator.py
[2025-06-16T13:59:58.777+0000] {processor.py:914} INFO - Processing file /home/airflow/.local/lib/python3.12/site-packages/airflow/example_dags/example_python_operator.py for tasks to queue
[2025-06-16T13:59:58.783+0000] {logging_mixin.py:190} INFO - [2025-06-16T13:59:58.783+0000] {dagbag.py:588} INFO - Filling up the DagBag from /home/airflow/.local/lib/python3.12/site-packages/airflow/example_dags/example_python_operator.py
[2025-06-16T13:59:58.809+0000] {processor.py:925} INFO - DAG(s) 'example_python_operator' retrieved from /home/airflow/.local/lib/python3.12/site-packages/airflow/example_dags/example_python_operator.py
[2025-06-16T13:59:58.849+0000] {logging_mixin.py:190} INFO - [2025-06-16T13:59:58.849+0000] {dag.py:3239} INFO - Sync 1 DAGs
[2025-06-16T13:59:58.872+0000] {logging_mixin.py:190} INFO - [2025-06-16T13:59:58.871+0000] {dag.py:4180} INFO - Setting next_dagrun for example_python_operator to None, run_after=None
[2025-06-16T13:59:58.896+0000] {processor.py:208} INFO - Processing /home/airflow/.local/lib/python3.12/site-packages/airflow/example_dags/example_python_operator.py took 0.136 seconds
[2025-06-16T14:00:29.777+0000] {processor.py:186} INFO - Started process (PID=220) to work on /home/airflow/.local/lib/python3.12/site-packages/airflow/example_dags/example_python_operator.py
[2025-06-16T14:00:29.779+0000] {processor.py:914} INFO - Processing file /home/airflow/.local/lib/python3.12/site-packages/airflow/example_dags/example_python_operator.py for tasks to queue
[2025-06-16T14:00:29.780+0000] {logging_mixin.py:190} INFO - [2025-06-16T14:00:29.780+0000] {dagbag.py:588} INFO - Filling up the DagBag from /home/airflow/.local/lib/python3.12/site-packages/airflow/example_dags/example_python_operator.py
[2025-06-16T14:00:29.787+0000] {processor.py:925} INFO - DAG(s) 'example_python_operator' retrieved from /home/airflow/.local/lib/python3.12/site-packages/airflow/example_dags/example_python_operator.py
[2025-06-16T14:00:29.801+0000] {logging_mixin.py:190} INFO - [2025-06-16T14:00:29.801+0000] {dag.py:3239} INFO - Sync 1 DAGs
[2025-06-16T14:00:29.809+0000] {logging_mixin.py:190} INFO - [2025-06-16T14:00:29.809+0000] {dag.py:4180} INFO - Setting next_dagrun for example_python_operator to None, run_after=None
[2025-06-16T14:00:29.821+0000] {processor.py:208} INFO - Processing /home/airflow/.local/lib/python3.12/site-packages/airflow/example_dags/example_python_operator.py took 0.047 seconds
[2025-06-16T14:01:00.696+0000] {processor.py:186} INFO - Started process (PID=282) to work on /home/airflow/.local/lib/python3.12/site-packages/airflow/example_dags/example_python_operator.py
[2025-06-16T14:01:00.697+0000] {processor.py:914} INFO - Processing file /home/airflow/.local/lib/python3.12/site-packages/airflow/example_dags/example_python_operator.py for tasks to queue
[2025-06-16T14:01:00.699+0000] {logging_mixin.py:190} INFO - [2025-06-16T14:01:00.699+0000] {dagbag.py:588} INFO - Filling up the DagBag from /home/airflow/.local/lib/python3.12/site-packages/airflow/example_dags/example_python_operator.py
[2025-06-16T14:01:00.706+0000] {processor.py:925} INFO - DAG(s) 'example_python_operator' retrieved from /home/airflow/.local/lib/python3.12/site-packages/airflow/example_dags/example_python_operator.py
[2025-06-16T14:01:00.721+0000] {logging_mixin.py:190} INFO - [2025-06-16T14:01:00.721+0000] {dag.py:3239} INFO - Sync 1 DAGs
[2025-06-16T14:01:00.731+0000] {logging_mixin.py:190} INFO - [2025-06-16T14:01:00.731+0000] {dag.py:4180} INFO - Setting next_dagrun for example_python_operator to None, run_after=None
[2025-06-16T14:01:00.743+0000] {processor.py:208} INFO - Processing /home/airflow/.local/lib/python3.12/site-packages/airflow/example_dags/example_python_operator.py took 0.050 seconds
[2025-06-16T14:01:31.346+0000] {processor.py:186} INFO - Started process (PID=345) to work on /home/airflow/.local/lib/python3.12/site-packages/airflow/example_dags/example_python_operator.py
[2025-06-16T14:01:31.348+0000] {processor.py:914} INFO - Processing file /home/airflow/.local/lib/python3.12/site-packages/airflow/example_dags/example_python_operator.py for tasks to queue
[2025-06-16T14:01:31.350+0000] {logging_mixin.py:190} INFO - [2025-06-16T14:01:31.350+0000] {dagbag.py:588} INFO - Filling up the DagBag from /home/airflow/.local/lib/python3.12/site-packages/airflow/example_dags/example_python_operator.py
[2025-06-16T14:01:31.357+0000] {processor.py:925} INFO - DAG(s) 'example_python_operator' retrieved from /home/airflow/.local/lib/python3.12/site-packages/airflow/example_dags/example_python_operator.py
[2025-06-16T14:01:31.371+0000] {logging_mixin.py:190} INFO - [2025-06-16T14:01:31.371+0000] {dag.py:3239} INFO - Sync 1 DAGs
[2025-06-16T14:01:31.380+0000] {logging_mixin.py:190} INFO - [2025-06-16T14:01:31.380+0000] {dag.py:4180} INFO - Setting next_dagrun for example_python_operator to None, run_after=None
[2025-06-16T14:01:31.391+0000] {processor.py:208} INFO - Processing /home/airflow/.local/lib/python3.12/site-packages/airflow/example_dags/example_python_operator.py took 0.049 seconds
[2025-06-16T14:02:02.012+0000] {processor.py:186} INFO - Started process (PID=408) to work on /home/airflow/.local/lib/python3.12/site-packages/airflow/example_dags/example_python_operator.py
[2025-06-16T14:02:02.014+0000] {processor.py:914} INFO - Processing file /home/airflow/.local/lib/python3.12/site-packages/airflow/example_dags/example_python_operator.py for tasks to queue
[2025-06-16T14:02:02.016+0000] {logging_mixin.py:190} INFO - [2025-06-16T14:02:02.016+0000] {dagbag.py:588} INFO - Filling up the DagBag from /home/airflow/.local/lib/python3.12/site-packages/airflow/example_dags/example_python_operator.py
[2025-06-16T14:02:02.023+0000] {processor.py:925} INFO - DAG(s) 'example_python_operator' retrieved from /home/airflow/.local/lib/python3.12/site-packages/airflow/example_dags/example_python_operator.py
[2025-06-16T14:02:02.037+0000] {logging_mixin.py:190} INFO - [2025-06-16T14:02:02.037+0000] {dag.py:3239} INFO - Sync 1 DAGs
[2025-06-16T14:02:02.046+0000] {logging_mixin.py:190} INFO - [2025-06-16T14:02:02.046+0000] {dag.py:4180} INFO - Setting next_dagrun for example_python_operator to None, run_after=None
[2025-06-16T14:02:02.058+0000] {processor.py:208} INFO - Processing /home/airflow/.local/lib/python3.12/site-packages/airflow/example_dags/example_python_operator.py took 0.049 seconds
[2025-06-16T14:02:32.726+0000] {processor.py:186} INFO - Started process (PID=470) to work on /home/airflow/.local/lib/python3.12/site-packages/airflow/example_dags/example_python_operator.py
[2025-06-16T14:02:32.730+0000] {processor.py:914} INFO - Processing file /home/airflow/.local/lib/python3.12/site-packages/airflow/example_dags/example_python_operator.py for tasks to queue
[2025-06-16T14:02:32.736+0000] {logging_mixin.py:190} INFO - [2025-06-16T14:02:32.736+0000] {dagbag.py:588} INFO - Filling up the DagBag from /home/airflow/.local/lib/python3.12/site-packages/airflow/example_dags/example_python_operator.py
[2025-06-16T14:02:32.750+0000] {processor.py:925} INFO - DAG(s) 'example_python_operator' retrieved from /home/airflow/.local/lib/python3.12/site-packages/airflow/example_dags/example_python_operator.py
[2025-06-16T14:02:32.806+0000] {logging_mixin.py:190} INFO - [2025-06-16T14:02:32.805+0000] {dag.py:3239} INFO - Sync 1 DAGs
[2025-06-16T14:02:32.818+0000] {logging_mixin.py:190} INFO - [2025-06-16T14:02:32.818+0000] {dag.py:4180} INFO - Setting next_dagrun for example_python_operator to None, run_after=None
[2025-06-16T14:02:32.834+0000] {processor.py:208} INFO - Processing /home/airflow/.local/lib/python3.12/site-packages/airflow/example_dags/example_python_operator.py took 0.115 seconds
[2025-06-16T14:05:30.908+0000] {processor.py:186} INFO - Started process (PID=557) to work on /home/airflow/.local/lib/python3.12/site-packages/airflow/example_dags/example_python_operator.py
[2025-06-16T14:05:30.909+0000] {processor.py:914} INFO - Processing file /home/airflow/.local/lib/python3.12/site-packages/airflow/example_dags/example_python_operator.py for tasks to queue
[2025-06-16T14:05:30.911+0000] {logging_mixin.py:190} INFO - [2025-06-16T14:05:30.911+0000] {dagbag.py:588} INFO - Filling up the DagBag from /home/airflow/.local/lib/python3.12/site-packages/airflow/example_dags/example_python_operator.py
[2025-06-16T14:05:30.920+0000] {processor.py:925} INFO - DAG(s) 'example_python_operator' retrieved from /home/airflow/.local/lib/python3.12/site-packages/airflow/example_dags/example_python_operator.py
[2025-06-16T14:05:30.938+0000] {logging_mixin.py:190} INFO - [2025-06-16T14:05:30.938+0000] {dag.py:3239} INFO - Sync 1 DAGs
[2025-06-16T14:05:30.947+0000] {logging_mixin.py:190} INFO - [2025-06-16T14:05:30.947+0000] {dag.py:4180} INFO - Setting next_dagrun for example_python_operator to None, run_after=None
[2025-06-16T14:05:30.957+0000] {processor.py:208} INFO - Processing /home/airflow/.local/lib/python3.12/site-packages/airflow/example_dags/example_python_operator.py took 0.054 seconds
[2025-06-16T14:06:01.801+0000] {processor.py:186} INFO - Started process (PID=620) to work on /home/airflow/.local/lib/python3.12/site-packages/airflow/example_dags/example_python_operator.py
[2025-06-16T14:06:01.803+0000] {processor.py:914} INFO - Processing file /home/airflow/.local/lib/python3.12/site-packages/airflow/example_dags/example_python_operator.py for tasks to queue
[2025-06-16T14:06:01.805+0000] {logging_mixin.py:190} INFO - [2025-06-16T14:06:01.805+0000] {dagbag.py:588} INFO - Filling up the DagBag from /home/airflow/.local/lib/python3.12/site-packages/airflow/example_dags/example_python_operator.py
[2025-06-16T14:06:01.813+0000] {processor.py:925} INFO - DAG(s) 'example_python_operator' retrieved from /home/airflow/.local/lib/python3.12/site-packages/airflow/example_dags/example_python_operator.py
[2025-06-16T14:06:01.827+0000] {logging_mixin.py:190} INFO - [2025-06-16T14:06:01.826+0000] {dag.py:3239} INFO - Sync 1 DAGs
[2025-06-16T14:06:01.839+0000] {logging_mixin.py:190} INFO - [2025-06-16T14:06:01.839+0000] {dag.py:4180} INFO - Setting next_dagrun for example_python_operator to None, run_after=None
[2025-06-16T14:06:01.856+0000] {processor.py:208} INFO - Processing /home/airflow/.local/lib/python3.12/site-packages/airflow/example_dags/example_python_operator.py took 0.059 seconds
[2025-06-16T14:06:32.492+0000] {processor.py:186} INFO - Started process (PID=683) to work on /home/airflow/.local/lib/python3.12/site-packages/airflow/example_dags/example_python_operator.py
[2025-06-16T14:06:32.494+0000] {processor.py:914} INFO - Processing file /home/airflow/.local/lib/python3.12/site-packages/airflow/example_dags/example_python_operator.py for tasks to queue
[2025-06-16T14:06:32.496+0000] {logging_mixin.py:190} INFO - [2025-06-16T14:06:32.496+0000] {dagbag.py:588} INFO - Filling up the DagBag from /home/airflow/.local/lib/python3.12/site-packages/airflow/example_dags/example_python_operator.py
[2025-06-16T14:06:32.505+0000] {processor.py:925} INFO - DAG(s) 'example_python_operator' retrieved from /home/airflow/.local/lib/python3.12/site-packages/airflow/example_dags/example_python_operator.py
[2025-06-16T14:06:32.523+0000] {logging_mixin.py:190} INFO - [2025-06-16T14:06:32.522+0000] {dag.py:3239} INFO - Sync 1 DAGs
[2025-06-16T14:06:32.532+0000] {logging_mixin.py:190} INFO - [2025-06-16T14:06:32.532+0000] {dag.py:4180} INFO - Setting next_dagrun for example_python_operator to None, run_after=None
[2025-06-16T14:06:32.544+0000] {processor.py:208} INFO - Processing /home/airflow/.local/lib/python3.12/site-packages/airflow/example_dags/example_python_operator.py took 0.056 seconds
[2025-06-16T14:07:03.516+0000] {processor.py:186} INFO - Started process (PID=746) to work on /home/airflow/.local/lib/python3.12/site-packages/airflow/example_dags/example_python_operator.py
[2025-06-16T14:07:03.517+0000] {processor.py:914} INFO - Processing file /home/airflow/.local/lib/python3.12/site-packages/airflow/example_dags/example_python_operator.py for tasks to queue
[2025-06-16T14:07:03.520+0000] {logging_mixin.py:190} INFO - [2025-06-16T14:07:03.520+0000] {dagbag.py:588} INFO - Filling up the DagBag from /home/airflow/.local/lib/python3.12/site-packages/airflow/example_dags/example_python_operator.py
[2025-06-16T14:07:03.528+0000] {processor.py:925} INFO - DAG(s) 'example_python_operator' retrieved from /home/airflow/.local/lib/python3.12/site-packages/airflow/example_dags/example_python_operator.py
[2025-06-16T14:07:03.543+0000] {logging_mixin.py:190} INFO - [2025-06-16T14:07:03.543+0000] {dag.py:3239} INFO - Sync 1 DAGs
[2025-06-16T14:07:03.553+0000] {logging_mixin.py:190} INFO - [2025-06-16T14:07:03.553+0000] {dag.py:4180} INFO - Setting next_dagrun for example_python_operator to None, run_after=None
[2025-06-16T14:07:03.567+0000] {processor.py:208} INFO - Processing /home/airflow/.local/lib/python3.12/site-packages/airflow/example_dags/example_python_operator.py took 0.056 seconds
[2025-06-16T14:07:34.287+0000] {processor.py:186} INFO - Started process (PID=807) to work on /home/airflow/.local/lib/python3.12/site-packages/airflow/example_dags/example_python_operator.py
[2025-06-16T14:07:34.289+0000] {processor.py:914} INFO - Processing file /home/airflow/.local/lib/python3.12/site-packages/airflow/example_dags/example_python_operator.py for tasks to queue
[2025-06-16T14:07:34.292+0000] {logging_mixin.py:190} INFO - [2025-06-16T14:07:34.291+0000] {dagbag.py:588} INFO - Filling up the DagBag from /home/airflow/.local/lib/python3.12/site-packages/airflow/example_dags/example_python_operator.py
[2025-06-16T14:07:34.302+0000] {processor.py:925} INFO - DAG(s) 'example_python_operator' retrieved from /home/airflow/.local/lib/python3.12/site-packages/airflow/example_dags/example_python_operator.py
[2025-06-16T14:07:34.325+0000] {logging_mixin.py:190} INFO - [2025-06-16T14:07:34.324+0000] {dag.py:3239} INFO - Sync 1 DAGs
[2025-06-16T14:07:34.336+0000] {logging_mixin.py:190} INFO - [2025-06-16T14:07:34.336+0000] {dag.py:4180} INFO - Setting next_dagrun for example_python_operator to None, run_after=None
[2025-06-16T14:07:34.355+0000] {processor.py:208} INFO - Processing /home/airflow/.local/lib/python3.12/site-packages/airflow/example_dags/example_python_operator.py took 0.073 seconds
[2025-06-16T14:08:05.596+0000] {processor.py:186} INFO - Started process (PID=869) to work on /home/airflow/.local/lib/python3.12/site-packages/airflow/example_dags/example_python_operator.py
[2025-06-16T14:08:05.597+0000] {processor.py:914} INFO - Processing file /home/airflow/.local/lib/python3.12/site-packages/airflow/example_dags/example_python_operator.py for tasks to queue
[2025-06-16T14:08:05.600+0000] {logging_mixin.py:190} INFO - [2025-06-16T14:08:05.600+0000] {dagbag.py:588} INFO - Filling up the DagBag from /home/airflow/.local/lib/python3.12/site-packages/airflow/example_dags/example_python_operator.py
[2025-06-16T14:08:05.608+0000] {processor.py:925} INFO - DAG(s) 'example_python_operator' retrieved from /home/airflow/.local/lib/python3.12/site-packages/airflow/example_dags/example_python_operator.py
[2025-06-16T14:08:05.629+0000] {logging_mixin.py:190} INFO - [2025-06-16T14:08:05.628+0000] {dag.py:3239} INFO - Sync 1 DAGs
[2025-06-16T14:08:05.640+0000] {logging_mixin.py:190} INFO - [2025-06-16T14:08:05.639+0000] {dag.py:4180} INFO - Setting next_dagrun for example_python_operator to None, run_after=None
[2025-06-16T14:08:05.656+0000] {processor.py:208} INFO - Processing /home/airflow/.local/lib/python3.12/site-packages/airflow/example_dags/example_python_operator.py took 0.064 seconds
[2025-06-16T14:08:36.585+0000] {processor.py:186} INFO - Started process (PID=932) to work on /home/airflow/.local/lib/python3.12/site-packages/airflow/example_dags/example_python_operator.py
[2025-06-16T14:08:36.587+0000] {processor.py:914} INFO - Processing file /home/airflow/.local/lib/python3.12/site-packages/airflow/example_dags/example_python_operator.py for tasks to queue
[2025-06-16T14:08:36.589+0000] {logging_mixin.py:190} INFO - [2025-06-16T14:08:36.589+0000] {dagbag.py:588} INFO - Filling up the DagBag from /home/airflow/.local/lib/python3.12/site-packages/airflow/example_dags/example_python_operator.py
[2025-06-16T14:08:36.598+0000] {processor.py:925} INFO - DAG(s) 'example_python_operator' retrieved from /home/airflow/.local/lib/python3.12/site-packages/airflow/example_dags/example_python_operator.py
[2025-06-16T14:08:36.613+0000] {logging_mixin.py:190} INFO - [2025-06-16T14:08:36.612+0000] {dag.py:3239} INFO - Sync 1 DAGs
[2025-06-16T14:08:36.623+0000] {logging_mixin.py:190} INFO - [2025-06-16T14:08:36.622+0000] {dag.py:4180} INFO - Setting next_dagrun for example_python_operator to None, run_after=None
[2025-06-16T14:08:36.634+0000] {processor.py:208} INFO - Processing /home/airflow/.local/lib/python3.12/site-packages/airflow/example_dags/example_python_operator.py took 0.053 seconds
[2025-06-16T14:09:07.928+0000] {processor.py:186} INFO - Started process (PID=996) to work on /home/airflow/.local/lib/python3.12/site-packages/airflow/example_dags/example_python_operator.py
[2025-06-16T14:09:07.929+0000] {processor.py:914} INFO - Processing file /home/airflow/.local/lib/python3.12/site-packages/airflow/example_dags/example_python_operator.py for tasks to queue
[2025-06-16T14:09:07.932+0000] {logging_mixin.py:190} INFO - [2025-06-16T14:09:07.931+0000] {dagbag.py:588} INFO - Filling up the DagBag from /home/airflow/.local/lib/python3.12/site-packages/airflow/example_dags/example_python_operator.py
[2025-06-16T14:09:07.941+0000] {processor.py:925} INFO - DAG(s) 'example_python_operator' retrieved from /home/airflow/.local/lib/python3.12/site-packages/airflow/example_dags/example_python_operator.py
[2025-06-16T14:09:07.956+0000] {logging_mixin.py:190} INFO - [2025-06-16T14:09:07.956+0000] {dag.py:3239} INFO - Sync 1 DAGs
[2025-06-16T14:09:07.966+0000] {logging_mixin.py:190} INFO - [2025-06-16T14:09:07.966+0000] {dag.py:4180} INFO - Setting next_dagrun for example_python_operator to None, run_after=None
[2025-06-16T14:09:07.978+0000] {processor.py:208} INFO - Processing /home/airflow/.local/lib/python3.12/site-packages/airflow/example_dags/example_python_operator.py took 0.055 seconds
[2025-06-16T14:09:38.614+0000] {processor.py:186} INFO - Started process (PID=1059) to work on /home/airflow/.local/lib/python3.12/site-packages/airflow/example_dags/example_python_operator.py
[2025-06-16T14:09:38.615+0000] {processor.py:914} INFO - Processing file /home/airflow/.local/lib/python3.12/site-packages/airflow/example_dags/example_python_operator.py for tasks to queue
[2025-06-16T14:09:38.616+0000] {logging_mixin.py:190} INFO - [2025-06-16T14:09:38.616+0000] {dagbag.py:588} INFO - Filling up the DagBag from /home/airflow/.local/lib/python3.12/site-packages/airflow/example_dags/example_python_operator.py
[2025-06-16T14:09:38.623+0000] {processor.py:925} INFO - DAG(s) 'example_python_operator' retrieved from /home/airflow/.local/lib/python3.12/site-packages/airflow/example_dags/example_python_operator.py
[2025-06-16T14:09:38.637+0000] {logging_mixin.py:190} INFO - [2025-06-16T14:09:38.637+0000] {dag.py:3239} INFO - Sync 1 DAGs
[2025-06-16T14:09:38.645+0000] {logging_mixin.py:190} INFO - [2025-06-16T14:09:38.645+0000] {dag.py:4180} INFO - Setting next_dagrun for example_python_operator to None, run_after=None
[2025-06-16T14:09:38.656+0000] {processor.py:208} INFO - Processing /home/airflow/.local/lib/python3.12/site-packages/airflow/example_dags/example_python_operator.py took 0.046 seconds
[2025-06-16T14:10:51.188+0000] {processor.py:186} INFO - Started process (PID=1122) to work on /home/airflow/.local/lib/python3.12/site-packages/airflow/example_dags/example_python_operator.py
[2025-06-16T14:10:51.190+0000] {processor.py:914} INFO - Processing file /home/airflow/.local/lib/python3.12/site-packages/airflow/example_dags/example_python_operator.py for tasks to queue
[2025-06-16T14:10:51.192+0000] {logging_mixin.py:190} INFO - [2025-06-16T14:10:51.192+0000] {dagbag.py:588} INFO - Filling up the DagBag from /home/airflow/.local/lib/python3.12/site-packages/airflow/example_dags/example_python_operator.py
[2025-06-16T14:10:51.200+0000] {processor.py:925} INFO - DAG(s) 'example_python_operator' retrieved from /home/airflow/.local/lib/python3.12/site-packages/airflow/example_dags/example_python_operator.py
[2025-06-16T14:10:51.216+0000] {logging_mixin.py:190} INFO - [2025-06-16T14:10:51.216+0000] {dag.py:3239} INFO - Sync 1 DAGs
[2025-06-16T14:10:51.228+0000] {logging_mixin.py:190} INFO - [2025-06-16T14:10:51.227+0000] {dag.py:4180} INFO - Setting next_dagrun for example_python_operator to None, run_after=None
[2025-06-16T14:10:51.238+0000] {processor.py:208} INFO - Processing /home/airflow/.local/lib/python3.12/site-packages/airflow/example_dags/example_python_operator.py took 0.054 seconds
[2025-06-16T14:11:41.361+0000] {processor.py:186} INFO - Started process (PID=1185) to work on /home/airflow/.local/lib/python3.12/site-packages/airflow/example_dags/example_python_operator.py
[2025-06-16T14:11:41.363+0000] {processor.py:914} INFO - Processing file /home/airflow/.local/lib/python3.12/site-packages/airflow/example_dags/example_python_operator.py for tasks to queue
[2025-06-16T14:11:41.373+0000] {logging_mixin.py:190} INFO - [2025-06-16T14:11:41.373+0000] {dagbag.py:588} INFO - Filling up the DagBag from /home/airflow/.local/lib/python3.12/site-packages/airflow/example_dags/example_python_operator.py
[2025-06-16T14:11:41.395+0000] {processor.py:925} INFO - DAG(s) 'example_python_operator' retrieved from /home/airflow/.local/lib/python3.12/site-packages/airflow/example_dags/example_python_operator.py
[2025-06-16T14:11:41.431+0000] {logging_mixin.py:190} INFO - [2025-06-16T14:11:41.431+0000] {dag.py:3239} INFO - Sync 1 DAGs
[2025-06-16T14:11:41.452+0000] {logging_mixin.py:190} INFO - [2025-06-16T14:11:41.452+0000] {dag.py:4180} INFO - Setting next_dagrun for example_python_operator to None, run_after=None
[2025-06-16T14:11:41.481+0000] {processor.py:208} INFO - Processing /home/airflow/.local/lib/python3.12/site-packages/airflow/example_dags/example_python_operator.py took 0.130 seconds
[2025-06-16T14:12:12.271+0000] {processor.py:186} INFO - Started process (PID=1248) to work on /home/airflow/.local/lib/python3.12/site-packages/airflow/example_dags/example_python_operator.py
[2025-06-16T14:12:12.273+0000] {processor.py:914} INFO - Processing file /home/airflow/.local/lib/python3.12/site-packages/airflow/example_dags/example_python_operator.py for tasks to queue
[2025-06-16T14:12:12.275+0000] {logging_mixin.py:190} INFO - [2025-06-16T14:12:12.275+0000] {dagbag.py:588} INFO - Filling up the DagBag from /home/airflow/.local/lib/python3.12/site-packages/airflow/example_dags/example_python_operator.py
[2025-06-16T14:12:12.283+0000] {processor.py:925} INFO - DAG(s) 'example_python_operator' retrieved from /home/airflow/.local/lib/python3.12/site-packages/airflow/example_dags/example_python_operator.py
[2025-06-16T14:12:12.303+0000] {logging_mixin.py:190} INFO - [2025-06-16T14:12:12.303+0000] {dag.py:3239} INFO - Sync 1 DAGs
[2025-06-16T14:12:12.316+0000] {logging_mixin.py:190} INFO - [2025-06-16T14:12:12.316+0000] {dag.py:4180} INFO - Setting next_dagrun for example_python_operator to None, run_after=None
[2025-06-16T14:12:12.328+0000] {processor.py:208} INFO - Processing /home/airflow/.local/lib/python3.12/site-packages/airflow/example_dags/example_python_operator.py took 0.061 seconds
[2025-06-16T14:12:43.120+0000] {processor.py:186} INFO - Started process (PID=1311) to work on /home/airflow/.local/lib/python3.12/site-packages/airflow/example_dags/example_python_operator.py
[2025-06-16T14:12:43.122+0000] {processor.py:914} INFO - Processing file /home/airflow/.local/lib/python3.12/site-packages/airflow/example_dags/example_python_operator.py for tasks to queue
[2025-06-16T14:12:43.123+0000] {logging_mixin.py:190} INFO - [2025-06-16T14:12:43.123+0000] {dagbag.py:588} INFO - Filling up the DagBag from /home/airflow/.local/lib/python3.12/site-packages/airflow/example_dags/example_python_operator.py
[2025-06-16T14:12:43.131+0000] {processor.py:925} INFO - DAG(s) 'example_python_operator' retrieved from /home/airflow/.local/lib/python3.12/site-packages/airflow/example_dags/example_python_operator.py
[2025-06-16T14:12:43.149+0000] {logging_mixin.py:190} INFO - [2025-06-16T14:12:43.148+0000] {dag.py:3239} INFO - Sync 1 DAGs
[2025-06-16T14:12:43.158+0000] {logging_mixin.py:190} INFO - [2025-06-16T14:12:43.158+0000] {dag.py:4180} INFO - Setting next_dagrun for example_python_operator to None, run_after=None
[2025-06-16T14:12:43.170+0000] {processor.py:208} INFO - Processing /home/airflow/.local/lib/python3.12/site-packages/airflow/example_dags/example_python_operator.py took 0.053 seconds
[2025-06-16T14:13:13.769+0000] {processor.py:186} INFO - Started process (PID=1374) to work on /home/airflow/.local/lib/python3.12/site-packages/airflow/example_dags/example_python_operator.py
[2025-06-16T14:13:13.770+0000] {processor.py:914} INFO - Processing file /home/airflow/.local/lib/python3.12/site-packages/airflow/example_dags/example_python_operator.py for tasks to queue
[2025-06-16T14:13:13.772+0000] {logging_mixin.py:190} INFO - [2025-06-16T14:13:13.772+0000] {dagbag.py:588} INFO - Filling up the DagBag from /home/airflow/.local/lib/python3.12/site-packages/airflow/example_dags/example_python_operator.py
[2025-06-16T14:13:13.780+0000] {processor.py:925} INFO - DAG(s) 'example_python_operator' retrieved from /home/airflow/.local/lib/python3.12/site-packages/airflow/example_dags/example_python_operator.py
[2025-06-16T14:13:13.796+0000] {logging_mixin.py:190} INFO - [2025-06-16T14:13:13.795+0000] {dag.py:3239} INFO - Sync 1 DAGs
[2025-06-16T14:13:13.805+0000] {logging_mixin.py:190} INFO - [2025-06-16T14:13:13.805+0000] {dag.py:4180} INFO - Setting next_dagrun for example_python_operator to None, run_after=None
[2025-06-16T14:13:13.818+0000] {processor.py:208} INFO - Processing /home/airflow/.local/lib/python3.12/site-packages/airflow/example_dags/example_python_operator.py took 0.053 seconds
[2025-06-16T14:13:44.454+0000] {processor.py:186} INFO - Started process (PID=1437) to work on /home/airflow/.local/lib/python3.12/site-packages/airflow/example_dags/example_python_operator.py
[2025-06-16T14:13:44.456+0000] {processor.py:914} INFO - Processing file /home/airflow/.local/lib/python3.12/site-packages/airflow/example_dags/example_python_operator.py for tasks to queue
[2025-06-16T14:13:44.458+0000] {logging_mixin.py:190} INFO - [2025-06-16T14:13:44.458+0000] {dagbag.py:588} INFO - Filling up the DagBag from /home/airflow/.local/lib/python3.12/site-packages/airflow/example_dags/example_python_operator.py
[2025-06-16T14:13:44.466+0000] {processor.py:925} INFO - DAG(s) 'example_python_operator' retrieved from /home/airflow/.local/lib/python3.12/site-packages/airflow/example_dags/example_python_operator.py
[2025-06-16T14:13:44.482+0000] {logging_mixin.py:190} INFO - [2025-06-16T14:13:44.482+0000] {dag.py:3239} INFO - Sync 1 DAGs
[2025-06-16T14:13:44.494+0000] {logging_mixin.py:190} INFO - [2025-06-16T14:13:44.493+0000] {dag.py:4180} INFO - Setting next_dagrun for example_python_operator to None, run_after=None
[2025-06-16T14:13:44.507+0000] {processor.py:208} INFO - Processing /home/airflow/.local/lib/python3.12/site-packages/airflow/example_dags/example_python_operator.py took 0.057 seconds
[2025-06-16T14:14:14.972+0000] {processor.py:186} INFO - Started process (PID=1500) to work on /home/airflow/.local/lib/python3.12/site-packages/airflow/example_dags/example_python_operator.py
[2025-06-16T14:14:14.973+0000] {processor.py:914} INFO - Processing file /home/airflow/.local/lib/python3.12/site-packages/airflow/example_dags/example_python_operator.py for tasks to queue
[2025-06-16T14:14:14.976+0000] {logging_mixin.py:190} INFO - [2025-06-16T14:14:14.976+0000] {dagbag.py:588} INFO - Filling up the DagBag from /home/airflow/.local/lib/python3.12/site-packages/airflow/example_dags/example_python_operator.py
[2025-06-16T14:14:14.987+0000] {processor.py:925} INFO - DAG(s) 'example_python_operator' retrieved from /home/airflow/.local/lib/python3.12/site-packages/airflow/example_dags/example_python_operator.py
[2025-06-16T14:14:15.003+0000] {logging_mixin.py:190} INFO - [2025-06-16T14:14:15.002+0000] {dag.py:3239} INFO - Sync 1 DAGs
[2025-06-16T14:14:15.016+0000] {logging_mixin.py:190} INFO - [2025-06-16T14:14:15.016+0000] {dag.py:4180} INFO - Setting next_dagrun for example_python_operator to None, run_after=None
[2025-06-16T14:14:15.033+0000] {processor.py:208} INFO - Processing /home/airflow/.local/lib/python3.12/site-packages/airflow/example_dags/example_python_operator.py took 0.066 seconds
[2025-06-16T15:07:18.904+0000] {processor.py:186} INFO - Started process (PID=1563) to work on /home/airflow/.local/lib/python3.12/site-packages/airflow/example_dags/example_python_operator.py
[2025-06-16T15:07:18.906+0000] {processor.py:914} INFO - Processing file /home/airflow/.local/lib/python3.12/site-packages/airflow/example_dags/example_python_operator.py for tasks to queue
[2025-06-16T15:07:18.908+0000] {logging_mixin.py:190} INFO - [2025-06-16T15:07:18.907+0000] {dagbag.py:588} INFO - Filling up the DagBag from /home/airflow/.local/lib/python3.12/site-packages/airflow/example_dags/example_python_operator.py
[2025-06-16T15:07:18.915+0000] {processor.py:925} INFO - DAG(s) 'example_python_operator' retrieved from /home/airflow/.local/lib/python3.12/site-packages/airflow/example_dags/example_python_operator.py
[2025-06-16T15:07:18.929+0000] {logging_mixin.py:190} INFO - [2025-06-16T15:07:18.929+0000] {dag.py:3239} INFO - Sync 1 DAGs
[2025-06-16T15:07:18.938+0000] {logging_mixin.py:190} INFO - [2025-06-16T15:07:18.938+0000] {dag.py:4180} INFO - Setting next_dagrun for example_python_operator to None, run_after=None
[2025-06-16T15:07:18.949+0000] {processor.py:208} INFO - Processing /home/airflow/.local/lib/python3.12/site-packages/airflow/example_dags/example_python_operator.py took 0.048 seconds
[2025-06-16T15:57:51.265+0000] {processor.py:186} INFO - Started process (PID=1626) to work on /home/airflow/.local/lib/python3.12/site-packages/airflow/example_dags/example_python_operator.py
[2025-06-16T15:57:51.273+0000] {processor.py:914} INFO - Processing file /home/airflow/.local/lib/python3.12/site-packages/airflow/example_dags/example_python_operator.py for tasks to queue
[2025-06-16T15:57:51.276+0000] {logging_mixin.py:190} INFO - [2025-06-16T15:57:51.275+0000] {dagbag.py:588} INFO - Filling up the DagBag from /home/airflow/.local/lib/python3.12/site-packages/airflow/example_dags/example_python_operator.py
[2025-06-16T15:57:51.289+0000] {processor.py:925} INFO - DAG(s) 'example_python_operator' retrieved from /home/airflow/.local/lib/python3.12/site-packages/airflow/example_dags/example_python_operator.py
[2025-06-16T15:57:51.322+0000] {logging_mixin.py:190} INFO - [2025-06-16T15:57:51.322+0000] {dag.py:3239} INFO - Sync 1 DAGs
[2025-06-16T15:57:51.336+0000] {logging_mixin.py:190} INFO - [2025-06-16T15:57:51.336+0000] {dag.py:4180} INFO - Setting next_dagrun for example_python_operator to None, run_after=None
[2025-06-16T15:57:51.360+0000] {processor.py:208} INFO - Processing /home/airflow/.local/lib/python3.12/site-packages/airflow/example_dags/example_python_operator.py took 0.105 seconds
[2025-06-16T17:08:55.104+0000] {processor.py:186} INFO - Started process (PID=1690) to work on /home/airflow/.local/lib/python3.12/site-packages/airflow/example_dags/example_python_operator.py
[2025-06-16T17:08:55.168+0000] {processor.py:914} INFO - Processing file /home/airflow/.local/lib/python3.12/site-packages/airflow/example_dags/example_python_operator.py for tasks to queue
[2025-06-16T17:08:55.203+0000] {logging_mixin.py:190} INFO - [2025-06-16T17:08:55.195+0000] {dagbag.py:588} INFO - Filling up the DagBag from /home/airflow/.local/lib/python3.12/site-packages/airflow/example_dags/example_python_operator.py
[2025-06-16T17:08:55.263+0000] {processor.py:925} INFO - DAG(s) 'example_python_operator' retrieved from /home/airflow/.local/lib/python3.12/site-packages/airflow/example_dags/example_python_operator.py
[2025-06-16T17:08:55.422+0000] {logging_mixin.py:190} INFO - [2025-06-16T17:08:55.418+0000] {dag.py:3239} INFO - Sync 1 DAGs
[2025-06-16T17:08:56.232+0000] {logging_mixin.py:190} INFO - [2025-06-16T17:08:56.223+0000] {dag.py:4180} INFO - Setting next_dagrun for example_python_operator to None, run_after=None
[2025-06-16T17:08:56.513+0000] {processor.py:208} INFO - Processing /home/airflow/.local/lib/python3.12/site-packages/airflow/example_dags/example_python_operator.py took 1.424 seconds
[2025-06-16T18:08:30.256+0000] {processor.py:186} INFO - Started process (PID=1753) to work on /home/airflow/.local/lib/python3.12/site-packages/airflow/example_dags/example_python_operator.py
[2025-06-16T18:08:30.259+0000] {processor.py:914} INFO - Processing file /home/airflow/.local/lib/python3.12/site-packages/airflow/example_dags/example_python_operator.py for tasks to queue
[2025-06-16T18:08:30.265+0000] {logging_mixin.py:190} INFO - [2025-06-16T18:08:30.264+0000] {dagbag.py:588} INFO - Filling up the DagBag from /home/airflow/.local/lib/python3.12/site-packages/airflow/example_dags/example_python_operator.py
[2025-06-16T18:08:30.296+0000] {processor.py:925} INFO - DAG(s) 'example_python_operator' retrieved from /home/airflow/.local/lib/python3.12/site-packages/airflow/example_dags/example_python_operator.py
[2025-06-16T18:08:30.363+0000] {logging_mixin.py:190} INFO - [2025-06-16T18:08:30.362+0000] {dag.py:3239} INFO - Sync 1 DAGs
[2025-06-16T18:08:30.399+0000] {logging_mixin.py:190} INFO - [2025-06-16T18:08:30.399+0000] {dag.py:4180} INFO - Setting next_dagrun for example_python_operator to None, run_after=None
[2025-06-16T18:08:30.438+0000] {processor.py:208} INFO - Processing /home/airflow/.local/lib/python3.12/site-packages/airflow/example_dags/example_python_operator.py took 0.190 seconds
[2025-06-16T23:58:45.377+0000] {processor.py:186} INFO - Started process (PID=1822) to work on /home/airflow/.local/lib/python3.12/site-packages/airflow/example_dags/example_python_operator.py
[2025-06-16T23:58:45.383+0000] {processor.py:914} INFO - Processing file /home/airflow/.local/lib/python3.12/site-packages/airflow/example_dags/example_python_operator.py for tasks to queue
[2025-06-16T23:58:45.400+0000] {logging_mixin.py:190} INFO - [2025-06-16T23:58:45.399+0000] {dagbag.py:588} INFO - Filling up the DagBag from /home/airflow/.local/lib/python3.12/site-packages/airflow/example_dags/example_python_operator.py
[2025-06-16T23:58:45.452+0000] {processor.py:925} INFO - DAG(s) 'example_python_operator' retrieved from /home/airflow/.local/lib/python3.12/site-packages/airflow/example_dags/example_python_operator.py
[2025-06-16T23:58:45.532+0000] {logging_mixin.py:190} INFO - [2025-06-16T23:58:45.532+0000] {dag.py:3239} INFO - Sync 1 DAGs
[2025-06-16T23:58:45.578+0000] {logging_mixin.py:190} INFO - [2025-06-16T23:58:45.577+0000] {dag.py:4180} INFO - Setting next_dagrun for example_python_operator to None, run_after=None
[2025-06-16T23:58:45.621+0000] {processor.py:208} INFO - Processing /home/airflow/.local/lib/python3.12/site-packages/airflow/example_dags/example_python_operator.py took 0.254 seconds
