[2025-06-16T13:59:27.971+0000] {processor.py:186} INFO - Started process (PID=93) to work on /home/airflow/.local/lib/python3.12/site-packages/airflow/example_dags/example_python_decorator.py
[2025-06-16T13:59:27.975+0000] {processor.py:914} INFO - Processing file /home/airflow/.local/lib/python3.12/site-packages/airflow/example_dags/example_python_decorator.py for tasks to queue
[2025-06-16T13:59:27.981+0000] {logging_mixin.py:190} INFO - [2025-06-16T13:59:27.980+0000] {dagbag.py:588} INFO - Filling up the DagBag from /home/airflow/.local/lib/python3.12/site-packages/airflow/example_dags/example_python_decorator.py
[2025-06-16T13:59:28.007+0000] {processor.py:925} INFO - DAG(s) 'example_python_decorator' retrieved from /home/airflow/.local/lib/python3.12/site-packages/airflow/example_dags/example_python_decorator.py
[2025-06-16T13:59:28.170+0000] {logging_mixin.py:190} INFO - [2025-06-16T13:59:28.168+0000] {override.py:1912} INFO - Created Permission View: can delete on DAG:example_python_decorator
[2025-06-16T13:59:28.197+0000] {logging_mixin.py:190} INFO - [2025-06-16T13:59:28.196+0000] {override.py:1912} INFO - Created Permission View: can read on DAG:example_python_decorator
[2025-06-16T13:59:28.224+0000] {logging_mixin.py:190} INFO - [2025-06-16T13:59:28.224+0000] {override.py:1912} INFO - Created Permission View: can edit on DAG:example_python_decorator
[2025-06-16T13:59:28.251+0000] {logging_mixin.py:190} INFO - [2025-06-16T13:59:28.250+0000] {override.py:1912} INFO - Created Permission View: can delete on DAG Run:example_python_decorator
[2025-06-16T13:59:28.263+0000] {logging_mixin.py:190} INFO - [2025-06-16T13:59:28.263+0000] {override.py:1912} INFO - Created Permission View: can create on DAG Run:example_python_decorator
[2025-06-16T13:59:28.273+0000] {logging_mixin.py:190} INFO - [2025-06-16T13:59:28.273+0000] {override.py:1912} INFO - Created Permission View: can read on DAG Run:example_python_decorator
[2025-06-16T13:59:28.281+0000] {logging_mixin.py:190} INFO - [2025-06-16T13:59:28.281+0000] {override.py:1912} INFO - Created Permission View: menu access on DAG Run:example_python_decorator
[2025-06-16T13:59:28.284+0000] {logging_mixin.py:190} INFO - [2025-06-16T13:59:28.283+0000] {dag.py:3239} INFO - Sync 1 DAGs
[2025-06-16T13:59:28.301+0000] {logging_mixin.py:190} INFO - [2025-06-16T13:59:28.301+0000] {dag.py:3262} INFO - Creating ORM DAG for example_python_decorator
[2025-06-16T13:59:28.306+0000] {logging_mixin.py:190} INFO - [2025-06-16T13:59:28.305+0000] {dag.py:4180} INFO - Setting next_dagrun for example_python_decorator to None, run_after=None
[2025-06-16T13:59:28.332+0000] {processor.py:208} INFO - Processing /home/airflow/.local/lib/python3.12/site-packages/airflow/example_dags/example_python_decorator.py took 0.367 seconds
[2025-06-16T13:59:58.609+0000] {processor.py:186} INFO - Started process (PID=156) to work on /home/airflow/.local/lib/python3.12/site-packages/airflow/example_dags/example_python_decorator.py
[2025-06-16T13:59:58.611+0000] {processor.py:914} INFO - Processing file /home/airflow/.local/lib/python3.12/site-packages/airflow/example_dags/example_python_decorator.py for tasks to queue
[2025-06-16T13:59:58.614+0000] {logging_mixin.py:190} INFO - [2025-06-16T13:59:58.614+0000] {dagbag.py:588} INFO - Filling up the DagBag from /home/airflow/.local/lib/python3.12/site-packages/airflow/example_dags/example_python_decorator.py
[2025-06-16T13:59:58.628+0000] {processor.py:925} INFO - DAG(s) 'example_python_decorator' retrieved from /home/airflow/.local/lib/python3.12/site-packages/airflow/example_dags/example_python_decorator.py
[2025-06-16T13:59:58.664+0000] {logging_mixin.py:190} INFO - [2025-06-16T13:59:58.664+0000] {dag.py:3239} INFO - Sync 1 DAGs
[2025-06-16T13:59:58.681+0000] {logging_mixin.py:190} INFO - [2025-06-16T13:59:58.681+0000] {dag.py:4180} INFO - Setting next_dagrun for example_python_decorator to None, run_after=None
[2025-06-16T13:59:58.719+0000] {processor.py:208} INFO - Processing /home/airflow/.local/lib/python3.12/site-packages/airflow/example_dags/example_python_decorator.py took 0.114 seconds
[2025-06-16T14:00:29.695+0000] {processor.py:186} INFO - Started process (PID=219) to work on /home/airflow/.local/lib/python3.12/site-packages/airflow/example_dags/example_python_decorator.py
[2025-06-16T14:00:29.697+0000] {processor.py:914} INFO - Processing file /home/airflow/.local/lib/python3.12/site-packages/airflow/example_dags/example_python_decorator.py for tasks to queue
[2025-06-16T14:00:29.699+0000] {logging_mixin.py:190} INFO - [2025-06-16T14:00:29.699+0000] {dagbag.py:588} INFO - Filling up the DagBag from /home/airflow/.local/lib/python3.12/site-packages/airflow/example_dags/example_python_decorator.py
[2025-06-16T14:00:29.712+0000] {processor.py:925} INFO - DAG(s) 'example_python_decorator' retrieved from /home/airflow/.local/lib/python3.12/site-packages/airflow/example_dags/example_python_decorator.py
[2025-06-16T14:00:29.738+0000] {logging_mixin.py:190} INFO - [2025-06-16T14:00:29.738+0000] {dag.py:3239} INFO - Sync 1 DAGs
[2025-06-16T14:00:29.746+0000] {logging_mixin.py:190} INFO - [2025-06-16T14:00:29.746+0000] {dag.py:4180} INFO - Setting next_dagrun for example_python_decorator to None, run_after=None
[2025-06-16T14:00:29.758+0000] {processor.py:208} INFO - Processing /home/airflow/.local/lib/python3.12/site-packages/airflow/example_dags/example_python_decorator.py took 0.069 seconds
[2025-06-16T14:01:00.609+0000] {processor.py:186} INFO - Started process (PID=281) to work on /home/airflow/.local/lib/python3.12/site-packages/airflow/example_dags/example_python_decorator.py
[2025-06-16T14:01:00.611+0000] {processor.py:914} INFO - Processing file /home/airflow/.local/lib/python3.12/site-packages/airflow/example_dags/example_python_decorator.py for tasks to queue
[2025-06-16T14:01:00.613+0000] {logging_mixin.py:190} INFO - [2025-06-16T14:01:00.613+0000] {dagbag.py:588} INFO - Filling up the DagBag from /home/airflow/.local/lib/python3.12/site-packages/airflow/example_dags/example_python_decorator.py
[2025-06-16T14:01:00.627+0000] {processor.py:925} INFO - DAG(s) 'example_python_decorator' retrieved from /home/airflow/.local/lib/python3.12/site-packages/airflow/example_dags/example_python_decorator.py
[2025-06-16T14:01:00.653+0000] {logging_mixin.py:190} INFO - [2025-06-16T14:01:00.653+0000] {dag.py:3239} INFO - Sync 1 DAGs
[2025-06-16T14:01:00.664+0000] {logging_mixin.py:190} INFO - [2025-06-16T14:01:00.664+0000] {dag.py:4180} INFO - Setting next_dagrun for example_python_decorator to None, run_after=None
[2025-06-16T14:01:00.677+0000] {processor.py:208} INFO - Processing /home/airflow/.local/lib/python3.12/site-packages/airflow/example_dags/example_python_decorator.py took 0.074 seconds
[2025-06-16T14:01:31.270+0000] {processor.py:186} INFO - Started process (PID=344) to work on /home/airflow/.local/lib/python3.12/site-packages/airflow/example_dags/example_python_decorator.py
[2025-06-16T14:01:31.272+0000] {processor.py:914} INFO - Processing file /home/airflow/.local/lib/python3.12/site-packages/airflow/example_dags/example_python_decorator.py for tasks to queue
[2025-06-16T14:01:31.275+0000] {logging_mixin.py:190} INFO - [2025-06-16T14:01:31.274+0000] {dagbag.py:588} INFO - Filling up the DagBag from /home/airflow/.local/lib/python3.12/site-packages/airflow/example_dags/example_python_decorator.py
[2025-06-16T14:01:31.288+0000] {processor.py:925} INFO - DAG(s) 'example_python_decorator' retrieved from /home/airflow/.local/lib/python3.12/site-packages/airflow/example_dags/example_python_decorator.py
[2025-06-16T14:01:31.307+0000] {logging_mixin.py:190} INFO - [2025-06-16T14:01:31.306+0000] {dag.py:3239} INFO - Sync 1 DAGs
[2025-06-16T14:01:31.317+0000] {logging_mixin.py:190} INFO - [2025-06-16T14:01:31.316+0000] {dag.py:4180} INFO - Setting next_dagrun for example_python_decorator to None, run_after=None
[2025-06-16T14:01:31.328+0000] {processor.py:208} INFO - Processing /home/airflow/.local/lib/python3.12/site-packages/airflow/example_dags/example_python_decorator.py took 0.065 seconds
[2025-06-16T14:02:01.935+0000] {processor.py:186} INFO - Started process (PID=407) to work on /home/airflow/.local/lib/python3.12/site-packages/airflow/example_dags/example_python_decorator.py
[2025-06-16T14:02:01.937+0000] {processor.py:914} INFO - Processing file /home/airflow/.local/lib/python3.12/site-packages/airflow/example_dags/example_python_decorator.py for tasks to queue
[2025-06-16T14:02:01.940+0000] {logging_mixin.py:190} INFO - [2025-06-16T14:02:01.939+0000] {dagbag.py:588} INFO - Filling up the DagBag from /home/airflow/.local/lib/python3.12/site-packages/airflow/example_dags/example_python_decorator.py
[2025-06-16T14:02:01.953+0000] {processor.py:925} INFO - DAG(s) 'example_python_decorator' retrieved from /home/airflow/.local/lib/python3.12/site-packages/airflow/example_dags/example_python_decorator.py
[2025-06-16T14:02:01.971+0000] {logging_mixin.py:190} INFO - [2025-06-16T14:02:01.971+0000] {dag.py:3239} INFO - Sync 1 DAGs
[2025-06-16T14:02:01.982+0000] {logging_mixin.py:190} INFO - [2025-06-16T14:02:01.981+0000] {dag.py:4180} INFO - Setting next_dagrun for example_python_decorator to None, run_after=None
[2025-06-16T14:02:01.994+0000] {processor.py:208} INFO - Processing /home/airflow/.local/lib/python3.12/site-packages/airflow/example_dags/example_python_decorator.py took 0.065 seconds
[2025-06-16T14:02:32.491+0000] {processor.py:186} INFO - Started process (PID=468) to work on /home/airflow/.local/lib/python3.12/site-packages/airflow/example_dags/example_python_decorator.py
[2025-06-16T14:02:32.494+0000] {processor.py:914} INFO - Processing file /home/airflow/.local/lib/python3.12/site-packages/airflow/example_dags/example_python_decorator.py for tasks to queue
[2025-06-16T14:02:32.498+0000] {logging_mixin.py:190} INFO - [2025-06-16T14:02:32.498+0000] {dagbag.py:588} INFO - Filling up the DagBag from /home/airflow/.local/lib/python3.12/site-packages/airflow/example_dags/example_python_decorator.py
[2025-06-16T14:02:32.516+0000] {processor.py:925} INFO - DAG(s) 'example_python_decorator' retrieved from /home/airflow/.local/lib/python3.12/site-packages/airflow/example_dags/example_python_decorator.py
[2025-06-16T14:02:32.578+0000] {logging_mixin.py:190} INFO - [2025-06-16T14:02:32.578+0000] {dag.py:3239} INFO - Sync 1 DAGs
[2025-06-16T14:02:32.612+0000] {logging_mixin.py:190} INFO - [2025-06-16T14:02:32.612+0000] {dag.py:4180} INFO - Setting next_dagrun for example_python_decorator to None, run_after=None
[2025-06-16T14:02:32.669+0000] {processor.py:208} INFO - Processing /home/airflow/.local/lib/python3.12/site-packages/airflow/example_dags/example_python_decorator.py took 0.184 seconds
[2025-06-16T14:05:30.830+0000] {processor.py:186} INFO - Started process (PID=556) to work on /home/airflow/.local/lib/python3.12/site-packages/airflow/example_dags/example_python_decorator.py
[2025-06-16T14:05:30.832+0000] {processor.py:914} INFO - Processing file /home/airflow/.local/lib/python3.12/site-packages/airflow/example_dags/example_python_decorator.py for tasks to queue
[2025-06-16T14:05:30.834+0000] {logging_mixin.py:190} INFO - [2025-06-16T14:05:30.834+0000] {dagbag.py:588} INFO - Filling up the DagBag from /home/airflow/.local/lib/python3.12/site-packages/airflow/example_dags/example_python_decorator.py
[2025-06-16T14:05:30.845+0000] {processor.py:925} INFO - DAG(s) 'example_python_decorator' retrieved from /home/airflow/.local/lib/python3.12/site-packages/airflow/example_dags/example_python_decorator.py
[2025-06-16T14:05:30.861+0000] {logging_mixin.py:190} INFO - [2025-06-16T14:05:30.861+0000] {dag.py:3239} INFO - Sync 1 DAGs
[2025-06-16T14:05:30.873+0000] {logging_mixin.py:190} INFO - [2025-06-16T14:05:30.872+0000] {dag.py:4180} INFO - Setting next_dagrun for example_python_decorator to None, run_after=None
[2025-06-16T14:05:30.885+0000] {processor.py:208} INFO - Processing /home/airflow/.local/lib/python3.12/site-packages/airflow/example_dags/example_python_decorator.py took 0.058 seconds
[2025-06-16T14:06:01.709+0000] {processor.py:186} INFO - Started process (PID=619) to work on /home/airflow/.local/lib/python3.12/site-packages/airflow/example_dags/example_python_decorator.py
[2025-06-16T14:06:01.711+0000] {processor.py:914} INFO - Processing file /home/airflow/.local/lib/python3.12/site-packages/airflow/example_dags/example_python_decorator.py for tasks to queue
[2025-06-16T14:06:01.714+0000] {logging_mixin.py:190} INFO - [2025-06-16T14:06:01.714+0000] {dagbag.py:588} INFO - Filling up the DagBag from /home/airflow/.local/lib/python3.12/site-packages/airflow/example_dags/example_python_decorator.py
[2025-06-16T14:06:01.726+0000] {processor.py:925} INFO - DAG(s) 'example_python_decorator' retrieved from /home/airflow/.local/lib/python3.12/site-packages/airflow/example_dags/example_python_decorator.py
[2025-06-16T14:06:01.746+0000] {logging_mixin.py:190} INFO - [2025-06-16T14:06:01.746+0000] {dag.py:3239} INFO - Sync 1 DAGs
[2025-06-16T14:06:01.757+0000] {logging_mixin.py:190} INFO - [2025-06-16T14:06:01.757+0000] {dag.py:4180} INFO - Setting next_dagrun for example_python_decorator to None, run_after=None
[2025-06-16T14:06:01.772+0000] {processor.py:208} INFO - Processing /home/airflow/.local/lib/python3.12/site-packages/airflow/example_dags/example_python_decorator.py took 0.068 seconds
[2025-06-16T14:06:32.416+0000] {processor.py:186} INFO - Started process (PID=682) to work on /home/airflow/.local/lib/python3.12/site-packages/airflow/example_dags/example_python_decorator.py
[2025-06-16T14:06:32.418+0000] {processor.py:914} INFO - Processing file /home/airflow/.local/lib/python3.12/site-packages/airflow/example_dags/example_python_decorator.py for tasks to queue
[2025-06-16T14:06:32.420+0000] {logging_mixin.py:190} INFO - [2025-06-16T14:06:32.419+0000] {dagbag.py:588} INFO - Filling up the DagBag from /home/airflow/.local/lib/python3.12/site-packages/airflow/example_dags/example_python_decorator.py
[2025-06-16T14:06:32.431+0000] {processor.py:925} INFO - DAG(s) 'example_python_decorator' retrieved from /home/airflow/.local/lib/python3.12/site-packages/airflow/example_dags/example_python_decorator.py
[2025-06-16T14:06:32.447+0000] {logging_mixin.py:190} INFO - [2025-06-16T14:06:32.447+0000] {dag.py:3239} INFO - Sync 1 DAGs
[2025-06-16T14:06:32.457+0000] {logging_mixin.py:190} INFO - [2025-06-16T14:06:32.457+0000] {dag.py:4180} INFO - Setting next_dagrun for example_python_decorator to None, run_after=None
[2025-06-16T14:06:32.470+0000] {processor.py:208} INFO - Processing /home/airflow/.local/lib/python3.12/site-packages/airflow/example_dags/example_python_decorator.py took 0.059 seconds
[2025-06-16T14:07:03.446+0000] {processor.py:186} INFO - Started process (PID=745) to work on /home/airflow/.local/lib/python3.12/site-packages/airflow/example_dags/example_python_decorator.py
[2025-06-16T14:07:03.448+0000] {processor.py:914} INFO - Processing file /home/airflow/.local/lib/python3.12/site-packages/airflow/example_dags/example_python_decorator.py for tasks to queue
[2025-06-16T14:07:03.450+0000] {logging_mixin.py:190} INFO - [2025-06-16T14:07:03.449+0000] {dagbag.py:588} INFO - Filling up the DagBag from /home/airflow/.local/lib/python3.12/site-packages/airflow/example_dags/example_python_decorator.py
[2025-06-16T14:07:03.458+0000] {processor.py:925} INFO - DAG(s) 'example_python_decorator' retrieved from /home/airflow/.local/lib/python3.12/site-packages/airflow/example_dags/example_python_decorator.py
[2025-06-16T14:07:03.472+0000] {logging_mixin.py:190} INFO - [2025-06-16T14:07:03.472+0000] {dag.py:3239} INFO - Sync 1 DAGs
[2025-06-16T14:07:03.482+0000] {logging_mixin.py:190} INFO - [2025-06-16T14:07:03.482+0000] {dag.py:4180} INFO - Setting next_dagrun for example_python_decorator to None, run_after=None
[2025-06-16T14:07:03.494+0000] {processor.py:208} INFO - Processing /home/airflow/.local/lib/python3.12/site-packages/airflow/example_dags/example_python_decorator.py took 0.051 seconds
[2025-06-16T14:07:34.237+0000] {processor.py:186} INFO - Started process (PID=806) to work on /home/airflow/.local/lib/python3.12/site-packages/airflow/example_dags/example_python_decorator.py
[2025-06-16T14:07:34.239+0000] {processor.py:914} INFO - Processing file /home/airflow/.local/lib/python3.12/site-packages/airflow/example_dags/example_python_decorator.py for tasks to queue
[2025-06-16T14:07:34.244+0000] {logging_mixin.py:190} INFO - [2025-06-16T14:07:34.244+0000] {dagbag.py:588} INFO - Filling up the DagBag from /home/airflow/.local/lib/python3.12/site-packages/airflow/example_dags/example_python_decorator.py
[2025-06-16T14:07:34.263+0000] {processor.py:925} INFO - DAG(s) 'example_python_decorator' retrieved from /home/airflow/.local/lib/python3.12/site-packages/airflow/example_dags/example_python_decorator.py
[2025-06-16T14:07:34.289+0000] {logging_mixin.py:190} INFO - [2025-06-16T14:07:34.289+0000] {dag.py:3239} INFO - Sync 1 DAGs
[2025-06-16T14:07:34.302+0000] {logging_mixin.py:190} INFO - [2025-06-16T14:07:34.302+0000] {dag.py:4180} INFO - Setting next_dagrun for example_python_decorator to None, run_after=None
[2025-06-16T14:07:34.319+0000] {processor.py:208} INFO - Processing /home/airflow/.local/lib/python3.12/site-packages/airflow/example_dags/example_python_decorator.py took 0.088 seconds
[2025-06-16T14:08:05.564+0000] {processor.py:186} INFO - Started process (PID=868) to work on /home/airflow/.local/lib/python3.12/site-packages/airflow/example_dags/example_python_decorator.py
[2025-06-16T14:08:05.566+0000] {processor.py:914} INFO - Processing file /home/airflow/.local/lib/python3.12/site-packages/airflow/example_dags/example_python_decorator.py for tasks to queue
[2025-06-16T14:08:05.568+0000] {logging_mixin.py:190} INFO - [2025-06-16T14:08:05.568+0000] {dagbag.py:588} INFO - Filling up the DagBag from /home/airflow/.local/lib/python3.12/site-packages/airflow/example_dags/example_python_decorator.py
[2025-06-16T14:08:05.582+0000] {processor.py:925} INFO - DAG(s) 'example_python_decorator' retrieved from /home/airflow/.local/lib/python3.12/site-packages/airflow/example_dags/example_python_decorator.py
[2025-06-16T14:08:05.599+0000] {logging_mixin.py:190} INFO - [2025-06-16T14:08:05.599+0000] {dag.py:3239} INFO - Sync 1 DAGs
[2025-06-16T14:08:05.609+0000] {logging_mixin.py:190} INFO - [2025-06-16T14:08:05.609+0000] {dag.py:4180} INFO - Setting next_dagrun for example_python_decorator to None, run_after=None
[2025-06-16T14:08:05.626+0000] {processor.py:208} INFO - Processing /home/airflow/.local/lib/python3.12/site-packages/airflow/example_dags/example_python_decorator.py took 0.067 seconds
[2025-06-16T14:08:36.552+0000] {processor.py:186} INFO - Started process (PID=931) to work on /home/airflow/.local/lib/python3.12/site-packages/airflow/example_dags/example_python_decorator.py
[2025-06-16T14:08:36.553+0000] {processor.py:914} INFO - Processing file /home/airflow/.local/lib/python3.12/site-packages/airflow/example_dags/example_python_decorator.py for tasks to queue
[2025-06-16T14:08:36.555+0000] {logging_mixin.py:190} INFO - [2025-06-16T14:08:36.555+0000] {dagbag.py:588} INFO - Filling up the DagBag from /home/airflow/.local/lib/python3.12/site-packages/airflow/example_dags/example_python_decorator.py
[2025-06-16T14:08:36.563+0000] {processor.py:925} INFO - DAG(s) 'example_python_decorator' retrieved from /home/airflow/.local/lib/python3.12/site-packages/airflow/example_dags/example_python_decorator.py
[2025-06-16T14:08:36.581+0000] {logging_mixin.py:190} INFO - [2025-06-16T14:08:36.581+0000] {dag.py:3239} INFO - Sync 1 DAGs
[2025-06-16T14:08:36.593+0000] {logging_mixin.py:190} INFO - [2025-06-16T14:08:36.592+0000] {dag.py:4180} INFO - Setting next_dagrun for example_python_decorator to None, run_after=None
[2025-06-16T14:08:36.608+0000] {processor.py:208} INFO - Processing /home/airflow/.local/lib/python3.12/site-packages/airflow/example_dags/example_python_decorator.py took 0.059 seconds
[2025-06-16T14:09:07.845+0000] {processor.py:186} INFO - Started process (PID=995) to work on /home/airflow/.local/lib/python3.12/site-packages/airflow/example_dags/example_python_decorator.py
[2025-06-16T14:09:07.846+0000] {processor.py:914} INFO - Processing file /home/airflow/.local/lib/python3.12/site-packages/airflow/example_dags/example_python_decorator.py for tasks to queue
[2025-06-16T14:09:07.849+0000] {logging_mixin.py:190} INFO - [2025-06-16T14:09:07.848+0000] {dagbag.py:588} INFO - Filling up the DagBag from /home/airflow/.local/lib/python3.12/site-packages/airflow/example_dags/example_python_decorator.py
[2025-06-16T14:09:07.861+0000] {processor.py:925} INFO - DAG(s) 'example_python_decorator' retrieved from /home/airflow/.local/lib/python3.12/site-packages/airflow/example_dags/example_python_decorator.py
[2025-06-16T14:09:07.878+0000] {logging_mixin.py:190} INFO - [2025-06-16T14:09:07.878+0000] {dag.py:3239} INFO - Sync 1 DAGs
[2025-06-16T14:09:07.890+0000] {logging_mixin.py:190} INFO - [2025-06-16T14:09:07.890+0000] {dag.py:4180} INFO - Setting next_dagrun for example_python_decorator to None, run_after=None
[2025-06-16T14:09:07.904+0000] {processor.py:208} INFO - Processing /home/airflow/.local/lib/python3.12/site-packages/airflow/example_dags/example_python_decorator.py took 0.062 seconds
[2025-06-16T14:09:38.556+0000] {processor.py:186} INFO - Started process (PID=1058) to work on /home/airflow/.local/lib/python3.12/site-packages/airflow/example_dags/example_python_decorator.py
[2025-06-16T14:09:38.557+0000] {processor.py:914} INFO - Processing file /home/airflow/.local/lib/python3.12/site-packages/airflow/example_dags/example_python_decorator.py for tasks to queue
[2025-06-16T14:09:38.559+0000] {logging_mixin.py:190} INFO - [2025-06-16T14:09:38.558+0000] {dagbag.py:588} INFO - Filling up the DagBag from /home/airflow/.local/lib/python3.12/site-packages/airflow/example_dags/example_python_decorator.py
[2025-06-16T14:09:38.567+0000] {processor.py:925} INFO - DAG(s) 'example_python_decorator' retrieved from /home/airflow/.local/lib/python3.12/site-packages/airflow/example_dags/example_python_decorator.py
[2025-06-16T14:09:38.579+0000] {logging_mixin.py:190} INFO - [2025-06-16T14:09:38.579+0000] {dag.py:3239} INFO - Sync 1 DAGs
[2025-06-16T14:09:38.587+0000] {logging_mixin.py:190} INFO - [2025-06-16T14:09:38.587+0000] {dag.py:4180} INFO - Setting next_dagrun for example_python_decorator to None, run_after=None
[2025-06-16T14:09:38.597+0000] {processor.py:208} INFO - Processing /home/airflow/.local/lib/python3.12/site-packages/airflow/example_dags/example_python_decorator.py took 0.044 seconds
[2025-06-16T14:10:51.102+0000] {processor.py:186} INFO - Started process (PID=1121) to work on /home/airflow/.local/lib/python3.12/site-packages/airflow/example_dags/example_python_decorator.py
[2025-06-16T14:10:51.104+0000] {processor.py:914} INFO - Processing file /home/airflow/.local/lib/python3.12/site-packages/airflow/example_dags/example_python_decorator.py for tasks to queue
[2025-06-16T14:10:51.107+0000] {logging_mixin.py:190} INFO - [2025-06-16T14:10:51.107+0000] {dagbag.py:588} INFO - Filling up the DagBag from /home/airflow/.local/lib/python3.12/site-packages/airflow/example_dags/example_python_decorator.py
[2025-06-16T14:10:51.119+0000] {processor.py:925} INFO - DAG(s) 'example_python_decorator' retrieved from /home/airflow/.local/lib/python3.12/site-packages/airflow/example_dags/example_python_decorator.py
[2025-06-16T14:10:51.139+0000] {logging_mixin.py:190} INFO - [2025-06-16T14:10:51.139+0000] {dag.py:3239} INFO - Sync 1 DAGs
[2025-06-16T14:10:51.150+0000] {logging_mixin.py:190} INFO - [2025-06-16T14:10:51.150+0000] {dag.py:4180} INFO - Setting next_dagrun for example_python_decorator to None, run_after=None
[2025-06-16T14:10:51.162+0000] {processor.py:208} INFO - Processing /home/airflow/.local/lib/python3.12/site-packages/airflow/example_dags/example_python_decorator.py took 0.065 seconds
[2025-06-16T14:11:41.177+0000] {processor.py:186} INFO - Started process (PID=1184) to work on /home/airflow/.local/lib/python3.12/site-packages/airflow/example_dags/example_python_decorator.py
[2025-06-16T14:11:41.179+0000] {processor.py:914} INFO - Processing file /home/airflow/.local/lib/python3.12/site-packages/airflow/example_dags/example_python_decorator.py for tasks to queue
[2025-06-16T14:11:41.182+0000] {logging_mixin.py:190} INFO - [2025-06-16T14:11:41.182+0000] {dagbag.py:588} INFO - Filling up the DagBag from /home/airflow/.local/lib/python3.12/site-packages/airflow/example_dags/example_python_decorator.py
[2025-06-16T14:11:41.206+0000] {processor.py:925} INFO - DAG(s) 'example_python_decorator' retrieved from /home/airflow/.local/lib/python3.12/site-packages/airflow/example_dags/example_python_decorator.py
[2025-06-16T14:11:41.239+0000] {logging_mixin.py:190} INFO - [2025-06-16T14:11:41.238+0000] {dag.py:3239} INFO - Sync 1 DAGs
[2025-06-16T14:11:41.263+0000] {logging_mixin.py:190} INFO - [2025-06-16T14:11:41.263+0000] {dag.py:4180} INFO - Setting next_dagrun for example_python_decorator to None, run_after=None
[2025-06-16T14:11:41.306+0000] {processor.py:208} INFO - Processing /home/airflow/.local/lib/python3.12/site-packages/airflow/example_dags/example_python_decorator.py took 0.138 seconds
[2025-06-16T14:12:12.188+0000] {processor.py:186} INFO - Started process (PID=1247) to work on /home/airflow/.local/lib/python3.12/site-packages/airflow/example_dags/example_python_decorator.py
[2025-06-16T14:12:12.190+0000] {processor.py:914} INFO - Processing file /home/airflow/.local/lib/python3.12/site-packages/airflow/example_dags/example_python_decorator.py for tasks to queue
[2025-06-16T14:12:12.193+0000] {logging_mixin.py:190} INFO - [2025-06-16T14:12:12.192+0000] {dagbag.py:588} INFO - Filling up the DagBag from /home/airflow/.local/lib/python3.12/site-packages/airflow/example_dags/example_python_decorator.py
[2025-06-16T14:12:12.202+0000] {processor.py:925} INFO - DAG(s) 'example_python_decorator' retrieved from /home/airflow/.local/lib/python3.12/site-packages/airflow/example_dags/example_python_decorator.py
[2025-06-16T14:12:12.221+0000] {logging_mixin.py:190} INFO - [2025-06-16T14:12:12.220+0000] {dag.py:3239} INFO - Sync 1 DAGs
[2025-06-16T14:12:12.238+0000] {logging_mixin.py:190} INFO - [2025-06-16T14:12:12.238+0000] {dag.py:4180} INFO - Setting next_dagrun for example_python_decorator to None, run_after=None
[2025-06-16T14:12:12.250+0000] {processor.py:208} INFO - Processing /home/airflow/.local/lib/python3.12/site-packages/airflow/example_dags/example_python_decorator.py took 0.067 seconds
[2025-06-16T14:12:43.058+0000] {processor.py:186} INFO - Started process (PID=1310) to work on /home/airflow/.local/lib/python3.12/site-packages/airflow/example_dags/example_python_decorator.py
[2025-06-16T14:12:43.060+0000] {processor.py:914} INFO - Processing file /home/airflow/.local/lib/python3.12/site-packages/airflow/example_dags/example_python_decorator.py for tasks to queue
[2025-06-16T14:12:43.062+0000] {logging_mixin.py:190} INFO - [2025-06-16T14:12:43.061+0000] {dagbag.py:588} INFO - Filling up the DagBag from /home/airflow/.local/lib/python3.12/site-packages/airflow/example_dags/example_python_decorator.py
[2025-06-16T14:12:43.070+0000] {processor.py:925} INFO - DAG(s) 'example_python_decorator' retrieved from /home/airflow/.local/lib/python3.12/site-packages/airflow/example_dags/example_python_decorator.py
[2025-06-16T14:12:43.083+0000] {logging_mixin.py:190} INFO - [2025-06-16T14:12:43.083+0000] {dag.py:3239} INFO - Sync 1 DAGs
[2025-06-16T14:12:43.091+0000] {logging_mixin.py:190} INFO - [2025-06-16T14:12:43.091+0000] {dag.py:4180} INFO - Setting next_dagrun for example_python_decorator to None, run_after=None
[2025-06-16T14:12:43.102+0000] {processor.py:208} INFO - Processing /home/airflow/.local/lib/python3.12/site-packages/airflow/example_dags/example_python_decorator.py took 0.048 seconds
[2025-06-16T14:13:13.701+0000] {processor.py:186} INFO - Started process (PID=1373) to work on /home/airflow/.local/lib/python3.12/site-packages/airflow/example_dags/example_python_decorator.py
[2025-06-16T14:13:13.703+0000] {processor.py:914} INFO - Processing file /home/airflow/.local/lib/python3.12/site-packages/airflow/example_dags/example_python_decorator.py for tasks to queue
[2025-06-16T14:13:13.705+0000] {logging_mixin.py:190} INFO - [2025-06-16T14:13:13.705+0000] {dagbag.py:588} INFO - Filling up the DagBag from /home/airflow/.local/lib/python3.12/site-packages/airflow/example_dags/example_python_decorator.py
[2025-06-16T14:13:13.713+0000] {processor.py:925} INFO - DAG(s) 'example_python_decorator' retrieved from /home/airflow/.local/lib/python3.12/site-packages/airflow/example_dags/example_python_decorator.py
[2025-06-16T14:13:13.731+0000] {logging_mixin.py:190} INFO - [2025-06-16T14:13:13.731+0000] {dag.py:3239} INFO - Sync 1 DAGs
[2025-06-16T14:13:13.739+0000] {logging_mixin.py:190} INFO - [2025-06-16T14:13:13.739+0000] {dag.py:4180} INFO - Setting next_dagrun for example_python_decorator to None, run_after=None
[2025-06-16T14:13:13.750+0000] {processor.py:208} INFO - Processing /home/airflow/.local/lib/python3.12/site-packages/airflow/example_dags/example_python_decorator.py took 0.052 seconds
[2025-06-16T14:13:44.391+0000] {processor.py:186} INFO - Started process (PID=1436) to work on /home/airflow/.local/lib/python3.12/site-packages/airflow/example_dags/example_python_decorator.py
[2025-06-16T14:13:44.392+0000] {processor.py:914} INFO - Processing file /home/airflow/.local/lib/python3.12/site-packages/airflow/example_dags/example_python_decorator.py for tasks to queue
[2025-06-16T14:13:44.394+0000] {logging_mixin.py:190} INFO - [2025-06-16T14:13:44.394+0000] {dagbag.py:588} INFO - Filling up the DagBag from /home/airflow/.local/lib/python3.12/site-packages/airflow/example_dags/example_python_decorator.py
[2025-06-16T14:13:44.402+0000] {processor.py:925} INFO - DAG(s) 'example_python_decorator' retrieved from /home/airflow/.local/lib/python3.12/site-packages/airflow/example_dags/example_python_decorator.py
[2025-06-16T14:13:44.415+0000] {logging_mixin.py:190} INFO - [2025-06-16T14:13:44.415+0000] {dag.py:3239} INFO - Sync 1 DAGs
[2025-06-16T14:13:44.424+0000] {logging_mixin.py:190} INFO - [2025-06-16T14:13:44.424+0000] {dag.py:4180} INFO - Setting next_dagrun for example_python_decorator to None, run_after=None
[2025-06-16T14:13:44.435+0000] {processor.py:208} INFO - Processing /home/airflow/.local/lib/python3.12/site-packages/airflow/example_dags/example_python_decorator.py took 0.047 seconds
[2025-06-16T14:14:14.900+0000] {processor.py:186} INFO - Started process (PID=1499) to work on /home/airflow/.local/lib/python3.12/site-packages/airflow/example_dags/example_python_decorator.py
[2025-06-16T14:14:14.902+0000] {processor.py:914} INFO - Processing file /home/airflow/.local/lib/python3.12/site-packages/airflow/example_dags/example_python_decorator.py for tasks to queue
[2025-06-16T14:14:14.903+0000] {logging_mixin.py:190} INFO - [2025-06-16T14:14:14.903+0000] {dagbag.py:588} INFO - Filling up the DagBag from /home/airflow/.local/lib/python3.12/site-packages/airflow/example_dags/example_python_decorator.py
[2025-06-16T14:14:14.912+0000] {processor.py:925} INFO - DAG(s) 'example_python_decorator' retrieved from /home/airflow/.local/lib/python3.12/site-packages/airflow/example_dags/example_python_decorator.py
[2025-06-16T14:14:14.928+0000] {logging_mixin.py:190} INFO - [2025-06-16T14:14:14.928+0000] {dag.py:3239} INFO - Sync 1 DAGs
[2025-06-16T14:14:14.938+0000] {logging_mixin.py:190} INFO - [2025-06-16T14:14:14.938+0000] {dag.py:4180} INFO - Setting next_dagrun for example_python_decorator to None, run_after=None
[2025-06-16T14:14:14.951+0000] {processor.py:208} INFO - Processing /home/airflow/.local/lib/python3.12/site-packages/airflow/example_dags/example_python_decorator.py took 0.053 seconds
[2025-06-16T15:07:18.828+0000] {processor.py:186} INFO - Started process (PID=1562) to work on /home/airflow/.local/lib/python3.12/site-packages/airflow/example_dags/example_python_decorator.py
[2025-06-16T15:07:18.830+0000] {processor.py:914} INFO - Processing file /home/airflow/.local/lib/python3.12/site-packages/airflow/example_dags/example_python_decorator.py for tasks to queue
[2025-06-16T15:07:18.832+0000] {logging_mixin.py:190} INFO - [2025-06-16T15:07:18.832+0000] {dagbag.py:588} INFO - Filling up the DagBag from /home/airflow/.local/lib/python3.12/site-packages/airflow/example_dags/example_python_decorator.py
[2025-06-16T15:07:18.842+0000] {processor.py:925} INFO - DAG(s) 'example_python_decorator' retrieved from /home/airflow/.local/lib/python3.12/site-packages/airflow/example_dags/example_python_decorator.py
[2025-06-16T15:07:18.858+0000] {logging_mixin.py:190} INFO - [2025-06-16T15:07:18.858+0000] {dag.py:3239} INFO - Sync 1 DAGs
[2025-06-16T15:07:18.871+0000] {logging_mixin.py:190} INFO - [2025-06-16T15:07:18.871+0000] {dag.py:4180} INFO - Setting next_dagrun for example_python_decorator to None, run_after=None
[2025-06-16T15:07:18.884+0000] {processor.py:208} INFO - Processing /home/airflow/.local/lib/python3.12/site-packages/airflow/example_dags/example_python_decorator.py took 0.061 seconds
[2025-06-16T15:57:51.115+0000] {processor.py:186} INFO - Started process (PID=1625) to work on /home/airflow/.local/lib/python3.12/site-packages/airflow/example_dags/example_python_decorator.py
[2025-06-16T15:57:51.118+0000] {processor.py:914} INFO - Processing file /home/airflow/.local/lib/python3.12/site-packages/airflow/example_dags/example_python_decorator.py for tasks to queue
[2025-06-16T15:57:51.122+0000] {logging_mixin.py:190} INFO - [2025-06-16T15:57:51.121+0000] {dagbag.py:588} INFO - Filling up the DagBag from /home/airflow/.local/lib/python3.12/site-packages/airflow/example_dags/example_python_decorator.py
[2025-06-16T15:57:51.146+0000] {processor.py:925} INFO - DAG(s) 'example_python_decorator' retrieved from /home/airflow/.local/lib/python3.12/site-packages/airflow/example_dags/example_python_decorator.py
[2025-06-16T15:57:51.180+0000] {logging_mixin.py:190} INFO - [2025-06-16T15:57:51.178+0000] {dag.py:3239} INFO - Sync 1 DAGs
[2025-06-16T15:57:51.200+0000] {logging_mixin.py:190} INFO - [2025-06-16T15:57:51.200+0000] {dag.py:4180} INFO - Setting next_dagrun for example_python_decorator to None, run_after=None
[2025-06-16T15:57:51.229+0000] {processor.py:208} INFO - Processing /home/airflow/.local/lib/python3.12/site-packages/airflow/example_dags/example_python_decorator.py took 0.120 seconds
[2025-06-16T17:08:54.774+0000] {processor.py:186} INFO - Started process (PID=1689) to work on /home/airflow/.local/lib/python3.12/site-packages/airflow/example_dags/example_python_decorator.py
[2025-06-16T17:08:54.776+0000] {processor.py:914} INFO - Processing file /home/airflow/.local/lib/python3.12/site-packages/airflow/example_dags/example_python_decorator.py for tasks to queue
[2025-06-16T17:08:54.780+0000] {logging_mixin.py:190} INFO - [2025-06-16T17:08:54.779+0000] {dagbag.py:588} INFO - Filling up the DagBag from /home/airflow/.local/lib/python3.12/site-packages/airflow/example_dags/example_python_decorator.py
[2025-06-16T17:08:54.792+0000] {processor.py:925} INFO - DAG(s) 'example_python_decorator' retrieved from /home/airflow/.local/lib/python3.12/site-packages/airflow/example_dags/example_python_decorator.py
[2025-06-16T17:08:54.815+0000] {logging_mixin.py:190} INFO - [2025-06-16T17:08:54.815+0000] {dag.py:3239} INFO - Sync 1 DAGs
[2025-06-16T17:08:54.832+0000] {logging_mixin.py:190} INFO - [2025-06-16T17:08:54.831+0000] {dag.py:4180} INFO - Setting next_dagrun for example_python_decorator to None, run_after=None
[2025-06-16T17:08:54.856+0000] {processor.py:208} INFO - Processing /home/airflow/.local/lib/python3.12/site-packages/airflow/example_dags/example_python_decorator.py took 0.088 seconds
[2025-06-16T18:08:30.065+0000] {processor.py:186} INFO - Started process (PID=1752) to work on /home/airflow/.local/lib/python3.12/site-packages/airflow/example_dags/example_python_decorator.py
[2025-06-16T18:08:30.069+0000] {processor.py:914} INFO - Processing file /home/airflow/.local/lib/python3.12/site-packages/airflow/example_dags/example_python_decorator.py for tasks to queue
[2025-06-16T18:08:30.074+0000] {logging_mixin.py:190} INFO - [2025-06-16T18:08:30.074+0000] {dagbag.py:588} INFO - Filling up the DagBag from /home/airflow/.local/lib/python3.12/site-packages/airflow/example_dags/example_python_decorator.py
[2025-06-16T18:08:30.095+0000] {processor.py:925} INFO - DAG(s) 'example_python_decorator' retrieved from /home/airflow/.local/lib/python3.12/site-packages/airflow/example_dags/example_python_decorator.py
[2025-06-16T18:08:30.132+0000] {logging_mixin.py:190} INFO - [2025-06-16T18:08:30.131+0000] {dag.py:3239} INFO - Sync 1 DAGs
[2025-06-16T18:08:30.153+0000] {logging_mixin.py:190} INFO - [2025-06-16T18:08:30.152+0000] {dag.py:4180} INFO - Setting next_dagrun for example_python_decorator to None, run_after=None
[2025-06-16T18:08:30.183+0000] {processor.py:208} INFO - Processing /home/airflow/.local/lib/python3.12/site-packages/airflow/example_dags/example_python_decorator.py took 0.126 seconds
[2025-06-16T23:58:44.624+0000] {processor.py:186} INFO - Started process (PID=1821) to work on /home/airflow/.local/lib/python3.12/site-packages/airflow/example_dags/example_python_decorator.py
[2025-06-16T23:58:44.637+0000] {processor.py:914} INFO - Processing file /home/airflow/.local/lib/python3.12/site-packages/airflow/example_dags/example_python_decorator.py for tasks to queue
[2025-06-16T23:58:44.658+0000] {logging_mixin.py:190} INFO - [2025-06-16T23:58:44.657+0000] {dagbag.py:588} INFO - Filling up the DagBag from /home/airflow/.local/lib/python3.12/site-packages/airflow/example_dags/example_python_decorator.py
[2025-06-16T23:58:44.821+0000] {processor.py:925} INFO - DAG(s) 'example_python_decorator' retrieved from /home/airflow/.local/lib/python3.12/site-packages/airflow/example_dags/example_python_decorator.py
[2025-06-16T23:58:44.925+0000] {logging_mixin.py:190} INFO - [2025-06-16T23:58:44.924+0000] {dag.py:3239} INFO - Sync 1 DAGs
[2025-06-16T23:58:44.978+0000] {logging_mixin.py:190} INFO - [2025-06-16T23:58:44.978+0000] {dag.py:4180} INFO - Setting next_dagrun for example_python_decorator to None, run_after=None
[2025-06-16T23:58:45.033+0000] {processor.py:208} INFO - Processing /home/airflow/.local/lib/python3.12/site-packages/airflow/example_dags/example_python_decorator.py took 0.440 seconds
