[2025-06-16T13:59:26.436+0000] {processor.py:186} INFO - Started process (PID=86) to work on /home/airflow/.local/lib/python3.12/site-packages/airflow/example_dags/example_complex.py
[2025-06-16T13:59:26.439+0000] {processor.py:914} INFO - Processing file /home/airflow/.local/lib/python3.12/site-packages/airflow/example_dags/example_complex.py for tasks to queue
[2025-06-16T13:59:26.441+0000] {logging_mixin.py:190} INFO - [2025-06-16T13:59:26.441+0000] {dagbag.py:588} INFO - Filling up the DagBag from /home/airflow/.local/lib/python3.12/site-packages/airflow/example_dags/example_complex.py
[2025-06-16T13:59:26.461+0000] {processor.py:925} INFO - DAG(s) 'example_complex' retrieved from /home/airflow/.local/lib/python3.12/site-packages/airflow/example_dags/example_complex.py
[2025-06-16T13:59:26.557+0000] {logging_mixin.py:190} INFO - [2025-06-16T13:59:26.557+0000] {override.py:1912} INFO - Created Permission View: can delete on DAG:example_complex
[2025-06-16T13:59:26.568+0000] {logging_mixin.py:190} INFO - [2025-06-16T13:59:26.568+0000] {override.py:1912} INFO - Created Permission View: can read on DAG:example_complex
[2025-06-16T13:59:26.575+0000] {logging_mixin.py:190} INFO - [2025-06-16T13:59:26.574+0000] {override.py:1912} INFO - Created Permission View: can edit on DAG:example_complex
[2025-06-16T13:59:26.591+0000] {logging_mixin.py:190} INFO - [2025-06-16T13:59:26.590+0000] {override.py:1912} INFO - Created Permission View: can delete on DAG Run:example_complex
[2025-06-16T13:59:26.604+0000] {logging_mixin.py:190} INFO - [2025-06-16T13:59:26.604+0000] {override.py:1912} INFO - Created Permission View: can create on DAG Run:example_complex
[2025-06-16T13:59:26.617+0000] {logging_mixin.py:190} INFO - [2025-06-16T13:59:26.617+0000] {override.py:1912} INFO - Created Permission View: can read on DAG Run:example_complex
[2025-06-16T13:59:26.631+0000] {logging_mixin.py:190} INFO - [2025-06-16T13:59:26.631+0000] {override.py:1912} INFO - Created Permission View: menu access on DAG Run:example_complex
[2025-06-16T13:59:26.635+0000] {logging_mixin.py:190} INFO - [2025-06-16T13:59:26.634+0000] {dag.py:3239} INFO - Sync 1 DAGs
[2025-06-16T13:59:26.649+0000] {logging_mixin.py:190} INFO - [2025-06-16T13:59:26.648+0000] {dag.py:3262} INFO - Creating ORM DAG for example_complex
[2025-06-16T13:59:26.650+0000] {logging_mixin.py:190} INFO - [2025-06-16T13:59:26.650+0000] {dag.py:4180} INFO - Setting next_dagrun for example_complex to None, run_after=None
[2025-06-16T13:59:26.679+0000] {processor.py:208} INFO - Processing /home/airflow/.local/lib/python3.12/site-packages/airflow/example_dags/example_complex.py took 0.248 seconds
[2025-06-16T13:59:57.222+0000] {processor.py:186} INFO - Started process (PID=149) to work on /home/airflow/.local/lib/python3.12/site-packages/airflow/example_dags/example_complex.py
[2025-06-16T13:59:57.224+0000] {processor.py:914} INFO - Processing file /home/airflow/.local/lib/python3.12/site-packages/airflow/example_dags/example_complex.py for tasks to queue
[2025-06-16T13:59:57.227+0000] {logging_mixin.py:190} INFO - [2025-06-16T13:59:57.227+0000] {dagbag.py:588} INFO - Filling up the DagBag from /home/airflow/.local/lib/python3.12/site-packages/airflow/example_dags/example_complex.py
[2025-06-16T13:59:57.237+0000] {processor.py:925} INFO - DAG(s) 'example_complex' retrieved from /home/airflow/.local/lib/python3.12/site-packages/airflow/example_dags/example_complex.py
[2025-06-16T13:59:57.262+0000] {logging_mixin.py:190} INFO - [2025-06-16T13:59:57.262+0000] {dag.py:3239} INFO - Sync 1 DAGs
[2025-06-16T13:59:57.273+0000] {logging_mixin.py:190} INFO - [2025-06-16T13:59:57.273+0000] {dag.py:4180} INFO - Setting next_dagrun for example_complex to None, run_after=None
[2025-06-16T13:59:57.291+0000] {processor.py:208} INFO - Processing /home/airflow/.local/lib/python3.12/site-packages/airflow/example_dags/example_complex.py took 0.072 seconds
[2025-06-16T14:00:27.332+0000] {processor.py:186} INFO - Started process (PID=212) to work on /home/airflow/.local/lib/python3.12/site-packages/airflow/example_dags/example_complex.py
[2025-06-16T14:00:27.335+0000] {processor.py:914} INFO - Processing file /home/airflow/.local/lib/python3.12/site-packages/airflow/example_dags/example_complex.py for tasks to queue
[2025-06-16T14:00:27.337+0000] {logging_mixin.py:190} INFO - [2025-06-16T14:00:27.337+0000] {dagbag.py:588} INFO - Filling up the DagBag from /home/airflow/.local/lib/python3.12/site-packages/airflow/example_dags/example_complex.py
[2025-06-16T14:00:27.344+0000] {processor.py:925} INFO - DAG(s) 'example_complex' retrieved from /home/airflow/.local/lib/python3.12/site-packages/airflow/example_dags/example_complex.py
[2025-06-16T14:00:27.363+0000] {logging_mixin.py:190} INFO - [2025-06-16T14:00:27.363+0000] {dag.py:3239} INFO - Sync 1 DAGs
[2025-06-16T14:00:27.372+0000] {logging_mixin.py:190} INFO - [2025-06-16T14:00:27.372+0000] {dag.py:4180} INFO - Setting next_dagrun for example_complex to None, run_after=None
[2025-06-16T14:00:27.386+0000] {processor.py:208} INFO - Processing /home/airflow/.local/lib/python3.12/site-packages/airflow/example_dags/example_complex.py took 0.058 seconds
[2025-06-16T14:00:58.190+0000] {processor.py:186} INFO - Started process (PID=274) to work on /home/airflow/.local/lib/python3.12/site-packages/airflow/example_dags/example_complex.py
[2025-06-16T14:00:58.193+0000] {processor.py:914} INFO - Processing file /home/airflow/.local/lib/python3.12/site-packages/airflow/example_dags/example_complex.py for tasks to queue
[2025-06-16T14:00:58.196+0000] {logging_mixin.py:190} INFO - [2025-06-16T14:00:58.196+0000] {dagbag.py:588} INFO - Filling up the DagBag from /home/airflow/.local/lib/python3.12/site-packages/airflow/example_dags/example_complex.py
[2025-06-16T14:00:58.209+0000] {processor.py:925} INFO - DAG(s) 'example_complex' retrieved from /home/airflow/.local/lib/python3.12/site-packages/airflow/example_dags/example_complex.py
[2025-06-16T14:00:58.240+0000] {logging_mixin.py:190} INFO - [2025-06-16T14:00:58.240+0000] {dag.py:3239} INFO - Sync 1 DAGs
[2025-06-16T14:00:58.256+0000] {logging_mixin.py:190} INFO - [2025-06-16T14:00:58.256+0000] {dag.py:4180} INFO - Setting next_dagrun for example_complex to None, run_after=None
[2025-06-16T14:00:58.275+0000] {processor.py:208} INFO - Processing /home/airflow/.local/lib/python3.12/site-packages/airflow/example_dags/example_complex.py took 0.092 seconds
[2025-06-16T14:01:28.576+0000] {processor.py:186} INFO - Started process (PID=336) to work on /home/airflow/.local/lib/python3.12/site-packages/airflow/example_dags/example_complex.py
[2025-06-16T14:01:28.577+0000] {processor.py:914} INFO - Processing file /home/airflow/.local/lib/python3.12/site-packages/airflow/example_dags/example_complex.py for tasks to queue
[2025-06-16T14:01:28.579+0000] {logging_mixin.py:190} INFO - [2025-06-16T14:01:28.579+0000] {dagbag.py:588} INFO - Filling up the DagBag from /home/airflow/.local/lib/python3.12/site-packages/airflow/example_dags/example_complex.py
[2025-06-16T14:01:28.589+0000] {processor.py:925} INFO - DAG(s) 'example_complex' retrieved from /home/airflow/.local/lib/python3.12/site-packages/airflow/example_dags/example_complex.py
[2025-06-16T14:01:28.611+0000] {logging_mixin.py:190} INFO - [2025-06-16T14:01:28.611+0000] {dag.py:3239} INFO - Sync 1 DAGs
[2025-06-16T14:01:28.621+0000] {logging_mixin.py:190} INFO - [2025-06-16T14:01:28.621+0000] {dag.py:4180} INFO - Setting next_dagrun for example_complex to None, run_after=None
[2025-06-16T14:01:28.636+0000] {processor.py:208} INFO - Processing /home/airflow/.local/lib/python3.12/site-packages/airflow/example_dags/example_complex.py took 0.064 seconds
[2025-06-16T14:01:59.245+0000] {processor.py:186} INFO - Started process (PID=399) to work on /home/airflow/.local/lib/python3.12/site-packages/airflow/example_dags/example_complex.py
[2025-06-16T14:01:59.249+0000] {processor.py:914} INFO - Processing file /home/airflow/.local/lib/python3.12/site-packages/airflow/example_dags/example_complex.py for tasks to queue
[2025-06-16T14:01:59.253+0000] {logging_mixin.py:190} INFO - [2025-06-16T14:01:59.252+0000] {dagbag.py:588} INFO - Filling up the DagBag from /home/airflow/.local/lib/python3.12/site-packages/airflow/example_dags/example_complex.py
[2025-06-16T14:01:59.268+0000] {processor.py:925} INFO - DAG(s) 'example_complex' retrieved from /home/airflow/.local/lib/python3.12/site-packages/airflow/example_dags/example_complex.py
[2025-06-16T14:01:59.293+0000] {logging_mixin.py:190} INFO - [2025-06-16T14:01:59.293+0000] {dag.py:3239} INFO - Sync 1 DAGs
[2025-06-16T14:01:59.301+0000] {logging_mixin.py:190} INFO - [2025-06-16T14:01:59.301+0000] {dag.py:4180} INFO - Setting next_dagrun for example_complex to None, run_after=None
[2025-06-16T14:01:59.314+0000] {processor.py:208} INFO - Processing /home/airflow/.local/lib/python3.12/site-packages/airflow/example_dags/example_complex.py took 0.072 seconds
[2025-06-16T14:02:29.612+0000] {processor.py:186} INFO - Started process (PID=461) to work on /home/airflow/.local/lib/python3.12/site-packages/airflow/example_dags/example_complex.py
[2025-06-16T14:02:29.615+0000] {processor.py:914} INFO - Processing file /home/airflow/.local/lib/python3.12/site-packages/airflow/example_dags/example_complex.py for tasks to queue
[2025-06-16T14:02:29.617+0000] {logging_mixin.py:190} INFO - [2025-06-16T14:02:29.617+0000] {dagbag.py:588} INFO - Filling up the DagBag from /home/airflow/.local/lib/python3.12/site-packages/airflow/example_dags/example_complex.py
[2025-06-16T14:02:29.628+0000] {processor.py:925} INFO - DAG(s) 'example_complex' retrieved from /home/airflow/.local/lib/python3.12/site-packages/airflow/example_dags/example_complex.py
[2025-06-16T14:02:29.651+0000] {logging_mixin.py:190} INFO - [2025-06-16T14:02:29.651+0000] {dag.py:3239} INFO - Sync 1 DAGs
[2025-06-16T14:02:29.669+0000] {logging_mixin.py:190} INFO - [2025-06-16T14:02:29.669+0000] {dag.py:4180} INFO - Setting next_dagrun for example_complex to None, run_after=None
[2025-06-16T14:02:29.686+0000] {processor.py:208} INFO - Processing /home/airflow/.local/lib/python3.12/site-packages/airflow/example_dags/example_complex.py took 0.078 seconds
[2025-06-16T14:03:00.675+0000] {processor.py:186} INFO - Started process (PID=524) to work on /home/airflow/.local/lib/python3.12/site-packages/airflow/example_dags/example_complex.py
[2025-06-16T14:03:00.677+0000] {processor.py:914} INFO - Processing file /home/airflow/.local/lib/python3.12/site-packages/airflow/example_dags/example_complex.py for tasks to queue
[2025-06-16T14:03:00.680+0000] {logging_mixin.py:190} INFO - [2025-06-16T14:03:00.680+0000] {dagbag.py:588} INFO - Filling up the DagBag from /home/airflow/.local/lib/python3.12/site-packages/airflow/example_dags/example_complex.py
[2025-06-16T14:03:00.695+0000] {processor.py:925} INFO - DAG(s) 'example_complex' retrieved from /home/airflow/.local/lib/python3.12/site-packages/airflow/example_dags/example_complex.py
[2025-06-16T14:03:00.720+0000] {logging_mixin.py:190} INFO - [2025-06-16T14:03:00.719+0000] {dag.py:3239} INFO - Sync 1 DAGs
[2025-06-16T14:03:00.732+0000] {logging_mixin.py:190} INFO - [2025-06-16T14:03:00.731+0000] {dag.py:4180} INFO - Setting next_dagrun for example_complex to None, run_after=None
[2025-06-16T14:03:00.748+0000] {processor.py:208} INFO - Processing /home/airflow/.local/lib/python3.12/site-packages/airflow/example_dags/example_complex.py took 0.078 seconds
[2025-06-16T14:05:30.443+0000] {processor.py:186} INFO - Started process (PID=549) to work on /home/airflow/.local/lib/python3.12/site-packages/airflow/example_dags/example_complex.py
[2025-06-16T14:05:30.445+0000] {processor.py:914} INFO - Processing file /home/airflow/.local/lib/python3.12/site-packages/airflow/example_dags/example_complex.py for tasks to queue
[2025-06-16T14:05:30.446+0000] {logging_mixin.py:190} INFO - [2025-06-16T14:05:30.446+0000] {dagbag.py:588} INFO - Filling up the DagBag from /home/airflow/.local/lib/python3.12/site-packages/airflow/example_dags/example_complex.py
[2025-06-16T14:05:30.455+0000] {processor.py:925} INFO - DAG(s) 'example_complex' retrieved from /home/airflow/.local/lib/python3.12/site-packages/airflow/example_dags/example_complex.py
[2025-06-16T14:05:30.478+0000] {logging_mixin.py:190} INFO - [2025-06-16T14:05:30.478+0000] {dag.py:3239} INFO - Sync 1 DAGs
[2025-06-16T14:05:30.488+0000] {logging_mixin.py:190} INFO - [2025-06-16T14:05:30.488+0000] {dag.py:4180} INFO - Setting next_dagrun for example_complex to None, run_after=None
[2025-06-16T14:05:30.502+0000] {processor.py:208} INFO - Processing /home/airflow/.local/lib/python3.12/site-packages/airflow/example_dags/example_complex.py took 0.062 seconds
[2025-06-16T14:06:01.291+0000] {processor.py:186} INFO - Started process (PID=612) to work on /home/airflow/.local/lib/python3.12/site-packages/airflow/example_dags/example_complex.py
[2025-06-16T14:06:01.292+0000] {processor.py:914} INFO - Processing file /home/airflow/.local/lib/python3.12/site-packages/airflow/example_dags/example_complex.py for tasks to queue
[2025-06-16T14:06:01.294+0000] {logging_mixin.py:190} INFO - [2025-06-16T14:06:01.294+0000] {dagbag.py:588} INFO - Filling up the DagBag from /home/airflow/.local/lib/python3.12/site-packages/airflow/example_dags/example_complex.py
[2025-06-16T14:06:01.303+0000] {processor.py:925} INFO - DAG(s) 'example_complex' retrieved from /home/airflow/.local/lib/python3.12/site-packages/airflow/example_dags/example_complex.py
[2025-06-16T14:06:01.327+0000] {logging_mixin.py:190} INFO - [2025-06-16T14:06:01.327+0000] {dag.py:3239} INFO - Sync 1 DAGs
[2025-06-16T14:06:01.336+0000] {logging_mixin.py:190} INFO - [2025-06-16T14:06:01.336+0000] {dag.py:4180} INFO - Setting next_dagrun for example_complex to None, run_after=None
[2025-06-16T14:06:01.348+0000] {processor.py:208} INFO - Processing /home/airflow/.local/lib/python3.12/site-packages/airflow/example_dags/example_complex.py took 0.060 seconds
[2025-06-16T14:06:32.065+0000] {processor.py:186} INFO - Started process (PID=675) to work on /home/airflow/.local/lib/python3.12/site-packages/airflow/example_dags/example_complex.py
[2025-06-16T14:06:32.067+0000] {processor.py:914} INFO - Processing file /home/airflow/.local/lib/python3.12/site-packages/airflow/example_dags/example_complex.py for tasks to queue
[2025-06-16T14:06:32.069+0000] {logging_mixin.py:190} INFO - [2025-06-16T14:06:32.069+0000] {dagbag.py:588} INFO - Filling up the DagBag from /home/airflow/.local/lib/python3.12/site-packages/airflow/example_dags/example_complex.py
[2025-06-16T14:06:32.079+0000] {processor.py:925} INFO - DAG(s) 'example_complex' retrieved from /home/airflow/.local/lib/python3.12/site-packages/airflow/example_dags/example_complex.py
[2025-06-16T14:06:32.102+0000] {logging_mixin.py:190} INFO - [2025-06-16T14:06:32.102+0000] {dag.py:3239} INFO - Sync 1 DAGs
[2025-06-16T14:06:32.110+0000] {logging_mixin.py:190} INFO - [2025-06-16T14:06:32.110+0000] {dag.py:4180} INFO - Setting next_dagrun for example_complex to None, run_after=None
[2025-06-16T14:06:32.124+0000] {processor.py:208} INFO - Processing /home/airflow/.local/lib/python3.12/site-packages/airflow/example_dags/example_complex.py took 0.062 seconds
[2025-06-16T14:07:03.149+0000] {processor.py:186} INFO - Started process (PID=738) to work on /home/airflow/.local/lib/python3.12/site-packages/airflow/example_dags/example_complex.py
[2025-06-16T14:07:03.151+0000] {processor.py:914} INFO - Processing file /home/airflow/.local/lib/python3.12/site-packages/airflow/example_dags/example_complex.py for tasks to queue
[2025-06-16T14:07:03.154+0000] {logging_mixin.py:190} INFO - [2025-06-16T14:07:03.153+0000] {dagbag.py:588} INFO - Filling up the DagBag from /home/airflow/.local/lib/python3.12/site-packages/airflow/example_dags/example_complex.py
[2025-06-16T14:07:03.163+0000] {processor.py:925} INFO - DAG(s) 'example_complex' retrieved from /home/airflow/.local/lib/python3.12/site-packages/airflow/example_dags/example_complex.py
[2025-06-16T14:07:03.185+0000] {logging_mixin.py:190} INFO - [2025-06-16T14:07:03.185+0000] {dag.py:3239} INFO - Sync 1 DAGs
[2025-06-16T14:07:03.194+0000] {logging_mixin.py:190} INFO - [2025-06-16T14:07:03.194+0000] {dag.py:4180} INFO - Setting next_dagrun for example_complex to None, run_after=None
[2025-06-16T14:07:03.210+0000] {processor.py:208} INFO - Processing /home/airflow/.local/lib/python3.12/site-packages/airflow/example_dags/example_complex.py took 0.064 seconds
[2025-06-16T14:07:33.853+0000] {processor.py:186} INFO - Started process (PID=800) to work on /home/airflow/.local/lib/python3.12/site-packages/airflow/example_dags/example_complex.py
[2025-06-16T14:07:33.856+0000] {processor.py:914} INFO - Processing file /home/airflow/.local/lib/python3.12/site-packages/airflow/example_dags/example_complex.py for tasks to queue
[2025-06-16T14:07:33.858+0000] {logging_mixin.py:190} INFO - [2025-06-16T14:07:33.858+0000] {dagbag.py:588} INFO - Filling up the DagBag from /home/airflow/.local/lib/python3.12/site-packages/airflow/example_dags/example_complex.py
[2025-06-16T14:07:33.875+0000] {processor.py:925} INFO - DAG(s) 'example_complex' retrieved from /home/airflow/.local/lib/python3.12/site-packages/airflow/example_dags/example_complex.py
[2025-06-16T14:07:33.899+0000] {logging_mixin.py:190} INFO - [2025-06-16T14:07:33.899+0000] {dag.py:3239} INFO - Sync 1 DAGs
[2025-06-16T14:07:33.912+0000] {logging_mixin.py:190} INFO - [2025-06-16T14:07:33.912+0000] {dag.py:4180} INFO - Setting next_dagrun for example_complex to None, run_after=None
[2025-06-16T14:07:33.933+0000] {processor.py:208} INFO - Processing /home/airflow/.local/lib/python3.12/site-packages/airflow/example_dags/example_complex.py took 0.083 seconds
[2025-06-16T14:08:05.306+0000] {processor.py:186} INFO - Started process (PID=862) to work on /home/airflow/.local/lib/python3.12/site-packages/airflow/example_dags/example_complex.py
[2025-06-16T14:08:05.308+0000] {processor.py:914} INFO - Processing file /home/airflow/.local/lib/python3.12/site-packages/airflow/example_dags/example_complex.py for tasks to queue
[2025-06-16T14:08:05.310+0000] {logging_mixin.py:190} INFO - [2025-06-16T14:08:05.310+0000] {dagbag.py:588} INFO - Filling up the DagBag from /home/airflow/.local/lib/python3.12/site-packages/airflow/example_dags/example_complex.py
[2025-06-16T14:08:05.319+0000] {processor.py:925} INFO - DAG(s) 'example_complex' retrieved from /home/airflow/.local/lib/python3.12/site-packages/airflow/example_dags/example_complex.py
[2025-06-16T14:08:05.346+0000] {logging_mixin.py:190} INFO - [2025-06-16T14:08:05.346+0000] {dag.py:3239} INFO - Sync 1 DAGs
[2025-06-16T14:08:05.357+0000] {logging_mixin.py:190} INFO - [2025-06-16T14:08:05.357+0000] {dag.py:4180} INFO - Setting next_dagrun for example_complex to None, run_after=None
[2025-06-16T14:08:05.370+0000] {processor.py:208} INFO - Processing /home/airflow/.local/lib/python3.12/site-packages/airflow/example_dags/example_complex.py took 0.068 seconds
[2025-06-16T14:08:36.323+0000] {processor.py:186} INFO - Started process (PID=925) to work on /home/airflow/.local/lib/python3.12/site-packages/airflow/example_dags/example_complex.py
[2025-06-16T14:08:36.325+0000] {processor.py:914} INFO - Processing file /home/airflow/.local/lib/python3.12/site-packages/airflow/example_dags/example_complex.py for tasks to queue
[2025-06-16T14:08:36.326+0000] {logging_mixin.py:190} INFO - [2025-06-16T14:08:36.326+0000] {dagbag.py:588} INFO - Filling up the DagBag from /home/airflow/.local/lib/python3.12/site-packages/airflow/example_dags/example_complex.py
[2025-06-16T14:08:36.333+0000] {processor.py:925} INFO - DAG(s) 'example_complex' retrieved from /home/airflow/.local/lib/python3.12/site-packages/airflow/example_dags/example_complex.py
[2025-06-16T14:08:36.357+0000] {logging_mixin.py:190} INFO - [2025-06-16T14:08:36.357+0000] {dag.py:3239} INFO - Sync 1 DAGs
[2025-06-16T14:08:36.366+0000] {logging_mixin.py:190} INFO - [2025-06-16T14:08:36.366+0000] {dag.py:4180} INFO - Setting next_dagrun for example_complex to None, run_after=None
[2025-06-16T14:08:36.379+0000] {processor.py:208} INFO - Processing /home/airflow/.local/lib/python3.12/site-packages/airflow/example_dags/example_complex.py took 0.059 seconds
[2025-06-16T14:09:07.350+0000] {processor.py:186} INFO - Started process (PID=988) to work on /home/airflow/.local/lib/python3.12/site-packages/airflow/example_dags/example_complex.py
[2025-06-16T14:09:07.352+0000] {processor.py:914} INFO - Processing file /home/airflow/.local/lib/python3.12/site-packages/airflow/example_dags/example_complex.py for tasks to queue
[2025-06-16T14:09:07.355+0000] {logging_mixin.py:190} INFO - [2025-06-16T14:09:07.355+0000] {dagbag.py:588} INFO - Filling up the DagBag from /home/airflow/.local/lib/python3.12/site-packages/airflow/example_dags/example_complex.py
[2025-06-16T14:09:07.366+0000] {processor.py:925} INFO - DAG(s) 'example_complex' retrieved from /home/airflow/.local/lib/python3.12/site-packages/airflow/example_dags/example_complex.py
[2025-06-16T14:09:07.390+0000] {logging_mixin.py:190} INFO - [2025-06-16T14:09:07.390+0000] {dag.py:3239} INFO - Sync 1 DAGs
[2025-06-16T14:09:07.401+0000] {logging_mixin.py:190} INFO - [2025-06-16T14:09:07.401+0000] {dag.py:4180} INFO - Setting next_dagrun for example_complex to None, run_after=None
[2025-06-16T14:09:07.420+0000] {processor.py:208} INFO - Processing /home/airflow/.local/lib/python3.12/site-packages/airflow/example_dags/example_complex.py took 0.075 seconds
[2025-06-16T14:09:38.139+0000] {processor.py:186} INFO - Started process (PID=1051) to work on /home/airflow/.local/lib/python3.12/site-packages/airflow/example_dags/example_complex.py
[2025-06-16T14:09:38.142+0000] {processor.py:914} INFO - Processing file /home/airflow/.local/lib/python3.12/site-packages/airflow/example_dags/example_complex.py for tasks to queue
[2025-06-16T14:09:38.145+0000] {logging_mixin.py:190} INFO - [2025-06-16T14:09:38.144+0000] {dagbag.py:588} INFO - Filling up the DagBag from /home/airflow/.local/lib/python3.12/site-packages/airflow/example_dags/example_complex.py
[2025-06-16T14:09:38.153+0000] {processor.py:925} INFO - DAG(s) 'example_complex' retrieved from /home/airflow/.local/lib/python3.12/site-packages/airflow/example_dags/example_complex.py
[2025-06-16T14:09:38.188+0000] {logging_mixin.py:190} INFO - [2025-06-16T14:09:38.188+0000] {dag.py:3239} INFO - Sync 1 DAGs
[2025-06-16T14:09:38.208+0000] {logging_mixin.py:190} INFO - [2025-06-16T14:09:38.207+0000] {dag.py:4180} INFO - Setting next_dagrun for example_complex to None, run_after=None
[2025-06-16T14:09:38.229+0000] {processor.py:208} INFO - Processing /home/airflow/.local/lib/python3.12/site-packages/airflow/example_dags/example_complex.py took 0.095 seconds
[2025-06-16T14:10:50.732+0000] {processor.py:186} INFO - Started process (PID=1114) to work on /home/airflow/.local/lib/python3.12/site-packages/airflow/example_dags/example_complex.py
[2025-06-16T14:10:50.733+0000] {processor.py:914} INFO - Processing file /home/airflow/.local/lib/python3.12/site-packages/airflow/example_dags/example_complex.py for tasks to queue
[2025-06-16T14:10:50.735+0000] {logging_mixin.py:190} INFO - [2025-06-16T14:10:50.735+0000] {dagbag.py:588} INFO - Filling up the DagBag from /home/airflow/.local/lib/python3.12/site-packages/airflow/example_dags/example_complex.py
[2025-06-16T14:10:50.742+0000] {processor.py:925} INFO - DAG(s) 'example_complex' retrieved from /home/airflow/.local/lib/python3.12/site-packages/airflow/example_dags/example_complex.py
[2025-06-16T14:10:50.765+0000] {logging_mixin.py:190} INFO - [2025-06-16T14:10:50.764+0000] {dag.py:3239} INFO - Sync 1 DAGs
[2025-06-16T14:10:50.773+0000] {logging_mixin.py:190} INFO - [2025-06-16T14:10:50.773+0000] {dag.py:4180} INFO - Setting next_dagrun for example_complex to None, run_after=None
[2025-06-16T14:10:50.787+0000] {processor.py:208} INFO - Processing /home/airflow/.local/lib/python3.12/site-packages/airflow/example_dags/example_complex.py took 0.058 seconds
[2025-06-16T14:11:40.392+0000] {processor.py:186} INFO - Started process (PID=1177) to work on /home/airflow/.local/lib/python3.12/site-packages/airflow/example_dags/example_complex.py
[2025-06-16T14:11:40.394+0000] {processor.py:914} INFO - Processing file /home/airflow/.local/lib/python3.12/site-packages/airflow/example_dags/example_complex.py for tasks to queue
[2025-06-16T14:11:40.396+0000] {logging_mixin.py:190} INFO - [2025-06-16T14:11:40.396+0000] {dagbag.py:588} INFO - Filling up the DagBag from /home/airflow/.local/lib/python3.12/site-packages/airflow/example_dags/example_complex.py
[2025-06-16T14:11:40.411+0000] {processor.py:925} INFO - DAG(s) 'example_complex' retrieved from /home/airflow/.local/lib/python3.12/site-packages/airflow/example_dags/example_complex.py
[2025-06-16T14:11:40.458+0000] {logging_mixin.py:190} INFO - [2025-06-16T14:11:40.458+0000] {dag.py:3239} INFO - Sync 1 DAGs
[2025-06-16T14:11:40.472+0000] {logging_mixin.py:190} INFO - [2025-06-16T14:11:40.472+0000] {dag.py:4180} INFO - Setting next_dagrun for example_complex to None, run_after=None
[2025-06-16T14:11:40.490+0000] {processor.py:208} INFO - Processing /home/airflow/.local/lib/python3.12/site-packages/airflow/example_dags/example_complex.py took 0.102 seconds
[2025-06-16T14:12:10.854+0000] {processor.py:186} INFO - Started process (PID=1240) to work on /home/airflow/.local/lib/python3.12/site-packages/airflow/example_dags/example_complex.py
[2025-06-16T14:12:10.855+0000] {processor.py:914} INFO - Processing file /home/airflow/.local/lib/python3.12/site-packages/airflow/example_dags/example_complex.py for tasks to queue
[2025-06-16T14:12:10.857+0000] {logging_mixin.py:190} INFO - [2025-06-16T14:12:10.857+0000] {dagbag.py:588} INFO - Filling up the DagBag from /home/airflow/.local/lib/python3.12/site-packages/airflow/example_dags/example_complex.py
[2025-06-16T14:12:10.866+0000] {processor.py:925} INFO - DAG(s) 'example_complex' retrieved from /home/airflow/.local/lib/python3.12/site-packages/airflow/example_dags/example_complex.py
[2025-06-16T14:12:10.890+0000] {logging_mixin.py:190} INFO - [2025-06-16T14:12:10.890+0000] {dag.py:3239} INFO - Sync 1 DAGs
[2025-06-16T14:12:10.903+0000] {logging_mixin.py:190} INFO - [2025-06-16T14:12:10.902+0000] {dag.py:4180} INFO - Setting next_dagrun for example_complex to None, run_after=None
[2025-06-16T14:12:10.918+0000] {processor.py:208} INFO - Processing /home/airflow/.local/lib/python3.12/site-packages/airflow/example_dags/example_complex.py took 0.067 seconds
[2025-06-16T14:12:41.758+0000] {processor.py:186} INFO - Started process (PID=1303) to work on /home/airflow/.local/lib/python3.12/site-packages/airflow/example_dags/example_complex.py
[2025-06-16T14:12:41.760+0000] {processor.py:914} INFO - Processing file /home/airflow/.local/lib/python3.12/site-packages/airflow/example_dags/example_complex.py for tasks to queue
[2025-06-16T14:12:41.763+0000] {logging_mixin.py:190} INFO - [2025-06-16T14:12:41.763+0000] {dagbag.py:588} INFO - Filling up the DagBag from /home/airflow/.local/lib/python3.12/site-packages/airflow/example_dags/example_complex.py
[2025-06-16T14:12:41.773+0000] {processor.py:925} INFO - DAG(s) 'example_complex' retrieved from /home/airflow/.local/lib/python3.12/site-packages/airflow/example_dags/example_complex.py
[2025-06-16T14:12:41.797+0000] {logging_mixin.py:190} INFO - [2025-06-16T14:12:41.797+0000] {dag.py:3239} INFO - Sync 1 DAGs
[2025-06-16T14:12:41.806+0000] {logging_mixin.py:190} INFO - [2025-06-16T14:12:41.805+0000] {dag.py:4180} INFO - Setting next_dagrun for example_complex to None, run_after=None
[2025-06-16T14:12:41.819+0000] {processor.py:208} INFO - Processing /home/airflow/.local/lib/python3.12/site-packages/airflow/example_dags/example_complex.py took 0.064 seconds
[2025-06-16T14:13:12.392+0000] {processor.py:186} INFO - Started process (PID=1366) to work on /home/airflow/.local/lib/python3.12/site-packages/airflow/example_dags/example_complex.py
[2025-06-16T14:13:12.394+0000] {processor.py:914} INFO - Processing file /home/airflow/.local/lib/python3.12/site-packages/airflow/example_dags/example_complex.py for tasks to queue
[2025-06-16T14:13:12.395+0000] {logging_mixin.py:190} INFO - [2025-06-16T14:13:12.395+0000] {dagbag.py:588} INFO - Filling up the DagBag from /home/airflow/.local/lib/python3.12/site-packages/airflow/example_dags/example_complex.py
[2025-06-16T14:13:12.404+0000] {processor.py:925} INFO - DAG(s) 'example_complex' retrieved from /home/airflow/.local/lib/python3.12/site-packages/airflow/example_dags/example_complex.py
[2025-06-16T14:13:12.424+0000] {logging_mixin.py:190} INFO - [2025-06-16T14:13:12.424+0000] {dag.py:3239} INFO - Sync 1 DAGs
[2025-06-16T14:13:12.435+0000] {logging_mixin.py:190} INFO - [2025-06-16T14:13:12.435+0000] {dag.py:4180} INFO - Setting next_dagrun for example_complex to None, run_after=None
[2025-06-16T14:13:12.446+0000] {processor.py:208} INFO - Processing /home/airflow/.local/lib/python3.12/site-packages/airflow/example_dags/example_complex.py took 0.057 seconds
[2025-06-16T14:13:43.066+0000] {processor.py:186} INFO - Started process (PID=1429) to work on /home/airflow/.local/lib/python3.12/site-packages/airflow/example_dags/example_complex.py
[2025-06-16T14:13:43.067+0000] {processor.py:914} INFO - Processing file /home/airflow/.local/lib/python3.12/site-packages/airflow/example_dags/example_complex.py for tasks to queue
[2025-06-16T14:13:43.069+0000] {logging_mixin.py:190} INFO - [2025-06-16T14:13:43.069+0000] {dagbag.py:588} INFO - Filling up the DagBag from /home/airflow/.local/lib/python3.12/site-packages/airflow/example_dags/example_complex.py
[2025-06-16T14:13:43.077+0000] {processor.py:925} INFO - DAG(s) 'example_complex' retrieved from /home/airflow/.local/lib/python3.12/site-packages/airflow/example_dags/example_complex.py
[2025-06-16T14:13:43.101+0000] {logging_mixin.py:190} INFO - [2025-06-16T14:13:43.101+0000] {dag.py:3239} INFO - Sync 1 DAGs
[2025-06-16T14:13:43.110+0000] {logging_mixin.py:190} INFO - [2025-06-16T14:13:43.109+0000] {dag.py:4180} INFO - Setting next_dagrun for example_complex to None, run_after=None
[2025-06-16T14:13:43.121+0000] {processor.py:208} INFO - Processing /home/airflow/.local/lib/python3.12/site-packages/airflow/example_dags/example_complex.py took 0.058 seconds
[2025-06-16T14:14:14.433+0000] {processor.py:186} INFO - Started process (PID=1492) to work on /home/airflow/.local/lib/python3.12/site-packages/airflow/example_dags/example_complex.py
[2025-06-16T14:14:14.436+0000] {processor.py:914} INFO - Processing file /home/airflow/.local/lib/python3.12/site-packages/airflow/example_dags/example_complex.py for tasks to queue
[2025-06-16T14:14:14.440+0000] {logging_mixin.py:190} INFO - [2025-06-16T14:14:14.440+0000] {dagbag.py:588} INFO - Filling up the DagBag from /home/airflow/.local/lib/python3.12/site-packages/airflow/example_dags/example_complex.py
[2025-06-16T14:14:14.452+0000] {processor.py:925} INFO - DAG(s) 'example_complex' retrieved from /home/airflow/.local/lib/python3.12/site-packages/airflow/example_dags/example_complex.py
[2025-06-16T14:14:14.483+0000] {logging_mixin.py:190} INFO - [2025-06-16T14:14:14.483+0000] {dag.py:3239} INFO - Sync 1 DAGs
[2025-06-16T14:14:14.495+0000] {logging_mixin.py:190} INFO - [2025-06-16T14:14:14.495+0000] {dag.py:4180} INFO - Setting next_dagrun for example_complex to None, run_after=None
[2025-06-16T14:14:14.510+0000] {processor.py:208} INFO - Processing /home/airflow/.local/lib/python3.12/site-packages/airflow/example_dags/example_complex.py took 0.084 seconds
[2025-06-16T15:07:18.473+0000] {processor.py:186} INFO - Started process (PID=1555) to work on /home/airflow/.local/lib/python3.12/site-packages/airflow/example_dags/example_complex.py
[2025-06-16T15:07:18.475+0000] {processor.py:914} INFO - Processing file /home/airflow/.local/lib/python3.12/site-packages/airflow/example_dags/example_complex.py for tasks to queue
[2025-06-16T15:07:18.477+0000] {logging_mixin.py:190} INFO - [2025-06-16T15:07:18.477+0000] {dagbag.py:588} INFO - Filling up the DagBag from /home/airflow/.local/lib/python3.12/site-packages/airflow/example_dags/example_complex.py
[2025-06-16T15:07:18.485+0000] {processor.py:925} INFO - DAG(s) 'example_complex' retrieved from /home/airflow/.local/lib/python3.12/site-packages/airflow/example_dags/example_complex.py
[2025-06-16T15:07:18.503+0000] {logging_mixin.py:190} INFO - [2025-06-16T15:07:18.503+0000] {dag.py:3239} INFO - Sync 1 DAGs
[2025-06-16T15:07:18.513+0000] {logging_mixin.py:190} INFO - [2025-06-16T15:07:18.513+0000] {dag.py:4180} INFO - Setting next_dagrun for example_complex to None, run_after=None
[2025-06-16T15:07:18.530+0000] {processor.py:208} INFO - Processing /home/airflow/.local/lib/python3.12/site-packages/airflow/example_dags/example_complex.py took 0.061 seconds
[2025-06-16T15:57:50.461+0000] {processor.py:186} INFO - Started process (PID=1618) to work on /home/airflow/.local/lib/python3.12/site-packages/airflow/example_dags/example_complex.py
[2025-06-16T15:57:50.464+0000] {processor.py:914} INFO - Processing file /home/airflow/.local/lib/python3.12/site-packages/airflow/example_dags/example_complex.py for tasks to queue
[2025-06-16T15:57:50.467+0000] {logging_mixin.py:190} INFO - [2025-06-16T15:57:50.466+0000] {dagbag.py:588} INFO - Filling up the DagBag from /home/airflow/.local/lib/python3.12/site-packages/airflow/example_dags/example_complex.py
[2025-06-16T15:57:50.480+0000] {processor.py:925} INFO - DAG(s) 'example_complex' retrieved from /home/airflow/.local/lib/python3.12/site-packages/airflow/example_dags/example_complex.py
[2025-06-16T15:57:50.514+0000] {logging_mixin.py:190} INFO - [2025-06-16T15:57:50.514+0000] {dag.py:3239} INFO - Sync 1 DAGs
[2025-06-16T15:57:50.531+0000] {logging_mixin.py:190} INFO - [2025-06-16T15:57:50.531+0000] {dag.py:4180} INFO - Setting next_dagrun for example_complex to None, run_after=None
[2025-06-16T15:57:50.551+0000] {processor.py:208} INFO - Processing /home/airflow/.local/lib/python3.12/site-packages/airflow/example_dags/example_complex.py took 0.094 seconds
[2025-06-16T17:08:54.190+0000] {processor.py:186} INFO - Started process (PID=1682) to work on /home/airflow/.local/lib/python3.12/site-packages/airflow/example_dags/example_complex.py
[2025-06-16T17:08:54.195+0000] {processor.py:914} INFO - Processing file /home/airflow/.local/lib/python3.12/site-packages/airflow/example_dags/example_complex.py for tasks to queue
[2025-06-16T17:08:54.198+0000] {logging_mixin.py:190} INFO - [2025-06-16T17:08:54.198+0000] {dagbag.py:588} INFO - Filling up the DagBag from /home/airflow/.local/lib/python3.12/site-packages/airflow/example_dags/example_complex.py
[2025-06-16T17:08:54.213+0000] {processor.py:925} INFO - DAG(s) 'example_complex' retrieved from /home/airflow/.local/lib/python3.12/site-packages/airflow/example_dags/example_complex.py
[2025-06-16T17:08:54.246+0000] {logging_mixin.py:190} INFO - [2025-06-16T17:08:54.246+0000] {dag.py:3239} INFO - Sync 1 DAGs
[2025-06-16T17:08:54.262+0000] {logging_mixin.py:190} INFO - [2025-06-16T17:08:54.262+0000] {dag.py:4180} INFO - Setting next_dagrun for example_complex to None, run_after=None
[2025-06-16T17:08:54.286+0000] {processor.py:208} INFO - Processing /home/airflow/.local/lib/python3.12/site-packages/airflow/example_dags/example_complex.py took 0.101 seconds
[2025-06-16T18:08:29.134+0000] {processor.py:186} INFO - Started process (PID=1745) to work on /home/airflow/.local/lib/python3.12/site-packages/airflow/example_dags/example_complex.py
[2025-06-16T18:08:29.139+0000] {processor.py:914} INFO - Processing file /home/airflow/.local/lib/python3.12/site-packages/airflow/example_dags/example_complex.py for tasks to queue
[2025-06-16T18:08:29.143+0000] {logging_mixin.py:190} INFO - [2025-06-16T18:08:29.143+0000] {dagbag.py:588} INFO - Filling up the DagBag from /home/airflow/.local/lib/python3.12/site-packages/airflow/example_dags/example_complex.py
[2025-06-16T18:08:29.156+0000] {processor.py:925} INFO - DAG(s) 'example_complex' retrieved from /home/airflow/.local/lib/python3.12/site-packages/airflow/example_dags/example_complex.py
[2025-06-16T18:08:29.217+0000] {logging_mixin.py:190} INFO - [2025-06-16T18:08:29.216+0000] {dag.py:3239} INFO - Sync 1 DAGs
[2025-06-16T18:08:29.233+0000] {logging_mixin.py:190} INFO - [2025-06-16T18:08:29.233+0000] {dag.py:4180} INFO - Setting next_dagrun for example_complex to None, run_after=None
[2025-06-16T18:08:29.274+0000] {processor.py:208} INFO - Processing /home/airflow/.local/lib/python3.12/site-packages/airflow/example_dags/example_complex.py took 0.147 seconds
[2025-06-16T19:23:34.593+0000] {processor.py:186} INFO - Started process (PID=1814) to work on /home/airflow/.local/lib/python3.12/site-packages/airflow/example_dags/example_complex.py
[2025-06-16T19:23:34.625+0000] {processor.py:914} INFO - Processing file /home/airflow/.local/lib/python3.12/site-packages/airflow/example_dags/example_complex.py for tasks to queue
[2025-06-16T19:23:34.634+0000] {logging_mixin.py:190} INFO - [2025-06-16T19:23:34.633+0000] {dagbag.py:588} INFO - Filling up the DagBag from /home/airflow/.local/lib/python3.12/site-packages/airflow/example_dags/example_complex.py
[2025-06-16T19:23:34.654+0000] {processor.py:925} INFO - DAG(s) 'example_complex' retrieved from /home/airflow/.local/lib/python3.12/site-packages/airflow/example_dags/example_complex.py
[2025-06-16T19:23:34.734+0000] {logging_mixin.py:190} INFO - [2025-06-16T19:23:34.734+0000] {dag.py:3239} INFO - Sync 1 DAGs
[2025-06-16T19:23:34.769+0000] {logging_mixin.py:190} INFO - [2025-06-16T19:23:34.769+0000] {dag.py:4180} INFO - Setting next_dagrun for example_complex to None, run_after=None
[2025-06-16T19:23:34.816+0000] {processor.py:208} INFO - Processing /home/airflow/.local/lib/python3.12/site-packages/airflow/example_dags/example_complex.py took 0.234 seconds
