[2025-06-16T13:59:34.293+0000] {processor.py:186} INFO - Started process (PID=111) to work on /home/airflow/.local/lib/python3.12/site-packages/airflow/example_dags/tutorial_dag.py
[2025-06-16T13:59:34.297+0000] {processor.py:914} INFO - Processing file /home/airflow/.local/lib/python3.12/site-packages/airflow/example_dags/tutorial_dag.py for tasks to queue
[2025-06-16T13:59:34.302+0000] {logging_mixin.py:190} INFO - [2025-06-16T13:59:34.302+0000] {dagbag.py:588} INFO - Filling up the DagBag from /home/airflow/.local/lib/python3.12/site-packages/airflow/example_dags/tutorial_dag.py
[2025-06-16T13:59:34.325+0000] {processor.py:925} INFO - DAG(s) 'tutorial_dag' retrieved from /home/airflow/.local/lib/python3.12/site-packages/airflow/example_dags/tutorial_dag.py
[2025-06-16T13:59:34.457+0000] {logging_mixin.py:190} INFO - [2025-06-16T13:59:34.456+0000] {override.py:1912} INFO - Created Permission View: can delete on DAG:tutorial_dag
[2025-06-16T13:59:34.466+0000] {logging_mixin.py:190} INFO - [2025-06-16T13:59:34.465+0000] {override.py:1912} INFO - Created Permission View: can read on DAG:tutorial_dag
[2025-06-16T13:59:34.471+0000] {logging_mixin.py:190} INFO - [2025-06-16T13:59:34.471+0000] {override.py:1912} INFO - Created Permission View: can edit on DAG:tutorial_dag
[2025-06-16T13:59:34.481+0000] {logging_mixin.py:190} INFO - [2025-06-16T13:59:34.481+0000] {override.py:1912} INFO - Created Permission View: can delete on DAG Run:tutorial_dag
[2025-06-16T13:59:34.488+0000] {logging_mixin.py:190} INFO - [2025-06-16T13:59:34.487+0000] {override.py:1912} INFO - Created Permission View: can create on DAG Run:tutorial_dag
[2025-06-16T13:59:34.493+0000] {logging_mixin.py:190} INFO - [2025-06-16T13:59:34.493+0000] {override.py:1912} INFO - Created Permission View: can read on DAG Run:tutorial_dag
[2025-06-16T13:59:34.500+0000] {logging_mixin.py:190} INFO - [2025-06-16T13:59:34.499+0000] {override.py:1912} INFO - Created Permission View: menu access on DAG Run:tutorial_dag
[2025-06-16T13:59:34.501+0000] {logging_mixin.py:190} INFO - [2025-06-16T13:59:34.501+0000] {dag.py:3239} INFO - Sync 1 DAGs
[2025-06-16T13:59:34.518+0000] {logging_mixin.py:190} INFO - [2025-06-16T13:59:34.518+0000] {dag.py:3262} INFO - Creating ORM DAG for tutorial_dag
[2025-06-16T13:59:34.521+0000] {logging_mixin.py:190} INFO - [2025-06-16T13:59:34.521+0000] {dag.py:4180} INFO - Setting next_dagrun for tutorial_dag to None, run_after=None
[2025-06-16T13:59:34.539+0000] {processor.py:208} INFO - Processing /home/airflow/.local/lib/python3.12/site-packages/airflow/example_dags/tutorial_dag.py took 0.255 seconds
[2025-06-16T14:00:05.089+0000] {processor.py:186} INFO - Started process (PID=174) to work on /home/airflow/.local/lib/python3.12/site-packages/airflow/example_dags/tutorial_dag.py
[2025-06-16T14:00:05.091+0000] {processor.py:914} INFO - Processing file /home/airflow/.local/lib/python3.12/site-packages/airflow/example_dags/tutorial_dag.py for tasks to queue
[2025-06-16T14:00:05.094+0000] {logging_mixin.py:190} INFO - [2025-06-16T14:00:05.093+0000] {dagbag.py:588} INFO - Filling up the DagBag from /home/airflow/.local/lib/python3.12/site-packages/airflow/example_dags/tutorial_dag.py
[2025-06-16T14:00:05.102+0000] {processor.py:925} INFO - DAG(s) 'tutorial_dag' retrieved from /home/airflow/.local/lib/python3.12/site-packages/airflow/example_dags/tutorial_dag.py
[2025-06-16T14:00:05.117+0000] {logging_mixin.py:190} INFO - [2025-06-16T14:00:05.117+0000] {dag.py:3239} INFO - Sync 1 DAGs
[2025-06-16T14:00:05.127+0000] {logging_mixin.py:190} INFO - [2025-06-16T14:00:05.127+0000] {dag.py:4180} INFO - Setting next_dagrun for tutorial_dag to None, run_after=None
[2025-06-16T14:00:05.141+0000] {processor.py:208} INFO - Processing /home/airflow/.local/lib/python3.12/site-packages/airflow/example_dags/tutorial_dag.py took 0.056 seconds
[2025-06-16T14:00:35.291+0000] {processor.py:186} INFO - Started process (PID=236) to work on /home/airflow/.local/lib/python3.12/site-packages/airflow/example_dags/tutorial_dag.py
[2025-06-16T14:00:35.293+0000] {processor.py:914} INFO - Processing file /home/airflow/.local/lib/python3.12/site-packages/airflow/example_dags/tutorial_dag.py for tasks to queue
[2025-06-16T14:00:35.297+0000] {logging_mixin.py:190} INFO - [2025-06-16T14:00:35.297+0000] {dagbag.py:588} INFO - Filling up the DagBag from /home/airflow/.local/lib/python3.12/site-packages/airflow/example_dags/tutorial_dag.py
[2025-06-16T14:00:35.308+0000] {processor.py:925} INFO - DAG(s) 'tutorial_dag' retrieved from /home/airflow/.local/lib/python3.12/site-packages/airflow/example_dags/tutorial_dag.py
[2025-06-16T14:00:35.342+0000] {logging_mixin.py:190} INFO - [2025-06-16T14:00:35.342+0000] {dag.py:3239} INFO - Sync 1 DAGs
[2025-06-16T14:00:35.371+0000] {logging_mixin.py:190} INFO - [2025-06-16T14:00:35.371+0000] {dag.py:4180} INFO - Setting next_dagrun for tutorial_dag to None, run_after=None
[2025-06-16T14:00:35.385+0000] {processor.py:208} INFO - Processing /home/airflow/.local/lib/python3.12/site-packages/airflow/example_dags/tutorial_dag.py took 0.100 seconds
[2025-06-16T14:01:05.788+0000] {processor.py:186} INFO - Started process (PID=298) to work on /home/airflow/.local/lib/python3.12/site-packages/airflow/example_dags/tutorial_dag.py
[2025-06-16T14:01:05.790+0000] {processor.py:914} INFO - Processing file /home/airflow/.local/lib/python3.12/site-packages/airflow/example_dags/tutorial_dag.py for tasks to queue
[2025-06-16T14:01:05.794+0000] {logging_mixin.py:190} INFO - [2025-06-16T14:01:05.793+0000] {dagbag.py:588} INFO - Filling up the DagBag from /home/airflow/.local/lib/python3.12/site-packages/airflow/example_dags/tutorial_dag.py
[2025-06-16T14:01:05.804+0000] {processor.py:925} INFO - DAG(s) 'tutorial_dag' retrieved from /home/airflow/.local/lib/python3.12/site-packages/airflow/example_dags/tutorial_dag.py
[2025-06-16T14:01:05.823+0000] {logging_mixin.py:190} INFO - [2025-06-16T14:01:05.823+0000] {dag.py:3239} INFO - Sync 1 DAGs
[2025-06-16T14:01:05.834+0000] {logging_mixin.py:190} INFO - [2025-06-16T14:01:05.833+0000] {dag.py:4180} INFO - Setting next_dagrun for tutorial_dag to None, run_after=None
[2025-06-16T14:01:05.848+0000] {processor.py:208} INFO - Processing /home/airflow/.local/lib/python3.12/site-packages/airflow/example_dags/tutorial_dag.py took 0.067 seconds
[2025-06-16T14:01:36.552+0000] {processor.py:186} INFO - Started process (PID=361) to work on /home/airflow/.local/lib/python3.12/site-packages/airflow/example_dags/tutorial_dag.py
[2025-06-16T14:01:36.554+0000] {processor.py:914} INFO - Processing file /home/airflow/.local/lib/python3.12/site-packages/airflow/example_dags/tutorial_dag.py for tasks to queue
[2025-06-16T14:01:36.557+0000] {logging_mixin.py:190} INFO - [2025-06-16T14:01:36.557+0000] {dagbag.py:588} INFO - Filling up the DagBag from /home/airflow/.local/lib/python3.12/site-packages/airflow/example_dags/tutorial_dag.py
[2025-06-16T14:01:36.566+0000] {processor.py:925} INFO - DAG(s) 'tutorial_dag' retrieved from /home/airflow/.local/lib/python3.12/site-packages/airflow/example_dags/tutorial_dag.py
[2025-06-16T14:01:36.585+0000] {logging_mixin.py:190} INFO - [2025-06-16T14:01:36.585+0000] {dag.py:3239} INFO - Sync 1 DAGs
[2025-06-16T14:01:36.594+0000] {logging_mixin.py:190} INFO - [2025-06-16T14:01:36.594+0000] {dag.py:4180} INFO - Setting next_dagrun for tutorial_dag to None, run_after=None
[2025-06-16T14:01:36.606+0000] {processor.py:208} INFO - Processing /home/airflow/.local/lib/python3.12/site-packages/airflow/example_dags/tutorial_dag.py took 0.063 seconds
[2025-06-16T14:02:07.200+0000] {processor.py:186} INFO - Started process (PID=424) to work on /home/airflow/.local/lib/python3.12/site-packages/airflow/example_dags/tutorial_dag.py
[2025-06-16T14:02:07.202+0000] {processor.py:914} INFO - Processing file /home/airflow/.local/lib/python3.12/site-packages/airflow/example_dags/tutorial_dag.py for tasks to queue
[2025-06-16T14:02:07.204+0000] {logging_mixin.py:190} INFO - [2025-06-16T14:02:07.204+0000] {dagbag.py:588} INFO - Filling up the DagBag from /home/airflow/.local/lib/python3.12/site-packages/airflow/example_dags/tutorial_dag.py
[2025-06-16T14:02:07.212+0000] {processor.py:925} INFO - DAG(s) 'tutorial_dag' retrieved from /home/airflow/.local/lib/python3.12/site-packages/airflow/example_dags/tutorial_dag.py
[2025-06-16T14:02:07.229+0000] {logging_mixin.py:190} INFO - [2025-06-16T14:02:07.229+0000] {dag.py:3239} INFO - Sync 1 DAGs
[2025-06-16T14:02:07.239+0000] {logging_mixin.py:190} INFO - [2025-06-16T14:02:07.239+0000] {dag.py:4180} INFO - Setting next_dagrun for tutorial_dag to None, run_after=None
[2025-06-16T14:02:07.252+0000] {processor.py:208} INFO - Processing /home/airflow/.local/lib/python3.12/site-packages/airflow/example_dags/tutorial_dag.py took 0.057 seconds
[2025-06-16T14:02:37.900+0000] {processor.py:186} INFO - Started process (PID=486) to work on /home/airflow/.local/lib/python3.12/site-packages/airflow/example_dags/tutorial_dag.py
[2025-06-16T14:02:37.901+0000] {processor.py:914} INFO - Processing file /home/airflow/.local/lib/python3.12/site-packages/airflow/example_dags/tutorial_dag.py for tasks to queue
[2025-06-16T14:02:37.904+0000] {logging_mixin.py:190} INFO - [2025-06-16T14:02:37.904+0000] {dagbag.py:588} INFO - Filling up the DagBag from /home/airflow/.local/lib/python3.12/site-packages/airflow/example_dags/tutorial_dag.py
[2025-06-16T14:02:37.911+0000] {processor.py:925} INFO - DAG(s) 'tutorial_dag' retrieved from /home/airflow/.local/lib/python3.12/site-packages/airflow/example_dags/tutorial_dag.py
[2025-06-16T14:02:37.931+0000] {logging_mixin.py:190} INFO - [2025-06-16T14:02:37.931+0000] {dag.py:3239} INFO - Sync 1 DAGs
[2025-06-16T14:02:37.940+0000] {logging_mixin.py:190} INFO - [2025-06-16T14:02:37.940+0000] {dag.py:4180} INFO - Setting next_dagrun for tutorial_dag to None, run_after=None
[2025-06-16T14:02:37.958+0000] {processor.py:208} INFO - Processing /home/airflow/.local/lib/python3.12/site-packages/airflow/example_dags/tutorial_dag.py took 0.063 seconds
[2025-06-16T14:05:32.280+0000] {processor.py:186} INFO - Started process (PID=574) to work on /home/airflow/.local/lib/python3.12/site-packages/airflow/example_dags/tutorial_dag.py
[2025-06-16T14:05:32.282+0000] {processor.py:914} INFO - Processing file /home/airflow/.local/lib/python3.12/site-packages/airflow/example_dags/tutorial_dag.py for tasks to queue
[2025-06-16T14:05:32.285+0000] {logging_mixin.py:190} INFO - [2025-06-16T14:05:32.284+0000] {dagbag.py:588} INFO - Filling up the DagBag from /home/airflow/.local/lib/python3.12/site-packages/airflow/example_dags/tutorial_dag.py
[2025-06-16T14:05:32.291+0000] {processor.py:925} INFO - DAG(s) 'tutorial_dag' retrieved from /home/airflow/.local/lib/python3.12/site-packages/airflow/example_dags/tutorial_dag.py
[2025-06-16T14:05:32.308+0000] {logging_mixin.py:190} INFO - [2025-06-16T14:05:32.307+0000] {dag.py:3239} INFO - Sync 1 DAGs
[2025-06-16T14:05:32.320+0000] {logging_mixin.py:190} INFO - [2025-06-16T14:05:32.319+0000] {dag.py:4180} INFO - Setting next_dagrun for tutorial_dag to None, run_after=None
[2025-06-16T14:05:32.336+0000] {processor.py:208} INFO - Processing /home/airflow/.local/lib/python3.12/site-packages/airflow/example_dags/tutorial_dag.py took 0.061 seconds
[2025-06-16T14:06:02.992+0000] {processor.py:186} INFO - Started process (PID=637) to work on /home/airflow/.local/lib/python3.12/site-packages/airflow/example_dags/tutorial_dag.py
[2025-06-16T14:06:02.994+0000] {processor.py:914} INFO - Processing file /home/airflow/.local/lib/python3.12/site-packages/airflow/example_dags/tutorial_dag.py for tasks to queue
[2025-06-16T14:06:02.996+0000] {logging_mixin.py:190} INFO - [2025-06-16T14:06:02.996+0000] {dagbag.py:588} INFO - Filling up the DagBag from /home/airflow/.local/lib/python3.12/site-packages/airflow/example_dags/tutorial_dag.py
[2025-06-16T14:06:03.001+0000] {processor.py:925} INFO - DAG(s) 'tutorial_dag' retrieved from /home/airflow/.local/lib/python3.12/site-packages/airflow/example_dags/tutorial_dag.py
[2025-06-16T14:06:03.013+0000] {logging_mixin.py:190} INFO - [2025-06-16T14:06:03.013+0000] {dag.py:3239} INFO - Sync 1 DAGs
[2025-06-16T14:06:03.022+0000] {logging_mixin.py:190} INFO - [2025-06-16T14:06:03.022+0000] {dag.py:4180} INFO - Setting next_dagrun for tutorial_dag to None, run_after=None
[2025-06-16T14:06:03.037+0000] {processor.py:208} INFO - Processing /home/airflow/.local/lib/python3.12/site-packages/airflow/example_dags/tutorial_dag.py took 0.048 seconds
[2025-06-16T14:06:33.674+0000] {processor.py:186} INFO - Started process (PID=700) to work on /home/airflow/.local/lib/python3.12/site-packages/airflow/example_dags/tutorial_dag.py
[2025-06-16T14:06:33.676+0000] {processor.py:914} INFO - Processing file /home/airflow/.local/lib/python3.12/site-packages/airflow/example_dags/tutorial_dag.py for tasks to queue
[2025-06-16T14:06:33.677+0000] {logging_mixin.py:190} INFO - [2025-06-16T14:06:33.677+0000] {dagbag.py:588} INFO - Filling up the DagBag from /home/airflow/.local/lib/python3.12/site-packages/airflow/example_dags/tutorial_dag.py
[2025-06-16T14:06:33.683+0000] {processor.py:925} INFO - DAG(s) 'tutorial_dag' retrieved from /home/airflow/.local/lib/python3.12/site-packages/airflow/example_dags/tutorial_dag.py
[2025-06-16T14:06:33.704+0000] {logging_mixin.py:190} INFO - [2025-06-16T14:06:33.704+0000] {dag.py:3239} INFO - Sync 1 DAGs
[2025-06-16T14:06:33.714+0000] {logging_mixin.py:190} INFO - [2025-06-16T14:06:33.714+0000] {dag.py:4180} INFO - Setting next_dagrun for tutorial_dag to None, run_after=None
[2025-06-16T14:06:33.726+0000] {processor.py:208} INFO - Processing /home/airflow/.local/lib/python3.12/site-packages/airflow/example_dags/tutorial_dag.py took 0.055 seconds
[2025-06-16T14:07:04.735+0000] {processor.py:186} INFO - Started process (PID=763) to work on /home/airflow/.local/lib/python3.12/site-packages/airflow/example_dags/tutorial_dag.py
[2025-06-16T14:07:04.737+0000] {processor.py:914} INFO - Processing file /home/airflow/.local/lib/python3.12/site-packages/airflow/example_dags/tutorial_dag.py for tasks to queue
[2025-06-16T14:07:04.739+0000] {logging_mixin.py:190} INFO - [2025-06-16T14:07:04.739+0000] {dagbag.py:588} INFO - Filling up the DagBag from /home/airflow/.local/lib/python3.12/site-packages/airflow/example_dags/tutorial_dag.py
[2025-06-16T14:07:04.744+0000] {processor.py:925} INFO - DAG(s) 'tutorial_dag' retrieved from /home/airflow/.local/lib/python3.12/site-packages/airflow/example_dags/tutorial_dag.py
[2025-06-16T14:07:04.758+0000] {logging_mixin.py:190} INFO - [2025-06-16T14:07:04.758+0000] {dag.py:3239} INFO - Sync 1 DAGs
[2025-06-16T14:07:04.767+0000] {logging_mixin.py:190} INFO - [2025-06-16T14:07:04.767+0000] {dag.py:4180} INFO - Setting next_dagrun for tutorial_dag to None, run_after=None
[2025-06-16T14:07:04.780+0000] {processor.py:208} INFO - Processing /home/airflow/.local/lib/python3.12/site-packages/airflow/example_dags/tutorial_dag.py took 0.048 seconds
[2025-06-16T14:07:35.979+0000] {processor.py:186} INFO - Started process (PID=825) to work on /home/airflow/.local/lib/python3.12/site-packages/airflow/example_dags/tutorial_dag.py
[2025-06-16T14:07:35.982+0000] {processor.py:914} INFO - Processing file /home/airflow/.local/lib/python3.12/site-packages/airflow/example_dags/tutorial_dag.py for tasks to queue
[2025-06-16T14:07:35.986+0000] {logging_mixin.py:190} INFO - [2025-06-16T14:07:35.985+0000] {dagbag.py:588} INFO - Filling up the DagBag from /home/airflow/.local/lib/python3.12/site-packages/airflow/example_dags/tutorial_dag.py
[2025-06-16T14:07:35.996+0000] {processor.py:925} INFO - DAG(s) 'tutorial_dag' retrieved from /home/airflow/.local/lib/python3.12/site-packages/airflow/example_dags/tutorial_dag.py
[2025-06-16T14:07:36.024+0000] {logging_mixin.py:190} INFO - [2025-06-16T14:07:36.024+0000] {dag.py:3239} INFO - Sync 1 DAGs
[2025-06-16T14:07:36.044+0000] {logging_mixin.py:190} INFO - [2025-06-16T14:07:36.044+0000] {dag.py:4180} INFO - Setting next_dagrun for tutorial_dag to None, run_after=None
[2025-06-16T14:07:36.065+0000] {processor.py:208} INFO - Processing /home/airflow/.local/lib/python3.12/site-packages/airflow/example_dags/tutorial_dag.py took 0.094 seconds
[2025-06-16T14:08:07.449+0000] {processor.py:186} INFO - Started process (PID=887) to work on /home/airflow/.local/lib/python3.12/site-packages/airflow/example_dags/tutorial_dag.py
[2025-06-16T14:08:07.451+0000] {processor.py:914} INFO - Processing file /home/airflow/.local/lib/python3.12/site-packages/airflow/example_dags/tutorial_dag.py for tasks to queue
[2025-06-16T14:08:07.453+0000] {logging_mixin.py:190} INFO - [2025-06-16T14:08:07.452+0000] {dagbag.py:588} INFO - Filling up the DagBag from /home/airflow/.local/lib/python3.12/site-packages/airflow/example_dags/tutorial_dag.py
[2025-06-16T14:08:07.461+0000] {processor.py:925} INFO - DAG(s) 'tutorial_dag' retrieved from /home/airflow/.local/lib/python3.12/site-packages/airflow/example_dags/tutorial_dag.py
[2025-06-16T14:08:07.480+0000] {logging_mixin.py:190} INFO - [2025-06-16T14:08:07.480+0000] {dag.py:3239} INFO - Sync 1 DAGs
[2025-06-16T14:08:07.491+0000] {logging_mixin.py:190} INFO - [2025-06-16T14:08:07.491+0000] {dag.py:4180} INFO - Setting next_dagrun for tutorial_dag to None, run_after=None
[2025-06-16T14:08:07.503+0000] {processor.py:208} INFO - Processing /home/airflow/.local/lib/python3.12/site-packages/airflow/example_dags/tutorial_dag.py took 0.057 seconds
[2025-06-16T14:08:38.354+0000] {processor.py:186} INFO - Started process (PID=950) to work on /home/airflow/.local/lib/python3.12/site-packages/airflow/example_dags/tutorial_dag.py
[2025-06-16T14:08:38.356+0000] {processor.py:914} INFO - Processing file /home/airflow/.local/lib/python3.12/site-packages/airflow/example_dags/tutorial_dag.py for tasks to queue
[2025-06-16T14:08:38.359+0000] {logging_mixin.py:190} INFO - [2025-06-16T14:08:38.358+0000] {dagbag.py:588} INFO - Filling up the DagBag from /home/airflow/.local/lib/python3.12/site-packages/airflow/example_dags/tutorial_dag.py
[2025-06-16T14:08:38.368+0000] {processor.py:925} INFO - DAG(s) 'tutorial_dag' retrieved from /home/airflow/.local/lib/python3.12/site-packages/airflow/example_dags/tutorial_dag.py
[2025-06-16T14:08:38.386+0000] {logging_mixin.py:190} INFO - [2025-06-16T14:08:38.385+0000] {dag.py:3239} INFO - Sync 1 DAGs
[2025-06-16T14:08:38.400+0000] {logging_mixin.py:190} INFO - [2025-06-16T14:08:38.400+0000] {dag.py:4180} INFO - Setting next_dagrun for tutorial_dag to None, run_after=None
[2025-06-16T14:08:38.415+0000] {processor.py:208} INFO - Processing /home/airflow/.local/lib/python3.12/site-packages/airflow/example_dags/tutorial_dag.py took 0.066 seconds
[2025-06-16T14:09:09.273+0000] {processor.py:186} INFO - Started process (PID=1013) to work on /home/airflow/.local/lib/python3.12/site-packages/airflow/example_dags/tutorial_dag.py
[2025-06-16T14:09:09.274+0000] {processor.py:914} INFO - Processing file /home/airflow/.local/lib/python3.12/site-packages/airflow/example_dags/tutorial_dag.py for tasks to queue
[2025-06-16T14:09:09.276+0000] {logging_mixin.py:190} INFO - [2025-06-16T14:09:09.276+0000] {dagbag.py:588} INFO - Filling up the DagBag from /home/airflow/.local/lib/python3.12/site-packages/airflow/example_dags/tutorial_dag.py
[2025-06-16T14:09:09.282+0000] {processor.py:925} INFO - DAG(s) 'tutorial_dag' retrieved from /home/airflow/.local/lib/python3.12/site-packages/airflow/example_dags/tutorial_dag.py
[2025-06-16T14:09:09.294+0000] {logging_mixin.py:190} INFO - [2025-06-16T14:09:09.293+0000] {dag.py:3239} INFO - Sync 1 DAGs
[2025-06-16T14:09:09.303+0000] {logging_mixin.py:190} INFO - [2025-06-16T14:09:09.303+0000] {dag.py:4180} INFO - Setting next_dagrun for tutorial_dag to None, run_after=None
[2025-06-16T14:09:09.316+0000] {processor.py:208} INFO - Processing /home/airflow/.local/lib/python3.12/site-packages/airflow/example_dags/tutorial_dag.py took 0.046 seconds
[2025-06-16T14:09:40.016+0000] {processor.py:186} INFO - Started process (PID=1076) to work on /home/airflow/.local/lib/python3.12/site-packages/airflow/example_dags/tutorial_dag.py
[2025-06-16T14:09:40.017+0000] {processor.py:914} INFO - Processing file /home/airflow/.local/lib/python3.12/site-packages/airflow/example_dags/tutorial_dag.py for tasks to queue
[2025-06-16T14:09:40.019+0000] {logging_mixin.py:190} INFO - [2025-06-16T14:09:40.019+0000] {dagbag.py:588} INFO - Filling up the DagBag from /home/airflow/.local/lib/python3.12/site-packages/airflow/example_dags/tutorial_dag.py
[2025-06-16T14:09:40.025+0000] {processor.py:925} INFO - DAG(s) 'tutorial_dag' retrieved from /home/airflow/.local/lib/python3.12/site-packages/airflow/example_dags/tutorial_dag.py
[2025-06-16T14:09:40.038+0000] {logging_mixin.py:190} INFO - [2025-06-16T14:09:40.038+0000] {dag.py:3239} INFO - Sync 1 DAGs
[2025-06-16T14:09:40.050+0000] {logging_mixin.py:190} INFO - [2025-06-16T14:09:40.050+0000] {dag.py:4180} INFO - Setting next_dagrun for tutorial_dag to None, run_after=None
[2025-06-16T14:09:40.063+0000] {processor.py:208} INFO - Processing /home/airflow/.local/lib/python3.12/site-packages/airflow/example_dags/tutorial_dag.py took 0.051 seconds
[2025-06-16T14:10:52.421+0000] {processor.py:186} INFO - Started process (PID=1139) to work on /home/airflow/.local/lib/python3.12/site-packages/airflow/example_dags/tutorial_dag.py
[2025-06-16T14:10:52.423+0000] {processor.py:914} INFO - Processing file /home/airflow/.local/lib/python3.12/site-packages/airflow/example_dags/tutorial_dag.py for tasks to queue
[2025-06-16T14:10:52.424+0000] {logging_mixin.py:190} INFO - [2025-06-16T14:10:52.424+0000] {dagbag.py:588} INFO - Filling up the DagBag from /home/airflow/.local/lib/python3.12/site-packages/airflow/example_dags/tutorial_dag.py
[2025-06-16T14:10:52.429+0000] {processor.py:925} INFO - DAG(s) 'tutorial_dag' retrieved from /home/airflow/.local/lib/python3.12/site-packages/airflow/example_dags/tutorial_dag.py
[2025-06-16T14:10:52.441+0000] {logging_mixin.py:190} INFO - [2025-06-16T14:10:52.441+0000] {dag.py:3239} INFO - Sync 1 DAGs
[2025-06-16T14:10:52.450+0000] {logging_mixin.py:190} INFO - [2025-06-16T14:10:52.450+0000] {dag.py:4180} INFO - Setting next_dagrun for tutorial_dag to None, run_after=None
[2025-06-16T14:10:52.462+0000] {processor.py:208} INFO - Processing /home/airflow/.local/lib/python3.12/site-packages/airflow/example_dags/tutorial_dag.py took 0.044 seconds
[2025-06-16T14:11:44.009+0000] {processor.py:186} INFO - Started process (PID=1202) to work on /home/airflow/.local/lib/python3.12/site-packages/airflow/example_dags/tutorial_dag.py
[2025-06-16T14:11:44.013+0000] {processor.py:914} INFO - Processing file /home/airflow/.local/lib/python3.12/site-packages/airflow/example_dags/tutorial_dag.py for tasks to queue
[2025-06-16T14:11:44.018+0000] {logging_mixin.py:190} INFO - [2025-06-16T14:11:44.017+0000] {dagbag.py:588} INFO - Filling up the DagBag from /home/airflow/.local/lib/python3.12/site-packages/airflow/example_dags/tutorial_dag.py
[2025-06-16T14:11:44.027+0000] {processor.py:925} INFO - DAG(s) 'tutorial_dag' retrieved from /home/airflow/.local/lib/python3.12/site-packages/airflow/example_dags/tutorial_dag.py
[2025-06-16T14:11:44.067+0000] {logging_mixin.py:190} INFO - [2025-06-16T14:11:44.067+0000] {dag.py:3239} INFO - Sync 1 DAGs
[2025-06-16T14:11:44.082+0000] {logging_mixin.py:190} INFO - [2025-06-16T14:11:44.082+0000] {dag.py:4180} INFO - Setting next_dagrun for tutorial_dag to None, run_after=None
[2025-06-16T14:11:44.106+0000] {processor.py:208} INFO - Processing /home/airflow/.local/lib/python3.12/site-packages/airflow/example_dags/tutorial_dag.py took 0.105 seconds
[2025-06-16T14:12:14.657+0000] {processor.py:186} INFO - Started process (PID=1265) to work on /home/airflow/.local/lib/python3.12/site-packages/airflow/example_dags/tutorial_dag.py
[2025-06-16T14:12:14.660+0000] {processor.py:914} INFO - Processing file /home/airflow/.local/lib/python3.12/site-packages/airflow/example_dags/tutorial_dag.py for tasks to queue
[2025-06-16T14:12:14.663+0000] {logging_mixin.py:190} INFO - [2025-06-16T14:12:14.663+0000] {dagbag.py:588} INFO - Filling up the DagBag from /home/airflow/.local/lib/python3.12/site-packages/airflow/example_dags/tutorial_dag.py
[2025-06-16T14:12:14.671+0000] {processor.py:925} INFO - DAG(s) 'tutorial_dag' retrieved from /home/airflow/.local/lib/python3.12/site-packages/airflow/example_dags/tutorial_dag.py
[2025-06-16T14:12:14.688+0000] {logging_mixin.py:190} INFO - [2025-06-16T14:12:14.688+0000] {dag.py:3239} INFO - Sync 1 DAGs
[2025-06-16T14:12:14.701+0000] {logging_mixin.py:190} INFO - [2025-06-16T14:12:14.700+0000] {dag.py:4180} INFO - Setting next_dagrun for tutorial_dag to None, run_after=None
[2025-06-16T14:12:14.714+0000] {processor.py:208} INFO - Processing /home/airflow/.local/lib/python3.12/site-packages/airflow/example_dags/tutorial_dag.py took 0.062 seconds
[2025-06-16T14:12:45.360+0000] {processor.py:186} INFO - Started process (PID=1328) to work on /home/airflow/.local/lib/python3.12/site-packages/airflow/example_dags/tutorial_dag.py
[2025-06-16T14:12:45.362+0000] {processor.py:914} INFO - Processing file /home/airflow/.local/lib/python3.12/site-packages/airflow/example_dags/tutorial_dag.py for tasks to queue
[2025-06-16T14:12:45.364+0000] {logging_mixin.py:190} INFO - [2025-06-16T14:12:45.364+0000] {dagbag.py:588} INFO - Filling up the DagBag from /home/airflow/.local/lib/python3.12/site-packages/airflow/example_dags/tutorial_dag.py
[2025-06-16T14:12:45.368+0000] {processor.py:925} INFO - DAG(s) 'tutorial_dag' retrieved from /home/airflow/.local/lib/python3.12/site-packages/airflow/example_dags/tutorial_dag.py
[2025-06-16T14:12:45.381+0000] {logging_mixin.py:190} INFO - [2025-06-16T14:12:45.381+0000] {dag.py:3239} INFO - Sync 1 DAGs
[2025-06-16T14:12:45.392+0000] {logging_mixin.py:190} INFO - [2025-06-16T14:12:45.392+0000] {dag.py:4180} INFO - Setting next_dagrun for tutorial_dag to None, run_after=None
[2025-06-16T14:12:45.407+0000] {processor.py:208} INFO - Processing /home/airflow/.local/lib/python3.12/site-packages/airflow/example_dags/tutorial_dag.py took 0.050 seconds
[2025-06-16T14:13:15.974+0000] {processor.py:186} INFO - Started process (PID=1391) to work on /home/airflow/.local/lib/python3.12/site-packages/airflow/example_dags/tutorial_dag.py
[2025-06-16T14:13:15.976+0000] {processor.py:914} INFO - Processing file /home/airflow/.local/lib/python3.12/site-packages/airflow/example_dags/tutorial_dag.py for tasks to queue
[2025-06-16T14:13:15.978+0000] {logging_mixin.py:190} INFO - [2025-06-16T14:13:15.978+0000] {dagbag.py:588} INFO - Filling up the DagBag from /home/airflow/.local/lib/python3.12/site-packages/airflow/example_dags/tutorial_dag.py
[2025-06-16T14:13:15.984+0000] {processor.py:925} INFO - DAG(s) 'tutorial_dag' retrieved from /home/airflow/.local/lib/python3.12/site-packages/airflow/example_dags/tutorial_dag.py
[2025-06-16T14:13:15.998+0000] {logging_mixin.py:190} INFO - [2025-06-16T14:13:15.998+0000] {dag.py:3239} INFO - Sync 1 DAGs
[2025-06-16T14:13:16.008+0000] {logging_mixin.py:190} INFO - [2025-06-16T14:13:16.008+0000] {dag.py:4180} INFO - Setting next_dagrun for tutorial_dag to None, run_after=None
[2025-06-16T14:13:16.020+0000] {processor.py:208} INFO - Processing /home/airflow/.local/lib/python3.12/site-packages/airflow/example_dags/tutorial_dag.py took 0.049 seconds
[2025-06-16T14:13:46.715+0000] {processor.py:186} INFO - Started process (PID=1454) to work on /home/airflow/.local/lib/python3.12/site-packages/airflow/example_dags/tutorial_dag.py
[2025-06-16T14:13:46.717+0000] {processor.py:914} INFO - Processing file /home/airflow/.local/lib/python3.12/site-packages/airflow/example_dags/tutorial_dag.py for tasks to queue
[2025-06-16T14:13:46.721+0000] {logging_mixin.py:190} INFO - [2025-06-16T14:13:46.720+0000] {dagbag.py:588} INFO - Filling up the DagBag from /home/airflow/.local/lib/python3.12/site-packages/airflow/example_dags/tutorial_dag.py
[2025-06-16T14:13:46.729+0000] {processor.py:925} INFO - DAG(s) 'tutorial_dag' retrieved from /home/airflow/.local/lib/python3.12/site-packages/airflow/example_dags/tutorial_dag.py
[2025-06-16T14:13:46.746+0000] {logging_mixin.py:190} INFO - [2025-06-16T14:13:46.746+0000] {dag.py:3239} INFO - Sync 1 DAGs
[2025-06-16T14:13:46.756+0000] {logging_mixin.py:190} INFO - [2025-06-16T14:13:46.756+0000] {dag.py:4180} INFO - Setting next_dagrun for tutorial_dag to None, run_after=None
[2025-06-16T14:13:46.770+0000] {processor.py:208} INFO - Processing /home/airflow/.local/lib/python3.12/site-packages/airflow/example_dags/tutorial_dag.py took 0.058 seconds
[2025-06-16T14:14:21.089+0000] {processor.py:186} INFO - Started process (PID=1517) to work on /home/airflow/.local/lib/python3.12/site-packages/airflow/example_dags/tutorial_dag.py
[2025-06-16T14:14:21.091+0000] {processor.py:914} INFO - Processing file /home/airflow/.local/lib/python3.12/site-packages/airflow/example_dags/tutorial_dag.py for tasks to queue
[2025-06-16T14:14:21.094+0000] {logging_mixin.py:190} INFO - [2025-06-16T14:14:21.093+0000] {dagbag.py:588} INFO - Filling up the DagBag from /home/airflow/.local/lib/python3.12/site-packages/airflow/example_dags/tutorial_dag.py
[2025-06-16T14:14:21.101+0000] {processor.py:925} INFO - DAG(s) 'tutorial_dag' retrieved from /home/airflow/.local/lib/python3.12/site-packages/airflow/example_dags/tutorial_dag.py
[2025-06-16T14:14:21.121+0000] {logging_mixin.py:190} INFO - [2025-06-16T14:14:21.120+0000] {dag.py:3239} INFO - Sync 1 DAGs
[2025-06-16T14:14:21.139+0000] {logging_mixin.py:190} INFO - [2025-06-16T14:14:21.139+0000] {dag.py:4180} INFO - Setting next_dagrun for tutorial_dag to None, run_after=None
[2025-06-16T14:14:21.174+0000] {processor.py:208} INFO - Processing /home/airflow/.local/lib/python3.12/site-packages/airflow/example_dags/tutorial_dag.py took 0.091 seconds
[2025-06-16T15:07:20.054+0000] {processor.py:186} INFO - Started process (PID=1580) to work on /home/airflow/.local/lib/python3.12/site-packages/airflow/example_dags/tutorial_dag.py
[2025-06-16T15:07:20.056+0000] {processor.py:914} INFO - Processing file /home/airflow/.local/lib/python3.12/site-packages/airflow/example_dags/tutorial_dag.py for tasks to queue
[2025-06-16T15:07:20.059+0000] {logging_mixin.py:190} INFO - [2025-06-16T15:07:20.058+0000] {dagbag.py:588} INFO - Filling up the DagBag from /home/airflow/.local/lib/python3.12/site-packages/airflow/example_dags/tutorial_dag.py
[2025-06-16T15:07:20.064+0000] {processor.py:925} INFO - DAG(s) 'tutorial_dag' retrieved from /home/airflow/.local/lib/python3.12/site-packages/airflow/example_dags/tutorial_dag.py
[2025-06-16T15:07:20.078+0000] {logging_mixin.py:190} INFO - [2025-06-16T15:07:20.077+0000] {dag.py:3239} INFO - Sync 1 DAGs
[2025-06-16T15:07:20.088+0000] {logging_mixin.py:190} INFO - [2025-06-16T15:07:20.088+0000] {dag.py:4180} INFO - Setting next_dagrun for tutorial_dag to None, run_after=None
[2025-06-16T15:07:20.102+0000] {processor.py:208} INFO - Processing /home/airflow/.local/lib/python3.12/site-packages/airflow/example_dags/tutorial_dag.py took 0.052 seconds
[2025-06-16T15:57:53.276+0000] {processor.py:186} INFO - Started process (PID=1643) to work on /home/airflow/.local/lib/python3.12/site-packages/airflow/example_dags/tutorial_dag.py
[2025-06-16T15:57:53.277+0000] {processor.py:914} INFO - Processing file /home/airflow/.local/lib/python3.12/site-packages/airflow/example_dags/tutorial_dag.py for tasks to queue
[2025-06-16T15:57:53.279+0000] {logging_mixin.py:190} INFO - [2025-06-16T15:57:53.279+0000] {dagbag.py:588} INFO - Filling up the DagBag from /home/airflow/.local/lib/python3.12/site-packages/airflow/example_dags/tutorial_dag.py
[2025-06-16T15:57:53.283+0000] {processor.py:925} INFO - DAG(s) 'tutorial_dag' retrieved from /home/airflow/.local/lib/python3.12/site-packages/airflow/example_dags/tutorial_dag.py
[2025-06-16T15:57:53.294+0000] {logging_mixin.py:190} INFO - [2025-06-16T15:57:53.294+0000] {dag.py:3239} INFO - Sync 1 DAGs
[2025-06-16T15:57:53.301+0000] {logging_mixin.py:190} INFO - [2025-06-16T15:57:53.301+0000] {dag.py:4180} INFO - Setting next_dagrun for tutorial_dag to None, run_after=None
[2025-06-16T15:57:53.310+0000] {processor.py:208} INFO - Processing /home/airflow/.local/lib/python3.12/site-packages/airflow/example_dags/tutorial_dag.py took 0.037 seconds
[2025-06-16T17:09:00.550+0000] {processor.py:186} INFO - Started process (PID=1707) to work on /home/airflow/.local/lib/python3.12/site-packages/airflow/example_dags/tutorial_dag.py
[2025-06-16T17:09:00.554+0000] {processor.py:914} INFO - Processing file /home/airflow/.local/lib/python3.12/site-packages/airflow/example_dags/tutorial_dag.py for tasks to queue
[2025-06-16T17:09:00.557+0000] {logging_mixin.py:190} INFO - [2025-06-16T17:09:00.557+0000] {dagbag.py:588} INFO - Filling up the DagBag from /home/airflow/.local/lib/python3.12/site-packages/airflow/example_dags/tutorial_dag.py
[2025-06-16T17:09:00.563+0000] {processor.py:925} INFO - DAG(s) 'tutorial_dag' retrieved from /home/airflow/.local/lib/python3.12/site-packages/airflow/example_dags/tutorial_dag.py
[2025-06-16T17:09:00.579+0000] {logging_mixin.py:190} INFO - [2025-06-16T17:09:00.579+0000] {dag.py:3239} INFO - Sync 1 DAGs
[2025-06-16T17:09:00.592+0000] {logging_mixin.py:190} INFO - [2025-06-16T17:09:00.592+0000] {dag.py:4180} INFO - Setting next_dagrun for tutorial_dag to None, run_after=None
[2025-06-16T17:09:00.608+0000] {processor.py:208} INFO - Processing /home/airflow/.local/lib/python3.12/site-packages/airflow/example_dags/tutorial_dag.py took 0.061 seconds
[2025-06-16T18:08:43.785+0000] {processor.py:186} INFO - Started process (PID=1770) to work on /home/airflow/.local/lib/python3.12/site-packages/airflow/example_dags/tutorial_dag.py
[2025-06-16T18:08:43.845+0000] {processor.py:914} INFO - Processing file /home/airflow/.local/lib/python3.12/site-packages/airflow/example_dags/tutorial_dag.py for tasks to queue
[2025-06-16T18:08:43.894+0000] {logging_mixin.py:190} INFO - [2025-06-16T18:08:43.887+0000] {dagbag.py:588} INFO - Filling up the DagBag from /home/airflow/.local/lib/python3.12/site-packages/airflow/example_dags/tutorial_dag.py
[2025-06-16T18:08:44.234+0000] {processor.py:925} INFO - DAG(s) 'tutorial_dag' retrieved from /home/airflow/.local/lib/python3.12/site-packages/airflow/example_dags/tutorial_dag.py
[2025-06-16T18:08:44.570+0000] {logging_mixin.py:190} INFO - [2025-06-16T18:08:44.568+0000] {dag.py:3239} INFO - Sync 1 DAGs
[2025-06-16T18:08:44.663+0000] {logging_mixin.py:190} INFO - [2025-06-16T18:08:44.662+0000] {dag.py:4180} INFO - Setting next_dagrun for tutorial_dag to None, run_after=None
[2025-06-16T18:08:44.782+0000] {processor.py:208} INFO - Processing /home/airflow/.local/lib/python3.12/site-packages/airflow/example_dags/tutorial_dag.py took 1.318 seconds
[2025-06-16T23:58:50.780+0000] {processor.py:186} INFO - Started process (PID=1839) to work on /home/airflow/.local/lib/python3.12/site-packages/airflow/example_dags/tutorial_dag.py
[2025-06-16T23:58:50.787+0000] {processor.py:914} INFO - Processing file /home/airflow/.local/lib/python3.12/site-packages/airflow/example_dags/tutorial_dag.py for tasks to queue
[2025-06-16T23:58:50.794+0000] {logging_mixin.py:190} INFO - [2025-06-16T23:58:50.793+0000] {dagbag.py:588} INFO - Filling up the DagBag from /home/airflow/.local/lib/python3.12/site-packages/airflow/example_dags/tutorial_dag.py
[2025-06-16T23:58:50.807+0000] {processor.py:925} INFO - DAG(s) 'tutorial_dag' retrieved from /home/airflow/.local/lib/python3.12/site-packages/airflow/example_dags/tutorial_dag.py
[2025-06-16T23:58:50.859+0000] {logging_mixin.py:190} INFO - [2025-06-16T23:58:50.858+0000] {dag.py:3239} INFO - Sync 1 DAGs
[2025-06-16T23:58:50.881+0000] {logging_mixin.py:190} INFO - [2025-06-16T23:58:50.881+0000] {dag.py:4180} INFO - Setting next_dagrun for tutorial_dag to None, run_after=None
[2025-06-16T23:58:50.902+0000] {processor.py:208} INFO - Processing /home/airflow/.local/lib/python3.12/site-packages/airflow/example_dags/tutorial_dag.py took 0.133 seconds
