[2025-06-16T13:59:32.378+0000] {processor.py:186} INFO - Started process (PID=106) to work on /home/airflow/.local/lib/python3.12/site-packages/airflow/example_dags/tutorial_taskflow_templates.py
[2025-06-16T13:59:32.382+0000] {processor.py:914} INFO - Processing file /home/airflow/.local/lib/python3.12/site-packages/airflow/example_dags/tutorial_taskflow_templates.py for tasks to queue
[2025-06-16T13:59:32.388+0000] {logging_mixin.py:190} INFO - [2025-06-16T13:59:32.388+0000] {dagbag.py:588} INFO - Filling up the DagBag from /home/airflow/.local/lib/python3.12/site-packages/airflow/example_dags/tutorial_taskflow_templates.py
[2025-06-16T13:59:32.421+0000] {processor.py:925} INFO - DAG(s) 'tutorial_taskflow_templates' retrieved from /home/airflow/.local/lib/python3.12/site-packages/airflow/example_dags/tutorial_taskflow_templates.py
[2025-06-16T13:59:32.568+0000] {logging_mixin.py:190} INFO - [2025-06-16T13:59:32.567+0000] {override.py:1912} INFO - Created Permission View: can delete on DAG:tutorial_taskflow_templates
[2025-06-16T13:59:32.591+0000] {logging_mixin.py:190} INFO - [2025-06-16T13:59:32.590+0000] {override.py:1912} INFO - Created Permission View: can read on DAG:tutorial_taskflow_templates
[2025-06-16T13:59:32.608+0000] {logging_mixin.py:190} INFO - [2025-06-16T13:59:32.608+0000] {override.py:1912} INFO - Created Permission View: can edit on DAG:tutorial_taskflow_templates
[2025-06-16T13:59:32.647+0000] {logging_mixin.py:190} INFO - [2025-06-16T13:59:32.646+0000] {override.py:1912} INFO - Created Permission View: can delete on DAG Run:tutorial_taskflow_templates
[2025-06-16T13:59:32.704+0000] {logging_mixin.py:190} INFO - [2025-06-16T13:59:32.704+0000] {override.py:1912} INFO - Created Permission View: can create on DAG Run:tutorial_taskflow_templates
[2025-06-16T13:59:32.724+0000] {logging_mixin.py:190} INFO - [2025-06-16T13:59:32.724+0000] {override.py:1912} INFO - Created Permission View: can read on DAG Run:tutorial_taskflow_templates
[2025-06-16T13:59:32.739+0000] {logging_mixin.py:190} INFO - [2025-06-16T13:59:32.738+0000] {override.py:1912} INFO - Created Permission View: menu access on DAG Run:tutorial_taskflow_templates
[2025-06-16T13:59:32.741+0000] {logging_mixin.py:190} INFO - [2025-06-16T13:59:32.741+0000] {dag.py:3239} INFO - Sync 1 DAGs
[2025-06-16T13:59:32.758+0000] {logging_mixin.py:190} INFO - [2025-06-16T13:59:32.758+0000] {dag.py:3262} INFO - Creating ORM DAG for tutorial_taskflow_templates
[2025-06-16T13:59:32.775+0000] {logging_mixin.py:190} INFO - [2025-06-16T13:59:32.775+0000] {dag.py:4180} INFO - Setting next_dagrun for tutorial_taskflow_templates to 2025-06-15 00:00:00+00:00, run_after=2025-06-16 00:00:00+00:00
[2025-06-16T13:59:32.800+0000] {processor.py:208} INFO - Processing /home/airflow/.local/lib/python3.12/site-packages/airflow/example_dags/tutorial_taskflow_templates.py took 0.429 seconds
[2025-06-16T14:00:02.841+0000] {processor.py:186} INFO - Started process (PID=169) to work on /home/airflow/.local/lib/python3.12/site-packages/airflow/example_dags/tutorial_taskflow_templates.py
[2025-06-16T14:00:02.843+0000] {processor.py:914} INFO - Processing file /home/airflow/.local/lib/python3.12/site-packages/airflow/example_dags/tutorial_taskflow_templates.py for tasks to queue
[2025-06-16T14:00:02.845+0000] {logging_mixin.py:190} INFO - [2025-06-16T14:00:02.845+0000] {dagbag.py:588} INFO - Filling up the DagBag from /home/airflow/.local/lib/python3.12/site-packages/airflow/example_dags/tutorial_taskflow_templates.py
[2025-06-16T14:00:02.853+0000] {processor.py:925} INFO - DAG(s) 'tutorial_taskflow_templates' retrieved from /home/airflow/.local/lib/python3.12/site-packages/airflow/example_dags/tutorial_taskflow_templates.py
[2025-06-16T14:00:02.866+0000] {logging_mixin.py:190} INFO - [2025-06-16T14:00:02.865+0000] {dag.py:3239} INFO - Sync 1 DAGs
[2025-06-16T14:00:02.879+0000] {logging_mixin.py:190} INFO - [2025-06-16T14:00:02.879+0000] {dag.py:4180} INFO - Setting next_dagrun for tutorial_taskflow_templates to 2025-06-15 00:00:00+00:00, run_after=2025-06-16 00:00:00+00:00
[2025-06-16T14:00:02.890+0000] {processor.py:208} INFO - Processing /home/airflow/.local/lib/python3.12/site-packages/airflow/example_dags/tutorial_taskflow_templates.py took 0.052 seconds
[2025-06-16T14:00:33.062+0000] {processor.py:186} INFO - Started process (PID=232) to work on /home/airflow/.local/lib/python3.12/site-packages/airflow/example_dags/tutorial_taskflow_templates.py
[2025-06-16T14:00:33.063+0000] {processor.py:914} INFO - Processing file /home/airflow/.local/lib/python3.12/site-packages/airflow/example_dags/tutorial_taskflow_templates.py for tasks to queue
[2025-06-16T14:00:33.065+0000] {logging_mixin.py:190} INFO - [2025-06-16T14:00:33.065+0000] {dagbag.py:588} INFO - Filling up the DagBag from /home/airflow/.local/lib/python3.12/site-packages/airflow/example_dags/tutorial_taskflow_templates.py
[2025-06-16T14:00:33.072+0000] {processor.py:925} INFO - DAG(s) 'tutorial_taskflow_templates' retrieved from /home/airflow/.local/lib/python3.12/site-packages/airflow/example_dags/tutorial_taskflow_templates.py
[2025-06-16T14:00:33.087+0000] {logging_mixin.py:190} INFO - [2025-06-16T14:00:33.087+0000] {dag.py:3239} INFO - Sync 1 DAGs
[2025-06-16T14:00:33.099+0000] {logging_mixin.py:190} INFO - [2025-06-16T14:00:33.099+0000] {dag.py:4180} INFO - Setting next_dagrun for tutorial_taskflow_templates to 2025-06-15 00:00:00+00:00, run_after=2025-06-16 00:00:00+00:00
[2025-06-16T14:00:33.110+0000] {processor.py:208} INFO - Processing /home/airflow/.local/lib/python3.12/site-packages/airflow/example_dags/tutorial_taskflow_templates.py took 0.052 seconds
[2025-06-16T14:01:03.552+0000] {processor.py:186} INFO - Started process (PID=294) to work on /home/airflow/.local/lib/python3.12/site-packages/airflow/example_dags/tutorial_taskflow_templates.py
[2025-06-16T14:01:03.553+0000] {processor.py:914} INFO - Processing file /home/airflow/.local/lib/python3.12/site-packages/airflow/example_dags/tutorial_taskflow_templates.py for tasks to queue
[2025-06-16T14:01:03.555+0000] {logging_mixin.py:190} INFO - [2025-06-16T14:01:03.555+0000] {dagbag.py:588} INFO - Filling up the DagBag from /home/airflow/.local/lib/python3.12/site-packages/airflow/example_dags/tutorial_taskflow_templates.py
[2025-06-16T14:01:03.562+0000] {processor.py:925} INFO - DAG(s) 'tutorial_taskflow_templates' retrieved from /home/airflow/.local/lib/python3.12/site-packages/airflow/example_dags/tutorial_taskflow_templates.py
[2025-06-16T14:01:03.574+0000] {logging_mixin.py:190} INFO - [2025-06-16T14:01:03.574+0000] {dag.py:3239} INFO - Sync 1 DAGs
[2025-06-16T14:01:03.588+0000] {logging_mixin.py:190} INFO - [2025-06-16T14:01:03.588+0000] {dag.py:4180} INFO - Setting next_dagrun for tutorial_taskflow_templates to 2025-06-15 00:00:00+00:00, run_after=2025-06-16 00:00:00+00:00
[2025-06-16T14:01:03.600+0000] {processor.py:208} INFO - Processing /home/airflow/.local/lib/python3.12/site-packages/airflow/example_dags/tutorial_taskflow_templates.py took 0.052 seconds
[2025-06-16T14:01:34.185+0000] {processor.py:186} INFO - Started process (PID=356) to work on /home/airflow/.local/lib/python3.12/site-packages/airflow/example_dags/tutorial_taskflow_templates.py
[2025-06-16T14:01:34.187+0000] {processor.py:914} INFO - Processing file /home/airflow/.local/lib/python3.12/site-packages/airflow/example_dags/tutorial_taskflow_templates.py for tasks to queue
[2025-06-16T14:01:34.191+0000] {logging_mixin.py:190} INFO - [2025-06-16T14:01:34.191+0000] {dagbag.py:588} INFO - Filling up the DagBag from /home/airflow/.local/lib/python3.12/site-packages/airflow/example_dags/tutorial_taskflow_templates.py
[2025-06-16T14:01:34.212+0000] {processor.py:925} INFO - DAG(s) 'tutorial_taskflow_templates' retrieved from /home/airflow/.local/lib/python3.12/site-packages/airflow/example_dags/tutorial_taskflow_templates.py
[2025-06-16T14:01:34.247+0000] {logging_mixin.py:190} INFO - [2025-06-16T14:01:34.246+0000] {dag.py:3239} INFO - Sync 1 DAGs
[2025-06-16T14:01:34.279+0000] {logging_mixin.py:190} INFO - [2025-06-16T14:01:34.279+0000] {dag.py:4180} INFO - Setting next_dagrun for tutorial_taskflow_templates to 2025-06-15 00:00:00+00:00, run_after=2025-06-16 00:00:00+00:00
[2025-06-16T14:01:34.299+0000] {processor.py:208} INFO - Processing /home/airflow/.local/lib/python3.12/site-packages/airflow/example_dags/tutorial_taskflow_templates.py took 0.118 seconds
[2025-06-16T14:02:04.791+0000] {processor.py:186} INFO - Started process (PID=419) to work on /home/airflow/.local/lib/python3.12/site-packages/airflow/example_dags/tutorial_taskflow_templates.py
[2025-06-16T14:02:04.792+0000] {processor.py:914} INFO - Processing file /home/airflow/.local/lib/python3.12/site-packages/airflow/example_dags/tutorial_taskflow_templates.py for tasks to queue
[2025-06-16T14:02:04.795+0000] {logging_mixin.py:190} INFO - [2025-06-16T14:02:04.795+0000] {dagbag.py:588} INFO - Filling up the DagBag from /home/airflow/.local/lib/python3.12/site-packages/airflow/example_dags/tutorial_taskflow_templates.py
[2025-06-16T14:02:04.805+0000] {processor.py:925} INFO - DAG(s) 'tutorial_taskflow_templates' retrieved from /home/airflow/.local/lib/python3.12/site-packages/airflow/example_dags/tutorial_taskflow_templates.py
[2025-06-16T14:02:04.822+0000] {logging_mixin.py:190} INFO - [2025-06-16T14:02:04.822+0000] {dag.py:3239} INFO - Sync 1 DAGs
[2025-06-16T14:02:04.838+0000] {logging_mixin.py:190} INFO - [2025-06-16T14:02:04.837+0000] {dag.py:4180} INFO - Setting next_dagrun for tutorial_taskflow_templates to 2025-06-15 00:00:00+00:00, run_after=2025-06-16 00:00:00+00:00
[2025-06-16T14:02:04.853+0000] {processor.py:208} INFO - Processing /home/airflow/.local/lib/python3.12/site-packages/airflow/example_dags/tutorial_taskflow_templates.py took 0.067 seconds
[2025-06-16T14:02:35.049+0000] {processor.py:186} INFO - Started process (PID=480) to work on /home/airflow/.local/lib/python3.12/site-packages/airflow/example_dags/tutorial_taskflow_templates.py
[2025-06-16T14:02:35.052+0000] {processor.py:914} INFO - Processing file /home/airflow/.local/lib/python3.12/site-packages/airflow/example_dags/tutorial_taskflow_templates.py for tasks to queue
[2025-06-16T14:02:35.056+0000] {logging_mixin.py:190} INFO - [2025-06-16T14:02:35.055+0000] {dagbag.py:588} INFO - Filling up the DagBag from /home/airflow/.local/lib/python3.12/site-packages/airflow/example_dags/tutorial_taskflow_templates.py
[2025-06-16T14:02:35.078+0000] {processor.py:925} INFO - DAG(s) 'tutorial_taskflow_templates' retrieved from /home/airflow/.local/lib/python3.12/site-packages/airflow/example_dags/tutorial_taskflow_templates.py
[2025-06-16T14:02:35.096+0000] {logging_mixin.py:190} INFO - [2025-06-16T14:02:35.096+0000] {dag.py:3239} INFO - Sync 1 DAGs
[2025-06-16T14:02:35.115+0000] {logging_mixin.py:190} INFO - [2025-06-16T14:02:35.115+0000] {dag.py:4180} INFO - Setting next_dagrun for tutorial_taskflow_templates to 2025-06-15 00:00:00+00:00, run_after=2025-06-16 00:00:00+00:00
[2025-06-16T14:02:35.143+0000] {processor.py:208} INFO - Processing /home/airflow/.local/lib/python3.12/site-packages/airflow/example_dags/tutorial_taskflow_templates.py took 0.101 seconds
[2025-06-16T14:05:31.941+0000] {processor.py:186} INFO - Started process (PID=569) to work on /home/airflow/.local/lib/python3.12/site-packages/airflow/example_dags/tutorial_taskflow_templates.py
[2025-06-16T14:05:31.943+0000] {processor.py:914} INFO - Processing file /home/airflow/.local/lib/python3.12/site-packages/airflow/example_dags/tutorial_taskflow_templates.py for tasks to queue
[2025-06-16T14:05:31.945+0000] {logging_mixin.py:190} INFO - [2025-06-16T14:05:31.945+0000] {dagbag.py:588} INFO - Filling up the DagBag from /home/airflow/.local/lib/python3.12/site-packages/airflow/example_dags/tutorial_taskflow_templates.py
[2025-06-16T14:05:31.955+0000] {processor.py:925} INFO - DAG(s) 'tutorial_taskflow_templates' retrieved from /home/airflow/.local/lib/python3.12/site-packages/airflow/example_dags/tutorial_taskflow_templates.py
[2025-06-16T14:05:31.977+0000] {logging_mixin.py:190} INFO - [2025-06-16T14:05:31.977+0000] {dag.py:3239} INFO - Sync 1 DAGs
[2025-06-16T14:05:32.000+0000] {logging_mixin.py:190} INFO - [2025-06-16T14:05:32.000+0000] {dag.py:4180} INFO - Setting next_dagrun for tutorial_taskflow_templates to 2025-06-15 00:00:00+00:00, run_after=2025-06-16 00:00:00+00:00
[2025-06-16T14:05:32.015+0000] {processor.py:208} INFO - Processing /home/airflow/.local/lib/python3.12/site-packages/airflow/example_dags/tutorial_taskflow_templates.py took 0.079 seconds
[2025-06-16T14:06:02.749+0000] {processor.py:186} INFO - Started process (PID=632) to work on /home/airflow/.local/lib/python3.12/site-packages/airflow/example_dags/tutorial_taskflow_templates.py
[2025-06-16T14:06:02.750+0000] {processor.py:914} INFO - Processing file /home/airflow/.local/lib/python3.12/site-packages/airflow/example_dags/tutorial_taskflow_templates.py for tasks to queue
[2025-06-16T14:06:02.752+0000] {logging_mixin.py:190} INFO - [2025-06-16T14:06:02.752+0000] {dagbag.py:588} INFO - Filling up the DagBag from /home/airflow/.local/lib/python3.12/site-packages/airflow/example_dags/tutorial_taskflow_templates.py
[2025-06-16T14:06:02.763+0000] {processor.py:925} INFO - DAG(s) 'tutorial_taskflow_templates' retrieved from /home/airflow/.local/lib/python3.12/site-packages/airflow/example_dags/tutorial_taskflow_templates.py
[2025-06-16T14:06:02.783+0000] {logging_mixin.py:190} INFO - [2025-06-16T14:06:02.782+0000] {dag.py:3239} INFO - Sync 1 DAGs
[2025-06-16T14:06:02.796+0000] {logging_mixin.py:190} INFO - [2025-06-16T14:06:02.796+0000] {dag.py:4180} INFO - Setting next_dagrun for tutorial_taskflow_templates to 2025-06-15 00:00:00+00:00, run_after=2025-06-16 00:00:00+00:00
[2025-06-16T14:06:02.811+0000] {processor.py:208} INFO - Processing /home/airflow/.local/lib/python3.12/site-packages/airflow/example_dags/tutorial_taskflow_templates.py took 0.066 seconds
[2025-06-16T14:06:33.450+0000] {processor.py:186} INFO - Started process (PID=695) to work on /home/airflow/.local/lib/python3.12/site-packages/airflow/example_dags/tutorial_taskflow_templates.py
[2025-06-16T14:06:33.452+0000] {processor.py:914} INFO - Processing file /home/airflow/.local/lib/python3.12/site-packages/airflow/example_dags/tutorial_taskflow_templates.py for tasks to queue
[2025-06-16T14:06:33.455+0000] {logging_mixin.py:190} INFO - [2025-06-16T14:06:33.455+0000] {dagbag.py:588} INFO - Filling up the DagBag from /home/airflow/.local/lib/python3.12/site-packages/airflow/example_dags/tutorial_taskflow_templates.py
[2025-06-16T14:06:33.463+0000] {processor.py:925} INFO - DAG(s) 'tutorial_taskflow_templates' retrieved from /home/airflow/.local/lib/python3.12/site-packages/airflow/example_dags/tutorial_taskflow_templates.py
[2025-06-16T14:06:33.477+0000] {logging_mixin.py:190} INFO - [2025-06-16T14:06:33.477+0000] {dag.py:3239} INFO - Sync 1 DAGs
[2025-06-16T14:06:33.493+0000] {logging_mixin.py:190} INFO - [2025-06-16T14:06:33.493+0000] {dag.py:4180} INFO - Setting next_dagrun for tutorial_taskflow_templates to 2025-06-15 00:00:00+00:00, run_after=2025-06-16 00:00:00+00:00
[2025-06-16T14:06:33.507+0000] {processor.py:208} INFO - Processing /home/airflow/.local/lib/python3.12/site-packages/airflow/example_dags/tutorial_taskflow_templates.py took 0.061 seconds
[2025-06-16T14:07:04.468+0000] {processor.py:186} INFO - Started process (PID=758) to work on /home/airflow/.local/lib/python3.12/site-packages/airflow/example_dags/tutorial_taskflow_templates.py
[2025-06-16T14:07:04.470+0000] {processor.py:914} INFO - Processing file /home/airflow/.local/lib/python3.12/site-packages/airflow/example_dags/tutorial_taskflow_templates.py for tasks to queue
[2025-06-16T14:07:04.472+0000] {logging_mixin.py:190} INFO - [2025-06-16T14:07:04.472+0000] {dagbag.py:588} INFO - Filling up the DagBag from /home/airflow/.local/lib/python3.12/site-packages/airflow/example_dags/tutorial_taskflow_templates.py
[2025-06-16T14:07:04.480+0000] {processor.py:925} INFO - DAG(s) 'tutorial_taskflow_templates' retrieved from /home/airflow/.local/lib/python3.12/site-packages/airflow/example_dags/tutorial_taskflow_templates.py
[2025-06-16T14:07:04.491+0000] {logging_mixin.py:190} INFO - [2025-06-16T14:07:04.491+0000] {dag.py:3239} INFO - Sync 1 DAGs
[2025-06-16T14:07:04.504+0000] {logging_mixin.py:190} INFO - [2025-06-16T14:07:04.503+0000] {dag.py:4180} INFO - Setting next_dagrun for tutorial_taskflow_templates to 2025-06-15 00:00:00+00:00, run_after=2025-06-16 00:00:00+00:00
[2025-06-16T14:07:04.515+0000] {processor.py:208} INFO - Processing /home/airflow/.local/lib/python3.12/site-packages/airflow/example_dags/tutorial_taskflow_templates.py took 0.049 seconds
[2025-06-16T14:07:35.454+0000] {processor.py:186} INFO - Started process (PID=820) to work on /home/airflow/.local/lib/python3.12/site-packages/airflow/example_dags/tutorial_taskflow_templates.py
[2025-06-16T14:07:35.455+0000] {processor.py:914} INFO - Processing file /home/airflow/.local/lib/python3.12/site-packages/airflow/example_dags/tutorial_taskflow_templates.py for tasks to queue
[2025-06-16T14:07:35.457+0000] {logging_mixin.py:190} INFO - [2025-06-16T14:07:35.457+0000] {dagbag.py:588} INFO - Filling up the DagBag from /home/airflow/.local/lib/python3.12/site-packages/airflow/example_dags/tutorial_taskflow_templates.py
[2025-06-16T14:07:35.464+0000] {processor.py:925} INFO - DAG(s) 'tutorial_taskflow_templates' retrieved from /home/airflow/.local/lib/python3.12/site-packages/airflow/example_dags/tutorial_taskflow_templates.py
[2025-06-16T14:07:35.481+0000] {logging_mixin.py:190} INFO - [2025-06-16T14:07:35.481+0000] {dag.py:3239} INFO - Sync 1 DAGs
[2025-06-16T14:07:35.499+0000] {logging_mixin.py:190} INFO - [2025-06-16T14:07:35.498+0000] {dag.py:4180} INFO - Setting next_dagrun for tutorial_taskflow_templates to 2025-06-15 00:00:00+00:00, run_after=2025-06-16 00:00:00+00:00
[2025-06-16T14:07:35.514+0000] {processor.py:208} INFO - Processing /home/airflow/.local/lib/python3.12/site-packages/airflow/example_dags/tutorial_taskflow_templates.py took 0.063 seconds
[2025-06-16T14:08:06.565+0000] {processor.py:186} INFO - Started process (PID=881) to work on /home/airflow/.local/lib/python3.12/site-packages/airflow/example_dags/tutorial_taskflow_templates.py
[2025-06-16T14:08:06.567+0000] {processor.py:914} INFO - Processing file /home/airflow/.local/lib/python3.12/site-packages/airflow/example_dags/tutorial_taskflow_templates.py for tasks to queue
[2025-06-16T14:08:06.569+0000] {logging_mixin.py:190} INFO - [2025-06-16T14:08:06.569+0000] {dagbag.py:588} INFO - Filling up the DagBag from /home/airflow/.local/lib/python3.12/site-packages/airflow/example_dags/tutorial_taskflow_templates.py
[2025-06-16T14:08:06.580+0000] {processor.py:925} INFO - DAG(s) 'tutorial_taskflow_templates' retrieved from /home/airflow/.local/lib/python3.12/site-packages/airflow/example_dags/tutorial_taskflow_templates.py
[2025-06-16T14:08:06.595+0000] {logging_mixin.py:190} INFO - [2025-06-16T14:08:06.595+0000] {dag.py:3239} INFO - Sync 1 DAGs
[2025-06-16T14:08:06.615+0000] {logging_mixin.py:190} INFO - [2025-06-16T14:08:06.614+0000] {dag.py:4180} INFO - Setting next_dagrun for tutorial_taskflow_templates to 2025-06-15 00:00:00+00:00, run_after=2025-06-16 00:00:00+00:00
[2025-06-16T14:08:06.631+0000] {processor.py:208} INFO - Processing /home/airflow/.local/lib/python3.12/site-packages/airflow/example_dags/tutorial_taskflow_templates.py took 0.070 seconds
[2025-06-16T14:08:37.159+0000] {processor.py:186} INFO - Started process (PID=943) to work on /home/airflow/.local/lib/python3.12/site-packages/airflow/example_dags/tutorial_taskflow_templates.py
[2025-06-16T14:08:37.164+0000] {processor.py:914} INFO - Processing file /home/airflow/.local/lib/python3.12/site-packages/airflow/example_dags/tutorial_taskflow_templates.py for tasks to queue
[2025-06-16T14:08:37.168+0000] {logging_mixin.py:190} INFO - [2025-06-16T14:08:37.168+0000] {dagbag.py:588} INFO - Filling up the DagBag from /home/airflow/.local/lib/python3.12/site-packages/airflow/example_dags/tutorial_taskflow_templates.py
[2025-06-16T14:08:37.183+0000] {processor.py:925} INFO - DAG(s) 'tutorial_taskflow_templates' retrieved from /home/airflow/.local/lib/python3.12/site-packages/airflow/example_dags/tutorial_taskflow_templates.py
[2025-06-16T14:08:37.207+0000] {logging_mixin.py:190} INFO - [2025-06-16T14:08:37.206+0000] {dag.py:3239} INFO - Sync 1 DAGs
[2025-06-16T14:08:37.226+0000] {logging_mixin.py:190} INFO - [2025-06-16T14:08:37.226+0000] {dag.py:4180} INFO - Setting next_dagrun for tutorial_taskflow_templates to 2025-06-15 00:00:00+00:00, run_after=2025-06-16 00:00:00+00:00
[2025-06-16T14:08:37.247+0000] {processor.py:208} INFO - Processing /home/airflow/.local/lib/python3.12/site-packages/airflow/example_dags/tutorial_taskflow_templates.py took 0.092 seconds
[2025-06-16T14:09:08.535+0000] {processor.py:186} INFO - Started process (PID=1007) to work on /home/airflow/.local/lib/python3.12/site-packages/airflow/example_dags/tutorial_taskflow_templates.py
[2025-06-16T14:09:08.536+0000] {processor.py:914} INFO - Processing file /home/airflow/.local/lib/python3.12/site-packages/airflow/example_dags/tutorial_taskflow_templates.py for tasks to queue
[2025-06-16T14:09:08.539+0000] {logging_mixin.py:190} INFO - [2025-06-16T14:09:08.539+0000] {dagbag.py:588} INFO - Filling up the DagBag from /home/airflow/.local/lib/python3.12/site-packages/airflow/example_dags/tutorial_taskflow_templates.py
[2025-06-16T14:09:08.548+0000] {processor.py:925} INFO - DAG(s) 'tutorial_taskflow_templates' retrieved from /home/airflow/.local/lib/python3.12/site-packages/airflow/example_dags/tutorial_taskflow_templates.py
[2025-06-16T14:09:08.565+0000] {logging_mixin.py:190} INFO - [2025-06-16T14:09:08.564+0000] {dag.py:3239} INFO - Sync 1 DAGs
[2025-06-16T14:09:08.578+0000] {logging_mixin.py:190} INFO - [2025-06-16T14:09:08.578+0000] {dag.py:4180} INFO - Setting next_dagrun for tutorial_taskflow_templates to 2025-06-15 00:00:00+00:00, run_after=2025-06-16 00:00:00+00:00
[2025-06-16T14:09:08.592+0000] {processor.py:208} INFO - Processing /home/airflow/.local/lib/python3.12/site-packages/airflow/example_dags/tutorial_taskflow_templates.py took 0.062 seconds
[2025-06-16T14:09:39.769+0000] {processor.py:186} INFO - Started process (PID=1071) to work on /home/airflow/.local/lib/python3.12/site-packages/airflow/example_dags/tutorial_taskflow_templates.py
[2025-06-16T14:09:39.771+0000] {processor.py:914} INFO - Processing file /home/airflow/.local/lib/python3.12/site-packages/airflow/example_dags/tutorial_taskflow_templates.py for tasks to queue
[2025-06-16T14:09:39.773+0000] {logging_mixin.py:190} INFO - [2025-06-16T14:09:39.773+0000] {dagbag.py:588} INFO - Filling up the DagBag from /home/airflow/.local/lib/python3.12/site-packages/airflow/example_dags/tutorial_taskflow_templates.py
[2025-06-16T14:09:39.783+0000] {processor.py:925} INFO - DAG(s) 'tutorial_taskflow_templates' retrieved from /home/airflow/.local/lib/python3.12/site-packages/airflow/example_dags/tutorial_taskflow_templates.py
[2025-06-16T14:09:39.799+0000] {logging_mixin.py:190} INFO - [2025-06-16T14:09:39.799+0000] {dag.py:3239} INFO - Sync 1 DAGs
[2025-06-16T14:09:39.816+0000] {logging_mixin.py:190} INFO - [2025-06-16T14:09:39.816+0000] {dag.py:4180} INFO - Setting next_dagrun for tutorial_taskflow_templates to 2025-06-15 00:00:00+00:00, run_after=2025-06-16 00:00:00+00:00
[2025-06-16T14:09:39.830+0000] {processor.py:208} INFO - Processing /home/airflow/.local/lib/python3.12/site-packages/airflow/example_dags/tutorial_taskflow_templates.py took 0.064 seconds
[2025-06-16T14:10:52.207+0000] {processor.py:186} INFO - Started process (PID=1134) to work on /home/airflow/.local/lib/python3.12/site-packages/airflow/example_dags/tutorial_taskflow_templates.py
[2025-06-16T14:10:52.209+0000] {processor.py:914} INFO - Processing file /home/airflow/.local/lib/python3.12/site-packages/airflow/example_dags/tutorial_taskflow_templates.py for tasks to queue
[2025-06-16T14:10:52.211+0000] {logging_mixin.py:190} INFO - [2025-06-16T14:10:52.211+0000] {dagbag.py:588} INFO - Filling up the DagBag from /home/airflow/.local/lib/python3.12/site-packages/airflow/example_dags/tutorial_taskflow_templates.py
[2025-06-16T14:10:52.223+0000] {processor.py:925} INFO - DAG(s) 'tutorial_taskflow_templates' retrieved from /home/airflow/.local/lib/python3.12/site-packages/airflow/example_dags/tutorial_taskflow_templates.py
[2025-06-16T14:10:52.238+0000] {logging_mixin.py:190} INFO - [2025-06-16T14:10:52.237+0000] {dag.py:3239} INFO - Sync 1 DAGs
[2025-06-16T14:10:52.252+0000] {logging_mixin.py:190} INFO - [2025-06-16T14:10:52.252+0000] {dag.py:4180} INFO - Setting next_dagrun for tutorial_taskflow_templates to 2025-06-15 00:00:00+00:00, run_after=2025-06-16 00:00:00+00:00
[2025-06-16T14:10:52.266+0000] {processor.py:208} INFO - Processing /home/airflow/.local/lib/python3.12/site-packages/airflow/example_dags/tutorial_taskflow_templates.py took 0.062 seconds
[2025-06-16T14:11:43.462+0000] {processor.py:186} INFO - Started process (PID=1197) to work on /home/airflow/.local/lib/python3.12/site-packages/airflow/example_dags/tutorial_taskflow_templates.py
[2025-06-16T14:11:43.470+0000] {processor.py:914} INFO - Processing file /home/airflow/.local/lib/python3.12/site-packages/airflow/example_dags/tutorial_taskflow_templates.py for tasks to queue
[2025-06-16T14:11:43.475+0000] {logging_mixin.py:190} INFO - [2025-06-16T14:11:43.475+0000] {dagbag.py:588} INFO - Filling up the DagBag from /home/airflow/.local/lib/python3.12/site-packages/airflow/example_dags/tutorial_taskflow_templates.py
[2025-06-16T14:11:43.489+0000] {processor.py:925} INFO - DAG(s) 'tutorial_taskflow_templates' retrieved from /home/airflow/.local/lib/python3.12/site-packages/airflow/example_dags/tutorial_taskflow_templates.py
[2025-06-16T14:11:43.516+0000] {logging_mixin.py:190} INFO - [2025-06-16T14:11:43.516+0000] {dag.py:3239} INFO - Sync 1 DAGs
[2025-06-16T14:11:43.541+0000] {logging_mixin.py:190} INFO - [2025-06-16T14:11:43.541+0000] {dag.py:4180} INFO - Setting next_dagrun for tutorial_taskflow_templates to 2025-06-15 00:00:00+00:00, run_after=2025-06-16 00:00:00+00:00
[2025-06-16T14:11:43.565+0000] {processor.py:208} INFO - Processing /home/airflow/.local/lib/python3.12/site-packages/airflow/example_dags/tutorial_taskflow_templates.py took 0.111 seconds
[2025-06-16T14:12:14.399+0000] {processor.py:186} INFO - Started process (PID=1260) to work on /home/airflow/.local/lib/python3.12/site-packages/airflow/example_dags/tutorial_taskflow_templates.py
[2025-06-16T14:12:14.401+0000] {processor.py:914} INFO - Processing file /home/airflow/.local/lib/python3.12/site-packages/airflow/example_dags/tutorial_taskflow_templates.py for tasks to queue
[2025-06-16T14:12:14.403+0000] {logging_mixin.py:190} INFO - [2025-06-16T14:12:14.403+0000] {dagbag.py:588} INFO - Filling up the DagBag from /home/airflow/.local/lib/python3.12/site-packages/airflow/example_dags/tutorial_taskflow_templates.py
[2025-06-16T14:12:14.413+0000] {processor.py:925} INFO - DAG(s) 'tutorial_taskflow_templates' retrieved from /home/airflow/.local/lib/python3.12/site-packages/airflow/example_dags/tutorial_taskflow_templates.py
[2025-06-16T14:12:14.431+0000] {logging_mixin.py:190} INFO - [2025-06-16T14:12:14.431+0000] {dag.py:3239} INFO - Sync 1 DAGs
[2025-06-16T14:12:14.452+0000] {logging_mixin.py:190} INFO - [2025-06-16T14:12:14.451+0000] {dag.py:4180} INFO - Setting next_dagrun for tutorial_taskflow_templates to 2025-06-15 00:00:00+00:00, run_after=2025-06-16 00:00:00+00:00
[2025-06-16T14:12:14.465+0000] {processor.py:208} INFO - Processing /home/airflow/.local/lib/python3.12/site-packages/airflow/example_dags/tutorial_taskflow_templates.py took 0.070 seconds
[2025-06-16T14:12:45.142+0000] {processor.py:186} INFO - Started process (PID=1323) to work on /home/airflow/.local/lib/python3.12/site-packages/airflow/example_dags/tutorial_taskflow_templates.py
[2025-06-16T14:12:45.143+0000] {processor.py:914} INFO - Processing file /home/airflow/.local/lib/python3.12/site-packages/airflow/example_dags/tutorial_taskflow_templates.py for tasks to queue
[2025-06-16T14:12:45.145+0000] {logging_mixin.py:190} INFO - [2025-06-16T14:12:45.145+0000] {dagbag.py:588} INFO - Filling up the DagBag from /home/airflow/.local/lib/python3.12/site-packages/airflow/example_dags/tutorial_taskflow_templates.py
[2025-06-16T14:12:45.156+0000] {processor.py:925} INFO - DAG(s) 'tutorial_taskflow_templates' retrieved from /home/airflow/.local/lib/python3.12/site-packages/airflow/example_dags/tutorial_taskflow_templates.py
[2025-06-16T14:12:45.177+0000] {logging_mixin.py:190} INFO - [2025-06-16T14:12:45.177+0000] {dag.py:3239} INFO - Sync 1 DAGs
[2025-06-16T14:12:45.191+0000] {logging_mixin.py:190} INFO - [2025-06-16T14:12:45.191+0000] {dag.py:4180} INFO - Setting next_dagrun for tutorial_taskflow_templates to 2025-06-15 00:00:00+00:00, run_after=2025-06-16 00:00:00+00:00
[2025-06-16T14:12:45.204+0000] {processor.py:208} INFO - Processing /home/airflow/.local/lib/python3.12/site-packages/airflow/example_dags/tutorial_taskflow_templates.py took 0.065 seconds
[2025-06-16T14:13:15.716+0000] {processor.py:186} INFO - Started process (PID=1386) to work on /home/airflow/.local/lib/python3.12/site-packages/airflow/example_dags/tutorial_taskflow_templates.py
[2025-06-16T14:13:15.717+0000] {processor.py:914} INFO - Processing file /home/airflow/.local/lib/python3.12/site-packages/airflow/example_dags/tutorial_taskflow_templates.py for tasks to queue
[2025-06-16T14:13:15.719+0000] {logging_mixin.py:190} INFO - [2025-06-16T14:13:15.719+0000] {dagbag.py:588} INFO - Filling up the DagBag from /home/airflow/.local/lib/python3.12/site-packages/airflow/example_dags/tutorial_taskflow_templates.py
[2025-06-16T14:13:15.727+0000] {processor.py:925} INFO - DAG(s) 'tutorial_taskflow_templates' retrieved from /home/airflow/.local/lib/python3.12/site-packages/airflow/example_dags/tutorial_taskflow_templates.py
[2025-06-16T14:13:15.742+0000] {logging_mixin.py:190} INFO - [2025-06-16T14:13:15.742+0000] {dag.py:3239} INFO - Sync 1 DAGs
[2025-06-16T14:13:15.753+0000] {logging_mixin.py:190} INFO - [2025-06-16T14:13:15.753+0000] {dag.py:4180} INFO - Setting next_dagrun for tutorial_taskflow_templates to 2025-06-15 00:00:00+00:00, run_after=2025-06-16 00:00:00+00:00
[2025-06-16T14:13:15.765+0000] {processor.py:208} INFO - Processing /home/airflow/.local/lib/python3.12/site-packages/airflow/example_dags/tutorial_taskflow_templates.py took 0.052 seconds
[2025-06-16T14:13:46.446+0000] {processor.py:186} INFO - Started process (PID=1449) to work on /home/airflow/.local/lib/python3.12/site-packages/airflow/example_dags/tutorial_taskflow_templates.py
[2025-06-16T14:13:46.448+0000] {processor.py:914} INFO - Processing file /home/airflow/.local/lib/python3.12/site-packages/airflow/example_dags/tutorial_taskflow_templates.py for tasks to queue
[2025-06-16T14:13:46.450+0000] {logging_mixin.py:190} INFO - [2025-06-16T14:13:46.449+0000] {dagbag.py:588} INFO - Filling up the DagBag from /home/airflow/.local/lib/python3.12/site-packages/airflow/example_dags/tutorial_taskflow_templates.py
[2025-06-16T14:13:46.458+0000] {processor.py:925} INFO - DAG(s) 'tutorial_taskflow_templates' retrieved from /home/airflow/.local/lib/python3.12/site-packages/airflow/example_dags/tutorial_taskflow_templates.py
[2025-06-16T14:13:46.473+0000] {logging_mixin.py:190} INFO - [2025-06-16T14:13:46.473+0000] {dag.py:3239} INFO - Sync 1 DAGs
[2025-06-16T14:13:46.487+0000] {logging_mixin.py:190} INFO - [2025-06-16T14:13:46.487+0000] {dag.py:4180} INFO - Setting next_dagrun for tutorial_taskflow_templates to 2025-06-15 00:00:00+00:00, run_after=2025-06-16 00:00:00+00:00
[2025-06-16T14:13:46.500+0000] {processor.py:208} INFO - Processing /home/airflow/.local/lib/python3.12/site-packages/airflow/example_dags/tutorial_taskflow_templates.py took 0.057 seconds
[2025-06-16T14:14:20.680+0000] {processor.py:186} INFO - Started process (PID=1512) to work on /home/airflow/.local/lib/python3.12/site-packages/airflow/example_dags/tutorial_taskflow_templates.py
[2025-06-16T14:14:20.682+0000] {processor.py:914} INFO - Processing file /home/airflow/.local/lib/python3.12/site-packages/airflow/example_dags/tutorial_taskflow_templates.py for tasks to queue
[2025-06-16T14:14:20.684+0000] {logging_mixin.py:190} INFO - [2025-06-16T14:14:20.684+0000] {dagbag.py:588} INFO - Filling up the DagBag from /home/airflow/.local/lib/python3.12/site-packages/airflow/example_dags/tutorial_taskflow_templates.py
[2025-06-16T14:14:20.693+0000] {processor.py:925} INFO - DAG(s) 'tutorial_taskflow_templates' retrieved from /home/airflow/.local/lib/python3.12/site-packages/airflow/example_dags/tutorial_taskflow_templates.py
[2025-06-16T14:14:20.715+0000] {logging_mixin.py:190} INFO - [2025-06-16T14:14:20.715+0000] {dag.py:3239} INFO - Sync 1 DAGs
[2025-06-16T14:14:20.734+0000] {logging_mixin.py:190} INFO - [2025-06-16T14:14:20.733+0000] {dag.py:4180} INFO - Setting next_dagrun for tutorial_taskflow_templates to 2025-06-15 00:00:00+00:00, run_after=2025-06-16 00:00:00+00:00
[2025-06-16T14:14:20.746+0000] {processor.py:208} INFO - Processing /home/airflow/.local/lib/python3.12/site-packages/airflow/example_dags/tutorial_taskflow_templates.py took 0.069 seconds
[2025-06-16T15:07:19.774+0000] {processor.py:186} INFO - Started process (PID=1575) to work on /home/airflow/.local/lib/python3.12/site-packages/airflow/example_dags/tutorial_taskflow_templates.py
[2025-06-16T15:07:19.776+0000] {processor.py:914} INFO - Processing file /home/airflow/.local/lib/python3.12/site-packages/airflow/example_dags/tutorial_taskflow_templates.py for tasks to queue
[2025-06-16T15:07:19.777+0000] {logging_mixin.py:190} INFO - [2025-06-16T15:07:19.777+0000] {dagbag.py:588} INFO - Filling up the DagBag from /home/airflow/.local/lib/python3.12/site-packages/airflow/example_dags/tutorial_taskflow_templates.py
[2025-06-16T15:07:19.785+0000] {processor.py:925} INFO - DAG(s) 'tutorial_taskflow_templates' retrieved from /home/airflow/.local/lib/python3.12/site-packages/airflow/example_dags/tutorial_taskflow_templates.py
[2025-06-16T15:07:19.805+0000] {logging_mixin.py:190} INFO - [2025-06-16T15:07:19.805+0000] {dag.py:3239} INFO - Sync 1 DAGs
[2025-06-16T15:07:19.820+0000] {logging_mixin.py:190} INFO - [2025-06-16T15:07:19.819+0000] {dag.py:4180} INFO - Setting next_dagrun for tutorial_taskflow_templates to 2025-06-15 00:00:00+00:00, run_after=2025-06-16 00:00:00+00:00
[2025-06-16T15:07:19.833+0000] {processor.py:208} INFO - Processing /home/airflow/.local/lib/python3.12/site-packages/airflow/example_dags/tutorial_taskflow_templates.py took 0.061 seconds
[2025-06-16T15:57:52.692+0000] {processor.py:186} INFO - Started process (PID=1638) to work on /home/airflow/.local/lib/python3.12/site-packages/airflow/example_dags/tutorial_taskflow_templates.py
[2025-06-16T15:57:52.694+0000] {processor.py:914} INFO - Processing file /home/airflow/.local/lib/python3.12/site-packages/airflow/example_dags/tutorial_taskflow_templates.py for tasks to queue
[2025-06-16T15:57:52.697+0000] {logging_mixin.py:190} INFO - [2025-06-16T15:57:52.696+0000] {dagbag.py:588} INFO - Filling up the DagBag from /home/airflow/.local/lib/python3.12/site-packages/airflow/example_dags/tutorial_taskflow_templates.py
[2025-06-16T15:57:52.708+0000] {processor.py:925} INFO - DAG(s) 'tutorial_taskflow_templates' retrieved from /home/airflow/.local/lib/python3.12/site-packages/airflow/example_dags/tutorial_taskflow_templates.py
[2025-06-16T15:57:52.727+0000] {logging_mixin.py:190} INFO - [2025-06-16T15:57:52.727+0000] {dag.py:3239} INFO - Sync 1 DAGs
[2025-06-16T15:57:52.777+0000] {logging_mixin.py:190} INFO - [2025-06-16T15:57:52.777+0000] {dag.py:4180} INFO - Setting next_dagrun for tutorial_taskflow_templates to 2025-06-15 00:00:00+00:00, run_after=2025-06-16 00:00:00+00:00
[2025-06-16T15:57:52.795+0000] {processor.py:208} INFO - Processing /home/airflow/.local/lib/python3.12/site-packages/airflow/example_dags/tutorial_taskflow_templates.py took 0.108 seconds
[2025-06-16T17:09:00.209+0000] {processor.py:186} INFO - Started process (PID=1702) to work on /home/airflow/.local/lib/python3.12/site-packages/airflow/example_dags/tutorial_taskflow_templates.py
[2025-06-16T17:09:00.212+0000] {processor.py:914} INFO - Processing file /home/airflow/.local/lib/python3.12/site-packages/airflow/example_dags/tutorial_taskflow_templates.py for tasks to queue
[2025-06-16T17:09:00.214+0000] {logging_mixin.py:190} INFO - [2025-06-16T17:09:00.214+0000] {dagbag.py:588} INFO - Filling up the DagBag from /home/airflow/.local/lib/python3.12/site-packages/airflow/example_dags/tutorial_taskflow_templates.py
[2025-06-16T17:09:00.229+0000] {processor.py:925} INFO - DAG(s) 'tutorial_taskflow_templates' retrieved from /home/airflow/.local/lib/python3.12/site-packages/airflow/example_dags/tutorial_taskflow_templates.py
[2025-06-16T17:09:00.247+0000] {logging_mixin.py:190} INFO - [2025-06-16T17:09:00.247+0000] {dag.py:3239} INFO - Sync 1 DAGs
[2025-06-16T17:09:00.275+0000] {logging_mixin.py:190} INFO - [2025-06-16T17:09:00.275+0000] {dag.py:4180} INFO - Setting next_dagrun for tutorial_taskflow_templates to 2025-06-15 00:00:00+00:00, run_after=2025-06-16 00:00:00+00:00
[2025-06-16T17:09:00.296+0000] {processor.py:208} INFO - Processing /home/airflow/.local/lib/python3.12/site-packages/airflow/example_dags/tutorial_taskflow_templates.py took 0.090 seconds
[2025-06-16T18:08:40.281+0000] {processor.py:186} INFO - Started process (PID=1765) to work on /home/airflow/.local/lib/python3.12/site-packages/airflow/example_dags/tutorial_taskflow_templates.py
[2025-06-16T18:08:40.299+0000] {processor.py:914} INFO - Processing file /home/airflow/.local/lib/python3.12/site-packages/airflow/example_dags/tutorial_taskflow_templates.py for tasks to queue
[2025-06-16T18:08:40.332+0000] {logging_mixin.py:190} INFO - [2025-06-16T18:08:40.330+0000] {dagbag.py:588} INFO - Filling up the DagBag from /home/airflow/.local/lib/python3.12/site-packages/airflow/example_dags/tutorial_taskflow_templates.py
[2025-06-16T18:08:40.519+0000] {processor.py:925} INFO - DAG(s) 'tutorial_taskflow_templates' retrieved from /home/airflow/.local/lib/python3.12/site-packages/airflow/example_dags/tutorial_taskflow_templates.py
[2025-06-16T18:08:40.824+0000] {logging_mixin.py:190} INFO - [2025-06-16T18:08:40.823+0000] {dag.py:3239} INFO - Sync 1 DAGs
[2025-06-16T18:08:41.063+0000] {logging_mixin.py:190} INFO - [2025-06-16T18:08:41.060+0000] {dag.py:4180} INFO - Setting next_dagrun for tutorial_taskflow_templates to 2025-06-15 00:00:00+00:00, run_after=2025-06-16 00:00:00+00:00
[2025-06-16T18:08:41.127+0000] {processor.py:208} INFO - Processing /home/airflow/.local/lib/python3.12/site-packages/airflow/example_dags/tutorial_taskflow_templates.py took 0.903 seconds
[2025-06-16T23:58:49.565+0000] {processor.py:186} INFO - Started process (PID=1834) to work on /home/airflow/.local/lib/python3.12/site-packages/airflow/example_dags/tutorial_taskflow_templates.py
[2025-06-16T23:58:49.573+0000] {processor.py:914} INFO - Processing file /home/airflow/.local/lib/python3.12/site-packages/airflow/example_dags/tutorial_taskflow_templates.py for tasks to queue
[2025-06-16T23:58:49.580+0000] {logging_mixin.py:190} INFO - [2025-06-16T23:58:49.579+0000] {dagbag.py:588} INFO - Filling up the DagBag from /home/airflow/.local/lib/python3.12/site-packages/airflow/example_dags/tutorial_taskflow_templates.py
[2025-06-16T23:58:49.602+0000] {processor.py:925} INFO - DAG(s) 'tutorial_taskflow_templates' retrieved from /home/airflow/.local/lib/python3.12/site-packages/airflow/example_dags/tutorial_taskflow_templates.py
[2025-06-16T23:58:49.646+0000] {logging_mixin.py:190} INFO - [2025-06-16T23:58:49.646+0000] {dag.py:3239} INFO - Sync 1 DAGs
[2025-06-16T23:58:49.703+0000] {logging_mixin.py:190} INFO - [2025-06-16T23:58:49.702+0000] {dag.py:4180} INFO - Setting next_dagrun for tutorial_taskflow_templates to 2025-06-15 00:00:00+00:00, run_after=2025-06-16 00:00:00+00:00
[2025-06-16T23:58:49.743+0000] {processor.py:208} INFO - Processing /home/airflow/.local/lib/python3.12/site-packages/airflow/example_dags/tutorial_taskflow_templates.py took 0.189 seconds
