[2025-06-16T13:59:28.495+0000] {processor.py:186} INFO - Started process (PID=96) to work on /home/airflow/.local/lib/python3.12/site-packages/airflow/example_dags/tutorial.py
[2025-06-16T13:59:28.498+0000] {processor.py:914} INFO - Processing file /home/airflow/.local/lib/python3.12/site-packages/airflow/example_dags/tutorial.py for tasks to queue
[2025-06-16T13:59:28.506+0000] {logging_mixin.py:190} INFO - [2025-06-16T13:59:28.505+0000] {dagbag.py:588} INFO - Filling up the DagBag from /home/airflow/.local/lib/python3.12/site-packages/airflow/example_dags/tutorial.py
[2025-06-16T13:59:28.518+0000] {processor.py:925} INFO - DAG(s) 'tutorial' retrieved from /home/airflow/.local/lib/python3.12/site-packages/airflow/example_dags/tutorial.py
[2025-06-16T13:59:28.641+0000] {logging_mixin.py:190} INFO - [2025-06-16T13:59:28.640+0000] {override.py:1912} INFO - Created Permission View: can delete on DAG:tutorial
[2025-06-16T13:59:28.659+0000] {logging_mixin.py:190} INFO - [2025-06-16T13:59:28.659+0000] {override.py:1912} INFO - Created Permission View: can read on DAG:tutorial
[2025-06-16T13:59:28.666+0000] {logging_mixin.py:190} INFO - [2025-06-16T13:59:28.666+0000] {override.py:1912} INFO - Created Permission View: can edit on DAG:tutorial
[2025-06-16T13:59:28.679+0000] {logging_mixin.py:190} INFO - [2025-06-16T13:59:28.678+0000] {override.py:1912} INFO - Created Permission View: can delete on DAG Run:tutorial
[2025-06-16T13:59:28.685+0000] {logging_mixin.py:190} INFO - [2025-06-16T13:59:28.685+0000] {override.py:1912} INFO - Created Permission View: can create on DAG Run:tutorial
[2025-06-16T13:59:28.695+0000] {logging_mixin.py:190} INFO - [2025-06-16T13:59:28.694+0000] {override.py:1912} INFO - Created Permission View: can read on DAG Run:tutorial
[2025-06-16T13:59:28.708+0000] {logging_mixin.py:190} INFO - [2025-06-16T13:59:28.708+0000] {override.py:1912} INFO - Created Permission View: menu access on DAG Run:tutorial
[2025-06-16T13:59:28.712+0000] {logging_mixin.py:190} INFO - [2025-06-16T13:59:28.712+0000] {dag.py:3239} INFO - Sync 1 DAGs
[2025-06-16T13:59:28.727+0000] {logging_mixin.py:190} INFO - [2025-06-16T13:59:28.726+0000] {dag.py:3262} INFO - Creating ORM DAG for tutorial
[2025-06-16T13:59:28.747+0000] {logging_mixin.py:190} INFO - [2025-06-16T13:59:28.747+0000] {dag.py:4180} INFO - Setting next_dagrun for tutorial to 2025-06-15 00:00:00+00:00, run_after=2025-06-16 00:00:00+00:00
[2025-06-16T13:59:28.776+0000] {processor.py:208} INFO - Processing /home/airflow/.local/lib/python3.12/site-packages/airflow/example_dags/tutorial.py took 0.286 seconds
[2025-06-16T13:59:59.138+0000] {processor.py:186} INFO - Started process (PID=159) to work on /home/airflow/.local/lib/python3.12/site-packages/airflow/example_dags/tutorial.py
[2025-06-16T13:59:59.144+0000] {processor.py:914} INFO - Processing file /home/airflow/.local/lib/python3.12/site-packages/airflow/example_dags/tutorial.py for tasks to queue
[2025-06-16T13:59:59.148+0000] {logging_mixin.py:190} INFO - [2025-06-16T13:59:59.148+0000] {dagbag.py:588} INFO - Filling up the DagBag from /home/airflow/.local/lib/python3.12/site-packages/airflow/example_dags/tutorial.py
[2025-06-16T13:59:59.166+0000] {processor.py:925} INFO - DAG(s) 'tutorial' retrieved from /home/airflow/.local/lib/python3.12/site-packages/airflow/example_dags/tutorial.py
[2025-06-16T13:59:59.277+0000] {logging_mixin.py:190} INFO - [2025-06-16T13:59:59.276+0000] {dag.py:3239} INFO - Sync 1 DAGs
[2025-06-16T13:59:59.309+0000] {logging_mixin.py:190} INFO - [2025-06-16T13:59:59.309+0000] {dag.py:4180} INFO - Setting next_dagrun for tutorial to 2025-06-15 00:00:00+00:00, run_after=2025-06-16 00:00:00+00:00
[2025-06-16T13:59:59.334+0000] {processor.py:208} INFO - Processing /home/airflow/.local/lib/python3.12/site-packages/airflow/example_dags/tutorial.py took 0.211 seconds
[2025-06-16T14:00:29.928+0000] {processor.py:186} INFO - Started process (PID=222) to work on /home/airflow/.local/lib/python3.12/site-packages/airflow/example_dags/tutorial.py
[2025-06-16T14:00:29.930+0000] {processor.py:914} INFO - Processing file /home/airflow/.local/lib/python3.12/site-packages/airflow/example_dags/tutorial.py for tasks to queue
[2025-06-16T14:00:29.934+0000] {logging_mixin.py:190} INFO - [2025-06-16T14:00:29.933+0000] {dagbag.py:588} INFO - Filling up the DagBag from /home/airflow/.local/lib/python3.12/site-packages/airflow/example_dags/tutorial.py
[2025-06-16T14:00:29.941+0000] {processor.py:925} INFO - DAG(s) 'tutorial' retrieved from /home/airflow/.local/lib/python3.12/site-packages/airflow/example_dags/tutorial.py
[2025-06-16T14:00:29.964+0000] {logging_mixin.py:190} INFO - [2025-06-16T14:00:29.963+0000] {dag.py:3239} INFO - Sync 1 DAGs
[2025-06-16T14:00:29.985+0000] {logging_mixin.py:190} INFO - [2025-06-16T14:00:29.985+0000] {dag.py:4180} INFO - Setting next_dagrun for tutorial to 2025-06-15 00:00:00+00:00, run_after=2025-06-16 00:00:00+00:00
[2025-06-16T14:00:30.003+0000] {processor.py:208} INFO - Processing /home/airflow/.local/lib/python3.12/site-packages/airflow/example_dags/tutorial.py took 0.079 seconds
[2025-06-16T14:01:00.858+0000] {processor.py:186} INFO - Started process (PID=284) to work on /home/airflow/.local/lib/python3.12/site-packages/airflow/example_dags/tutorial.py
[2025-06-16T14:01:00.860+0000] {processor.py:914} INFO - Processing file /home/airflow/.local/lib/python3.12/site-packages/airflow/example_dags/tutorial.py for tasks to queue
[2025-06-16T14:01:00.864+0000] {logging_mixin.py:190} INFO - [2025-06-16T14:01:00.863+0000] {dagbag.py:588} INFO - Filling up the DagBag from /home/airflow/.local/lib/python3.12/site-packages/airflow/example_dags/tutorial.py
[2025-06-16T14:01:00.870+0000] {processor.py:925} INFO - DAG(s) 'tutorial' retrieved from /home/airflow/.local/lib/python3.12/site-packages/airflow/example_dags/tutorial.py
[2025-06-16T14:01:00.884+0000] {logging_mixin.py:190} INFO - [2025-06-16T14:01:00.884+0000] {dag.py:3239} INFO - Sync 1 DAGs
[2025-06-16T14:01:00.899+0000] {logging_mixin.py:190} INFO - [2025-06-16T14:01:00.899+0000] {dag.py:4180} INFO - Setting next_dagrun for tutorial to 2025-06-15 00:00:00+00:00, run_after=2025-06-16 00:00:00+00:00
[2025-06-16T14:01:00.910+0000] {processor.py:208} INFO - Processing /home/airflow/.local/lib/python3.12/site-packages/airflow/example_dags/tutorial.py took 0.057 seconds
[2025-06-16T14:01:31.483+0000] {processor.py:186} INFO - Started process (PID=347) to work on /home/airflow/.local/lib/python3.12/site-packages/airflow/example_dags/tutorial.py
[2025-06-16T14:01:31.485+0000] {processor.py:914} INFO - Processing file /home/airflow/.local/lib/python3.12/site-packages/airflow/example_dags/tutorial.py for tasks to queue
[2025-06-16T14:01:31.487+0000] {logging_mixin.py:190} INFO - [2025-06-16T14:01:31.487+0000] {dagbag.py:588} INFO - Filling up the DagBag from /home/airflow/.local/lib/python3.12/site-packages/airflow/example_dags/tutorial.py
[2025-06-16T14:01:31.493+0000] {processor.py:925} INFO - DAG(s) 'tutorial' retrieved from /home/airflow/.local/lib/python3.12/site-packages/airflow/example_dags/tutorial.py
[2025-06-16T14:01:31.508+0000] {logging_mixin.py:190} INFO - [2025-06-16T14:01:31.507+0000] {dag.py:3239} INFO - Sync 1 DAGs
[2025-06-16T14:01:31.529+0000] {logging_mixin.py:190} INFO - [2025-06-16T14:01:31.529+0000] {dag.py:4180} INFO - Setting next_dagrun for tutorial to 2025-06-15 00:00:00+00:00, run_after=2025-06-16 00:00:00+00:00
[2025-06-16T14:01:31.546+0000] {processor.py:208} INFO - Processing /home/airflow/.local/lib/python3.12/site-packages/airflow/example_dags/tutorial.py took 0.068 seconds
[2025-06-16T14:02:02.146+0000] {processor.py:186} INFO - Started process (PID=410) to work on /home/airflow/.local/lib/python3.12/site-packages/airflow/example_dags/tutorial.py
[2025-06-16T14:02:02.148+0000] {processor.py:914} INFO - Processing file /home/airflow/.local/lib/python3.12/site-packages/airflow/example_dags/tutorial.py for tasks to queue
[2025-06-16T14:02:02.151+0000] {logging_mixin.py:190} INFO - [2025-06-16T14:02:02.150+0000] {dagbag.py:588} INFO - Filling up the DagBag from /home/airflow/.local/lib/python3.12/site-packages/airflow/example_dags/tutorial.py
[2025-06-16T14:02:02.157+0000] {processor.py:925} INFO - DAG(s) 'tutorial' retrieved from /home/airflow/.local/lib/python3.12/site-packages/airflow/example_dags/tutorial.py
[2025-06-16T14:02:02.173+0000] {logging_mixin.py:190} INFO - [2025-06-16T14:02:02.173+0000] {dag.py:3239} INFO - Sync 1 DAGs
[2025-06-16T14:02:02.196+0000] {logging_mixin.py:190} INFO - [2025-06-16T14:02:02.196+0000] {dag.py:4180} INFO - Setting next_dagrun for tutorial to 2025-06-15 00:00:00+00:00, run_after=2025-06-16 00:00:00+00:00
[2025-06-16T14:02:02.214+0000] {processor.py:208} INFO - Processing /home/airflow/.local/lib/python3.12/site-packages/airflow/example_dags/tutorial.py took 0.072 seconds
[2025-06-16T14:02:32.943+0000] {processor.py:186} INFO - Started process (PID=472) to work on /home/airflow/.local/lib/python3.12/site-packages/airflow/example_dags/tutorial.py
[2025-06-16T14:02:32.945+0000] {processor.py:914} INFO - Processing file /home/airflow/.local/lib/python3.12/site-packages/airflow/example_dags/tutorial.py for tasks to queue
[2025-06-16T14:02:32.947+0000] {logging_mixin.py:190} INFO - [2025-06-16T14:02:32.947+0000] {dagbag.py:588} INFO - Filling up the DagBag from /home/airflow/.local/lib/python3.12/site-packages/airflow/example_dags/tutorial.py
[2025-06-16T14:02:32.952+0000] {processor.py:925} INFO - DAG(s) 'tutorial' retrieved from /home/airflow/.local/lib/python3.12/site-packages/airflow/example_dags/tutorial.py
[2025-06-16T14:02:32.968+0000] {logging_mixin.py:190} INFO - [2025-06-16T14:02:32.968+0000] {dag.py:3239} INFO - Sync 1 DAGs
[2025-06-16T14:02:32.982+0000] {logging_mixin.py:190} INFO - [2025-06-16T14:02:32.982+0000] {dag.py:4180} INFO - Setting next_dagrun for tutorial to 2025-06-15 00:00:00+00:00, run_after=2025-06-16 00:00:00+00:00
[2025-06-16T14:02:32.996+0000] {processor.py:208} INFO - Processing /home/airflow/.local/lib/python3.12/site-packages/airflow/example_dags/tutorial.py took 0.056 seconds
[2025-06-16T14:05:31.052+0000] {processor.py:186} INFO - Started process (PID=559) to work on /home/airflow/.local/lib/python3.12/site-packages/airflow/example_dags/tutorial.py
[2025-06-16T14:05:31.054+0000] {processor.py:914} INFO - Processing file /home/airflow/.local/lib/python3.12/site-packages/airflow/example_dags/tutorial.py for tasks to queue
[2025-06-16T14:05:31.055+0000] {logging_mixin.py:190} INFO - [2025-06-16T14:05:31.055+0000] {dagbag.py:588} INFO - Filling up the DagBag from /home/airflow/.local/lib/python3.12/site-packages/airflow/example_dags/tutorial.py
[2025-06-16T14:05:31.062+0000] {processor.py:925} INFO - DAG(s) 'tutorial' retrieved from /home/airflow/.local/lib/python3.12/site-packages/airflow/example_dags/tutorial.py
[2025-06-16T14:05:31.085+0000] {logging_mixin.py:190} INFO - [2025-06-16T14:05:31.085+0000] {dag.py:3239} INFO - Sync 1 DAGs
[2025-06-16T14:05:31.115+0000] {logging_mixin.py:190} INFO - [2025-06-16T14:05:31.114+0000] {dag.py:4180} INFO - Setting next_dagrun for tutorial to 2025-06-15 00:00:00+00:00, run_after=2025-06-16 00:00:00+00:00
[2025-06-16T14:05:31.137+0000] {processor.py:208} INFO - Processing /home/airflow/.local/lib/python3.12/site-packages/airflow/example_dags/tutorial.py took 0.089 seconds
[2025-06-16T14:06:01.915+0000] {processor.py:186} INFO - Started process (PID=622) to work on /home/airflow/.local/lib/python3.12/site-packages/airflow/example_dags/tutorial.py
[2025-06-16T14:06:01.916+0000] {processor.py:914} INFO - Processing file /home/airflow/.local/lib/python3.12/site-packages/airflow/example_dags/tutorial.py for tasks to queue
[2025-06-16T14:06:01.918+0000] {logging_mixin.py:190} INFO - [2025-06-16T14:06:01.917+0000] {dagbag.py:588} INFO - Filling up the DagBag from /home/airflow/.local/lib/python3.12/site-packages/airflow/example_dags/tutorial.py
[2025-06-16T14:06:01.924+0000] {processor.py:925} INFO - DAG(s) 'tutorial' retrieved from /home/airflow/.local/lib/python3.12/site-packages/airflow/example_dags/tutorial.py
[2025-06-16T14:06:01.940+0000] {logging_mixin.py:190} INFO - [2025-06-16T14:06:01.940+0000] {dag.py:3239} INFO - Sync 1 DAGs
[2025-06-16T14:06:01.956+0000] {logging_mixin.py:190} INFO - [2025-06-16T14:06:01.955+0000] {dag.py:4180} INFO - Setting next_dagrun for tutorial to 2025-06-15 00:00:00+00:00, run_after=2025-06-16 00:00:00+00:00
[2025-06-16T14:06:01.967+0000] {processor.py:208} INFO - Processing /home/airflow/.local/lib/python3.12/site-packages/airflow/example_dags/tutorial.py took 0.056 seconds
[2025-06-16T14:06:32.639+0000] {processor.py:186} INFO - Started process (PID=685) to work on /home/airflow/.local/lib/python3.12/site-packages/airflow/example_dags/tutorial.py
[2025-06-16T14:06:32.641+0000] {processor.py:914} INFO - Processing file /home/airflow/.local/lib/python3.12/site-packages/airflow/example_dags/tutorial.py for tasks to queue
[2025-06-16T14:06:32.643+0000] {logging_mixin.py:190} INFO - [2025-06-16T14:06:32.642+0000] {dagbag.py:588} INFO - Filling up the DagBag from /home/airflow/.local/lib/python3.12/site-packages/airflow/example_dags/tutorial.py
[2025-06-16T14:06:32.649+0000] {processor.py:925} INFO - DAG(s) 'tutorial' retrieved from /home/airflow/.local/lib/python3.12/site-packages/airflow/example_dags/tutorial.py
[2025-06-16T14:06:32.665+0000] {logging_mixin.py:190} INFO - [2025-06-16T14:06:32.665+0000] {dag.py:3239} INFO - Sync 1 DAGs
[2025-06-16T14:06:32.678+0000] {logging_mixin.py:190} INFO - [2025-06-16T14:06:32.678+0000] {dag.py:4180} INFO - Setting next_dagrun for tutorial to 2025-06-15 00:00:00+00:00, run_after=2025-06-16 00:00:00+00:00
[2025-06-16T14:06:32.689+0000] {processor.py:208} INFO - Processing /home/airflow/.local/lib/python3.12/site-packages/airflow/example_dags/tutorial.py took 0.053 seconds
[2025-06-16T14:07:03.671+0000] {processor.py:186} INFO - Started process (PID=748) to work on /home/airflow/.local/lib/python3.12/site-packages/airflow/example_dags/tutorial.py
[2025-06-16T14:07:03.674+0000] {processor.py:914} INFO - Processing file /home/airflow/.local/lib/python3.12/site-packages/airflow/example_dags/tutorial.py for tasks to queue
[2025-06-16T14:07:03.677+0000] {logging_mixin.py:190} INFO - [2025-06-16T14:07:03.676+0000] {dagbag.py:588} INFO - Filling up the DagBag from /home/airflow/.local/lib/python3.12/site-packages/airflow/example_dags/tutorial.py
[2025-06-16T14:07:03.682+0000] {processor.py:925} INFO - DAG(s) 'tutorial' retrieved from /home/airflow/.local/lib/python3.12/site-packages/airflow/example_dags/tutorial.py
[2025-06-16T14:07:03.698+0000] {logging_mixin.py:190} INFO - [2025-06-16T14:07:03.698+0000] {dag.py:3239} INFO - Sync 1 DAGs
[2025-06-16T14:07:03.715+0000] {logging_mixin.py:190} INFO - [2025-06-16T14:07:03.715+0000] {dag.py:4180} INFO - Setting next_dagrun for tutorial to 2025-06-15 00:00:00+00:00, run_after=2025-06-16 00:00:00+00:00
[2025-06-16T14:07:03.733+0000] {processor.py:208} INFO - Processing /home/airflow/.local/lib/python3.12/site-packages/airflow/example_dags/tutorial.py took 0.065 seconds
[2025-06-16T14:07:34.486+0000] {processor.py:186} INFO - Started process (PID=810) to work on /home/airflow/.local/lib/python3.12/site-packages/airflow/example_dags/tutorial.py
[2025-06-16T14:07:34.488+0000] {processor.py:914} INFO - Processing file /home/airflow/.local/lib/python3.12/site-packages/airflow/example_dags/tutorial.py for tasks to queue
[2025-06-16T14:07:34.490+0000] {logging_mixin.py:190} INFO - [2025-06-16T14:07:34.490+0000] {dagbag.py:588} INFO - Filling up the DagBag from /home/airflow/.local/lib/python3.12/site-packages/airflow/example_dags/tutorial.py
[2025-06-16T14:07:34.496+0000] {processor.py:925} INFO - DAG(s) 'tutorial' retrieved from /home/airflow/.local/lib/python3.12/site-packages/airflow/example_dags/tutorial.py
[2025-06-16T14:07:34.515+0000] {logging_mixin.py:190} INFO - [2025-06-16T14:07:34.515+0000] {dag.py:3239} INFO - Sync 1 DAGs
[2025-06-16T14:07:34.532+0000] {logging_mixin.py:190} INFO - [2025-06-16T14:07:34.532+0000] {dag.py:4180} INFO - Setting next_dagrun for tutorial to 2025-06-15 00:00:00+00:00, run_after=2025-06-16 00:00:00+00:00
[2025-06-16T14:07:34.563+0000] {processor.py:208} INFO - Processing /home/airflow/.local/lib/python3.12/site-packages/airflow/example_dags/tutorial.py took 0.081 seconds
[2025-06-16T14:08:05.735+0000] {processor.py:186} INFO - Started process (PID=872) to work on /home/airflow/.local/lib/python3.12/site-packages/airflow/example_dags/tutorial.py
[2025-06-16T14:08:05.738+0000] {processor.py:914} INFO - Processing file /home/airflow/.local/lib/python3.12/site-packages/airflow/example_dags/tutorial.py for tasks to queue
[2025-06-16T14:08:05.740+0000] {logging_mixin.py:190} INFO - [2025-06-16T14:08:05.740+0000] {dagbag.py:588} INFO - Filling up the DagBag from /home/airflow/.local/lib/python3.12/site-packages/airflow/example_dags/tutorial.py
[2025-06-16T14:08:05.745+0000] {processor.py:925} INFO - DAG(s) 'tutorial' retrieved from /home/airflow/.local/lib/python3.12/site-packages/airflow/example_dags/tutorial.py
[2025-06-16T14:08:05.759+0000] {logging_mixin.py:190} INFO - [2025-06-16T14:08:05.759+0000] {dag.py:3239} INFO - Sync 1 DAGs
[2025-06-16T14:08:05.774+0000] {logging_mixin.py:190} INFO - [2025-06-16T14:08:05.774+0000] {dag.py:4180} INFO - Setting next_dagrun for tutorial to 2025-06-15 00:00:00+00:00, run_after=2025-06-16 00:00:00+00:00
[2025-06-16T14:08:05.792+0000] {processor.py:208} INFO - Processing /home/airflow/.local/lib/python3.12/site-packages/airflow/example_dags/tutorial.py took 0.060 seconds
[2025-06-16T14:08:36.697+0000] {processor.py:186} INFO - Started process (PID=935) to work on /home/airflow/.local/lib/python3.12/site-packages/airflow/example_dags/tutorial.py
[2025-06-16T14:08:36.698+0000] {processor.py:914} INFO - Processing file /home/airflow/.local/lib/python3.12/site-packages/airflow/example_dags/tutorial.py for tasks to queue
[2025-06-16T14:08:36.700+0000] {logging_mixin.py:190} INFO - [2025-06-16T14:08:36.700+0000] {dagbag.py:588} INFO - Filling up the DagBag from /home/airflow/.local/lib/python3.12/site-packages/airflow/example_dags/tutorial.py
[2025-06-16T14:08:36.705+0000] {processor.py:925} INFO - DAG(s) 'tutorial' retrieved from /home/airflow/.local/lib/python3.12/site-packages/airflow/example_dags/tutorial.py
[2025-06-16T14:08:36.716+0000] {logging_mixin.py:190} INFO - [2025-06-16T14:08:36.716+0000] {dag.py:3239} INFO - Sync 1 DAGs
[2025-06-16T14:08:36.729+0000] {logging_mixin.py:190} INFO - [2025-06-16T14:08:36.729+0000] {dag.py:4180} INFO - Setting next_dagrun for tutorial to 2025-06-15 00:00:00+00:00, run_after=2025-06-16 00:00:00+00:00
[2025-06-16T14:08:36.739+0000] {processor.py:208} INFO - Processing /home/airflow/.local/lib/python3.12/site-packages/airflow/example_dags/tutorial.py took 0.045 seconds
[2025-06-16T14:09:08.082+0000] {processor.py:186} INFO - Started process (PID=998) to work on /home/airflow/.local/lib/python3.12/site-packages/airflow/example_dags/tutorial.py
[2025-06-16T14:09:08.084+0000] {processor.py:914} INFO - Processing file /home/airflow/.local/lib/python3.12/site-packages/airflow/example_dags/tutorial.py for tasks to queue
[2025-06-16T14:09:08.086+0000] {logging_mixin.py:190} INFO - [2025-06-16T14:09:08.086+0000] {dagbag.py:588} INFO - Filling up the DagBag from /home/airflow/.local/lib/python3.12/site-packages/airflow/example_dags/tutorial.py
[2025-06-16T14:09:08.091+0000] {processor.py:925} INFO - DAG(s) 'tutorial' retrieved from /home/airflow/.local/lib/python3.12/site-packages/airflow/example_dags/tutorial.py
[2025-06-16T14:09:08.105+0000] {logging_mixin.py:190} INFO - [2025-06-16T14:09:08.105+0000] {dag.py:3239} INFO - Sync 1 DAGs
[2025-06-16T14:09:08.121+0000] {logging_mixin.py:190} INFO - [2025-06-16T14:09:08.121+0000] {dag.py:4180} INFO - Setting next_dagrun for tutorial to 2025-06-15 00:00:00+00:00, run_after=2025-06-16 00:00:00+00:00
[2025-06-16T14:09:08.132+0000] {processor.py:208} INFO - Processing /home/airflow/.local/lib/python3.12/site-packages/airflow/example_dags/tutorial.py took 0.053 seconds
[2025-06-16T14:09:38.742+0000] {processor.py:186} INFO - Started process (PID=1061) to work on /home/airflow/.local/lib/python3.12/site-packages/airflow/example_dags/tutorial.py
[2025-06-16T14:09:38.744+0000] {processor.py:914} INFO - Processing file /home/airflow/.local/lib/python3.12/site-packages/airflow/example_dags/tutorial.py for tasks to queue
[2025-06-16T14:09:38.747+0000] {logging_mixin.py:190} INFO - [2025-06-16T14:09:38.746+0000] {dagbag.py:588} INFO - Filling up the DagBag from /home/airflow/.local/lib/python3.12/site-packages/airflow/example_dags/tutorial.py
[2025-06-16T14:09:38.753+0000] {processor.py:925} INFO - DAG(s) 'tutorial' retrieved from /home/airflow/.local/lib/python3.12/site-packages/airflow/example_dags/tutorial.py
[2025-06-16T14:09:38.767+0000] {logging_mixin.py:190} INFO - [2025-06-16T14:09:38.767+0000] {dag.py:3239} INFO - Sync 1 DAGs
[2025-06-16T14:09:38.785+0000] {logging_mixin.py:190} INFO - [2025-06-16T14:09:38.785+0000] {dag.py:4180} INFO - Setting next_dagrun for tutorial to 2025-06-15 00:00:00+00:00, run_after=2025-06-16 00:00:00+00:00
[2025-06-16T14:09:38.798+0000] {processor.py:208} INFO - Processing /home/airflow/.local/lib/python3.12/site-packages/airflow/example_dags/tutorial.py took 0.060 seconds
[2025-06-16T14:10:51.340+0000] {processor.py:186} INFO - Started process (PID=1124) to work on /home/airflow/.local/lib/python3.12/site-packages/airflow/example_dags/tutorial.py
[2025-06-16T14:10:51.342+0000] {processor.py:914} INFO - Processing file /home/airflow/.local/lib/python3.12/site-packages/airflow/example_dags/tutorial.py for tasks to queue
[2025-06-16T14:10:51.343+0000] {logging_mixin.py:190} INFO - [2025-06-16T14:10:51.343+0000] {dagbag.py:588} INFO - Filling up the DagBag from /home/airflow/.local/lib/python3.12/site-packages/airflow/example_dags/tutorial.py
[2025-06-16T14:10:51.351+0000] {processor.py:925} INFO - DAG(s) 'tutorial' retrieved from /home/airflow/.local/lib/python3.12/site-packages/airflow/example_dags/tutorial.py
[2025-06-16T14:10:51.363+0000] {logging_mixin.py:190} INFO - [2025-06-16T14:10:51.363+0000] {dag.py:3239} INFO - Sync 1 DAGs
[2025-06-16T14:10:51.379+0000] {logging_mixin.py:190} INFO - [2025-06-16T14:10:51.379+0000] {dag.py:4180} INFO - Setting next_dagrun for tutorial to 2025-06-15 00:00:00+00:00, run_after=2025-06-16 00:00:00+00:00
[2025-06-16T14:10:51.392+0000] {processor.py:208} INFO - Processing /home/airflow/.local/lib/python3.12/site-packages/airflow/example_dags/tutorial.py took 0.055 seconds
[2025-06-16T14:11:41.647+0000] {processor.py:186} INFO - Started process (PID=1187) to work on /home/airflow/.local/lib/python3.12/site-packages/airflow/example_dags/tutorial.py
[2025-06-16T14:11:41.650+0000] {processor.py:914} INFO - Processing file /home/airflow/.local/lib/python3.12/site-packages/airflow/example_dags/tutorial.py for tasks to queue
[2025-06-16T14:11:41.654+0000] {logging_mixin.py:190} INFO - [2025-06-16T14:11:41.654+0000] {dagbag.py:588} INFO - Filling up the DagBag from /home/airflow/.local/lib/python3.12/site-packages/airflow/example_dags/tutorial.py
[2025-06-16T14:11:41.669+0000] {processor.py:925} INFO - DAG(s) 'tutorial' retrieved from /home/airflow/.local/lib/python3.12/site-packages/airflow/example_dags/tutorial.py
[2025-06-16T14:11:41.706+0000] {logging_mixin.py:190} INFO - [2025-06-16T14:11:41.705+0000] {dag.py:3239} INFO - Sync 1 DAGs
[2025-06-16T14:11:41.739+0000] {logging_mixin.py:190} INFO - [2025-06-16T14:11:41.738+0000] {dag.py:4180} INFO - Setting next_dagrun for tutorial to 2025-06-15 00:00:00+00:00, run_after=2025-06-16 00:00:00+00:00
[2025-06-16T14:11:41.800+0000] {processor.py:208} INFO - Processing /home/airflow/.local/lib/python3.12/site-packages/airflow/example_dags/tutorial.py took 0.161 seconds
[2025-06-16T14:12:12.486+0000] {processor.py:186} INFO - Started process (PID=1250) to work on /home/airflow/.local/lib/python3.12/site-packages/airflow/example_dags/tutorial.py
[2025-06-16T14:12:12.489+0000] {processor.py:914} INFO - Processing file /home/airflow/.local/lib/python3.12/site-packages/airflow/example_dags/tutorial.py for tasks to queue
[2025-06-16T14:12:12.491+0000] {logging_mixin.py:190} INFO - [2025-06-16T14:12:12.491+0000] {dagbag.py:588} INFO - Filling up the DagBag from /home/airflow/.local/lib/python3.12/site-packages/airflow/example_dags/tutorial.py
[2025-06-16T14:12:12.498+0000] {processor.py:925} INFO - DAG(s) 'tutorial' retrieved from /home/airflow/.local/lib/python3.12/site-packages/airflow/example_dags/tutorial.py
[2025-06-16T14:12:12.518+0000] {logging_mixin.py:190} INFO - [2025-06-16T14:12:12.518+0000] {dag.py:3239} INFO - Sync 1 DAGs
[2025-06-16T14:12:12.534+0000] {logging_mixin.py:190} INFO - [2025-06-16T14:12:12.534+0000] {dag.py:4180} INFO - Setting next_dagrun for tutorial to 2025-06-15 00:00:00+00:00, run_after=2025-06-16 00:00:00+00:00
[2025-06-16T14:12:12.545+0000] {processor.py:208} INFO - Processing /home/airflow/.local/lib/python3.12/site-packages/airflow/example_dags/tutorial.py took 0.071 seconds
[2025-06-16T14:12:43.298+0000] {processor.py:186} INFO - Started process (PID=1313) to work on /home/airflow/.local/lib/python3.12/site-packages/airflow/example_dags/tutorial.py
[2025-06-16T14:12:43.299+0000] {processor.py:914} INFO - Processing file /home/airflow/.local/lib/python3.12/site-packages/airflow/example_dags/tutorial.py for tasks to queue
[2025-06-16T14:12:43.302+0000] {logging_mixin.py:190} INFO - [2025-06-16T14:12:43.302+0000] {dagbag.py:588} INFO - Filling up the DagBag from /home/airflow/.local/lib/python3.12/site-packages/airflow/example_dags/tutorial.py
[2025-06-16T14:12:43.308+0000] {processor.py:925} INFO - DAG(s) 'tutorial' retrieved from /home/airflow/.local/lib/python3.12/site-packages/airflow/example_dags/tutorial.py
[2025-06-16T14:12:43.320+0000] {logging_mixin.py:190} INFO - [2025-06-16T14:12:43.320+0000] {dag.py:3239} INFO - Sync 1 DAGs
[2025-06-16T14:12:43.333+0000] {logging_mixin.py:190} INFO - [2025-06-16T14:12:43.333+0000] {dag.py:4180} INFO - Setting next_dagrun for tutorial to 2025-06-15 00:00:00+00:00, run_after=2025-06-16 00:00:00+00:00
[2025-06-16T14:12:43.345+0000] {processor.py:208} INFO - Processing /home/airflow/.local/lib/python3.12/site-packages/airflow/example_dags/tutorial.py took 0.051 seconds
[2025-06-16T14:13:13.932+0000] {processor.py:186} INFO - Started process (PID=1376) to work on /home/airflow/.local/lib/python3.12/site-packages/airflow/example_dags/tutorial.py
[2025-06-16T14:13:13.933+0000] {processor.py:914} INFO - Processing file /home/airflow/.local/lib/python3.12/site-packages/airflow/example_dags/tutorial.py for tasks to queue
[2025-06-16T14:13:13.936+0000] {logging_mixin.py:190} INFO - [2025-06-16T14:13:13.936+0000] {dagbag.py:588} INFO - Filling up the DagBag from /home/airflow/.local/lib/python3.12/site-packages/airflow/example_dags/tutorial.py
[2025-06-16T14:13:13.942+0000] {processor.py:925} INFO - DAG(s) 'tutorial' retrieved from /home/airflow/.local/lib/python3.12/site-packages/airflow/example_dags/tutorial.py
[2025-06-16T14:13:13.955+0000] {logging_mixin.py:190} INFO - [2025-06-16T14:13:13.955+0000] {dag.py:3239} INFO - Sync 1 DAGs
[2025-06-16T14:13:13.968+0000] {logging_mixin.py:190} INFO - [2025-06-16T14:13:13.968+0000] {dag.py:4180} INFO - Setting next_dagrun for tutorial to 2025-06-15 00:00:00+00:00, run_after=2025-06-16 00:00:00+00:00
[2025-06-16T14:13:13.979+0000] {processor.py:208} INFO - Processing /home/airflow/.local/lib/python3.12/site-packages/airflow/example_dags/tutorial.py took 0.051 seconds
[2025-06-16T14:13:44.626+0000] {processor.py:186} INFO - Started process (PID=1439) to work on /home/airflow/.local/lib/python3.12/site-packages/airflow/example_dags/tutorial.py
[2025-06-16T14:13:44.628+0000] {processor.py:914} INFO - Processing file /home/airflow/.local/lib/python3.12/site-packages/airflow/example_dags/tutorial.py for tasks to queue
[2025-06-16T14:13:44.631+0000] {logging_mixin.py:190} INFO - [2025-06-16T14:13:44.630+0000] {dagbag.py:588} INFO - Filling up the DagBag from /home/airflow/.local/lib/python3.12/site-packages/airflow/example_dags/tutorial.py
[2025-06-16T14:13:44.636+0000] {processor.py:925} INFO - DAG(s) 'tutorial' retrieved from /home/airflow/.local/lib/python3.12/site-packages/airflow/example_dags/tutorial.py
[2025-06-16T14:13:44.648+0000] {logging_mixin.py:190} INFO - [2025-06-16T14:13:44.648+0000] {dag.py:3239} INFO - Sync 1 DAGs
[2025-06-16T14:13:44.664+0000] {logging_mixin.py:190} INFO - [2025-06-16T14:13:44.664+0000] {dag.py:4180} INFO - Setting next_dagrun for tutorial to 2025-06-15 00:00:00+00:00, run_after=2025-06-16 00:00:00+00:00
[2025-06-16T14:13:44.679+0000] {processor.py:208} INFO - Processing /home/airflow/.local/lib/python3.12/site-packages/airflow/example_dags/tutorial.py took 0.057 seconds
[2025-06-16T14:14:15.173+0000] {processor.py:186} INFO - Started process (PID=1502) to work on /home/airflow/.local/lib/python3.12/site-packages/airflow/example_dags/tutorial.py
[2025-06-16T14:14:15.175+0000] {processor.py:914} INFO - Processing file /home/airflow/.local/lib/python3.12/site-packages/airflow/example_dags/tutorial.py for tasks to queue
[2025-06-16T14:14:15.178+0000] {logging_mixin.py:190} INFO - [2025-06-16T14:14:15.178+0000] {dagbag.py:588} INFO - Filling up the DagBag from /home/airflow/.local/lib/python3.12/site-packages/airflow/example_dags/tutorial.py
[2025-06-16T14:14:15.185+0000] {processor.py:925} INFO - DAG(s) 'tutorial' retrieved from /home/airflow/.local/lib/python3.12/site-packages/airflow/example_dags/tutorial.py
[2025-06-16T14:14:15.202+0000] {logging_mixin.py:190} INFO - [2025-06-16T14:14:15.202+0000] {dag.py:3239} INFO - Sync 1 DAGs
[2025-06-16T14:14:15.220+0000] {logging_mixin.py:190} INFO - [2025-06-16T14:14:15.219+0000] {dag.py:4180} INFO - Setting next_dagrun for tutorial to 2025-06-15 00:00:00+00:00, run_after=2025-06-16 00:00:00+00:00
[2025-06-16T14:14:15.235+0000] {processor.py:208} INFO - Processing /home/airflow/.local/lib/python3.12/site-packages/airflow/example_dags/tutorial.py took 0.065 seconds
[2025-06-16T15:07:19.048+0000] {processor.py:186} INFO - Started process (PID=1565) to work on /home/airflow/.local/lib/python3.12/site-packages/airflow/example_dags/tutorial.py
[2025-06-16T15:07:19.049+0000] {processor.py:914} INFO - Processing file /home/airflow/.local/lib/python3.12/site-packages/airflow/example_dags/tutorial.py for tasks to queue
[2025-06-16T15:07:19.051+0000] {logging_mixin.py:190} INFO - [2025-06-16T15:07:19.051+0000] {dagbag.py:588} INFO - Filling up the DagBag from /home/airflow/.local/lib/python3.12/site-packages/airflow/example_dags/tutorial.py
[2025-06-16T15:07:19.058+0000] {processor.py:925} INFO - DAG(s) 'tutorial' retrieved from /home/airflow/.local/lib/python3.12/site-packages/airflow/example_dags/tutorial.py
[2025-06-16T15:07:19.073+0000] {logging_mixin.py:190} INFO - [2025-06-16T15:07:19.073+0000] {dag.py:3239} INFO - Sync 1 DAGs
[2025-06-16T15:07:19.089+0000] {logging_mixin.py:190} INFO - [2025-06-16T15:07:19.089+0000] {dag.py:4180} INFO - Setting next_dagrun for tutorial to 2025-06-15 00:00:00+00:00, run_after=2025-06-16 00:00:00+00:00
[2025-06-16T15:07:19.104+0000] {processor.py:208} INFO - Processing /home/airflow/.local/lib/python3.12/site-packages/airflow/example_dags/tutorial.py took 0.059 seconds
[2025-06-16T15:57:51.537+0000] {processor.py:186} INFO - Started process (PID=1628) to work on /home/airflow/.local/lib/python3.12/site-packages/airflow/example_dags/tutorial.py
[2025-06-16T15:57:51.539+0000] {processor.py:914} INFO - Processing file /home/airflow/.local/lib/python3.12/site-packages/airflow/example_dags/tutorial.py for tasks to queue
[2025-06-16T15:57:51.542+0000] {logging_mixin.py:190} INFO - [2025-06-16T15:57:51.541+0000] {dagbag.py:588} INFO - Filling up the DagBag from /home/airflow/.local/lib/python3.12/site-packages/airflow/example_dags/tutorial.py
[2025-06-16T15:57:51.550+0000] {processor.py:925} INFO - DAG(s) 'tutorial' retrieved from /home/airflow/.local/lib/python3.12/site-packages/airflow/example_dags/tutorial.py
[2025-06-16T15:57:51.567+0000] {logging_mixin.py:190} INFO - [2025-06-16T15:57:51.567+0000] {dag.py:3239} INFO - Sync 1 DAGs
[2025-06-16T15:57:51.586+0000] {logging_mixin.py:190} INFO - [2025-06-16T15:57:51.586+0000] {dag.py:4180} INFO - Setting next_dagrun for tutorial to 2025-06-15 00:00:00+00:00, run_after=2025-06-16 00:00:00+00:00
[2025-06-16T15:57:51.599+0000] {processor.py:208} INFO - Processing /home/airflow/.local/lib/python3.12/site-packages/airflow/example_dags/tutorial.py took 0.070 seconds
[2025-06-16T17:08:57.669+0000] {processor.py:186} INFO - Started process (PID=1692) to work on /home/airflow/.local/lib/python3.12/site-packages/airflow/example_dags/tutorial.py
[2025-06-16T17:08:57.677+0000] {processor.py:914} INFO - Processing file /home/airflow/.local/lib/python3.12/site-packages/airflow/example_dags/tutorial.py for tasks to queue
[2025-06-16T17:08:57.686+0000] {logging_mixin.py:190} INFO - [2025-06-16T17:08:57.686+0000] {dagbag.py:588} INFO - Filling up the DagBag from /home/airflow/.local/lib/python3.12/site-packages/airflow/example_dags/tutorial.py
[2025-06-16T17:08:57.712+0000] {processor.py:925} INFO - DAG(s) 'tutorial' retrieved from /home/airflow/.local/lib/python3.12/site-packages/airflow/example_dags/tutorial.py
[2025-06-16T17:08:57.749+0000] {logging_mixin.py:190} INFO - [2025-06-16T17:08:57.749+0000] {dag.py:3239} INFO - Sync 1 DAGs
[2025-06-16T17:08:57.774+0000] {logging_mixin.py:190} INFO - [2025-06-16T17:08:57.773+0000] {dag.py:4180} INFO - Setting next_dagrun for tutorial to 2025-06-15 00:00:00+00:00, run_after=2025-06-16 00:00:00+00:00
[2025-06-16T17:08:57.797+0000] {processor.py:208} INFO - Processing /home/airflow/.local/lib/python3.12/site-packages/airflow/example_dags/tutorial.py took 0.152 seconds
[2025-06-16T18:08:30.622+0000] {processor.py:186} INFO - Started process (PID=1755) to work on /home/airflow/.local/lib/python3.12/site-packages/airflow/example_dags/tutorial.py
[2025-06-16T18:08:30.624+0000] {processor.py:914} INFO - Processing file /home/airflow/.local/lib/python3.12/site-packages/airflow/example_dags/tutorial.py for tasks to queue
[2025-06-16T18:08:30.630+0000] {logging_mixin.py:190} INFO - [2025-06-16T18:08:30.629+0000] {dagbag.py:588} INFO - Filling up the DagBag from /home/airflow/.local/lib/python3.12/site-packages/airflow/example_dags/tutorial.py
[2025-06-16T18:08:30.644+0000] {processor.py:925} INFO - DAG(s) 'tutorial' retrieved from /home/airflow/.local/lib/python3.12/site-packages/airflow/example_dags/tutorial.py
[2025-06-16T18:08:30.683+0000] {logging_mixin.py:190} INFO - [2025-06-16T18:08:30.683+0000] {dag.py:3239} INFO - Sync 1 DAGs
[2025-06-16T18:08:30.983+0000] {logging_mixin.py:190} INFO - [2025-06-16T18:08:30.983+0000] {dag.py:4180} INFO - Setting next_dagrun for tutorial to 2025-06-15 00:00:00+00:00, run_after=2025-06-16 00:00:00+00:00
[2025-06-16T18:08:31.412+0000] {processor.py:208} INFO - Processing /home/airflow/.local/lib/python3.12/site-packages/airflow/example_dags/tutorial.py took 0.774 seconds
[2025-06-16T23:58:45.696+0000] {processor.py:186} INFO - Started process (PID=1824) to work on /home/airflow/.local/lib/python3.12/site-packages/airflow/example_dags/tutorial.py
[2025-06-16T23:58:45.704+0000] {processor.py:914} INFO - Processing file /home/airflow/.local/lib/python3.12/site-packages/airflow/example_dags/tutorial.py for tasks to queue
[2025-06-16T23:58:45.711+0000] {logging_mixin.py:190} INFO - [2025-06-16T23:58:45.710+0000] {dagbag.py:588} INFO - Filling up the DagBag from /home/airflow/.local/lib/python3.12/site-packages/airflow/example_dags/tutorial.py
[2025-06-16T23:58:45.725+0000] {processor.py:925} INFO - DAG(s) 'tutorial' retrieved from /home/airflow/.local/lib/python3.12/site-packages/airflow/example_dags/tutorial.py
[2025-06-16T23:58:45.759+0000] {logging_mixin.py:190} INFO - [2025-06-16T23:58:45.759+0000] {dag.py:3239} INFO - Sync 1 DAGs
[2025-06-16T23:58:45.782+0000] {logging_mixin.py:190} INFO - [2025-06-16T23:58:45.782+0000] {dag.py:4180} INFO - Setting next_dagrun for tutorial to 2025-06-15 00:00:00+00:00, run_after=2025-06-16 00:00:00+00:00
[2025-06-16T23:58:45.814+0000] {processor.py:208} INFO - Processing /home/airflow/.local/lib/python3.12/site-packages/airflow/example_dags/tutorial.py took 0.130 seconds
